2026/04/24 07:10:57 telemetry disabled: AEGEAN_DISABLE_TRACING=1

         /\      Grafana   /‾‾/  
    /\  /  \     |\  __   /  /   
   /  \/    \    | |/ /  /   ‾‾\ 
  /          \   |   (  |  (‾)  |
 / __________ \  |_|\_\  \_____/ 

     execution: local
        script: workflow/hotel/k6_open_recommendations_client.js
        output: -

     scenarios: (100.00%) 1 scenario, 10000 max VUs, 45s max duration (incl. graceful stop):
              * default: 200.00 iterations/s for 15s (maxVUs: 0-10000, gracefulStop: 30s)


running (01.0s), 00000/00002 VUs, 197 complete and 0 interrupted iterations
default   [   7% ] 00001/00002 VUs  01.0s/15s  200.00 iters/s

running (02.0s), 00000/00002 VUs, 397 complete and 0 interrupted iterations
default   [  13% ] 00000/00002 VUs  02.0s/15s  200.00 iters/s

running (03.0s), 00000/00003 VUs, 596 complete and 0 interrupted iterations
default   [  20% ] 00000/00003 VUs  03.0s/15s  200.00 iters/s

running (04.0s), 00001/00003 VUs, 796 complete and 0 interrupted iterations
default   [  27% ] 00001/00003 VUs  04.0s/15s  200.00 iters/s

running (05.0s), 00001/00004 VUs, 995 complete and 0 interrupted iterations
default   [  33% ] 00001/00004 VUs  05.0s/15s  200.00 iters/s

running (06.0s), 00000/00005 VUs, 1194 complete and 0 interrupted iterations
default   [  40% ] 00000/00005 VUs  06.0s/15s  200.00 iters/s

running (07.0s), 00001/00005 VUs, 1394 complete and 0 interrupted iterations
default   [  47% ] 00001/00005 VUs  07.0s/15s  200.00 iters/s

running (08.0s), 00001/00005 VUs, 1594 complete and 0 interrupted iterations
default   [  53% ] 00001/00005 VUs  08.0s/15s  200.00 iters/s

running (09.0s), 00001/00005 VUs, 1794 complete and 0 interrupted iterations
default   [  60% ] 00001/00005 VUs  09.0s/15s  200.00 iters/s

running (10.0s), 00001/00005 VUs, 1994 complete and 0 interrupted iterations
default   [  67% ] 00001/00005 VUs  10.0s/15s  200.00 iters/s

running (11.0s), 00000/00006 VUs, 2189 complete and 0 interrupted iterations
default   [  73% ] 00000/00006 VUs  11.0s/15s  200.00 iters/s

running (12.0s), 00001/00006 VUs, 2389 complete and 0 interrupted iterations
default   [  80% ] 00001/00006 VUs  12.0s/15s  200.00 iters/s

running (13.0s), 00001/00006 VUs, 2589 complete and 0 interrupted iterations
default   [  87% ] 00001/00006 VUs  13.0s/15s  200.00 iters/s

running (14.0s), 00001/00006 VUs, 2789 complete and 0 interrupted iterations
default   [  93% ] 00001/00006 VUs  14.0s/15s  200.00 iters/s

running (15.0s), 00000/00006 VUs, 2989 complete and 0 interrupted iterations
default   [ 100% ] 00000/00006 VUs  15s  200.00 iters/s


  █ TOTAL RESULTS 

    HTTP
    http_req_duration..............: avg=1.83ms min=503.08µs med=1.71ms max=45.92ms p(90)=2.37ms p(95)=2.77ms
      { expected_response:true }...: avg=1.83ms min=503.08µs med=1.71ms max=45.92ms p(90)=2.37ms p(95)=2.77ms
    http_req_failed................: 0.00%  0 out of 2989
    http_reqs......................: 2989   199.259571/s

    EXECUTION
    dropped_iterations.............: 11     0.733307/s
    iteration_duration.............: avg=2ms    min=533.95µs med=1.89ms max=46.08ms p(90)=2.6ms  p(95)=3.02ms
    iterations.....................: 2989   199.259571/s
    vus............................: 0      min=0         max=1
    vus_max........................: 6      min=2         max=6

    NETWORK
    data_received..................: 2.0 MB 132 kB/s
    data_sent......................: 852 kB 57 kB/s




running (15.0s), 00000/00006 VUs, 2989 complete and 0 interrupted iterations
default ✓ [ 100% ] 00000/00006 VUs  15s  200.00 iters/s
