2026/05/05 06:24:41 telemetry disabled: AEGEAN_DISABLE_TRACING=1

         /\      Grafana   /‾‾/  
    /\  /  \     |\  __   /  /   
   /  \/    \    | |/ /  /   ‾‾\ 
  /          \   |   (  |  (‾)  |
 / __________ \  |_|\_\  \_____/ 

     execution: local
        script: workflow/aegean/k6_open_client.js
        output: -

     scenarios: (100.00%) 1 scenario, 10000 max VUs, 45s max duration (incl. graceful stop):
              * default: 1200.00 iterations/s for 15s (maxVUs: 0-10000, gracefulStop: 30s)


running (01.0s), 00015/00020 VUs, 1158 complete and 0 interrupted iterations
default   [   7% ] 00015/00020 VUs  01.0s/15s  1200.00 iters/s

running (02.0s), 00013/00020 VUs, 2359 complete and 0 interrupted iterations
default   [  13% ] 00014/00020 VUs  02.0s/15s  1200.00 iters/s

running (03.0s), 00016/00021 VUs, 3556 complete and 0 interrupted iterations
default   [  20% ] 00016/00021 VUs  03.0s/15s  1200.00 iters/s

running (04.0s), 00017/00021 VUs, 4757 complete and 0 interrupted iterations
default   [  27% ] 00017/00021 VUs  04.0s/15s  1200.00 iters/s

running (05.0s), 00013/00022 VUs, 5958 complete and 0 interrupted iterations
default   [  33% ] 00013/00022 VUs  05.0s/15s  1200.00 iters/s

running (06.0s), 00015/00022 VUs, 7158 complete and 0 interrupted iterations
default   [  40% ] 00015/00022 VUs  06.0s/15s  1200.00 iters/s

running (07.0s), 00015/00022 VUs, 8356 complete and 0 interrupted iterations
default   [  47% ] 00016/00022 VUs  07.0s/15s  1200.00 iters/s

running (08.0s), 00017/00022 VUs, 9555 complete and 0 interrupted iterations
default   [  53% ] 00017/00022 VUs  08.0s/15s  1200.00 iters/s

running (09.0s), 00015/00022 VUs, 10757 complete and 0 interrupted iterations
default   [  60% ] 00015/00022 VUs  09.0s/15s  1200.00 iters/s

running (10.0s), 00016/00028 VUs, 11905 complete and 0 interrupted iterations
default   [  67% ] 00016/00028 VUs  10.0s/15s  1200.00 iters/s

running (11.0s), 00013/00028 VUs, 13106 complete and 0 interrupted iterations
default   [  73% ] 00014/00028 VUs  11.0s/15s  1200.00 iters/s

running (12.0s), 00014/00028 VUs, 14305 complete and 0 interrupted iterations
default   [  80% ] 00015/00028 VUs  12.0s/15s  1200.00 iters/s

running (13.0s), 00015/00028 VUs, 15504 complete and 0 interrupted iterations
default   [  87% ] 00016/00028 VUs  13.0s/15s  1200.00 iters/s

running (14.0s), 00015/00028 VUs, 16704 complete and 0 interrupted iterations
default   [  93% ] 00015/00028 VUs  14.0s/15s  1200.00 iters/s

running (15.0s), 00016/00028 VUs, 17904 complete and 0 interrupted iterations
default ↓ [ 100% ] 00016/00028 VUs  15s  1200.00 iters/s


  █ TOTAL RESULTS 

    HTTP
    http_req_duration..............: avg=12.29ms min=10.38ms med=12.21ms max=62.6ms  p(90)=13.26ms p(95)=13.65ms
      { expected_response:true }...: avg=12.29ms min=10.38ms med=12.21ms max=62.6ms  p(90)=13.26ms p(95)=13.65ms
    http_req_failed................: 0.00%  0 out of 17920
    http_reqs......................: 17920  1193.502265/s

    EXECUTION
    dropped_iterations.............: 81     5.394737/s
    iteration_duration.............: avg=12.38ms min=10.42ms med=12.29ms max=62.69ms p(90)=13.35ms p(95)=13.75ms
    iterations.....................: 17920  1193.502265/s
    vus............................: 13     min=13         max=16
    vus_max........................: 28     min=20         max=28

    NETWORK
    data_received..................: 5.9 MB 392 kB/s
    data_sent......................: 6.7 MB 445 kB/s




running (15.0s), 00000/00028 VUs, 17920 complete and 0 interrupted iterations
default ✓ [ 100% ] 00000/00028 VUs  15s  1200.00 iters/s
