
         /\      Grafana   /‾‾/  
    /\  /  \     |\  __   /  /   
   /  \/    \    | |/ /  /   ‾‾\ 
  /          \   |   (  |  (‾)  |
 / __________ \  |_|\_\  \_____/ 

     execution: local
        script: workflow/social/k6_open_read_home_timeline.js
        output: -

     scenarios: (100.00%) 1 scenario, 10000 max VUs, 15s max duration (incl. graceful stop):
              * default: 1200.00 iterations/s for 15s (maxVUs: 1200-10000)


running (00.9s), 00062/01200 VUs, 1077 complete and 0 interrupted iterations
default   [   6% ] 00063/01200 VUs  00.9s/15s  1200.00 iters/s

running (01.9s), 00042/01200 VUs, 2298 complete and 0 interrupted iterations
default   [  13% ] 00042/01200 VUs  01.9s/15s  1200.00 iters/s

running (03.0s), 00050/01200 VUs, 3490 complete and 0 interrupted iterations
default   [  20% ] 00050/01200 VUs  03.0s/15s  1200.00 iters/s

running (03.9s), 00048/01200 VUs, 4690 complete and 0 interrupted iterations
default   [  26% ] 00049/01200 VUs  03.9s/15s  1200.00 iters/s

running (05.0s), 00051/01200 VUs, 5890 complete and 0 interrupted iterations
default   [  33% ] 00051/01200 VUs  05.0s/15s  1200.00 iters/s

running (05.9s), 00042/01200 VUs, 7098 complete and 0 interrupted iterations
default   [  40% ] 00042/01200 VUs  05.9s/15s  1200.00 iters/s

running (06.9s), 00047/01200 VUs, 8293 complete and 0 interrupted iterations
default   [  46% ] 00047/01200 VUs  06.9s/15s  1200.00 iters/s

running (07.9s), 00049/01200 VUs, 9491 complete and 0 interrupted iterations
default   [  53% ] 00049/01200 VUs  07.9s/15s  1200.00 iters/s

running (08.9s), 00048/01200 VUs, 10690 complete and 0 interrupted iterations
default   [  60% ] 00048/01200 VUs  08.9s/15s  1200.00 iters/s

running (09.9s), 00037/01200 VUs, 11903 complete and 0 interrupted iterations
default   [  66% ] 00037/01200 VUs  09.9s/15s  1200.00 iters/s

running (10.9s), 00052/01200 VUs, 13088 complete and 0 interrupted iterations
default   [  73% ] 00052/01200 VUs  10.9s/15s  1200.00 iters/s

running (11.9s), 00036/01200 VUs, 14304 complete and 0 interrupted iterations
default   [  80% ] 00036/01200 VUs  11.9s/15s  1200.00 iters/s

running (12.9s), 00042/01200 VUs, 15498 complete and 0 interrupted iterations
default   [  86% ] 00042/01200 VUs  12.9s/15s  1200.00 iters/s

running (13.9s), 00040/01200 VUs, 16700 complete and 0 interrupted iterations
default   [  93% ] 00040/01200 VUs  13.9s/15s  1200.00 iters/s

running (14.9s), 00039/01200 VUs, 17900 complete and 0 interrupted iterations
default   [ 100% ] 00039/01200 VUs  14.9s/15s  1200.00 iters/s


  █ TOTAL RESULTS 

    HTTP
    http_req_duration..............: avg=33.94ms min=22.17ms med=33.56ms max=72.55ms p(90)=41ms    p(95)=43.59ms
      { expected_response:true }...: avg=33.94ms min=22.17ms med=33.56ms max=72.55ms p(90)=41ms    p(95)=43.59ms
    http_req_failed................: 0.00%  0 out of 17960
    http_reqs......................: 17960  1197.071077/s

    EXECUTION
    iteration_duration.............: avg=34.2ms  min=22.25ms med=33.72ms max=98.41ms p(90)=41.24ms p(95)=44.08ms
    iterations.....................: 17960  1197.071077/s
    vus............................: 39     min=35         max=62  
    vus_max........................: 1200   min=1200       max=1200

    NETWORK
    data_received..................: 23 MB  1.5 MB/s
    data_sent......................: 4.1 MB 271 kB/s




running (15.0s), 00000/01200 VUs, 17960 complete and 40 interrupted iterations
default ✓ [ 100% ] 00040/01200 VUs  15s  1200.00 iters/s
