2026/04/24 07:36:43 telemetry disabled: AEGEAN_DISABLE_TRACING=1

         /\      Grafana   /‾‾/  
    /\  /  \     |\  __   /  /   
   /  \/    \    | |/ /  /   ‾‾\ 
  /          \   |   (  |  (‾)  |
 / __________ \  |_|\_\  \_____/ 

     execution: local
        script: workflow/media/k6_open_review_compose.js
        output: -

     scenarios: (100.00%) 1 scenario, 10000 max VUs, 45s max duration (incl. graceful stop):
              * default: 100.00 iterations/s for 15s (maxVUs: 0-10000, gracefulStop: 30s)


running (01.0s), 00001/00002 VUs, 97 complete and 0 interrupted iterations
default   [   7% ] 00001/00002 VUs  01.0s/15s  100.00 iters/s

running (02.0s), 00001/00002 VUs, 197 complete and 0 interrupted iterations
default   [  13% ] 00001/00002 VUs  02.0s/15s  100.00 iters/s

running (03.0s), 00000/00002 VUs, 297 complete and 0 interrupted iterations
default   [  20% ] 00000/00002 VUs  03.0s/15s  100.00 iters/s

running (04.0s), 00001/00002 VUs, 397 complete and 0 interrupted iterations
default   [  27% ] 00001/00002 VUs  04.0s/15s  100.00 iters/s

running (05.0s), 00001/00002 VUs, 497 complete and 0 interrupted iterations
default   [  33% ] 00001/00002 VUs  05.0s/15s  100.00 iters/s

running (06.0s), 00001/00002 VUs, 597 complete and 0 interrupted iterations
default   [  40% ] 00001/00002 VUs  06.0s/15s  100.00 iters/s

running (07.0s), 00001/00005 VUs, 693 complete and 0 interrupted iterations
default   [  47% ] 00001/00005 VUs  07.0s/15s  100.00 iters/s

running (08.0s), 00001/00005 VUs, 793 complete and 0 interrupted iterations
default   [  53% ] 00001/00005 VUs  08.0s/15s  100.00 iters/s

running (09.0s), 00001/00005 VUs, 893 complete and 0 interrupted iterations
default   [  60% ] 00001/00005 VUs  09.0s/15s  100.00 iters/s

running (10.0s), 00001/00005 VUs, 993 complete and 0 interrupted iterations
default   [  67% ] 00001/00005 VUs  10.0s/15s  100.00 iters/s

running (11.0s), 00003/00005 VUs, 1091 complete and 0 interrupted iterations
default   [  73% ] 00002/00005 VUs  11.0s/15s  100.00 iters/s

running (12.0s), 00001/00007 VUs, 1187 complete and 0 interrupted iterations
default   [  80% ] 00001/00007 VUs  12.0s/15s  100.00 iters/s

running (13.0s), 00001/00007 VUs, 1287 complete and 0 interrupted iterations
default   [  87% ] 00001/00007 VUs  13.0s/15s  100.00 iters/s

running (14.0s), 00001/00007 VUs, 1387 complete and 0 interrupted iterations
default   [  93% ] 00001/00007 VUs  14.0s/15s  100.00 iters/s

running (15.0s), 00001/00007 VUs, 1487 complete and 0 interrupted iterations
default   [ 100% ] 00001/00007 VUs  15s  100.00 iters/s


  █ TOTAL RESULTS 

    HTTP
    http_req_duration..............: avg=3.62ms min=1.28ms med=2.97ms max=116.96ms p(90)=4.36ms p(95)=6.01ms
      { expected_response:true }...: avg=3.62ms min=1.28ms med=2.97ms max=116.96ms p(90)=4.36ms p(95)=6.01ms
    http_req_failed................: 0.00%  0 out of 1488
    http_reqs......................: 1488   99.164212/s

    EXECUTION
    dropped_iterations.............: 13     0.866354/s
    iteration_duration.............: avg=3.78ms min=1.35ms med=3.1ms  max=117.27ms p(90)=4.56ms p(95)=6.29ms
    iterations.....................: 1488   99.164212/s
    vus............................: 1      min=0         max=3
    vus_max........................: 7      min=2         max=7

    NETWORK
    data_received..................: 356 kB 24 kB/s
    data_sent......................: 828 kB 55 kB/s




running (15.0s), 00000/00007 VUs, 1488 complete and 0 interrupted iterations
default ✓ [ 100% ] 00000/00007 VUs  15s  100.00 iters/s
