2026/05/05 06:19:27 telemetry disabled: AEGEAN_DISABLE_TRACING=1

         /\      Grafana   /‾‾/  
    /\  /  \     |\  __   /  /   
   /  \/    \    | |/ /  /   ‾‾\ 
  /          \   |   (  |  (‾)  |
 / __________ \  |_|\_\  \_____/ 

     execution: local
        script: workflow/aegean/k6_open_client.js
        output: -

     scenarios: (100.00%) 1 scenario, 10000 max VUs, 45s max duration (incl. graceful stop):
              * default: 1000.00 iterations/s for 15s (maxVUs: 0-10000, gracefulStop: 30s)


running (01.0s), 00223/00247 VUs, 394 complete and 0 interrupted iterations
default   [   7% ] 00223/00247 VUs  01.0s/15s  1000.00 iters/s

running (02.0s), 00470/00470 VUs, 823 complete and 0 interrupted iterations
default   [  13% ] 00470/00470 VUs  02.0s/15s  1000.00 iters/s

running (03.0s), 00697/00698 VUs, 1251 complete and 0 interrupted iterations
default   [  20% ] 00697/00698 VUs  03.0s/15s  1000.00 iters/s

running (04.0s), 00922/00928 VUs, 1679 complete and 0 interrupted iterations
default   [  27% ] 00922/00928 VUs  04.0s/15s  1000.00 iters/s

running (05.0s), 01175/01175 VUs, 2071 complete and 0 interrupted iterations
default   [  33% ] 01175/01175 VUs  05.0s/15s  1000.00 iters/s

running (06.0s), 01391/01391 VUs, 2459 complete and 0 interrupted iterations
default   [  40% ] 01391/01391 VUs  06.0s/15s  1000.00 iters/s

running (07.0s), 01619/01620 VUs, 2884 complete and 0 interrupted iterations
default   [  47% ] 01619/01620 VUs  07.0s/15s  1000.00 iters/s

running (08.0s), 01853/01853 VUs, 3309 complete and 0 interrupted iterations
default   [  53% ] 01853/01853 VUs  08.0s/15s  1000.00 iters/s

running (09.0s), 02053/02064 VUs, 3730 complete and 0 interrupted iterations
default   [  60% ] 02053/02064 VUs  09.0s/15s  1000.00 iters/s

running (10.0s), 02281/02301 VUs, 4157 complete and 0 interrupted iterations
default   [  67% ] 02280/02301 VUs  10.0s/15s  1000.00 iters/s

running (11.0s), 02534/02534 VUs, 4574 complete and 0 interrupted iterations
default   [  73% ] 02534/02534 VUs  11.0s/15s  1000.00 iters/s

running (12.0s), 02759/02760 VUs, 5006 complete and 0 interrupted iterations
default   [  80% ] 02759/02760 VUs  12.0s/15s  1000.00 iters/s

running (13.0s), 02994/02994 VUs, 5428 complete and 0 interrupted iterations
default   [  87% ] 02994/02995 VUs  13.0s/15s  1000.00 iters/s

running (14.0s), 03205/03215 VUs, 5865 complete and 0 interrupted iterations
default   [  93% ] 03205/03215 VUs  14.0s/15s  1000.00 iters/s

running (15.0s), 03415/03416 VUs, 6275 complete and 0 interrupted iterations
default ↓ [ 100% ] 03415/03416 VUs  15s  1000.00 iters/s

running (16.0s), 02980/03416 VUs, 6710 complete and 0 interrupted iterations
default ↓ [ 100% ] 03415/03416 VUs  15s  1000.00 iters/s

running (17.0s), 02567/03416 VUs, 7123 complete and 0 interrupted iterations
default ↓ [ 100% ] 03415/03416 VUs  15s  1000.00 iters/s

running (18.0s), 02174/03416 VUs, 7516 complete and 0 interrupted iterations
default ↓ [ 100% ] 03415/03416 VUs  15s  1000.00 iters/s

running (19.0s), 01728/03416 VUs, 7962 complete and 0 interrupted iterations
default ↓ [ 100% ] 03415/03416 VUs  15s  1000.00 iters/s
2026/05/05 06:19:54 k6 client request logic timed out after 20s
