2026/03/27 12:21:19 telemetry disabled: AEGEAN_DISABLE_TRACING=1

         /\      Grafana   /‾‾/  
    /\  /  \     |\  __   /  /   
   /  \/    \    | |/ /  /   ‾‾\ 
  /          \   |   (  |  (‾)  |
 / __________ \  |_|\_\  \_____/ 

     execution: local
        script: workflow/aegean/k6_closed_client.js
        output: -

     scenarios: (100.00%) 1 scenario, 50 max VUs, 45s max duration (incl. graceful stop):
              * default: 50 looping VUs for 15s (gracefulStop: 30s)


running (01.0s), 50/50 VUs, 140 complete and 0 interrupted iterations
default   [   7% ] 50 VUs  01.0s/15s

running (02.0s), 50/50 VUs, 250 complete and 0 interrupted iterations
default   [  13% ] 50 VUs  02.0s/15s

running (03.0s), 50/50 VUs, 400 complete and 0 interrupted iterations
default   [  20% ] 50 VUs  03.0s/15s

running (04.0s), 50/50 VUs, 550 complete and 0 interrupted iterations
default   [  27% ] 50 VUs  04.0s/15s

running (05.0s), 50/50 VUs, 700 complete and 0 interrupted iterations
default   [  33% ] 50 VUs  05.0s/15s

running (06.0s), 50/50 VUs, 850 complete and 0 interrupted iterations
default   [  40% ] 50 VUs  06.0s/15s

running (07.0s), 50/50 VUs, 1000 complete and 0 interrupted iterations
default   [  47% ] 50 VUs  07.0s/15s

running (08.0s), 50/50 VUs, 1140 complete and 0 interrupted iterations
default   [  53% ] 50 VUs  08.0s/15s

running (09.0s), 50/50 VUs, 1290 complete and 0 interrupted iterations
default   [  60% ] 50 VUs  09.0s/15s

running (10.0s), 50/50 VUs, 1400 complete and 0 interrupted iterations
default   [  67% ] 50 VUs  10.0s/15s

running (11.0s), 50/50 VUs, 1550 complete and 0 interrupted iterations
default   [  73% ] 50 VUs  11.0s/15s

running (12.0s), 50/50 VUs, 1700 complete and 0 interrupted iterations
default   [  80% ] 50 VUs  12.0s/15s

running (13.0s), 50/50 VUs, 1850 complete and 0 interrupted iterations
default   [  87% ] 50 VUs  13.0s/15s

running (14.0s), 50/50 VUs, 2000 complete and 0 interrupted iterations
default   [  93% ] 50 VUs  14.0s/15s

running (15.0s), 50/50 VUs, 2150 complete and 0 interrupted iterations
default   [ 100% ] 50 VUs  15.0s/15s


  █ TOTAL RESULTS 

    HTTP
    http_req_duration..............: avg=345.56ms min=297.64ms med=345.98ms max=365.13ms p(90)=355.18ms p(95)=357.34ms
      { expected_response:true }...: avg=345.56ms min=297.64ms med=345.98ms max=365.13ms p(90)=355.18ms p(95)=357.34ms
    http_req_failed................: 0.00%  0 out of 2200
    http_reqs......................: 2200   144.005368/s

    EXECUTION
    iteration_duration.............: avg=345.73ms min=298.8ms  med=346.1ms  max=365.27ms p(90)=355.35ms p(95)=357.45ms
    iterations.....................: 2200   144.005368/s
    vus............................: 50     min=50        max=50
    vus_max........................: 50     min=50        max=50

    NETWORK
    data_received..................: 653 kB 43 kB/s
    data_sent......................: 820 kB 54 kB/s




running (15.3s), 00/50 VUs, 2200 complete and 0 interrupted iterations
default ✓ [ 100% ] 50 VUs  15s
