
         /\      Grafana   /‾‾/  
    /\  /  \     |\  __   /  /   
   /  \/    \    | |/ /  /   ‾‾\ 
  /          \   |   (  |  (‾)  |
 / __________ \  |_|\_\  \_____/ 

     execution: local
        script: workflow/response/k6_open_client.js
        output: -

     scenarios: (100.00%) 1 scenario, 10000 max VUs, 15s max duration (incl. graceful stop):
              * default: 400.00 iterations/s for 15s (maxVUs: 400-10000)


running (01.0s), 00006/00400 VUs, 386 complete and 0 interrupted iterations
default   [   7% ] 00006/00400 VUs  01.0s/15s  400.00 iters/s

running (02.0s), 00006/00400 VUs, 785 complete and 0 interrupted iterations
default   [  13% ] 00006/00400 VUs  02.0s/15s  400.00 iters/s

running (03.0s), 00005/00400 VUs, 1187 complete and 0 interrupted iterations
default   [  20% ] 00005/00400 VUs  03.0s/15s  400.00 iters/s

running (04.0s), 00005/00400 VUs, 1587 complete and 0 interrupted iterations
default   [  27% ] 00005/00400 VUs  04.0s/15s  400.00 iters/s

running (05.0s), 00014/00400 VUs, 1978 complete and 0 interrupted iterations
default   [  33% ] 00014/00400 VUs  05.0s/15s  400.00 iters/s

running (06.0s), 00004/00400 VUs, 2388 complete and 0 interrupted iterations
default   [  40% ] 00004/00400 VUs  06.0s/15s  400.00 iters/s

running (07.0s), 00006/00400 VUs, 2786 complete and 0 interrupted iterations
default   [  47% ] 00006/00400 VUs  07.0s/15s  400.00 iters/s

running (08.0s), 00006/00400 VUs, 3186 complete and 0 interrupted iterations
default   [  53% ] 00006/00400 VUs  08.0s/15s  400.00 iters/s

running (09.0s), 00006/00400 VUs, 3586 complete and 0 interrupted iterations
default   [  60% ] 00006/00400 VUs  09.0s/15s  400.00 iters/s

running (10.0s), 00005/00400 VUs, 3987 complete and 0 interrupted iterations
default   [  67% ] 00005/00400 VUs  10.0s/15s  400.00 iters/s

running (11.0s), 00004/00400 VUs, 4388 complete and 0 interrupted iterations
default   [  73% ] 00004/00400 VUs  11.0s/15s  400.00 iters/s

running (12.0s), 00004/00400 VUs, 4788 complete and 0 interrupted iterations
default   [  80% ] 00004/00400 VUs  12.0s/15s  400.00 iters/s

running (13.0s), 00004/00400 VUs, 5188 complete and 0 interrupted iterations
default   [  87% ] 00004/00400 VUs  13.0s/15s  400.00 iters/s

running (14.0s), 00010/00400 VUs, 5582 complete and 0 interrupted iterations
default   [  93% ] 00010/00400 VUs  14.0s/15s  400.00 iters/s

running (15.0s), 00004/00400 VUs, 5988 complete and 0 interrupted iterations
default   [ 100% ] 00004/00400 VUs  15.0s/15s  400.00 iters/s


  █ TOTAL RESULTS 

    HTTP
    http_req_duration..............: avg=11.9ms  min=7.25ms med=11.26ms max=44.41ms p(90)=14.16ms p(95)=16.9ms 
      { expected_response:true }...: avg=11.9ms  min=7.25ms med=11.26ms max=44.41ms p(90)=14.16ms p(95)=16.9ms 
    http_req_failed................: 0.00%  0 out of 5996
    http_reqs......................: 5996   399.692063/s

    EXECUTION
    iteration_duration.............: avg=12.08ms min=7.32ms med=11.34ms max=69.89ms p(90)=14.26ms p(95)=17.12ms
    iterations.....................: 5996   399.692063/s
    vus............................: 4      min=4         max=14 
    vus_max........................: 400    min=400       max=400

    NETWORK
    data_received..................: 1.4 MB 95 kB/s
    data_sent......................: 1.2 MB 78 kB/s




running (15.0s), 00000/00400 VUs, 5995 complete and 6 interrupted iterations
default ✓ [ 100% ] 00006/00400 VUs  15s  400.00 iters/s
