
         /\      Grafana   /‾‾/  
    /\  /  \     |\  __   /  /   
   /  \/    \    | |/ /  /   ‾‾\ 
  /          \   |   (  |  (‾)  |
 / __________ \  |_|\_\  \_____/ 

     execution: local
        script: workflow/social/k6_open_client.js
        output: -

     scenarios: (100.00%) 1 scenario, 10000 max VUs, 15s max duration (incl. graceful stop):
              * default: 100.00 iterations/s for 15s (maxVUs: 100-10000)


running (01.0s), 00013/00100 VUs, 87 complete and 0 interrupted iterations
default   [   7% ] 00013/00100 VUs  01.0s/15s  100.00 iters/s

running (02.0s), 00022/00100 VUs, 178 complete and 0 interrupted iterations
default   [  13% ] 00022/00100 VUs  02.0s/15s  100.00 iters/s

running (03.0s), 00029/00100 VUs, 271 complete and 0 interrupted iterations
default   [  20% ] 00029/00100 VUs  03.0s/15s  100.00 iters/s

running (04.0s), 00032/00100 VUs, 367 complete and 0 interrupted iterations
default   [  27% ] 00032/00100 VUs  04.0s/15s  100.00 iters/s

running (05.0s), 00037/00100 VUs, 463 complete and 0 interrupted iterations
default   [  33% ] 00037/00100 VUs  05.0s/15s  100.00 iters/s

running (06.0s), 00044/00100 VUs, 556 complete and 0 interrupted iterations
default   [  40% ] 00044/00100 VUs  06.0s/15s  100.00 iters/s

running (07.0s), 00051/00100 VUs, 649 complete and 0 interrupted iterations
default   [  47% ] 00051/00100 VUs  07.0s/15s  100.00 iters/s

running (08.0s), 00054/00100 VUs, 745 complete and 0 interrupted iterations
default   [  53% ] 00054/00100 VUs  08.0s/15s  100.00 iters/s

running (09.0s), 00060/00100 VUs, 839 complete and 0 interrupted iterations
default   [  60% ] 00060/00100 VUs  09.0s/15s  100.00 iters/s

running (10.0s), 00066/00100 VUs, 934 complete and 0 interrupted iterations
default   [  67% ] 00066/00100 VUs  10.0s/15s  100.00 iters/s

running (11.0s), 00071/00100 VUs, 1028 complete and 0 interrupted iterations
default   [  73% ] 00071/00100 VUs  11.0s/15s  100.00 iters/s

running (12.0s), 00078/00100 VUs, 1122 complete and 0 interrupted iterations
default   [  80% ] 00078/00100 VUs  12.0s/15s  100.00 iters/s

running (13.0s), 00083/00100 VUs, 1216 complete and 0 interrupted iterations
default   [  87% ] 00083/00100 VUs  13.0s/15s  100.00 iters/s

running (14.0s), 00092/00100 VUs, 1307 complete and 0 interrupted iterations
default   [  93% ] 00092/00100 VUs  14.0s/15s  100.00 iters/s

running (15.0s), 00098/00100 VUs, 1401 complete and 0 interrupted iterations
default   [ 100% ] 00098/00100 VUs  15.0s/15s  100.00 iters/s


  █ TOTAL RESULTS 

    HTTP
    http_req_duration..............: avg=522.35ms min=21.97ms med=533.4ms max=991.91ms p(90)=865.78ms p(95)=927.23ms
      { expected_response:true }...: avg=522.35ms min=21.97ms med=533.4ms max=991.91ms p(90)=865.78ms p(95)=927.23ms
    http_req_failed................: 0.00%  0 out of 1401
    http_reqs......................: 1401   93.381953/s

    EXECUTION
    iteration_duration.............: avg=522.5ms  min=22.26ms med=533.5ms max=992ms    p(90)=865.9ms  p(95)=927.41ms
    iterations.....................: 1401   93.381953/s
    vus............................: 99     min=13        max=99 
    vus_max........................: 100    min=100       max=100

    NETWORK
    data_received..................: 328 kB 22 kB/s
    data_sent......................: 493 kB 33 kB/s




running (15.0s), 00000/00100 VUs, 1401 complete and 100 interrupted iterations
default ✓ [ 100% ] 00100/00100 VUs  15s  100.00 iters/s
