2026/04/24 07:22:48 telemetry disabled: AEGEAN_DISABLE_TRACING=1

         /\      Grafana   /‾‾/  
    /\  /  \     |\  __   /  /   
   /  \/    \    | |/ /  /   ‾‾\ 
  /          \   |   (  |  (‾)  |
 / __________ \  |_|\_\  \_____/ 

     execution: local
        script: workflow/hotel/k6_open_reservation_client.js
        output: -

     scenarios: (100.00%) 1 scenario, 10000 max VUs, 45s max duration (incl. graceful stop):
              * default: 400.00 iterations/s for 15s (maxVUs: 0-10000, gracefulStop: 30s)


running (01.0s), 00000/00004 VUs, 395 complete and 0 interrupted iterations
default   [   7% ] 00001/00004 VUs  01.0s/15s  400.00 iters/s

running (02.0s), 00001/00004 VUs, 795 complete and 0 interrupted iterations
default   [  13% ] 00001/00004 VUs  02.0s/15s  400.00 iters/s

running (03.0s), 00000/00004 VUs, 1195 complete and 0 interrupted iterations
default   [  20% ] 00000/00004 VUs  03.0s/15s  400.00 iters/s

running (04.0s), 00001/00004 VUs, 1595 complete and 0 interrupted iterations
default   [  27% ] 00001/00004 VUs  04.0s/15s  400.00 iters/s

running (05.0s), 00001/00005 VUs, 1992 complete and 0 interrupted iterations
default   [  33% ] 00001/00005 VUs  05.0s/15s  400.00 iters/s

running (06.0s), 00001/00005 VUs, 2392 complete and 0 interrupted iterations
default   [  40% ] 00001/00005 VUs  06.0s/15s  400.00 iters/s

running (07.0s), 00001/00007 VUs, 2785 complete and 0 interrupted iterations
default   [  47% ] 00001/00007 VUs  07.0s/15s  400.00 iters/s

running (08.0s), 00001/00007 VUs, 3185 complete and 0 interrupted iterations
default   [  53% ] 00001/00007 VUs  08.0s/15s  400.00 iters/s

running (09.0s), 00001/00007 VUs, 3585 complete and 0 interrupted iterations
default   [  60% ] 00001/00007 VUs  09.0s/15s  400.00 iters/s

running (10.0s), 00000/00007 VUs, 3985 complete and 0 interrupted iterations
default   [  67% ] 00000/00007 VUs  10.0s/15s  400.00 iters/s

running (11.0s), 00001/00007 VUs, 4385 complete and 0 interrupted iterations
default   [  73% ] 00001/00007 VUs  11.0s/15s  400.00 iters/s

running (12.0s), 00001/00007 VUs, 4785 complete and 0 interrupted iterations
default   [  80% ] 00001/00007 VUs  12.0s/15s  400.00 iters/s

running (13.0s), 00001/00007 VUs, 5185 complete and 0 interrupted iterations
default   [  87% ] 00001/00007 VUs  13.0s/15s  400.00 iters/s

running (14.0s), 00000/00007 VUs, 5585 complete and 0 interrupted iterations
default   [  93% ] 00000/00007 VUs  14.0s/15s  400.00 iters/s

running (15.0s), 00001/00007 VUs, 5985 complete and 0 interrupted iterations
default   [ 100% ] 00001/00007 VUs  15s  400.00 iters/s


  █ TOTAL RESULTS 

    HTTP
    http_req_duration..............: avg=1.16ms min=455.95µs med=1.09ms max=29.31ms p(90)=1.45ms p(95)=1.7ms 
      { expected_response:true }...: avg=1.16ms min=455.95µs med=1.09ms max=29.31ms p(90)=1.45ms p(95)=1.7ms 
    http_req_failed................: 0.00%  0 out of 5986
    http_reqs......................: 5986   399.005676/s

    EXECUTION
    dropped_iterations.............: 15     0.999847/s
    iteration_duration.............: avg=1.24ms min=495.16µs med=1.16ms max=29.38ms p(90)=1.55ms p(95)=1.84ms
    iterations.....................: 5986   399.005676/s
    vus............................: 1      min=0         max=1
    vus_max........................: 7      min=4         max=7

    NETWORK
    data_received..................: 1.6 MB 104 kB/s
    data_sent......................: 2.3 MB 151 kB/s




running (15.0s), 00000/00007 VUs, 5986 complete and 0 interrupted iterations
default ✓ [ 100% ] 00000/00007 VUs  15s  400.00 iters/s
