
         /\      Grafana   /‾‾/  
    /\  /  \     |\  __   /  /   
   /  \/    \    | |/ /  /   ‾‾\ 
  /          \   |   (  |  (‾)  |
 / __________ \  |_|\_\  \_____/ 

     execution: local
        script: workflow/response/k6_open_client.js
        output: -

     scenarios: (100.00%) 1 scenario, 10000 max VUs, 15s max duration (incl. graceful stop):
              * default: 300.00 iterations/s for 15s (maxVUs: 300-10000)


running (01.0s), 00004/00300 VUs, 291 complete and 0 interrupted iterations
default   [   7% ] 00004/00300 VUs  01.0s/15s  300.00 iters/s

running (02.0s), 00003/00300 VUs, 592 complete and 0 interrupted iterations
default   [  13% ] 00003/00300 VUs  02.0s/15s  300.00 iters/s

running (03.0s), 00003/00300 VUs, 892 complete and 0 interrupted iterations
default   [  20% ] 00003/00300 VUs  03.0s/15s  300.00 iters/s

running (04.0s), 00004/00300 VUs, 1191 complete and 0 interrupted iterations
default   [  27% ] 00004/00300 VUs  04.0s/15s  300.00 iters/s

running (05.0s), 00004/00300 VUs, 1491 complete and 0 interrupted iterations
default   [  33% ] 00004/00300 VUs  05.0s/15s  300.00 iters/s

running (06.0s), 00003/00300 VUs, 1792 complete and 0 interrupted iterations
default   [  40% ] 00003/00300 VUs  06.0s/15s  300.00 iters/s

running (07.0s), 00003/00300 VUs, 2092 complete and 0 interrupted iterations
default   [  47% ] 00003/00300 VUs  07.0s/15s  300.00 iters/s

running (08.0s), 00004/00300 VUs, 2391 complete and 0 interrupted iterations
default   [  53% ] 00004/00300 VUs  08.0s/15s  300.00 iters/s

running (09.0s), 00003/00300 VUs, 2692 complete and 0 interrupted iterations
default   [  60% ] 00003/00300 VUs  09.0s/15s  300.00 iters/s

running (10.0s), 00004/00300 VUs, 2991 complete and 0 interrupted iterations
default   [  67% ] 00003/00300 VUs  10.0s/15s  300.00 iters/s

running (11.0s), 00004/00300 VUs, 3291 complete and 0 interrupted iterations
default   [  73% ] 00004/00300 VUs  11.0s/15s  300.00 iters/s

running (12.0s), 00004/00300 VUs, 3591 complete and 0 interrupted iterations
default   [  80% ] 00004/00300 VUs  12.0s/15s  300.00 iters/s

running (13.0s), 00004/00300 VUs, 3891 complete and 0 interrupted iterations
default   [  87% ] 00004/00300 VUs  13.0s/15s  300.00 iters/s

running (14.0s), 00004/00300 VUs, 4191 complete and 0 interrupted iterations
default   [  93% ] 00004/00300 VUs  14.0s/15s  300.00 iters/s

running (15.0s), 00004/00300 VUs, 4491 complete and 0 interrupted iterations
default   [ 100% ] 00004/00300 VUs  15.0s/15s  300.00 iters/s


  █ TOTAL RESULTS 

    HTTP
    http_req_duration..............: avg=12.36ms min=6.93ms med=12.05ms max=46.4ms  p(90)=15.5ms  p(95)=18.16ms
      { expected_response:true }...: avg=12.36ms min=6.93ms med=12.05ms max=46.4ms  p(90)=15.5ms  p(95)=18.16ms
    http_req_failed................: 0.00%  0 out of 4497
    http_reqs......................: 4497   299.77248/s

    EXECUTION
    iteration_duration.............: avg=12.54ms min=6.99ms med=12.13ms max=72.71ms p(90)=15.57ms p(95)=18.31ms
    iterations.....................: 4497   299.77248/s
    vus............................: 4      min=2         max=4  
    vus_max........................: 300    min=300       max=300

    NETWORK
    data_received..................: 1.1 MB 71 kB/s
    data_sent......................: 882 kB 59 kB/s




running (15.0s), 00000/00300 VUs, 4497 complete and 3 interrupted iterations
default ✓ [ 100% ] 00003/00300 VUs  15s  300.00 iters/s
