2026/04/24 07:51:54 telemetry disabled: AEGEAN_DISABLE_TRACING=1

         /\      Grafana   /‾‾/  
    /\  /  \     |\  __   /  /   
   /  \/    \    | |/ /  /   ‾‾\ 
  /          \   |   (  |  (‾)  |
 / __________ \  |_|\_\  \_____/ 

     execution: local
        script: workflow/req_race/k6_open_client.js
        output: -

     scenarios: (100.00%) 1 scenario, 10000 max VUs, 45s max duration (incl. graceful stop):
              * default: 200.00 iterations/s for 15s (maxVUs: 0-10000, gracefulStop: 30s)


running (01.0s), 00006/00015 VUs, 179 complete and 0 interrupted iterations
default   [   7% ] 00006/00015 VUs  01.0s/15s  200.00 iters/s

running (02.0s), 00004/00015 VUs, 381 complete and 0 interrupted iterations
default   [  13% ] 00004/00015 VUs  02.0s/15s  200.00 iters/s

running (03.0s), 00014/00015 VUs, 571 complete and 0 interrupted iterations
default   [  20% ] 00014/00015 VUs  03.0s/15s  200.00 iters/s

running (04.0s), 00004/00015 VUs, 781 complete and 0 interrupted iterations
default   [  27% ] 00004/00015 VUs  04.0s/15s  200.00 iters/s

running (05.0s), 00006/00015 VUs, 979 complete and 0 interrupted iterations
default   [  33% ] 00006/00015 VUs  05.0s/15s  200.00 iters/s

running (06.0s), 00012/00015 VUs, 1173 complete and 0 interrupted iterations
default   [  40% ] 00012/00015 VUs  06.0s/15s  200.00 iters/s

running (07.0s), 00011/00015 VUs, 1374 complete and 0 interrupted iterations
default   [  47% ] 00011/00015 VUs  07.0s/15s  200.00 iters/s

running (08.0s), 00012/00015 VUs, 1573 complete and 0 interrupted iterations
default   [  53% ] 00012/00015 VUs  08.0s/15s  200.00 iters/s

running (09.0s), 00012/00016 VUs, 1772 complete and 0 interrupted iterations
default   [  60% ] 00012/00016 VUs  09.0s/15s  200.00 iters/s

running (10.0s), 00094/00094 VUs, 1808 complete and 0 interrupted iterations
default   [  67% ] 00094/00094 VUs  10.0s/15s  200.00 iters/s

running (11.0s), 00194/00194 VUs, 1808 complete and 0 interrupted iterations
default   [  73% ] 00194/00194 VUs  11.0s/15s  200.00 iters/s

running (12.0s), 00291/00292 VUs, 1808 complete and 0 interrupted iterations
default   [  80% ] 00291/00292 VUs  12.0s/15s  200.00 iters/s

running (13.0s), 00391/00392 VUs, 1808 complete and 0 interrupted iterations
default   [  87% ] 00391/00392 VUs  13.0s/15s  200.00 iters/s

running (14.0s), 00489/00490 VUs, 1808 complete and 0 interrupted iterations
default   [  93% ] 00489/00490 VUs  14.0s/15s  200.00 iters/s

running (15.0s), 00589/00590 VUs, 1808 complete and 0 interrupted iterations
default   [ 100% ] 00589/00590 VUs  15s  200.00 iters/s

running (16.0s), 00590/00590 VUs, 1808 complete and 0 interrupted iterations
default ↓ [ 100% ] 00590/00590 VUs  15s  200.00 iters/s

running (17.0s), 00590/00590 VUs, 1808 complete and 0 interrupted iterations
default ↓ [ 100% ] 00590/00590 VUs  15s  200.00 iters/s

running (18.0s), 00590/00590 VUs, 1808 complete and 0 interrupted iterations
default ↓ [ 100% ] 00590/00590 VUs  15s  200.00 iters/s

running (19.0s), 00590/00590 VUs, 1808 complete and 0 interrupted iterations
default ↓ [ 100% ] 00590/00590 VUs  15s  200.00 iters/s
2026/04/24 07:52:28 k6 open client request logic timed out after 20s
