2026/04/24 06:54:42 telemetry disabled: AEGEAN_DISABLE_TRACING=1

         /\      Grafana   /‾‾/  
    /\  /  \     |\  __   /  /   
   /  \/    \    | |/ /  /   ‾‾\ 
  /          \   |   (  |  (‾)  |
 / __________ \  |_|\_\  \_____/ 

     execution: local
        script: workflow/hotel/k6_open_hotels_client.js
        output: -

     scenarios: (100.00%) 1 scenario, 10000 max VUs, 45s max duration (incl. graceful stop):
              * default: 400.00 iterations/s for 15s (maxVUs: 0-10000, gracefulStop: 30s)


running (01.0s), 00090/00099 VUs, 202 complete and 0 interrupted iterations
default   [   7% ] 00090/00099 VUs  01.0s/15s  400.00 iters/s

running (02.0s), 00176/00177 VUs, 434 complete and 0 interrupted iterations
default   [  13% ] 00177/00177 VUs  02.0s/15s  400.00 iters/s

running (03.0s), 00262/00263 VUs, 660 complete and 0 interrupted iterations
default   [  20% ] 00262/00263 VUs  03.0s/15s  400.00 iters/s

running (04.0s), 00339/00347 VUs, 898 complete and 0 interrupted iterations
default   [  27% ] 00339/00347 VUs  04.0s/15s  400.00 iters/s

running (05.0s), 00424/00427 VUs, 1126 complete and 0 interrupted iterations
default   [  33% ] 00424/00427 VUs  05.0s/15s  400.00 iters/s

running (06.0s), 00500/00502 VUs, 1354 complete and 0 interrupted iterations
default   [  40% ] 00500/00502 VUs  06.0s/15s  400.00 iters/s

running (07.0s), 00583/00585 VUs, 1580 complete and 0 interrupted iterations
default   [  47% ] 00583/00585 VUs  07.0s/15s  400.00 iters/s

running (08.0s), 00660/00667 VUs, 1819 complete and 0 interrupted iterations
default   [  53% ] 00660/00667 VUs  08.0s/15s  400.00 iters/s

running (09.0s), 00743/00743 VUs, 2045 complete and 0 interrupted iterations
default   [  60% ] 00743/00743 VUs  09.0s/15s  400.00 iters/s

running (10.0s), 00827/00830 VUs, 2273 complete and 0 interrupted iterations
default   [  67% ] 00827/00830 VUs  10.0s/15s  400.00 iters/s

running (11.0s), 00919/00920 VUs, 2480 complete and 0 interrupted iterations
default   [  73% ] 00919/00920 VUs  11.0s/15s  400.00 iters/s

running (12.0s), 00996/00996 VUs, 2722 complete and 0 interrupted iterations
default   [  80% ] 00996/00996 VUs  12.0s/15s  400.00 iters/s

running (13.0s), 01070/01070 VUs, 2964 complete and 0 interrupted iterations
default   [  87% ] 01070/01070 VUs  13.0s/15s  400.00 iters/s

running (14.0s), 01156/01157 VUs, 3086 complete and 0 interrupted iterations
default   [  93% ] 01156/01157 VUs  14.0s/15s  400.00 iters/s

running (15.0s), 01246/01247 VUs, 3231 complete and 0 interrupted iterations
default   [ 100% ] 01246/01247 VUs  15.0s/15s  400.00 iters/s

running (16.0s), 01085/01247 VUs, 3393 complete and 0 interrupted iterations
default ↓ [ 100% ] 01247/01247 VUs  15s  400.00 iters/s

running (17.0s), 00860/01247 VUs, 3618 complete and 0 interrupted iterations
default ↓ [ 100% ] 01247/01247 VUs  15s  400.00 iters/s

running (18.0s), 00625/01247 VUs, 3853 complete and 0 interrupted iterations
default ↓ [ 100% ] 01247/01247 VUs  15s  400.00 iters/s

running (19.0s), 00429/01247 VUs, 4049 complete and 0 interrupted iterations
default ↓ [ 100% ] 01247/01247 VUs  15s  400.00 iters/s
2026/04/24 06:55:29 hotel k6 open hotels client timed out after 20s
