
         /\      Grafana   /‾‾/  
    /\  /  \     |\  __   /  /   
   /  \/    \    | |/ /  /   ‾‾\ 
  /          \   |   (  |  (‾)  |
 / __________ \  |_|\_\  \_____/ 

     execution: local
        script: workflow/hotel/k6_open_hotels_client.js
        output: -

     scenarios: (100.00%) 1 scenario, 10000 max VUs, 15s max duration (incl. graceful stop):
              * default: 1100.00 iterations/s for 15s (maxVUs: 1100-10000)


running (01.0s), 00031/01100 VUs, 1018 complete and 0 interrupted iterations
default   [   6% ] 00031/01100 VUs  01.0s/15s  1100.00 iters/s

running (02.0s), 00015/01100 VUs, 2133 complete and 0 interrupted iterations
default   [  13% ] 00015/01100 VUs  02.0s/15s  1100.00 iters/s

running (03.0s), 00011/01100 VUs, 3238 complete and 0 interrupted iterations
default   [  20% ] 00011/01100 VUs  03.0s/15s  1100.00 iters/s

running (04.0s), 00015/01100 VUs, 4334 complete and 0 interrupted iterations
default   [  26% ] 00015/01100 VUs  04.0s/15s  1100.00 iters/s

running (05.0s), 00020/01100 VUs, 5429 complete and 0 interrupted iterations
default   [  33% ] 00020/01100 VUs  05.0s/15s  1100.00 iters/s

running (06.0s), 00023/01100 VUs, 6526 complete and 0 interrupted iterations
default   [  40% ] 00023/01100 VUs  06.0s/15s  1100.00 iters/s

running (07.0s), 00023/01100 VUs, 7626 complete and 0 interrupted iterations
default   [  46% ] 00023/01100 VUs  07.0s/15s  1100.00 iters/s

running (08.0s), 00013/01100 VUs, 8736 complete and 0 interrupted iterations
default   [  53% ] 00013/01100 VUs  08.0s/15s  1100.00 iters/s

running (09.0s), 00061/01100 VUs, 9789 complete and 0 interrupted iterations
default   [  60% ] 00061/01100 VUs  09.0s/15s  1100.00 iters/s

running (10.0s), 00038/01100 VUs, 10911 complete and 0 interrupted iterations
default   [  66% ] 00038/01100 VUs  10.0s/15s  1100.00 iters/s

running (11.0s), 00013/01100 VUs, 12036 complete and 0 interrupted iterations
default   [  73% ] 00013/01100 VUs  11.0s/15s  1100.00 iters/s

running (12.0s), 00014/01100 VUs, 13134 complete and 0 interrupted iterations
default   [  80% ] 00014/01100 VUs  12.0s/15s  1100.00 iters/s

running (13.0s), 00293/01100 VUs, 13957 complete and 0 interrupted iterations
default   [  86% ] 00293/01100 VUs  13.0s/15s  1100.00 iters/s

running (14.0s), 00206/01100 VUs, 15144 complete and 0 interrupted iterations
default   [  93% ] 00206/01100 VUs  14.0s/15s  1100.00 iters/s

running (15.0s), 00945/01100 VUs, 15504 complete and 0 interrupted iterations
default   [ 100% ] 00945/01100 VUs  15.0s/15s  1100.00 iters/s


  █ TOTAL RESULTS 

    HTTP
    http_req_duration..............: avg=56.35ms min=6.11ms med=18.86ms max=889.94ms p(90)=178.27ms p(95)=292.73ms
      { expected_response:true }...: avg=56.35ms min=6.11ms med=18.86ms max=889.94ms p(90)=178.27ms p(95)=292.73ms
    http_req_failed................: 0.00%  0 out of 15520
    http_reqs......................: 15520  1034.120752/s

    EXECUTION
    iteration_duration.............: avg=56.7ms  min=6.35ms med=19.01ms max=890.04ms p(90)=178.37ms p(95)=292.85ms
    iterations.....................: 15520  1034.120752/s
    vus............................: 944    min=11         max=944 
    vus_max........................: 1100   min=1100       max=1100

    NETWORK
    data_received..................: 5.0 MB 334 kB/s
    data_sent......................: 5.4 MB 361 kB/s




running (15.0s), 00000/01100 VUs, 15520 complete and 981 interrupted iterations
default ✓ [ 100% ] 00981/01100 VUs  15s  1100.00 iters/s
