2026/05/05 05:56:48 telemetry disabled: AEGEAN_DISABLE_TRACING=1

         /\      Grafana   /‾‾/  
    /\  /  \     |\  __   /  /   
   /  \/    \    | |/ /  /   ‾‾\ 
  /          \   |   (  |  (‾)  |
 / __________ \  |_|\_\  \_____/ 

     execution: local
        script: workflow/aegean/k6_open_client.js
        output: -

     scenarios: (100.00%) 1 scenario, 10000 max VUs, 45s max duration (incl. graceful stop):
              * default: 550.00 iterations/s for 15s (maxVUs: 0-10000, gracefulStop: 30s)


running (01.0s), 00093/00105 VUs, 338 complete and 0 interrupted iterations
default   [   7% ] 00093/00105 VUs  01.0s/15s  550.00 iters/s

running (02.0s), 00167/00178 VUs, 731 complete and 0 interrupted iterations
default   [  13% ] 00167/00178 VUs  02.0s/15s  550.00 iters/s

running (03.0s), 00253/00254 VUs, 1112 complete and 0 interrupted iterations
default   [  20% ] 00253/00254 VUs  03.0s/15s  550.00 iters/s

running (04.0s), 00319/00329 VUs, 1513 complete and 0 interrupted iterations
default   [  27% ] 00319/00329 VUs  04.0s/15s  550.00 iters/s

running (05.0s), 00396/00398 VUs, 1909 complete and 0 interrupted iterations
default   [  33% ] 00396/00398 VUs  05.0s/15s  550.00 iters/s

running (06.0s), 00475/00475 VUs, 2288 complete and 0 interrupted iterations
default   [  40% ] 00475/00475 VUs  06.0s/15s  550.00 iters/s

running (07.0s), 00549/00555 VUs, 2675 complete and 0 interrupted iterations
default   [  47% ] 00549/00555 VUs  07.0s/15s  550.00 iters/s

running (08.0s), 00644/00644 VUs, 3029 complete and 0 interrupted iterations
default   [  53% ] 00644/00644 VUs  08.0s/15s  550.00 iters/s

running (09.0s), 00722/00728 VUs, 3396 complete and 0 interrupted iterations
default   [  60% ] 00722/00728 VUs  09.0s/15s  550.00 iters/s

running (10.0s), 00815/00815 VUs, 3690 complete and 0 interrupted iterations
default   [  67% ] 00815/00815 VUs  10.0s/15s  550.00 iters/s

running (11.0s), 00890/00893 VUs, 4074 complete and 0 interrupted iterations
default   [  73% ] 00890/00893 VUs  11.0s/15s  550.00 iters/s

running (12.0s), 00988/00989 VUs, 4421 complete and 0 interrupted iterations
default   [  80% ] 00988/00989 VUs  12.0s/15s  550.00 iters/s

running (13.0s), 01067/01076 VUs, 4784 complete and 0 interrupted iterations
default   [  87% ] 01068/01076 VUs  13.0s/15s  550.00 iters/s

running (14.0s), 01162/01168 VUs, 5121 complete and 0 interrupted iterations
default   [  93% ] 01162/01168 VUs  14.0s/15s  550.00 iters/s

running (15.0s), 01245/01245 VUs, 5499 complete and 0 interrupted iterations
default   [ 100% ] 01245/01245 VUs  15s  550.00 iters/s

running (16.0s), 00871/01246 VUs, 5873 complete and 0 interrupted iterations
default ↓ [ 100% ] 01245/01245 VUs  15s  550.00 iters/s

running (17.0s), 00488/01246 VUs, 6256 complete and 0 interrupted iterations
default ↓ [ 100% ] 01245/01245 VUs  15s  550.00 iters/s

running (18.0s), 00113/01246 VUs, 6631 complete and 0 interrupted iterations
default ↓ [ 100% ] 01245/01245 VUs  15s  550.00 iters/s


  █ TOTAL RESULTS 

    HTTP
    http_req_duration..............: avg=1.65s min=45.05ms med=1.59s max=3.33s p(90)=2.97s p(95)=3.13s
      { expected_response:true }...: avg=1.65s min=45.05ms med=1.59s max=3.33s p(90)=2.97s p(95)=3.13s
    http_req_failed................: 0.00%  0 out of 6744
    http_reqs......................: 6744   368.755403/s

    EXECUTION
    dropped_iterations.............: 1507   82.401304/s
    iteration_duration.............: avg=1.65s min=45.27ms med=1.59s max=3.33s p(90)=2.97s p(95)=3.14s
    iterations.....................: 6744   368.755403/s
    vus............................: 113    min=93        max=1245
    vus_max........................: 1246   min=105       max=1246

    NETWORK
    data_received..................: 2.2 MB 121 kB/s
    data_sent......................: 2.5 MB 137 kB/s




running (18.3s), 00000/01246 VUs, 6744 complete and 0 interrupted iterations
default ✓ [ 100% ] 00000/01246 VUs  15s  550.00 iters/s
