
         /\      Grafana   /‾‾/  
    /\  /  \     |\  __   /  /   
   /  \/    \    | |/ /  /   ‾‾\ 
  /          \   |   (  |  (‾)  |
 / __________ \  |_|\_\  \_____/ 

     execution: local
        script: workflow/hotel/k6_open_hotels_client.js
        output: -

     scenarios: (100.00%) 1 scenario, 10000 max VUs, 15s max duration (incl. graceful stop):
              * default: 600.00 iterations/s for 15s (maxVUs: 600-10000)


running (01.0s), 00004/00600 VUs, 581 complete and 0 interrupted iterations
default   [   6% ] 00004/00600 VUs  01.0s/15s  600.00 iters/s

running (02.0s), 00007/00600 VUs, 1177 complete and 0 interrupted iterations
default   [  13% ] 00007/00600 VUs  02.0s/15s  600.00 iters/s

running (03.0s), 00003/00600 VUs, 1782 complete and 0 interrupted iterations
default   [  20% ] 00003/00600 VUs  03.0s/15s  600.00 iters/s

running (04.0s), 00004/00600 VUs, 2380 complete and 0 interrupted iterations
default   [  26% ] 00004/00600 VUs  04.0s/15s  600.00 iters/s

running (05.0s), 00004/00600 VUs, 2981 complete and 0 interrupted iterations
default   [  33% ] 00004/00600 VUs  05.0s/15s  600.00 iters/s

running (06.0s), 00007/00600 VUs, 3578 complete and 0 interrupted iterations
default   [  40% ] 00007/00600 VUs  06.0s/15s  600.00 iters/s

running (07.0s), 00006/00600 VUs, 4179 complete and 0 interrupted iterations
default   [  46% ] 00006/00600 VUs  07.0s/15s  600.00 iters/s

running (08.0s), 00006/00600 VUs, 4779 complete and 0 interrupted iterations
default   [  53% ] 00006/00600 VUs  08.0s/15s  600.00 iters/s

running (09.0s), 00008/00600 VUs, 5377 complete and 0 interrupted iterations
default   [  60% ] 00008/00600 VUs  09.0s/15s  600.00 iters/s

running (10.0s), 00007/00600 VUs, 5978 complete and 0 interrupted iterations
default   [  66% ] 00006/00600 VUs  10.0s/15s  600.00 iters/s

running (11.0s), 00007/00600 VUs, 6578 complete and 0 interrupted iterations
default   [  73% ] 00007/00600 VUs  11.0s/15s  600.00 iters/s

running (12.0s), 00011/00600 VUs, 7174 complete and 0 interrupted iterations
default   [  80% ] 00011/00600 VUs  12.0s/15s  600.00 iters/s

running (13.0s), 00009/00600 VUs, 7776 complete and 0 interrupted iterations
default   [  86% ] 00009/00600 VUs  13.0s/15s  600.00 iters/s

running (14.0s), 00009/00600 VUs, 8376 complete and 0 interrupted iterations
default   [  93% ] 00009/00600 VUs  14.0s/15s  600.00 iters/s

running (15.0s), 00006/00600 VUs, 8979 complete and 0 interrupted iterations
default   [ 100% ] 00006/00600 VUs  15.0s/15s  600.00 iters/s


  █ TOTAL RESULTS 

    HTTP
    http_req_duration..............: avg=11.86ms min=4.74ms med=10.32ms max=72.99ms  p(90)=19.09ms p(95)=22.22ms
      { expected_response:true }...: avg=11.86ms min=4.74ms med=10.32ms max=72.99ms  p(90)=19.09ms p(95)=22.22ms
    http_req_failed................: 0.00%  0 out of 8989
    http_reqs......................: 8989   599.209998/s

    EXECUTION
    iteration_duration.............: avg=12.23ms min=4.86ms med=10.45ms max=119.99ms p(90)=19.27ms p(95)=22.47ms
    iterations.....................: 8989   599.209998/s
    vus............................: 6      min=3         max=11 
    vus_max........................: 600    min=600       max=600

    NETWORK
    data_received..................: 2.9 MB 193 kB/s
    data_sent......................: 3.0 MB 197 kB/s




running (15.0s), 00000/00600 VUs, 8989 complete and 12 interrupted iterations
default ✓ [ 100% ] 00012/00600 VUs  15s  600.00 iters/s
