2026/04/24 07:52:36 telemetry disabled: AEGEAN_DISABLE_TRACING=1

         /\      Grafana   /‾‾/  
    /\  /  \     |\  __   /  /   
   /  \/    \    | |/ /  /   ‾‾\ 
  /          \   |   (  |  (‾)  |
 / __________ \  |_|\_\  \_____/ 

     execution: local
        script: workflow/req_race/k6_open_client.js
        output: -

     scenarios: (100.00%) 1 scenario, 10000 max VUs, 45s max duration (incl. graceful stop):
              * default: 400.00 iterations/s for 15s (maxVUs: 0-10000, gracefulStop: 30s)


running (01.0s), 00019/00033 VUs, 348 complete and 0 interrupted iterations
default   [   7% ] 00019/00033 VUs  01.0s/15s  400.00 iters/s

running (02.0s), 00021/00033 VUs, 745 complete and 0 interrupted iterations
default   [  13% ] 00022/00033 VUs  02.0s/15s  400.00 iters/s

running (03.0s), 00026/00044 VUs, 1129 complete and 0 interrupted iterations
default   [  20% ] 00026/00044 VUs  03.0s/15s  400.00 iters/s

running (04.0s), 00028/00053 VUs, 1517 complete and 0 interrupted iterations
default   [  27% ] 00029/00053 VUs  04.0s/15s  400.00 iters/s

running (05.0s), 00030/00053 VUs, 1916 complete and 0 interrupted iterations
default   [  33% ] 00030/00053 VUs  05.0s/15s  400.00 iters/s

running (06.0s), 00025/00055 VUs, 2319 complete and 0 interrupted iterations
default   [  40% ] 00025/00055 VUs  06.0s/15s  400.00 iters/s

running (07.0s), 00027/00055 VUs, 2717 complete and 0 interrupted iterations
default   [  47% ] 00027/00055 VUs  07.0s/15s  400.00 iters/s

running (08.0s), 00022/00055 VUs, 3122 complete and 0 interrupted iterations
default   [  53% ] 00022/00055 VUs  08.0s/15s  400.00 iters/s

running (09.0s), 00060/00060 VUs, 3469 complete and 0 interrupted iterations
default   [  60% ] 00060/00060 VUs  09.0s/15s  400.00 iters/s

running (10.0s), 00045/00084 VUs, 3845 complete and 0 interrupted iterations
default   [  67% ] 00045/00084 VUs  10.0s/15s  400.00 iters/s

running (11.0s), 00036/00084 VUs, 4254 complete and 0 interrupted iterations
default   [  73% ] 00036/00084 VUs  11.0s/15s  400.00 iters/s

running (12.0s), 00028/00084 VUs, 4661 complete and 0 interrupted iterations
default   [  80% ] 00028/00084 VUs  12.0s/15s  400.00 iters/s

running (13.0s), 00036/00084 VUs, 5054 complete and 0 interrupted iterations
default   [  87% ] 00036/00084 VUs  13.0s/15s  400.00 iters/s

running (14.0s), 00015/00084 VUs, 5475 complete and 0 interrupted iterations
default   [  93% ] 00015/00084 VUs  14.0s/15s  400.00 iters/s

running (15.0s), 00014/00084 VUs, 5876 complete and 0 interrupted iterations
default   [ 100% ] 00014/00084 VUs  15s  400.00 iters/s


  █ TOTAL RESULTS 

    HTTP
    http_req_duration..............: avg=74.4ms  min=18.9ms  med=62.36ms max=307ms    p(90)=125.54ms p(95)=154.38ms
      { expected_response:true }...: avg=74.4ms  min=18.9ms  med=62.36ms max=307ms    p(90)=125.54ms p(95)=154.38ms
    http_req_failed................: 0.00%  0 out of 5890
    http_reqs......................: 5890   391.845042/s

    EXECUTION
    dropped_iterations.............: 111    7.384516/s
    iteration_duration.............: avg=74.47ms min=18.97ms med=62.41ms max=307.33ms p(90)=125.48ms p(95)=154.42ms
    iterations.....................: 5890   391.845042/s
    vus............................: 13     min=13        max=60
    vus_max........................: 84     min=33        max=84

    NETWORK
    data_received..................: 1.6 MB 105 kB/s
    data_sent......................: 1.1 MB 76 kB/s




running (15.0s), 00000/00084 VUs, 5890 complete and 0 interrupted iterations
default ✓ [ 100% ] 00000/00084 VUs  15s  400.00 iters/s
