
         /\      Grafana   /‾‾/  
    /\  /  \     |\  __   /  /   
   /  \/    \    | |/ /  /   ‾‾\ 
  /          \   |   (  |  (‾)  |
 / __________ \  |_|\_\  \_____/ 

     execution: local
        script: workflow/hotel/k6_open_hotels_client.js
        output: -

     scenarios: (100.00%) 1 scenario, 10000 max VUs, 15s max duration (incl. graceful stop):
              * default: 300.00 iterations/s for 15s (maxVUs: 300-10000)


running (01.0s), 00002/00300 VUs, 293 complete and 0 interrupted iterations
default   [   7% ] 00002/00300 VUs  01.0s/15s  300.00 iters/s

running (02.0s), 00002/00300 VUs, 593 complete and 0 interrupted iterations
default   [  13% ] 00002/00300 VUs  02.0s/15s  300.00 iters/s

running (03.0s), 00002/00300 VUs, 893 complete and 0 interrupted iterations
default   [  20% ] 00002/00300 VUs  03.0s/15s  300.00 iters/s

running (04.0s), 00002/00300 VUs, 1193 complete and 0 interrupted iterations
default   [  27% ] 00002/00300 VUs  04.0s/15s  300.00 iters/s

running (05.0s), 00002/00300 VUs, 1493 complete and 0 interrupted iterations
default   [  33% ] 00002/00300 VUs  05.0s/15s  300.00 iters/s

running (06.0s), 00002/00300 VUs, 1793 complete and 0 interrupted iterations
default   [  40% ] 00002/00300 VUs  06.0s/15s  300.00 iters/s

running (07.0s), 00002/00300 VUs, 2093 complete and 0 interrupted iterations
default   [  47% ] 00002/00300 VUs  07.0s/15s  300.00 iters/s

running (08.0s), 00002/00300 VUs, 2393 complete and 0 interrupted iterations
default   [  53% ] 00002/00300 VUs  08.0s/15s  300.00 iters/s

running (09.0s), 00002/00300 VUs, 2693 complete and 0 interrupted iterations
default   [  60% ] 00002/00300 VUs  09.0s/15s  300.00 iters/s

running (10.0s), 00002/00300 VUs, 2993 complete and 0 interrupted iterations
default   [  67% ] 00002/00300 VUs  10.0s/15s  300.00 iters/s

running (11.0s), 00003/00300 VUs, 3292 complete and 0 interrupted iterations
default   [  73% ] 00003/00300 VUs  11.0s/15s  300.00 iters/s

running (12.0s), 00002/00300 VUs, 3593 complete and 0 interrupted iterations
default   [  80% ] 00002/00300 VUs  12.0s/15s  300.00 iters/s

running (13.0s), 00002/00300 VUs, 3893 complete and 0 interrupted iterations
default   [  87% ] 00002/00300 VUs  13.0s/15s  300.00 iters/s

running (14.0s), 00002/00300 VUs, 4193 complete and 0 interrupted iterations
default   [  93% ] 00002/00300 VUs  14.0s/15s  300.00 iters/s

running (15.0s), 00002/00300 VUs, 4493 complete and 0 interrupted iterations
default   [ 100% ] 00002/00300 VUs  15.0s/15s  300.00 iters/s


  █ TOTAL RESULTS 

    HTTP
    http_req_duration..............: avg=5.48ms min=3.8ms med=4.92ms max=18.5ms  p(90)=7.82ms p(95)=8.8ms
      { expected_response:true }...: avg=5.48ms min=3.8ms med=4.92ms max=18.5ms  p(90)=7.82ms p(95)=8.8ms
    http_req_failed................: 0.00%  0 out of 4499
    http_reqs......................: 4499   299.90858/s

    EXECUTION
    iteration_duration.............: avg=5.67ms min=3.9ms med=5.04ms max=36.72ms p(90)=7.96ms p(95)=9.1ms
    iterations.....................: 4499   299.90858/s
    vus............................: 2      min=1         max=3  
    vus_max........................: 300    min=300       max=300

    NETWORK
    data_received..................: 1.4 MB 96 kB/s
    data_sent......................: 1.5 MB 98 kB/s




running (15.0s), 00000/00300 VUs, 4499 complete and 2 interrupted iterations
default ✓ [ 100% ] 00002/00300 VUs  15s  300.00 iters/s
