
         /\      Grafana   /‾‾/  
    /\  /  \     |\  __   /  /   
   /  \/    \    | |/ /  /   ‾‾\ 
  /          \   |   (  |  (‾)  |
 / __________ \  |_|\_\  \_____/ 

     execution: local
        script: workflow/response/k6_open_client.js
        output: -

     scenarios: (100.00%) 1 scenario, 100000 max VUs, 45s max duration (incl. graceful stop):
              * default: 1000.00 iterations/s for 15s (maxVUs: 1000-100000, gracefulStop: 30s)


running (01.0s), 000037/001000 VUs, 922 complete and 0 interrupted iterations
default   [   6% ] 000037/001000 VUs  01.0s/15s  1000.00 iters/s

running (02.0s), 000042/001000 VUs, 1916 complete and 0 interrupted iterations
default   [  13% ] 000042/001000 VUs  02.0s/15s  1000.00 iters/s

running (03.0s), 000038/001000 VUs, 2921 complete and 0 interrupted iterations
default   [  20% ] 000038/001000 VUs  03.0s/15s  1000.00 iters/s

running (04.0s), 000048/001000 VUs, 3911 complete and 0 interrupted iterations
default   [  26% ] 000048/001000 VUs  04.0s/15s  1000.00 iters/s

running (05.0s), 000042/001000 VUs, 4917 complete and 0 interrupted iterations
default   [  33% ] 000042/001000 VUs  05.0s/15s  1000.00 iters/s

running (06.0s), 000045/001000 VUs, 5914 complete and 0 interrupted iterations
default   [  40% ] 000045/001000 VUs  06.0s/15s  1000.00 iters/s

running (07.0s), 000050/001000 VUs, 6909 complete and 0 interrupted iterations
default   [  46% ] 000050/001000 VUs  07.0s/15s  1000.00 iters/s

running (08.0s), 000047/001000 VUs, 7912 complete and 0 interrupted iterations
default   [  53% ] 000047/001000 VUs  08.0s/15s  1000.00 iters/s

running (09.0s), 000031/001000 VUs, 8928 complete and 0 interrupted iterations
default   [  60% ] 000031/001000 VUs  09.0s/15s  1000.00 iters/s

running (10.0s), 000047/001000 VUs, 9911 complete and 0 interrupted iterations
default   [  66% ] 000047/001000 VUs  10.0s/15s  1000.00 iters/s

running (11.0s), 000044/001000 VUs, 10915 complete and 0 interrupted iterations
default   [  73% ] 000044/001000 VUs  11.0s/15s  1000.00 iters/s

running (12.0s), 000045/001000 VUs, 11913 complete and 0 interrupted iterations
default   [  80% ] 000045/001000 VUs  12.0s/15s  1000.00 iters/s

running (13.0s), 000044/001000 VUs, 12914 complete and 0 interrupted iterations
default   [  86% ] 000044/001000 VUs  13.0s/15s  1000.00 iters/s

running (14.0s), 000037/001000 VUs, 13921 complete and 0 interrupted iterations
default   [  93% ] 000037/001000 VUs  14.0s/15s  1000.00 iters/s

running (15.0s), 000031/001000 VUs, 14928 complete and 0 interrupted iterations
default   [ 100% ] 000031/001000 VUs  15.0s/15s  1000.00 iters/s


  █ TOTAL RESULTS 

    HTTP
    http_req_duration..............: avg=39.89ms min=20.76ms med=39.55ms max=76.13ms p(90)=51.77ms p(95)=56.33ms
      { expected_response:true }...: avg=39.89ms min=20.76ms med=39.55ms max=76.13ms p(90)=51.77ms p(95)=56.33ms
    http_req_failed................: 0.00%  0 out of 15000
    http_reqs......................: 15000  997.773147/s

    EXECUTION
    iteration_duration.............: avg=39.98ms min=20.83ms med=39.65ms max=76.2ms  p(90)=51.87ms p(95)=56.41ms
    iterations.....................: 15000  997.773147/s
    vus............................: 31     min=31         max=50  
    vus_max........................: 1000   min=1000       max=1000

    NETWORK
    data_received..................: 3.2 MB 213 kB/s
    data_sent......................: 2.9 MB 196 kB/s




running (15.0s), 000000/001000 VUs, 15000 complete and 0 interrupted iterations
default ✓ [ 100% ] 000000/001000 VUs  15s  1000.00 iters/s
