
         /\      Grafana   /‾‾/  
    /\  /  \     |\  __   /  /   
   /  \/    \    | |/ /  /   ‾‾\ 
  /          \   |   (  |  (‾)  |
 / __________ \  |_|\_\  \_____/ 

     execution: local
        script: workflow/social/k6_open_client.js
        output: -

     scenarios: (100.00%) 1 scenario, 10000 max VUs, 15s max duration (incl. graceful stop):
              * default: 50.00 iterations/s for 15s (maxVUs: 50-10000)


running (01.0s), 00003/00050 VUs, 47 complete and 0 interrupted iterations
default   [   7% ] 00003/00050 VUs  01.0s/15s  50.00 iters/s

running (02.0s), 00007/00050 VUs, 93 complete and 0 interrupted iterations
default   [  13% ] 00007/00050 VUs  02.0s/15s  50.00 iters/s

running (03.0s), 00006/00050 VUs, 144 complete and 0 interrupted iterations
default   [  20% ] 00006/00050 VUs  03.0s/15s  50.00 iters/s

running (04.0s), 00008/00050 VUs, 192 complete and 0 interrupted iterations
default   [  27% ] 00008/00050 VUs  04.0s/15s  50.00 iters/s

running (05.0s), 00009/00050 VUs, 241 complete and 0 interrupted iterations
default   [  33% ] 00009/00050 VUs  05.0s/15s  50.00 iters/s

running (06.0s), 00010/00050 VUs, 290 complete and 0 interrupted iterations
default   [  40% ] 00010/00050 VUs  06.0s/15s  50.00 iters/s

running (07.0s), 00013/00050 VUs, 337 complete and 0 interrupted iterations
default   [  47% ] 00013/00050 VUs  07.0s/15s  50.00 iters/s

running (08.0s), 00015/00050 VUs, 385 complete and 0 interrupted iterations
default   [  53% ] 00015/00050 VUs  08.0s/15s  50.00 iters/s

running (09.0s), 00019/00050 VUs, 431 complete and 0 interrupted iterations
default   [  60% ] 00019/00050 VUs  09.0s/15s  50.00 iters/s

running (10.0s), 00022/00050 VUs, 478 complete and 0 interrupted iterations
default   [  67% ] 00022/00050 VUs  10.0s/15s  50.00 iters/s

running (11.0s), 00024/00050 VUs, 526 complete and 0 interrupted iterations
default   [  73% ] 00024/00050 VUs  11.0s/15s  50.00 iters/s

running (12.0s), 00026/00050 VUs, 574 complete and 0 interrupted iterations
default   [  80% ] 00026/00050 VUs  12.0s/15s  50.00 iters/s

running (13.0s), 00029/00050 VUs, 621 complete and 0 interrupted iterations
default   [  87% ] 00029/00050 VUs  13.0s/15s  50.00 iters/s

running (14.0s), 00033/00050 VUs, 667 complete and 0 interrupted iterations
default   [  93% ] 00033/00050 VUs  14.0s/15s  50.00 iters/s

running (15.0s), 00034/00050 VUs, 716 complete and 0 interrupted iterations
default   [ 100% ] 00034/00050 VUs  15.0s/15s  50.00 iters/s


  █ TOTAL RESULTS 

    HTTP
    http_req_duration..............: avg=327ms    min=34.55ms med=297.76ms max=706.43ms p(90)=618.48ms p(95)=660.26ms
      { expected_response:true }...: avg=327ms    min=34.55ms med=297.76ms max=706.43ms p(90)=618.48ms p(95)=660.26ms
    http_req_failed................: 0.00%  0 out of 716
    http_reqs......................: 716    47.730276/s

    EXECUTION
    iteration_duration.............: avg=327.15ms min=35.18ms med=297.9ms  max=706.58ms p(90)=618.58ms p(95)=660.38ms
    iterations.....................: 716    47.730276/s
    vus............................: 34     min=3        max=34
    vus_max........................: 50     min=50       max=50

    NETWORK
    data_received..................: 166 kB 11 kB/s
    data_sent......................: 246 kB 16 kB/s




running (15.0s), 00000/00050 VUs, 716 complete and 35 interrupted iterations
default ✓ [ 100% ] 00035/00050 VUs  15s  50.00 iters/s
