2026/04/24 08:11:31 telemetry disabled: AEGEAN_DISABLE_TRACING=1

         /\      Grafana   /‾‾/  
    /\  /  \     |\  __   /  /   
   /  \/    \    | |/ /  /   ‾‾\ 
  /          \   |   (  |  (‾)  |
 / __________ \  |_|\_\  \_____/ 

     execution: local
        script: workflow/social/k6_open_read_user_timeline.js
        output: -

     scenarios: (100.00%) 1 scenario, 10000 max VUs, 45s max duration (incl. graceful stop):
              * default: 200.00 iterations/s for 15s (maxVUs: 0-10000, gracefulStop: 30s)


running (01.0s), 00005/00014 VUs, 181 complete and 0 interrupted iterations
default   [   7% ] 00005/00014 VUs  01.0s/15s  200.00 iters/s

running (02.0s), 00008/00014 VUs, 378 complete and 0 interrupted iterations
default   [  13% ] 00008/00014 VUs  02.0s/15s  200.00 iters/s

running (03.0s), 00012/00015 VUs, 572 complete and 0 interrupted iterations
default   [  20% ] 00012/00015 VUs  03.0s/15s  200.00 iters/s

running (04.0s), 00004/00015 VUs, 780 complete and 0 interrupted iterations
default   [  27% ] 00005/00015 VUs  04.0s/15s  200.00 iters/s

running (05.0s), 00005/00015 VUs, 980 complete and 0 interrupted iterations
default   [  33% ] 00005/00015 VUs  05.0s/15s  200.00 iters/s

running (06.0s), 00011/00015 VUs, 1174 complete and 0 interrupted iterations
default   [  40% ] 00011/00015 VUs  06.0s/15s  200.00 iters/s

running (07.0s), 00010/00015 VUs, 1375 complete and 0 interrupted iterations
default   [  47% ] 00010/00015 VUs  07.0s/15s  200.00 iters/s

running (08.0s), 00009/00015 VUs, 1575 complete and 0 interrupted iterations
default   [  53% ] 00010/00015 VUs  08.0s/15s  200.00 iters/s

running (09.0s), 00005/00015 VUs, 1779 complete and 0 interrupted iterations
default   [  60% ] 00006/00015 VUs  09.0s/15s  200.00 iters/s

running (10.0s), 00006/00016 VUs, 1978 complete and 0 interrupted iterations
default   [  67% ] 00006/00016 VUs  10.0s/15s  200.00 iters/s

running (11.0s), 00008/00016 VUs, 2176 complete and 0 interrupted iterations
default   [  73% ] 00008/00016 VUs  11.0s/15s  200.00 iters/s

running (12.0s), 00010/00016 VUs, 2374 complete and 0 interrupted iterations
default   [  80% ] 00010/00016 VUs  12.0s/15s  200.00 iters/s

running (13.0s), 00008/00016 VUs, 2575 complete and 0 interrupted iterations
default   [  87% ] 00009/00016 VUs  13.0s/15s  200.00 iters/s

running (14.0s), 00005/00016 VUs, 2779 complete and 0 interrupted iterations
default   [  93% ] 00005/00016 VUs  14.0s/15s  200.00 iters/s

running (15.0s), 00005/00016 VUs, 2979 complete and 0 interrupted iterations
default ↓ [ 100% ] 00005/00016 VUs  15s  200.00 iters/s


  █ TOTAL RESULTS 

    HTTP
    http_req_duration..............: avg=40.45ms min=11.72ms med=38.88ms max=74.57ms p(90)=61.92ms p(95)=65ms   
      { expected_response:true }...: avg=40.45ms min=11.72ms med=38.88ms max=74.57ms p(90)=61.92ms p(95)=65ms   
    http_req_failed................: 0.00%  0 out of 2984
    http_reqs......................: 2984   198.705617/s

    EXECUTION
    dropped_iterations.............: 17     1.132036/s
    iteration_duration.............: avg=40.53ms min=11.76ms med=38.95ms max=74.67ms p(90)=62.02ms p(95)=65.06ms
    iterations.....................: 2984   198.705617/s
    vus............................: 5      min=4         max=13
    vus_max........................: 16     min=14        max=16

    NETWORK
    data_received..................: 3.7 MB 247 kB/s
    data_sent......................: 673 kB 45 kB/s




running (15.0s), 00000/00016 VUs, 2984 complete and 0 interrupted iterations
default ✓ [ 100% ] 00000/00016 VUs  15s  200.00 iters/s
