2026/04/24 07:48:17 telemetry disabled: AEGEAN_DISABLE_TRACING=1

         /\      Grafana   /‾‾/  
    /\  /  \     |\  __   /  /   
   /  \/    \    | |/ /  /   ‾‾\ 
  /          \   |   (  |  (‾)  |
 / __________ \  |_|\_\  \_____/ 

     execution: local
        script: workflow/req_race/k6_open_client.js
        output: -

     scenarios: (100.00%) 1 scenario, 10000 max VUs, 45s max duration (incl. graceful stop):
              * default: 200.00 iterations/s for 15s (maxVUs: 0-10000, gracefulStop: 30s)


running (01.0s), 00086/00086 VUs, 12 complete and 0 interrupted iterations
default   [   7% ] 00086/00086 VUs  01.0s/15s  200.00 iters/s

running (02.0s), 00185/00185 VUs, 12 complete and 0 interrupted iterations
default   [  13% ] 00185/00185 VUs  02.0s/15s  200.00 iters/s

running (03.0s), 00270/00271 VUs, 12 complete and 0 interrupted iterations
default   [  20% ] 00270/00271 VUs  03.0s/15s  200.00 iters/s

running (04.0s), 00365/00366 VUs, 12 complete and 0 interrupted iterations
default   [  27% ] 00366/00366 VUs  04.0s/15s  200.00 iters/s

running (05.0s), 00462/00462 VUs, 12 complete and 0 interrupted iterations
default   [  33% ] 00462/00462 VUs  05.0s/15s  200.00 iters/s

running (06.0s), 00557/00557 VUs, 12 complete and 0 interrupted iterations
default   [  40% ] 00557/00557 VUs  06.0s/15s  200.00 iters/s

running (07.0s), 00646/00646 VUs, 12 complete and 0 interrupted iterations
default   [  47% ] 00646/00646 VUs  07.0s/15s  200.00 iters/s

running (08.0s), 00701/00702 VUs, 12 complete and 0 interrupted iterations
default   [  53% ] 00701/00702 VUs  08.0s/15s  200.00 iters/s

running (09.0s), 00787/00788 VUs, 12 complete and 0 interrupted iterations
default   [  60% ] 00787/00788 VUs  09.0s/15s  200.00 iters/s

running (10.0s), 00875/00875 VUs, 12 complete and 0 interrupted iterations
default   [  67% ] 00875/00875 VUs  10.0s/15s  200.00 iters/s

running (11.0s), 00956/00956 VUs, 12 complete and 0 interrupted iterations
default   [  73% ] 00956/00956 VUs  11.0s/15s  200.00 iters/s

running (12.0s), 01013/01014 VUs, 12 complete and 0 interrupted iterations
default   [  80% ] 01014/01014 VUs  12.0s/15s  200.00 iters/s

running (13.0s), 01103/01103 VUs, 12 complete and 0 interrupted iterations
default   [  87% ] 01103/01103 VUs  13.0s/15s  200.00 iters/s

running (14.0s), 01173/01173 VUs, 12 complete and 0 interrupted iterations
default   [  93% ] 01173/01173 VUs  14.0s/15s  200.00 iters/s

running (15.0s), 01262/01262 VUs, 12 complete and 0 interrupted iterations
default ↓ [ 100% ] 01262/01262 VUs  15s  200.00 iters/s

running (16.0s), 01262/01262 VUs, 12 complete and 0 interrupted iterations
default ↓ [ 100% ] 01262/01262 VUs  15s  200.00 iters/s

running (17.0s), 01262/01262 VUs, 12 complete and 0 interrupted iterations
default ↓ [ 100% ] 01262/01262 VUs  15s  200.00 iters/s

running (18.0s), 01262/01262 VUs, 12 complete and 0 interrupted iterations
default ↓ [ 100% ] 01262/01262 VUs  15s  200.00 iters/s

running (19.0s), 01262/01262 VUs, 12 complete and 0 interrupted iterations
default ↓ [ 100% ] 01262/01262 VUs  15s  200.00 iters/s
2026/04/24 07:48:51 k6 open client request logic timed out after 20s
