
         /\      Grafana   /‾‾/  
    /\  /  \     |\  __   /  /   
   /  \/    \    | |/ /  /   ‾‾\ 
  /          \   |   (  |  (‾)  |
 / __________ \  |_|\_\  \_____/ 

     execution: local
        script: workflow/write/k6_open_client.js
        output: -

     scenarios: (100.00%) 1 scenario, 10000 max VUs, 15s max duration (incl. graceful stop):
              * default: 180.00 iterations/s for 15s (maxVUs: 180-10000)


running (01.0s), 00010/00180 VUs, 168 complete and 0 interrupted iterations
default   [   7% ] 00010/00180 VUs  01.0s/15s  180.00 iters/s

running (02.0s), 00013/00180 VUs, 345 complete and 0 interrupted iterations
default   [  13% ] 00013/00180 VUs  02.0s/15s  180.00 iters/s

running (03.0s), 00011/00180 VUs, 527 complete and 0 interrupted iterations
default   [  20% ] 00011/00180 VUs  03.0s/15s  180.00 iters/s

running (04.0s), 00020/00180 VUs, 698 complete and 0 interrupted iterations
default   [  27% ] 00020/00180 VUs  04.0s/15s  180.00 iters/s

running (05.0s), 00018/00180 VUs, 880 complete and 0 interrupted iterations
default   [  33% ] 00018/00180 VUs  05.0s/15s  180.00 iters/s

running (06.0s), 00011/00180 VUs, 1067 complete and 0 interrupted iterations
default   [  40% ] 00011/00180 VUs  06.0s/15s  180.00 iters/s

running (07.0s), 00015/00180 VUs, 1243 complete and 0 interrupted iterations
default   [  47% ] 00015/00180 VUs  07.0s/15s  180.00 iters/s

running (08.0s), 00019/00180 VUs, 1419 complete and 0 interrupted iterations
default   [  53% ] 00019/00180 VUs  08.0s/15s  180.00 iters/s

running (09.0s), 00018/00180 VUs, 1600 complete and 0 interrupted iterations
default   [  60% ] 00018/00180 VUs  09.0s/15s  180.00 iters/s

running (10.0s), 00011/00180 VUs, 1787 complete and 0 interrupted iterations
default   [  67% ] 00011/00180 VUs  10.0s/15s  180.00 iters/s

running (11.0s), 00021/00180 VUs, 1957 complete and 0 interrupted iterations
default   [  73% ] 00021/00180 VUs  11.0s/15s  180.00 iters/s

running (12.0s), 00025/00180 VUs, 2133 complete and 0 interrupted iterations
default   [  80% ] 00025/00180 VUs  12.0s/15s  180.00 iters/s

running (13.0s), 00045/00180 VUs, 2293 complete and 0 interrupted iterations
default   [  87% ] 00045/00180 VUs  13.0s/15s  180.00 iters/s

running (14.0s), 00071/00180 VUs, 2447 complete and 0 interrupted iterations
default   [  93% ] 00071/00180 VUs  14.0s/15s  180.00 iters/s

running (15.0s), 00102/00180 VUs, 2596 complete and 0 interrupted iterations
default   [ 100% ] 00102/00180 VUs  15.0s/15s  180.00 iters/s


  █ TOTAL RESULTS 

    HTTP
    http_req_duration..............: avg=125.83ms min=39.16ms med=91.39ms max=606.83ms p(90)=253.71ms p(95)=398.17ms
      { expected_response:true }...: avg=125.83ms min=39.16ms med=91.39ms max=606.83ms p(90)=253.71ms p(95)=398.17ms
    http_req_failed................: 0.00%  0 out of 2596
    http_reqs......................: 2596   173.046179/s

    EXECUTION
    iteration_duration.............: avg=125.98ms min=39.22ms med=91.44ms max=606.89ms p(90)=253.78ms p(95)=398.25ms
    iterations.....................: 2596   173.046179/s
    vus............................: 102    min=10        max=102
    vus_max........................: 180    min=180       max=180

    NETWORK
    data_received..................: 550 kB 37 kB/s
    data_sent......................: 270 kB 18 kB/s




running (15.0s), 00000/00180 VUs, 2596 complete and 104 interrupted iterations
default ✓ [ 100% ] 00104/00180 VUs  15s  180.00 iters/s
