
         /\      Grafana   /‾‾/  
    /\  /  \     |\  __   /  /   
   /  \/    \    | |/ /  /   ‾‾\ 
  /          \   |   (  |  (‾)  |
 / __________ \  |_|\_\  \_____/ 

     execution: local
        script: workflow/aegean/k6_open_client.js
        output: -

     scenarios: (100.00%) 1 scenario, 10000 max VUs, 45s max duration (incl. graceful stop):
              * default: 200.00 iterations/s for 15s (maxVUs: 0-10000, gracefulStop: 30s)


running (01.0s), 00005/00007 VUs, 188 complete and 0 interrupted iterations
default   [   7% ] 00005/00007 VUs  01.0s/15s  200.00 iters/s

running (02.0s), 00005/00007 VUs, 388 complete and 0 interrupted iterations
default   [  13% ] 00005/00007 VUs  02.0s/15s  200.00 iters/s

running (03.0s), 00004/00007 VUs, 588 complete and 0 interrupted iterations
default   [  20% ] 00004/00007 VUs  03.0s/15s  200.00 iters/s

running (04.0s), 00005/00007 VUs, 788 complete and 0 interrupted iterations
default   [  27% ] 00005/00007 VUs  04.0s/15s  200.00 iters/s

running (05.0s), 00006/00007 VUs, 987 complete and 0 interrupted iterations
default   [  33% ] 00006/00007 VUs  05.0s/15s  200.00 iters/s

running (06.0s), 00006/00007 VUs, 1187 complete and 0 interrupted iterations
default   [  40% ] 00006/00007 VUs  06.0s/15s  200.00 iters/s

running (07.0s), 00005/00007 VUs, 1388 complete and 0 interrupted iterations
default   [  47% ] 00005/00007 VUs  07.0s/15s  200.00 iters/s

running (08.0s), 00005/00007 VUs, 1588 complete and 0 interrupted iterations
default   [  53% ] 00005/00007 VUs  08.0s/15s  200.00 iters/s

running (09.0s), 00006/00007 VUs, 1787 complete and 0 interrupted iterations
default   [  60% ] 00006/00007 VUs  09.0s/15s  200.00 iters/s

running (10.0s), 00006/00007 VUs, 1987 complete and 0 interrupted iterations
default   [  67% ] 00006/00007 VUs  10.0s/15s  200.00 iters/s

running (11.0s), 00006/00007 VUs, 2187 complete and 0 interrupted iterations
default   [  73% ] 00006/00007 VUs  11.0s/15s  200.00 iters/s

running (12.0s), 00005/00007 VUs, 2387 complete and 0 interrupted iterations
default   [  80% ] 00005/00007 VUs  12.0s/15s  200.00 iters/s

running (13.0s), 00005/00007 VUs, 2588 complete and 0 interrupted iterations
default   [  87% ] 00005/00007 VUs  13.0s/15s  200.00 iters/s

running (14.0s), 00005/00007 VUs, 2787 complete and 0 interrupted iterations
default   [  93% ] 00005/00007 VUs  14.0s/15s  200.00 iters/s

running (15.0s), 00006/00007 VUs, 2987 complete and 0 interrupted iterations
default   [ 100% ] 00006/00007 VUs  15s  200.00 iters/s


  █ TOTAL RESULTS 

    HTTP
    http_req_duration..............: avg=21.69ms min=17.49ms med=21.56ms max=28.88ms p(90)=23.65ms p(95)=24.05ms
      { expected_response:true }...: avg=21.69ms min=17.49ms med=21.56ms max=28.88ms p(90)=23.65ms p(95)=24.05ms
    http_req_failed................: 0.00%  0 out of 2993
    http_reqs......................: 2993   199.181234/s

    EXECUTION
    dropped_iterations.............: 8      0.532392/s
    iteration_duration.............: avg=24.8ms  min=19.24ms med=24.78ms max=32.05ms p(90)=27ms    p(95)=27.42ms
    iterations.....................: 2993   199.181234/s
    vus............................: 6      min=4         max=6
    vus_max........................: 7      min=7         max=7

    NETWORK
    data_received..................: 150 MB 10 MB/s
    data_sent......................: 151 MB 10 MB/s




running (15.0s), 00000/00007 VUs, 2993 complete and 0 interrupted iterations
default ✓ [ 100% ] 00000/00007 VUs  15s  200.00 iters/s
