
         /\      Grafana   /‾‾/  
    /\  /  \     |\  __   /  /   
   /  \/    \    | |/ /  /   ‾‾\ 
  /          \   |   (  |  (‾)  |
 / __________ \  |_|\_\  \_____/ 

     execution: local
        script: workflow/hotel/k6_open_hotels_client.js
        output: -

     scenarios: (100.00%) 1 scenario, 10000 max VUs, 15s max duration (incl. graceful stop):
              * default: 70.00 iterations/s for 15s (maxVUs: 70-10000)


running (01.0s), 00002/00070 VUs, 68 complete and 0 interrupted iterations
default   [   7% ] 00002/00070 VUs  01.0s/15s  70.00 iters/s

running (02.0s), 00002/00070 VUs, 138 complete and 0 interrupted iterations
default   [  13% ] 00002/00070 VUs  02.0s/15s  70.00 iters/s

running (03.0s), 00002/00070 VUs, 208 complete and 0 interrupted iterations
default   [  20% ] 00002/00070 VUs  03.0s/15s  70.00 iters/s

running (04.0s), 00002/00070 VUs, 278 complete and 0 interrupted iterations
default   [  27% ] 00002/00070 VUs  04.0s/15s  70.00 iters/s

running (05.0s), 00002/00070 VUs, 348 complete and 0 interrupted iterations
default   [  33% ] 00002/00070 VUs  05.0s/15s  70.00 iters/s

running (06.0s), 00002/00070 VUs, 418 complete and 0 interrupted iterations
default   [  40% ] 00002/00070 VUs  06.0s/15s  70.00 iters/s

running (07.0s), 00002/00070 VUs, 488 complete and 0 interrupted iterations
default   [  47% ] 00002/00070 VUs  07.0s/15s  70.00 iters/s

running (08.0s), 00002/00070 VUs, 558 complete and 0 interrupted iterations
default   [  53% ] 00002/00070 VUs  08.0s/15s  70.00 iters/s

running (09.0s), 00002/00070 VUs, 628 complete and 0 interrupted iterations
default   [  60% ] 00002/00070 VUs  09.0s/15s  70.00 iters/s

running (10.0s), 00002/00070 VUs, 698 complete and 0 interrupted iterations
default   [  67% ] 00002/00070 VUs  10.0s/15s  70.00 iters/s

running (11.0s), 00002/00070 VUs, 768 complete and 0 interrupted iterations
default   [  73% ] 00002/00070 VUs  11.0s/15s  70.00 iters/s

running (12.0s), 00002/00070 VUs, 838 complete and 0 interrupted iterations
default   [  80% ] 00002/00070 VUs  12.0s/15s  70.00 iters/s

running (13.0s), 00002/00070 VUs, 908 complete and 0 interrupted iterations
default   [  87% ] 00002/00070 VUs  13.0s/15s  70.00 iters/s

running (14.0s), 00002/00070 VUs, 978 complete and 0 interrupted iterations
default   [  93% ] 00002/00070 VUs  14.0s/15s  70.00 iters/s

running (15.0s), 00002/00070 VUs, 1048 complete and 0 interrupted iterations
default   [ 100% ] 00002/00070 VUs  15.0s/15s  70.00 iters/s


  █ TOTAL RESULTS 

    HTTP
    http_req_duration..............: avg=24.81ms min=17.66ms med=24.12ms max=42.58ms p(90)=27.24ms p(95)=37.69ms
      { expected_response:true }...: avg=24.81ms min=17.66ms med=24.12ms max=42.58ms p(90)=27.24ms p(95)=37.69ms
    http_req_failed................: 0.00%  0 out of 1049
    http_reqs......................: 1049   69.929275/s

    EXECUTION
    iteration_duration.............: avg=24.98ms min=18ms    med=24.3ms  max=42.7ms  p(90)=27.47ms p(95)=37.82ms
    iterations.....................: 1049   69.929275/s
    vus............................: 2      min=2         max=2 
    vus_max........................: 70     min=70        max=70

    NETWORK
    data_received..................: 309 kB 21 kB/s
    data_sent......................: 344 kB 23 kB/s




running (15.0s), 00000/00070 VUs, 1049 complete and 2 interrupted iterations
default ✓ [ 100% ] 00002/00070 VUs  15s  70.00 iters/s
