
         /\      Grafana   /‾‾/  
    /\  /  \     |\  __   /  /   
   /  \/    \    | |/ /  /   ‾‾\ 
  /          \   |   (  |  (‾)  |
 / __________ \  |_|\_\  \_____/ 

     execution: local
        script: workflow/media/k6_open_review_compose.js
        output: -

     scenarios: (100.00%) 1 scenario, 10000 max VUs, 15s max duration (incl. graceful stop):
              * default: 20.00 iterations/s for 15s (maxVUs: 20-10000)


running (01.0s), 00001/00020 VUs, 19 complete and 0 interrupted iterations
default   [   7% ] 00001/00020 VUs  01.0s/15s  20.00 iters/s

running (02.0s), 00001/00020 VUs, 39 complete and 0 interrupted iterations
default   [  13% ] 00001/00020 VUs  02.0s/15s  20.00 iters/s

running (03.0s), 00001/00020 VUs, 59 complete and 0 interrupted iterations
default   [  20% ] 00001/00020 VUs  03.0s/15s  20.00 iters/s

running (04.0s), 00001/00020 VUs, 79 complete and 0 interrupted iterations
default   [  27% ] 00001/00020 VUs  04.0s/15s  20.00 iters/s

running (05.0s), 00001/00020 VUs, 99 complete and 0 interrupted iterations
default   [  33% ] 00001/00020 VUs  05.0s/15s  20.00 iters/s

running (06.0s), 00000/00020 VUs, 120 complete and 0 interrupted iterations
default   [  40% ] 00000/00020 VUs  06.0s/15s  20.00 iters/s

running (07.0s), 00000/00020 VUs, 140 complete and 0 interrupted iterations
default   [  47% ] 00000/00020 VUs  07.0s/15s  20.00 iters/s

running (08.0s), 00000/00020 VUs, 160 complete and 0 interrupted iterations
default   [  53% ] 00000/00020 VUs  08.0s/15s  20.00 iters/s

running (09.0s), 00000/00020 VUs, 180 complete and 0 interrupted iterations
default   [  60% ] 00000/00020 VUs  09.0s/15s  20.00 iters/s

running (10.0s), 00000/00020 VUs, 200 complete and 0 interrupted iterations
default   [  67% ] 00000/00020 VUs  10.0s/15s  20.00 iters/s

running (11.0s), 00001/00020 VUs, 219 complete and 0 interrupted iterations
default   [  73% ] 00001/00020 VUs  11.0s/15s  20.00 iters/s

running (12.0s), 00001/00020 VUs, 239 complete and 0 interrupted iterations
default   [  80% ] 00001/00020 VUs  12.0s/15s  20.00 iters/s

running (13.0s), 00001/00020 VUs, 259 complete and 0 interrupted iterations
default   [  87% ] 00001/00020 VUs  13.0s/15s  20.00 iters/s

running (14.0s), 00001/00020 VUs, 279 complete and 0 interrupted iterations
default   [  93% ] 00001/00020 VUs  14.0s/15s  20.00 iters/s

running (15.0s), 00001/00020 VUs, 299 complete and 0 interrupted iterations
default   [ 100% ] 00001/00020 VUs  15.0s/15s  20.00 iters/s


  █ TOTAL RESULTS 

    HTTP
    http_req_duration..............: avg=47.35ms min=39.98ms med=47.53ms max=54.77ms p(90)=51.24ms p(95)=52.03ms
      { expected_response:true }...: avg=47.35ms min=39.98ms med=47.53ms max=54.77ms p(90)=51.24ms p(95)=52.03ms
    http_req_failed................: 0.00%  0 out of 299
    http_reqs......................: 299    19.932575/s

    EXECUTION
    iteration_duration.............: avg=47.5ms  min=40.17ms med=47.63ms max=54.88ms p(90)=51.4ms  p(95)=52.12ms
    iterations.....................: 299    19.932575/s
    vus............................: 1      min=0        max=1 
    vus_max........................: 20     min=20       max=20

    NETWORK
    data_received..................: 71 kB  4.8 kB/s
    data_sent......................: 167 kB 11 kB/s




running (15.0s), 00000/00020 VUs, 299 complete and 2 interrupted iterations
default ✓ [ 100% ] 00001/00020 VUs  15s  20.00 iters/s
