
         /\      Grafana   /‾‾/  
    /\  /  \     |\  __   /  /   
   /  \/    \    | |/ /  /   ‾‾\ 
  /          \   |   (  |  (‾)  |
 / __________ \  |_|\_\  \_____/ 

     execution: local
        script: workflow/write/k6_open_client.js
        output: -

     scenarios: (100.00%) 1 scenario, 10000 max VUs, 15s max duration (incl. graceful stop):
              * default: 420.00 iterations/s for 15s (maxVUs: 420-10000)


running (01.0s), 00005/00420 VUs, 405 complete and 0 interrupted iterations
default   [   7% ] 00005/00420 VUs  01.0s/15s  420.00 iters/s

running (02.0s), 00006/00420 VUs, 824 complete and 0 interrupted iterations
default   [  13% ] 00006/00420 VUs  02.0s/15s  420.00 iters/s

running (03.0s), 00012/00420 VUs, 1238 complete and 0 interrupted iterations
default   [  20% ] 00012/00420 VUs  03.0s/15s  420.00 iters/s

running (04.0s), 00006/00420 VUs, 1664 complete and 0 interrupted iterations
default   [  27% ] 00006/00420 VUs  04.0s/15s  420.00 iters/s

running (05.0s), 00006/00420 VUs, 2084 complete and 0 interrupted iterations
default   [  33% ] 00006/00420 VUs  05.0s/15s  420.00 iters/s

running (06.0s), 00008/00420 VUs, 2502 complete and 0 interrupted iterations
default   [  40% ] 00008/00420 VUs  06.0s/15s  420.00 iters/s

running (07.0s), 00008/00420 VUs, 2922 complete and 0 interrupted iterations
default   [  47% ] 00008/00420 VUs  07.0s/15s  420.00 iters/s

running (08.0s), 00008/00420 VUs, 3342 complete and 0 interrupted iterations
default   [  53% ] 00008/00420 VUs  08.0s/15s  420.00 iters/s

running (09.0s), 00006/00420 VUs, 3764 complete and 0 interrupted iterations
default   [  60% ] 00006/00420 VUs  09.0s/15s  420.00 iters/s

running (10.0s), 00004/00420 VUs, 4186 complete and 0 interrupted iterations
default   [  67% ] 00004/00420 VUs  10.0s/15s  420.00 iters/s

running (11.0s), 00005/00420 VUs, 4605 complete and 0 interrupted iterations
default   [  73% ] 00005/00420 VUs  11.0s/15s  420.00 iters/s

running (12.0s), 00008/00420 VUs, 5022 complete and 0 interrupted iterations
default   [  80% ] 00008/00420 VUs  12.0s/15s  420.00 iters/s

running (13.0s), 00004/00420 VUs, 5446 complete and 0 interrupted iterations
default   [  87% ] 00004/00420 VUs  13.0s/15s  420.00 iters/s

running (14.0s), 00012/00420 VUs, 5858 complete and 0 interrupted iterations
default   [  93% ] 00012/00420 VUs  14.0s/15s  420.00 iters/s

running (15.0s), 00006/00420 VUs, 6284 complete and 0 interrupted iterations
default   [ 100% ] 00005/00420 VUs  15.0s/15s  420.00 iters/s


  █ TOTAL RESULTS 

    HTTP
    http_req_duration..............: avg=15.56ms min=7.78ms med=13.37ms max=58.92ms p(90)=24.89ms p(95)=29.59ms
      { expected_response:true }...: avg=15.56ms min=7.78ms med=13.37ms max=58.92ms p(90)=24.89ms p(95)=29.59ms
    http_req_failed................: 0.00%  0 out of 6295
    http_reqs......................: 6295   419.61202/s

    EXECUTION
    iteration_duration.............: avg=15.71ms min=7.83ms med=13.43ms max=70.68ms p(90)=25.24ms p(95)=30.09ms
    iterations.....................: 6295   419.61202/s
    vus............................: 6      min=4         max=12 
    vus_max........................: 420    min=420       max=420

    NETWORK
    data_received..................: 1.5 MB 100 kB/s
    data_sent......................: 630 kB 42 kB/s




running (15.0s), 00000/00420 VUs, 6295 complete and 6 interrupted iterations
default ✓ [ 100% ] 00006/00420 VUs  15s  420.00 iters/s
