
         /\      Grafana   /‾‾/  
    /\  /  \     |\  __   /  /   
   /  \/    \    | |/ /  /   ‾‾\ 
  /          \   |   (  |  (‾)  |
 / __________ \  |_|\_\  \_____/ 

     execution: local
        script: workflow/media/k6_open_review_compose.js
        output: -

     scenarios: (100.00%) 1 scenario, 10000 max VUs, 15s max duration (incl. graceful stop):
              * default: 349.00 iterations/s for 15s (maxVUs: 349-10000)


running (01.0s), 00028/00349 VUs, 314 complete and 0 interrupted iterations
default   [   7% ] 00028/00349 VUs  01.0s/15s  349.00 iters/s

running (02.0s), 00019/00349 VUs, 672 complete and 0 interrupted iterations
default   [  13% ] 00019/00349 VUs  02.0s/15s  349.00 iters/s

running (03.0s), 00076/00349 VUs, 964 complete and 0 interrupted iterations
default   [  20% ] 00076/00349 VUs  03.0s/15s  349.00 iters/s

running (04.0s), 00342/00360 VUs, 1036 complete and 0 interrupted iterations
default   [  27% ] 00342/00360 VUs  04.0s/15s  349.00 iters/s

running (05.0s), 00418/00436 VUs, 1233 complete and 0 interrupted iterations
default   [  33% ] 00418/00436 VUs  05.0s/15s  349.00 iters/s

running (06.0s), 00526/00526 VUs, 1384 complete and 0 interrupted iterations
default   [  40% ] 00526/00526 VUs  06.0s/15s  349.00 iters/s

running (07.0s), 00618/00618 VUs, 1546 complete and 0 interrupted iterations
default   [  47% ] 00618/00618 VUs  07.0s/15s  349.00 iters/s

running (08.0s), 00718/00718 VUs, 1694 complete and 0 interrupted iterations
default   [  53% ] 00718/00718 VUs  08.0s/15s  349.00 iters/s

running (09.0s), 00825/00826 VUs, 1827 complete and 0 interrupted iterations
default   [  60% ] 00826/00826 VUs  09.0s/15s  349.00 iters/s

running (10.0s), 00968/00968 VUs, 1892 complete and 0 interrupted iterations
default   [  67% ] 00968/00968 VUs  10.0s/15s  349.00 iters/s

running (11.0s), 01080/01080 VUs, 2016 complete and 0 interrupted iterations
default   [  73% ] 01080/01080 VUs  11.0s/15s  349.00 iters/s

running (12.0s), 01223/01223 VUs, 2078 complete and 0 interrupted iterations
default   [  80% ] 01223/01223 VUs  12.0s/15s  349.00 iters/s

running (13.0s), 01382/01382 VUs, 2110 complete and 0 interrupted iterations
default   [  87% ] 01382/01382 VUs  13.0s/15s  349.00 iters/s

running (14.0s), 01535/01535 VUs, 2152 complete and 0 interrupted iterations
default   [  93% ] 01535/01535 VUs  14.0s/15s  349.00 iters/s

running (15.0s), 01693/01693 VUs, 2186 complete and 0 interrupted iterations
default   [ 100% ] 01693/01693 VUs  15.0s/15s  349.00 iters/s


  █ TOTAL RESULTS 

    HTTP
    http_req_duration..............: avg=1.62s min=19.02ms med=1.25s max=7.71s p(90)=4.26s p(95)=5.31s
      { expected_response:true }...: avg=1.62s min=19.02ms med=1.25s max=7.71s p(90)=4.26s p(95)=5.31s
    http_req_failed................: 0.00%  0 out of 2186
    http_reqs......................: 2186   145.589609/s

    EXECUTION
    dropped_iterations.............: 1353   90.111044/s
    iteration_duration.............: avg=1.62s min=19.17ms med=1.25s max=7.71s p(90)=4.26s p(95)=5.31s
    iterations.....................: 2186   145.589609/s
    vus............................: 1693   min=19        max=1693
    vus_max........................: 1693   min=349       max=1693

    NETWORK
    data_received..................: 583 kB 39 kB/s
    data_sent......................: 2.2 MB 144 kB/s




running (15.0s), 00000/01697 VUs, 2186 complete and 1697 interrupted iterations
default ✓ [ 100% ] 01697/01697 VUs  15s  349.00 iters/s
