2026/04/24 08:16:03 telemetry disabled: AEGEAN_DISABLE_TRACING=1

         /\      Grafana   /‾‾/  
    /\  /  \     |\  __   /  /   
   /  \/    \    | |/ /  /   ‾‾\ 
  /          \   |   (  |  (‾)  |
 / __________ \  |_|\_\  \_____/ 

     execution: local
        script: workflow/social/k6_open_read_user_timeline.js
        output: -

     scenarios: (100.00%) 1 scenario, 10000 max VUs, 45s max duration (incl. graceful stop):
              * default: 100.00 iterations/s for 15s (maxVUs: 0-10000, gracefulStop: 30s)


running (01.0s), 00001/00001 VUs, 98 complete and 0 interrupted iterations
default   [   7% ] 00001/00001 VUs  01.0s/15s  100.00 iters/s

running (02.0s), 00001/00002 VUs, 197 complete and 0 interrupted iterations
default   [  13% ] 00001/00002 VUs  02.0s/15s  100.00 iters/s

running (03.0s), 00001/00002 VUs, 297 complete and 0 interrupted iterations
default   [  20% ] 00001/00002 VUs  03.0s/15s  100.00 iters/s

running (04.0s), 00001/00002 VUs, 397 complete and 0 interrupted iterations
default   [  27% ] 00001/00002 VUs  04.0s/15s  100.00 iters/s

running (05.0s), 00000/00002 VUs, 497 complete and 0 interrupted iterations
default   [  33% ] 00000/00002 VUs  05.0s/15s  100.00 iters/s

running (06.0s), 00000/00002 VUs, 597 complete and 0 interrupted iterations
default   [  40% ] 00000/00002 VUs  06.0s/15s  100.00 iters/s

running (07.0s), 00000/00002 VUs, 697 complete and 0 interrupted iterations
default   [  47% ] 00000/00002 VUs  07.0s/15s  100.00 iters/s

running (08.0s), 00001/00002 VUs, 797 complete and 0 interrupted iterations
default   [  53% ] 00001/00002 VUs  08.0s/15s  100.00 iters/s

running (09.0s), 00000/00002 VUs, 897 complete and 0 interrupted iterations
default   [  60% ] 00000/00002 VUs  09.0s/15s  100.00 iters/s

running (10.0s), 00001/00002 VUs, 997 complete and 0 interrupted iterations
default   [  67% ] 00001/00002 VUs  10.0s/15s  100.00 iters/s

running (11.0s), 00001/00002 VUs, 1097 complete and 0 interrupted iterations
default   [  73% ] 00001/00002 VUs  11.0s/15s  100.00 iters/s

running (12.0s), 00001/00002 VUs, 1197 complete and 0 interrupted iterations
default   [  80% ] 00001/00002 VUs  12.0s/15s  100.00 iters/s

running (13.0s), 00001/00003 VUs, 1295 complete and 0 interrupted iterations
default   [  87% ] 00001/00003 VUs  13.0s/15s  100.00 iters/s

running (14.0s), 00000/00003 VUs, 1395 complete and 0 interrupted iterations
default   [  93% ] 00000/00003 VUs  14.0s/15s  100.00 iters/s

running (15.0s), 00001/00003 VUs, 1495 complete and 0 interrupted iterations
default ↓ [ 100% ] 00001/00003 VUs  15s  100.00 iters/s


  █ TOTAL RESULTS 

    HTTP
    http_req_duration..............: avg=2.23ms min=425.79µs med=2.07ms max=26.85ms p(90)=3.21ms p(95)=3.86ms
      { expected_response:true }...: avg=2.23ms min=425.79µs med=2.07ms max=26.85ms p(90)=3.21ms p(95)=3.86ms
    http_req_failed................: 0.00%  0 out of 1496
    http_reqs......................: 1496   99.70953/s

    EXECUTION
    dropped_iterations.............: 5      0.333254/s
    iteration_duration.............: avg=2.61ms min=498.62µs med=2.42ms max=27.06ms p(90)=3.73ms p(95)=4.49ms
    iterations.....................: 1496   99.70953/s
    vus............................: 1      min=0         max=1
    vus_max........................: 3      min=1         max=3

    NETWORK
    data_received..................: 1.9 MB 127 kB/s
    data_sent......................: 338 kB 23 kB/s




running (15.0s), 00000/00003 VUs, 1496 complete and 0 interrupted iterations
default ✓ [ 100% ] 00000/00003 VUs  15s  100.00 iters/s
