2026/05/05 06:18:13 telemetry disabled: AEGEAN_DISABLE_TRACING=1

         /\      Grafana   /‾‾/  
    /\  /  \     |\  __   /  /   
   /  \/    \    | |/ /  /   ‾‾\ 
  /          \   |   (  |  (‾)  |
 / __________ \  |_|\_\  \_____/ 

     execution: local
        script: workflow/aegean/k6_open_client.js
        output: -

     scenarios: (100.00%) 1 scenario, 10000 max VUs, 45s max duration (incl. graceful stop):
              * default: 1200.00 iterations/s for 15s (maxVUs: 0-10000, gracefulStop: 30s)


running (01.0s), 00299/00300 VUs, 409 complete and 0 interrupted iterations
default   [   7% ] 00298/00300 VUs  01.0s/15s  1200.00 iters/s

running (02.0s), 00578/00588 VUs, 859 complete and 0 interrupted iterations
default   [  13% ] 00577/00588 VUs  02.0s/15s  1200.00 iters/s

running (03.0s), 00865/00865 VUs, 1314 complete and 0 interrupted iterations
default   [  20% ] 00865/00865 VUs  03.0s/15s  1200.00 iters/s

running (04.0s), 01140/01157 VUs, 1756 complete and 0 interrupted iterations
default   [  27% ] 01141/01157 VUs  04.0s/15s  1200.00 iters/s

running (05.0s), 01434/01435 VUs, 2185 complete and 0 interrupted iterations
default   [  33% ] 01434/01435 VUs  05.0s/15s  1200.00 iters/s

running (06.0s), 01707/01738 VUs, 2635 complete and 0 interrupted iterations
default   [  40% ] 01708/01738 VUs  06.0s/15s  1200.00 iters/s

running (07.0s), 02024/02025 VUs, 3067 complete and 0 interrupted iterations
default   [  47% ] 02024/02025 VUs  07.0s/15s  1200.00 iters/s

running (08.0s), 02303/02303 VUs, 3519 complete and 0 interrupted iterations
default   [  53% ] 02303/02303 VUs  08.0s/15s  1200.00 iters/s

running (09.0s), 02591/02591 VUs, 3959 complete and 0 interrupted iterations
default   [  60% ] 02591/02591 VUs  09.0s/15s  1200.00 iters/s

running (10.0s), 02874/02874 VUs, 4413 complete and 0 interrupted iterations
default   [  67% ] 02874/02874 VUs  10.0s/15s  1200.00 iters/s

running (11.0s), 03163/03164 VUs, 4858 complete and 0 interrupted iterations
default   [  73% ] 03163/03164 VUs  11.0s/15s  1200.00 iters/s

running (12.0s), 03448/03448 VUs, 5295 complete and 0 interrupted iterations
default   [  80% ] 03448/03448 VUs  12.0s/15s  1200.00 iters/s

running (13.0s), 03701/03702 VUs, 5711 complete and 0 interrupted iterations
default   [  87% ] 03701/03702 VUs  13.0s/15s  1200.00 iters/s

running (14.0s), 03971/03972 VUs, 6172 complete and 0 interrupted iterations
default   [  93% ] 03971/03972 VUs  14.0s/15s  1200.00 iters/s

running (15.0s), 04246/04247 VUs, 6620 complete and 0 interrupted iterations
default   [ 100% ] 04246/04247 VUs  15s  1200.00 iters/s

running (16.0s), 03783/04248 VUs, 7084 complete and 0 interrupted iterations
default ↓ [ 100% ] 04247/04247 VUs  15s  1200.00 iters/s

running (17.0s), 03363/04248 VUs, 7504 complete and 0 interrupted iterations
default ↓ [ 100% ] 04247/04247 VUs  15s  1200.00 iters/s

running (18.0s), 02883/04248 VUs, 7984 complete and 0 interrupted iterations
default ↓ [ 100% ] 04247/04247 VUs  15s  1200.00 iters/s

running (19.0s), 02493/04248 VUs, 8374 complete and 0 interrupted iterations
default ↓ [ 100% ] 04247/04247 VUs  15s  1200.00 iters/s
2026/05/05 06:18:41 k6 client request logic timed out after 20s
