
         /\      Grafana   /‾‾/  
    /\  /  \     |\  __   /  /   
   /  \/    \    | |/ /  /   ‾‾\ 
  /          \   |   (  |  (‾)  |
 / __________ \  |_|\_\  \_____/ 

     execution: local
        script: workflow/aegean/k6_open_client.js
        output: -

     scenarios: (100.00%) 1 scenario, 50 max VUs, 45s max duration (incl. graceful stop):
              * default: 500.00 iterations/s for 15s (maxVUs: 50, gracefulStop: 30s)

time="2026-03-23T03:25:34Z" level=warning msg="Insufficient VUs, reached 50 active VUs and cannot initialize more" executor=constant-arrival-rate scenario=default

running (01.0s), 36/50 VUs, 245 complete and 0 interrupted iterations
default   [   7% ] 36/50 VUs  01.0s/15s  500.00 iters/s

running (02.0s), 50/50 VUs, 489 complete and 0 interrupted iterations
default   [  13% ] 50/50 VUs  02.0s/15s  500.00 iters/s

running (03.0s), 50/50 VUs, 696 complete and 0 interrupted iterations
default   [  20% ] 50/50 VUs  03.0s/15s  500.00 iters/s

running (04.0s), 43/50 VUs, 938 complete and 0 interrupted iterations
default   [  27% ] 44/50 VUs  04.0s/15s  500.00 iters/s

running (05.0s), 39/50 VUs, 1185 complete and 0 interrupted iterations
default   [  33% ] 39/50 VUs  05.0s/15s  500.00 iters/s

running (06.0s), 50/50 VUs, 1432 complete and 0 interrupted iterations
default   [  40% ] 50/50 VUs  06.0s/15s  500.00 iters/s

running (07.0s), 27/50 VUs, 1729 complete and 0 interrupted iterations
default   [  47% ] 27/50 VUs  07.0s/15s  500.00 iters/s

running (08.0s), 42/50 VUs, 1994 complete and 0 interrupted iterations
default   [  53% ] 42/50 VUs  08.0s/15s  500.00 iters/s

running (09.0s), 06/50 VUs, 2251 complete and 0 interrupted iterations
default   [  60% ] 06/50 VUs  09.0s/15s  500.00 iters/s

running (10.0s), 36/50 VUs, 2449 complete and 0 interrupted iterations
default   [  67% ] 36/50 VUs  10.0s/15s  500.00 iters/s

running (11.0s), 50/50 VUs, 2669 complete and 0 interrupted iterations
default   [  73% ] 50/50 VUs  11.0s/15s  500.00 iters/s

running (12.0s), 50/50 VUs, 2943 complete and 0 interrupted iterations
default   [  80% ] 50/50 VUs  12.0s/15s  500.00 iters/s

running (13.0s), 50/50 VUs, 3161 complete and 0 interrupted iterations
default   [  87% ] 50/50 VUs  13.0s/15s  500.00 iters/s

running (14.0s), 39/50 VUs, 3427 complete and 0 interrupted iterations
default   [  93% ] 39/50 VUs  14.0s/15s  500.00 iters/s

running (15.0s), 25/50 VUs, 3687 complete and 0 interrupted iterations
default   [ 100% ] 25/50 VUs  15.0s/15s  500.00 iters/s


  █ TOTAL RESULTS 

    HTTP
    http_req_duration..............: avg=164.18ms min=38.25ms med=159.35ms max=324.29ms p(90)=240.22ms p(95)=254.98ms
      { expected_response:true }...: avg=164.18ms min=38.25ms med=159.35ms max=324.29ms p(90)=240.22ms p(95)=254.98ms
    http_req_failed................: 0.00%  0 out of 3718
    http_reqs......................: 3718   246.760478/s

    EXECUTION
    dropped_iterations.............: 3783   251.074472/s
    iteration_duration.............: avg=164.28ms min=38.3ms  med=159.43ms max=324.36ms p(90)=240.37ms p(95)=255.05ms
    iterations.....................: 3718   246.760478/s
    vus............................: 25     min=7         max=50
    vus_max........................: 50     min=50        max=50

    NETWORK
    data_received..................: 1.1 MB 71 kB/s
    data_sent......................: 1.4 MB 92 kB/s




running (15.1s), 00/50 VUs, 3718 complete and 0 interrupted iterations
default ✓ [ 100% ] 00/50 VUs  15s  500.00 iters/s
