2026/05/02 05:42:54 telemetry disabled: AEGEAN_DISABLE_TRACING=1

         /\      Grafana   /‾‾/  
    /\  /  \     |\  __   /  /   
   /  \/    \    | |/ /  /   ‾‾\ 
  /          \   |   (  |  (‾)  |
 / __________ \  |_|\_\  \_____/ 

     execution: local
        script: workflow/aegean/k6_open_client.js
        output: -

     scenarios: (100.00%) 1 scenario, 10000 max VUs, 45s max duration (incl. graceful stop):
              * default: 250.00 iterations/s for 15s (maxVUs: 0-10000, gracefulStop: 30s)


running (01.0s), 00004/00005 VUs, 241 complete and 0 interrupted iterations
default   [   7% ] 00004/00005 VUs  01.0s/15s  250.00 iters/s

running (02.0s), 00003/00006 VUs, 491 complete and 0 interrupted iterations
default   [  13% ] 00003/00006 VUs  02.0s/15s  250.00 iters/s

running (03.0s), 00003/00006 VUs, 740 complete and 0 interrupted iterations
default   [  20% ] 00004/00006 VUs  03.0s/15s  250.00 iters/s

running (04.0s), 00003/00006 VUs, 990 complete and 0 interrupted iterations
default   [  27% ] 00004/00006 VUs  04.0s/15s  250.00 iters/s

running (05.0s), 00003/00006 VUs, 1240 complete and 0 interrupted iterations
default   [  33% ] 00003/00006 VUs  05.0s/15s  250.00 iters/s

running (06.0s), 00004/00006 VUs, 1490 complete and 0 interrupted iterations
default   [  40% ] 00004/00006 VUs  06.0s/15s  250.00 iters/s

running (07.0s), 00003/00006 VUs, 1741 complete and 0 interrupted iterations
default   [  47% ] 00003/00006 VUs  07.0s/15s  250.00 iters/s

running (08.0s), 00004/00006 VUs, 1990 complete and 0 interrupted iterations
default   [  53% ] 00004/00006 VUs  08.0s/15s  250.00 iters/s

running (09.0s), 00004/00006 VUs, 2240 complete and 0 interrupted iterations
default   [  60% ] 00004/00006 VUs  09.0s/15s  250.00 iters/s

running (10.0s), 00004/00006 VUs, 2490 complete and 0 interrupted iterations
default   [  67% ] 00004/00006 VUs  10.0s/15s  250.00 iters/s

running (11.0s), 00003/00006 VUs, 2741 complete and 0 interrupted iterations
default   [  73% ] 00003/00006 VUs  11.0s/15s  250.00 iters/s

running (12.0s), 00004/00006 VUs, 2990 complete and 0 interrupted iterations
default   [  80% ] 00004/00006 VUs  12.0s/15s  250.00 iters/s

running (13.0s), 00004/00006 VUs, 3240 complete and 0 interrupted iterations
default   [  87% ] 00004/00006 VUs  13.0s/15s  250.00 iters/s

running (14.0s), 00004/00006 VUs, 3490 complete and 0 interrupted iterations
default   [  93% ] 00004/00006 VUs  14.0s/15s  250.00 iters/s

running (15.0s), 00004/00006 VUs, 3740 complete and 0 interrupted iterations
default ↓ [ 100% ] 00004/00006 VUs  15s  250.00 iters/s


  █ TOTAL RESULTS 

    HTTP
    http_req_duration..............: avg=13.78ms min=11.59ms med=13.67ms max=20.91ms p(90)=15.02ms p(95)=15.55ms
      { expected_response:true }...: avg=13.78ms min=11.59ms med=13.67ms max=20.91ms p(90)=15.02ms p(95)=15.55ms
    http_req_failed................: 0.00%  0 out of 3744
    http_reqs......................: 3744   249.375331/s

    EXECUTION
    dropped_iterations.............: 7      0.466247/s
    iteration_duration.............: avg=13.84ms min=11.64ms med=13.74ms max=21.05ms p(90)=15.09ms p(95)=15.62ms
    iterations.....................: 3744   249.375331/s
    vus............................: 3      min=3         max=4
    vus_max........................: 6      min=5         max=6

    NETWORK
    data_received..................: 1.3 MB 88 kB/s
    data_sent......................: 1.4 MB 93 kB/s




running (15.0s), 00000/00006 VUs, 3744 complete and 0 interrupted iterations
default ✓ [ 100% ] 00000/00006 VUs  15s  250.00 iters/s
