2026/04/24 07:09:21 telemetry disabled: AEGEAN_DISABLE_TRACING=1

         /\      Grafana   /‾‾/  
    /\  /  \     |\  __   /  /   
   /  \/    \    | |/ /  /   ‾‾\ 
  /          \   |   (  |  (‾)  |
 / __________ \  |_|\_\  \_____/ 

     execution: local
        script: workflow/hotel/k6_open_recommendations_client.js
        output: -

     scenarios: (100.00%) 1 scenario, 10000 max VUs, 45s max duration (incl. graceful stop):
              * default: 400.00 iterations/s for 15s (maxVUs: 0-10000, gracefulStop: 30s)


running (01.0s), 00029/00041 VUs, 329 complete and 0 interrupted iterations
default   [   7% ] 00028/00041 VUs  01.0s/15s  400.00 iters/s

running (02.0s), 00020/00047 VUs, 732 complete and 0 interrupted iterations
default   [  13% ] 00020/00047 VUs  02.0s/15s  400.00 iters/s

running (03.0s), 00010/00052 VUs, 1135 complete and 0 interrupted iterations
default   [  20% ] 00010/00052 VUs  03.0s/15s  400.00 iters/s

running (04.0s), 00012/00052 VUs, 1532 complete and 0 interrupted iterations
default   [  27% ] 00013/00052 VUs  04.0s/15s  400.00 iters/s

running (05.0s), 00016/00052 VUs, 1929 complete and 0 interrupted iterations
default   [  33% ] 00016/00052 VUs  05.0s/15s  400.00 iters/s

running (06.0s), 00031/00052 VUs, 2314 complete and 0 interrupted iterations
default   [  40% ] 00031/00052 VUs  06.0s/15s  400.00 iters/s

running (07.0s), 00021/00052 VUs, 2724 complete and 0 interrupted iterations
default   [  47% ] 00021/00052 VUs  07.0s/15s  400.00 iters/s

running (08.0s), 00027/00052 VUs, 3118 complete and 0 interrupted iterations
default   [  53% ] 00027/00052 VUs  08.0s/15s  400.00 iters/s

running (09.0s), 00013/00052 VUs, 3532 complete and 0 interrupted iterations
default   [  60% ] 00013/00052 VUs  09.0s/15s  400.00 iters/s

running (10.0s), 00021/00052 VUs, 3924 complete and 0 interrupted iterations
default   [  67% ] 00021/00052 VUs  10.0s/15s  400.00 iters/s

running (11.0s), 00019/00052 VUs, 4326 complete and 0 interrupted iterations
default   [  73% ] 00019/00052 VUs  11.0s/15s  400.00 iters/s

running (12.0s), 00031/00052 VUs, 4714 complete and 0 interrupted iterations
default   [  80% ] 00031/00052 VUs  12.0s/15s  400.00 iters/s

running (13.0s), 00015/00052 VUs, 5130 complete and 0 interrupted iterations
default   [  87% ] 00015/00052 VUs  13.0s/15s  400.00 iters/s

running (14.0s), 00056/00067 VUs, 5459 complete and 0 interrupted iterations
default   [  93% ] 00056/00067 VUs  14.0s/15s  400.00 iters/s

running (15.0s), 00012/00072 VUs, 5896 complete and 0 interrupted iterations
default   [ 100% ] 00012/00072 VUs  15s  400.00 iters/s


  █ TOTAL RESULTS 

    HTTP
    http_req_duration..............: avg=54.84ms min=16.97ms med=44ms    max=222.17ms p(90)=96.53ms p(95)=114.06ms
      { expected_response:true }...: avg=54.84ms min=16.97ms med=44ms    max=222.17ms p(90)=96.53ms p(95)=114.06ms
    http_req_failed................: 0.00%  0 out of 5909
    http_reqs......................: 5909   393.029501/s

    EXECUTION
    dropped_iterations.............: 92     6.119261/s
    iteration_duration.............: avg=54.96ms min=17ms    med=44.09ms max=222.29ms p(90)=96.79ms p(95)=114.29ms
    iterations.....................: 5909   393.029501/s
    vus............................: 12     min=9         max=56
    vus_max........................: 72     min=41        max=72

    NETWORK
    data_received..................: 3.7 MB 249 kB/s
    data_sent......................: 1.7 MB 112 kB/s




running (15.0s), 00000/00072 VUs, 5909 complete and 0 interrupted iterations
default ✓ [ 100% ] 00000/00072 VUs  15s  400.00 iters/s
