
         /\      Grafana   /‾‾/  
    /\  /  \     |\  __   /  /   
   /  \/    \    | |/ /  /   ‾‾\ 
  /          \   |   (  |  (‾)  |
 / __________ \  |_|\_\  \_____/ 

     execution: local
        script: workflow/social/k6_open_client.js
        output: -

     scenarios: (100.00%) 1 scenario, 10000 max VUs, 15s max duration (incl. graceful stop):
              * default: 4000.00 iterations/s for 15s (maxVUs: 4000-10000)


running (00.9s), 00287/04000 VUs, 3207 complete and 0 interrupted iterations
default   [   6% ] 00287/04000 VUs  00.9s/15s  4000.00 iters/s

running (01.9s), 00010/04000 VUs, 7485 complete and 0 interrupted iterations
default   [  12% ] 00010/04000 VUs  01.9s/15s  4000.00 iters/s

running (02.9s), 00010/04000 VUs, 11484 complete and 0 interrupted iterations
default   [  19% ] 00010/04000 VUs  02.9s/15s  4000.00 iters/s

running (03.9s), 00014/04000 VUs, 15482 complete and 0 interrupted iterations
default   [  26% ] 00014/04000 VUs  03.9s/15s  4000.00 iters/s

running (04.9s), 00038/04000 VUs, 19456 complete and 0 interrupted iterations
default   [  32% ] 00038/04000 VUs  04.9s/15s  4000.00 iters/s

running (05.9s), 00073/04000 VUs, 23421 complete and 0 interrupted iterations
default   [  39% ] 00073/04000 VUs  05.9s/15s  4000.00 iters/s

running (06.9s), 00015/04000 VUs, 27479 complete and 0 interrupted iterations
default   [  46% ] 00015/04000 VUs  06.9s/15s  4000.00 iters/s

running (07.9s), 00004/04000 VUs, 31490 complete and 0 interrupted iterations
default   [  52% ] 00004/04000 VUs  07.9s/15s  4000.00 iters/s

running (08.9s), 00027/04000 VUs, 35467 complete and 0 interrupted iterations
default   [  59% ] 00027/04000 VUs  08.9s/15s  4000.00 iters/s

running (09.9s), 00006/04000 VUs, 39488 complete and 0 interrupted iterations
default   [  66% ] 00006/04000 VUs  09.9s/15s  4000.00 iters/s

running (10.9s), 00015/04000 VUs, 43480 complete and 0 interrupted iterations
default   [  72% ] 00015/04000 VUs  10.9s/15s  4000.00 iters/s

running (11.9s), 00005/04000 VUs, 47489 complete and 0 interrupted iterations
default   [  79% ] 00005/04000 VUs  11.9s/15s  4000.00 iters/s

running (12.9s), 00017/04000 VUs, 51478 complete and 0 interrupted iterations
default   [  86% ] 00017/04000 VUs  12.9s/15s  4000.00 iters/s

running (13.9s), 00006/04000 VUs, 55488 complete and 0 interrupted iterations
default   [  92% ] 00006/04000 VUs  13.9s/15s  4000.00 iters/s

running (14.9s), 00010/04000 VUs, 59487 complete and 0 interrupted iterations
default   [  99% ] 00010/04000 VUs  14.9s/15s  4000.00 iters/s


  █ TOTAL RESULTS 

    HTTP
    http_req_duration..............: avg=11.42ms min=611.03µs med=3.08ms max=182.8ms  p(90)=31.94ms p(95)=72.85ms
      { expected_response:true }...: avg=11.42ms min=611.03µs med=3.08ms max=182.8ms  p(90)=31.94ms p(95)=72.85ms
    http_req_failed................: 0.00% 0 out of 59978
    http_reqs......................: 59978 3996.972577/s

    EXECUTION
    iteration_duration.............: avg=11.71ms min=695.38µs med=3.19ms max=183.05ms p(90)=32.52ms p(95)=74.05ms
    iterations.....................: 59978 3996.972577/s
    vus............................: 6     min=4          max=288 
    vus_max........................: 4000  min=4000       max=4000

    NETWORK
    data_received..................: 14 MB 947 kB/s
    data_sent......................: 20 MB 1.3 MB/s




running (15.0s), 00000/04000 VUs, 59973 complete and 28 interrupted iterations
default ✓ [ 100% ] 00028/04000 VUs  15s  4000.00 iters/s
