2026/04/30 20:10:30 telemetry disabled: AEGEAN_DISABLE_TRACING=1

         /\      Grafana   /‾‾/  
    /\  /  \     |\  __   /  /   
   /  \/    \    | |/ /  /   ‾‾\ 
  /          \   |   (  |  (‾)  |
 / __________ \  |_|\_\  \_____/ 

     execution: local
        script: workflow/aegean/k6_open_client.js
        output: -

     scenarios: (100.00%) 1 scenario, 10000 max VUs, 45s max duration (incl. graceful stop):
              * default: 300.00 iterations/s for 15s (maxVUs: 0-10000, gracefulStop: 30s)


running (01.0s), 00060/00060 VUs, 179 complete and 0 interrupted iterations
default   [   7% ] 00060/00060 VUs  01.0s/15s  300.00 iters/s

running (02.0s), 00094/00095 VUs, 410 complete and 0 interrupted iterations
default   [  13% ] 00095/00095 VUs  02.0s/15s  300.00 iters/s

running (03.0s), 00124/00130 VUs, 646 complete and 0 interrupted iterations
default   [  20% ] 00124/00130 VUs  03.0s/15s  300.00 iters/s

running (04.0s), 00153/00163 VUs, 883 complete and 0 interrupted iterations
default   [  27% ] 00153/00163 VUs  04.0s/15s  300.00 iters/s

running (05.0s), 00186/00193 VUs, 1119 complete and 0 interrupted iterations
default   [  33% ] 00186/00193 VUs  05.0s/15s  300.00 iters/s

running (06.0s), 00221/00234 VUs, 1343 complete and 0 interrupted iterations
default   [  40% ] 00221/00234 VUs  06.0s/15s  300.00 iters/s

running (07.0s), 00275/00276 VUs, 1546 complete and 0 interrupted iterations
default   [  47% ] 00275/00276 VUs  07.0s/15s  300.00 iters/s

running (08.0s), 00317/00317 VUs, 1763 complete and 0 interrupted iterations
default   [  53% ] 00317/00317 VUs  08.0s/15s  300.00 iters/s

running (09.0s), 00356/00356 VUs, 1986 complete and 0 interrupted iterations
default   [  60% ] 00356/00356 VUs  09.0s/15s  300.00 iters/s

running (10.0s), 00391/00397 VUs, 2210 complete and 0 interrupted iterations
default   [  67% ] 00391/00397 VUs  10.0s/15s  300.00 iters/s

running (11.0s), 00423/00437 VUs, 2438 complete and 0 interrupted iterations
default   [  73% ] 00423/00437 VUs  11.0s/15s  300.00 iters/s

running (12.0s), 00468/00474 VUs, 2656 complete and 0 interrupted iterations
default   [  80% ] 00468/00474 VUs  12.0s/15s  300.00 iters/s

running (13.0s), 00505/00511 VUs, 2882 complete and 0 interrupted iterations
default   [  87% ] 00505/00511 VUs  13.0s/15s  300.00 iters/s

running (14.0s), 00547/00547 VUs, 3103 complete and 0 interrupted iterations
default   [  93% ] 00547/00547 VUs  14.0s/15s  300.00 iters/s

running (15.0s), 00580/00580 VUs, 3337 complete and 0 interrupted iterations
default ↓ [ 100% ] 00580/00580 VUs  15s  300.00 iters/s

running (16.0s), 00359/00580 VUs, 3558 complete and 0 interrupted iterations
default ↓ [ 100% ] 00580/00580 VUs  15s  300.00 iters/s

running (17.0s), 00133/00580 VUs, 3784 complete and 0 interrupted iterations
default ↓ [ 100% ] 00580/00580 VUs  15s  300.00 iters/s


  █ TOTAL RESULTS 

    HTTP
    http_req_duration..............: avg=1.31s min=53.31ms med=1.3s max=2.64s p(90)=2.31s p(95)=2.45s
      { expected_response:true }...: avg=1.31s min=53.31ms med=1.3s max=2.64s p(90)=2.31s p(95)=2.45s
    http_req_failed................: 0.00%  0 out of 3917
    http_reqs......................: 3917   222.608978/s

    EXECUTION
    dropped_iterations.............: 583    33.132763/s
    iteration_duration.............: avg=1.31s min=53.53ms med=1.3s max=2.64s p(90)=2.31s p(95)=2.45s
    iterations.....................: 3917   222.608978/s
    vus............................: 133    min=60        max=580
    vus_max........................: 580    min=60        max=580

    NETWORK
    data_received..................: 1.2 MB 66 kB/s
    data_sent......................: 1.5 MB 83 kB/s




running (17.6s), 00000/00580 VUs, 3917 complete and 0 interrupted iterations
default ✓ [ 100% ] 00000/00580 VUs  15s  300.00 iters/s
