2026/04/30 20:23:26 telemetry disabled: AEGEAN_DISABLE_TRACING=1

         /\      Grafana   /‾‾/  
    /\  /  \     |\  __   /  /   
   /  \/    \    | |/ /  /   ‾‾\ 
  /          \   |   (  |  (‾)  |
 / __________ \  |_|\_\  \_____/ 

     execution: local
        script: workflow/aegean/k6_open_client.js
        output: -

     scenarios: (100.00%) 1 scenario, 10000 max VUs, 45s max duration (incl. graceful stop):
              * default: 100.00 iterations/s for 15s (maxVUs: 0-10000, gracefulStop: 30s)


running (01.0s), 00006/00010 VUs, 84 complete and 0 interrupted iterations
default   [   7% ] 00006/00010 VUs  01.0s/15s  100.00 iters/s

running (02.0s), 00007/00010 VUs, 183 complete and 0 interrupted iterations
default   [  13% ] 00007/00010 VUs  02.0s/15s  100.00 iters/s

running (03.0s), 00007/00011 VUs, 281 complete and 0 interrupted iterations
default   [  20% ] 00007/00011 VUs  03.0s/15s  100.00 iters/s

running (04.0s), 00005/00011 VUs, 383 complete and 0 interrupted iterations
default   [  27% ] 00006/00011 VUs  04.0s/15s  100.00 iters/s

running (05.0s), 00007/00011 VUs, 482 complete and 0 interrupted iterations
default   [  33% ] 00007/00011 VUs  05.0s/15s  100.00 iters/s

running (06.0s), 00005/00011 VUs, 583 complete and 0 interrupted iterations
default   [  40% ] 00005/00011 VUs  06.0s/15s  100.00 iters/s

running (07.0s), 00005/00011 VUs, 683 complete and 0 interrupted iterations
default   [  47% ] 00005/00011 VUs  07.0s/15s  100.00 iters/s

running (08.0s), 00009/00011 VUs, 780 complete and 0 interrupted iterations
default   [  53% ] 00009/00011 VUs  08.0s/15s  100.00 iters/s

running (09.0s), 00007/00011 VUs, 882 complete and 0 interrupted iterations
default   [  60% ] 00007/00011 VUs  09.0s/15s  100.00 iters/s

running (10.0s), 00008/00011 VUs, 981 complete and 0 interrupted iterations
default   [  67% ] 00008/00011 VUs  10.0s/15s  100.00 iters/s

running (11.0s), 00006/00011 VUs, 1083 complete and 0 interrupted iterations
default   [  73% ] 00006/00011 VUs  11.0s/15s  100.00 iters/s

running (12.0s), 00004/00011 VUs, 1185 complete and 0 interrupted iterations
default   [  80% ] 00004/00011 VUs  12.0s/15s  100.00 iters/s

running (13.0s), 00005/00011 VUs, 1284 complete and 0 interrupted iterations
default   [  87% ] 00005/00011 VUs  13.0s/15s  100.00 iters/s

running (14.0s), 00008/00011 VUs, 1381 complete and 0 interrupted iterations
default   [  93% ] 00008/00011 VUs  14.0s/15s  100.00 iters/s

running (15.0s), 00006/00011 VUs, 1482 complete and 0 interrupted iterations
default ↓ [ 100% ] 00006/00011 VUs  15s  100.00 iters/s


  █ TOTAL RESULTS 

    HTTP
    http_req_duration..............: avg=62.91ms min=22.2ms  med=61.93ms max=107.51ms p(90)=88.36ms p(95)=92.85ms
      { expected_response:true }...: avg=62.91ms min=22.2ms  med=61.93ms max=107.51ms p(90)=88.36ms p(95)=92.85ms
    http_req_failed................: 0.00%  0 out of 1488
    http_reqs......................: 1488   98.96398/s

    EXECUTION
    dropped_iterations.............: 12     0.798097/s
    iteration_duration.............: avg=63.02ms min=22.28ms med=62.02ms max=107.65ms p(90)=88.45ms p(95)=92.95ms
    iterations.....................: 1488   98.96398/s
    vus............................: 6      min=3         max=8 
    vus_max........................: 11     min=10        max=11

    NETWORK
    data_received..................: 441 kB 29 kB/s
    data_sent......................: 555 kB 37 kB/s




running (15.0s), 00000/00011 VUs, 1488 complete and 0 interrupted iterations
default ✓ [ 100% ] 00000/00011 VUs  15s  100.00 iters/s
