
         /\      Grafana   /‾‾/  
    /\  /  \     |\  __   /  /   
   /  \/    \    | |/ /  /   ‾‾\ 
  /          \   |   (  |  (‾)  |
 / __________ \  |_|\_\  \_____/ 

     execution: local
        script: workflow/write/k6_open_client.js
        output: -

     scenarios: (100.00%) 1 scenario, 10000 max VUs, 15s max duration (incl. graceful stop):
              * default: 20.00 iterations/s for 15s (maxVUs: 20-10000)


running (01.0s), 00001/00020 VUs, 19 complete and 0 interrupted iterations
default   [   7% ] 00001/00020 VUs  01.0s/15s  20.00 iters/s

running (02.0s), 00002/00020 VUs, 38 complete and 0 interrupted iterations
default   [  13% ] 00002/00020 VUs  02.0s/15s  20.00 iters/s

running (03.0s), 00002/00020 VUs, 58 complete and 0 interrupted iterations
default   [  20% ] 00002/00020 VUs  03.0s/15s  20.00 iters/s

running (04.0s), 00001/00020 VUs, 79 complete and 0 interrupted iterations
default   [  27% ] 00001/00020 VUs  04.0s/15s  20.00 iters/s

running (05.0s), 00002/00020 VUs, 98 complete and 0 interrupted iterations
default   [  33% ] 00002/00020 VUs  05.0s/15s  20.00 iters/s

running (06.0s), 00003/00020 VUs, 117 complete and 0 interrupted iterations
default   [  40% ] 00003/00020 VUs  06.0s/15s  20.00 iters/s

running (07.0s), 00002/00020 VUs, 138 complete and 0 interrupted iterations
default   [  47% ] 00002/00020 VUs  07.0s/15s  20.00 iters/s

running (08.0s), 00001/00020 VUs, 159 complete and 0 interrupted iterations
default   [  53% ] 00001/00020 VUs  08.0s/15s  20.00 iters/s

running (09.0s), 00001/00020 VUs, 179 complete and 0 interrupted iterations
default   [  60% ] 00001/00020 VUs  09.0s/15s  20.00 iters/s

running (10.0s), 00003/00020 VUs, 197 complete and 0 interrupted iterations
default   [  67% ] 00003/00020 VUs  10.0s/15s  20.00 iters/s

running (11.0s), 00002/00020 VUs, 218 complete and 0 interrupted iterations
default   [  73% ] 00002/00020 VUs  11.0s/15s  20.00 iters/s

running (12.0s), 00003/00020 VUs, 237 complete and 0 interrupted iterations
default   [  80% ] 00003/00020 VUs  12.0s/15s  20.00 iters/s

running (13.0s), 00001/00020 VUs, 259 complete and 0 interrupted iterations
default   [  87% ] 00001/00020 VUs  13.0s/15s  20.00 iters/s

running (14.0s), 00002/00020 VUs, 278 complete and 0 interrupted iterations
default   [  93% ] 00002/00020 VUs  14.0s/15s  20.00 iters/s

running (15.0s), 00001/00020 VUs, 299 complete and 0 interrupted iterations
default   [ 100% ] 00001/00020 VUs  15.0s/15s  20.00 iters/s


  █ TOTAL RESULTS 

    HTTP
    http_req_duration..............: avg=101.35ms min=48.76ms med=103.55ms max=192.87ms p(90)=152.46ms p(95)=165.04ms
      { expected_response:true }...: avg=101.35ms min=48.76ms med=103.55ms max=192.87ms p(90)=152.46ms p(95)=165.04ms
    http_req_failed................: 0.00% 0 out of 299
    http_reqs......................: 299   19.931662/s

    EXECUTION
    iteration_duration.............: avg=101.45ms min=48.88ms med=103.82ms max=192.92ms p(90)=152.52ms p(95)=165.1ms 
    iterations.....................: 299   19.931662/s
    vus............................: 1     min=1        max=3 
    vus_max........................: 20    min=20       max=20

    NETWORK
    data_received..................: 63 kB 4.2 kB/s
    data_sent......................: 30 kB 2.0 kB/s




running (15.0s), 00000/00020 VUs, 299 complete and 1 interrupted iterations
default ✓ [ 100% ] 00001/00020 VUs  15s  20.00 iters/s
