2026/05/05 05:53:53 telemetry disabled: AEGEAN_DISABLE_TRACING=1

         /\      Grafana   /‾‾/  
    /\  /  \     |\  __   /  /   
   /  \/    \    | |/ /  /   ‾‾\ 
  /          \   |   (  |  (‾)  |
 / __________ \  |_|\_\  \_____/ 

     execution: local
        script: workflow/aegean/k6_open_client.js
        output: -

     scenarios: (100.00%) 1 scenario, 10000 max VUs, 45s max duration (incl. graceful stop):
              * default: 500.00 iterations/s for 15s (maxVUs: 0-10000, gracefulStop: 30s)


running (01.0s), 00089/00089 VUs, 316 complete and 0 interrupted iterations
default   [   7% ] 00089/00089 VUs  01.0s/15s  500.00 iters/s

running (02.0s), 00129/00136 VUs, 724 complete and 0 interrupted iterations
default   [  13% ] 00129/00136 VUs  02.0s/15s  500.00 iters/s

running (03.0s), 00184/00198 VUs, 1103 complete and 0 interrupted iterations
default   [  20% ] 00184/00198 VUs  03.0s/15s  500.00 iters/s

running (04.0s), 00260/00266 VUs, 1449 complete and 0 interrupted iterations
default   [  27% ] 00260/00266 VUs  04.0s/15s  500.00 iters/s

running (05.0s), 00319/00329 VUs, 1798 complete and 0 interrupted iterations
default   [  33% ] 00319/00329 VUs  05.0s/15s  500.00 iters/s

running (06.0s), 00382/00398 VUs, 2158 complete and 0 interrupted iterations
default   [  40% ] 00382/00398 VUs  06.0s/15s  500.00 iters/s

running (07.0s), 00443/00449 VUs, 2539 complete and 0 interrupted iterations
default   [  47% ] 00443/00449 VUs  07.0s/15s  500.00 iters/s

running (08.0s), 00505/00512 VUs, 2908 complete and 0 interrupted iterations
default   [  53% ] 00505/00512 VUs  08.0s/15s  500.00 iters/s

running (09.0s), 00553/00569 VUs, 3295 complete and 0 interrupted iterations
default   [  60% ] 00553/00569 VUs  09.0s/15s  500.00 iters/s

running (10.0s), 00630/00630 VUs, 3650 complete and 0 interrupted iterations
default   [  67% ] 00630/00630 VUs  10.0s/15s  500.00 iters/s

running (11.0s), 00669/00687 VUs, 4043 complete and 0 interrupted iterations
default   [  73% ] 00669/00687 VUs  11.0s/15s  500.00 iters/s

running (12.0s), 00745/00747 VUs, 4368 complete and 0 interrupted iterations
default   [  80% ] 00745/00747 VUs  12.0s/15s  500.00 iters/s

running (13.0s), 00795/00809 VUs, 4750 complete and 0 interrupted iterations
default   [  87% ] 00795/00809 VUs  13.0s/15s  500.00 iters/s

running (14.0s), 00872/00873 VUs, 5099 complete and 0 interrupted iterations
default   [  93% ] 00872/00873 VUs  14.0s/15s  500.00 iters/s

running (15.0s), 00931/00931 VUs, 5479 complete and 0 interrupted iterations
default   [ 100% ] 00931/00931 VUs  15s  500.00 iters/s

running (16.0s), 00549/00932 VUs, 5861 complete and 0 interrupted iterations
default ↓ [ 100% ] 00931/00931 VUs  15s  500.00 iters/s

running (17.0s), 00192/00932 VUs, 6218 complete and 0 interrupted iterations
default ↓ [ 100% ] 00931/00931 VUs  15s  500.00 iters/s


  █ TOTAL RESULTS 

    HTTP
    http_req_duration..............: avg=1.27s min=47.97ms med=1.26s max=2.47s p(90)=2.21s p(95)=2.35s
      { expected_response:true }...: avg=1.27s min=47.97ms med=1.26s max=2.47s p(90)=2.21s p(95)=2.35s
    http_req_failed................: 0.00%  0 out of 6410
    http_reqs......................: 6410   367.554505/s

    EXECUTION
    dropped_iterations.............: 1091   62.558809/s
    iteration_duration.............: avg=1.27s min=48.58ms med=1.26s max=2.47s p(90)=2.21s p(95)=2.35s
    iterations.....................: 6410   367.554505/s
    vus............................: 192    min=89        max=931
    vus_max........................: 932    min=89        max=932

    NETWORK
    data_received..................: 2.1 MB 120 kB/s
    data_sent......................: 2.4 MB 137 kB/s




running (17.4s), 00000/00932 VUs, 6410 complete and 0 interrupted iterations
default ✓ [ 100% ] 00000/00932 VUs  15s  500.00 iters/s
