2026/04/24 07:42:26 telemetry disabled: AEGEAN_DISABLE_TRACING=1

         /\      Grafana   /‾‾/  
    /\  /  \     |\  __   /  /   
   /  \/    \    | |/ /  /   ‾‾\ 
  /          \   |   (  |  (‾)  |
 / __________ \  |_|\_\  \_____/ 

     execution: local
        script: workflow/external_srv/k6_open_client.js
        output: -

     scenarios: (100.00%) 1 scenario, 10000 max VUs, 45s max duration (incl. graceful stop):
              * default: 400.00 iterations/s for 15s (maxVUs: 0-10000, gracefulStop: 30s)


running (01.0s), 00188/00189 VUs, 0 complete and 0 interrupted iterations
default   [   7% ] 00189/00189 VUs  01.0s/15s  400.00 iters/s

running (02.0s), 00375/00376 VUs, 0 complete and 0 interrupted iterations
default   [  13% ] 00376/00376 VUs  02.0s/15s  400.00 iters/s

running (03.0s), 00554/00554 VUs, 0 complete and 0 interrupted iterations
default   [  20% ] 00554/00554 VUs  03.0s/15s  400.00 iters/s

running (04.0s), 00742/00742 VUs, 0 complete and 0 interrupted iterations
default   [  27% ] 00742/00742 VUs  04.0s/15s  400.00 iters/s

running (05.0s), 00925/00926 VUs, 0 complete and 0 interrupted iterations
default   [  33% ] 00925/00926 VUs  05.0s/15s  400.00 iters/s

running (06.0s), 01108/01109 VUs, 0 complete and 0 interrupted iterations
default   [  40% ] 01108/01109 VUs  06.0s/15s  400.00 iters/s

running (07.0s), 01292/01292 VUs, 0 complete and 0 interrupted iterations
default   [  47% ] 01292/01292 VUs  07.0s/15s  400.00 iters/s

running (08.0s), 01485/01486 VUs, 0 complete and 0 interrupted iterations
default   [  53% ] 01485/01486 VUs  08.0s/15s  400.00 iters/s

running (09.0s), 01666/01667 VUs, 0 complete and 0 interrupted iterations
default   [  60% ] 01666/01667 VUs  09.0s/15s  400.00 iters/s

running (10.0s), 01841/01841 VUs, 0 complete and 0 interrupted iterations
default   [  67% ] 01841/01841 VUs  10.0s/15s  400.00 iters/s

running (11.0s), 02020/02020 VUs, 0 complete and 0 interrupted iterations
default   [  73% ] 02020/02020 VUs  11.0s/15s  400.00 iters/s

running (12.0s), 02203/02203 VUs, 0 complete and 0 interrupted iterations
default   [  80% ] 02203/02203 VUs  12.0s/15s  400.00 iters/s

running (13.0s), 02391/02392 VUs, 0 complete and 0 interrupted iterations
default   [  87% ] 02391/02392 VUs  13.0s/15s  400.00 iters/s

running (14.0s), 02579/02579 VUs, 0 complete and 0 interrupted iterations
default   [  93% ] 02579/02579 VUs  14.0s/15s  400.00 iters/s

running (15.0s), 02763/02764 VUs, 0 complete and 0 interrupted iterations
default ↓ [ 100% ] 02763/02764 VUs  15s  400.00 iters/s

running (16.0s), 02763/02764 VUs, 0 complete and 0 interrupted iterations
default ↓ [ 100% ] 02763/02764 VUs  15s  400.00 iters/s

running (17.0s), 02763/02764 VUs, 0 complete and 0 interrupted iterations
default ↓ [ 100% ] 02763/02764 VUs  15s  400.00 iters/s

running (18.0s), 02763/02764 VUs, 0 complete and 0 interrupted iterations
default ↓ [ 100% ] 02763/02764 VUs  15s  400.00 iters/s

running (19.0s), 02763/02764 VUs, 0 complete and 0 interrupted iterations
default ↓ [ 100% ] 02763/02764 VUs  15s  400.00 iters/s
2026/04/24 07:42:51 k6 open client request logic timed out after 20s
