
         /\      Grafana   /‾‾/  
    /\  /  \     |\  __   /  /   
   /  \/    \    | |/ /  /   ‾‾\ 
  /          \   |   (  |  (‾)  |
 / __________ \  |_|\_\  \_____/ 

     execution: local
        script: workflow/aegean/k6_open_client.js
        output: -

     scenarios: (100.00%) 1 scenario, 10000 max VUs, 45s max duration (incl. graceful stop):
              * default: 300.00 iterations/s for 15s (maxVUs: 0-10000, gracefulStop: 30s)


running (01.0s), 00007/00009 VUs, 284 complete and 0 interrupted iterations
default   [   7% ] 00007/00009 VUs  01.0s/15s  300.00 iters/s

running (02.0s), 00009/00010 VUs, 581 complete and 0 interrupted iterations
default   [  13% ] 00009/00010 VUs  02.0s/15s  300.00 iters/s

running (03.0s), 00007/00010 VUs, 882 complete and 0 interrupted iterations
default   [  20% ] 00007/00010 VUs  03.0s/15s  300.00 iters/s

running (04.0s), 00007/00010 VUs, 1182 complete and 0 interrupted iterations
default   [  27% ] 00007/00010 VUs  04.0s/15s  300.00 iters/s

running (05.0s), 00009/00010 VUs, 1481 complete and 0 interrupted iterations
default   [  33% ] 00009/00010 VUs  05.0s/15s  300.00 iters/s

running (06.0s), 00008/00010 VUs, 1781 complete and 0 interrupted iterations
default   [  40% ] 00008/00010 VUs  06.0s/15s  300.00 iters/s

running (07.0s), 00007/00010 VUs, 2082 complete and 0 interrupted iterations
default   [  47% ] 00007/00010 VUs  07.0s/15s  300.00 iters/s

running (08.0s), 00008/00010 VUs, 2382 complete and 0 interrupted iterations
default   [  53% ] 00008/00010 VUs  08.0s/15s  300.00 iters/s

running (09.0s), 00007/00010 VUs, 2682 complete and 0 interrupted iterations
default   [  60% ] 00007/00010 VUs  09.0s/15s  300.00 iters/s

running (10.0s), 00007/00010 VUs, 2982 complete and 0 interrupted iterations
default   [  67% ] 00007/00010 VUs  10.0s/15s  300.00 iters/s

running (11.0s), 00007/00010 VUs, 3282 complete and 0 interrupted iterations
default   [  73% ] 00007/00010 VUs  11.0s/15s  300.00 iters/s

running (12.0s), 00008/00010 VUs, 3582 complete and 0 interrupted iterations
default   [  80% ] 00008/00010 VUs  12.0s/15s  300.00 iters/s

running (13.0s), 00007/00010 VUs, 3882 complete and 0 interrupted iterations
default   [  87% ] 00007/00010 VUs  13.0s/15s  300.00 iters/s

running (14.0s), 00008/00010 VUs, 4182 complete and 0 interrupted iterations
default   [  93% ] 00008/00010 VUs  14.0s/15s  300.00 iters/s

running (15.0s), 00007/00010 VUs, 4482 complete and 0 interrupted iterations
default ↓ [ 100% ] 00007/00010 VUs  15s  300.00 iters/s


  █ TOTAL RESULTS 

    HTTP
    http_req_duration..............: avg=21.95ms min=17.01ms med=21.87ms max=30.12ms p(90)=23.95ms p(95)=24.55ms
      { expected_response:true }...: avg=21.95ms min=17.01ms med=21.87ms max=30.12ms p(90)=23.95ms p(95)=24.55ms
    http_req_failed................: 0.00%  0 out of 4489
    http_reqs......................: 4489   298.821328/s

    EXECUTION
    dropped_iterations.............: 11     0.732242/s
    iteration_duration.............: avg=25.08ms min=19.1ms  med=25.08ms max=33.27ms p(90)=27.35ms p(95)=27.99ms
    iterations.....................: 4489   298.821328/s
    vus............................: 7      min=6         max=9 
    vus_max........................: 10     min=9         max=10

    NETWORK
    data_received..................: 226 MB 15 MB/s
    data_sent......................: 226 MB 15 MB/s




running (15.0s), 00000/00010 VUs, 4489 complete and 0 interrupted iterations
default ✓ [ 100% ] 00000/00010 VUs  15s  300.00 iters/s
