
         /\      Grafana   /‾‾/  
    /\  /  \     |\  __   /  /   
   /  \/    \    | |/ /  /   ‾‾\ 
  /          \   |   (  |  (‾)  |
 / __________ \  |_|\_\  \_____/ 

     execution: local
        script: workflow/hotel/k6_open_hotels_client.js
        output: -

     scenarios: (100.00%) 1 scenario, 10000 max VUs, 15s max duration (incl. graceful stop):
              * default: 75.00 iterations/s for 15s (maxVUs: 75-10000)


running (01.0s), 00002/00075 VUs, 73 complete and 0 interrupted iterations
default   [   7% ] 00002/00075 VUs  01.0s/15s  75.00 iters/s

running (02.0s), 00002/00075 VUs, 148 complete and 0 interrupted iterations
default   [  13% ] 00002/00075 VUs  02.0s/15s  75.00 iters/s

running (03.0s), 00004/00075 VUs, 221 complete and 0 interrupted iterations
default   [  20% ] 00004/00075 VUs  03.0s/15s  75.00 iters/s

running (04.0s), 00002/00075 VUs, 298 complete and 0 interrupted iterations
default   [  27% ] 00002/00075 VUs  04.0s/15s  75.00 iters/s

running (05.0s), 00003/00075 VUs, 372 complete and 0 interrupted iterations
default   [  33% ] 00003/00075 VUs  05.0s/15s  75.00 iters/s

running (06.0s), 00004/00075 VUs, 446 complete and 0 interrupted iterations
default   [  40% ] 00004/00075 VUs  06.0s/15s  75.00 iters/s

running (07.0s), 00006/00075 VUs, 519 complete and 0 interrupted iterations
default   [  47% ] 00006/00075 VUs  07.0s/15s  75.00 iters/s

running (08.0s), 00008/00075 VUs, 592 complete and 0 interrupted iterations
default   [  53% ] 00008/00075 VUs  08.0s/15s  75.00 iters/s

running (09.0s), 00008/00075 VUs, 667 complete and 0 interrupted iterations
default   [  60% ] 00008/00075 VUs  09.0s/15s  75.00 iters/s

running (10.0s), 00011/00075 VUs, 739 complete and 0 interrupted iterations
default   [  67% ] 00011/00075 VUs  10.0s/15s  75.00 iters/s

running (11.0s), 00073/00075 VUs, 752 complete and 0 interrupted iterations
default   [  73% ] 00073/00075 VUs  11.0s/15s  75.00 iters/s

running (12.0s), 00111/00112 VUs, 752 complete and 0 interrupted iterations
default   [  80% ] 00111/00112 VUs  12.0s/15s  75.00 iters/s

running (13.0s), 00149/00149 VUs, 752 complete and 0 interrupted iterations
default   [  87% ] 00149/00149 VUs  13.0s/15s  75.00 iters/s

running (14.0s), 00186/00187 VUs, 752 complete and 0 interrupted iterations
default   [  93% ] 00186/00187 VUs  14.0s/15s  75.00 iters/s

running (15.0s), 00224/00224 VUs, 752 complete and 0 interrupted iterations
default   [ 100% ] 00224/00224 VUs  15.0s/15s  75.00 iters/s


  █ TOTAL RESULTS 

    HTTP
    http_req_duration..............: avg=62.66ms min=17.93ms med=49.57ms max=170.12ms p(90)=114.01ms p(95)=132.27ms
      { expected_response:true }...: avg=62.66ms min=17.93ms med=49.57ms max=170.12ms p(90)=114.01ms p(95)=132.27ms
    http_req_failed................: 0.00%  0 out of 752
    http_reqs......................: 752    50.12322/s

    EXECUTION
    dropped_iterations.............: 150    9.997983/s
    iteration_duration.............: avg=62.83ms min=18.13ms med=49.73ms max=170.22ms p(90)=114.12ms p(95)=132.37ms
    iterations.....................: 752    50.12322/s
    vus............................: 224    min=2        max=224
    vus_max........................: 224    min=75       max=224

    NETWORK
    data_received..................: 221 kB 15 kB/s
    data_sent......................: 320 kB 21 kB/s




running (15.0s), 00000/00225 VUs, 752 complete and 224 interrupted iterations
default ✓ [ 100% ] 00224/00224 VUs  15s  75.00 iters/s
