
         /\      Grafana   /‾‾/  
    /\  /  \     |\  __   /  /   
   /  \/    \    | |/ /  /   ‾‾\ 
  /          \   |   (  |  (‾)  |
 / __________ \  |_|\_\  \_____/ 

     execution: local
        script: workflow/aegean/k6_open_client.js
        output: -

     scenarios: (100.00%) 1 scenario, 50 max VUs, 45s max duration (incl. graceful stop):
              * default: 100.00 iterations/s for 15s (maxVUs: 50, gracefulStop: 30s)

time="2026-03-23T03:24:40Z" level=warning msg="Insufficient VUs, reached 50 active VUs and cannot initialize more" executor=constant-arrival-rate scenario=default

running (01.0s), 05/50 VUs, 70 complete and 0 interrupted iterations
default   [   7% ] 05/50 VUs  01.0s/15s  100.00 iters/s

running (02.0s), 12/50 VUs, 147 complete and 0 interrupted iterations
default   [  13% ] 12/50 VUs  02.0s/15s  100.00 iters/s

running (03.0s), 24/50 VUs, 224 complete and 0 interrupted iterations
default   [  20% ] 24/50 VUs  03.0s/15s  100.00 iters/s

running (04.0s), 22/50 VUs, 298 complete and 0 interrupted iterations
default   [  27% ] 22/50 VUs  04.0s/15s  100.00 iters/s

running (05.0s), 34/50 VUs, 373 complete and 0 interrupted iterations
default   [  33% ] 34/50 VUs  05.0s/15s  100.00 iters/s

running (06.0s), 38/50 VUs, 447 complete and 0 interrupted iterations
default   [  40% ] 38/50 VUs  06.0s/15s  100.00 iters/s

running (07.0s), 42/50 VUs, 523 complete and 0 interrupted iterations
default   [  47% ] 42/50 VUs  07.0s/15s  100.00 iters/s

running (08.0s), 46/50 VUs, 596 complete and 0 interrupted iterations
default   [  53% ] 46/50 VUs  08.0s/15s  100.00 iters/s

running (09.0s), 41/50 VUs, 679 complete and 0 interrupted iterations
default   [  60% ] 41/50 VUs  09.0s/15s  100.00 iters/s

running (10.0s), 48/50 VUs, 752 complete and 0 interrupted iterations
default   [  67% ] 48/50 VUs  10.0s/15s  100.00 iters/s

running (11.0s), 50/50 VUs, 821 complete and 0 interrupted iterations
default   [  73% ] 50/50 VUs  11.0s/15s  100.00 iters/s

running (12.0s), 46/50 VUs, 898 complete and 0 interrupted iterations
default   [  80% ] 46/50 VUs  12.0s/15s  100.00 iters/s

running (13.0s), 33/50 VUs, 995 complete and 0 interrupted iterations
default   [  87% ] 33/50 VUs  13.0s/15s  100.00 iters/s

running (14.0s), 33/50 VUs, 1075 complete and 0 interrupted iterations
default   [  93% ] 33/50 VUs  14.0s/15s  100.00 iters/s

running (15.0s), 41/50 VUs, 1153 complete and 0 interrupted iterations
default   [ 100% ] 41/50 VUs  15.0s/15s  100.00 iters/s


  █ TOTAL RESULTS 

    HTTP
    http_req_duration..............: avg=409.08ms min=30.15ms med=422.18ms max=801.04ms p(90)=640.04ms p(95)=688.92ms
      { expected_response:true }...: avg=409.08ms min=30.15ms med=422.18ms max=801.04ms p(90)=640.04ms p(95)=688.92ms
    http_req_failed................: 0.00%  0 out of 1195
    http_reqs......................: 1195   78.989456/s

    EXECUTION
    dropped_iterations.............: 306    20.226589/s
    iteration_duration.............: avg=409.33ms min=30.24ms med=422.49ms max=801.38ms p(90)=640.4ms  p(95)=689.13ms
    iterations.....................: 1195   78.989456/s
    vus............................: 41     min=6         max=50
    vus_max........................: 50     min=50        max=50

    NETWORK
    data_received..................: 341 kB 23 kB/s
    data_sent......................: 447 kB 30 kB/s




running (15.1s), 00/50 VUs, 1195 complete and 0 interrupted iterations
default ✓ [ 100% ] 00/50 VUs  15s  100.00 iters/s
