2026/04/30 20:09:31 telemetry disabled: AEGEAN_DISABLE_TRACING=1

         /\      Grafana   /‾‾/  
    /\  /  \     |\  __   /  /   
   /  \/    \    | |/ /  /   ‾‾\ 
  /          \   |   (  |  (‾)  |
 / __________ \  |_|\_\  \_____/ 

     execution: local
        script: workflow/aegean/k6_open_client.js
        output: -

     scenarios: (100.00%) 1 scenario, 10000 max VUs, 45s max duration (incl. graceful stop):
              * default: 250.00 iterations/s for 15s (maxVUs: 0-10000, gracefulStop: 30s)


running (01.0s), 00035/00038 VUs, 177 complete and 0 interrupted iterations
default   [   7% ] 00035/00038 VUs  01.0s/15s  250.00 iters/s

running (02.0s), 00063/00068 VUs, 369 complete and 0 interrupted iterations
default   [  13% ] 00063/00068 VUs  02.0s/15s  250.00 iters/s

running (03.0s), 00081/00086 VUs, 582 complete and 0 interrupted iterations
default   [  20% ] 00081/00086 VUs  03.0s/15s  250.00 iters/s

running (04.0s), 00094/00095 VUs, 810 complete and 0 interrupted iterations
default   [  27% ] 00094/00095 VUs  04.0s/15s  250.00 iters/s

running (05.0s), 00104/00107 VUs, 1038 complete and 0 interrupted iterations
default   [  33% ] 00105/00107 VUs  05.0s/15s  250.00 iters/s

running (06.0s), 00133/00136 VUs, 1230 complete and 0 interrupted iterations
default   [  40% ] 00133/00136 VUs  06.0s/15s  250.00 iters/s

running (07.0s), 00159/00167 VUs, 1422 complete and 0 interrupted iterations
default   [  47% ] 00160/00167 VUs  07.0s/15s  250.00 iters/s

running (08.0s), 00183/00186 VUs, 1630 complete and 0 interrupted iterations
default   [  53% ] 00183/00186 VUs  08.0s/15s  250.00 iters/s

running (09.0s), 00206/00206 VUs, 1837 complete and 0 interrupted iterations
default   [  60% ] 00206/00206 VUs  09.0s/15s  250.00 iters/s

running (10.0s), 00212/00221 VUs, 2065 complete and 0 interrupted iterations
default   [  67% ] 00213/00221 VUs  10.0s/15s  250.00 iters/s

running (11.0s), 00244/00251 VUs, 2254 complete and 0 interrupted iterations
default   [  73% ] 00244/00251 VUs  11.0s/15s  250.00 iters/s

running (12.0s), 00261/00261 VUs, 2465 complete and 0 interrupted iterations
default   [  80% ] 00261/00261 VUs  12.0s/15s  250.00 iters/s

running (13.0s), 00275/00285 VUs, 2675 complete and 0 interrupted iterations
default   [  87% ] 00275/00285 VUs  13.0s/15s  250.00 iters/s

running (14.0s), 00299/00308 VUs, 2878 complete and 0 interrupted iterations
default   [  93% ] 00299/00308 VUs  14.0s/15s  250.00 iters/s

running (15.0s), 00317/00329 VUs, 3088 complete and 0 interrupted iterations
default ↓ [ 100% ] 00317/00329 VUs  15s  250.00 iters/s

running (16.0s), 00105/00329 VUs, 3300 complete and 0 interrupted iterations
default ↓ [ 100% ] 00317/00329 VUs  15s  250.00 iters/s


  █ TOTAL RESULTS 

    HTTP
    http_req_duration..............: avg=805.39ms min=47.87ms med=807.13ms max=1.49s p(90)=1.4s p(95)=1.44s
      { expected_response:true }...: avg=805.39ms min=47.87ms med=807.13ms max=1.49s p(90)=1.4s p(95)=1.44s
    http_req_failed................: 0.00%  0 out of 3405
    http_reqs......................: 3405   206.864125/s

    EXECUTION
    dropped_iterations.............: 345    20.959801/s
    iteration_duration.............: avg=805.54ms min=48.07ms med=807.22ms max=1.49s p(90)=1.4s p(95)=1.44s
    iterations.....................: 3405   206.864125/s
    vus............................: 105    min=35        max=317
    vus_max........................: 329    min=38        max=329

    NETWORK
    data_received..................: 1.0 MB 62 kB/s
    data_sent......................: 1.3 MB 77 kB/s




running (16.5s), 00000/00329 VUs, 3405 complete and 0 interrupted iterations
default ✓ [ 100% ] 00000/00329 VUs  15s  250.00 iters/s
