2026/04/24 07:15:51 telemetry disabled: AEGEAN_DISABLE_TRACING=1

         /\      Grafana   /‾‾/  
    /\  /  \     |\  __   /  /   
   /  \/    \    | |/ /  /   ‾‾\ 
  /          \   |   (  |  (‾)  |
 / __________ \  |_|\_\  \_____/ 

     execution: local
        script: workflow/hotel/k6_open_reservation_client.js
        output: -

     scenarios: (100.00%) 1 scenario, 10000 max VUs, 45s max duration (incl. graceful stop):
              * default: 400.00 iterations/s for 15s (maxVUs: 0-10000, gracefulStop: 30s)


running (01.0s), 00077/00078 VUs, 216 complete and 0 interrupted iterations
default   [   7% ] 00078/00078 VUs  01.0s/15s  400.00 iters/s

running (02.0s), 00155/00159 VUs, 400 complete and 0 interrupted iterations
default   [  13% ] 00155/00159 VUs  02.0s/15s  400.00 iters/s

running (03.0s), 00242/00242 VUs, 609 complete and 0 interrupted iterations
default   [  20% ] 00242/00242 VUs  03.0s/15s  400.00 iters/s

running (04.0s), 00298/00303 VUs, 884 complete and 0 interrupted iterations
default   [  27% ] 00298/00303 VUs  04.0s/15s  400.00 iters/s

running (05.0s), 00344/00352 VUs, 1188 complete and 0 interrupted iterations
default   [  33% ] 00344/00352 VUs  05.0s/15s  400.00 iters/s

running (06.0s), 00389/00389 VUs, 1499 complete and 0 interrupted iterations
default   [  40% ] 00389/00389 VUs  06.0s/15s  400.00 iters/s

running (07.0s), 00462/00462 VUs, 1748 complete and 0 interrupted iterations
default   [  47% ] 00462/00462 VUs  07.0s/15s  400.00 iters/s

running (08.0s), 00515/00524 VUs, 2014 complete and 0 interrupted iterations
default   [  53% ] 00515/00524 VUs  08.0s/15s  400.00 iters/s

running (09.0s), 00584/00587 VUs, 2277 complete and 0 interrupted iterations
default   [  60% ] 00584/00587 VUs  09.0s/15s  400.00 iters/s

running (10.0s), 00653/00653 VUs, 2483 complete and 0 interrupted iterations
default   [  67% ] 00653/00653 VUs  10.0s/15s  400.00 iters/s

running (11.0s), 00760/00760 VUs, 2586 complete and 0 interrupted iterations
default   [  73% ] 00760/00760 VUs  11.0s/15s  400.00 iters/s

running (12.0s), 00843/00843 VUs, 2799 complete and 0 interrupted iterations
default   [  80% ] 00843/00843 VUs  12.0s/15s  400.00 iters/s

running (13.0s), 00927/00927 VUs, 3025 complete and 0 interrupted iterations
default   [  87% ] 00927/00927 VUs  13.0s/15s  400.00 iters/s

running (14.0s), 01022/01023 VUs, 3225 complete and 0 interrupted iterations
default   [  93% ] 01022/01023 VUs  14.0s/15s  400.00 iters/s

running (15.0s), 01122/01122 VUs, 3417 complete and 0 interrupted iterations
default   [ 100% ] 01122/01122 VUs  15s  400.00 iters/s

running (16.0s), 00982/01122 VUs, 3557 complete and 0 interrupted iterations
default ↓ [ 100% ] 01122/01122 VUs  15s  400.00 iters/s

running (17.0s), 00860/01122 VUs, 3679 complete and 0 interrupted iterations
default ↓ [ 100% ] 01122/01122 VUs  15s  400.00 iters/s

running (18.0s), 00700/01122 VUs, 3839 complete and 0 interrupted iterations
default ↓ [ 100% ] 01122/01122 VUs  15s  400.00 iters/s

running (19.0s), 00497/01122 VUs, 4042 complete and 0 interrupted iterations
default ↓ [ 100% ] 01122/01122 VUs  15s  400.00 iters/s
2026/04/24 07:16:39 hotel k6 open reservation client timed out after 20s
