2026/04/24 08:10:19 telemetry disabled: AEGEAN_DISABLE_TRACING=1

         /\      Grafana   /‾‾/  
    /\  /  \     |\  __   /  /   
   /  \/    \    | |/ /  /   ‾‾\ 
  /          \   |   (  |  (‾)  |
 / __________ \  |_|\_\  \_____/ 

     execution: local
        script: workflow/social/k6_open_read_home_timeline.js
        output: -

     scenarios: (100.00%) 1 scenario, 10000 max VUs, 45s max duration (incl. graceful stop):
              * default: 400.00 iterations/s for 15s (maxVUs: 0-10000, gracefulStop: 30s)


running (01.0s), 00000/00003 VUs, 396 complete and 0 interrupted iterations
default   [   7% ] 00000/00003 VUs  01.0s/15s  400.00 iters/s

running (02.0s), 00000/00003 VUs, 796 complete and 0 interrupted iterations
default   [  13% ] 00000/00003 VUs  02.0s/15s  400.00 iters/s

running (03.0s), 00001/00003 VUs, 1196 complete and 0 interrupted iterations
default   [  20% ] 00001/00003 VUs  03.0s/15s  400.00 iters/s

running (04.0s), 00001/00003 VUs, 1596 complete and 0 interrupted iterations
default   [  27% ] 00001/00003 VUs  04.0s/15s  400.00 iters/s

running (05.0s), 00001/00004 VUs, 1993 complete and 0 interrupted iterations
default   [  33% ] 00001/00004 VUs  05.0s/15s  400.00 iters/s

running (06.0s), 00001/00004 VUs, 2392 complete and 0 interrupted iterations
default   [  40% ] 00002/00004 VUs  06.0s/15s  400.00 iters/s

running (07.0s), 00000/00004 VUs, 2793 complete and 0 interrupted iterations
default   [  47% ] 00001/00004 VUs  07.0s/15s  400.00 iters/s

running (08.0s), 00001/00004 VUs, 3193 complete and 0 interrupted iterations
default   [  53% ] 00001/00004 VUs  08.0s/15s  400.00 iters/s

running (09.0s), 00001/00004 VUs, 3593 complete and 0 interrupted iterations
default   [  60% ] 00001/00004 VUs  09.0s/15s  400.00 iters/s

running (10.0s), 00001/00004 VUs, 3993 complete and 0 interrupted iterations
default   [  67% ] 00001/00004 VUs  10.0s/15s  400.00 iters/s

running (11.0s), 00001/00004 VUs, 4393 complete and 0 interrupted iterations
default   [  73% ] 00001/00004 VUs  11.0s/15s  400.00 iters/s

running (12.0s), 00002/00005 VUs, 4770 complete and 0 interrupted iterations
default   [  80% ] 00002/00005 VUs  12.0s/15s  400.00 iters/s

running (13.0s), 00001/00005 VUs, 5171 complete and 0 interrupted iterations
default   [  87% ] 00001/00005 VUs  13.0s/15s  400.00 iters/s

running (14.0s), 00001/00005 VUs, 5571 complete and 0 interrupted iterations
default   [  93% ] 00001/00005 VUs  14.0s/15s  400.00 iters/s

running (15.0s), 00001/00008 VUs, 5959 complete and 0 interrupted iterations
default ↓ [ 100% ] 00001/00008 VUs  15s  400.00 iters/s


  █ TOTAL RESULTS 

    HTTP
    http_req_duration..............: avg=1.05ms min=352.62µs med=951µs  max=65.35ms p(90)=1.31ms p(95)=1.51ms
      { expected_response:true }...: avg=1.05ms min=352.62µs med=951µs  max=65.35ms p(90)=1.31ms p(95)=1.51ms
    http_req_failed................: 0.00%  0 out of 5960
    http_reqs......................: 5960   397.196557/s

    EXECUTION
    dropped_iterations.............: 41     2.732392/s
    iteration_duration.............: avg=1.15ms min=383.29µs med=1.04ms max=65.52ms p(90)=1.46ms p(95)=1.68ms
    iterations.....................: 5960   397.196557/s
    vus............................: 1      min=0         max=2
    vus_max........................: 8      min=3         max=8

    NETWORK
    data_received..................: 7.6 MB 506 kB/s
    data_sent......................: 1.3 MB 90 kB/s




running (15.0s), 00000/00008 VUs, 5960 complete and 0 interrupted iterations
default ✓ [ 100% ] 00000/00008 VUs  15s  400.00 iters/s
