2026/05/05 06:21:50 telemetry disabled: AEGEAN_DISABLE_TRACING=1

         /\      Grafana   /‾‾/  
    /\  /  \     |\  __   /  /   
   /  \/    \    | |/ /  /   ‾‾\ 
  /          \   |   (  |  (‾)  |
 / __________ \  |_|\_\  \_____/ 

     execution: local
        script: workflow/aegean/k6_open_client.js
        output: -

     scenarios: (100.00%) 1 scenario, 10000 max VUs, 45s max duration (incl. graceful stop):
              * default: 1000.00 iterations/s for 15s (maxVUs: 0-10000, gracefulStop: 30s)


running (01.0s), 00016/00041 VUs, 927 complete and 0 interrupted iterations
default   [   7% ] 00016/00041 VUs  01.0s/15s  1000.00 iters/s

running (02.0s), 00019/00041 VUs, 1924 complete and 0 interrupted iterations
default   [  13% ] 00019/00041 VUs  02.0s/15s  1000.00 iters/s

running (03.0s), 00014/00046 VUs, 2920 complete and 0 interrupted iterations
default   [  20% ] 00014/00046 VUs  03.0s/15s  1000.00 iters/s

running (04.0s), 00020/00054 VUs, 3905 complete and 0 interrupted iterations
default   [  27% ] 00020/00054 VUs  04.0s/15s  1000.00 iters/s

running (05.0s), 00013/00054 VUs, 4912 complete and 0 interrupted iterations
default   [  33% ] 00013/00054 VUs  05.0s/15s  1000.00 iters/s

running (06.0s), 00029/00058 VUs, 5880 complete and 0 interrupted iterations
default   [  40% ] 00029/00058 VUs  06.0s/15s  1000.00 iters/s

running (07.0s), 00015/00058 VUs, 6894 complete and 0 interrupted iterations
default   [  47% ] 00015/00058 VUs  07.0s/15s  1000.00 iters/s

running (08.0s), 00025/00058 VUs, 7884 complete and 0 interrupted iterations
default   [  53% ] 00025/00058 VUs  08.0s/15s  1000.00 iters/s

running (09.0s), 00018/00058 VUs, 8892 complete and 0 interrupted iterations
default   [  60% ] 00018/00058 VUs  09.0s/15s  1000.00 iters/s

running (10.0s), 00019/00058 VUs, 9891 complete and 0 interrupted iterations
default   [  67% ] 00019/00058 VUs  10.0s/15s  1000.00 iters/s

running (11.0s), 00012/00065 VUs, 10890 complete and 0 interrupted iterations
default   [  73% ] 00013/00065 VUs  11.0s/15s  1000.00 iters/s

running (12.0s), 00015/00065 VUs, 11887 complete and 0 interrupted iterations
default   [  80% ] 00015/00065 VUs  12.0s/15s  1000.00 iters/s

running (13.0s), 00050/00068 VUs, 12845 complete and 0 interrupted iterations
default   [  87% ] 00050/00068 VUs  13.0s/15s  1000.00 iters/s

running (14.0s), 00065/00070 VUs, 13828 complete and 0 interrupted iterations
default   [  93% ] 00065/00070 VUs  14.0s/15s  1000.00 iters/s

running (15.0s), 00038/00072 VUs, 14853 complete and 0 interrupted iterations
default   [ 100% ] 00038/00072 VUs  15s  1000.00 iters/s


  █ TOTAL RESULTS 

    HTTP
    http_req_duration..............: avg=23.94ms min=11.38ms med=17.57ms max=76.41ms p(90)=45.25ms p(95)=54.35ms
      { expected_response:true }...: avg=23.94ms min=11.38ms med=17.57ms max=76.41ms p(90)=45.25ms p(95)=54.35ms
    http_req_failed................: 0.00%  0 out of 14891
    http_reqs......................: 14891  991.125227/s

    EXECUTION
    dropped_iterations.............: 110    7.321454/s
    iteration_duration.............: avg=24ms    min=11.42ms med=17.63ms max=76.45ms p(90)=45.4ms  p(95)=54.45ms
    iterations.....................: 14891  991.125227/s
    vus............................: 38     min=13         max=65
    vus_max........................: 72     min=41         max=72

    NETWORK
    data_received..................: 5.3 MB 351 kB/s
    data_sent......................: 5.5 MB 369 kB/s




running (15.0s), 00000/00072 VUs, 14891 complete and 0 interrupted iterations
default ✓ [ 100% ] 00000/00072 VUs  15s  1000.00 iters/s
