
         /\      Grafana   /‾‾/  
    /\  /  \     |\  __   /  /   
   /  \/    \    | |/ /  /   ‾‾\ 
  /          \   |   (  |  (‾)  |
 / __________ \  |_|\_\  \_____/ 

     execution: local
        script: workflow/response/k6_open_client.js
        output: -

     scenarios: (100.00%) 1 scenario, 100000 max VUs, 45s max duration (incl. graceful stop):
              * default: 500.00 iterations/s for 15s (maxVUs: 500-100000, gracefulStop: 30s)


running (01.0s), 000017/000500 VUs, 470 complete and 0 interrupted iterations
default   [   6% ] 000017/000500 VUs  01.0s/15s  500.00 iters/s

running (02.0s), 000019/000500 VUs, 969 complete and 0 interrupted iterations
default   [  13% ] 000019/000500 VUs  02.0s/15s  500.00 iters/s

running (03.0s), 000021/000500 VUs, 1467 complete and 0 interrupted iterations
default   [  20% ] 000021/000500 VUs  03.0s/15s  500.00 iters/s

running (04.0s), 000024/000500 VUs, 1963 complete and 0 interrupted iterations
default   [  27% ] 000024/000500 VUs  04.0s/15s  500.00 iters/s

running (05.0s), 000512/000512 VUs, 1963 complete and 0 interrupted iterations
default   [  33% ] 000512/000512 VUs  05.0s/15s  500.00 iters/s

running (06.0s), 000760/000761 VUs, 1963 complete and 0 interrupted iterations
default   [  40% ] 000760/000761 VUs  06.0s/15s  500.00 iters/s

running (07.0s), 001010/001010 VUs, 1963 complete and 0 interrupted iterations
default   [  46% ] 001010/001010 VUs  07.0s/15s  500.00 iters/s

running (08.0s), 001257/001258 VUs, 1963 complete and 0 interrupted iterations
default   [  53% ] 001257/001258 VUs  08.0s/15s  500.00 iters/s

running (09.0s), 001507/001508 VUs, 1963 complete and 0 interrupted iterations
default   [  60% ] 001507/001508 VUs  09.0s/15s  500.00 iters/s

running (10.0s), 001753/001754 VUs, 1963 complete and 0 interrupted iterations
default   [  66% ] 001753/001754 VUs  10.0s/15s  500.00 iters/s

running (11.0s), 002003/002003 VUs, 1963 complete and 0 interrupted iterations
default   [  73% ] 002003/002003 VUs  11.0s/15s  500.00 iters/s

running (12.0s), 002253/002253 VUs, 1963 complete and 0 interrupted iterations
default   [  80% ] 002253/002253 VUs  12.0s/15s  500.00 iters/s

running (13.0s), 002503/002503 VUs, 1963 complete and 0 interrupted iterations
default   [  86% ] 002503/002503 VUs  13.0s/15s  500.00 iters/s

running (14.0s), 002748/002748 VUs, 1963 complete and 0 interrupted iterations
default   [  93% ] 002748/002748 VUs  14.0s/15s  500.00 iters/s

running (15.0s), 002998/002998 VUs, 1963 complete and 0 interrupted iterations
default   [ 100% ] 002998/002998 VUs  15.0s/15s  500.00 iters/s

running (16.0s), 003004/003004 VUs, 1963 complete and 0 interrupted iterations
default ↓ [ 100% ] 003004/003004 VUs  15s  500.00 iters/s

running (17.0s), 003004/003004 VUs, 1963 complete and 0 interrupted iterations
default ↓ [ 100% ] 003004/003004 VUs  15s  500.00 iters/s

running (18.0s), 003004/003004 VUs, 1963 complete and 0 interrupted iterations
default ↓ [ 100% ] 003004/003004 VUs  15s  500.00 iters/s

running (19.0s), 003004/003004 VUs, 1963 complete and 0 interrupted iterations
default ↓ [ 100% ] 003004/003004 VUs  15s  500.00 iters/s

running (20.0s), 003004/003004 VUs, 1963 complete and 0 interrupted iterations
default ↓ [ 100% ] 003004/003004 VUs  15s  500.00 iters/s

running (21.0s), 003004/003004 VUs, 1963 complete and 0 interrupted iterations
default ↓ [ 100% ] 003004/003004 VUs  15s  500.00 iters/s

running (22.0s), 003004/003004 VUs, 1963 complete and 0 interrupted iterations
default ↓ [ 100% ] 003004/003004 VUs  15s  500.00 iters/s

running (23.0s), 003004/003004 VUs, 1963 complete and 0 interrupted iterations
default ↓ [ 100% ] 003004/003004 VUs  15s  500.00 iters/s

running (24.0s), 003004/003004 VUs, 1963 complete and 0 interrupted iterations
default ↓ [ 100% ] 003004/003004 VUs  15s  500.00 iters/s

running (25.0s), 003004/003004 VUs, 1963 complete and 0 interrupted iterations
default ↓ [ 100% ] 003004/003004 VUs  15s  500.00 iters/s

running (26.0s), 003004/003004 VUs, 1963 complete and 0 interrupted iterations
default ↓ [ 100% ] 003004/003004 VUs  15s  500.00 iters/s

running (27.0s), 003004/003004 VUs, 1963 complete and 0 interrupted iterations
default ↓ [ 100% ] 003004/003004 VUs  15s  500.00 iters/s

running (28.0s), 003004/003004 VUs, 1963 complete and 0 interrupted iterations
default ↓ [ 100% ] 003004/003004 VUs  15s  500.00 iters/s

running (29.0s), 003004/003004 VUs, 1963 complete and 0 interrupted iterations
default ↓ [ 100% ] 003004/003004 VUs  15s  500.00 iters/s

running (30.0s), 003004/003004 VUs, 1963 complete and 0 interrupted iterations
default ↓ [ 100% ] 003004/003004 VUs  15s  500.00 iters/s

running (31.0s), 003004/003004 VUs, 1963 complete and 0 interrupted iterations
default ↓ [ 100% ] 003004/003004 VUs  15s  500.00 iters/s

running (32.0s), 003004/003004 VUs, 1963 complete and 0 interrupted iterations
default ↓ [ 100% ] 003004/003004 VUs  15s  500.00 iters/s

running (33.0s), 003004/003004 VUs, 1963 complete and 0 interrupted iterations
default ↓ [ 100% ] 003004/003004 VUs  15s  500.00 iters/s

running (34.0s), 003004/003004 VUs, 1963 complete and 0 interrupted iterations
default ↓ [ 100% ] 003004/003004 VUs  15s  500.00 iters/s

running (35.0s), 003004/003004 VUs, 1963 complete and 0 interrupted iterations
default ↓ [ 100% ] 003004/003004 VUs  15s  500.00 iters/s

running (36.0s), 003004/003004 VUs, 1963 complete and 0 interrupted iterations
default ↓ [ 100% ] 003004/003004 VUs  15s  500.00 iters/s

running (37.0s), 003004/003004 VUs, 1963 complete and 0 interrupted iterations
default ↓ [ 100% ] 003004/003004 VUs  15s  500.00 iters/s

running (38.0s), 003004/003004 VUs, 1963 complete and 0 interrupted iterations
default ↓ [ 100% ] 003004/003004 VUs  15s  500.00 iters/s

running (39.0s), 003004/003004 VUs, 1963 complete and 0 interrupted iterations
default ↓ [ 100% ] 003004/003004 VUs  15s  500.00 iters/s

running (40.0s), 003004/003004 VUs, 1963 complete and 0 interrupted iterations
default ↓ [ 100% ] 003004/003004 VUs  15s  500.00 iters/s

running (41.0s), 003004/003004 VUs, 1963 complete and 0 interrupted iterations
default ↓ [ 100% ] 003004/003004 VUs  15s  500.00 iters/s

running (42.0s), 003004/003004 VUs, 1963 complete and 0 interrupted iterations
default ↓ [ 100% ] 003004/003004 VUs  15s  500.00 iters/s

running (43.0s), 003004/003004 VUs, 1963 complete and 0 interrupted iterations
default ↓ [ 100% ] 003004/003004 VUs  15s  500.00 iters/s

running (44.0s), 003004/003004 VUs, 1963 complete and 0 interrupted iterations
default ↓ [ 100% ] 003004/003004 VUs  15s  500.00 iters/s

running (45.0s), 003004/003004 VUs, 1963 complete and 0 interrupted iterations
default ↓ [ 100% ] 003004/003004 VUs  15s  500.00 iters/s


  █ TOTAL RESULTS 

    HTTP
    http_req_duration..............: avg=37.39ms min=15.93ms med=36.01ms max=83.41ms p(90)=50.52ms p(95)=63.74ms
      { expected_response:true }...: avg=37.39ms min=15.93ms med=36.01ms max=83.41ms p(90)=50.52ms p(95)=63.74ms
    http_req_failed................: 0.00%  0 out of 1963
    http_reqs......................: 1963   43.596563/s

    EXECUTION
    dropped_iterations.............: 2533   56.255779/s
    iteration_duration.............: avg=37.51ms min=16.14ms med=36.13ms max=83.64ms p(90)=50.6ms  p(95)=63.84ms
    iterations.....................: 1963   43.596563/s
    vus............................: 3004   min=18        max=3004
    vus_max........................: 3004   min=500       max=3004

    NETWORK
    data_received..................: 416 kB 9.2 kB/s
    data_sent......................: 973 kB 22 kB/s




running (45.0s), 000000/003004 VUs, 1963 complete and 3004 interrupted iterations
default ✓ [ 100% ] 003004/003004 VUs  15s  500.00 iters/s
