
         /\      Grafana   /‾‾/  
    /\  /  \     |\  __   /  /   
   /  \/    \    | |/ /  /   ‾‾\ 
  /          \   |   (  |  (‾)  |
 / __________ \  |_|\_\  \_____/ 

     execution: local
        script: workflow/hotel/k6_open_recommendations_client.js
        output: -

     scenarios: (100.00%) 1 scenario, 10000 max VUs, 45s max duration (incl. graceful stop):
              * default: 20.00 iterations/s for 15s (maxVUs: 20-10000, gracefulStop: 30s)


running (01.0s), 00000/00020 VUs, 20 complete and 0 interrupted iterations
default   [   7% ] 00000/00020 VUs  01.0s/15s  20.00 iters/s

running (02.0s), 00000/00020 VUs, 40 complete and 0 interrupted iterations
default   [  13% ] 00000/00020 VUs  02.0s/15s  20.00 iters/s

running (03.0s), 00000/00020 VUs, 60 complete and 0 interrupted iterations
default   [  20% ] 00000/00020 VUs  03.0s/15s  20.00 iters/s

running (04.0s), 00000/00020 VUs, 80 complete and 0 interrupted iterations
default   [  27% ] 00000/00020 VUs  04.0s/15s  20.00 iters/s

running (05.0s), 00000/00020 VUs, 100 complete and 0 interrupted iterations
default   [  33% ] 00000/00020 VUs  05.0s/15s  20.00 iters/s

running (06.0s), 00000/00020 VUs, 120 complete and 0 interrupted iterations
default   [  40% ] 00000/00020 VUs  06.0s/15s  20.00 iters/s

running (07.0s), 00000/00020 VUs, 140 complete and 0 interrupted iterations
default   [  47% ] 00000/00020 VUs  07.0s/15s  20.00 iters/s

running (08.0s), 00000/00020 VUs, 160 complete and 0 interrupted iterations
default   [  53% ] 00000/00020 VUs  08.0s/15s  20.00 iters/s

running (09.0s), 00000/00020 VUs, 180 complete and 0 interrupted iterations
default   [  60% ] 00000/00020 VUs  09.0s/15s  20.00 iters/s

running (10.0s), 00000/00020 VUs, 200 complete and 0 interrupted iterations
default   [  67% ] 00000/00020 VUs  10.0s/15s  20.00 iters/s

running (11.0s), 00000/00020 VUs, 220 complete and 0 interrupted iterations
default   [  73% ] 00000/00020 VUs  11.0s/15s  20.00 iters/s

running (12.0s), 00000/00020 VUs, 240 complete and 0 interrupted iterations
default   [  80% ] 00000/00020 VUs  12.0s/15s  20.00 iters/s

running (13.0s), 00000/00020 VUs, 260 complete and 0 interrupted iterations
default   [  87% ] 00000/00020 VUs  13.0s/15s  20.00 iters/s

running (14.0s), 00000/00020 VUs, 280 complete and 0 interrupted iterations
default   [  93% ] 00000/00020 VUs  14.0s/15s  20.00 iters/s

running (15.0s), 00000/00020 VUs, 300 complete and 0 interrupted iterations
default   [ 100% ] 00000/00020 VUs  15.0s/15s  20.00 iters/s


  █ TOTAL RESULTS 

    HTTP
    http_req_duration..............: avg=24.49ms min=19.38ms med=24.46ms max=30.44ms p(90)=27.55ms p(95)=28.27ms
      { expected_response:true }...: avg=24.49ms min=19.38ms med=24.46ms max=30.44ms p(90)=27.55ms p(95)=28.27ms
    http_req_failed................: 0.00%  0 out of 301
    http_reqs......................: 301    20.032852/s

    EXECUTION
    iteration_duration.............: avg=24.64ms min=19.52ms med=24.61ms max=30.53ms p(90)=27.72ms p(95)=28.4ms 
    iterations.....................: 301    20.032852/s
    vus............................: 0      min=0        max=0 
    vus_max........................: 20     min=20       max=20

    NETWORK
    data_received..................: 165 kB 11 kB/s
    data_sent......................: 86 kB  5.7 kB/s




running (15.0s), 00000/00020 VUs, 301 complete and 0 interrupted iterations
default ✓ [ 100% ] 00000/00020 VUs  15s  20.00 iters/s
