
         /\      Grafana   /‾‾/  
    /\  /  \     |\  __   /  /   
   /  \/    \    | |/ /  /   ‾‾\ 
  /          \   |   (  |  (‾)  |
 / __________ \  |_|\_\  \_____/ 

     execution: local
        script: workflow/social/k6_open_read_home_timeline.js
        output: -

     scenarios: (100.00%) 1 scenario, 10000 max VUs, 15s max duration (incl. graceful stop):
              * default: 5500.00 iterations/s for 15s (maxVUs: 5500-10000)


running (00.8s), 01333/05500 VUs, 3137 complete and 0 interrupted iterations
default   [   5% ] 01333/05500 VUs  00.8s/15s  5500.00 iters/s

running (01.8s), 01836/05500 VUs, 8133 complete and 0 interrupted iterations
default   [  12% ] 01836/05500 VUs  01.8s/15s  5500.00 iters/s

running (02.8s), 02305/05500 VUs, 13164 complete and 0 interrupted iterations
default   [  19% ] 02305/05500 VUs  02.8s/15s  5500.00 iters/s

running (03.8s), 02699/05500 VUs, 18273 complete and 0 interrupted iterations
default   [  25% ] 02699/05500 VUs  03.8s/15s  5500.00 iters/s

running (04.8s), 03005/05500 VUs, 23465 complete and 0 interrupted iterations
default   [  32% ] 03005/05500 VUs  04.8s/15s  5500.00 iters/s

running (05.8s), 03260/05500 VUs, 28710 complete and 0 interrupted iterations
default   [  39% ] 03260/05500 VUs  05.8s/15s  5500.00 iters/s

running (06.8s), 03300/05500 VUs, 34170 complete and 0 interrupted iterations
default   [  45% ] 03300/05500 VUs  06.8s/15s  5500.00 iters/s

running (07.8s), 03487/05500 VUs, 39485 complete and 0 interrupted iterations
default   [  52% ] 03487/05500 VUs  07.8s/15s  5500.00 iters/s

running (08.8s), 03703/05500 VUs, 44767 complete and 0 interrupted iterations
default   [  59% ] 03703/05500 VUs  08.8s/15s  5500.00 iters/s

running (09.8s), 03643/05500 VUs, 50322 complete and 0 interrupted iterations
default   [  65% ] 03644/05500 VUs  09.8s/15s  5500.00 iters/s

running (10.8s), 03758/05500 VUs, 55713 complete and 0 interrupted iterations
default   [  72% ] 03758/05500 VUs  10.8s/15s  5500.00 iters/s

running (11.8s), 03847/05500 VUs, 61123 complete and 0 interrupted iterations
default   [  79% ] 03847/05500 VUs  11.8s/15s  5500.00 iters/s

running (12.8s), 03910/05500 VUs, 66560 complete and 0 interrupted iterations
default   [  85% ] 03910/05500 VUs  12.8s/15s  5500.00 iters/s

running (13.8s), 04041/05500 VUs, 71929 complete and 0 interrupted iterations
default   [  92% ] 04041/05500 VUs  13.8s/15s  5500.00 iters/s

running (14.8s), 04349/05500 VUs, 77121 complete and 0 interrupted iterations
default   [  99% ] 04349/05500 VUs  14.8s/15s  5500.00 iters/s


  █ TOTAL RESULTS 

    HTTP
    http_req_duration..............: avg=583.27ms min=629.63µs med=636.14ms max=1.73s p(90)=736.78ms p(95)=770.6ms 
      { expected_response:true }...: avg=583.27ms min=629.63µs med=636.14ms max=1.73s p(90)=736.78ms p(95)=770.6ms 
    http_req_failed................: 0.00%  0 out of 78101
    http_reqs......................: 78101  5193.966433/s

    EXECUTION
    iteration_duration.............: avg=583.8ms  min=709.9µs  med=636.23ms max=1.73s p(90)=736.87ms p(95)=770.69ms
    iterations.....................: 78101  5193.966433/s
    vus............................: 4349   min=1332       max=4349
    vus_max........................: 5500   min=5500       max=5500

    NETWORK
    data_received..................: 100 MB 6.6 MB/s
    data_sent......................: 19 MB  1.2 MB/s




running (15.0s), 00000/05500 VUs, 78098 complete and 4403 interrupted iterations
default ✓ [ 100% ] 04403/05500 VUs  15s  5500.00 iters/s
