2026/05/05 06:04:16 telemetry disabled: AEGEAN_DISABLE_TRACING=1

         /\      Grafana   /‾‾/  
    /\  /  \     |\  __   /  /   
   /  \/    \    | |/ /  /   ‾‾\ 
  /          \   |   (  |  (‾)  |
 / __________ \  |_|\_\  \_____/ 

     execution: local
        script: workflow/aegean/k6_open_client.js
        output: -

     scenarios: (100.00%) 1 scenario, 10000 max VUs, 45s max duration (incl. graceful stop):
              * default: 700.00 iterations/s for 15s (maxVUs: 0-10000, gracefulStop: 30s)


running (01.0s), 00138/00148 VUs, 357 complete and 0 interrupted iterations
default   [   7% ] 00138/00148 VUs  01.0s/15s  700.00 iters/s

running (02.0s), 00265/00265 VUs, 768 complete and 0 interrupted iterations
default   [  13% ] 00265/00265 VUs  02.0s/15s  700.00 iters/s

running (03.0s), 00385/00389 VUs, 1186 complete and 0 interrupted iterations
default   [  20% ] 00385/00389 VUs  03.0s/15s  700.00 iters/s

running (04.0s), 00498/00509 VUs, 1607 complete and 0 interrupted iterations
default   [  27% ] 00498/00509 VUs  04.0s/15s  700.00 iters/s

running (05.0s), 00636/00636 VUs, 1996 complete and 0 interrupted iterations
default   [  33% ] 00636/00636 VUs  05.0s/15s  700.00 iters/s

running (06.0s), 00745/00757 VUs, 2427 complete and 0 interrupted iterations
default   [  40% ] 00746/00757 VUs  06.0s/15s  700.00 iters/s

running (07.0s), 00875/00876 VUs, 2841 complete and 0 interrupted iterations
default   [  47% ] 00875/00876 VUs  07.0s/15s  700.00 iters/s

running (08.0s), 00993/01003 VUs, 3261 complete and 0 interrupted iterations
default   [  53% ] 00993/01003 VUs  08.0s/15s  700.00 iters/s

running (09.0s), 01106/01120 VUs, 3696 complete and 0 interrupted iterations
default   [  60% ] 01107/01120 VUs  09.0s/15s  700.00 iters/s

running (10.0s), 01235/01244 VUs, 4111 complete and 0 interrupted iterations
default   [  67% ] 01235/01244 VUs  10.0s/15s  700.00 iters/s

running (11.0s), 01342/01358 VUs, 4533 complete and 0 interrupted iterations
default   [  73% ] 01344/01358 VUs  11.0s/15s  700.00 iters/s

running (12.0s), 01474/01476 VUs, 4941 complete and 0 interrupted iterations
default   [  80% ] 01474/01476 VUs  12.0s/15s  700.00 iters/s

running (13.0s), 01614/01615 VUs, 5315 complete and 0 interrupted iterations
default   [  87% ] 01614/01615 VUs  13.0s/15s  700.00 iters/s

running (14.0s), 01732/01732 VUs, 5742 complete and 0 interrupted iterations
default   [  93% ] 01732/01732 VUs  14.0s/15s  700.00 iters/s

running (15.0s), 01847/01861 VUs, 6163 complete and 0 interrupted iterations
default   [ 100% ] 01847/01861 VUs  15s  700.00 iters/s

running (16.0s), 01437/01861 VUs, 6573 complete and 0 interrupted iterations
default ↓ [ 100% ] 01847/01861 VUs  15s  700.00 iters/s

running (17.0s), 01021/01861 VUs, 6989 complete and 0 interrupted iterations
default ↓ [ 100% ] 01847/01861 VUs  15s  700.00 iters/s

running (18.0s), 00615/01861 VUs, 7395 complete and 0 interrupted iterations
default ↓ [ 100% ] 01847/01861 VUs  15s  700.00 iters/s

running (19.0s), 00159/01861 VUs, 7851 complete and 0 interrupted iterations
default ↓ [ 100% ] 01847/01861 VUs  15s  700.00 iters/s


  █ TOTAL RESULTS 

    HTTP
    http_req_duration..............: avg=2.25s min=48.36ms med=2.19s max=4.39s p(90)=4.03s p(95)=4.19s
      { expected_response:true }...: avg=2.25s min=48.36ms med=2.19s max=4.39s p(90)=4.03s p(95)=4.19s
    http_req_failed................: 0.00%  0 out of 8010
    http_reqs......................: 8010   413.465856/s

    EXECUTION
    dropped_iterations.............: 2491   128.582203/s
    iteration_duration.............: avg=2.25s min=48.5ms  med=2.19s max=4.39s p(90)=4.03s p(95)=4.19s
    iterations.....................: 8010   413.465856/s
    vus............................: 159    min=138       max=1847
    vus_max........................: 1861   min=148       max=1861

    NETWORK
    data_received..................: 2.6 MB 136 kB/s
    data_sent......................: 3.0 MB 154 kB/s




running (19.4s), 00000/01861 VUs, 8010 complete and 0 interrupted iterations
default ✓ [ 100% ] 00000/01861 VUs  15s  700.00 iters/s
