2026/04/24 06:39:30 telemetry disabled: AEGEAN_DISABLE_TRACING=1

         /\      Grafana   /‾‾/  
    /\  /  \     |\  __   /  /   
   /  \/    \    | |/ /  /   ‾‾\ 
  /          \   |   (  |  (‾)  |
 / __________ \  |_|\_\  \_____/ 

     execution: local
        script: workflow/aegean/k6_open_client.js
        output: -

     scenarios: (100.00%) 1 scenario, 10000 max VUs, 45s max duration (incl. graceful stop):
              * default: 400.00 iterations/s for 15s (maxVUs: 0-10000, gracefulStop: 30s)


running (01.0s), 00005/00011 VUs, 378 complete and 0 interrupted iterations
default   [   7% ] 00005/00011 VUs  01.0s/15s  400.00 iters/s

running (02.0s), 00006/00012 VUs, 777 complete and 0 interrupted iterations
default   [  13% ] 00006/00012 VUs  02.0s/15s  400.00 iters/s

running (03.0s), 00005/00016 VUs, 1169 complete and 0 interrupted iterations
default   [  20% ] 00005/00016 VUs  03.0s/15s  400.00 iters/s

running (04.0s), 00006/00016 VUs, 1568 complete and 0 interrupted iterations
default   [  27% ] 00006/00016 VUs  04.0s/15s  400.00 iters/s

running (05.0s), 00006/00018 VUs, 1960 complete and 0 interrupted iterations
default   [  33% ] 00006/00018 VUs  05.0s/15s  400.00 iters/s

running (06.0s), 00005/00019 VUs, 2347 complete and 0 interrupted iterations
default   [  40% ] 00005/00019 VUs  06.0s/15s  400.00 iters/s

running (07.0s), 00005/00020 VUs, 2745 complete and 0 interrupted iterations
default   [  47% ] 00005/00020 VUs  07.0s/15s  400.00 iters/s

running (08.0s), 00006/00020 VUs, 3145 complete and 0 interrupted iterations
default   [  53% ] 00006/00020 VUs  08.0s/15s  400.00 iters/s

running (09.0s), 00005/00020 VUs, 3545 complete and 0 interrupted iterations
default   [  60% ] 00005/00020 VUs  09.0s/15s  400.00 iters/s

running (10.0s), 00006/00020 VUs, 3944 complete and 0 interrupted iterations
default   [  67% ] 00005/00020 VUs  10.0s/15s  400.00 iters/s

running (11.0s), 00005/00020 VUs, 4345 complete and 0 interrupted iterations
default   [  73% ] 00005/00020 VUs  11.0s/15s  400.00 iters/s

running (12.0s), 00006/00020 VUs, 4745 complete and 0 interrupted iterations
default   [  80% ] 00006/00020 VUs  12.0s/15s  400.00 iters/s

running (13.0s), 00006/00020 VUs, 5144 complete and 0 interrupted iterations
default   [  87% ] 00005/00020 VUs  13.0s/15s  400.00 iters/s

running (14.0s), 00005/00020 VUs, 5546 complete and 0 interrupted iterations
default   [  93% ] 00005/00020 VUs  14.0s/15s  400.00 iters/s

running (15.0s), 00006/00020 VUs, 5944 complete and 0 interrupted iterations
default   [ 100% ] 00006/00020 VUs  15.0s/15s  400.00 iters/s


  █ TOTAL RESULTS 

    HTTP
    http_req_duration..............: avg=13.38ms min=10.36ms med=12.49ms max=76.02ms p(90)=14.25ms p(95)=16.46ms
      { expected_response:true }...: avg=13.38ms min=10.36ms med=12.49ms max=76.02ms p(90)=14.25ms p(95)=16.46ms
    http_req_failed................: 0.00%  0 out of 5950
    http_reqs......................: 5950   396.349359/s

    EXECUTION
    dropped_iterations.............: 50     3.330667/s
    iteration_duration.............: avg=13.61ms min=10.43ms med=12.69ms max=76.67ms p(90)=14.5ms  p(95)=16.78ms
    iterations.....................: 5950   396.349359/s
    vus............................: 6      min=5         max=6 
    vus_max........................: 20     min=11        max=20

    NETWORK
    data_received..................: 1.9 MB 130 kB/s
    data_sent......................: 2.2 MB 148 kB/s




running (15.0s), 00000/00020 VUs, 5950 complete and 0 interrupted iterations
default ✓ [ 100% ] 00000/00020 VUs  15s  400.00 iters/s
