
         /\      Grafana   /‾‾/  
    /\  /  \     |\  __   /  /   
   /  \/    \    | |/ /  /   ‾‾\ 
  /          \   |   (  |  (‾)  |
 / __________ \  |_|\_\  \_____/ 

     execution: local
        script: workflow/media/k6_open_review_compose.js
        output: -

     scenarios: (100.00%) 1 scenario, 10000 max VUs, 15s max duration (incl. graceful stop):
              * default: 200.00 iterations/s for 15s (maxVUs: 200-10000)


running (01.0s), 00003/00200 VUs, 195 complete and 0 interrupted iterations
default   [   7% ] 00003/00200 VUs  01.0s/15s  200.00 iters/s

running (02.0s), 00003/00200 VUs, 395 complete and 0 interrupted iterations
default   [  13% ] 00003/00200 VUs  02.0s/15s  200.00 iters/s

running (03.0s), 00003/00200 VUs, 595 complete and 0 interrupted iterations
default   [  20% ] 00003/00200 VUs  03.0s/15s  200.00 iters/s

running (04.0s), 00004/00200 VUs, 794 complete and 0 interrupted iterations
default   [  27% ] 00004/00200 VUs  04.0s/15s  200.00 iters/s

running (05.0s), 00003/00200 VUs, 995 complete and 0 interrupted iterations
default   [  33% ] 00003/00200 VUs  05.0s/15s  200.00 iters/s

running (06.0s), 00006/00200 VUs, 1192 complete and 0 interrupted iterations
default   [  40% ] 00006/00200 VUs  06.0s/15s  200.00 iters/s

running (07.0s), 00003/00200 VUs, 1395 complete and 0 interrupted iterations
default   [  47% ] 00003/00200 VUs  07.0s/15s  200.00 iters/s

running (08.0s), 00004/00200 VUs, 1594 complete and 0 interrupted iterations
default   [  53% ] 00004/00200 VUs  08.0s/15s  200.00 iters/s

running (09.0s), 00006/00200 VUs, 1792 complete and 0 interrupted iterations
default   [  60% ] 00006/00200 VUs  09.0s/15s  200.00 iters/s

running (10.0s), 00003/00200 VUs, 1995 complete and 0 interrupted iterations
default   [  67% ] 00003/00200 VUs  10.0s/15s  200.00 iters/s

running (11.0s), 00012/00200 VUs, 2186 complete and 0 interrupted iterations
default   [  73% ] 00012/00200 VUs  11.0s/15s  200.00 iters/s

running (12.0s), 00007/00200 VUs, 2391 complete and 0 interrupted iterations
default   [  80% ] 00007/00200 VUs  12.0s/15s  200.00 iters/s

running (13.0s), 00005/00200 VUs, 2593 complete and 0 interrupted iterations
default   [  87% ] 00005/00200 VUs  13.0s/15s  200.00 iters/s

running (14.0s), 00004/00200 VUs, 2794 complete and 0 interrupted iterations
default   [  93% ] 00004/00200 VUs  14.0s/15s  200.00 iters/s

running (15.0s), 00006/00200 VUs, 2992 complete and 0 interrupted iterations
default   [ 100% ] 00006/00200 VUs  15.0s/15s  200.00 iters/s


  █ TOTAL RESULTS 

    HTTP
    http_req_duration..............: avg=19.46ms min=7.42ms med=17.32ms max=86.81ms p(90)=29.54ms p(95)=34.54ms
      { expected_response:true }...: avg=19.46ms min=7.42ms med=17.32ms max=86.81ms p(90)=29.54ms p(95)=34.54ms
    http_req_failed................: 0.00%  0 out of 2998
    http_reqs......................: 2998   199.849991/s

    EXECUTION
    iteration_duration.............: avg=19.65ms min=7.53ms med=17.47ms max=89.54ms p(90)=29.77ms p(95)=34.76ms
    iterations.....................: 2998   199.849991/s
    vus............................: 6      min=3         max=12 
    vus_max........................: 200    min=200       max=200

    NETWORK
    data_received..................: 800 kB 53 kB/s
    data_sent......................: 1.7 MB 111 kB/s




running (15.0s), 00000/00200 VUs, 2998 complete and 3 interrupted iterations
default ✓ [ 100% ] 00003/00200 VUs  15s  200.00 iters/s
