2026/04/30 17:17:28 telemetry disabled: AEGEAN_DISABLE_TRACING=1

         /\      Grafana   /‾‾/  
    /\  /  \     |\  __   /  /   
   /  \/    \    | |/ /  /   ‾‾\ 
  /          \   |   (  |  (‾)  |
 / __________ \  |_|\_\  \_____/ 

     execution: local
        script: workflow/aegean/k6_open_client.js
        output: -

     scenarios: (100.00%) 1 scenario, 10000 max VUs, 45s max duration (incl. graceful stop):
              * default: 30.00 iterations/s for 15s (maxVUs: 0-10000, gracefulStop: 30s)


running (01.0s), 00000/00001 VUs, 28 complete and 0 interrupted iterations
default   [   7% ] 00001/00001 VUs  01.0s/15s  30.00 iters/s

running (02.0s), 00001/00001 VUs, 58 complete and 0 interrupted iterations
default   [  13% ] 00001/00001 VUs  02.0s/15s  30.00 iters/s

running (03.0s), 00001/00001 VUs, 88 complete and 0 interrupted iterations
default   [  20% ] 00001/00001 VUs  03.0s/15s  30.00 iters/s

running (04.0s), 00001/00001 VUs, 118 complete and 0 interrupted iterations
default   [  27% ] 00001/00001 VUs  04.0s/15s  30.00 iters/s

running (05.0s), 00001/00002 VUs, 147 complete and 0 interrupted iterations
default   [  33% ] 00001/00002 VUs  05.0s/15s  30.00 iters/s

running (06.0s), 00001/00002 VUs, 177 complete and 0 interrupted iterations
default   [  40% ] 00001/00002 VUs  06.0s/15s  30.00 iters/s

running (07.0s), 00001/00002 VUs, 207 complete and 0 interrupted iterations
default   [  47% ] 00001/00002 VUs  07.0s/15s  30.00 iters/s

running (08.0s), 00001/00002 VUs, 237 complete and 0 interrupted iterations
default   [  53% ] 00001/00002 VUs  08.0s/15s  30.00 iters/s

running (09.0s), 00001/00002 VUs, 267 complete and 0 interrupted iterations
default   [  60% ] 00001/00002 VUs  09.0s/15s  30.00 iters/s

running (10.0s), 00001/00002 VUs, 297 complete and 0 interrupted iterations
default   [  67% ] 00001/00002 VUs  10.0s/15s  30.00 iters/s

running (11.0s), 00001/00002 VUs, 327 complete and 0 interrupted iterations
default   [  73% ] 00001/00002 VUs  11.0s/15s  30.00 iters/s

running (12.0s), 00000/00002 VUs, 357 complete and 0 interrupted iterations
default   [  80% ] 00001/00002 VUs  12.0s/15s  30.00 iters/s

running (13.0s), 00001/00002 VUs, 387 complete and 0 interrupted iterations
default   [  87% ] 00001/00002 VUs  13.0s/15s  30.00 iters/s

running (14.0s), 00001/00002 VUs, 417 complete and 0 interrupted iterations
default   [  93% ] 00001/00002 VUs  14.0s/15s  30.00 iters/s

running (15.0s), 00001/00002 VUs, 447 complete and 0 interrupted iterations
default   [ 100% ] 00001/00002 VUs  15s  30.00 iters/s


  █ TOTAL RESULTS 

    HTTP
    http_req_duration..............: avg=14.43ms min=11.03ms med=14.2ms  max=34.13ms p(90)=16.1ms  p(95)=16.74ms
      { expected_response:true }...: avg=14.43ms min=11.03ms med=14.2ms  max=34.13ms p(90)=16.1ms  p(95)=16.74ms
    http_req_failed................: 0.00%  0 out of 448
    http_reqs......................: 448    29.834478/s

    EXECUTION
    dropped_iterations.............: 3      0.199784/s
    iteration_duration.............: avg=14.87ms min=11.12ms med=14.68ms max=34.79ms p(90)=16.65ms p(95)=17.65ms
    iterations.....................: 448    29.834478/s
    vus............................: 1      min=0        max=1
    vus_max........................: 2      min=1        max=2

    NETWORK
    data_received..................: 146 kB 9.7 kB/s
    data_sent......................: 167 kB 11 kB/s




running (15.0s), 00000/00002 VUs, 448 complete and 0 interrupted iterations
default ✓ [ 100% ] 00000/00002 VUs  15s  30.00 iters/s
