
         /\      Grafana   /‾‾/  
    /\  /  \     |\  __   /  /   
   /  \/    \    | |/ /  /   ‾‾\ 
  /          \   |   (  |  (‾)  |
 / __________ \  |_|\_\  \_____/ 

     execution: local
        script: workflow/hotel/k6_open_recommendations_client.js
        output: -

     scenarios: (100.00%) 1 scenario, 10000 max VUs, 45s max duration (incl. graceful stop):
              * default: 4500.00 iterations/s for 15s (maxVUs: 4500-10000, gracefulStop: 30s)


running (00.8s), 00458/04500 VUs, 3360 complete and 0 interrupted iterations
default   [   6% ] 00458/04500 VUs  00.8s/15s  4500.00 iters/s

running (01.8s), 00406/04500 VUs, 7912 complete and 0 interrupted iterations
default   [  12% ] 00406/04500 VUs  01.8s/15s  4500.00 iters/s

running (02.8s), 00281/04500 VUs, 12538 complete and 0 interrupted iterations
default   [  19% ] 00281/04500 VUs  02.8s/15s  4500.00 iters/s

running (03.8s), 00488/04500 VUs, 16833 complete and 0 interrupted iterations
default   [  26% ] 00488/04500 VUs  03.8s/15s  4500.00 iters/s

running (04.8s), 00705/04500 VUs, 21113 complete and 0 interrupted iterations
default   [  32% ] 00705/04500 VUs  04.8s/15s  4500.00 iters/s

running (05.8s), 00491/04500 VUs, 25827 complete and 0 interrupted iterations
default   [  39% ] 00491/04500 VUs  05.8s/15s  4500.00 iters/s

running (06.8s), 00190/04500 VUs, 30628 complete and 0 interrupted iterations
default   [  46% ] 00190/04500 VUs  06.8s/15s  4500.00 iters/s

running (07.8s), 00256/04500 VUs, 35063 complete and 0 interrupted iterations
default   [  52% ] 00256/04500 VUs  07.8s/15s  4500.00 iters/s

running (08.8s), 00192/04500 VUs, 39626 complete and 0 interrupted iterations
default   [  59% ] 00192/04500 VUs  08.8s/15s  4500.00 iters/s

running (09.8s), 00614/04500 VUs, 43704 complete and 0 interrupted iterations
default   [  66% ] 00614/04500 VUs  09.8s/15s  4500.00 iters/s

running (10.8s), 00629/04500 VUs, 48190 complete and 0 interrupted iterations
default   [  72% ] 00629/04500 VUs  10.8s/15s  4500.00 iters/s

running (11.8s), 00543/04500 VUs, 52775 complete and 0 interrupted iterations
default   [  79% ] 00543/04500 VUs  11.8s/15s  4500.00 iters/s

running (12.8s), 00533/04500 VUs, 57285 complete and 0 interrupted iterations
default   [  86% ] 00533/04500 VUs  12.8s/15s  4500.00 iters/s

running (13.8s), 00412/04500 VUs, 61906 complete and 0 interrupted iterations
default   [  92% ] 00412/04500 VUs  13.8s/15s  4500.00 iters/s

running (14.8s), 00108/04500 VUs, 66710 complete and 0 interrupted iterations
default   [  99% ] 00108/04500 VUs  14.8s/15s  4500.00 iters/s


  █ TOTAL RESULTS 

    HTTP
    http_req_duration..............: avg=94.76ms min=2.55ms med=94.71ms max=234.69ms p(90)=183.38ms p(95)=196.88ms
      { expected_response:true }...: avg=94.76ms min=2.55ms med=94.71ms max=234.69ms p(90)=183.38ms p(95)=196.88ms
    http_req_failed................: 0.00% 0 out of 67502
    http_reqs......................: 67502 4480.644362/s

    EXECUTION
    iteration_duration.............: avg=94.89ms min=2.67ms med=94.84ms max=234.81ms p(90)=183.48ms p(95)=196.99ms
    iterations.....................: 67502 4480.644362/s
    vus............................: 109   min=109        max=706 
    vus_max........................: 4500  min=4500       max=4500

    NETWORK
    data_received..................: 47 MB 3.1 MB/s
    data_sent......................: 19 MB 1.3 MB/s




running (15.1s), 00000/04500 VUs, 67502 complete and 0 interrupted iterations
default ✓ [ 100% ] 00000/04500 VUs  15s  4500.00 iters/s
