
         /\      Grafana   /‾‾/  
    /\  /  \     |\  __   /  /   
   /  \/    \    | |/ /  /   ‾‾\ 
  /          \   |   (  |  (‾)  |
 / __________ \  |_|\_\  \_____/ 

     execution: local
        script: workflow/media/k6_open_review_compose.js
        output: -

     scenarios: (100.00%) 1 scenario, 10000 max VUs, 15s max duration (incl. graceful stop):
              * default: 30.00 iterations/s for 15s (maxVUs: 30-10000)


running (01.0s), 00001/00030 VUs, 29 complete and 0 interrupted iterations
default   [   7% ] 00001/00030 VUs  01.0s/15s  30.00 iters/s

running (02.0s), 00001/00030 VUs, 59 complete and 0 interrupted iterations
default   [  13% ] 00001/00030 VUs  02.0s/15s  30.00 iters/s

running (03.0s), 00001/00030 VUs, 89 complete and 0 interrupted iterations
default   [  20% ] 00001/00030 VUs  03.0s/15s  30.00 iters/s

running (04.0s), 00001/00030 VUs, 119 complete and 0 interrupted iterations
default   [  27% ] 00001/00030 VUs  04.0s/15s  30.00 iters/s

running (05.0s), 00001/00030 VUs, 149 complete and 0 interrupted iterations
default   [  33% ] 00001/00030 VUs  05.0s/15s  30.00 iters/s

running (06.0s), 00001/00030 VUs, 179 complete and 0 interrupted iterations
default   [  40% ] 00001/00030 VUs  06.0s/15s  30.00 iters/s

running (07.0s), 00001/00030 VUs, 209 complete and 0 interrupted iterations
default   [  47% ] 00001/00030 VUs  07.0s/15s  30.00 iters/s

running (08.0s), 00002/00030 VUs, 238 complete and 0 interrupted iterations
default   [  53% ] 00002/00030 VUs  08.0s/15s  30.00 iters/s

running (09.0s), 00003/00030 VUs, 267 complete and 0 interrupted iterations
default   [  60% ] 00003/00030 VUs  09.0s/15s  30.00 iters/s

running (10.0s), 00004/00030 VUs, 296 complete and 0 interrupted iterations
default   [  67% ] 00004/00030 VUs  10.0s/15s  30.00 iters/s

running (11.0s), 00007/00030 VUs, 323 complete and 0 interrupted iterations
default   [  73% ] 00007/00030 VUs  11.0s/15s  30.00 iters/s

running (12.0s), 00008/00030 VUs, 352 complete and 0 interrupted iterations
default   [  80% ] 00008/00030 VUs  12.0s/15s  30.00 iters/s

running (13.0s), 00010/00030 VUs, 380 complete and 0 interrupted iterations
default   [  87% ] 00010/00030 VUs  13.0s/15s  30.00 iters/s

running (14.0s), 00013/00030 VUs, 407 complete and 0 interrupted iterations
default   [  93% ] 00013/00030 VUs  14.0s/15s  30.00 iters/s

running (15.0s), 00016/00030 VUs, 434 complete and 0 interrupted iterations
default   [ 100% ] 00016/00030 VUs  15.0s/15s  30.00 iters/s


  █ TOTAL RESULTS 

    HTTP
    http_req_duration..............: avg=140.42ms min=29.69ms med=48.87ms max=543.41ms p(90)=382.2ms  p(95)=479.91ms
      { expected_response:true }...: avg=140.42ms min=29.69ms med=48.87ms max=543.41ms p(90)=382.2ms  p(95)=479.91ms
    http_req_failed................: 0.00%  0 out of 434
    http_reqs......................: 434    28.93163/s

    EXECUTION
    iteration_duration.............: avg=140.59ms min=29.86ms med=49.15ms max=543.56ms p(90)=382.32ms p(95)=480.02ms
    iterations.....................: 434    28.93163/s
    vus............................: 16     min=1        max=16
    vus_max........................: 30     min=30       max=30

    NETWORK
    data_received..................: 104 kB 6.9 kB/s
    data_sent......................: 250 kB 17 kB/s




running (15.0s), 00000/00030 VUs, 434 complete and 16 interrupted iterations
default ✓ [ 100% ] 00016/00030 VUs  15s  30.00 iters/s
