2026/05/05 06:17:00 telemetry disabled: AEGEAN_DISABLE_TRACING=1

         /\      Grafana   /‾‾/  
    /\  /  \     |\  __   /  /   
   /  \/    \    | |/ /  /   ‾‾\ 
  /          \   |   (  |  (‾)  |
 / __________ \  |_|\_\  \_____/ 

     execution: local
        script: workflow/aegean/k6_open_client.js
        output: -

     scenarios: (100.00%) 1 scenario, 10000 max VUs, 45s max duration (incl. graceful stop):
              * default: 1000.00 iterations/s for 15s (maxVUs: 0-10000, gracefulStop: 30s)


running (01.0s), 00258/00270 VUs, 380 complete and 0 interrupted iterations
default   [   7% ] 00258/00270 VUs  01.0s/15s  1000.00 iters/s

running (02.0s), 00517/00517 VUs, 817 complete and 0 interrupted iterations
default   [  13% ] 00517/00517 VUs  02.0s/15s  1000.00 iters/s

running (03.0s), 00740/00772 VUs, 1272 complete and 0 interrupted iterations
default   [  20% ] 00741/00772 VUs  03.0s/15s  1000.00 iters/s

running (04.0s), 01018/01018 VUs, 1680 complete and 0 interrupted iterations
default   [  27% ] 01018/01018 VUs  04.0s/15s  1000.00 iters/s

running (05.0s), 01253/01264 VUs, 2125 complete and 0 interrupted iterations
default   [  33% ] 01253/01264 VUs  05.0s/15s  1000.00 iters/s

running (06.0s), 01520/01528 VUs, 2522 complete and 0 interrupted iterations
default   [  40% ] 01518/01528 VUs  06.0s/15s  1000.00 iters/s

running (07.0s), 01761/01762 VUs, 2997 complete and 0 interrupted iterations
default   [  47% ] 01761/01762 VUs  07.0s/15s  1000.00 iters/s

running (08.0s), 02012/02013 VUs, 3425 complete and 0 interrupted iterations
default   [  53% ] 02012/02013 VUs  08.0s/15s  1000.00 iters/s

running (09.0s), 02210/02240 VUs, 3877 complete and 0 interrupted iterations
default   [  60% ] 02210/02240 VUs  09.0s/15s  1000.00 iters/s

running (10.0s), 02472/02480 VUs, 4328 complete and 0 interrupted iterations
default   [  67% ] 02472/02480 VUs  10.0s/15s  1000.00 iters/s

running (11.0s), 02725/02726 VUs, 4767 complete and 0 interrupted iterations
default   [  73% ] 02725/02726 VUs  11.0s/15s  1000.00 iters/s

running (12.0s), 02964/02965 VUs, 5216 complete and 0 interrupted iterations
default   [  80% ] 02965/02965 VUs  12.0s/15s  1000.00 iters/s

running (13.0s), 03193/03208 VUs, 5663 complete and 0 interrupted iterations
default   [  87% ] 03193/03208 VUs  13.0s/15s  1000.00 iters/s

running (14.0s), 03454/03454 VUs, 6066 complete and 0 interrupted iterations
default   [  93% ] 03454/03454 VUs  14.0s/15s  1000.00 iters/s

running (15.0s), 03660/03661 VUs, 6464 complete and 0 interrupted iterations
default   [ 100% ] 03661/03661 VUs  15.0s/15s  1000.00 iters/s

running (16.0s), 03226/03662 VUs, 6900 complete and 0 interrupted iterations
default ↓ [ 100% ] 03662/03662 VUs  15s  1000.00 iters/s

running (17.0s), 02767/03662 VUs, 7359 complete and 0 interrupted iterations
default ↓ [ 100% ] 03662/03662 VUs  15s  1000.00 iters/s

running (18.0s), 02359/03662 VUs, 7767 complete and 0 interrupted iterations
default ↓ [ 100% ] 03662/03662 VUs  15s  1000.00 iters/s

running (19.0s), 01910/03662 VUs, 8216 complete and 0 interrupted iterations
default ↓ [ 100% ] 03662/03662 VUs  15s  1000.00 iters/s
2026/05/05 06:17:27 k6 client request logic timed out after 20s
