
         /\      Grafana   /‾‾/  
    /\  /  \     |\  __   /  /   
   /  \/    \    | |/ /  /   ‾‾\ 
  /          \   |   (  |  (‾)  |
 / __________ \  |_|\_\  \_____/ 

     execution: local
        script: workflow/media/k6_open_review_compose.js
        output: -

     scenarios: (100.00%) 1 scenario, 10000 max VUs, 15s max duration (incl. graceful stop):
              * default: 500.00 iterations/s for 15s (maxVUs: 500-10000)


running (01.0s), 00001/00500 VUs, 486 complete and 0 interrupted iterations
default   [   6% ] 00001/00500 VUs  01.0s/15s  500.00 iters/s

running (02.0s), 00002/00500 VUs, 985 complete and 0 interrupted iterations
default   [  13% ] 00002/00500 VUs  02.0s/15s  500.00 iters/s

running (03.0s), 00002/00500 VUs, 1485 complete and 0 interrupted iterations
default   [  20% ] 00001/00500 VUs  03.0s/15s  500.00 iters/s

running (04.0s), 00002/00500 VUs, 1985 complete and 0 interrupted iterations
default   [  26% ] 00001/00500 VUs  04.0s/15s  500.00 iters/s

running (05.0s), 00001/00500 VUs, 2486 complete and 0 interrupted iterations
default   [  33% ] 00001/00500 VUs  05.0s/15s  500.00 iters/s

running (06.0s), 00001/00500 VUs, 2986 complete and 0 interrupted iterations
default   [  40% ] 00001/00500 VUs  06.0s/15s  500.00 iters/s

running (07.0s), 00001/00500 VUs, 3486 complete and 0 interrupted iterations
default   [  46% ] 00001/00500 VUs  07.0s/15s  500.00 iters/s

running (08.0s), 00001/00500 VUs, 3986 complete and 0 interrupted iterations
default   [  53% ] 00001/00500 VUs  08.0s/15s  500.00 iters/s

running (09.0s), 00000/00500 VUs, 4486 complete and 0 interrupted iterations
default   [  60% ] 00001/00500 VUs  09.0s/15s  500.00 iters/s

running (10.0s), 00001/00500 VUs, 4986 complete and 0 interrupted iterations
default   [  66% ] 00001/00500 VUs  10.0s/15s  500.00 iters/s

running (11.0s), 00001/00500 VUs, 5485 complete and 0 interrupted iterations
default   [  73% ] 00002/00500 VUs  11.0s/15s  500.00 iters/s

running (12.0s), 00002/00500 VUs, 5985 complete and 0 interrupted iterations
default   [  80% ] 00001/00500 VUs  12.0s/15s  500.00 iters/s

running (13.0s), 00002/00500 VUs, 6485 complete and 0 interrupted iterations
default   [  86% ] 00002/00500 VUs  13.0s/15s  500.00 iters/s

running (14.0s), 00002/00500 VUs, 6985 complete and 0 interrupted iterations
default   [  93% ] 00001/00500 VUs  14.0s/15s  500.00 iters/s

running (15.0s), 00001/00500 VUs, 7486 complete and 0 interrupted iterations
default   [ 100% ] 00001/00500 VUs  15.0s/15s  500.00 iters/s


  █ TOTAL RESULTS 

    HTTP
    http_req_duration..............: avg=2.06ms min=1.5ms med=1.9ms  max=20.9ms  p(90)=2.29ms p(95)=2.49ms
      { expected_response:true }...: avg=2.06ms min=1.5ms med=1.9ms  max=20.9ms  p(90)=2.29ms p(95)=2.49ms
    http_req_failed................: 0.00%  0 out of 7500
    http_reqs......................: 7500   499.943746/s

    EXECUTION
    iteration_duration.............: avg=2.33ms min=1.6ms med=2.01ms max=65.77ms p(90)=2.41ms p(95)=2.63ms
    iterations.....................: 7500   499.943746/s
    vus............................: 1      min=0         max=2  
    vus_max........................: 500    min=500       max=500

    NETWORK
    data_received..................: 1.8 MB 121 kB/s
    data_sent......................: 4.2 MB 278 kB/s




running (15.0s), 00000/00500 VUs, 7500 complete and 1 interrupted iterations
default ✓ [ 100% ] 00001/00500 VUs  15s  500.00 iters/s
