2026/04/24 07:18:54 telemetry disabled: AEGEAN_DISABLE_TRACING=1

         /\      Grafana   /‾‾/  
    /\  /  \     |\  __   /  /   
   /  \/    \    | |/ /  /   ‾‾\ 
  /          \   |   (  |  (‾)  |
 / __________ \  |_|\_\  \_____/ 

     execution: local
        script: workflow/hotel/k6_open_reservation_client.js
        output: -

     scenarios: (100.00%) 1 scenario, 10000 max VUs, 45s max duration (incl. graceful stop):
              * default: 30.00 iterations/s for 15s (maxVUs: 0-10000, gracefulStop: 30s)


running (01.0s), 00001/00003 VUs, 25 complete and 0 interrupted iterations
default   [   7% ] 00002/00003 VUs  01.0s/15s  30.00 iters/s

running (02.0s), 00000/00003 VUs, 56 complete and 0 interrupted iterations
default   [  13% ] 00001/00003 VUs  02.0s/15s  30.00 iters/s

running (03.0s), 00002/00003 VUs, 84 complete and 0 interrupted iterations
default   [  20% ] 00002/00003 VUs  03.0s/15s  30.00 iters/s

running (04.0s), 00002/00003 VUs, 115 complete and 0 interrupted iterations
default   [  27% ] 00002/00003 VUs  04.0s/15s  30.00 iters/s

running (05.0s), 00001/00003 VUs, 145 complete and 0 interrupted iterations
default   [  33% ] 00001/00003 VUs  05.0s/15s  30.00 iters/s

running (06.0s), 00002/00003 VUs, 175 complete and 0 interrupted iterations
default   [  40% ] 00002/00003 VUs  06.0s/15s  30.00 iters/s

running (07.0s), 00002/00003 VUs, 205 complete and 0 interrupted iterations
default   [  47% ] 00002/00003 VUs  07.0s/15s  30.00 iters/s

running (08.0s), 00002/00003 VUs, 235 complete and 0 interrupted iterations
default   [  53% ] 00002/00003 VUs  08.0s/15s  30.00 iters/s

running (09.0s), 00002/00003 VUs, 265 complete and 0 interrupted iterations
default   [  60% ] 00002/00003 VUs  09.0s/15s  30.00 iters/s

running (10.0s), 00002/00004 VUs, 294 complete and 0 interrupted iterations
default   [  67% ] 00002/00004 VUs  10.0s/15s  30.00 iters/s

running (11.0s), 00000/00004 VUs, 325 complete and 0 interrupted iterations
default   [  73% ] 00001/00004 VUs  11.0s/15s  30.00 iters/s

running (12.0s), 00001/00004 VUs, 355 complete and 0 interrupted iterations
default   [  80% ] 00001/00004 VUs  12.0s/15s  30.00 iters/s

running (13.0s), 00003/00005 VUs, 378 complete and 0 interrupted iterations
default   [  87% ] 00003/00005 VUs  13.0s/15s  30.00 iters/s

running (14.0s), 00000/00006 VUs, 410 complete and 0 interrupted iterations
default   [  93% ] 00001/00006 VUs  14.0s/15s  30.00 iters/s

running (15.0s), 00002/00006 VUs, 439 complete and 0 interrupted iterations
default ↓ [ 100% ] 00002/00006 VUs  15s  30.00 iters/s


  █ TOTAL RESULTS 

    HTTP
    http_req_duration..............: avg=51.88ms min=20.22ms med=53.54ms max=248.48ms p(90)=67.26ms p(95)=72.26ms
      { expected_response:true }...: avg=51.88ms min=20.22ms med=53.54ms max=248.48ms p(90)=67.26ms p(95)=72.26ms
    http_req_failed................: 0.00%  0 out of 441
    http_reqs......................: 441    29.338644/s

    EXECUTION
    dropped_iterations.............: 10     0.665275/s
    iteration_duration.............: avg=52.24ms min=20.52ms med=53.95ms max=248.72ms p(90)=67.42ms p(95)=72.48ms
    iterations.....................: 441    29.338644/s
    vus............................: 1      min=0        max=2
    vus_max........................: 6      min=3        max=6

    NETWORK
    data_received..................: 101 kB 6.7 kB/s
    data_sent......................: 167 kB 11 kB/s




running (15.0s), 00000/00006 VUs, 441 complete and 0 interrupted iterations
default ✓ [ 100% ] 00000/00006 VUs  15s  30.00 iters/s
