2026/04/24 07:37:53 telemetry disabled: AEGEAN_DISABLE_TRACING=1

         /\      Grafana   /‾‾/  
    /\  /  \     |\  __   /  /   
   /  \/    \    | |/ /  /   ‾‾\ 
  /          \   |   (  |  (‾)  |
 / __________ \  |_|\_\  \_____/ 

     execution: local
        script: workflow/media/k6_open_review_compose.js
        output: -

     scenarios: (100.00%) 1 scenario, 10000 max VUs, 45s max duration (incl. graceful stop):
              * default: 200.00 iterations/s for 15s (maxVUs: 0-10000, gracefulStop: 30s)


running (01.0s), 00001/00008 VUs, 186 complete and 0 interrupted iterations
default   [   7% ] 00001/00008 VUs  01.0s/15s  200.00 iters/s

running (02.0s), 00001/00008 VUs, 386 complete and 0 interrupted iterations
default   [  13% ] 00001/00008 VUs  02.0s/15s  200.00 iters/s

running (03.0s), 00002/00010 VUs, 582 complete and 0 interrupted iterations
default   [  20% ] 00002/00010 VUs  03.0s/15s  200.00 iters/s

running (04.0s), 00001/00014 VUs, 779 complete and 0 interrupted iterations
default   [  27% ] 00001/00014 VUs  04.0s/15s  200.00 iters/s

running (05.0s), 00000/00014 VUs, 979 complete and 0 interrupted iterations
default   [  33% ] 00001/00014 VUs  05.0s/15s  200.00 iters/s

running (06.0s), 00001/00014 VUs, 1179 complete and 0 interrupted iterations
default   [  40% ] 00001/00014 VUs  06.0s/15s  200.00 iters/s

running (07.0s), 00001/00014 VUs, 1379 complete and 0 interrupted iterations
default   [  47% ] 00001/00014 VUs  07.0s/15s  200.00 iters/s

running (08.0s), 00001/00014 VUs, 1579 complete and 0 interrupted iterations
default   [  53% ] 00001/00014 VUs  08.0s/15s  200.00 iters/s

running (09.0s), 00001/00014 VUs, 1779 complete and 0 interrupted iterations
default   [  60% ] 00001/00014 VUs  09.0s/15s  200.00 iters/s

running (10.0s), 00001/00014 VUs, 1979 complete and 0 interrupted iterations
default   [  67% ] 00001/00014 VUs  10.0s/15s  200.00 iters/s

running (11.0s), 00001/00014 VUs, 2179 complete and 0 interrupted iterations
default   [  73% ] 00001/00014 VUs  11.0s/15s  200.00 iters/s

running (12.0s), 00001/00014 VUs, 2379 complete and 0 interrupted iterations
default   [  80% ] 00001/00014 VUs  12.0s/15s  200.00 iters/s

running (13.0s), 00001/00014 VUs, 2579 complete and 0 interrupted iterations
default   [  87% ] 00001/00014 VUs  13.0s/15s  200.00 iters/s

running (14.0s), 00001/00014 VUs, 2779 complete and 0 interrupted iterations
default   [  93% ] 00001/00014 VUs  14.0s/15s  200.00 iters/s

running (15.0s), 00001/00014 VUs, 2979 complete and 0 interrupted iterations
default   [ 100% ] 00001/00014 VUs  15s  200.00 iters/s


  █ TOTAL RESULTS 

    HTTP
    http_req_duration..............: avg=2.88ms min=1.14ms med=2.1ms  max=79.12ms p(90)=3.17ms p(95)=5.11ms
      { expected_response:true }...: avg=2.88ms min=1.14ms med=2.1ms  max=79.12ms p(90)=3.17ms p(95)=5.11ms
    http_req_failed................: 0.00%  0 out of 2980
    http_reqs......................: 2980   198.623284/s

    EXECUTION
    dropped_iterations.............: 21     1.399694/s
    iteration_duration.............: avg=3ms    min=1.18ms med=2.17ms max=79.47ms p(90)=3.33ms p(95)=5.35ms
    iterations.....................: 2980   198.623284/s
    vus............................: 1      min=0         max=1 
    vus_max........................: 14     min=8         max=14

    NETWORK
    data_received..................: 716 kB 48 kB/s
    data_sent......................: 1.7 MB 111 kB/s




running (15.0s), 00000/00014 VUs, 2980 complete and 0 interrupted iterations
default ✓ [ 100% ] 00000/00014 VUs  15s  200.00 iters/s
