2026/05/05 06:20:41 telemetry disabled: AEGEAN_DISABLE_TRACING=1

         /\      Grafana   /‾‾/  
    /\  /  \     |\  __   /  /   
   /  \/    \    | |/ /  /   ‾‾\ 
  /          \   |   (  |  (‾)  |
 / __________ \  |_|\_\  \_____/ 

     execution: local
        script: workflow/aegean/k6_open_client.js
        output: -

     scenarios: (100.00%) 1 scenario, 10000 max VUs, 45s max duration (incl. graceful stop):
              * default: 1200.00 iterations/s for 15s (maxVUs: 0-10000, gracefulStop: 30s)


running (01.0s), 00295/00310 VUs, 360 complete and 0 interrupted iterations
default   [   7% ] 00295/00310 VUs  01.0s/15s  1200.00 iters/s

running (02.0s), 00601/00602 VUs, 786 complete and 0 interrupted iterations
default   [  13% ] 00601/00602 VUs  02.0s/15s  1200.00 iters/s

running (03.0s), 00893/00893 VUs, 1228 complete and 0 interrupted iterations
default   [  20% ] 00893/00893 VUs  03.0s/15s  1200.00 iters/s

running (04.0s), 01184/01185 VUs, 1650 complete and 0 interrupted iterations
default   [  27% ] 01184/01185 VUs  04.0s/15s  1200.00 iters/s

running (05.0s), 01463/01464 VUs, 2100 complete and 0 interrupted iterations
default   [  33% ] 01463/01464 VUs  05.0s/15s  1200.00 iters/s

running (06.0s), 01761/01761 VUs, 2523 complete and 0 interrupted iterations
default   [  40% ] 01761/01761 VUs  06.0s/15s  1200.00 iters/s

running (07.0s), 02049/02050 VUs, 2946 complete and 0 interrupted iterations
default   [  47% ] 02049/02050 VUs  07.0s/15s  1200.00 iters/s

running (08.0s), 02355/02356 VUs, 3340 complete and 0 interrupted iterations
default   [  53% ] 02355/02356 VUs  08.0s/15s  1200.00 iters/s

running (09.0s), 02647/02648 VUs, 3774 complete and 0 interrupted iterations
default   [  60% ] 02647/02648 VUs  09.0s/15s  1200.00 iters/s

running (10.0s), 02923/02923 VUs, 4224 complete and 0 interrupted iterations
default   [  67% ] 02923/02923 VUs  10.0s/15s  1200.00 iters/s

running (11.0s), 03213/03214 VUs, 4626 complete and 0 interrupted iterations
default   [  73% ] 03213/03214 VUs  11.0s/15s  1200.00 iters/s

running (12.0s), 03449/03450 VUs, 5027 complete and 0 interrupted iterations
default   [  80% ] 03449/03450 VUs  12.0s/15s  1200.00 iters/s

running (13.0s), 03729/03729 VUs, 5429 complete and 0 interrupted iterations
default   [  87% ] 03729/03729 VUs  13.0s/15s  1200.00 iters/s

running (14.0s), 03991/03991 VUs, 5793 complete and 0 interrupted iterations
default   [  93% ] 03991/03991 VUs  14.0s/15s  1200.00 iters/s

running (15.0s), 04284/04285 VUs, 6215 complete and 0 interrupted iterations
default   [ 100% ] 04284/04285 VUs  15s  1200.00 iters/s

running (16.0s), 03847/04285 VUs, 6652 complete and 0 interrupted iterations
default ↓ [ 100% ] 04284/04285 VUs  15s  1200.00 iters/s

running (17.0s), 03392/04285 VUs, 7107 complete and 0 interrupted iterations
default ↓ [ 100% ] 04284/04285 VUs  15s  1200.00 iters/s

running (18.0s), 02987/04285 VUs, 7512 complete and 0 interrupted iterations
default ↓ [ 100% ] 04284/04285 VUs  15s  1200.00 iters/s

running (19.0s), 02555/04285 VUs, 7944 complete and 0 interrupted iterations
default ↓ [ 100% ] 04284/04285 VUs  15s  1200.00 iters/s
2026/05/05 06:21:08 k6 client request logic timed out after 20s
