2026/04/24 07:01:30 telemetry disabled: AEGEAN_DISABLE_TRACING=1

         /\      Grafana   /‾‾/  
    /\  /  \     |\  __   /  /   
   /  \/    \    | |/ /  /   ‾‾\ 
  /          \   |   (  |  (‾)  |
 / __________ \  |_|\_\  \_____/ 

     execution: local
        script: workflow/hotel/k6_open_hotels_client.js
        output: -

     scenarios: (100.00%) 1 scenario, 10000 max VUs, 45s max duration (incl. graceful stop):
              * default: 400.00 iterations/s for 15s (maxVUs: 0-10000, gracefulStop: 30s)


running (01.0s), 00001/00016 VUs, 365 complete and 0 interrupted iterations
default   [   7% ] 00001/00016 VUs  01.0s/15s  400.00 iters/s

running (02.0s), 00021/00022 VUs, 723 complete and 0 interrupted iterations
default   [  13% ] 00021/00022 VUs  02.0s/15s  400.00 iters/s

running (03.0s), 00014/00033 VUs, 1101 complete and 0 interrupted iterations
default   [  20% ] 00016/00033 VUs  03.0s/15s  400.00 iters/s

running (04.0s), 00001/00033 VUs, 1512 complete and 0 interrupted iterations
default   [  27% ] 00001/00033 VUs  04.0s/15s  400.00 iters/s

running (05.0s), 00001/00033 VUs, 1912 complete and 0 interrupted iterations
default   [  33% ] 00001/00033 VUs  05.0s/15s  400.00 iters/s

running (06.0s), 00002/00033 VUs, 2311 complete and 0 interrupted iterations
default   [  40% ] 00001/00033 VUs  06.0s/15s  400.00 iters/s

running (07.0s), 00001/00035 VUs, 2692 complete and 0 interrupted iterations
default   [  47% ] 00002/00035 VUs  07.0s/15s  400.00 iters/s

running (08.0s), 00001/00035 VUs, 3093 complete and 0 interrupted iterations
default   [  53% ] 00001/00035 VUs  08.0s/15s  400.00 iters/s

running (09.0s), 00001/00035 VUs, 3493 complete and 0 interrupted iterations
default   [  60% ] 00001/00035 VUs  09.0s/15s  400.00 iters/s

running (10.0s), 00001/00035 VUs, 3893 complete and 0 interrupted iterations
default   [  67% ] 00001/00035 VUs  10.0s/15s  400.00 iters/s

running (11.0s), 00001/00035 VUs, 4293 complete and 0 interrupted iterations
default   [  73% ] 00001/00035 VUs  11.0s/15s  400.00 iters/s

running (12.0s), 00000/00035 VUs, 4693 complete and 0 interrupted iterations
default   [  80% ] 00001/00035 VUs  12.0s/15s  400.00 iters/s

running (13.0s), 00001/00035 VUs, 5093 complete and 0 interrupted iterations
default   [  87% ] 00001/00035 VUs  13.0s/15s  400.00 iters/s

running (14.0s), 00000/00035 VUs, 5493 complete and 0 interrupted iterations
default   [  93% ] 00001/00035 VUs  14.0s/15s  400.00 iters/s

running (15.0s), 00001/00035 VUs, 5893 complete and 0 interrupted iterations
default ↓ [ 100% ] 00001/00035 VUs  15s  400.00 iters/s


  █ TOTAL RESULTS 

    HTTP
    http_req_duration..............: avg=5.36ms min=608.66µs med=1.22ms max=138.84ms p(90)=13.82ms p(95)=29.36ms
      { expected_response:true }...: avg=5.36ms min=608.66µs med=1.22ms max=138.84ms p(90)=13.82ms p(95)=29.36ms
    http_req_failed................: 0.00%  0 out of 5894
    http_reqs......................: 5894   392.856822/s

    EXECUTION
    dropped_iterations.............: 107    7.131944/s
    iteration_duration.............: avg=5.61ms min=658.08µs med=1.29ms max=138.89ms p(90)=14.84ms p(95)=30.73ms
    iterations.....................: 5894   392.856822/s
    vus............................: 1      min=0         max=12
    vus_max........................: 35     min=16        max=35

    NETWORK
    data_received..................: 1.7 MB 116 kB/s
    data_sent......................: 1.9 MB 129 kB/s




running (15.0s), 00000/00035 VUs, 5894 complete and 0 interrupted iterations
default ✓ [ 100% ] 00000/00035 VUs  15s  400.00 iters/s
