2026/05/05 06:24:15 telemetry disabled: AEGEAN_DISABLE_TRACING=1

         /\      Grafana   /‾‾/  
    /\  /  \     |\  __   /  /   
   /  \/    \    | |/ /  /   ‾‾\ 
  /          \   |   (  |  (‾)  |
 / __________ \  |_|\_\  \_____/ 

     execution: local
        script: workflow/aegean/k6_open_client.js
        output: -

     scenarios: (100.00%) 1 scenario, 10000 max VUs, 45s max duration (incl. graceful stop):
              * default: 1100.00 iterations/s for 15s (maxVUs: 0-10000, gracefulStop: 30s)


running (01.0s), 00014/00018 VUs, 1062 complete and 0 interrupted iterations
default   [   7% ] 00014/00018 VUs  01.0s/15s  1100.00 iters/s

running (02.0s), 00013/00018 VUs, 2162 complete and 0 interrupted iterations
default   [  13% ] 00014/00018 VUs  02.0s/15s  1100.00 iters/s

running (03.0s), 00013/00019 VUs, 3262 complete and 0 interrupted iterations
default   [  20% ] 00013/00019 VUs  03.0s/15s  1100.00 iters/s

running (04.0s), 00013/00019 VUs, 4360 complete and 0 interrupted iterations
default   [  27% ] 00013/00019 VUs  04.0s/15s  1100.00 iters/s

running (05.0s), 00016/00019 VUs, 5459 complete and 0 interrupted iterations
default   [  33% ] 00016/00019 VUs  05.0s/15s  1100.00 iters/s

running (06.0s), 00014/00020 VUs, 6551 complete and 0 interrupted iterations
default   [  40% ] 00014/00020 VUs  06.0s/15s  1100.00 iters/s

running (07.0s), 00014/00024 VUs, 7609 complete and 0 interrupted iterations
default   [  47% ] 00014/00024 VUs  07.0s/15s  1100.00 iters/s

running (08.0s), 00015/00037 VUs, 8627 complete and 0 interrupted iterations
default   [  53% ] 00015/00037 VUs  08.0s/15s  1100.00 iters/s

running (09.0s), 00013/00038 VUs, 9723 complete and 0 interrupted iterations
default   [  60% ] 00013/00038 VUs  09.0s/15s  1100.00 iters/s

running (10.0s), 00014/00038 VUs, 10822 complete and 0 interrupted iterations
default   [  67% ] 00014/00038 VUs  10.0s/15s  1100.00 iters/s

running (11.0s), 00015/00040 VUs, 11866 complete and 0 interrupted iterations
default   [  73% ] 00016/00040 VUs  11.0s/15s  1100.00 iters/s

running (12.0s), 00014/00040 VUs, 12968 complete and 0 interrupted iterations
default   [  80% ] 00014/00040 VUs  12.0s/15s  1100.00 iters/s

running (13.0s), 00016/00040 VUs, 14066 complete and 0 interrupted iterations
default   [  87% ] 00016/00040 VUs  13.0s/15s  1100.00 iters/s

running (14.0s), 00014/00040 VUs, 15167 complete and 0 interrupted iterations
default   [  93% ] 00015/00040 VUs  14.0s/15s  1100.00 iters/s

running (15.0s), 00014/00040 VUs, 16268 complete and 0 interrupted iterations
default ↓ [ 100% ] 00014/00040 VUs  15s  1100.00 iters/s


  █ TOTAL RESULTS 

    HTTP
    http_req_duration..............: avg=12.78ms min=10.39ms med=12.25ms max=85.89ms p(90)=13.66ms p(95)=14.57ms
      { expected_response:true }...: avg=12.78ms min=10.39ms med=12.25ms max=85.89ms p(90)=13.66ms p(95)=14.57ms
    http_req_failed................: 0.00%  0 out of 16282
    http_reqs......................: 16282  1084.35284/s

    EXECUTION
    dropped_iterations.............: 219    14.585019/s
    iteration_duration.............: avg=12.88ms min=10.45ms med=12.33ms max=86.07ms p(90)=13.78ms p(95)=14.72ms
    iterations.....................: 16282  1084.35284/s
    vus............................: 14     min=12         max=16
    vus_max........................: 40     min=18         max=40

    NETWORK
    data_received..................: 5.4 MB 356 kB/s
    data_sent......................: 6.1 MB 404 kB/s




running (15.0s), 00000/00040 VUs, 16282 complete and 0 interrupted iterations
default ✓ [ 100% ] 00000/00040 VUs  15s  1100.00 iters/s
