
         /\      Grafana   /‾‾/  
    /\  /  \     |\  __   /  /   
   /  \/    \    | |/ /  /   ‾‾\ 
  /          \   |   (  |  (‾)  |
 / __________ \  |_|\_\  \_____/ 

     execution: local
        script: workflow/social/k6_open_read_home_timeline.js
        output: -

     scenarios: (100.00%) 1 scenario, 10000 max VUs, 15s max duration (incl. graceful stop):
              * default: 1200.00 iterations/s for 15s (maxVUs: 1200-10000)


running (01.0s), 00179/01200 VUs, 961 complete and 0 interrupted iterations
default   [   6% ] 00179/01200 VUs  01.0s/15s  1200.00 iters/s

running (01.9s), 00242/01200 VUs, 2098 complete and 0 interrupted iterations
default   [  13% ] 00242/01200 VUs  01.9s/15s  1200.00 iters/s

running (02.9s), 00314/01200 VUs, 3226 complete and 0 interrupted iterations
default   [  20% ] 00314/01200 VUs  02.9s/15s  1200.00 iters/s

running (03.9s), 00410/01200 VUs, 4330 complete and 0 interrupted iterations
default   [  26% ] 00410/01200 VUs  03.9s/15s  1200.00 iters/s

running (05.0s), 00507/01200 VUs, 5434 complete and 0 interrupted iterations
default   [  33% ] 00507/01200 VUs  05.0s/15s  1200.00 iters/s

running (06.0s), 00553/01200 VUs, 6586 complete and 0 interrupted iterations
default   [  40% ] 00553/01200 VUs  06.0s/15s  1200.00 iters/s

running (07.0s), 00626/01200 VUs, 7714 complete and 0 interrupted iterations
default   [  46% ] 00627/01200 VUs  07.0s/15s  1200.00 iters/s

running (07.9s), 00674/01200 VUs, 8866 complete and 0 interrupted iterations
default   [  53% ] 00674/01200 VUs  07.9s/15s  1200.00 iters/s

running (09.0s), 00771/01200 VUs, 9970 complete and 0 interrupted iterations
default   [  60% ] 00771/01200 VUs  09.0s/15s  1200.00 iters/s

running (09.9s), 00821/01200 VUs, 11119 complete and 0 interrupted iterations
default   [  66% ] 00821/01200 VUs  09.9s/15s  1200.00 iters/s

running (10.9s), 00869/01200 VUs, 12271 complete and 0 interrupted iterations
default   [  73% ] 00869/01200 VUs  10.9s/15s  1200.00 iters/s

running (11.9s), 00945/01200 VUs, 13395 complete and 0 interrupted iterations
default   [  80% ] 00945/01200 VUs  11.9s/15s  1200.00 iters/s

running (12.9s), 01011/01200 VUs, 14529 complete and 0 interrupted iterations
default   [  86% ] 01010/01200 VUs  12.9s/15s  1200.00 iters/s

running (13.9s), 01091/01200 VUs, 15649 complete and 0 interrupted iterations
default   [  93% ] 01091/01200 VUs  13.9s/15s  1200.00 iters/s

running (15.0s), 01162/01200 VUs, 16779 complete and 0 interrupted iterations
default   [ 100% ] 01162/01200 VUs  15.0s/15s  1200.00 iters/s


  █ TOTAL RESULTS 

    HTTP
    http_req_duration..............: avg=541.95ms min=33.55ms med=552.44ms max=973.55ms p(90)=892.26ms p(95)=927.9ms 
      { expected_response:true }...: avg=541.95ms min=33.55ms med=552.44ms max=973.55ms p(90)=892.26ms p(95)=927.9ms 
    http_req_failed................: 0.00%  0 out of 16851
    http_reqs......................: 16851  1122.682427/s

    EXECUTION
    iteration_duration.............: avg=542.22ms min=34.1ms  med=552.53ms max=973.64ms p(90)=892.34ms p(95)=927.99ms
    iterations.....................: 16851  1122.682427/s
    vus............................: 1161   min=180        max=1161
    vus_max........................: 1200   min=1200       max=1200

    NETWORK
    data_received..................: 22 MB  1.4 MB/s
    data_sent......................: 4.1 MB 271 kB/s




running (15.0s), 00000/01200 VUs, 16849 complete and 1152 interrupted iterations
default ✓ [ 100% ] 01152/01200 VUs  15s  1200.00 iters/s
