
         /\      Grafana   /‾‾/  
    /\  /  \     |\  __   /  /   
   /  \/    \    | |/ /  /   ‾‾\ 
  /          \   |   (  |  (‾)  |
 / __________ \  |_|\_\  \_____/ 

     execution: local
        script: workflow/write/k6_open_client.js
        output: -

     scenarios: (100.00%) 1 scenario, 10000 max VUs, 15s max duration (incl. graceful stop):
              * default: 200.00 iterations/s for 15s (maxVUs: 200-10000)


running (01.0s), 00016/00200 VUs, 182 complete and 0 interrupted iterations
default   [   7% ] 00016/00200 VUs  01.0s/15s  200.00 iters/s

running (02.0s), 00013/00200 VUs, 384 complete and 0 interrupted iterations
default   [  13% ] 00014/00200 VUs  02.0s/15s  200.00 iters/s

running (03.0s), 00012/00200 VUs, 586 complete and 0 interrupted iterations
default   [  20% ] 00012/00200 VUs  03.0s/15s  200.00 iters/s

running (04.0s), 00016/00200 VUs, 782 complete and 0 interrupted iterations
default   [  27% ] 00016/00200 VUs  04.0s/15s  200.00 iters/s

running (05.0s), 00020/00200 VUs, 978 complete and 0 interrupted iterations
default   [  33% ] 00020/00200 VUs  05.0s/15s  200.00 iters/s

running (06.0s), 00024/00200 VUs, 1174 complete and 0 interrupted iterations
default   [  40% ] 00024/00200 VUs  06.0s/15s  200.00 iters/s

running (07.0s), 00028/00200 VUs, 1370 complete and 0 interrupted iterations
default   [  47% ] 00028/00200 VUs  07.0s/15s  200.00 iters/s

running (08.0s), 00056/00200 VUs, 1542 complete and 0 interrupted iterations
default   [  53% ] 00056/00200 VUs  08.0s/15s  200.00 iters/s

running (09.0s), 00085/00200 VUs, 1713 complete and 0 interrupted iterations
default   [  60% ] 00085/00200 VUs  09.0s/15s  200.00 iters/s

running (10.0s), 00120/00200 VUs, 1878 complete and 0 interrupted iterations
default   [  67% ] 00120/00200 VUs  10.0s/15s  200.00 iters/s

running (11.0s), 00165/00200 VUs, 2032 complete and 0 interrupted iterations
default   [  73% ] 00165/00200 VUs  11.0s/15s  200.00 iters/s

running (12.0s), 00196/00205 VUs, 2197 complete and 0 interrupted iterations
default   [  80% ] 00196/00205 VUs  12.0s/15s  200.00 iters/s

running (13.0s), 00221/00227 VUs, 2350 complete and 0 interrupted iterations
default   [  87% ] 00221/00227 VUs  13.0s/15s  200.00 iters/s

running (14.0s), 00252/00252 VUs, 2493 complete and 0 interrupted iterations
default   [  93% ] 00252/00252 VUs  14.0s/15s  200.00 iters/s

running (15.0s), 00276/00285 VUs, 2637 complete and 0 interrupted iterations
default   [ 100% ] 00276/00285 VUs  15.0s/15s  200.00 iters/s


  █ TOTAL RESULTS 

    HTTP
    http_req_duration..............: avg=429.4ms  min=38.68ms med=140.8ms  max=1.66s p(90)=1.28s p(95)=1.44s
      { expected_response:true }...: avg=429.4ms  min=38.68ms med=140.8ms  max=1.66s p(90)=1.28s p(95)=1.44s
    http_req_failed................: 0.00%  0 out of 2637
    http_reqs......................: 2637   175.767818/s

    EXECUTION
    dropped_iterations.............: 85     5.665629/s
    iteration_duration.............: avg=429.54ms min=38.85ms med=140.86ms max=1.66s p(90)=1.28s p(95)=1.44s
    iterations.....................: 2637   175.767818/s
    vus............................: 276    min=12        max=276
    vus_max........................: 285    min=200       max=285

    NETWORK
    data_received..................: 559 kB 37 kB/s
    data_sent......................: 292 kB 19 kB/s




running (15.0s), 00000/00285 VUs, 2637 complete and 279 interrupted iterations
default ✓ [ 100% ] 00279/00285 VUs  15s  200.00 iters/s
