
         /\      Grafana   /‾‾/  
    /\  /  \     |\  __   /  /   
   /  \/    \    | |/ /  /   ‾‾\ 
  /          \   |   (  |  (‾)  |
 / __________ \  |_|\_\  \_____/ 

     execution: local
        script: workflow/media/k6_open_review_compose.js
        output: -

     scenarios: (100.00%) 1 scenario, 10000 max VUs, 15s max duration (incl. graceful stop):
              * default: 100.00 iterations/s for 15s (maxVUs: 100-10000)


running (01.0s), 00002/00100 VUs, 98 complete and 0 interrupted iterations
default   [   7% ] 00002/00100 VUs  01.0s/15s  100.00 iters/s

running (02.0s), 00002/00100 VUs, 198 complete and 0 interrupted iterations
default   [  13% ] 00001/00100 VUs  02.0s/15s  100.00 iters/s

running (03.0s), 00001/00100 VUs, 298 complete and 0 interrupted iterations
default   [  20% ] 00001/00100 VUs  03.0s/15s  100.00 iters/s

running (04.0s), 00002/00100 VUs, 398 complete and 0 interrupted iterations
default   [  27% ] 00002/00100 VUs  04.0s/15s  100.00 iters/s

running (05.0s), 00001/00100 VUs, 498 complete and 0 interrupted iterations
default   [  33% ] 00001/00100 VUs  05.0s/15s  100.00 iters/s

running (06.0s), 00002/00100 VUs, 598 complete and 0 interrupted iterations
default   [  40% ] 00002/00100 VUs  06.0s/15s  100.00 iters/s

running (07.0s), 00002/00100 VUs, 698 complete and 0 interrupted iterations
default   [  47% ] 00002/00100 VUs  07.0s/15s  100.00 iters/s

running (08.0s), 00001/00100 VUs, 799 complete and 0 interrupted iterations
default   [  53% ] 00001/00100 VUs  08.0s/15s  100.00 iters/s

running (09.0s), 00002/00100 VUs, 898 complete and 0 interrupted iterations
default   [  60% ] 00002/00100 VUs  09.0s/15s  100.00 iters/s

running (10.0s), 00002/00100 VUs, 998 complete and 0 interrupted iterations
default   [  67% ] 00002/00100 VUs  10.0s/15s  100.00 iters/s

running (11.0s), 00001/00100 VUs, 1098 complete and 0 interrupted iterations
default   [  73% ] 00001/00100 VUs  11.0s/15s  100.00 iters/s

running (12.0s), 00001/00100 VUs, 1198 complete and 0 interrupted iterations
default   [  80% ] 00001/00100 VUs  12.0s/15s  100.00 iters/s

running (13.0s), 00002/00100 VUs, 1298 complete and 0 interrupted iterations
default   [  87% ] 00002/00100 VUs  13.0s/15s  100.00 iters/s

running (14.0s), 00002/00100 VUs, 1398 complete and 0 interrupted iterations
default   [  93% ] 00002/00100 VUs  14.0s/15s  100.00 iters/s

running (15.0s), 00002/00100 VUs, 1498 complete and 0 interrupted iterations
default   [ 100% ] 00002/00100 VUs  15.0s/15s  100.00 iters/s


  █ TOTAL RESULTS 

    HTTP
    http_req_duration..............: avg=11.91ms min=6.52ms med=10.98ms max=26.16ms p(90)=16.17ms p(95)=18.02ms
      { expected_response:true }...: avg=11.91ms min=6.52ms med=10.98ms max=26.16ms p(90)=16.17ms p(95)=18.02ms
    http_req_failed................: 0.00%  0 out of 1500
    http_reqs......................: 1500   99.997408/s

    EXECUTION
    iteration_duration.............: avg=12.09ms min=6.87ms med=11.12ms max=38.83ms p(90)=16.35ms p(95)=18.27ms
    iterations.....................: 1500   99.997408/s
    vus............................: 2      min=1         max=2  
    vus_max........................: 100    min=100       max=100

    NETWORK
    data_received..................: 400 kB 27 kB/s
    data_sent......................: 835 kB 56 kB/s




running (15.0s), 00000/00100 VUs, 1500 complete and 1 interrupted iterations
default ✓ [ 100% ] 00001/00100 VUs  15s  100.00 iters/s
