2026/05/05 06:11:04 telemetry disabled: AEGEAN_DISABLE_TRACING=1

         /\      Grafana   /‾‾/  
    /\  /  \     |\  __   /  /   
   /  \/    \    | |/ /  /   ‾‾\ 
  /          \   |   (  |  (‾)  |
 / __________ \  |_|\_\  \_____/ 

     execution: local
        script: workflow/aegean/k6_open_client.js
        output: -

     scenarios: (100.00%) 1 scenario, 10000 max VUs, 45s max duration (incl. graceful stop):
              * default: 700.00 iterations/s for 15s (maxVUs: 0-10000, gracefulStop: 30s)


running (01.0s), 00008/00012 VUs, 676 complete and 0 interrupted iterations
default   [   7% ] 00008/00012 VUs  01.0s/15s  700.00 iters/s

running (02.0s), 00010/00014 VUs, 1373 complete and 0 interrupted iterations
default   [  13% ] 00010/00014 VUs  02.0s/15s  700.00 iters/s

running (03.0s), 00008/00014 VUs, 2074 complete and 0 interrupted iterations
default   [  20% ] 00008/00014 VUs  03.0s/15s  700.00 iters/s

running (04.0s), 00009/00015 VUs, 2758 complete and 0 interrupted iterations
default   [  27% ] 00010/00015 VUs  04.0s/15s  700.00 iters/s

running (05.0s), 00010/00015 VUs, 3458 complete and 0 interrupted iterations
default   [  33% ] 00010/00015 VUs  05.0s/15s  700.00 iters/s

running (06.0s), 00010/00015 VUs, 4158 complete and 0 interrupted iterations
default   [  40% ] 00010/00015 VUs  06.0s/15s  700.00 iters/s

running (07.0s), 00010/00015 VUs, 4858 complete and 0 interrupted iterations
default   [  47% ] 00010/00015 VUs  07.0s/15s  700.00 iters/s

running (08.0s), 00010/00016 VUs, 5553 complete and 0 interrupted iterations
default   [  53% ] 00010/00016 VUs  08.0s/15s  700.00 iters/s

running (09.0s), 00010/00016 VUs, 6252 complete and 0 interrupted iterations
default   [  60% ] 00010/00016 VUs  09.0s/15s  700.00 iters/s

running (10.0s), 00008/00016 VUs, 6952 complete and 0 interrupted iterations
default   [  67% ] 00008/00016 VUs  10.0s/15s  700.00 iters/s

running (11.0s), 00008/00016 VUs, 7653 complete and 0 interrupted iterations
default   [  73% ] 00009/00016 VUs  11.0s/15s  700.00 iters/s

running (12.0s), 00009/00016 VUs, 8353 complete and 0 interrupted iterations
default   [  80% ] 00009/00016 VUs  12.0s/15s  700.00 iters/s

running (13.0s), 00009/00016 VUs, 9052 complete and 0 interrupted iterations
default   [  87% ] 00009/00016 VUs  13.0s/15s  700.00 iters/s

running (14.0s), 00009/00016 VUs, 9753 complete and 0 interrupted iterations
default   [  93% ] 00009/00016 VUs  14.0s/15s  700.00 iters/s

running (15.0s), 00010/00017 VUs, 10446 complete and 0 interrupted iterations
default   [ 100% ] 00010/00017 VUs  15s  700.00 iters/s


  █ TOTAL RESULTS 

    HTTP
    http_req_duration..............: avg=12.49ms min=10.37ms med=12.29ms max=39.35ms p(90)=13.58ms p(95)=14.15ms
      { expected_response:true }...: avg=12.49ms min=10.37ms med=12.29ms max=39.35ms p(90)=13.58ms p(95)=14.15ms
    http_req_failed................: 0.00%  0 out of 10457
    http_reqs......................: 10457  696.364489/s

    EXECUTION
    dropped_iterations.............: 45     2.996691/s
    iteration_duration.............: avg=12.6ms  min=10.41ms med=12.37ms max=39.44ms p(90)=13.73ms p(95)=14.33ms
    iterations.....................: 10457  696.364489/s
    vus............................: 10     min=8          max=11
    vus_max........................: 17     min=12         max=17

    NETWORK
    data_received..................: 3.4 MB 228 kB/s
    data_sent......................: 3.9 MB 260 kB/s




running (15.0s), 00000/00017 VUs, 10457 complete and 0 interrupted iterations
default ✓ [ 100% ] 00000/00017 VUs  15s  700.00 iters/s
