2026/04/24 06:48:14 telemetry disabled: AEGEAN_DISABLE_TRACING=1

         /\      Grafana   /‾‾/  
    /\  /  \     |\  __   /  /   
   /  \/    \    | |/ /  /   ‾‾\ 
  /          \   |   (  |  (‾)  |
 / __________ \  |_|\_\  \_____/ 

     execution: local
        script: workflow/aegean/k6_open_client.js
        output: -

     scenarios: (100.00%) 1 scenario, 10000 max VUs, 45s max duration (incl. graceful stop):
              * default: 30.00 iterations/s for 15s (maxVUs: 0-10000, gracefulStop: 30s)


running (01.0s), 00002/00003 VUs, 25 complete and 0 interrupted iterations
default   [   7% ] 00002/00003 VUs  01.0s/15s  30.00 iters/s

running (02.0s), 00001/00005 VUs, 53 complete and 0 interrupted iterations
default   [  13% ] 00001/00005 VUs  02.0s/15s  30.00 iters/s

running (03.0s), 00002/00005 VUs, 83 complete and 0 interrupted iterations
default   [  20% ] 00002/00005 VUs  03.0s/15s  30.00 iters/s

running (04.0s), 00002/00005 VUs, 112 complete and 0 interrupted iterations
default   [  27% ] 00002/00005 VUs  04.0s/15s  30.00 iters/s

running (05.0s), 00002/00005 VUs, 143 complete and 0 interrupted iterations
default   [  33% ] 00002/00005 VUs  05.0s/15s  30.00 iters/s

running (06.0s), 00002/00005 VUs, 173 complete and 0 interrupted iterations
default   [  40% ] 00002/00005 VUs  06.0s/15s  30.00 iters/s

running (07.0s), 00001/00005 VUs, 204 complete and 0 interrupted iterations
default   [  47% ] 00001/00005 VUs  07.0s/15s  30.00 iters/s

running (08.0s), 00002/00005 VUs, 232 complete and 0 interrupted iterations
default   [  53% ] 00002/00005 VUs  08.0s/15s  30.00 iters/s

running (09.0s), 00002/00005 VUs, 263 complete and 0 interrupted iterations
default   [  60% ] 00002/00005 VUs  09.0s/15s  30.00 iters/s

running (10.0s), 00003/00005 VUs, 292 complete and 0 interrupted iterations
default   [  67% ] 00003/00005 VUs  10.0s/15s  30.00 iters/s

running (11.0s), 00001/00005 VUs, 323 complete and 0 interrupted iterations
default   [  73% ] 00002/00005 VUs  11.0s/15s  30.00 iters/s

running (12.0s), 00002/00005 VUs, 353 complete and 0 interrupted iterations
default   [  80% ] 00002/00005 VUs  12.0s/15s  30.00 iters/s

running (13.0s), 00003/00005 VUs, 382 complete and 0 interrupted iterations
default   [  87% ] 00003/00005 VUs  13.0s/15s  30.00 iters/s

running (14.0s), 00003/00005 VUs, 412 complete and 0 interrupted iterations
default   [  93% ] 00003/00005 VUs  14.0s/15s  30.00 iters/s

running (15.0s), 00002/00005 VUs, 442 complete and 0 interrupted iterations
default   [ 100% ] 00002/00005 VUs  15s  30.00 iters/s


  █ TOTAL RESULTS 

    HTTP
    http_req_duration..............: avg=62.01ms min=20.87ms med=59.98ms max=155.3ms  p(90)=85.81ms p(95)=91.09ms
      { expected_response:true }...: avg=62.01ms min=20.87ms med=59.98ms max=155.3ms  p(90)=85.81ms p(95)=91.09ms
    http_req_failed................: 0.00%  0 out of 445
    http_reqs......................: 445    29.536655/s

    EXECUTION
    dropped_iterations.............: 6      0.398247/s
    iteration_duration.............: avg=62.48ms min=20.99ms med=60.43ms max=155.96ms p(90)=86.78ms p(95)=91.61ms
    iterations.....................: 445    29.536655/s
    vus............................: 2      min=1        max=3
    vus_max........................: 5      min=3        max=5

    NETWORK
    data_received..................: 132 kB 8.7 kB/s
    data_sent......................: 166 kB 11 kB/s




running (15.1s), 00000/00005 VUs, 445 complete and 0 interrupted iterations
default ✓ [ 100% ] 00000/00005 VUs  15s  30.00 iters/s
