2026/05/05 06:00:34 telemetry disabled: AEGEAN_DISABLE_TRACING=1

         /\      Grafana   /‾‾/  
    /\  /  \     |\  __   /  /   
   /  \/    \    | |/ /  /   ‾‾\ 
  /          \   |   (  |  (‾)  |
 / __________ \  |_|\_\  \_____/ 

     execution: local
        script: workflow/aegean/k6_open_client.js
        output: -

     scenarios: (100.00%) 1 scenario, 10000 max VUs, 45s max duration (incl. graceful stop):
              * default: 500.00 iterations/s for 15s (maxVUs: 0-10000, gracefulStop: 30s)


running (01.0s), 00007/00009 VUs, 484 complete and 0 interrupted iterations
default   [   7% ] 00007/00009 VUs  01.0s/15s  500.00 iters/s

running (02.0s), 00007/00010 VUs, 982 complete and 0 interrupted iterations
default   [  13% ] 00007/00010 VUs  02.0s/15s  500.00 iters/s

running (03.0s), 00007/00011 VUs, 1476 complete and 0 interrupted iterations
default   [  20% ] 00007/00011 VUs  03.0s/15s  500.00 iters/s

running (04.0s), 00007/00011 VUs, 1976 complete and 0 interrupted iterations
default   [  27% ] 00007/00011 VUs  04.0s/15s  500.00 iters/s

running (05.0s), 00007/00011 VUs, 2475 complete and 0 interrupted iterations
default   [  33% ] 00007/00011 VUs  05.0s/15s  500.00 iters/s

running (06.0s), 00006/00011 VUs, 2977 complete and 0 interrupted iterations
default   [  40% ] 00006/00011 VUs  06.0s/15s  500.00 iters/s

running (07.0s), 00007/00011 VUs, 3476 complete and 0 interrupted iterations
default   [  47% ] 00007/00011 VUs  07.0s/15s  500.00 iters/s

running (08.0s), 00007/00013 VUs, 3969 complete and 0 interrupted iterations
default   [  53% ] 00007/00013 VUs  08.0s/15s  500.00 iters/s

running (09.0s), 00008/00013 VUs, 4467 complete and 0 interrupted iterations
default   [  60% ] 00008/00013 VUs  09.0s/15s  500.00 iters/s

running (10.0s), 00007/00013 VUs, 4969 complete and 0 interrupted iterations
default   [  67% ] 00007/00013 VUs  10.0s/15s  500.00 iters/s

running (11.0s), 00007/00013 VUs, 5469 complete and 0 interrupted iterations
default   [  73% ] 00007/00013 VUs  11.0s/15s  500.00 iters/s

running (12.0s), 00007/00013 VUs, 5969 complete and 0 interrupted iterations
default   [  80% ] 00007/00013 VUs  12.0s/15s  500.00 iters/s

running (13.0s), 00006/00013 VUs, 6469 complete and 0 interrupted iterations
default   [  87% ] 00006/00013 VUs  13.0s/15s  500.00 iters/s

running (14.0s), 00007/00013 VUs, 6969 complete and 0 interrupted iterations
default   [  93% ] 00007/00013 VUs  14.0s/15s  500.00 iters/s

running (15.0s), 00006/00013 VUs, 7470 complete and 0 interrupted iterations
default   [ 100% ] 00006/00013 VUs  15s  500.00 iters/s


  █ TOTAL RESULTS 

    HTTP
    http_req_duration..............: avg=12.63ms min=10.49ms med=12.32ms max=31.86ms p(90)=13.74ms p(95)=14.43ms
      { expected_response:true }...: avg=12.63ms min=10.49ms med=12.32ms max=31.86ms p(90)=13.74ms p(95)=14.43ms
    http_req_failed................: 0.00%  0 out of 7476
    http_reqs......................: 7476   497.960941/s

    EXECUTION
    dropped_iterations.............: 25     1.665198/s
    iteration_duration.............: avg=12.77ms min=10.53ms med=12.44ms max=32.01ms p(90)=13.94ms p(95)=14.62ms
    iterations.....................: 7476   497.960941/s
    vus............................: 6      min=6         max=9 
    vus_max........................: 13     min=9         max=13

    NETWORK
    data_received..................: 2.4 MB 163 kB/s
    data_sent......................: 2.8 MB 186 kB/s




running (15.0s), 00000/00013 VUs, 7476 complete and 0 interrupted iterations
default ✓ [ 100% ] 00000/00013 VUs  15s  500.00 iters/s
