2026/04/30 20:11:02 telemetry disabled: AEGEAN_DISABLE_TRACING=1

         /\      Grafana   /‾‾/  
    /\  /  \     |\  __   /  /   
   /  \/    \    | |/ /  /   ‾‾\ 
  /          \   |   (  |  (‾)  |
 / __________ \  |_|\_\  \_____/ 

     execution: local
        script: workflow/aegean/k6_open_client.js
        output: -

     scenarios: (100.00%) 1 scenario, 10000 max VUs, 45s max duration (incl. graceful stop):
              * default: 350.00 iterations/s for 15s (maxVUs: 0-10000, gracefulStop: 30s)


running (01.0s), 00072/00072 VUs, 204 complete and 0 interrupted iterations
default   [   7% ] 00072/00072 VUs  01.0s/15s  350.00 iters/s

running (02.0s), 00121/00123 VUs, 455 complete and 0 interrupted iterations
default   [  13% ] 00121/00123 VUs  02.0s/15s  350.00 iters/s

running (03.0s), 00177/00180 VUs, 691 complete and 0 interrupted iterations
default   [  20% ] 00177/00180 VUs  03.0s/15s  350.00 iters/s

running (04.0s), 00221/00232 VUs, 941 complete and 0 interrupted iterations
default   [  27% ] 00221/00232 VUs  04.0s/15s  350.00 iters/s

running (05.0s), 00285/00292 VUs, 1168 complete and 0 interrupted iterations
default   [  33% ] 00285/00292 VUs  05.0s/15s  350.00 iters/s

running (06.0s), 00342/00352 VUs, 1391 complete and 0 interrupted iterations
default   [  40% ] 00342/00352 VUs  06.0s/15s  350.00 iters/s

running (07.0s), 00389/00405 VUs, 1637 complete and 0 interrupted iterations
default   [  47% ] 00389/00405 VUs  07.0s/15s  350.00 iters/s

running (08.0s), 00453/00454 VUs, 1874 complete and 0 interrupted iterations
default   [  53% ] 00453/00454 VUs  08.0s/15s  350.00 iters/s

running (09.0s), 00497/00510 VUs, 2125 complete and 0 interrupted iterations
default   [  60% ] 00497/00510 VUs  09.0s/15s  350.00 iters/s

running (10.0s), 00565/00569 VUs, 2345 complete and 0 interrupted iterations
default   [  67% ] 00565/00569 VUs  10.0s/15s  350.00 iters/s

running (11.0s), 00618/00627 VUs, 2581 complete and 0 interrupted iterations
default   [  73% ] 00619/00627 VUs  11.0s/15s  350.00 iters/s

running (12.0s), 00675/00687 VUs, 2815 complete and 0 interrupted iterations
default   [  80% ] 00675/00687 VUs  12.0s/15s  350.00 iters/s

running (13.0s), 00735/00743 VUs, 3047 complete and 0 interrupted iterations
default   [  87% ] 00735/00743 VUs  13.0s/15s  350.00 iters/s

running (14.0s), 00795/00801 VUs, 3277 complete and 0 interrupted iterations
default   [  93% ] 00796/00801 VUs  14.0s/15s  350.00 iters/s

running (15.0s), 00856/00859 VUs, 3509 complete and 0 interrupted iterations
default   [ 100% ] 00856/00859 VUs  15s  350.00 iters/s

running (16.0s), 00619/00859 VUs, 3746 complete and 0 interrupted iterations
default ↓ [ 100% ] 00856/00859 VUs  15s  350.00 iters/s

running (17.0s), 00394/00859 VUs, 3971 complete and 0 interrupted iterations
default ↓ [ 100% ] 00856/00859 VUs  15s  350.00 iters/s

running (18.0s), 00171/00859 VUs, 4194 complete and 0 interrupted iterations
default ↓ [ 100% ] 00856/00859 VUs  15s  350.00 iters/s


  █ TOTAL RESULTS 

    HTTP
    http_req_duration..............: avg=1.83s min=55.85ms med=1.72s max=3.75s p(90)=3.31s p(95)=3.52s
      { expected_response:true }...: avg=1.83s min=55.85ms med=1.72s max=3.75s p(90)=3.31s p(95)=3.52s
    http_req_failed................: 0.00%  0 out of 4365
    http_reqs......................: 4365   233.191195/s

    EXECUTION
    dropped_iterations.............: 886    47.332737/s
    iteration_duration.............: avg=1.83s min=56.08ms med=1.72s max=3.75s p(90)=3.31s p(95)=3.52s
    iterations.....................: 4365   233.191195/s
    vus............................: 171    min=72        max=855
    vus_max........................: 859    min=72        max=859

    NETWORK
    data_received..................: 1.3 MB 69 kB/s
    data_sent......................: 1.6 MB 87 kB/s




running (18.7s), 00000/00859 VUs, 4365 complete and 0 interrupted iterations
default ✓ [ 100% ] 00000/00859 VUs  15s  350.00 iters/s
