
         /\      Grafana   /‾‾/  
    /\  /  \     |\  __   /  /   
   /  \/    \    | |/ /  /   ‾‾\ 
  /          \   |   (  |  (‾)  |
 / __________ \  |_|\_\  \_____/ 

     execution: local
        script: workflow/response/k6_open_client.js
        output: -

     scenarios: (100.00%) 1 scenario, 10000 max VUs, 15s max duration (incl. graceful stop):
              * default: 180.00 iterations/s for 15s (maxVUs: 180-10000)


running (01.0s), 00014/00180 VUs, 164 complete and 0 interrupted iterations
default   [   7% ] 00014/00180 VUs  01.0s/15s  180.00 iters/s

running (02.0s), 00013/00180 VUs, 345 complete and 0 interrupted iterations
default   [  13% ] 00013/00180 VUs  02.0s/15s  180.00 iters/s

running (03.0s), 00019/00180 VUs, 519 complete and 0 interrupted iterations
default   [  20% ] 00019/00180 VUs  03.0s/15s  180.00 iters/s

running (04.0s), 00017/00180 VUs, 701 complete and 0 interrupted iterations
default   [  27% ] 00017/00180 VUs  04.0s/15s  180.00 iters/s

running (05.0s), 00018/00180 VUs, 880 complete and 0 interrupted iterations
default   [  33% ] 00018/00180 VUs  05.0s/15s  180.00 iters/s

running (06.0s), 00016/00180 VUs, 1062 complete and 0 interrupted iterations
default   [  40% ] 00016/00180 VUs  06.0s/15s  180.00 iters/s

running (07.0s), 00014/00180 VUs, 1244 complete and 0 interrupted iterations
default   [  47% ] 00014/00180 VUs  07.0s/15s  180.00 iters/s

running (08.0s), 00014/00180 VUs, 1424 complete and 0 interrupted iterations
default   [  53% ] 00014/00180 VUs  08.0s/15s  180.00 iters/s

running (09.0s), 00018/00180 VUs, 1600 complete and 0 interrupted iterations
default   [  60% ] 00018/00180 VUs  09.0s/15s  180.00 iters/s

running (10.0s), 00012/00180 VUs, 1786 complete and 0 interrupted iterations
default   [  67% ] 00012/00180 VUs  10.0s/15s  180.00 iters/s

running (11.0s), 00018/00180 VUs, 1960 complete and 0 interrupted iterations
default   [  73% ] 00018/00180 VUs  11.0s/15s  180.00 iters/s

running (12.0s), 00017/00180 VUs, 2141 complete and 0 interrupted iterations
default   [  80% ] 00017/00180 VUs  12.0s/15s  180.00 iters/s

running (13.0s), 00018/00180 VUs, 2320 complete and 0 interrupted iterations
default   [  87% ] 00018/00180 VUs  13.0s/15s  180.00 iters/s

running (14.0s), 00017/00180 VUs, 2501 complete and 0 interrupted iterations
default   [  93% ] 00017/00180 VUs  14.0s/15s  180.00 iters/s

running (15.0s), 00012/00180 VUs, 2686 complete and 0 interrupted iterations
default   [ 100% ] 00012/00180 VUs  15.0s/15s  180.00 iters/s


  █ TOTAL RESULTS 

    HTTP
    http_req_duration..............: avg=91.39ms min=59.07ms med=90.08ms max=145.14ms p(90)=115.36ms p(95)=119.29ms
      { expected_response:true }...: avg=91.39ms min=59.07ms med=90.08ms max=145.14ms p(90)=115.36ms p(95)=119.29ms
    http_req_failed................: 0.00%  0 out of 2686
    http_reqs......................: 2686   179.054186/s

    EXECUTION
    iteration_duration.............: avg=91.55ms min=59.14ms med=90.24ms max=145.26ms p(90)=115.46ms p(95)=119.52ms
    iterations.....................: 2686   179.054186/s
    vus............................: 12     min=12        max=19 
    vus_max........................: 180    min=180       max=180

    NETWORK
    data_received..................: 569 kB 38 kB/s
    data_sent......................: 529 kB 35 kB/s




running (15.0s), 00000/00180 VUs, 2686 complete and 14 interrupted iterations
default ✓ [ 100% ] 00014/00180 VUs  15s  180.00 iters/s
