
         /\      Grafana   /‾‾/  
    /\  /  \     |\  __   /  /   
   /  \/    \    | |/ /  /   ‾‾\ 
  /          \   |   (  |  (‾)  |
 / __________ \  |_|\_\  \_____/ 

     execution: local
        script: workflow/hotel/k6_open_recommendations_client.js
        output: -

     scenarios: (100.00%) 1 scenario, 10000 max VUs, 45s max duration (incl. graceful stop):
              * default: 60.00 iterations/s for 15s (maxVUs: 60-10000, gracefulStop: 30s)


running (01.0s), 00002/00060 VUs, 58 complete and 0 interrupted iterations
default   [   7% ] 00002/00060 VUs  01.0s/15s  60.00 iters/s

running (02.0s), 00002/00060 VUs, 118 complete and 0 interrupted iterations
default   [  13% ] 00002/00060 VUs  02.0s/15s  60.00 iters/s

running (03.0s), 00002/00060 VUs, 178 complete and 0 interrupted iterations
default   [  20% ] 00002/00060 VUs  03.0s/15s  60.00 iters/s

running (04.0s), 00002/00060 VUs, 238 complete and 0 interrupted iterations
default   [  27% ] 00002/00060 VUs  04.0s/15s  60.00 iters/s

running (05.0s), 00001/00060 VUs, 299 complete and 0 interrupted iterations
default   [  33% ] 00001/00060 VUs  05.0s/15s  60.00 iters/s

running (06.0s), 00002/00060 VUs, 358 complete and 0 interrupted iterations
default   [  40% ] 00002/00060 VUs  06.0s/15s  60.00 iters/s

running (07.0s), 00001/00060 VUs, 419 complete and 0 interrupted iterations
default   [  47% ] 00001/00060 VUs  07.0s/15s  60.00 iters/s

running (08.0s), 00001/00060 VUs, 479 complete and 0 interrupted iterations
default   [  53% ] 00001/00060 VUs  08.0s/15s  60.00 iters/s

running (09.0s), 00001/00060 VUs, 539 complete and 0 interrupted iterations
default   [  60% ] 00001/00060 VUs  09.0s/15s  60.00 iters/s

running (10.0s), 00002/00060 VUs, 598 complete and 0 interrupted iterations
default   [  67% ] 00002/00060 VUs  10.0s/15s  60.00 iters/s

running (11.0s), 00001/00060 VUs, 659 complete and 0 interrupted iterations
default   [  73% ] 00001/00060 VUs  11.0s/15s  60.00 iters/s

running (12.0s), 00002/00060 VUs, 718 complete and 0 interrupted iterations
default   [  80% ] 00002/00060 VUs  12.0s/15s  60.00 iters/s

running (13.0s), 00002/00060 VUs, 778 complete and 0 interrupted iterations
default   [  87% ] 00002/00060 VUs  13.0s/15s  60.00 iters/s

running (14.0s), 00001/00060 VUs, 839 complete and 0 interrupted iterations
default   [  93% ] 00001/00060 VUs  14.0s/15s  60.00 iters/s

running (15.0s), 00002/00060 VUs, 898 complete and 0 interrupted iterations
default   [ 100% ] 00002/00060 VUs  15.0s/15s  60.00 iters/s


  █ TOTAL RESULTS 

    HTTP
    http_req_duration..............: avg=27.55ms min=19.89ms med=26.58ms max=44ms    p(90)=34.27ms p(95)=37.38ms
      { expected_response:true }...: avg=27.55ms min=19.89ms med=26.58ms max=44ms    p(90)=34.27ms p(95)=37.38ms
    http_req_failed................: 0.00%  0 out of 901
    http_reqs......................: 901    59.956023/s

    EXECUTION
    iteration_duration.............: avg=27.7ms  min=20ms    med=26.69ms max=44.21ms p(90)=34.41ms p(95)=37.51ms
    iterations.....................: 901    59.956023/s
    vus............................: 2      min=1        max=2 
    vus_max........................: 60     min=60       max=60

    NETWORK
    data_received..................: 482 kB 32 kB/s
    data_sent......................: 257 kB 17 kB/s




running (15.0s), 00000/00060 VUs, 901 complete and 0 interrupted iterations
default ✓ [ 100% ] 00000/00060 VUs  15s  60.00 iters/s
