2026/04/24 06:50:40 telemetry disabled: AEGEAN_DISABLE_TRACING=1

         /\      Grafana   /‾‾/  
    /\  /  \     |\  __   /  /   
   /  \/    \    | |/ /  /   ‾‾\ 
  /          \   |   (  |  (‾)  |
 / __________ \  |_|\_\  \_____/ 

     execution: local
        script: workflow/aegean/k6_open_client.js
        output: -

     scenarios: (100.00%) 1 scenario, 10000 max VUs, 45s max duration (incl. graceful stop):
              * default: 400.00 iterations/s for 15s (maxVUs: 0-10000, gracefulStop: 30s)


running (01.0s), 00006/00009 VUs, 385 complete and 0 interrupted iterations
default   [   7% ] 00006/00009 VUs  01.0s/15s  400.00 iters/s

running (02.0s), 00006/00010 VUs, 784 complete and 0 interrupted iterations
default   [  13% ] 00006/00010 VUs  02.0s/15s  400.00 iters/s

running (03.0s), 00005/00011 VUs, 1181 complete and 0 interrupted iterations
default   [  20% ] 00005/00011 VUs  03.0s/15s  400.00 iters/s

running (04.0s), 00006/00011 VUs, 1581 complete and 0 interrupted iterations
default   [  27% ] 00006/00011 VUs  04.0s/15s  400.00 iters/s

running (05.0s), 00006/00012 VUs, 1977 complete and 0 interrupted iterations
default   [  33% ] 00006/00012 VUs  05.0s/15s  400.00 iters/s

running (06.0s), 00006/00012 VUs, 2377 complete and 0 interrupted iterations
default   [  40% ] 00006/00012 VUs  06.0s/15s  400.00 iters/s

running (07.0s), 00006/00012 VUs, 2777 complete and 0 interrupted iterations
default   [  47% ] 00005/00012 VUs  07.0s/15s  400.00 iters/s

running (08.0s), 00005/00012 VUs, 3177 complete and 0 interrupted iterations
default   [  53% ] 00005/00012 VUs  08.0s/15s  400.00 iters/s

running (09.0s), 00006/00012 VUs, 3577 complete and 0 interrupted iterations
default   [  60% ] 00006/00012 VUs  09.0s/15s  400.00 iters/s

running (10.0s), 00005/00012 VUs, 3978 complete and 0 interrupted iterations
default   [  67% ] 00005/00012 VUs  10.0s/15s  400.00 iters/s

running (11.0s), 00007/00012 VUs, 4376 complete and 0 interrupted iterations
default   [  73% ] 00007/00012 VUs  11.0s/15s  400.00 iters/s

running (12.0s), 00005/00013 VUs, 4775 complete and 0 interrupted iterations
default   [  80% ] 00006/00013 VUs  12.0s/15s  400.00 iters/s

running (13.0s), 00005/00015 VUs, 5174 complete and 0 interrupted iterations
default   [  87% ] 00005/00015 VUs  13.0s/15s  400.00 iters/s

running (14.0s), 00006/00015 VUs, 5573 complete and 0 interrupted iterations
default   [  93% ] 00006/00015 VUs  14.0s/15s  400.00 iters/s

running (15.0s), 00006/00015 VUs, 5973 complete and 0 interrupted iterations
default ↓ [ 100% ] 00006/00015 VUs  15s  400.00 iters/s


  █ TOTAL RESULTS 

    HTTP
    http_req_duration..............: avg=12.9ms min=10.42ms med=12.46ms max=35.4ms  p(90)=14.02ms p(95)=14.79ms
      { expected_response:true }...: avg=12.9ms min=10.42ms med=12.46ms max=35.4ms  p(90)=14.02ms p(95)=14.79ms
    http_req_failed................: 0.00%  0 out of 5979
    http_reqs......................: 5979   398.161341/s

    EXECUTION
    dropped_iterations.............: 22     1.465053/s
    iteration_duration.............: avg=13.1ms min=10.46ms med=12.65ms max=35.67ms p(90)=14.27ms p(95)=15.08ms
    iterations.....................: 5979   398.161341/s
    vus............................: 6      min=5         max=7 
    vus_max........................: 15     min=9         max=15

    NETWORK
    data_received..................: 2.0 MB 130 kB/s
    data_sent......................: 2.2 MB 148 kB/s




running (15.0s), 00000/00015 VUs, 5979 complete and 0 interrupted iterations
default ✓ [ 100% ] 00000/00015 VUs  15s  400.00 iters/s
