2026/04/24 07:30:04 telemetry disabled: AEGEAN_DISABLE_TRACING=1

         /\      Grafana   /‾‾/  
    /\  /  \     |\  __   /  /   
   /  \/    \    | |/ /  /   ‾‾\ 
  /          \   |   (  |  (‾)  |
 / __________ \  |_|\_\  \_____/ 

     execution: local
        script: workflow/media/k6_open_review_compose.js
        output: -

     scenarios: (100.00%) 1 scenario, 10000 max VUs, 45s max duration (incl. graceful stop):
              * default: 100.00 iterations/s for 15s (maxVUs: 0-10000, gracefulStop: 30s)


running (01.0s), 00024/00027 VUs, 48 complete and 0 interrupted iterations
default   [   7% ] 00024/00027 VUs  01.0s/15s  100.00 iters/s

running (02.0s), 00048/00048 VUs, 103 complete and 0 interrupted iterations
default   [  13% ] 00048/00048 VUs  02.0s/15s  100.00 iters/s

running (03.0s), 00065/00067 VUs, 167 complete and 0 interrupted iterations
default   [  20% ] 00066/00067 VUs  03.0s/15s  100.00 iters/s

running (04.0s), 00084/00087 VUs, 229 complete and 0 interrupted iterations
default   [  27% ] 00084/00087 VUs  04.0s/15s  100.00 iters/s

running (05.0s), 00110/00110 VUs, 280 complete and 0 interrupted iterations
default   [  33% ] 00110/00110 VUs  05.0s/15s  100.00 iters/s

running (06.0s), 00131/00131 VUs, 337 complete and 0 interrupted iterations
default   [  40% ] 00131/00131 VUs  06.0s/15s  100.00 iters/s

running (07.0s), 00153/00156 VUs, 390 complete and 0 interrupted iterations
default   [  47% ] 00153/00156 VUs  07.0s/15s  100.00 iters/s

running (08.0s), 00180/00181 VUs, 437 complete and 0 interrupted iterations
default   [  53% ] 00180/00181 VUs  08.0s/15s  100.00 iters/s

running (09.0s), 00207/00207 VUs, 483 complete and 0 interrupted iterations
default   [  60% ] 00207/00207 VUs  09.0s/15s  100.00 iters/s

running (10.0s), 00238/00238 VUs, 522 complete and 0 interrupted iterations
default   [  67% ] 00238/00238 VUs  10.0s/15s  100.00 iters/s

running (11.0s), 00265/00265 VUs, 568 complete and 0 interrupted iterations
default   [  73% ] 00265/00265 VUs  11.0s/15s  100.00 iters/s

running (12.0s), 00293/00294 VUs, 607 complete and 0 interrupted iterations
default   [  80% ] 00293/00294 VUs  12.0s/15s  100.00 iters/s

running (13.0s), 00318/00322 VUs, 654 complete and 0 interrupted iterations
default   [  87% ] 00318/00322 VUs  13.0s/15s  100.00 iters/s

running (14.0s), 00348/00351 VUs, 695 complete and 0 interrupted iterations
default   [  93% ] 00348/00351 VUs  14.0s/15s  100.00 iters/s

running (15.0s), 00377/00379 VUs, 737 complete and 0 interrupted iterations
default   [ 100% ] 00377/00379 VUs  15s  100.00 iters/s

running (16.0s), 00339/00379 VUs, 776 complete and 0 interrupted iterations
default ↓ [ 100% ] 00378/00379 VUs  15s  100.00 iters/s

running (17.0s), 00298/00379 VUs, 817 complete and 0 interrupted iterations
default ↓ [ 100% ] 00378/00379 VUs  15s  100.00 iters/s

running (18.0s), 00260/00379 VUs, 855 complete and 0 interrupted iterations
default ↓ [ 100% ] 00378/00379 VUs  15s  100.00 iters/s

running (19.0s), 00228/00379 VUs, 887 complete and 0 interrupted iterations
default ↓ [ 100% ] 00378/00379 VUs  15s  100.00 iters/s

running (20.0s), 00194/00379 VUs, 921 complete and 0 interrupted iterations
default ↓ [ 100% ] 00378/00379 VUs  15s  100.00 iters/s

running (21.0s), 00163/00379 VUs, 952 complete and 0 interrupted iterations
default ↓ [ 100% ] 00378/00379 VUs  15s  100.00 iters/s

running (22.0s), 00132/00379 VUs, 983 complete and 0 interrupted iterations
default ↓ [ 100% ] 00378/00379 VUs  15s  100.00 iters/s

running (23.0s), 00103/00379 VUs, 1012 complete and 0 interrupted iterations
default ↓ [ 100% ] 00378/00379 VUs  15s  100.00 iters/s

running (24.0s), 00074/00379 VUs, 1041 complete and 0 interrupted iterations
default ↓ [ 100% ] 00378/00379 VUs  15s  100.00 iters/s

running (25.0s), 00043/00379 VUs, 1072 complete and 0 interrupted iterations
default ↓ [ 100% ] 00378/00379 VUs  15s  100.00 iters/s

running (26.0s), 00008/00379 VUs, 1107 complete and 0 interrupted iterations
default ↓ [ 100% ] 00378/00379 VUs  15s  100.00 iters/s


  █ TOTAL RESULTS 

    HTTP
    http_req_duration..............: avg=4.19s min=103.69ms med=3.57s max=11.11s p(90)=9.21s p(95)=10.3s 
      { expected_response:true }...: avg=4.19s min=103.69ms med=3.57s max=11.11s p(90)=9.21s p(95)=10.3s 
    http_req_failed................: 0.00%  0 out of 1115
    http_reqs......................: 1115   42.728789/s

    EXECUTION
    dropped_iterations.............: 386    14.792209/s
    iteration_duration.............: avg=4.19s min=104.04ms med=3.57s max=11.11s p(90)=9.22s p(95)=10.31s
    iterations.....................: 1115   42.728789/s
    vus............................: 8      min=8         max=377
    vus_max........................: 379    min=27        max=379

    NETWORK
    data_received..................: 233 kB 8.9 kB/s
    data_sent......................: 620 kB 24 kB/s




running (26.1s), 00000/00379 VUs, 1115 complete and 0 interrupted iterations
default ✓ [ 100% ] 00000/00379 VUs  15s  100.00 iters/s
