
         /\      Grafana   /‾‾/  
    /\  /  \     |\  __   /  /   
   /  \/    \    | |/ /  /   ‾‾\ 
  /          \   |   (  |  (‾)  |
 / __________ \  |_|\_\  \_____/ 

     execution: local
        script: workflow/aegean/k6_open_client.js
        output: -

     scenarios: (100.00%) 1 scenario, 10000 max VUs, 45s max duration (incl. graceful stop):
              * default: 200.00 iterations/s for 15s (maxVUs: 0-10000, gracefulStop: 30s)


running (01.0s), 00071/00071 VUs, 55 complete and 0 interrupted iterations
default   [   7% ] 00071/00071 VUs  01.0s/15s  200.00 iters/s

running (02.0s), 00131/00131 VUs, 135 complete and 0 interrupted iterations
default   [  13% ] 00131/00131 VUs  02.0s/15s  200.00 iters/s

running (03.0s), 00191/00191 VUs, 214 complete and 0 interrupted iterations
default   [  20% ] 00191/00191 VUs  03.0s/15s  200.00 iters/s

running (04.0s), 00250/00257 VUs, 289 complete and 0 interrupted iterations
default   [  27% ] 00251/00257 VUs  04.0s/15s  200.00 iters/s

running (05.0s), 00315/00318 VUs, 364 complete and 0 interrupted iterations
default   [  33% ] 00315/00318 VUs  05.0s/15s  200.00 iters/s

running (06.0s), 00380/00381 VUs, 435 complete and 0 interrupted iterations
default   [  40% ] 00380/00381 VUs  06.0s/15s  200.00 iters/s

running (07.0s), 00443/00443 VUs, 510 complete and 0 interrupted iterations
default   [  47% ] 00443/00443 VUs  07.0s/15s  200.00 iters/s

running (08.0s), 00503/00503 VUs, 588 complete and 0 interrupted iterations
default   [  53% ] 00503/00503 VUs  08.0s/15s  200.00 iters/s

running (09.0s), 00565/00565 VUs, 665 complete and 0 interrupted iterations
default   [  60% ] 00565/00565 VUs  09.0s/15s  200.00 iters/s

running (10.0s), 00628/00628 VUs, 738 complete and 0 interrupted iterations
default   [  67% ] 00628/00628 VUs  10.0s/15s  200.00 iters/s

running (11.0s), 00687/00689 VUs, 818 complete and 0 interrupted iterations
default   [  73% ] 00687/00689 VUs  11.0s/15s  200.00 iters/s

running (12.0s), 00751/00751 VUs, 891 complete and 0 interrupted iterations
default   [  80% ] 00751/00751 VUs  12.0s/15s  200.00 iters/s

running (13.0s), 00808/00812 VUs, 973 complete and 0 interrupted iterations
default   [  87% ] 00808/00812 VUs  13.0s/15s  200.00 iters/s

running (14.0s), 00872/00872 VUs, 1046 complete and 0 interrupted iterations
default   [  93% ] 00872/00872 VUs  14.0s/15s  200.00 iters/s

running (15.0s), 00930/00934 VUs, 1126 complete and 0 interrupted iterations
default   [ 100% ] 00930/00934 VUs  15.0s/15s  200.00 iters/s

running (16.0s), 00850/00934 VUs, 1207 complete and 0 interrupted iterations
default ↓ [ 100% ] 00931/00934 VUs  15s  200.00 iters/s

running (17.0s), 00771/00934 VUs, 1286 complete and 0 interrupted iterations
default ↓ [ 100% ] 00931/00934 VUs  15s  200.00 iters/s

running (18.0s), 00695/00934 VUs, 1362 complete and 0 interrupted iterations
default ↓ [ 100% ] 00931/00934 VUs  15s  200.00 iters/s

running (19.0s), 00612/00934 VUs, 1445 complete and 0 interrupted iterations
default ↓ [ 100% ] 00931/00934 VUs  15s  200.00 iters/s

running (20.0s), 00523/00934 VUs, 1534 complete and 0 interrupted iterations
default ↓ [ 100% ] 00931/00934 VUs  15s  200.00 iters/s

running (21.0s), 00444/00934 VUs, 1613 complete and 0 interrupted iterations
default ↓ [ 100% ] 00931/00934 VUs  15s  200.00 iters/s

running (22.0s), 00365/00934 VUs, 1692 complete and 0 interrupted iterations
default ↓ [ 100% ] 00931/00934 VUs  15s  200.00 iters/s

running (23.0s), 00278/00934 VUs, 1779 complete and 0 interrupted iterations
default ↓ [ 100% ] 00931/00934 VUs  15s  200.00 iters/s

running (24.0s), 00195/00934 VUs, 1862 complete and 0 interrupted iterations
default ↓ [ 100% ] 00931/00934 VUs  15s  200.00 iters/s

running (25.0s), 00113/00934 VUs, 1944 complete and 0 interrupted iterations
default ↓ [ 100% ] 00931/00934 VUs  15s  200.00 iters/s

running (26.0s), 00031/00934 VUs, 2026 complete and 0 interrupted iterations
default ↓ [ 100% ] 00931/00934 VUs  15s  200.00 iters/s


  █ TOTAL RESULTS 

    HTTP
    http_req_duration..............: avg=6.02s min=113.76ms med=6.21s max=11.36s p(90)=10.33s p(95)=10.82s
      { expected_response:true }...: avg=6.02s min=113.76ms med=6.21s max=11.36s p(90)=10.33s p(95)=10.82s
    http_req_failed................: 0.00%  0 out of 2057
    http_reqs......................: 2057   78.099042/s

    EXECUTION
    dropped_iterations.............: 944    35.841271/s
    iteration_duration.............: avg=6.03s min=116.67ms med=6.22s max=11.36s p(90)=10.34s p(95)=10.83s
    iterations.....................: 2057   78.099042/s
    vus............................: 31     min=31        max=930
    vus_max........................: 934    min=71        max=934

    NETWORK
    data_received..................: 103 MB 3.9 MB/s
    data_sent......................: 103 MB 3.9 MB/s




running (26.3s), 00000/00934 VUs, 2057 complete and 0 interrupted iterations
default ✓ [ 100% ] 00000/00934 VUs  15s  200.00 iters/s
