2026/04/24 07:31:44 telemetry disabled: AEGEAN_DISABLE_TRACING=1

         /\      Grafana   /‾‾/  
    /\  /  \     |\  __   /  /   
   /  \/    \    | |/ /  /   ‾‾\ 
  /          \   |   (  |  (‾)  |
 / __________ \  |_|\_\  \_____/ 

     execution: local
        script: workflow/media/k6_open_review_compose.js
        output: -

     scenarios: (100.00%) 1 scenario, 10000 max VUs, 45s max duration (incl. graceful stop):
              * default: 200.00 iterations/s for 15s (maxVUs: 0-10000, gracefulStop: 30s)


running (01.0s), 00076/00077 VUs, 47 complete and 0 interrupted iterations
default   [   7% ] 00076/00077 VUs  01.0s/15s  200.00 iters/s

running (02.0s), 00142/00143 VUs, 113 complete and 0 interrupted iterations
default   [  13% ] 00143/00143 VUs  02.0s/15s  200.00 iters/s

running (03.0s), 00208/00208 VUs, 182 complete and 0 interrupted iterations
default   [  20% ] 00208/00208 VUs  03.0s/15s  200.00 iters/s

running (04.0s), 00278/00278 VUs, 223 complete and 0 interrupted iterations
default   [  27% ] 00278/00278 VUs  04.0s/15s  200.00 iters/s

running (05.0s), 00351/00351 VUs, 265 complete and 0 interrupted iterations
default   [  33% ] 00351/00351 VUs  05.0s/15s  200.00 iters/s

running (06.0s), 00424/00424 VUs, 311 complete and 0 interrupted iterations
default   [  40% ] 00424/00424 VUs  06.0s/15s  200.00 iters/s

running (07.0s), 00497/00504 VUs, 353 complete and 0 interrupted iterations
default   [  47% ] 00497/00504 VUs  07.0s/15s  200.00 iters/s

running (08.0s), 00578/00578 VUs, 379 complete and 0 interrupted iterations
default   [  53% ] 00578/00578 VUs  08.0s/15s  200.00 iters/s

running (09.0s), 00651/00651 VUs, 392 complete and 0 interrupted iterations
default   [  60% ] 00651/00651 VUs  09.0s/15s  200.00 iters/s

running (10.0s), 00726/00726 VUs, 411 complete and 0 interrupted iterations
default   [  67% ] 00726/00726 VUs  10.0s/15s  200.00 iters/s

running (11.0s), 00800/00800 VUs, 445 complete and 0 interrupted iterations
default   [  73% ] 00800/00800 VUs  11.0s/15s  200.00 iters/s

running (12.0s), 00872/00873 VUs, 462 complete and 0 interrupted iterations
default   [  80% ] 00872/00873 VUs  12.0s/15s  200.00 iters/s

running (13.0s), 00954/00954 VUs, 486 complete and 0 interrupted iterations
default   [  87% ] 00954/00954 VUs  13.0s/15s  200.00 iters/s

running (14.0s), 01032/01032 VUs, 522 complete and 0 interrupted iterations
default   [  93% ] 01032/01032 VUs  14.0s/15s  200.00 iters/s

running (15.0s), 01088/01088 VUs, 536 complete and 0 interrupted iterations
default   [ 100% ] 01088/01088 VUs  15s  200.00 iters/s

running (16.0s), 01074/01089 VUs, 550 complete and 0 interrupted iterations
default ↓ [ 100% ] 01088/01089 VUs  15s  200.00 iters/s

running (17.0s), 01052/01089 VUs, 572 complete and 0 interrupted iterations
default ↓ [ 100% ] 01088/01089 VUs  15s  200.00 iters/s

running (18.0s), 01027/01089 VUs, 597 complete and 0 interrupted iterations
default ↓ [ 100% ] 01088/01089 VUs  15s  200.00 iters/s

running (19.0s), 01005/01089 VUs, 619 complete and 0 interrupted iterations
default ↓ [ 100% ] 01088/01089 VUs  15s  200.00 iters/s

running (20.0s), 00961/01089 VUs, 663 complete and 0 interrupted iterations
default ↓ [ 100% ] 01088/01089 VUs  15s  200.00 iters/s

running (21.0s), 00922/01089 VUs, 702 complete and 0 interrupted iterations
default ↓ [ 100% ] 01088/01089 VUs  15s  200.00 iters/s

running (22.0s), 00888/01089 VUs, 736 complete and 0 interrupted iterations
default ↓ [ 100% ] 01088/01089 VUs  15s  200.00 iters/s

running (23.0s), 00855/01089 VUs, 769 complete and 0 interrupted iterations
default ↓ [ 100% ] 01088/01089 VUs  15s  200.00 iters/s

running (24.0s), 00818/01089 VUs, 806 complete and 0 interrupted iterations
default ↓ [ 100% ] 01088/01089 VUs  15s  200.00 iters/s

running (25.0s), 00777/01089 VUs, 847 complete and 0 interrupted iterations
default ↓ [ 100% ] 01088/01089 VUs  15s  200.00 iters/s

running (26.0s), 00737/01089 VUs, 887 complete and 0 interrupted iterations
default ↓ [ 100% ] 01088/01089 VUs  15s  200.00 iters/s

running (27.0s), 00699/01089 VUs, 925 complete and 0 interrupted iterations
default ↓ [ 100% ] 01088/01089 VUs  15s  200.00 iters/s

running (28.0s), 00660/01089 VUs, 964 complete and 0 interrupted iterations
default ↓ [ 100% ] 01088/01089 VUs  15s  200.00 iters/s

running (29.0s), 00636/01089 VUs, 988 complete and 0 interrupted iterations
default ↓ [ 100% ] 01088/01089 VUs  15s  200.00 iters/s

running (30.0s), 00600/01089 VUs, 1024 complete and 0 interrupted iterations
default ↓ [ 100% ] 01088/01089 VUs  15s  200.00 iters/s

running (31.0s), 00573/01089 VUs, 1051 complete and 0 interrupted iterations
default ↓ [ 100% ] 01088/01089 VUs  15s  200.00 iters/s

running (32.0s), 00540/01089 VUs, 1084 complete and 0 interrupted iterations
default ↓ [ 100% ] 01088/01089 VUs  15s  200.00 iters/s

running (33.0s), 00515/01089 VUs, 1109 complete and 0 interrupted iterations
default ↓ [ 100% ] 01088/01089 VUs  15s  200.00 iters/s

running (34.0s), 00486/01089 VUs, 1138 complete and 0 interrupted iterations
default ↓ [ 100% ] 01088/01089 VUs  15s  200.00 iters/s

running (35.0s), 00456/01089 VUs, 1168 complete and 0 interrupted iterations
default ↓ [ 100% ] 01088/01089 VUs  15s  200.00 iters/s

running (36.0s), 00432/01089 VUs, 1192 complete and 0 interrupted iterations
default ↓ [ 100% ] 01088/01089 VUs  15s  200.00 iters/s

running (37.0s), 00407/01089 VUs, 1217 complete and 0 interrupted iterations
default ↓ [ 100% ] 01088/01089 VUs  15s  200.00 iters/s

running (38.0s), 00383/01089 VUs, 1241 complete and 0 interrupted iterations
default ↓ [ 100% ] 01088/01089 VUs  15s  200.00 iters/s

running (39.0s), 00357/01089 VUs, 1267 complete and 0 interrupted iterations
default ↓ [ 100% ] 01088/01089 VUs  15s  200.00 iters/s

running (40.0s), 00330/01089 VUs, 1294 complete and 0 interrupted iterations
default ↓ [ 100% ] 01088/01089 VUs  15s  200.00 iters/s

running (41.0s), 00306/01089 VUs, 1318 complete and 0 interrupted iterations
default ↓ [ 100% ] 01088/01089 VUs  15s  200.00 iters/s

running (42.0s), 00282/01089 VUs, 1342 complete and 0 interrupted iterations
default ↓ [ 100% ] 01088/01089 VUs  15s  200.00 iters/s

running (43.0s), 00256/01089 VUs, 1368 complete and 0 interrupted iterations
default ↓ [ 100% ] 01088/01089 VUs  15s  200.00 iters/s

running (44.0s), 00237/01089 VUs, 1387 complete and 0 interrupted iterations
default ↓ [ 100% ] 01088/01089 VUs  15s  200.00 iters/s

running (45.0s), 00221/01089 VUs, 1403 complete and 0 interrupted iterations
default ✓ [ 100% ] 00221/01089 VUs  15s  200.00 iters/s


  █ TOTAL RESULTS 

    HTTP
    http_req_duration..............: avg=14.37s min=114.49ms med=15.19s max=32.3s  p(90)=27.72s p(95)=29.46s
      { expected_response:true }...: avg=14.37s min=114.49ms med=15.19s max=32.3s  p(90)=27.72s p(95)=29.46s
    http_req_failed................: 0.00%  0 out of 1403
    http_reqs......................: 1403   31.060283/s

    EXECUTION
    dropped_iterations.............: 1378   30.506821/s
    iteration_duration.............: avg=14.38s min=114.7ms  med=15.2s  max=32.32s p(90)=27.72s p(95)=29.46s
    iterations.....................: 1403   31.060283/s
    vus............................: 221    min=76        max=1088
    vus_max........................: 1089   min=77        max=1089

    NETWORK
    data_received..................: 294 kB 6.5 kB/s
    data_sent......................: 904 kB 20 kB/s




running (45.2s), 00000/01089 VUs, 1403 complete and 221 interrupted iterations
default ✓ [ 100% ] 00221/01089 VUs  15s  200.00 iters/s
