
         /\      Grafana   /‾‾/  
    /\  /  \     |\  __   /  /   
   /  \/    \    | |/ /  /   ‾‾\ 
  /          \   |   (  |  (‾)  |
 / __________ \  |_|\_\  \_____/ 

     execution: local
        script: workflow/response/k6_open_client.js
        output: -

     scenarios: (100.00%) 1 scenario, 10000 max VUs, 15s max duration (incl. graceful stop):
              * default: 145.00 iterations/s for 15s (maxVUs: 145-10000)


running (01.0s), 00013/00145 VUs, 131 complete and 0 interrupted iterations
default   [   7% ] 00013/00145 VUs  01.0s/15s  145.00 iters/s

running (02.0s), 00014/00145 VUs, 275 complete and 0 interrupted iterations
default   [  13% ] 00014/00145 VUs  02.0s/15s  145.00 iters/s

running (03.0s), 00016/00145 VUs, 418 complete and 0 interrupted iterations
default   [  20% ] 00016/00145 VUs  03.0s/15s  145.00 iters/s

running (04.0s), 00014/00145 VUs, 565 complete and 0 interrupted iterations
default   [  27% ] 00014/00145 VUs  04.0s/15s  145.00 iters/s

running (05.0s), 00016/00145 VUs, 708 complete and 0 interrupted iterations
default   [  33% ] 00016/00145 VUs  05.0s/15s  145.00 iters/s

running (06.0s), 00009/00145 VUs, 860 complete and 0 interrupted iterations
default   [  40% ] 00009/00145 VUs  06.0s/15s  145.00 iters/s

running (07.0s), 00011/00145 VUs, 1003 complete and 0 interrupted iterations
default   [  47% ] 00011/00145 VUs  07.0s/15s  145.00 iters/s

running (08.0s), 00013/00145 VUs, 1146 complete and 0 interrupted iterations
default   [  53% ] 00013/00145 VUs  08.0s/15s  145.00 iters/s

running (09.0s), 00011/00145 VUs, 1293 complete and 0 interrupted iterations
default   [  60% ] 00011/00145 VUs  09.0s/15s  145.00 iters/s

running (10.0s), 00017/00145 VUs, 1432 complete and 0 interrupted iterations
default   [  67% ] 00017/00145 VUs  10.0s/15s  145.00 iters/s

running (11.0s), 00014/00145 VUs, 1580 complete and 0 interrupted iterations
default   [  73% ] 00014/00145 VUs  11.0s/15s  145.00 iters/s

running (12.0s), 00011/00145 VUs, 1728 complete and 0 interrupted iterations
default   [  80% ] 00011/00145 VUs  12.0s/15s  145.00 iters/s

running (13.0s), 00017/00145 VUs, 1867 complete and 0 interrupted iterations
default   [  87% ] 00017/00145 VUs  13.0s/15s  145.00 iters/s

running (14.0s), 00014/00145 VUs, 2015 complete and 0 interrupted iterations
default   [  93% ] 00014/00145 VUs  14.0s/15s  145.00 iters/s

running (15.0s), 00012/00145 VUs, 2162 complete and 0 interrupted iterations
default   [ 100% ] 00012/00145 VUs  15.0s/15s  145.00 iters/s


  █ TOTAL RESULTS 

    HTTP
    http_req_duration..............: avg=90.26ms min=46.16ms med=89.78ms max=128.24ms p(90)=114.94ms p(95)=118.61ms
      { expected_response:true }...: avg=90.26ms min=46.16ms med=89.78ms max=128.24ms p(90)=114.94ms p(95)=118.61ms
    http_req_failed................: 0.00%  0 out of 2162
    http_reqs......................: 2162   144.122896/s

    EXECUTION
    iteration_duration.............: avg=90.4ms  min=48.42ms med=89.92ms max=128.36ms p(90)=115.05ms p(95)=118.77ms
    iterations.....................: 2162   144.122896/s
    vus............................: 12     min=9         max=17 
    vus_max........................: 145    min=145       max=145

    NETWORK
    data_received..................: 458 kB 31 kB/s
    data_sent......................: 426 kB 28 kB/s




running (15.0s), 00000/00145 VUs, 2162 complete and 13 interrupted iterations
default ✓ [ 100% ] 00013/00145 VUs  15s  145.00 iters/s
