
         /\      Grafana   /‾‾/  
    /\  /  \     |\  __   /  /   
   /  \/    \    | |/ /  /   ‾‾\ 
  /          \   |   (  |  (‾)  |
 / __________ \  |_|\_\  \_____/ 

     execution: local
        script: workflow/social/k6_open_client.js
        output: -

     scenarios: (100.00%) 1 scenario, 10000 max VUs, 15s max duration (incl. graceful stop):
              * default: 80.00 iterations/s for 15s (maxVUs: 80-10000)


running (01.0s), 00007/00080 VUs, 73 complete and 0 interrupted iterations
default   [   7% ] 00007/00080 VUs  01.0s/15s  80.00 iters/s

running (02.0s), 00005/00080 VUs, 155 complete and 0 interrupted iterations
default   [  13% ] 00005/00080 VUs  02.0s/15s  80.00 iters/s

running (03.0s), 00005/00080 VUs, 235 complete and 0 interrupted iterations
default   [  20% ] 00005/00080 VUs  03.0s/15s  80.00 iters/s

running (04.0s), 00004/00080 VUs, 316 complete and 0 interrupted iterations
default   [  27% ] 00004/00080 VUs  04.0s/15s  80.00 iters/s

running (05.0s), 00002/00080 VUs, 398 complete and 0 interrupted iterations
default   [  33% ] 00002/00080 VUs  05.0s/15s  80.00 iters/s

running (06.0s), 00003/00080 VUs, 477 complete and 0 interrupted iterations
default   [  40% ] 00003/00080 VUs  06.0s/15s  80.00 iters/s

running (07.0s), 00003/00080 VUs, 557 complete and 0 interrupted iterations
default   [  47% ] 00003/00080 VUs  07.0s/15s  80.00 iters/s

running (08.0s), 00003/00080 VUs, 637 complete and 0 interrupted iterations
default   [  53% ] 00003/00080 VUs  08.0s/15s  80.00 iters/s

running (09.0s), 00006/00080 VUs, 714 complete and 0 interrupted iterations
default   [  60% ] 00006/00080 VUs  09.0s/15s  80.00 iters/s

running (10.0s), 00007/00080 VUs, 793 complete and 0 interrupted iterations
default   [  67% ] 00007/00080 VUs  10.0s/15s  80.00 iters/s

running (11.0s), 00008/00080 VUs, 872 complete and 0 interrupted iterations
default   [  73% ] 00008/00080 VUs  11.0s/15s  80.00 iters/s

running (12.0s), 00012/00080 VUs, 948 complete and 0 interrupted iterations
default   [  80% ] 00012/00080 VUs  12.0s/15s  80.00 iters/s

running (13.0s), 00015/00080 VUs, 1025 complete and 0 interrupted iterations
default   [  87% ] 00015/00080 VUs  13.0s/15s  80.00 iters/s

running (14.0s), 00018/00080 VUs, 1102 complete and 0 interrupted iterations
default   [  93% ] 00018/00080 VUs  14.0s/15s  80.00 iters/s

running (15.0s), 00022/00080 VUs, 1178 complete and 0 interrupted iterations
default   [ 100% ] 00022/00080 VUs  15.0s/15s  80.00 iters/s


  █ TOTAL RESULTS 

    HTTP
    http_req_duration..............: avg=88.68ms min=19.47ms med=68.66ms max=274.53ms p(90)=205.02ms p(95)=222.74ms
      { expected_response:true }...: avg=88.68ms min=19.47ms med=68.66ms max=274.53ms p(90)=205.02ms p(95)=222.74ms
    http_req_failed................: 0.00%  0 out of 1178
    http_reqs......................: 1178   78.522073/s

    EXECUTION
    iteration_duration.............: avg=88.85ms min=19.57ms med=68.83ms max=274.64ms p(90)=205.13ms p(95)=222.89ms
    iterations.....................: 1178   78.522073/s
    vus............................: 22     min=2         max=22
    vus_max........................: 80     min=80        max=80

    NETWORK
    data_received..................: 275 kB 18 kB/s
    data_sent......................: 394 kB 26 kB/s




running (15.0s), 00000/00080 VUs, 1178 complete and 22 interrupted iterations
default ✓ [ 100% ] 00022/00080 VUs  15s  80.00 iters/s
