
         /\      Grafana   /‾‾/  
    /\  /  \     |\  __   /  /   
   /  \/    \    | |/ /  /   ‾‾\ 
  /          \   |   (  |  (‾)  |
 / __________ \  |_|\_\  \_____/ 

     execution: local
        script: workflow/aegean/k6_open_client.js
        output: -

     scenarios: (100.00%) 1 scenario, 50 max VUs, 45s max duration (incl. graceful stop):
              * default: 30.00 iterations/s for 15s (maxVUs: 50, gracefulStop: 30s)


running (01.0s), 05/50 VUs, 25 complete and 0 interrupted iterations
default   [   7% ] 05/50 VUs  01.0s/15s  30.00 iters/s

running (02.0s), 07/50 VUs, 53 complete and 0 interrupted iterations
default   [  13% ] 07/50 VUs  02.0s/15s  30.00 iters/s

running (03.0s), 03/50 VUs, 87 complete and 0 interrupted iterations
default   [  20% ] 03/50 VUs  03.0s/15s  30.00 iters/s

running (04.0s), 08/50 VUs, 112 complete and 0 interrupted iterations
default   [  27% ] 08/50 VUs  04.0s/15s  30.00 iters/s

running (05.0s), 03/50 VUs, 147 complete and 0 interrupted iterations
default   [  33% ] 03/50 VUs  05.0s/15s  30.00 iters/s

running (06.0s), 05/50 VUs, 175 complete and 0 interrupted iterations
default   [  40% ] 05/50 VUs  06.0s/15s  30.00 iters/s

running (07.0s), 11/50 VUs, 199 complete and 0 interrupted iterations
default   [  47% ] 11/50 VUs  07.0s/15s  30.00 iters/s

running (08.0s), 03/50 VUs, 237 complete and 0 interrupted iterations
default   [  53% ] 03/50 VUs  08.0s/15s  30.00 iters/s

running (09.0s), 01/50 VUs, 269 complete and 0 interrupted iterations
default   [  60% ] 01/50 VUs  09.0s/15s  30.00 iters/s

running (10.0s), 24/50 VUs, 276 complete and 0 interrupted iterations
default   [  67% ] 24/50 VUs  10.0s/15s  30.00 iters/s

running (11.0s), 04/50 VUs, 326 complete and 0 interrupted iterations
default   [  73% ] 04/50 VUs  11.0s/15s  30.00 iters/s

running (12.0s), 02/50 VUs, 358 complete and 0 interrupted iterations
default   [  80% ] 02/50 VUs  12.0s/15s  30.00 iters/s

running (13.0s), 02/50 VUs, 388 complete and 0 interrupted iterations
default   [  87% ] 02/50 VUs  13.0s/15s  30.00 iters/s

running (14.0s), 06/50 VUs, 414 complete and 0 interrupted iterations
default   [  93% ] 06/50 VUs  14.0s/15s  30.00 iters/s

running (15.0s), 08/50 VUs, 442 complete and 0 interrupted iterations
default   [ 100% ] 08/50 VUs  15.0s/15s  30.00 iters/s


  █ TOTAL RESULTS 

    HTTP
    http_req_duration..............: avg=222.24ms min=42.04ms med=167.61ms max=846.63ms p(90)=489.24ms p(95)=603.19ms
      { expected_response:true }...: avg=222.24ms min=42.04ms med=167.61ms max=846.63ms p(90)=489.24ms p(95)=603.19ms
    http_req_failed................: 0.00%  0 out of 451
    http_reqs......................: 451    29.852184/s

    EXECUTION
    iteration_duration.............: avg=222.74ms min=42.18ms med=168.22ms max=847.14ms p(90)=489.37ms p(95)=603.64ms
    iterations.....................: 451    29.852184/s
    vus............................: 8      min=1        max=24
    vus_max........................: 50     min=50       max=50

    NETWORK
    data_received..................: 128 kB 8.5 kB/s
    data_sent......................: 168 kB 11 kB/s




running (15.1s), 00/50 VUs, 451 complete and 0 interrupted iterations
default ✓ [ 100% ] 00/50 VUs  15s  30.00 iters/s
