
         /\      Grafana   /‾‾/  
    /\  /  \     |\  __   /  /   
   /  \/    \    | |/ /  /   ‾‾\ 
  /          \   |   (  |  (‾)  |
 / __________ \  |_|\_\  \_____/ 

     execution: local
        script: workflow/media/k6_open_review_compose.js
        output: -

     scenarios: (100.00%) 1 scenario, 10000 max VUs, 15s max duration (incl. graceful stop):
              * default: 1000.00 iterations/s for 15s (maxVUs: 1000-10000)


running (01.0s), 00003/01000 VUs, 956 complete and 0 interrupted iterations
default   [   6% ] 00003/01000 VUs  01.0s/15s  1000.00 iters/s

running (02.0s), 00003/01000 VUs, 1957 complete and 0 interrupted iterations
default   [  13% ] 00003/01000 VUs  02.0s/15s  1000.00 iters/s

running (03.0s), 00003/01000 VUs, 2956 complete and 0 interrupted iterations
default   [  20% ] 00002/01000 VUs  03.0s/15s  1000.00 iters/s

running (04.0s), 00003/01000 VUs, 3957 complete and 0 interrupted iterations
default   [  26% ] 00003/01000 VUs  04.0s/15s  1000.00 iters/s

running (05.0s), 00002/01000 VUs, 4957 complete and 0 interrupted iterations
default   [  33% ] 00002/01000 VUs  05.0s/15s  1000.00 iters/s

running (06.0s), 00002/01000 VUs, 5958 complete and 0 interrupted iterations
default   [  40% ] 00002/01000 VUs  06.0s/15s  1000.00 iters/s

running (07.0s), 00003/01000 VUs, 6956 complete and 0 interrupted iterations
default   [  46% ] 00002/01000 VUs  07.0s/15s  1000.00 iters/s

running (08.0s), 00003/01000 VUs, 7956 complete and 0 interrupted iterations
default   [  53% ] 00003/01000 VUs  08.0s/15s  1000.00 iters/s

running (09.0s), 00002/01000 VUs, 8957 complete and 0 interrupted iterations
default   [  60% ] 00002/01000 VUs  09.0s/15s  1000.00 iters/s

running (10.0s), 00003/01000 VUs, 9956 complete and 0 interrupted iterations
default   [  66% ] 00003/01000 VUs  10.0s/15s  1000.00 iters/s

running (11.0s), 00003/01000 VUs, 10957 complete and 0 interrupted iterations
default   [  73% ] 00003/01000 VUs  11.0s/15s  1000.00 iters/s

running (12.0s), 00002/01000 VUs, 11957 complete and 0 interrupted iterations
default   [  80% ] 00002/01000 VUs  12.0s/15s  1000.00 iters/s

running (13.0s), 00004/01000 VUs, 12956 complete and 0 interrupted iterations
default   [  86% ] 00004/01000 VUs  13.0s/15s  1000.00 iters/s

running (14.0s), 00002/01000 VUs, 13957 complete and 0 interrupted iterations
default   [  93% ] 00002/01000 VUs  14.0s/15s  1000.00 iters/s

running (15.0s), 00003/01000 VUs, 14957 complete and 0 interrupted iterations
default   [ 100% ] 00003/01000 VUs  15.0s/15s  1000.00 iters/s


  █ TOTAL RESULTS 

    HTTP
    http_req_duration..............: avg=2.51ms min=1.47ms med=2.07ms max=35.05ms p(90)=2.85ms p(95)=4.14ms
      { expected_response:true }...: avg=2.51ms min=1.47ms med=2.07ms max=35.05ms p(90)=2.85ms p(95)=4.14ms
    http_req_failed................: 0.00%  0 out of 14999
    http_reqs......................: 14999  999.80865/s

    EXECUTION
    iteration_duration.............: avg=2.68ms min=1.56ms med=2.18ms max=56.97ms p(90)=2.98ms p(95)=4.31ms
    iterations.....................: 14999  999.80865/s
    vus............................: 2      min=2          max=3   
    vus_max........................: 1000   min=1000       max=1000

    NETWORK
    data_received..................: 3.6 MB 243 kB/s
    data_sent......................: 8.3 MB 557 kB/s




running (15.0s), 00000/01000 VUs, 14998 complete and 2 interrupted iterations
default ✓ [ 100% ] 00002/01000 VUs  15s  1000.00 iters/s
