2026/05/05 06:23:50 telemetry disabled: AEGEAN_DISABLE_TRACING=1

         /\      Grafana   /‾‾/  
    /\  /  \     |\  __   /  /   
   /  \/    \    | |/ /  /   ‾‾\ 
  /          \   |   (  |  (‾)  |
 / __________ \  |_|\_\  \_____/ 

     execution: local
        script: workflow/aegean/k6_open_client.js
        output: -

     scenarios: (100.00%) 1 scenario, 10000 max VUs, 45s max duration (incl. graceful stop):
              * default: 1000.00 iterations/s for 15s (maxVUs: 0-10000, gracefulStop: 30s)


running (01.0s), 00012/00016 VUs, 969 complete and 0 interrupted iterations
default   [   7% ] 00011/00016 VUs  01.0s/15s  1000.00 iters/s

running (02.0s), 00012/00017 VUs, 1967 complete and 0 interrupted iterations
default   [  13% ] 00012/00017 VUs  02.0s/15s  1000.00 iters/s

running (03.0s), 00013/00021 VUs, 2935 complete and 0 interrupted iterations
default   [  20% ] 00013/00021 VUs  03.0s/15s  1000.00 iters/s

running (04.0s), 00012/00021 VUs, 3935 complete and 0 interrupted iterations
default   [  27% ] 00013/00021 VUs  04.0s/15s  1000.00 iters/s

running (05.0s), 00012/00021 VUs, 4935 complete and 0 interrupted iterations
default   [  33% ] 00012/00021 VUs  05.0s/15s  1000.00 iters/s

running (06.0s), 00012/00021 VUs, 5936 complete and 0 interrupted iterations
default   [  40% ] 00013/00021 VUs  06.0s/15s  1000.00 iters/s

running (07.0s), 00014/00027 VUs, 6860 complete and 0 interrupted iterations
default   [  47% ] 00014/00027 VUs  07.0s/15s  1000.00 iters/s

running (08.0s), 00013/00027 VUs, 7860 complete and 0 interrupted iterations
default   [  53% ] 00013/00027 VUs  08.0s/15s  1000.00 iters/s

running (09.0s), 00014/00027 VUs, 8860 complete and 0 interrupted iterations
default   [  60% ] 00014/00027 VUs  09.0s/15s  1000.00 iters/s

running (10.0s), 00013/00030 VUs, 9855 complete and 0 interrupted iterations
default   [  67% ] 00013/00030 VUs  10.0s/15s  1000.00 iters/s

running (11.0s), 00013/00031 VUs, 10853 complete and 0 interrupted iterations
default   [  73% ] 00014/00031 VUs  11.0s/15s  1000.00 iters/s

running (12.0s), 00013/00031 VUs, 11853 complete and 0 interrupted iterations
default   [  80% ] 00013/00031 VUs  12.0s/15s  1000.00 iters/s

running (13.0s), 00011/00031 VUs, 12855 complete and 0 interrupted iterations
default   [  87% ] 00011/00031 VUs  13.0s/15s  1000.00 iters/s

running (14.0s), 00012/00031 VUs, 13853 complete and 0 interrupted iterations
default   [  93% ] 00012/00031 VUs  14.0s/15s  1000.00 iters/s

running (15.0s), 00014/00031 VUs, 14854 complete and 0 interrupted iterations
default ↓ [ 100% ] 00014/00031 VUs  15s  1000.00 iters/s


  █ TOTAL RESULTS 

    HTTP
    http_req_duration..............: avg=12.56ms min=10.39ms med=12.25ms max=88.35ms p(90)=13.47ms p(95)=14.18ms
      { expected_response:true }...: avg=12.56ms min=10.39ms med=12.25ms max=88.35ms p(90)=13.47ms p(95)=14.18ms
    http_req_failed................: 0.00%  0 out of 14868
    http_reqs......................: 14868  990.068958/s

    EXECUTION
    dropped_iterations.............: 134    8.92314/s
    iteration_duration.............: avg=12.68ms min=10.43ms med=12.33ms max=96.53ms p(90)=13.59ms p(95)=14.34ms
    iterations.....................: 14868  990.068958/s
    vus............................: 14     min=11         max=15
    vus_max........................: 31     min=16         max=31

    NETWORK
    data_received..................: 4.9 MB 325 kB/s
    data_sent......................: 5.5 MB 369 kB/s




running (15.0s), 00000/00031 VUs, 14868 complete and 0 interrupted iterations
default ✓ [ 100% ] 00000/00031 VUs  15s  1000.00 iters/s
