2026/04/24 07:39:04 telemetry disabled: AEGEAN_DISABLE_TRACING=1

         /\      Grafana   /‾‾/  
    /\  /  \     |\  __   /  /   
   /  \/    \    | |/ /  /   ‾‾\ 
  /          \   |   (  |  (‾)  |
 / __________ \  |_|\_\  \_____/ 

     execution: local
        script: workflow/media/k6_open_review_compose.js
        output: -

     scenarios: (100.00%) 1 scenario, 10000 max VUs, 45s max duration (incl. graceful stop):
              * default: 30.00 iterations/s for 15s (maxVUs: 0-10000, gracefulStop: 30s)


running (01.0s), 00000/00002 VUs, 25 complete and 0 interrupted iterations
default   [   7% ] 00000/00002 VUs  01.0s/15s  30.00 iters/s

running (02.0s), 00000/00002 VUs, 55 complete and 0 interrupted iterations
default   [  13% ] 00001/00002 VUs  02.0s/15s  30.00 iters/s

running (03.0s), 00000/00002 VUs, 85 complete and 0 interrupted iterations
default   [  20% ] 00000/00002 VUs  03.0s/15s  30.00 iters/s

running (04.0s), 00001/00002 VUs, 115 complete and 0 interrupted iterations
default   [  27% ] 00001/00002 VUs  04.0s/15s  30.00 iters/s

running (05.0s), 00001/00002 VUs, 145 complete and 0 interrupted iterations
default   [  33% ] 00001/00002 VUs  05.0s/15s  30.00 iters/s

running (06.0s), 00000/00002 VUs, 175 complete and 0 interrupted iterations
default   [  40% ] 00000/00002 VUs  06.0s/15s  30.00 iters/s

running (07.0s), 00000/00002 VUs, 205 complete and 0 interrupted iterations
default   [  47% ] 00000/00002 VUs  07.0s/15s  30.00 iters/s

running (08.0s), 00000/00002 VUs, 235 complete and 0 interrupted iterations
default   [  53% ] 00000/00002 VUs  08.0s/15s  30.00 iters/s

running (09.0s), 00000/00002 VUs, 265 complete and 0 interrupted iterations
default   [  60% ] 00000/00002 VUs  09.0s/15s  30.00 iters/s

running (10.0s), 00001/00002 VUs, 295 complete and 0 interrupted iterations
default   [  67% ] 00001/00002 VUs  10.0s/15s  30.00 iters/s

running (11.0s), 00001/00002 VUs, 325 complete and 0 interrupted iterations
default   [  73% ] 00001/00002 VUs  11.0s/15s  30.00 iters/s

running (12.0s), 00001/00002 VUs, 355 complete and 0 interrupted iterations
default   [  80% ] 00001/00002 VUs  12.0s/15s  30.00 iters/s

running (13.0s), 00001/00002 VUs, 385 complete and 0 interrupted iterations
default   [  87% ] 00001/00002 VUs  13.0s/15s  30.00 iters/s

running (14.0s), 00001/00002 VUs, 415 complete and 0 interrupted iterations
default   [  93% ] 00001/00002 VUs  14.0s/15s  30.00 iters/s

running (15.0s), 00001/00002 VUs, 445 complete and 0 interrupted iterations
default   [ 100% ] 00001/00002 VUs  15s  30.00 iters/s


  █ TOTAL RESULTS 

    HTTP
    http_req_duration..............: avg=6.54ms min=1.56ms med=5.69ms max=128.72ms p(90)=9.7ms   p(95)=12.23ms
      { expected_response:true }...: avg=6.54ms min=1.56ms med=5.69ms max=128.72ms p(90)=9.7ms   p(95)=12.23ms
    http_req_failed................: 0.00%  0 out of 446
    http_reqs......................: 446    29.684775/s

    EXECUTION
    dropped_iterations.............: 5      0.332789/s
    iteration_duration.............: avg=7.09ms min=1.88ms med=6.34ms max=132.14ms p(90)=10.37ms p(95)=14.06ms
    iterations.....................: 446    29.684775/s
    vus............................: 1      min=0        max=1
    vus_max........................: 2      min=2        max=2

    NETWORK
    data_received..................: 106 kB 7.1 kB/s
    data_sent......................: 248 kB 17 kB/s




running (15.0s), 00000/00002 VUs, 446 complete and 0 interrupted iterations
default ✓ [ 100% ] 00000/00002 VUs  15s  30.00 iters/s
