
         /\      Grafana   /‾‾/  
    /\  /  \     |\  __   /  /   
   /  \/    \    | |/ /  /   ‾‾\ 
  /          \   |   (  |  (‾)  |
 / __________ \  |_|\_\  \_____/ 

     execution: local
        script: workflow/write/k6_open_client.js
        output: -

     scenarios: (100.00%) 1 scenario, 10000 max VUs, 15s max duration (incl. graceful stop):
              * default: 29.00 iterations/s for 15s (maxVUs: 29-10000)


running (01.0s), 00002/00029 VUs, 27 complete and 0 interrupted iterations
default   [   7% ] 00002/00029 VUs  01.0s/15s  29.00 iters/s

running (02.0s), 00008/00029 VUs, 50 complete and 0 interrupted iterations
default   [  13% ] 00008/00029 VUs  02.0s/15s  29.00 iters/s

running (03.0s), 00014/00029 VUs, 73 complete and 0 interrupted iterations
default   [  20% ] 00014/00029 VUs  03.0s/15s  29.00 iters/s

running (04.0s), 00016/00029 VUs, 100 complete and 0 interrupted iterations
default   [  27% ] 00016/00029 VUs  04.0s/15s  29.00 iters/s

running (05.0s), 00013/00029 VUs, 132 complete and 0 interrupted iterations
default   [  33% ] 00013/00029 VUs  05.0s/15s  29.00 iters/s

running (06.0s), 00015/00029 VUs, 159 complete and 0 interrupted iterations
default   [  40% ] 00015/00029 VUs  06.0s/15s  29.00 iters/s

running (07.0s), 00024/00029 VUs, 179 complete and 0 interrupted iterations
default   [  47% ] 00024/00029 VUs  07.0s/15s  29.00 iters/s

running (08.0s), 00029/00030 VUs, 202 complete and 0 interrupted iterations
default   [  53% ] 00029/00030 VUs  08.0s/15s  29.00 iters/s

running (09.0s), 00029/00032 VUs, 229 complete and 0 interrupted iterations
default   [  60% ] 00029/00032 VUs  09.0s/15s  29.00 iters/s

running (10.0s), 00023/00032 VUs, 264 complete and 0 interrupted iterations
default   [  67% ] 00023/00032 VUs  10.0s/15s  29.00 iters/s

running (11.0s), 00023/00032 VUs, 293 complete and 0 interrupted iterations
default   [  73% ] 00023/00032 VUs  11.0s/15s  29.00 iters/s

running (12.0s), 00031/00032 VUs, 314 complete and 0 interrupted iterations
default   [  80% ] 00031/00032 VUs  12.0s/15s  29.00 iters/s

running (13.0s), 00034/00036 VUs, 336 complete and 0 interrupted iterations
default   [  87% ] 00034/00036 VUs  13.0s/15s  29.00 iters/s

running (14.0s), 00039/00039 VUs, 357 complete and 0 interrupted iterations
default   [  93% ] 00039/00039 VUs  14.0s/15s  29.00 iters/s

running (15.0s), 00041/00043 VUs, 380 complete and 0 interrupted iterations
default   [ 100% ] 00041/00043 VUs  15.0s/15s  29.00 iters/s


  █ TOTAL RESULTS 

    HTTP
    http_req_duration..............: avg=760.39ms min=49.4ms  med=790.2ms  max=1.63s p(90)=1.38s p(95)=1.5s
      { expected_response:true }...: avg=760.39ms min=49.4ms  med=790.2ms  max=1.63s p(90)=1.38s p(95)=1.5s
    http_req_failed................: 0.00% 0 out of 380
    http_reqs......................: 380   25.329839/s

    EXECUTION
    dropped_iterations.............: 14    0.933205/s
    iteration_duration.............: avg=760.49ms min=49.72ms med=790.26ms max=1.63s p(90)=1.38s p(95)=1.5s
    iterations.....................: 380   25.329839/s
    vus............................: 41    min=2        max=41
    vus_max........................: 43    min=29       max=43

    NETWORK
    data_received..................: 80 kB 5.3 kB/s
    data_sent......................: 42 kB 2.8 kB/s




running (15.0s), 00000/00043 VUs, 380 complete and 41 interrupted iterations
default ✓ [ 100% ] 00041/00043 VUs  15s  29.00 iters/s
