2026/04/24 07:20:56 telemetry disabled: AEGEAN_DISABLE_TRACING=1

         /\      Grafana   /‾‾/  
    /\  /  \     |\  __   /  /   
   /  \/    \    | |/ /  /   ‾‾\ 
  /          \   |   (  |  (‾)  |
 / __________ \  |_|\_\  \_____/ 

     execution: local
        script: workflow/hotel/k6_open_reservation_client.js
        output: -

     scenarios: (100.00%) 1 scenario, 10000 max VUs, 45s max duration (incl. graceful stop):
              * default: 100.00 iterations/s for 15s (maxVUs: 0-10000, gracefulStop: 30s)


running (01.0s), 00001/00001 VUs, 98 complete and 0 interrupted iterations
default   [   7% ] 00001/00001 VUs  01.0s/15s  100.00 iters/s

running (02.0s), 00001/00003 VUs, 187 complete and 0 interrupted iterations
default   [  13% ] 00001/00003 VUs  02.0s/15s  100.00 iters/s

running (03.0s), 00000/00003 VUs, 287 complete and 0 interrupted iterations
default   [  20% ] 00000/00003 VUs  03.0s/15s  100.00 iters/s

running (04.0s), 00001/00003 VUs, 387 complete and 0 interrupted iterations
default   [  27% ] 00001/00003 VUs  04.0s/15s  100.00 iters/s

running (05.0s), 00001/00003 VUs, 487 complete and 0 interrupted iterations
default   [  33% ] 00001/00003 VUs  05.0s/15s  100.00 iters/s

running (06.0s), 00001/00004 VUs, 586 complete and 0 interrupted iterations
default   [  40% ] 00001/00004 VUs  06.0s/15s  100.00 iters/s

running (07.0s), 00001/00004 VUs, 686 complete and 0 interrupted iterations
default   [  47% ] 00001/00004 VUs  07.0s/15s  100.00 iters/s

running (08.0s), 00001/00004 VUs, 786 complete and 0 interrupted iterations
default   [  53% ] 00001/00004 VUs  08.0s/15s  100.00 iters/s

running (09.0s), 00001/00004 VUs, 886 complete and 0 interrupted iterations
default   [  60% ] 00001/00004 VUs  09.0s/15s  100.00 iters/s

running (10.0s), 00001/00004 VUs, 986 complete and 0 interrupted iterations
default   [  67% ] 00001/00004 VUs  10.0s/15s  100.00 iters/s

running (11.0s), 00001/00004 VUs, 1086 complete and 0 interrupted iterations
default   [  73% ] 00001/00004 VUs  11.0s/15s  100.00 iters/s

running (12.0s), 00001/00005 VUs, 1184 complete and 0 interrupted iterations
default   [  80% ] 00002/00005 VUs  12.0s/15s  100.00 iters/s

running (13.0s), 00001/00005 VUs, 1284 complete and 0 interrupted iterations
default   [  87% ] 00001/00005 VUs  13.0s/15s  100.00 iters/s

running (14.0s), 00001/00005 VUs, 1384 complete and 0 interrupted iterations
default   [  93% ] 00001/00005 VUs  14.0s/15s  100.00 iters/s

running (15.0s), 00001/00005 VUs, 1484 complete and 0 interrupted iterations
default   [ 100% ] 00001/00005 VUs  15s  100.00 iters/s


  █ TOTAL RESULTS 

    HTTP
    http_req_duration..............: avg=2.88ms min=556.29µs med=2.48ms max=101.91ms p(90)=3.85ms p(95)=4.92ms
      { expected_response:true }...: avg=2.88ms min=556.29µs med=2.48ms max=101.91ms p(90)=3.85ms p(95)=4.92ms
    http_req_failed................: 0.00%  0 out of 1485
    http_reqs......................: 1485   98.97952/s

    EXECUTION
    dropped_iterations.............: 16     1.066446/s
    iteration_duration.............: avg=3.22ms min=605µs    med=2.83ms max=104.58ms p(90)=4.35ms p(95)=5.31ms
    iterations.....................: 1485   98.97952/s
    vus............................: 1      min=0         max=1
    vus_max........................: 5      min=1         max=5

    NETWORK
    data_received..................: 387 kB 26 kB/s
    data_sent......................: 563 kB 38 kB/s




running (15.0s), 00000/00005 VUs, 1485 complete and 0 interrupted iterations
default ✓ [ 100% ] 00000/00005 VUs  15s  100.00 iters/s
