2026/05/05 06:20:04 telemetry disabled: AEGEAN_DISABLE_TRACING=1

         /\      Grafana   /‾‾/  
    /\  /  \     |\  __   /  /   
   /  \/    \    | |/ /  /   ‾‾\ 
  /          \   |   (  |  (‾)  |
 / __________ \  |_|\_\  \_____/ 

     execution: local
        script: workflow/aegean/k6_open_client.js
        output: -

     scenarios: (100.00%) 1 scenario, 10000 max VUs, 45s max duration (incl. graceful stop):
              * default: 1100.00 iterations/s for 15s (maxVUs: 0-10000, gracefulStop: 30s)


running (01.0s), 00279/00286 VUs, 377 complete and 0 interrupted iterations
default   [   7% ] 00279/00286 VUs  01.0s/15s  1100.00 iters/s

running (02.0s), 00560/00560 VUs, 798 complete and 0 interrupted iterations
default   [  13% ] 00560/00560 VUs  02.0s/15s  1100.00 iters/s

running (03.0s), 00824/00825 VUs, 1223 complete and 0 interrupted iterations
default   [  20% ] 00824/00825 VUs  03.0s/15s  1100.00 iters/s

running (04.0s), 01072/01097 VUs, 1670 complete and 0 interrupted iterations
default   [  27% ] 01073/01097 VUs  04.0s/15s  1100.00 iters/s

running (05.0s), 01332/01366 VUs, 2107 complete and 0 interrupted iterations
default   [  33% ] 01333/01366 VUs  05.0s/15s  1100.00 iters/s

running (06.0s), 01620/01634 VUs, 2545 complete and 0 interrupted iterations
default   [  40% ] 01620/01634 VUs  06.0s/15s  1100.00 iters/s

running (07.0s), 01906/01907 VUs, 2965 complete and 0 interrupted iterations
default   [  47% ] 01906/01907 VUs  07.0s/15s  1100.00 iters/s

running (08.0s), 02149/02167 VUs, 3404 complete and 0 interrupted iterations
default   [  53% ] 02151/02167 VUs  08.0s/15s  1100.00 iters/s

running (09.0s), 02440/02441 VUs, 3830 complete and 0 interrupted iterations
default   [  60% ] 02440/02441 VUs  09.0s/15s  1100.00 iters/s

running (10.0s), 02713/02713 VUs, 4271 complete and 0 interrupted iterations
default   [  67% ] 02713/02713 VUs  10.0s/15s  1100.00 iters/s

running (11.0s), 02987/02988 VUs, 4705 complete and 0 interrupted iterations
default   [  73% ] 02987/02988 VUs  11.0s/15s  1100.00 iters/s

running (12.0s), 03235/03236 VUs, 5116 complete and 0 interrupted iterations
default   [  80% ] 03235/03236 VUs  12.0s/15s  1100.00 iters/s

running (13.0s), 03512/03512 VUs, 5537 complete and 0 interrupted iterations
default   [  87% ] 03512/03512 VUs  13.0s/15s  1100.00 iters/s

running (14.0s), 03754/03783 VUs, 6002 complete and 0 interrupted iterations
default   [  93% ] 03754/03783 VUs  14.0s/15s  1100.00 iters/s

running (15.0s), 04026/04040 VUs, 6444 complete and 0 interrupted iterations
default ↓ [ 100% ] 04026/04040 VUs  15s  1100.00 iters/s

running (16.0s), 03621/04040 VUs, 6849 complete and 0 interrupted iterations
default ↓ [ 100% ] 04026/04040 VUs  15s  1100.00 iters/s

running (17.0s), 03195/04040 VUs, 7275 complete and 0 interrupted iterations
default ↓ [ 100% ] 04026/04040 VUs  15s  1100.00 iters/s

running (18.0s), 02771/04040 VUs, 7699 complete and 0 interrupted iterations
default ↓ [ 100% ] 04026/04040 VUs  15s  1100.00 iters/s

running (19.0s), 02337/04040 VUs, 8133 complete and 0 interrupted iterations
default ↓ [ 100% ] 04026/04040 VUs  15s  1100.00 iters/s
2026/05/05 06:20:31 k6 client request logic timed out after 20s
