
         /\      Grafana   /‾‾/  
    /\  /  \     |\  __   /  /   
   /  \/    \    | |/ /  /   ‾‾\ 
  /          \   |   (  |  (‾)  |
 / __________ \  |_|\_\  \_____/ 

     execution: local
        script: workflow/response/k6_open_client.js
        output: -

     scenarios: (100.00%) 1 scenario, 100000 max VUs, 45s max duration (incl. graceful stop):
              * default: 2500.00 iterations/s for 15s (maxVUs: 2500-100000, gracefulStop: 30s)


running (00.9s), 000474/002500 VUs, 1803 complete and 0 interrupted iterations
default   [   6% ] 000474/002500 VUs  00.9s/15s  2500.00 iters/s

running (01.9s), 000856/002500 VUs, 3920 complete and 0 interrupted iterations
default   [  13% ] 000856/002500 VUs  01.9s/15s  2500.00 iters/s

running (02.9s), 001195/002500 VUs, 6080 complete and 0 interrupted iterations
default   [  19% ] 001196/002500 VUs  02.9s/15s  2500.00 iters/s

running (03.9s), 001527/002500 VUs, 8250 complete and 0 interrupted iterations
default   [  26% ] 001527/002500 VUs  03.9s/15s  2500.00 iters/s

running (04.9s), 001857/002500 VUs, 10420 complete and 0 interrupted iterations
default   [  33% ] 001857/002500 VUs  04.9s/15s  2500.00 iters/s

running (05.9s), 002164/002500 VUs, 12613 complete and 0 interrupted iterations
default   [  39% ] 002164/002500 VUs  05.9s/15s  2500.00 iters/s

running (06.9s), 002477/002501 VUs, 14800 complete and 0 interrupted iterations
default   [  46% ] 002477/002501 VUs  06.9s/15s  2500.00 iters/s

running (07.9s), 002617/002637 VUs, 16880 complete and 0 interrupted iterations
default   [  53% ] 002617/002637 VUs  07.9s/15s  2500.00 iters/s

running (08.9s), 002786/002786 VUs, 18920 complete and 0 interrupted iterations
default   [  59% ] 002786/002786 VUs  08.9s/15s  2500.00 iters/s

running (09.9s), 002893/002903 VUs, 21080 complete and 0 interrupted iterations
default   [  66% ] 002893/002903 VUs  09.9s/15s  2500.00 iters/s

running (10.9s), 003027/003029 VUs, 23200 complete and 0 interrupted iterations
default   [  73% ] 003027/003029 VUs  10.9s/15s  2500.00 iters/s

running (11.9s), 003134/003137 VUs, 25320 complete and 0 interrupted iterations
default   [  79% ] 003134/003137 VUs  11.9s/15s  2500.00 iters/s

running (12.9s), 003230/003258 VUs, 27478 complete and 0 interrupted iterations
default   [  86% ] 003230/003258 VUs  12.9s/15s  2500.00 iters/s

running (13.9s), 003368/003388 VUs, 29586 complete and 0 interrupted iterations
default   [  93% ] 003368/003388 VUs  13.9s/15s  2500.00 iters/s

running (14.9s), 003488/003492 VUs, 31760 complete and 0 interrupted iterations
default   [  99% ] 003488/003492 VUs  14.9s/15s  2500.00 iters/s

running (15.9s), 001472/003502 VUs, 33981 complete and 0 interrupted iterations
default ↓ [ 100% ] 003493/003502 VUs  15s  2500.00 iters/s


  █ TOTAL RESULTS 

    HTTP
    http_req_duration..............: avg=1.02s min=29.66ms med=1.22s max=1.58s p(90)=1.52s p(95)=1.54s
      { expected_response:true }...: avg=1.02s min=29.66ms med=1.22s max=1.58s p(90)=1.52s p(95)=1.54s
    http_req_failed................: 0.00%  0 out of 35453
    http_reqs......................: 35453  2138.370429/s

    EXECUTION
    dropped_iterations.............: 2047   123.466118/s
    iteration_duration.............: avg=1.02s min=30.14ms med=1.22s max=1.58s p(90)=1.52s p(95)=1.54s
    iterations.....................: 35453  2138.370429/s
    vus............................: 1471   min=474        max=3488
    vus_max........................: 3502   min=2500       max=3502

    NETWORK
    data_received..................: 7.6 MB 458 kB/s
    data_sent......................: 6.9 MB 419 kB/s




running (16.6s), 000000/003502 VUs, 35453 complete and 0 interrupted iterations
default ✓ [ 100% ] 000000/003502 VUs  15s  2500.00 iters/s
