
         /\      Grafana   /‾‾/  
    /\  /  \     |\  __   /  /   
   /  \/    \    | |/ /  /   ‾‾\ 
  /          \   |   (  |  (‾)  |
 / __________ \  |_|\_\  \_____/ 

     execution: local
        script: workflow/aegean/k6_open_client.js
        output: -

     scenarios: (100.00%) 1 scenario, 50 max VUs, 45s max duration (incl. graceful stop):
              * default: 1000.00 iterations/s for 15s (maxVUs: 50, gracefulStop: 30s)

time="2026-03-23T03:26:14Z" level=warning msg="Insufficient VUs, reached 50 active VUs and cannot initialize more" executor=constant-arrival-rate scenario=default

running (01.0s), 44/50 VUs, 350 complete and 0 interrupted iterations
default   [   7% ] 45/50 VUs  01.0s/15s  1000.00 iters/s

running (02.0s), 50/50 VUs, 650 complete and 0 interrupted iterations
default   [  13% ] 50/50 VUs  02.0s/15s  1000.00 iters/s

running (03.0s), 40/50 VUs, 1000 complete and 0 interrupted iterations
default   [  20% ] 40/50 VUs  03.0s/15s  1000.00 iters/s

running (04.0s), 41/50 VUs, 1350 complete and 0 interrupted iterations
default   [  27% ] 41/50 VUs  04.0s/15s  1000.00 iters/s

running (05.0s), 33/50 VUs, 1700 complete and 0 interrupted iterations
default   [  33% ] 33/50 VUs  05.0s/15s  1000.00 iters/s

running (06.0s), 50/50 VUs, 2000 complete and 0 interrupted iterations
default   [  40% ] 50/50 VUs  06.0s/15s  1000.00 iters/s

running (07.0s), 50/50 VUs, 2350 complete and 0 interrupted iterations
default   [  47% ] 50/50 VUs  07.0s/15s  1000.00 iters/s

running (08.0s), 50/50 VUs, 2700 complete and 0 interrupted iterations
default   [  53% ] 50/50 VUs  08.0s/15s  1000.00 iters/s

running (09.0s), 30/50 VUs, 3050 complete and 0 interrupted iterations
default   [  60% ] 30/50 VUs  09.0s/15s  1000.00 iters/s

running (10.0s), 32/50 VUs, 3350 complete and 0 interrupted iterations
default   [  67% ] 32/50 VUs  10.0s/15s  1000.00 iters/s

running (11.0s), 50/50 VUs, 3650 complete and 0 interrupted iterations
default   [  73% ] 50/50 VUs  11.0s/15s  1000.00 iters/s

running (12.0s), 50/50 VUs, 4000 complete and 0 interrupted iterations
default   [  80% ] 50/50 VUs  12.0s/15s  1000.00 iters/s

running (13.0s), 50/50 VUs, 4350 complete and 0 interrupted iterations
default   [  87% ] 50/50 VUs  13.0s/15s  1000.00 iters/s

running (14.0s), 50/50 VUs, 4671 complete and 0 interrupted iterations
default   [  93% ] 50/50 VUs  14.0s/15s  1000.00 iters/s

running (15.0s), 50/50 VUs, 5021 complete and 0 interrupted iterations
default   [ 100% ] 50/50 VUs  15.0s/15s  1000.00 iters/s


  █ TOTAL RESULTS 

    HTTP
    http_req_duration..............: avg=126.63ms min=64.17ms med=125.18ms max=214.14ms p(90)=153.57ms p(95)=166.58ms
      { expected_response:true }...: avg=126.63ms min=64.17ms med=125.18ms max=214.14ms p(90)=153.57ms p(95)=166.58ms
    http_req_failed................: 0.00%  0 out of 5071
    http_reqs......................: 5071   336.406394/s

    EXECUTION
    dropped_iterations.............: 9928   658.616187/s
    iteration_duration.............: avg=126.71ms min=64.23ms med=125.25ms max=214.26ms p(90)=153.64ms p(95)=166.63ms
    iterations.....................: 5071   336.406394/s
    vus............................: 50     min=28        max=50
    vus_max........................: 50     min=50        max=50

    NETWORK
    data_received..................: 1.5 MB 96 kB/s
    data_sent......................: 1.9 MB 126 kB/s




running (15.1s), 00/50 VUs, 5071 complete and 0 interrupted iterations
default ✓ [ 100% ] 00/50 VUs  15s  1000.00 iters/s
