2026/04/30 17:18:14 telemetry disabled: AEGEAN_DISABLE_TRACING=1

         /\      Grafana   /‾‾/  
    /\  /  \     |\  __   /  /   
   /  \/    \    | |/ /  /   ‾‾\ 
  /          \   |   (  |  (‾)  |
 / __________ \  |_|\_\  \_____/ 

     execution: local
        script: workflow/aegean/k6_open_client.js
        output: -

     scenarios: (100.00%) 1 scenario, 10000 max VUs, 45s max duration (incl. graceful stop):
              * default: 350.00 iterations/s for 15s (maxVUs: 0-10000, gracefulStop: 30s)


running (01.0s), 00004/00008 VUs, 335 complete and 0 interrupted iterations
default   [   7% ] 00004/00008 VUs  01.0s/15s  350.00 iters/s

running (02.0s), 00005/00009 VUs, 684 complete and 0 interrupted iterations
default   [  13% ] 00005/00009 VUs  02.0s/15s  350.00 iters/s

running (03.0s), 00005/00010 VUs, 1033 complete and 0 interrupted iterations
default   [  20% ] 00005/00010 VUs  03.0s/15s  350.00 iters/s

running (04.0s), 00005/00012 VUs, 1381 complete and 0 interrupted iterations
default   [  27% ] 00005/00012 VUs  04.0s/15s  350.00 iters/s

running (05.0s), 00005/00012 VUs, 1731 complete and 0 interrupted iterations
default   [  33% ] 00005/00012 VUs  05.0s/15s  350.00 iters/s

running (06.0s), 00005/00012 VUs, 2080 complete and 0 interrupted iterations
default   [  40% ] 00006/00012 VUs  06.0s/15s  350.00 iters/s

running (07.0s), 00005/00012 VUs, 2431 complete and 0 interrupted iterations
default   [  47% ] 00005/00012 VUs  07.0s/15s  350.00 iters/s

running (08.0s), 00005/00012 VUs, 2780 complete and 0 interrupted iterations
default   [  53% ] 00005/00012 VUs  08.0s/15s  350.00 iters/s

running (09.0s), 00005/00012 VUs, 3131 complete and 0 interrupted iterations
default   [  60% ] 00005/00012 VUs  09.0s/15s  350.00 iters/s

running (10.0s), 00005/00012 VUs, 3480 complete and 0 interrupted iterations
default   [  67% ] 00006/00012 VUs  10.0s/15s  350.00 iters/s

running (11.0s), 00005/00013 VUs, 3830 complete and 0 interrupted iterations
default   [  73% ] 00005/00013 VUs  11.0s/15s  350.00 iters/s

running (12.0s), 00005/00013 VUs, 4180 complete and 0 interrupted iterations
default   [  80% ] 00005/00013 VUs  12.0s/15s  350.00 iters/s

running (13.0s), 00004/00013 VUs, 4530 complete and 0 interrupted iterations
default   [  87% ] 00004/00013 VUs  13.0s/15s  350.00 iters/s

running (14.0s), 00006/00013 VUs, 4879 complete and 0 interrupted iterations
default   [  93% ] 00006/00013 VUs  14.0s/15s  350.00 iters/s

running (15.0s), 00005/00013 VUs, 5230 complete and 0 interrupted iterations
default   [ 100% ] 00005/00013 VUs  15s  350.00 iters/s


  █ TOTAL RESULTS 

    HTTP
    http_req_duration..............: avg=12.8ms  min=10.37ms med=12.43ms max=42.6ms  p(90)=13.97ms p(95)=14.84ms
      { expected_response:true }...: avg=12.8ms  min=10.37ms med=12.43ms max=42.6ms  p(90)=13.97ms p(95)=14.84ms
    http_req_failed................: 0.00%  0 out of 5235
    http_reqs......................: 5235   348.662251/s

    EXECUTION
    dropped_iterations.............: 16     1.065634/s
    iteration_duration.............: avg=12.99ms min=10.4ms  med=12.61ms max=42.92ms p(90)=14.21ms p(95)=15.14ms
    iterations.....................: 5235   348.662251/s
    vus............................: 5      min=4         max=6 
    vus_max........................: 13     min=8         max=13

    NETWORK
    data_received..................: 1.7 MB 114 kB/s
    data_sent......................: 2.0 MB 130 kB/s




running (15.0s), 00000/00013 VUs, 5235 complete and 0 interrupted iterations
default ✓ [ 100% ] 00000/00013 VUs  15s  350.00 iters/s
