2026/04/24 07:00:17 telemetry disabled: AEGEAN_DISABLE_TRACING=1

         /\      Grafana   /‾‾/  
    /\  /  \     |\  __   /  /   
   /  \/    \    | |/ /  /   ‾‾\ 
  /          \   |   (  |  (‾)  |
 / __________ \  |_|\_\  \_____/ 

     execution: local
        script: workflow/hotel/k6_open_hotels_client.js
        output: -

     scenarios: (100.00%) 1 scenario, 10000 max VUs, 45s max duration (incl. graceful stop):
              * default: 200.00 iterations/s for 15s (maxVUs: 0-10000, gracefulStop: 30s)


running (01.0s), 00001/00002 VUs, 197 complete and 0 interrupted iterations
default   [   7% ] 00001/00002 VUs  01.0s/15s  200.00 iters/s

running (02.0s), 00001/00002 VUs, 397 complete and 0 interrupted iterations
default   [  13% ] 00001/00002 VUs  02.0s/15s  200.00 iters/s

running (03.0s), 00001/00002 VUs, 597 complete and 0 interrupted iterations
default   [  20% ] 00001/00002 VUs  03.0s/15s  200.00 iters/s

running (04.0s), 00001/00002 VUs, 797 complete and 0 interrupted iterations
default   [  27% ] 00001/00002 VUs  04.0s/15s  200.00 iters/s

running (05.0s), 00001/00002 VUs, 997 complete and 0 interrupted iterations
default   [  33% ] 00001/00002 VUs  05.0s/15s  200.00 iters/s

running (06.0s), 00001/00002 VUs, 1197 complete and 0 interrupted iterations
default   [  40% ] 00001/00002 VUs  06.0s/15s  200.00 iters/s

running (07.0s), 00001/00002 VUs, 1397 complete and 0 interrupted iterations
default   [  47% ] 00001/00002 VUs  07.0s/15s  200.00 iters/s

running (08.0s), 00000/00002 VUs, 1597 complete and 0 interrupted iterations
default   [  53% ] 00000/00002 VUs  08.0s/15s  200.00 iters/s

running (09.0s), 00001/00002 VUs, 1797 complete and 0 interrupted iterations
default   [  60% ] 00001/00002 VUs  09.0s/15s  200.00 iters/s

running (10.0s), 00001/00003 VUs, 1993 complete and 0 interrupted iterations
default   [  67% ] 00001/00003 VUs  10.0s/15s  200.00 iters/s

running (11.0s), 00001/00004 VUs, 2191 complete and 0 interrupted iterations
default   [  73% ] 00001/00004 VUs  11.0s/15s  200.00 iters/s

running (12.0s), 00000/00004 VUs, 2391 complete and 0 interrupted iterations
default   [  80% ] 00001/00004 VUs  12.0s/15s  200.00 iters/s

running (13.0s), 00001/00004 VUs, 2591 complete and 0 interrupted iterations
default   [  87% ] 00001/00004 VUs  13.0s/15s  200.00 iters/s

running (14.0s), 00001/00004 VUs, 2791 complete and 0 interrupted iterations
default   [  93% ] 00001/00004 VUs  14.0s/15s  200.00 iters/s

running (15.0s), 00001/00004 VUs, 2991 complete and 0 interrupted iterations
default ↓ [ 100% ] 00001/00004 VUs  15s  200.00 iters/s


  █ TOTAL RESULTS 

    HTTP
    http_req_duration..............: avg=1.87ms min=653.95µs med=1.85ms max=21.67ms p(90)=2.47ms p(95)=2.77ms
      { expected_response:true }...: avg=1.87ms min=653.95µs med=1.85ms max=21.67ms p(90)=2.47ms p(95)=2.77ms
    http_req_failed................: 0.00%  0 out of 2992
    http_reqs......................: 2992   199.407147/s

    EXECUTION
    dropped_iterations.............: 9      0.599821/s
    iteration_duration.............: avg=1.99ms min=688.25µs med=1.94ms max=24.32ms p(90)=2.64ms p(95)=2.94ms
    iterations.....................: 2992   199.407147/s
    vus............................: 1      min=0         max=1
    vus_max........................: 4      min=2         max=4

    NETWORK
    data_received..................: 882 kB 59 kB/s
    data_sent......................: 981 kB 65 kB/s




running (15.0s), 00000/00004 VUs, 2992 complete and 0 interrupted iterations
default ✓ [ 100% ] 00000/00004 VUs  15s  200.00 iters/s
