2026/04/24 06:57:41 telemetry disabled: AEGEAN_DISABLE_TRACING=1

         /\      Grafana   /‾‾/  
    /\  /  \     |\  __   /  /   
   /  \/    \    | |/ /  /   ‾‾\ 
  /          \   |   (  |  (‾)  |
 / __________ \  |_|\_\  \_____/ 

     execution: local
        script: workflow/hotel/k6_open_hotels_client.js
        output: -

     scenarios: (100.00%) 1 scenario, 10000 max VUs, 45s max duration (incl. graceful stop):
              * default: 30.00 iterations/s for 15s (maxVUs: 0-10000, gracefulStop: 30s)


running (01.0s), 00001/00003 VUs, 26 complete and 0 interrupted iterations
default   [   7% ] 00001/00003 VUs  01.0s/15s  30.00 iters/s

running (02.0s), 00002/00003 VUs, 56 complete and 0 interrupted iterations
default   [  13% ] 00002/00003 VUs  02.0s/15s  30.00 iters/s

running (03.0s), 00001/00003 VUs, 86 complete and 0 interrupted iterations
default   [  20% ] 00001/00003 VUs  03.0s/15s  30.00 iters/s

running (04.0s), 00002/00003 VUs, 116 complete and 0 interrupted iterations
default   [  27% ] 00002/00003 VUs  04.0s/15s  30.00 iters/s

running (05.0s), 00002/00003 VUs, 146 complete and 0 interrupted iterations
default   [  33% ] 00002/00003 VUs  05.0s/15s  30.00 iters/s

running (06.0s), 00002/00003 VUs, 176 complete and 0 interrupted iterations
default   [  40% ] 00002/00003 VUs  06.0s/15s  30.00 iters/s

running (07.0s), 00002/00003 VUs, 206 complete and 0 interrupted iterations
default   [  47% ] 00002/00003 VUs  07.0s/15s  30.00 iters/s

running (08.0s), 00001/00003 VUs, 236 complete and 0 interrupted iterations
default   [  53% ] 00001/00003 VUs  08.0s/15s  30.00 iters/s

running (09.0s), 00002/00003 VUs, 266 complete and 0 interrupted iterations
default   [  60% ] 00002/00003 VUs  09.0s/15s  30.00 iters/s

running (10.0s), 00002/00003 VUs, 296 complete and 0 interrupted iterations
default   [  67% ] 00002/00003 VUs  10.0s/15s  30.00 iters/s

running (11.0s), 00002/00003 VUs, 326 complete and 0 interrupted iterations
default   [  73% ] 00002/00003 VUs  11.0s/15s  30.00 iters/s

running (12.0s), 00002/00003 VUs, 356 complete and 0 interrupted iterations
default   [  80% ] 00002/00003 VUs  12.0s/15s  30.00 iters/s

running (13.0s), 00002/00003 VUs, 386 complete and 0 interrupted iterations
default   [  87% ] 00002/00003 VUs  13.0s/15s  30.00 iters/s

running (14.0s), 00002/00003 VUs, 416 complete and 0 interrupted iterations
default   [  93% ] 00002/00003 VUs  14.0s/15s  30.00 iters/s

running (15.0s), 00001/00003 VUs, 446 complete and 0 interrupted iterations
default ↓ [ 100% ] 00001/00003 VUs  15s  30.00 iters/s


  █ TOTAL RESULTS 

    HTTP
    http_req_duration..............: avg=49.99ms min=35.72ms med=49.42ms max=76.26ms p(90)=58.4ms  p(95)=62.55ms
      { expected_response:true }...: avg=49.99ms min=35.72ms med=49.42ms max=76.26ms p(90)=58.4ms  p(95)=62.55ms
    http_req_failed................: 0.00%  0 out of 447
    http_reqs......................: 447    29.784837/s

    EXECUTION
    dropped_iterations.............: 3      0.199898/s
    iteration_duration.............: avg=50.16ms min=35.96ms med=49.57ms max=76.45ms p(90)=58.54ms p(95)=62.67ms
    iterations.....................: 447    29.784837/s
    vus............................: 1      min=1        max=2
    vus_max........................: 3      min=3        max=3

    NETWORK
    data_received..................: 117 kB 7.8 kB/s
    data_sent......................: 147 kB 9.8 kB/s




running (15.0s), 00000/00003 VUs, 447 complete and 0 interrupted iterations
default ✓ [ 100% ] 00000/00003 VUs  15s  30.00 iters/s
