2026/04/24 07:03:11 telemetry disabled: AEGEAN_DISABLE_TRACING=1

         /\      Grafana   /‾‾/  
    /\  /  \     |\  __   /  /   
   /  \/    \    | |/ /  /   ‾‾\ 
  /          \   |   (  |  (‾)  |
 / __________ \  |_|\_\  \_____/ 

     execution: local
        script: workflow/hotel/k6_open_recommendations_client.js
        output: -

     scenarios: (100.00%) 1 scenario, 10000 max VUs, 45s max duration (incl. graceful stop):
              * default: 200.00 iterations/s for 15s (maxVUs: 0-10000, gracefulStop: 30s)


running (01.0s), 00012/00014 VUs, 172 complete and 0 interrupted iterations
default   [   7% ] 00012/00014 VUs  01.0s/15s  200.00 iters/s

running (02.0s), 00006/00019 VUs, 360 complete and 0 interrupted iterations
default   [  13% ] 00006/00019 VUs  02.0s/15s  200.00 iters/s

running (03.0s), 00005/00019 VUs, 561 complete and 0 interrupted iterations
default   [  20% ] 00005/00019 VUs  03.0s/15s  200.00 iters/s

running (04.0s), 00007/00023 VUs, 751 complete and 0 interrupted iterations
default   [  27% ] 00007/00023 VUs  04.0s/15s  200.00 iters/s

running (05.0s), 00005/00023 VUs, 953 complete and 0 interrupted iterations
default   [  33% ] 00005/00023 VUs  05.0s/15s  200.00 iters/s

running (06.0s), 00004/00023 VUs, 1153 complete and 0 interrupted iterations
default   [  40% ] 00004/00023 VUs  06.0s/15s  200.00 iters/s

running (07.0s), 00006/00023 VUs, 1352 complete and 0 interrupted iterations
default   [  47% ] 00006/00023 VUs  07.0s/15s  200.00 iters/s

running (08.0s), 00007/00023 VUs, 1551 complete and 0 interrupted iterations
default   [  53% ] 00007/00023 VUs  08.0s/15s  200.00 iters/s

running (09.0s), 00007/00027 VUs, 1744 complete and 0 interrupted iterations
default   [  60% ] 00008/00027 VUs  09.0s/15s  200.00 iters/s

running (10.0s), 00006/00027 VUs, 1946 complete and 0 interrupted iterations
default   [  67% ] 00006/00027 VUs  10.0s/15s  200.00 iters/s

running (11.0s), 00009/00027 VUs, 2143 complete and 0 interrupted iterations
default   [  73% ] 00009/00027 VUs  11.0s/15s  200.00 iters/s

running (12.0s), 00003/00027 VUs, 2348 complete and 0 interrupted iterations
default   [  80% ] 00004/00027 VUs  12.0s/15s  200.00 iters/s

running (13.0s), 00004/00027 VUs, 2548 complete and 0 interrupted iterations
default   [  87% ] 00004/00027 VUs  13.0s/15s  200.00 iters/s

running (14.0s), 00007/00027 VUs, 2744 complete and 0 interrupted iterations
default   [  93% ] 00007/00027 VUs  14.0s/15s  200.00 iters/s

running (15.0s), 00010/00027 VUs, 2942 complete and 0 interrupted iterations
default   [ 100% ] 00010/00027 VUs  15s  200.00 iters/s


  █ TOTAL RESULTS 

    HTTP
    http_req_duration..............: avg=38.51ms min=15.45ms med=35.78ms max=178.66ms p(90)=50.65ms p(95)=63.12ms
      { expected_response:true }...: avg=38.51ms min=15.45ms med=35.78ms max=178.66ms p(90)=50.65ms p(95)=63.12ms
    http_req_failed................: 0.00%  0 out of 2952
    http_reqs......................: 2952   196.268525/s

    EXECUTION
    dropped_iterations.............: 49     3.257845/s
    iteration_duration.............: avg=38.66ms min=15.56ms med=35.92ms max=178.71ms p(90)=50.87ms p(95)=63.84ms
    iterations.....................: 2952   196.268525/s
    vus............................: 10     min=3         max=12
    vus_max........................: 27     min=14        max=27

    NETWORK
    data_received..................: 1.9 MB 124 kB/s
    data_sent......................: 841 kB 56 kB/s




running (15.0s), 00000/00027 VUs, 2952 complete and 0 interrupted iterations
default ✓ [ 100% ] 00000/00027 VUs  15s  200.00 iters/s
