
         /\      Grafana   /‾‾/  
    /\  /  \     |\  __   /  /   
   /  \/    \    | |/ /  /   ‾‾\ 
  /          \   |   (  |  (‾)  |
 / __________ \  |_|\_\  \_____/ 

     execution: local
        script: workflow/response/k6_open_client.js
        output: -

     scenarios: (100.00%) 1 scenario, 100000 max VUs, 45s max duration (incl. graceful stop):
              * default: 1500.00 iterations/s for 15s (maxVUs: 1500-100000, gracefulStop: 30s)


running (00.9s), 000052/001500 VUs, 1360 complete and 0 interrupted iterations
default   [   6% ] 000052/001500 VUs  00.9s/15s  1500.00 iters/s

running (01.9s), 000068/001500 VUs, 2843 complete and 0 interrupted iterations
default   [  13% ] 000068/001500 VUs  01.9s/15s  1500.00 iters/s

running (02.9s), 000050/001500 VUs, 4360 complete and 0 interrupted iterations
default   [  20% ] 000050/001500 VUs  02.9s/15s  1500.00 iters/s

running (03.9s), 000068/001500 VUs, 5843 complete and 0 interrupted iterations
default   [  26% ] 000068/001500 VUs  03.9s/15s  1500.00 iters/s

running (04.9s), 000051/001500 VUs, 7360 complete and 0 interrupted iterations
default   [  33% ] 000051/001500 VUs  04.9s/15s  1500.00 iters/s

running (05.9s), 000058/001500 VUs, 8853 complete and 0 interrupted iterations
default   [  40% ] 000058/001500 VUs  05.9s/15s  1500.00 iters/s

running (06.9s), 000052/001500 VUs, 10360 complete and 0 interrupted iterations
default   [  46% ] 000052/001500 VUs  06.9s/15s  1500.00 iters/s

running (07.9s), 000074/001500 VUs, 11837 complete and 0 interrupted iterations
default   [  53% ] 000074/001500 VUs  07.9s/15s  1500.00 iters/s

running (08.9s), 000055/001500 VUs, 13357 complete and 0 interrupted iterations
default   [  60% ] 000055/001500 VUs  08.9s/15s  1500.00 iters/s

running (09.9s), 000053/001500 VUs, 14858 complete and 0 interrupted iterations
default   [  66% ] 000053/001500 VUs  09.9s/15s  1500.00 iters/s

running (10.9s), 000053/001500 VUs, 16357 complete and 0 interrupted iterations
default   [  73% ] 000054/001500 VUs  10.9s/15s  1500.00 iters/s

running (11.9s), 000075/001500 VUs, 17837 complete and 0 interrupted iterations
default   [  80% ] 000075/001500 VUs  11.9s/15s  1500.00 iters/s

running (12.9s), 000054/001500 VUs, 19357 complete and 0 interrupted iterations
default   [  86% ] 000054/001500 VUs  12.9s/15s  1500.00 iters/s

running (13.9s), 000074/001500 VUs, 20838 complete and 0 interrupted iterations
default   [  93% ] 000074/001500 VUs  13.9s/15s  1500.00 iters/s

running (14.9s), 000055/001500 VUs, 22357 complete and 0 interrupted iterations
default   [ 100% ] 000055/001500 VUs  14.9s/15s  1500.00 iters/s


  █ TOTAL RESULTS 

    HTTP
    http_req_duration..............: avg=36.6ms  min=22.37ms med=36.52ms max=59.92ms p(90)=45.49ms p(95)=46.96ms
      { expected_response:true }...: avg=36.6ms  min=22.37ms med=36.52ms max=59.92ms p(90)=45.49ms p(95)=46.96ms
    http_req_failed................: 0.00%  0 out of 22501
    http_reqs......................: 22501  1495.223964/s

    EXECUTION
    iteration_duration.............: avg=36.69ms min=22.44ms med=36.61ms max=60ms    p(90)=45.59ms p(95)=47.04ms
    iterations.....................: 22501  1495.223964/s
    vus............................: 54     min=46         max=76  
    vus_max........................: 1500   min=1500       max=1500

    NETWORK
    data_received..................: 4.8 MB 320 kB/s
    data_sent......................: 4.4 MB 293 kB/s




running (15.0s), 000000/001500 VUs, 22501 complete and 0 interrupted iterations
default ✓ [ 100% ] 000000/001500 VUs  15s  1500.00 iters/s
