2026/04/24 08:09:45 telemetry disabled: AEGEAN_DISABLE_TRACING=1

         /\      Grafana   /‾‾/  
    /\  /  \     |\  __   /  /   
   /  \/    \    | |/ /  /   ‾‾\ 
  /          \   |   (  |  (‾)  |
 / __________ \  |_|\_\  \_____/ 

     execution: local
        script: workflow/social/k6_open_read_home_timeline.js
        output: -

     scenarios: (100.00%) 1 scenario, 10000 max VUs, 45s max duration (incl. graceful stop):
              * default: 30.00 iterations/s for 15s (maxVUs: 0-10000, gracefulStop: 30s)


running (01.0s), 00001/00001 VUs, 28 complete and 0 interrupted iterations
default   [   7% ] 00001/00001 VUs  01.0s/15s  30.00 iters/s

running (02.0s), 00001/00001 VUs, 58 complete and 0 interrupted iterations
default   [  13% ] 00001/00001 VUs  02.0s/15s  30.00 iters/s

running (03.0s), 00001/00001 VUs, 88 complete and 0 interrupted iterations
default   [  20% ] 00001/00001 VUs  03.0s/15s  30.00 iters/s

running (04.0s), 00001/00001 VUs, 118 complete and 0 interrupted iterations
default   [  27% ] 00001/00001 VUs  04.0s/15s  30.00 iters/s

running (05.0s), 00000/00001 VUs, 148 complete and 0 interrupted iterations
default   [  33% ] 00000/00001 VUs  05.0s/15s  30.00 iters/s

running (06.0s), 00001/00001 VUs, 178 complete and 0 interrupted iterations
default   [  40% ] 00001/00001 VUs  06.0s/15s  30.00 iters/s

running (07.0s), 00001/00001 VUs, 208 complete and 0 interrupted iterations
default   [  47% ] 00001/00001 VUs  07.0s/15s  30.00 iters/s

running (08.0s), 00000/00001 VUs, 238 complete and 0 interrupted iterations
default   [  53% ] 00000/00001 VUs  08.0s/15s  30.00 iters/s

running (09.0s), 00001/00001 VUs, 268 complete and 0 interrupted iterations
default   [  60% ] 00001/00001 VUs  09.0s/15s  30.00 iters/s

running (10.0s), 00001/00001 VUs, 298 complete and 0 interrupted iterations
default   [  67% ] 00001/00001 VUs  10.0s/15s  30.00 iters/s

running (11.0s), 00001/00001 VUs, 328 complete and 0 interrupted iterations
default   [  73% ] 00001/00001 VUs  11.0s/15s  30.00 iters/s

running (12.0s), 00001/00001 VUs, 358 complete and 0 interrupted iterations
default   [  80% ] 00001/00001 VUs  12.0s/15s  30.00 iters/s

running (13.0s), 00001/00001 VUs, 388 complete and 0 interrupted iterations
default   [  87% ] 00001/00001 VUs  13.0s/15s  30.00 iters/s

running (14.0s), 00001/00001 VUs, 418 complete and 0 interrupted iterations
default   [  93% ] 00001/00001 VUs  14.0s/15s  30.00 iters/s

running (15.0s), 00001/00001 VUs, 448 complete and 0 interrupted iterations
default ↓ [ 100% ] 00000/00001 VUs  15s  30.00 iters/s


  █ TOTAL RESULTS 

    HTTP
    http_req_duration..............: avg=2.68ms min=706.16µs med=2.6ms  max=17.66ms p(90)=3.31ms p(95)=3.69ms
      { expected_response:true }...: avg=2.68ms min=706.16µs med=2.6ms  max=17.66ms p(90)=3.31ms p(95)=3.69ms
    http_req_failed................: 0.00%  0 out of 449
    http_reqs......................: 449    29.917169/s

    EXECUTION
    dropped_iterations.............: 2      0.133261/s
    iteration_duration.............: avg=3.15ms min=830.95µs med=3.09ms max=18.01ms p(90)=3.9ms  p(95)=4.29ms
    iterations.....................: 449    29.917169/s
    vus............................: 0      min=0        max=1
    vus_max........................: 1      min=1        max=1

    NETWORK
    data_received..................: 571 kB 38 kB/s
    data_sent......................: 101 kB 6.7 kB/s




running (15.0s), 00000/00001 VUs, 449 complete and 0 interrupted iterations
default ✓ [ 100% ] 00000/00001 VUs  15s  30.00 iters/s
