2026/04/24 08:10:52 telemetry disabled: AEGEAN_DISABLE_TRACING=1

         /\      Grafana   /‾‾/  
    /\  /  \     |\  __   /  /   
   /  \/    \    | |/ /  /   ‾‾\ 
  /          \   |   (  |  (‾)  |
 / __________ \  |_|\_\  \_____/ 

     execution: local
        script: workflow/social/k6_open_read_user_timeline.js
        output: -

     scenarios: (100.00%) 1 scenario, 10000 max VUs, 45s max duration (incl. graceful stop):
              * default: 100.00 iterations/s for 15s (maxVUs: 0-10000, gracefulStop: 30s)


running (01.0s), 00005/00007 VUs, 88 complete and 0 interrupted iterations
default   [   7% ] 00005/00007 VUs  01.0s/15s  100.00 iters/s

running (02.0s), 00002/00008 VUs, 189 complete and 0 interrupted iterations
default   [  13% ] 00003/00008 VUs  02.0s/15s  100.00 iters/s

running (03.0s), 00004/00008 VUs, 287 complete and 0 interrupted iterations
default   [  20% ] 00004/00008 VUs  03.0s/15s  100.00 iters/s

running (04.0s), 00002/00008 VUs, 390 complete and 0 interrupted iterations
default   [  27% ] 00002/00008 VUs  04.0s/15s  100.00 iters/s

running (05.0s), 00004/00008 VUs, 487 complete and 0 interrupted iterations
default   [  33% ] 00004/00008 VUs  05.0s/15s  100.00 iters/s

running (06.0s), 00004/00008 VUs, 588 complete and 0 interrupted iterations
default   [  40% ] 00004/00008 VUs  06.0s/15s  100.00 iters/s

running (07.0s), 00005/00008 VUs, 686 complete and 0 interrupted iterations
default   [  47% ] 00005/00008 VUs  07.0s/15s  100.00 iters/s

running (08.0s), 00002/00008 VUs, 789 complete and 0 interrupted iterations
default   [  53% ] 00002/00008 VUs  08.0s/15s  100.00 iters/s

running (09.0s), 00002/00008 VUs, 890 complete and 0 interrupted iterations
default   [  60% ] 00002/00008 VUs  09.0s/15s  100.00 iters/s

running (10.0s), 00003/00008 VUs, 989 complete and 0 interrupted iterations
default   [  67% ] 00003/00008 VUs  10.0s/15s  100.00 iters/s

running (11.0s), 00002/00008 VUs, 1089 complete and 0 interrupted iterations
default   [  73% ] 00002/00008 VUs  11.0s/15s  100.00 iters/s

running (12.0s), 00003/00008 VUs, 1189 complete and 0 interrupted iterations
default   [  80% ] 00003/00008 VUs  12.0s/15s  100.00 iters/s

running (13.0s), 00004/00008 VUs, 1287 complete and 0 interrupted iterations
default   [  87% ] 00004/00008 VUs  13.0s/15s  100.00 iters/s

running (14.0s), 00005/00008 VUs, 1387 complete and 0 interrupted iterations
default   [  93% ] 00005/00008 VUs  14.0s/15s  100.00 iters/s

running (15.0s), 00004/00008 VUs, 1487 complete and 0 interrupted iterations
default   [ 100% ] 00004/00008 VUs  15s  100.00 iters/s


  █ TOTAL RESULTS 

    HTTP
    http_req_duration..............: avg=41.46ms min=13.28ms med=40.14ms max=80.03ms p(90)=63.08ms p(95)=66.09ms
      { expected_response:true }...: avg=41.46ms min=13.28ms med=40.14ms max=80.03ms p(90)=63.08ms p(95)=66.09ms
    http_req_failed................: 0.00%  0 out of 1492
    http_reqs......................: 1492   99.313232/s

    EXECUTION
    dropped_iterations.............: 9      0.599074/s
    iteration_duration.............: avg=41.59ms min=13.34ms med=40.23ms max=80.19ms p(90)=63.25ms p(95)=66.26ms
    iterations.....................: 1492   99.313232/s
    vus............................: 5      min=2         max=6
    vus_max........................: 8      min=7         max=8

    NETWORK
    data_received..................: 1.9 MB 123 kB/s
    data_sent......................: 337 kB 22 kB/s




running (15.0s), 00000/00008 VUs, 1492 complete and 0 interrupted iterations
default ✓ [ 100% ] 00000/00008 VUs  15s  100.00 iters/s
