2026/04/24 06:38:56 telemetry disabled: AEGEAN_DISABLE_TRACING=1

         /\      Grafana   /‾‾/  
    /\  /  \     |\  __   /  /   
   /  \/    \    | |/ /  /   ‾‾\ 
  /          \   |   (  |  (‾)  |
 / __________ \  |_|\_\  \_____/ 

     execution: local
        script: workflow/aegean/k6_open_client.js
        output: -

     scenarios: (100.00%) 1 scenario, 10000 max VUs, 45s max duration (incl. graceful stop):
              * default: 400.00 iterations/s for 15s (maxVUs: 0-10000, gracefulStop: 30s)


running (01.0s), 00051/00057 VUs, 203 complete and 0 interrupted iterations
default   [   7% ] 00051/00057 VUs  01.0s/15s  400.00 iters/s

running (02.0s), 00091/00092 VUs, 480 complete and 0 interrupted iterations
default   [  13% ] 00091/00092 VUs  02.0s/15s  400.00 iters/s

running (03.0s), 00115/00123 VUs, 825 complete and 0 interrupted iterations
default   [  20% ] 00116/00123 VUs  03.0s/15s  400.00 iters/s

running (04.0s), 00131/00145 VUs, 1187 complete and 0 interrupted iterations
default   [  27% ] 00131/00145 VUs  04.0s/15s  400.00 iters/s

running (05.0s), 00172/00172 VUs, 1519 complete and 0 interrupted iterations
default   [  33% ] 00172/00172 VUs  05.0s/15s  400.00 iters/s

running (06.0s), 00192/00198 VUs, 1785 complete and 0 interrupted iterations
default   [  40% ] 00198/00198 VUs  06.0s/15s  400.00 iters/s

running (07.0s), 00257/00257 VUs, 1995 complete and 0 interrupted iterations
default   [  47% ] 00257/00257 VUs  07.0s/15s  400.00 iters/s

running (08.0s), 00270/00291 VUs, 2343 complete and 0 interrupted iterations
default   [  53% ] 00270/00291 VUs  08.0s/15s  400.00 iters/s

running (09.0s), 00297/00306 VUs, 2702 complete and 0 interrupted iterations
default   [  60% ] 00297/00306 VUs  09.0s/15s  400.00 iters/s

running (10.0s), 00308/00328 VUs, 3068 complete and 0 interrupted iterations
default   [  67% ] 00308/00328 VUs  10.0s/15s  400.00 iters/s

running (11.0s), 00332/00352 VUs, 3420 complete and 0 interrupted iterations
default   [  73% ] 00332/00352 VUs  11.0s/15s  400.00 iters/s

running (12.0s), 00343/00365 VUs, 3795 complete and 0 interrupted iterations
default   [  80% ] 00343/00365 VUs  12.0s/15s  400.00 iters/s

running (13.0s), 00366/00385 VUs, 4152 complete and 0 interrupted iterations
default   [  87% ] 00366/00385 VUs  13.0s/15s  400.00 iters/s

running (14.0s), 00390/00406 VUs, 4506 complete and 0 interrupted iterations
default   [  93% ] 00390/00406 VUs  14.0s/15s  400.00 iters/s

running (15.0s), 00400/00421 VUs, 4878 complete and 0 interrupted iterations
default   [ 100% ] 00400/00421 VUs  15s  400.00 iters/s

running (16.0s), 00052/00421 VUs, 5226 complete and 0 interrupted iterations
default ↓ [ 100% ] 00400/00421 VUs  15s  400.00 iters/s


  █ TOTAL RESULTS 

    HTTP
    http_req_duration..............: avg=717.43ms min=88.03ms med=829.72ms max=1.18s p(90)=1.06s p(95)=1.09s
      { expected_response:true }...: avg=717.43ms min=88.03ms med=829.72ms max=1.18s p(90)=1.06s p(95)=1.09s
    http_req_failed................: 0.00%  0 out of 5278
    http_reqs......................: 5278   326.562608/s

    EXECUTION
    dropped_iterations.............: 723    44.733756/s
    iteration_duration.............: avg=717.62ms min=88.19ms med=831.04ms max=1.18s p(90)=1.06s p(95)=1.09s
    iterations.....................: 5278   326.562608/s
    vus............................: 52     min=51        max=400
    vus_max........................: 421    min=57        max=421

    NETWORK
    data_received..................: 1.6 MB 97 kB/s
    data_sent......................: 2.0 MB 122 kB/s




running (16.2s), 00000/00421 VUs, 5278 complete and 0 interrupted iterations
default ✓ [ 100% ] 00000/00421 VUs  15s  400.00 iters/s
