2026/04/30 20:09:01 telemetry disabled: AEGEAN_DISABLE_TRACING=1

         /\      Grafana   /‾‾/  
    /\  /  \     |\  __   /  /   
   /  \/    \    | |/ /  /   ‾‾\ 
  /          \   |   (  |  (‾)  |
 / __________ \  |_|\_\  \_____/ 

     execution: local
        script: workflow/aegean/k6_open_client.js
        output: -

     scenarios: (100.00%) 1 scenario, 10000 max VUs, 45s max duration (incl. graceful stop):
              * default: 200.00 iterations/s for 15s (maxVUs: 0-10000, gracefulStop: 30s)


running (01.0s), 00016/00024 VUs, 160 complete and 0 interrupted iterations
default   [   7% ] 00016/00024 VUs  01.0s/15s  200.00 iters/s

running (02.0s), 00025/00031 VUs, 341 complete and 0 interrupted iterations
default   [  13% ] 00025/00031 VUs  02.0s/15s  200.00 iters/s

running (03.0s), 00020/00032 VUs, 545 complete and 0 interrupted iterations
default   [  20% ] 00020/00032 VUs  03.0s/15s  200.00 iters/s

running (04.0s), 00022/00033 VUs, 741 complete and 0 interrupted iterations
default   [  27% ] 00022/00033 VUs  04.0s/15s  200.00 iters/s

running (05.0s), 00012/00033 VUs, 952 complete and 0 interrupted iterations
default   [  33% ] 00012/00033 VUs  05.0s/15s  200.00 iters/s

running (06.0s), 00015/00033 VUs, 1149 complete and 0 interrupted iterations
default   [  40% ] 00015/00033 VUs  06.0s/15s  200.00 iters/s

running (07.0s), 00021/00033 VUs, 1342 complete and 0 interrupted iterations
default   [  47% ] 00021/00033 VUs  07.0s/15s  200.00 iters/s

running (08.0s), 00023/00033 VUs, 1541 complete and 0 interrupted iterations
default   [  53% ] 00023/00033 VUs  08.0s/15s  200.00 iters/s

running (09.0s), 00031/00035 VUs, 1731 complete and 0 interrupted iterations
default   [  60% ] 00031/00035 VUs  09.0s/15s  200.00 iters/s

running (10.0s), 00022/00042 VUs, 1925 complete and 0 interrupted iterations
default   [  67% ] 00022/00042 VUs  10.0s/15s  200.00 iters/s

running (11.0s), 00022/00044 VUs, 2123 complete and 0 interrupted iterations
default   [  73% ] 00022/00044 VUs  11.0s/15s  200.00 iters/s

running (12.0s), 00019/00044 VUs, 2326 complete and 0 interrupted iterations
default   [  80% ] 00019/00044 VUs  12.0s/15s  200.00 iters/s

running (13.0s), 00041/00051 VUs, 2493 complete and 0 interrupted iterations
default   [  87% ] 00041/00051 VUs  13.0s/15s  200.00 iters/s

running (14.0s), 00065/00067 VUs, 2644 complete and 0 interrupted iterations
default   [  93% ] 00065/00067 VUs  14.0s/15s  200.00 iters/s

running (15.0s), 00064/00073 VUs, 2838 complete and 0 interrupted iterations
default   [ 100% ] 00064/00073 VUs  15s  200.00 iters/s


  █ TOTAL RESULTS 

    HTTP
    http_req_duration..............: avg=143.7ms  min=43.15ms med=114.2ms  max=394.3ms  p(90)=298.46ms p(95)=332.78ms
      { expected_response:true }...: avg=143.7ms  min=43.15ms med=114.2ms  max=394.3ms  p(90)=298.46ms p(95)=332.78ms
    http_req_failed................: 0.00%  0 out of 2902
    http_reqs......................: 2902   189.789534/s

    EXECUTION
    dropped_iterations.............: 98     6.409157/s
    iteration_duration.............: avg=143.87ms min=43.54ms med=114.31ms max=394.51ms p(90)=298.72ms p(95)=332.98ms
    iterations.....................: 2902   189.789534/s
    vus............................: 64     min=12        max=64
    vus_max........................: 73     min=24        max=73

    NETWORK
    data_received..................: 863 kB 56 kB/s
    data_sent......................: 1.1 MB 71 kB/s




running (15.3s), 00000/00073 VUs, 2902 complete and 0 interrupted iterations
default ✓ [ 100% ] 00000/00073 VUs  15s  200.00 iters/s
