
         /\      Grafana   /‾‾/  
    /\  /  \     |\  __   /  /   
   /  \/    \    | |/ /  /   ‾‾\ 
  /          \   |   (  |  (‾)  |
 / __________ \  |_|\_\  \_____/ 

     execution: local
        script: workflow/worker/k6_open_client.js
        output: -

     scenarios: (100.00%) 1 scenario, 10000 max VUs, 15s max duration (incl. graceful stop):
              * default: 600.00 iterations/s for 15s (maxVUs: 600-10000)


running (01.0s), 00037/00600 VUs, 546 complete and 0 interrupted iterations
default   [   6% ] 00037/00600 VUs  01.0s/15s  600.00 iters/s

running (02.0s), 00037/00600 VUs, 1146 complete and 0 interrupted iterations
default   [  13% ] 00037/00600 VUs  02.0s/15s  600.00 iters/s

running (03.0s), 00035/00600 VUs, 1747 complete and 0 interrupted iterations
default   [  20% ] 00035/00600 VUs  03.0s/15s  600.00 iters/s

running (04.0s), 00039/00600 VUs, 2344 complete and 0 interrupted iterations
default   [  26% ] 00039/00600 VUs  04.0s/15s  600.00 iters/s

running (05.0s), 00039/00600 VUs, 2943 complete and 0 interrupted iterations
default   [  33% ] 00040/00600 VUs  05.0s/15s  600.00 iters/s

running (06.0s), 00038/00600 VUs, 3545 complete and 0 interrupted iterations
default   [  40% ] 00038/00600 VUs  06.0s/15s  600.00 iters/s

running (07.0s), 00020/00600 VUs, 4163 complete and 0 interrupted iterations
default   [  46% ] 00020/00600 VUs  07.0s/15s  600.00 iters/s

running (08.0s), 00059/00600 VUs, 4723 complete and 0 interrupted iterations
default   [  53% ] 00059/00600 VUs  08.0s/15s  600.00 iters/s

running (09.0s), 00041/00600 VUs, 5341 complete and 0 interrupted iterations
default   [  60% ] 00041/00600 VUs  09.0s/15s  600.00 iters/s

running (10.0s), 00027/00600 VUs, 5955 complete and 0 interrupted iterations
default   [  66% ] 00028/00600 VUs  10.0s/15s  600.00 iters/s

running (11.0s), 00028/00600 VUs, 6555 complete and 0 interrupted iterations
default   [  73% ] 00028/00600 VUs  11.0s/15s  600.00 iters/s

running (12.0s), 00047/00600 VUs, 7136 complete and 0 interrupted iterations
default   [  80% ] 00047/00600 VUs  12.0s/15s  600.00 iters/s

running (13.0s), 00031/00600 VUs, 7752 complete and 0 interrupted iterations
default   [  86% ] 00031/00600 VUs  13.0s/15s  600.00 iters/s

running (14.0s), 00030/00600 VUs, 8352 complete and 0 interrupted iterations
default   [  93% ] 00031/00600 VUs  14.0s/15s  600.00 iters/s

running (15.0s), 00053/00600 VUs, 8930 complete and 0 interrupted iterations
default   [ 100% ] 00053/00600 VUs  15.0s/15s  600.00 iters/s


  █ TOTAL RESULTS 

    HTTP
    http_req_duration..............: avg=52.99ms min=23.97ms med=49.32ms max=103.17ms p(90)=82.2ms  p(95)=89.01ms
      { expected_response:true }...: avg=52.99ms min=23.97ms med=49.32ms max=103.17ms p(90)=82.2ms  p(95)=89.01ms
    http_req_failed................: 0.00%  0 out of 8966
    http_reqs......................: 8966   597.676531/s

    EXECUTION
    iteration_duration.............: avg=53.17ms min=24.06ms med=49.4ms  max=103.24ms p(90)=82.72ms p(95)=89.28ms
    iterations.....................: 8966   597.676531/s
    vus............................: 53     min=19        max=59 
    vus_max........................: 600    min=600       max=600

    NETWORK
    data_received..................: 1.9 MB 127 kB/s
    data_sent......................: 1.7 MB 116 kB/s




running (15.0s), 00000/00600 VUs, 8966 complete and 34 interrupted iterations
default ✓ [ 100% ] 00034/00600 VUs  15s  600.00 iters/s
