2026/04/24 07:04:13 telemetry disabled: AEGEAN_DISABLE_TRACING=1

         /\      Grafana   /‾‾/  
    /\  /  \     |\  __   /  /   
   /  \/    \    | |/ /  /   ‾‾\ 
  /          \   |   (  |  (‾)  |
 / __________ \  |_|\_\  \_____/ 

     execution: local
        script: workflow/hotel/k6_open_recommendations_client.js
        output: -

     scenarios: (100.00%) 1 scenario, 10000 max VUs, 45s max duration (incl. graceful stop):
              * default: 30.00 iterations/s for 15s (maxVUs: 0-10000, gracefulStop: 30s)


running (01.0s), 00001/00003 VUs, 24 complete and 0 interrupted iterations
default   [   7% ] 00001/00003 VUs  01.0s/15s  30.00 iters/s

running (02.0s), 00002/00003 VUs, 54 complete and 0 interrupted iterations
default   [  13% ] 00002/00003 VUs  02.0s/15s  30.00 iters/s

running (03.0s), 00002/00003 VUs, 84 complete and 0 interrupted iterations
default   [  20% ] 00002/00003 VUs  03.0s/15s  30.00 iters/s

running (04.0s), 00002/00003 VUs, 114 complete and 0 interrupted iterations
default   [  27% ] 00002/00003 VUs  04.0s/15s  30.00 iters/s

running (05.0s), 00001/00003 VUs, 144 complete and 0 interrupted iterations
default   [  33% ] 00001/00003 VUs  05.0s/15s  30.00 iters/s

running (06.0s), 00002/00003 VUs, 174 complete and 0 interrupted iterations
default   [  40% ] 00002/00003 VUs  06.0s/15s  30.00 iters/s

running (07.0s), 00001/00003 VUs, 204 complete and 0 interrupted iterations
default   [  47% ] 00001/00003 VUs  07.0s/15s  30.00 iters/s

running (08.0s), 00002/00003 VUs, 234 complete and 0 interrupted iterations
default   [  53% ] 00002/00003 VUs  08.0s/15s  30.00 iters/s

running (09.0s), 00004/00004 VUs, 259 complete and 0 interrupted iterations
default   [  60% ] 00004/00004 VUs  09.0s/15s  30.00 iters/s

running (10.0s), 00002/00004 VUs, 291 complete and 0 interrupted iterations
default   [  67% ] 00002/00004 VUs  10.0s/15s  30.00 iters/s

running (11.0s), 00002/00004 VUs, 321 complete and 0 interrupted iterations
default   [  73% ] 00002/00004 VUs  11.0s/15s  30.00 iters/s

running (12.0s), 00002/00004 VUs, 351 complete and 0 interrupted iterations
default   [  80% ] 00002/00004 VUs  12.0s/15s  30.00 iters/s

running (13.0s), 00002/00004 VUs, 381 complete and 0 interrupted iterations
default   [  87% ] 00002/00004 VUs  13.0s/15s  30.00 iters/s

running (14.0s), 00001/00004 VUs, 411 complete and 0 interrupted iterations
default   [  93% ] 00001/00004 VUs  14.0s/15s  30.00 iters/s

running (15.0s), 00002/00004 VUs, 441 complete and 0 interrupted iterations
default   [ 100% ] 00002/00004 VUs  15s  30.00 iters/s


  █ TOTAL RESULTS 

    HTTP
    http_req_duration..............: avg=44.96ms min=18.64ms med=42.43ms max=226.53ms p(90)=52.23ms p(95)=59.27ms
      { expected_response:true }...: avg=44.96ms min=18.64ms med=42.43ms max=226.53ms p(90)=52.23ms p(95)=59.27ms
    http_req_failed................: 0.00%  0 out of 443
    http_reqs......................: 443    29.467524/s

    EXECUTION
    dropped_iterations.............: 8      0.532145/s
    iteration_duration.............: avg=45.67ms min=18.88ms med=42.71ms max=226.95ms p(90)=52.92ms p(95)=61.61ms
    iterations.....................: 443    29.467524/s
    vus............................: 2      min=1        max=4
    vus_max........................: 4      min=3        max=4

    NETWORK
    data_received..................: 280 kB 19 kB/s
    data_sent......................: 126 kB 8.4 kB/s




running (15.0s), 00000/00004 VUs, 443 complete and 0 interrupted iterations
default ✓ [ 100% ] 00000/00004 VUs  15s  30.00 iters/s
