2026/05/05 06:23:25 telemetry disabled: AEGEAN_DISABLE_TRACING=1

         /\      Grafana   /‾‾/  
    /\  /  \     |\  __   /  /   
   /  \/    \    | |/ /  /   ‾‾\ 
  /          \   |   (  |  (‾)  |
 / __________ \  |_|\_\  \_____/ 

     execution: local
        script: workflow/aegean/k6_open_client.js
        output: -

     scenarios: (100.00%) 1 scenario, 10000 max VUs, 45s max duration (incl. graceful stop):
              * default: 900.00 iterations/s for 15s (maxVUs: 0-10000, gracefulStop: 30s)


running (01.0s), 00014/00015 VUs, 867 complete and 0 interrupted iterations
default   [   7% ] 00014/00015 VUs  01.0s/15s  900.00 iters/s

running (02.0s), 00011/00016 VUs, 1768 complete and 0 interrupted iterations
default   [  13% ] 00011/00016 VUs  02.0s/15s  900.00 iters/s

running (03.0s), 00013/00016 VUs, 2668 complete and 0 interrupted iterations
default   [  20% ] 00012/00016 VUs  03.0s/15s  900.00 iters/s

running (04.0s), 00011/00016 VUs, 3569 complete and 0 interrupted iterations
default   [  27% ] 00012/00016 VUs  04.0s/15s  900.00 iters/s

running (05.0s), 00011/00017 VUs, 4465 complete and 0 interrupted iterations
default   [  33% ] 00011/00017 VUs  05.0s/15s  900.00 iters/s

running (06.0s), 00012/00017 VUs, 5365 complete and 0 interrupted iterations
default   [  40% ] 00012/00017 VUs  06.0s/15s  900.00 iters/s

running (07.0s), 00013/00017 VUs, 6265 complete and 0 interrupted iterations
default   [  47% ] 00013/00017 VUs  07.0s/15s  900.00 iters/s

running (08.0s), 00015/00017 VUs, 7162 complete and 0 interrupted iterations
default   [  53% ] 00015/00017 VUs  08.0s/15s  900.00 iters/s

running (09.0s), 00014/00017 VUs, 8064 complete and 0 interrupted iterations
default   [  60% ] 00014/00017 VUs  09.0s/15s  900.00 iters/s

running (10.0s), 00012/00017 VUs, 8965 complete and 0 interrupted iterations
default   [  67% ] 00012/00017 VUs  10.0s/15s  900.00 iters/s

running (11.0s), 00013/00017 VUs, 9864 complete and 0 interrupted iterations
default   [  73% ] 00013/00017 VUs  11.0s/15s  900.00 iters/s

running (12.0s), 00013/00017 VUs, 10764 complete and 0 interrupted iterations
default   [  80% ] 00013/00017 VUs  12.0s/15s  900.00 iters/s

running (13.0s), 00010/00017 VUs, 11666 complete and 0 interrupted iterations
default   [  87% ] 00010/00017 VUs  13.0s/15s  900.00 iters/s

running (14.0s), 00012/00017 VUs, 12565 complete and 0 interrupted iterations
default   [  93% ] 00012/00017 VUs  14.0s/15s  900.00 iters/s

running (15.0s), 00010/00017 VUs, 13466 complete and 0 interrupted iterations
default   [ 100% ] 00010/00017 VUs  15s  900.00 iters/s


  █ TOTAL RESULTS 

    HTTP
    http_req_duration..............: avg=12.38ms min=-12402472ns med=12.27ms max=29.99ms p(90)=13.49ms p(95)=14.01ms
      { expected_response:true }...: avg=12.38ms min=-12402472ns med=12.27ms max=29.99ms p(90)=13.49ms p(95)=14.01ms
    http_req_failed................: 0.00%  0 out of 13477
    http_reqs......................: 13477  898.182038/s

    EXECUTION
    dropped_iterations.............: 24     1.599493/s
    iteration_duration.............: avg=12.48ms min=10.52ms     med=12.34ms max=30.09ms p(90)=13.6ms  p(95)=14.13ms
    iterations.....................: 13477  898.182038/s
    vus............................: 10     min=10         max=15
    vus_max........................: 17     min=15         max=17

    NETWORK
    data_received..................: 4.4 MB 295 kB/s
    data_sent......................: 5.0 MB 335 kB/s




running (15.0s), 00000/00017 VUs, 13477 complete and 0 interrupted iterations
default ✓ [ 100% ] 00000/00017 VUs  15s  900.00 iters/s
