2026/04/30 20:31:38 telemetry disabled: AEGEAN_DISABLE_TRACING=1

         /\      Grafana   /‾‾/  
    /\  /  \     |\  __   /  /   
   /  \/    \    | |/ /  /   ‾‾\ 
  /          \   |   (  |  (‾)  |
 / __________ \  |_|\_\  \_____/ 

     execution: local
        script: workflow/aegean/k6_open_client.js
        output: -

     scenarios: (100.00%) 1 scenario, 10000 max VUs, 45s max duration (incl. graceful stop):
              * default: 30.00 iterations/s for 15s (maxVUs: 0-10000, gracefulStop: 30s)


running (01.0s), 00002/00003 VUs, 25 complete and 0 interrupted iterations
default   [   7% ] 00002/00003 VUs  01.0s/15s  30.00 iters/s

running (02.0s), 00002/00003 VUs, 55 complete and 0 interrupted iterations
default   [  13% ] 00002/00003 VUs  02.0s/15s  30.00 iters/s

running (03.0s), 00002/00003 VUs, 85 complete and 0 interrupted iterations
default   [  20% ] 00002/00003 VUs  03.0s/15s  30.00 iters/s

running (04.0s), 00002/00003 VUs, 115 complete and 0 interrupted iterations
default   [  27% ] 00002/00003 VUs  04.0s/15s  30.00 iters/s

running (05.0s), 00001/00003 VUs, 145 complete and 0 interrupted iterations
default   [  33% ] 00001/00003 VUs  05.0s/15s  30.00 iters/s

running (06.0s), 00002/00003 VUs, 174 complete and 0 interrupted iterations
default   [  40% ] 00002/00003 VUs  06.0s/15s  30.00 iters/s

running (07.0s), 00002/00003 VUs, 205 complete and 0 interrupted iterations
default   [  47% ] 00002/00003 VUs  07.0s/15s  30.00 iters/s

running (08.0s), 00001/00003 VUs, 235 complete and 0 interrupted iterations
default   [  53% ] 00002/00003 VUs  08.0s/15s  30.00 iters/s

running (09.0s), 00001/00003 VUs, 265 complete and 0 interrupted iterations
default   [  60% ] 00001/00003 VUs  09.0s/15s  30.00 iters/s

running (10.0s), 00002/00003 VUs, 295 complete and 0 interrupted iterations
default   [  67% ] 00002/00003 VUs  10.0s/15s  30.00 iters/s

running (11.0s), 00003/00003 VUs, 324 complete and 0 interrupted iterations
default   [  73% ] 00003/00003 VUs  11.0s/15s  30.00 iters/s

running (12.0s), 00000/00003 VUs, 356 complete and 0 interrupted iterations
default   [  80% ] 00001/00003 VUs  12.0s/15s  30.00 iters/s

running (13.0s), 00001/00003 VUs, 385 complete and 0 interrupted iterations
default   [  87% ] 00001/00003 VUs  13.0s/15s  30.00 iters/s

running (14.0s), 00002/00003 VUs, 414 complete and 0 interrupted iterations
default   [  93% ] 00002/00003 VUs  14.0s/15s  30.00 iters/s

running (15.0s), 00001/00003 VUs, 445 complete and 0 interrupted iterations
default   [ 100% ] 00001/00003 VUs  15s  30.00 iters/s


  █ TOTAL RESULTS 

    HTTP
    http_req_duration..............: avg=58.91ms min=21.08ms med=59.21ms max=96.8ms  p(90)=83.24ms p(95)=85.94ms
      { expected_response:true }...: avg=58.91ms min=21.08ms med=59.21ms max=96.8ms  p(90)=83.24ms p(95)=85.94ms
    http_req_failed................: 0.00%  0 out of 447
    http_reqs......................: 447    29.671009/s

    EXECUTION
    dropped_iterations.............: 4      0.265512/s
    iteration_duration.............: avg=59.19ms min=21.21ms med=59.59ms max=96.98ms p(90)=83.56ms p(95)=86.11ms
    iterations.....................: 447    29.671009/s
    vus............................: 1      min=0        max=3
    vus_max........................: 3      min=3        max=3

    NETWORK
    data_received..................: 132 kB 8.8 kB/s
    data_sent......................: 166 kB 11 kB/s




running (15.1s), 00000/00003 VUs, 447 complete and 0 interrupted iterations
default ✓ [ 100% ] 00000/00003 VUs  15s  30.00 iters/s
