
         /\      Grafana   /‾‾/  
    /\  /  \     |\  __   /  /   
   /  \/    \    | |/ /  /   ‾‾\ 
  /          \   |   (  |  (‾)  |
 / __________ \  |_|\_\  \_____/ 

     execution: local
        script: workflow/aegean/k6_open_client.js
        output: -

     scenarios: (100.00%) 1 scenario, 10000 max VUs, 45s max duration (incl. graceful stop):
              * default: 75.00 iterations/s for 15s (maxVUs: 0-10000, gracefulStop: 30s)


running (01.0s), 00021/00021 VUs, 32 complete and 0 interrupted iterations
default   [   7% ] 00021/00021 VUs  01.0s/15s  75.00 iters/s

running (02.0s), 00039/00040 VUs, 70 complete and 0 interrupted iterations
default   [  13% ] 00039/00040 VUs  02.0s/15s  75.00 iters/s

running (03.0s), 00055/00057 VUs, 113 complete and 0 interrupted iterations
default   [  20% ] 00055/00057 VUs  03.0s/15s  75.00 iters/s

running (04.0s), 00073/00074 VUs, 153 complete and 0 interrupted iterations
default   [  27% ] 00073/00074 VUs  04.0s/15s  75.00 iters/s

running (05.0s), 00089/00092 VUs, 193 complete and 0 interrupted iterations
default   [  33% ] 00089/00092 VUs  05.0s/15s  75.00 iters/s

running (06.0s), 00107/00110 VUs, 232 complete and 0 interrupted iterations
default   [  40% ] 00107/00110 VUs  06.0s/15s  75.00 iters/s

running (07.0s), 00124/00127 VUs, 273 complete and 0 interrupted iterations
default   [  47% ] 00124/00127 VUs  07.0s/15s  75.00 iters/s

running (08.0s), 00144/00144 VUs, 311 complete and 0 interrupted iterations
default   [  53% ] 00144/00144 VUs  08.0s/15s  75.00 iters/s

running (09.0s), 00161/00163 VUs, 351 complete and 0 interrupted iterations
default   [  60% ] 00161/00163 VUs  09.0s/15s  75.00 iters/s

running (10.0s), 00177/00180 VUs, 392 complete and 0 interrupted iterations
default   [  67% ] 00177/00180 VUs  10.0s/15s  75.00 iters/s

running (11.0s), 00198/00198 VUs, 428 complete and 0 interrupted iterations
default   [  73% ] 00198/00198 VUs  11.0s/15s  75.00 iters/s

running (12.0s), 00215/00216 VUs, 468 complete and 0 interrupted iterations
default   [  80% ] 00216/00216 VUs  12.0s/15s  75.00 iters/s

running (13.0s), 00232/00235 VUs, 507 complete and 0 interrupted iterations
default   [  87% ] 00232/00235 VUs  13.0s/15s  75.00 iters/s

running (14.0s), 00252/00252 VUs, 545 complete and 0 interrupted iterations
default   [  93% ] 00252/00252 VUs  14.0s/15s  75.00 iters/s

running (15.0s), 00268/00271 VUs, 585 complete and 0 interrupted iterations
default ↓ [ 100% ] 00268/00271 VUs  15s  75.00 iters/s

running (16.0s), 00227/00271 VUs, 626 complete and 0 interrupted iterations
default ↓ [ 100% ] 00268/00271 VUs  15s  75.00 iters/s

running (17.0s), 00185/00271 VUs, 668 complete and 0 interrupted iterations
default ↓ [ 100% ] 00268/00271 VUs  15s  75.00 iters/s

running (18.0s), 00147/00271 VUs, 706 complete and 0 interrupted iterations
default ↓ [ 100% ] 00268/00271 VUs  15s  75.00 iters/s

running (19.0s), 00107/00271 VUs, 746 complete and 0 interrupted iterations
default ↓ [ 100% ] 00268/00271 VUs  15s  75.00 iters/s

running (20.0s), 00064/00271 VUs, 789 complete and 0 interrupted iterations
default ↓ [ 100% ] 00268/00271 VUs  15s  75.00 iters/s

running (21.0s), 00024/00271 VUs, 829 complete and 0 interrupted iterations
default ↓ [ 100% ] 00268/00271 VUs  15s  75.00 iters/s


  █ TOTAL RESULTS 

    HTTP
    http_req_duration..............: avg=3.4s min=120.91ms med=3.42s max=6.55s p(90)=5.99s p(95)=6.31s
      { expected_response:true }...: avg=3.4s min=120.91ms med=3.42s max=6.55s p(90)=5.99s p(95)=6.31s
    http_req_failed................: 0.00% 0 out of 853
    http_reqs......................: 853   39.675207/s

    EXECUTION
    dropped_iterations.............: 272   12.651414/s
    iteration_duration.............: avg=3.4s min=124.96ms med=3.43s max=6.55s p(90)=6s    p(95)=6.32s
    iterations.....................: 853   39.675207/s
    vus............................: 24    min=21       max=268
    vus_max........................: 271   min=21       max=271

    NETWORK
    data_received..................: 43 MB 2.0 MB/s
    data_sent......................: 43 MB 2.0 MB/s




running (21.5s), 00000/00271 VUs, 853 complete and 0 interrupted iterations
default ✓ [ 100% ] 00000/00271 VUs  15s  75.00 iters/s
