
         /\      Grafana   /‾‾/  
    /\  /  \     |\  __   /  /   
   /  \/    \    | |/ /  /   ‾‾\ 
  /          \   |   (  |  (‾)  |
 / __________ \  |_|\_\  \_____/ 

     execution: local
        script: workflow/social/k6_open_client.js
        output: -

     scenarios: (100.00%) 1 scenario, 10000 max VUs, 15s max duration (incl. graceful stop):
              * default: 8000.00 iterations/s for 15s (maxVUs: 8000-10000)


running (00.9s), 02204/08000 VUs, 2347 complete and 0 interrupted iterations
default   [   6% ] 02204/08000 VUs  00.9s/15s  8000.00 iters/s

running (01.7s), 08024/08028 VUs, 5859 complete and 0 interrupted iterations
default   [  12% ] 08024/08028 VUs  01.7s/15s  8000.00 iters/s

running (02.7s), 08772/08774 VUs, 11060 complete and 0 interrupted iterations
default   [  18% ] 08772/08774 VUs  02.7s/15s  8000.00 iters/s

running (03.7s), 09568/09568 VUs, 16064 complete and 0 interrupted iterations
default   [  25% ] 09568/09568 VUs  03.7s/15s  8000.00 iters/s
time="2026-05-18T12:45:29-06:00" level=warning msg="Insufficient VUs, reached 10000 active VUs and cannot initialize more" executor=constant-arrival-rate scenario=default

running (04.7s), 10000/10000 VUs, 21915 complete and 0 interrupted iterations
default   [  32% ] 10000/10000 VUs  04.7s/15s  8000.00 iters/s

running (05.7s), 10000/10000 VUs, 27832 complete and 0 interrupted iterations
default   [  38% ] 10000/10000 VUs  05.7s/15s  8000.00 iters/s

running (06.7s), 10000/10000 VUs, 34034 complete and 0 interrupted iterations
default   [  45% ] 10000/10000 VUs  06.7s/15s  8000.00 iters/s

running (07.7s), 09999/10000 VUs, 40170 complete and 0 interrupted iterations
default   [  52% ] 09999/10000 VUs  07.7s/15s  8000.00 iters/s

running (08.7s), 09998/10000 VUs, 46530 complete and 0 interrupted iterations
default   [  58% ] 09998/10000 VUs  08.7s/15s  8000.00 iters/s

running (09.7s), 10000/10000 VUs, 52891 complete and 0 interrupted iterations
default   [  65% ] 09999/10000 VUs  09.7s/15s  8000.00 iters/s

running (10.7s), 10000/10000 VUs, 59298 complete and 0 interrupted iterations
default   [  72% ] 10000/10000 VUs  10.7s/15s  8000.00 iters/s

running (11.7s), 09997/10000 VUs, 65709 complete and 0 interrupted iterations
default   [  78% ] 09997/10000 VUs  11.7s/15s  8000.00 iters/s

running (12.7s), 10000/10000 VUs, 72502 complete and 0 interrupted iterations
default   [  85% ] 10000/10000 VUs  12.7s/15s  8000.00 iters/s

running (13.7s), 10000/10000 VUs, 79242 complete and 0 interrupted iterations
default   [  92% ] 10000/10000 VUs  13.7s/15s  8000.00 iters/s

running (14.7s), 09999/10000 VUs, 85922 complete and 0 interrupted iterations
default   [  98% ] 09999/10000 VUs  14.7s/15s  8000.00 iters/s


  █ TOTAL RESULTS 

    HTTP
    http_req_duration..............: avg=1.44s min=986.12µs med=1.56s max=4.73s p(90)=1.65s p(95)=1.67s
      { expected_response:true }...: avg=1.44s min=986.12µs med=1.56s max=4.73s p(90)=1.65s p(95)=1.67s
    http_req_failed................: 0.00% 0 out of 87826
    http_reqs......................: 87826 5814.508068/s

    EXECUTION
    dropped_iterations.............: 22378 1481.532366/s
    iteration_duration.............: avg=1.45s min=1.05ms   med=1.56s max=4.73s p(90)=1.65s p(95)=1.67s
    iterations.....................: 87826 5814.508068/s
    vus............................: 10000 min=1947       max=10000
    vus_max........................: 10000 min=8000       max=10000

    NETWORK
    data_received..................: 21 MB 1.4 MB/s
    data_sent......................: 32 MB 2.1 MB/s




running (15.1s), 00000/10000 VUs, 87624 complete and 9999 interrupted iterations
default ✓ [ 100% ] 09999/10000 VUs  15s  8000.00 iters/s
