2026/05/05 06:00:09 telemetry disabled: AEGEAN_DISABLE_TRACING=1

         /\      Grafana   /‾‾/  
    /\  /  \     |\  __   /  /   
   /  \/    \    | |/ /  /   ‾‾\ 
  /          \   |   (  |  (‾)  |
 / __________ \  |_|\_\  \_____/ 

     execution: local
        script: workflow/aegean/k6_open_client.js
        output: -

     scenarios: (100.00%) 1 scenario, 10000 max VUs, 45s max duration (incl. graceful stop):
              * default: 450.00 iterations/s for 15s (maxVUs: 0-10000, gracefulStop: 30s)


running (01.0s), 00007/00009 VUs, 434 complete and 0 interrupted iterations
default   [   7% ] 00007/00009 VUs  01.0s/15s  450.00 iters/s

running (02.0s), 00006/00009 VUs, 885 complete and 0 interrupted iterations
default   [  13% ] 00006/00009 VUs  02.0s/15s  450.00 iters/s

running (03.0s), 00006/00009 VUs, 1334 complete and 0 interrupted iterations
default   [  20% ] 00006/00009 VUs  03.0s/15s  450.00 iters/s

running (04.0s), 00006/00009 VUs, 1785 complete and 0 interrupted iterations
default   [  27% ] 00006/00009 VUs  04.0s/15s  450.00 iters/s

running (05.0s), 00005/00009 VUs, 2235 complete and 0 interrupted iterations
default   [  33% ] 00005/00009 VUs  05.0s/15s  450.00 iters/s

running (06.0s), 00006/00009 VUs, 2684 complete and 0 interrupted iterations
default   [  40% ] 00007/00009 VUs  06.0s/15s  450.00 iters/s

running (07.0s), 00006/00009 VUs, 3135 complete and 0 interrupted iterations
default   [  47% ] 00006/00009 VUs  07.0s/15s  450.00 iters/s

running (08.0s), 00007/00009 VUs, 3583 complete and 0 interrupted iterations
default   [  53% ] 00007/00009 VUs  08.0s/15s  450.00 iters/s

running (09.0s), 00006/00009 VUs, 4034 complete and 0 interrupted iterations
default   [  60% ] 00006/00009 VUs  09.0s/15s  450.00 iters/s

running (10.0s), 00005/00009 VUs, 4485 complete and 0 interrupted iterations
default   [  67% ] 00005/00009 VUs  10.0s/15s  450.00 iters/s

running (11.0s), 00006/00009 VUs, 4935 complete and 0 interrupted iterations
default   [  73% ] 00006/00009 VUs  11.0s/15s  450.00 iters/s

running (12.0s), 00006/00010 VUs, 5378 complete and 0 interrupted iterations
default   [  80% ] 00006/00010 VUs  12.0s/15s  450.00 iters/s

running (13.0s), 00006/00010 VUs, 5828 complete and 0 interrupted iterations
default   [  87% ] 00006/00010 VUs  13.0s/15s  450.00 iters/s

running (14.0s), 00007/00010 VUs, 6278 complete and 0 interrupted iterations
default   [  93% ] 00006/00010 VUs  14.0s/15s  450.00 iters/s

running (15.0s), 00009/00010 VUs, 6726 complete and 0 interrupted iterations
default   [ 100% ] 00009/00010 VUs  15s  450.00 iters/s


  █ TOTAL RESULTS 

    HTTP
    http_req_duration..............: avg=12.63ms min=10.43ms med=12.34ms max=30.52ms p(90)=13.85ms p(95)=14.45ms
      { expected_response:true }...: avg=12.63ms min=10.43ms med=12.34ms max=30.52ms p(90)=13.85ms p(95)=14.45ms
    http_req_failed................: 0.00%  0 out of 6735
    http_reqs......................: 6735   448.466532/s

    EXECUTION
    dropped_iterations.............: 16     1.065399/s
    iteration_duration.............: avg=12.78ms min=10.48ms med=12.47ms max=30.78ms p(90)=14.06ms p(95)=14.69ms
    iterations.....................: 6735   448.466532/s
    vus............................: 9      min=5         max=9 
    vus_max........................: 10     min=9         max=10

    NETWORK
    data_received..................: 2.2 MB 147 kB/s
    data_sent......................: 2.5 MB 167 kB/s




running (15.0s), 00000/00010 VUs, 6735 complete and 0 interrupted iterations
default ✓ [ 100% ] 00000/00010 VUs  15s  450.00 iters/s
