2026/04/24 06:47:12 telemetry disabled: AEGEAN_DISABLE_TRACING=1

         /\      Grafana   /‾‾/  
    /\  /  \     |\  __   /  /   
   /  \/    \    | |/ /  /   ‾‾\ 
  /          \   |   (  |  (‾)  |
 / __________ \  |_|\_\  \_____/ 

     execution: local
        script: workflow/aegean/k6_open_client.js
        output: -

     scenarios: (100.00%) 1 scenario, 10000 max VUs, 45s max duration (incl. graceful stop):
              * default: 100.00 iterations/s for 15s (maxVUs: 0-10000, gracefulStop: 30s)


running (01.0s), 00006/00011 VUs, 83 complete and 0 interrupted iterations
default   [   7% ] 00006/00011 VUs  01.0s/15s  100.00 iters/s

running (02.0s), 00007/00013 VUs, 179 complete and 0 interrupted iterations
default   [  13% ] 00007/00013 VUs  02.0s/15s  100.00 iters/s

running (03.0s), 00008/00013 VUs, 278 complete and 0 interrupted iterations
default   [  20% ] 00008/00013 VUs  03.0s/15s  100.00 iters/s

running (04.0s), 00009/00013 VUs, 377 complete and 0 interrupted iterations
default   [  27% ] 00009/00013 VUs  04.0s/15s  100.00 iters/s

running (05.0s), 00009/00013 VUs, 477 complete and 0 interrupted iterations
default   [  33% ] 00009/00013 VUs  05.0s/15s  100.00 iters/s

running (06.0s), 00007/00013 VUs, 579 complete and 0 interrupted iterations
default   [  40% ] 00007/00013 VUs  06.0s/15s  100.00 iters/s

running (07.0s), 00005/00013 VUs, 681 complete and 0 interrupted iterations
default   [  47% ] 00005/00013 VUs  07.0s/15s  100.00 iters/s

running (08.0s), 00006/00013 VUs, 780 complete and 0 interrupted iterations
default   [  53% ] 00006/00013 VUs  08.0s/15s  100.00 iters/s

running (09.0s), 00005/00013 VUs, 880 complete and 0 interrupted iterations
default   [  60% ] 00005/00013 VUs  09.0s/15s  100.00 iters/s

running (10.0s), 00003/00013 VUs, 982 complete and 0 interrupted iterations
default   [  67% ] 00003/00013 VUs  10.0s/15s  100.00 iters/s

running (11.0s), 00005/00013 VUs, 1080 complete and 0 interrupted iterations
default   [  73% ] 00006/00013 VUs  11.0s/15s  100.00 iters/s

running (12.0s), 00006/00013 VUs, 1179 complete and 0 interrupted iterations
default   [  80% ] 00006/00013 VUs  12.0s/15s  100.00 iters/s

running (13.0s), 00004/00013 VUs, 1282 complete and 0 interrupted iterations
default   [  87% ] 00004/00013 VUs  13.0s/15s  100.00 iters/s

running (14.0s), 00004/00013 VUs, 1381 complete and 0 interrupted iterations
default   [  93% ] 00005/00013 VUs  14.0s/15s  100.00 iters/s

running (15.0s), 00005/00013 VUs, 1480 complete and 0 interrupted iterations
default   [ 100% ] 00005/00013 VUs  15.0s/15s  100.00 iters/s


  █ TOTAL RESULTS 

    HTTP
    http_req_duration..............: avg=65ms    min=22.91ms med=63.7ms  max=144.67ms p(90)=90.63ms p(95)=94.4ms 
      { expected_response:true }...: avg=65ms    min=22.91ms med=63.7ms  max=144.67ms p(90)=90.63ms p(95)=94.4ms 
    http_req_failed................: 0.00%  0 out of 1486
    http_reqs......................: 1486   98.748833/s

    EXECUTION
    dropped_iterations.............: 15     0.996792/s
    iteration_duration.............: avg=65.18ms min=22.97ms med=63.87ms max=144.77ms p(90)=90.87ms p(95)=94.54ms
    iterations.....................: 1486   98.748833/s
    vus............................: 6      min=3         max=9 
    vus_max........................: 13     min=11        max=13

    NETWORK
    data_received..................: 441 kB 29 kB/s
    data_sent......................: 554 kB 37 kB/s




running (15.0s), 00000/00013 VUs, 1486 complete and 0 interrupted iterations
default ✓ [ 100% ] 00000/00013 VUs  15s  100.00 iters/s
