2026/04/24 06:53:42 telemetry disabled: AEGEAN_DISABLE_TRACING=1

         /\      Grafana   /‾‾/  
    /\  /  \     |\  __   /  /   
   /  \/    \    | |/ /  /   ‾‾\ 
  /          \   |   (  |  (‾)  |
 / __________ \  |_|\_\  \_____/ 

     execution: local
        script: workflow/hotel/k6_open_hotels_client.js
        output: -

     scenarios: (100.00%) 1 scenario, 10000 max VUs, 45s max duration (incl. graceful stop):
              * default: 30.00 iterations/s for 15s (maxVUs: 0-10000, gracefulStop: 30s)


running (01.0s), 00001/00003 VUs, 25 complete and 0 interrupted iterations
default   [   7% ] 00001/00003 VUs  01.0s/15s  30.00 iters/s

running (02.0s), 00001/00003 VUs, 55 complete and 0 interrupted iterations
default   [  13% ] 00001/00003 VUs  02.0s/15s  30.00 iters/s

running (03.0s), 00001/00003 VUs, 85 complete and 0 interrupted iterations
default   [  20% ] 00001/00003 VUs  03.0s/15s  30.00 iters/s

running (04.0s), 00001/00003 VUs, 115 complete and 0 interrupted iterations
default   [  27% ] 00001/00003 VUs  04.0s/15s  30.00 iters/s

running (05.0s), 00001/00003 VUs, 145 complete and 0 interrupted iterations
default   [  33% ] 00001/00003 VUs  05.0s/15s  30.00 iters/s

running (06.0s), 00001/00003 VUs, 175 complete and 0 interrupted iterations
default   [  40% ] 00001/00003 VUs  06.0s/15s  30.00 iters/s

running (07.0s), 00001/00003 VUs, 205 complete and 0 interrupted iterations
default   [  47% ] 00001/00003 VUs  07.0s/15s  30.00 iters/s

running (08.0s), 00001/00003 VUs, 235 complete and 0 interrupted iterations
default   [  53% ] 00001/00003 VUs  08.0s/15s  30.00 iters/s

running (09.0s), 00001/00003 VUs, 265 complete and 0 interrupted iterations
default   [  60% ] 00001/00003 VUs  09.0s/15s  30.00 iters/s

running (10.0s), 00002/00005 VUs, 292 complete and 0 interrupted iterations
default   [  67% ] 00002/00005 VUs  10.0s/15s  30.00 iters/s

running (11.0s), 00001/00005 VUs, 323 complete and 0 interrupted iterations
default   [  73% ] 00001/00005 VUs  11.0s/15s  30.00 iters/s

running (12.0s), 00001/00005 VUs, 353 complete and 0 interrupted iterations
default   [  80% ] 00001/00005 VUs  12.0s/15s  30.00 iters/s

running (13.0s), 00001/00005 VUs, 383 complete and 0 interrupted iterations
default   [  87% ] 00001/00005 VUs  13.0s/15s  30.00 iters/s

running (14.0s), 00001/00005 VUs, 413 complete and 0 interrupted iterations
default   [  93% ] 00001/00005 VUs  14.0s/15s  30.00 iters/s

running (15.0s), 00001/00005 VUs, 443 complete and 0 interrupted iterations
default   [ 100% ] 00001/00005 VUs  15.0s/15s  30.00 iters/s


  █ TOTAL RESULTS 

    HTTP
    http_req_duration..............: avg=50.26ms min=25.68ms med=48.95ms max=136.95ms p(90)=60.23ms p(95)=65.95ms
      { expected_response:true }...: avg=50.26ms min=25.68ms med=48.95ms max=136.95ms p(90)=60.23ms p(95)=65.95ms
    http_req_failed................: 0.00%  0 out of 445
    http_reqs......................: 445    29.577392/s

    EXECUTION
    dropped_iterations.............: 6      0.398796/s
    iteration_duration.............: avg=50.56ms min=26.41ms med=49.14ms max=137.6ms  p(90)=60.58ms p(95)=67.08ms
    iterations.....................: 445    29.577392/s
    vus............................: 1      min=1        max=2
    vus_max........................: 5      min=3        max=5

    NETWORK
    data_received..................: 116 kB 7.7 kB/s
    data_sent......................: 146 kB 9.7 kB/s




running (15.0s), 00000/00005 VUs, 445 complete and 0 interrupted iterations
default ✓ [ 100% ] 00000/00005 VUs  15s  30.00 iters/s
