
         /\      Grafana   /‾‾/  
    /\  /  \     |\  __   /  /   
   /  \/    \    | |/ /  /   ‾‾\ 
  /          \   |   (  |  (‾)  |
 / __________ \  |_|\_\  \_____/ 

     execution: local
        script: workflow/aegean/k6_open_client.js
        output: -

     scenarios: (100.00%) 1 scenario, 10000 max VUs, 45s max duration (incl. graceful stop):
              * default: 25.00 iterations/s for 15s (maxVUs: 0-10000, gracefulStop: 30s)


running (01.0s), 00000/00001 VUs, 23 complete and 0 interrupted iterations
default   [   7% ] 00000/00001 VUs  01.0s/15s  25.00 iters/s

running (02.0s), 00000/00001 VUs, 48 complete and 0 interrupted iterations
default   [  13% ] 00000/00001 VUs  02.0s/15s  25.00 iters/s

running (03.0s), 00001/00001 VUs, 73 complete and 0 interrupted iterations
default   [  20% ] 00001/00001 VUs  03.0s/15s  25.00 iters/s

running (04.0s), 00001/00001 VUs, 98 complete and 0 interrupted iterations
default   [  27% ] 00001/00001 VUs  04.0s/15s  25.00 iters/s

running (05.0s), 00001/00001 VUs, 123 complete and 0 interrupted iterations
default   [  33% ] 00001/00001 VUs  05.0s/15s  25.00 iters/s

running (06.0s), 00001/00001 VUs, 148 complete and 0 interrupted iterations
default   [  40% ] 00001/00001 VUs  06.0s/15s  25.00 iters/s

running (07.0s), 00001/00001 VUs, 173 complete and 0 interrupted iterations
default   [  47% ] 00001/00001 VUs  07.0s/15s  25.00 iters/s

running (08.0s), 00001/00001 VUs, 198 complete and 0 interrupted iterations
default   [  53% ] 00001/00001 VUs  08.0s/15s  25.00 iters/s

running (09.0s), 00000/00001 VUs, 223 complete and 0 interrupted iterations
default   [  60% ] 00000/00001 VUs  09.0s/15s  25.00 iters/s

running (10.0s), 00001/00001 VUs, 248 complete and 0 interrupted iterations
default   [  67% ] 00001/00001 VUs  10.0s/15s  25.00 iters/s

running (11.0s), 00001/00001 VUs, 273 complete and 0 interrupted iterations
default   [  73% ] 00001/00001 VUs  11.0s/15s  25.00 iters/s

running (12.0s), 00001/00001 VUs, 298 complete and 0 interrupted iterations
default   [  80% ] 00001/00001 VUs  12.0s/15s  25.00 iters/s

running (13.0s), 00001/00001 VUs, 323 complete and 0 interrupted iterations
default   [  87% ] 00001/00001 VUs  13.0s/15s  25.00 iters/s

running (14.0s), 00001/00001 VUs, 348 complete and 0 interrupted iterations
default   [  93% ] 00001/00001 VUs  14.0s/15s  25.00 iters/s

running (15.0s), 00000/00001 VUs, 373 complete and 0 interrupted iterations
default   [ 100% ] 00000/00001 VUs  15.0s/15s  25.00 iters/s


  █ TOTAL RESULTS 

    HTTP
    http_req_duration..............: avg=20.32ms min=18.19ms med=20.26ms max=24.17ms p(90)=21.04ms p(95)=21.27ms
      { expected_response:true }...: avg=20.32ms min=18.19ms med=20.26ms max=24.17ms p(90)=21.04ms p(95)=21.27ms
    http_req_failed................: 0.00% 0 out of 374
    http_reqs......................: 374   24.896598/s

    EXECUTION
    dropped_iterations.............: 2     0.133137/s
    iteration_duration.............: avg=23.49ms min=19.84ms med=23.44ms max=29.55ms p(90)=24.52ms p(95)=25.03ms
    iterations.....................: 374   24.896598/s
    vus............................: 0     min=0        max=1
    vus_max........................: 1     min=1        max=1

    NETWORK
    data_received..................: 19 MB 1.3 MB/s
    data_sent......................: 19 MB 1.3 MB/s




running (15.0s), 00000/00001 VUs, 374 complete and 0 interrupted iterations
default ✓ [ 100% ] 00000/00001 VUs  15s  25.00 iters/s
