2026/04/24 08:02:50 telemetry disabled: AEGEAN_DISABLE_TRACING=1

         /\      Grafana   /‾‾/  
    /\  /  \     |\  __   /  /   
   /  \/    \    | |/ /  /   ‾‾\ 
  /          \   |   (  |  (‾)  |
 / __________ \  |_|\_\  \_____/ 

     execution: local
        script: workflow/social/k6_open_client.js
        output: -

     scenarios: (100.00%) 1 scenario, 10000 max VUs, 45s max duration (incl. graceful stop):
              * default: 400.00 iterations/s for 15s (maxVUs: 0-10000, gracefulStop: 30s)


running (01.0s), 00001/00002 VUs, 397 complete and 0 interrupted iterations
default   [   7% ] 00001/00002 VUs  01.0s/15s  400.00 iters/s

running (02.0s), 00000/00002 VUs, 797 complete and 0 interrupted iterations
default   [  13% ] 00000/00002 VUs  02.0s/15s  400.00 iters/s

running (03.0s), 00001/00002 VUs, 1196 complete and 0 interrupted iterations
default   [  20% ] 00001/00002 VUs  03.0s/15s  400.00 iters/s

running (04.0s), 00001/00003 VUs, 1595 complete and 0 interrupted iterations
default   [  27% ] 00001/00003 VUs  04.0s/15s  400.00 iters/s

running (05.0s), 00001/00003 VUs, 1995 complete and 0 interrupted iterations
default   [  33% ] 00001/00003 VUs  05.0s/15s  400.00 iters/s

running (06.0s), 00001/00003 VUs, 2395 complete and 0 interrupted iterations
default   [  40% ] 00001/00003 VUs  06.0s/15s  400.00 iters/s

running (07.0s), 00000/00005 VUs, 2783 complete and 0 interrupted iterations
default   [  47% ] 00001/00005 VUs  07.0s/15s  400.00 iters/s

running (08.0s), 00001/00005 VUs, 3183 complete and 0 interrupted iterations
default   [  53% ] 00001/00005 VUs  08.0s/15s  400.00 iters/s

running (09.0s), 00000/00005 VUs, 3583 complete and 0 interrupted iterations
default   [  60% ] 00001/00005 VUs  09.0s/15s  400.00 iters/s

running (10.0s), 00001/00005 VUs, 3983 complete and 0 interrupted iterations
default   [  67% ] 00001/00005 VUs  10.0s/15s  400.00 iters/s

running (11.0s), 00001/00005 VUs, 4383 complete and 0 interrupted iterations
default   [  73% ] 00001/00005 VUs  11.0s/15s  400.00 iters/s

running (12.0s), 00001/00005 VUs, 4783 complete and 0 interrupted iterations
default   [  80% ] 00001/00005 VUs  12.0s/15s  400.00 iters/s

running (13.0s), 00001/00005 VUs, 5183 complete and 0 interrupted iterations
default   [  87% ] 00001/00005 VUs  13.0s/15s  400.00 iters/s

running (14.0s), 00000/00005 VUs, 5583 complete and 0 interrupted iterations
default   [  93% ] 00001/00005 VUs  14.0s/15s  400.00 iters/s

running (15.0s), 00001/00005 VUs, 5983 complete and 0 interrupted iterations
default   [ 100% ] 00001/00005 VUs  15s  400.00 iters/s


  █ TOTAL RESULTS 

    HTTP
    http_req_duration..............: avg=1.07ms min=408.83µs med=1.02ms max=34.01ms p(90)=1.32ms p(95)=1.51ms
      { expected_response:true }...: avg=1.07ms min=408.83µs med=1.02ms max=34.01ms p(90)=1.32ms p(95)=1.51ms
    http_req_failed................: 0.00%  0 out of 5984
    http_reqs......................: 5984   398.832817/s

    EXECUTION
    dropped_iterations.............: 17     1.133048/s
    iteration_duration.............: avg=1.15ms min=439.41µs med=1.1ms  max=34.12ms p(90)=1.41ms p(95)=1.65ms
    iterations.....................: 5984   398.832817/s
    vus............................: 1      min=0         max=1
    vus_max........................: 5      min=2         max=5

    NETWORK
    data_received..................: 1.4 MB 93 kB/s
    data_sent......................: 2.0 MB 131 kB/s




running (15.0s), 00000/00005 VUs, 5984 complete and 0 interrupted iterations
default ✓ [ 100% ] 00000/00005 VUs  15s  400.00 iters/s
