2026/04/24 08:01:35 telemetry disabled: AEGEAN_DISABLE_TRACING=1

         /\      Grafana   /‾‾/  
    /\  /  \     |\  __   /  /   
   /  \/    \    | |/ /  /   ‾‾\ 
  /          \   |   (  |  (‾)  |
 / __________ \  |_|\_\  \_____/ 

     execution: local
        script: workflow/social/k6_open_client.js
        output: -

     scenarios: (100.00%) 1 scenario, 10000 max VUs, 45s max duration (incl. graceful stop):
              * default: 200.00 iterations/s for 15s (maxVUs: 0-10000, gracefulStop: 30s)


running (01.0s), 00001/00002 VUs, 197 complete and 0 interrupted iterations
default   [   7% ] 00001/00002 VUs  01.0s/15s  200.00 iters/s

running (02.0s), 00001/00003 VUs, 396 complete and 0 interrupted iterations
default   [  13% ] 00001/00003 VUs  02.0s/15s  200.00 iters/s

running (03.0s), 00001/00003 VUs, 596 complete and 0 interrupted iterations
default   [  20% ] 00001/00003 VUs  03.0s/15s  200.00 iters/s

running (04.0s), 00000/00004 VUs, 794 complete and 0 interrupted iterations
default   [  27% ] 00001/00004 VUs  04.0s/15s  200.00 iters/s

running (05.0s), 00000/00004 VUs, 994 complete and 0 interrupted iterations
default   [  33% ] 00000/00004 VUs  05.0s/15s  200.00 iters/s

running (06.0s), 00001/00005 VUs, 1193 complete and 0 interrupted iterations
default   [  40% ] 00001/00005 VUs  06.0s/15s  200.00 iters/s

running (07.0s), 00001/00006 VUs, 1392 complete and 0 interrupted iterations
default   [  47% ] 00001/00006 VUs  07.0s/15s  200.00 iters/s

running (08.0s), 00001/00006 VUs, 1592 complete and 0 interrupted iterations
default   [  53% ] 00001/00006 VUs  08.0s/15s  200.00 iters/s

running (09.0s), 00001/00006 VUs, 1792 complete and 0 interrupted iterations
default   [  60% ] 00001/00006 VUs  09.0s/15s  200.00 iters/s

running (10.0s), 00001/00006 VUs, 1992 complete and 0 interrupted iterations
default   [  67% ] 00001/00006 VUs  10.0s/15s  200.00 iters/s

running (11.0s), 00001/00006 VUs, 2192 complete and 0 interrupted iterations
default   [  73% ] 00001/00006 VUs  11.0s/15s  200.00 iters/s

running (12.0s), 00000/00006 VUs, 2392 complete and 0 interrupted iterations
default   [  80% ] 00000/00006 VUs  12.0s/15s  200.00 iters/s

running (13.0s), 00000/00006 VUs, 2592 complete and 0 interrupted iterations
default   [  87% ] 00001/00006 VUs  13.0s/15s  200.00 iters/s

running (14.0s), 00001/00006 VUs, 2792 complete and 0 interrupted iterations
default   [  93% ] 00001/00006 VUs  14.0s/15s  200.00 iters/s

running (15.0s), 00001/00006 VUs, 2992 complete and 0 interrupted iterations
default ↓ [ 100% ] 00001/00006 VUs  15s  200.00 iters/s


  █ TOTAL RESULTS 

    HTTP
    http_req_duration..............: avg=1.82ms min=443.25µs med=1.57ms max=27.02ms p(90)=2.51ms p(95)=3.17ms
      { expected_response:true }...: avg=1.82ms min=443.25µs med=1.57ms max=27.02ms p(90)=2.51ms p(95)=3.17ms
    http_req_failed................: 0.00%  0 out of 2993
    http_reqs......................: 2993   199.501587/s

    EXECUTION
    dropped_iterations.............: 8      0.533248/s
    iteration_duration.............: avg=2.03ms min=506.08µs med=1.78ms max=27.28ms p(90)=2.83ms p(95)=3.59ms
    iterations.....................: 2993   199.501587/s
    vus............................: 1      min=0         max=1
    vus_max........................: 6      min=2         max=6

    NETWORK
    data_received..................: 697 kB 47 kB/s
    data_sent......................: 983 kB 66 kB/s




running (15.0s), 00000/00006 VUs, 2993 complete and 0 interrupted iterations
default ✓ [ 100% ] 00000/00006 VUs  15s  200.00 iters/s
