2026/04/24 06:55:42 telemetry disabled: AEGEAN_DISABLE_TRACING=1

         /\      Grafana   /‾‾/  
    /\  /  \     |\  __   /  /   
   /  \/    \    | |/ /  /   ‾‾\ 
  /          \   |   (  |  (‾)  |
 / __________ \  |_|\_\  \_____/ 

     execution: local
        script: workflow/hotel/k6_open_hotels_client.js
        output: -

     scenarios: (100.00%) 1 scenario, 10000 max VUs, 45s max duration (incl. graceful stop):
              * default: 100.00 iterations/s for 15s (maxVUs: 0-10000, gracefulStop: 30s)


running (01.0s), 00006/00009 VUs, 84 complete and 0 interrupted iterations
default   [   7% ] 00006/00009 VUs  01.0s/15s  100.00 iters/s

running (02.0s), 00008/00009 VUs, 183 complete and 0 interrupted iterations
default   [  13% ] 00008/00009 VUs  02.0s/15s  100.00 iters/s

running (03.0s), 00008/00010 VUs, 282 complete and 0 interrupted iterations
default   [  20% ] 00008/00010 VUs  03.0s/15s  100.00 iters/s

running (04.0s), 00010/00013 VUs, 376 complete and 0 interrupted iterations
default   [  27% ] 00010/00013 VUs  04.0s/15s  100.00 iters/s

running (05.0s), 00009/00013 VUs, 477 complete and 0 interrupted iterations
default   [  33% ] 00009/00013 VUs  05.0s/15s  100.00 iters/s

running (06.0s), 00006/00013 VUs, 580 complete and 0 interrupted iterations
default   [  40% ] 00006/00013 VUs  06.0s/15s  100.00 iters/s

running (07.0s), 00013/00014 VUs, 673 complete and 0 interrupted iterations
default   [  47% ] 00013/00014 VUs  07.0s/15s  100.00 iters/s

running (08.0s), 00009/00014 VUs, 777 complete and 0 interrupted iterations
default   [  53% ] 00009/00014 VUs  08.0s/15s  100.00 iters/s

running (09.0s), 00007/00014 VUs, 879 complete and 0 interrupted iterations
default   [  60% ] 00007/00014 VUs  09.0s/15s  100.00 iters/s

running (10.0s), 00005/00014 VUs, 981 complete and 0 interrupted iterations
default   [  67% ] 00005/00014 VUs  10.0s/15s  100.00 iters/s

running (11.0s), 00007/00016 VUs, 1077 complete and 0 interrupted iterations
default   [  73% ] 00007/00016 VUs  11.0s/15s  100.00 iters/s

running (12.0s), 00008/00016 VUs, 1176 complete and 0 interrupted iterations
default   [  80% ] 00008/00016 VUs  12.0s/15s  100.00 iters/s

running (13.0s), 00014/00016 VUs, 1270 complete and 0 interrupted iterations
default   [  87% ] 00014/00016 VUs  13.0s/15s  100.00 iters/s

running (14.0s), 00015/00018 VUs, 1366 complete and 0 interrupted iterations
default   [  93% ] 00015/00018 VUs  14.0s/15s  100.00 iters/s

running (15.0s), 00017/00019 VUs, 1464 complete and 0 interrupted iterations
default ↓ [ 100% ] 00017/00019 VUs  15s  100.00 iters/s


  █ TOTAL RESULTS 

    HTTP
    http_req_duration..............: avg=89.41ms min=26.25ms med=83.04ms max=193.17ms p(90)=146.52ms p(95)=159.74ms
      { expected_response:true }...: avg=89.41ms min=26.25ms med=83.04ms max=193.17ms p(90)=146.52ms p(95)=159.74ms
    http_req_failed................: 0.00%  0 out of 1481
    http_reqs......................: 1481   97.817904/s

    EXECUTION
    dropped_iterations.............: 20     1.320971/s
    iteration_duration.............: avg=89.53ms min=26.31ms med=83.12ms max=193.38ms p(90)=146.59ms p(95)=159.84ms
    iterations.....................: 1481   97.817904/s
    vus............................: 17     min=5         max=17
    vus_max........................: 19     min=9         max=19

    NETWORK
    data_received..................: 391 kB 26 kB/s
    data_sent......................: 486 kB 32 kB/s




running (15.1s), 00000/00019 VUs, 1481 complete and 0 interrupted iterations
default ✓ [ 100% ] 00000/00019 VUs  15s  100.00 iters/s
