2026/04/24 08:00:06 telemetry disabled: AEGEAN_DISABLE_TRACING=1

         /\      Grafana   /‾‾/  
    /\  /  \     |\  __   /  /   
   /  \/    \    | |/ /  /   ‾‾\ 
  /          \   |   (  |  (‾)  |
 / __________ \  |_|\_\  \_____/ 

     execution: local
        script: workflow/social/k6_open_client.js
        output: -

     scenarios: (100.00%) 1 scenario, 10000 max VUs, 45s max duration (incl. graceful stop):
              * default: 400.00 iterations/s for 15s (maxVUs: 0-10000, gracefulStop: 30s)


running (01.0s), 00041/00065 VUs, 291 complete and 0 interrupted iterations
default   [   7% ] 00041/00065 VUs  01.0s/15s  400.00 iters/s

running (02.0s), 00033/00075 VUs, 689 complete and 0 interrupted iterations
default   [  13% ] 00033/00075 VUs  02.0s/15s  400.00 iters/s

running (03.0s), 00079/00093 VUs, 1026 complete and 0 interrupted iterations
default   [  20% ] 00079/00093 VUs  03.0s/15s  400.00 iters/s

running (04.0s), 00063/00093 VUs, 1442 complete and 0 interrupted iterations
default   [  27% ] 00063/00093 VUs  04.0s/15s  400.00 iters/s

running (05.0s), 00134/00134 VUs, 1723 complete and 0 interrupted iterations
default   [  33% ] 00134/00134 VUs  05.0s/15s  400.00 iters/s

running (06.0s), 00219/00222 VUs, 1938 complete and 0 interrupted iterations
default   [  40% ] 00219/00222 VUs  06.0s/15s  400.00 iters/s

running (07.0s), 00313/00313 VUs, 2096 complete and 0 interrupted iterations
default   [  47% ] 00313/00313 VUs  07.0s/15s  400.00 iters/s

running (08.0s), 00385/00397 VUs, 2176 complete and 0 interrupted iterations
default   [  53% ] 00385/00397 VUs  08.0s/15s  400.00 iters/s

running (09.0s), 00478/00478 VUs, 2386 complete and 0 interrupted iterations
default   [  60% ] 00478/00478 VUs  09.0s/15s  400.00 iters/s

running (10.0s), 00576/00581 VUs, 2572 complete and 0 interrupted iterations
default   [  67% ] 00576/00581 VUs  10.0s/15s  400.00 iters/s

running (11.0s), 00673/00673 VUs, 2748 complete and 0 interrupted iterations
default   [  73% ] 00673/00673 VUs  11.0s/15s  400.00 iters/s

running (12.0s), 00748/00748 VUs, 2986 complete and 0 interrupted iterations
default   [  80% ] 00748/00748 VUs  12.0s/15s  400.00 iters/s

running (13.0s), 00829/00830 VUs, 3208 complete and 0 interrupted iterations
default   [  87% ] 00829/00830 VUs  13.0s/15s  400.00 iters/s

running (14.0s), 00925/00927 VUs, 3404 complete and 0 interrupted iterations
default   [  93% ] 00925/00927 VUs  14.0s/15s  400.00 iters/s

running (15.0s), 01007/01007 VUs, 3635 complete and 0 interrupted iterations
default   [ 100% ] 01007/01007 VUs  15s  400.00 iters/s

running (16.0s), 00766/01008 VUs, 3876 complete and 0 interrupted iterations
default ↓ [ 100% ] 01007/01007 VUs  15s  400.00 iters/s

running (17.0s), 00550/01008 VUs, 4092 complete and 0 interrupted iterations
default ↓ [ 100% ] 01007/01007 VUs  15s  400.00 iters/s

running (18.0s), 00366/01008 VUs, 4276 complete and 0 interrupted iterations
default ↓ [ 100% ] 01007/01007 VUs  15s  400.00 iters/s

running (19.0s), 00273/01008 VUs, 4369 complete and 0 interrupted iterations
default ↓ [ 100% ] 01007/01007 VUs  15s  400.00 iters/s

running (20.0s), 00132/01008 VUs, 4510 complete and 0 interrupted iterations
default ↓ [ 100% ] 01007/01007 VUs  15s  400.00 iters/s


  █ TOTAL RESULTS 

    HTTP
    http_req_duration..............: avg=1.85s min=43.76ms med=2.07s max=5.95s p(90)=3.92s p(95)=5.27s
      { expected_response:true }...: avg=1.85s min=43.76ms med=2.07s max=5.95s p(90)=3.92s p(95)=5.27s
    http_req_failed................: 0.00%  0 out of 4642
    http_reqs......................: 4642   221.7216/s

    EXECUTION
    dropped_iterations.............: 1359   64.911601/s
    iteration_duration.............: avg=1.85s min=43.8ms  med=2.06s max=5.95s p(90)=3.92s p(95)=5.27s
    iterations.....................: 4642   221.7216/s
    vus............................: 132    min=34        max=1007
    vus_max........................: 1008   min=65        max=1008

    NETWORK
    data_received..................: 944 kB 45 kB/s
    data_sent......................: 1.5 MB 73 kB/s




running (20.9s), 00000/01008 VUs, 4642 complete and 0 interrupted iterations
default ✓ [ 100% ] 00000/01008 VUs  15s  400.00 iters/s
