
         /\      Grafana   /‾‾/  
    /\  /  \     |\  __   /  /   
   /  \/    \    | |/ /  /   ‾‾\ 
  /          \   |   (  |  (‾)  |
 / __________ \  |_|\_\  \_____/ 

     execution: local
        script: workflow/aegean/k6_closed_client.js
        output: -

     scenarios: (100.00%) 1 scenario, 100 max VUs, 45s max duration (incl. graceful stop):
              * default: 100 looping VUs for 15s (gracefulStop: 30s)


running (01.0s), 100/100 VUs, 100 complete and 0 interrupted iterations
default   [   7% ] 100 VUs  01.0s/15s

running (02.0s), 100/100 VUs, 200 complete and 0 interrupted iterations
default   [  13% ] 100 VUs  02.0s/15s

running (03.0s), 100/100 VUs, 300 complete and 0 interrupted iterations
default   [  20% ] 100 VUs  03.0s/15s

running (04.0s), 100/100 VUs, 400 complete and 0 interrupted iterations
default   [  27% ] 100 VUs  04.0s/15s

running (05.0s), 100/100 VUs, 500 complete and 0 interrupted iterations
default   [  33% ] 100 VUs  05.0s/15s

running (06.0s), 100/100 VUs, 605 complete and 0 interrupted iterations
default   [  40% ] 100 VUs  06.0s/15s

running (07.0s), 100/100 VUs, 720 complete and 0 interrupted iterations
default   [  47% ] 100 VUs  07.0s/15s

running (08.0s), 100/100 VUs, 820 complete and 0 interrupted iterations
default   [  53% ] 100 VUs  08.0s/15s

running (09.0s), 100/100 VUs, 920 complete and 0 interrupted iterations
default   [  60% ] 100 VUs  09.0s/15s

running (10.0s), 100/100 VUs, 1020 complete and 0 interrupted iterations
default   [  67% ] 100 VUs  10.0s/15s

running (11.0s), 100/100 VUs, 1152 complete and 0 interrupted iterations
default   [  73% ] 100 VUs  11.0s/15s

running (12.0s), 100/100 VUs, 1320 complete and 0 interrupted iterations
default   [  80% ] 100 VUs  12.0s/15s

running (13.0s), 100/100 VUs, 1420 complete and 0 interrupted iterations
default   [  87% ] 100 VUs  13.0s/15s

running (14.0s), 100/100 VUs, 1520 complete and 0 interrupted iterations
default   [  93% ] 100 VUs  14.0s/15s

running (15.0s), 100/100 VUs, 1620 complete and 0 interrupted iterations
default   [ 100% ] 100 VUs  15.0s/15s


  █ TOTAL RESULTS 

    HTTP
    http_req_duration..............: avg=876.59ms min=219.26ms med=820.81ms max=1.65s p(90)=1.14s p(95)=1.5s
      { expected_response:true }...: avg=876.59ms min=219.26ms med=820.81ms max=1.65s p(90)=1.14s p(95)=1.5s
    http_req_failed................: 0.00%  0 out of 1720
    http_reqs......................: 1720   113.914596/s

    EXECUTION
    iteration_duration.............: avg=877.02ms min=219.4ms  med=820.91ms max=1.65s p(90)=1.15s p(95)=1.5s
    iterations.....................: 1720   113.914596/s
    vus............................: 100    min=100       max=100
    vus_max........................: 100    min=100       max=100

    NETWORK
    data_received..................: 491 kB 33 kB/s
    data_sent......................: 641 kB 42 kB/s




running (15.1s), 000/100 VUs, 1720 complete and 0 interrupted iterations
default ✓ [ 100% ] 100 VUs  15s
