
         /\      Grafana   /‾‾/  
    /\  /  \     |\  __   /  /   
   /  \/    \    | |/ /  /   ‾‾\ 
  /          \   |   (  |  (‾)  |
 / __________ \  |_|\_\  \_____/ 

     execution: local
        script: workflow/social/k6_open_read_home_timeline.js
        output: -

     scenarios: (100.00%) 1 scenario, 10000 max VUs, 15s max duration (incl. graceful stop):
              * default: 4000.00 iterations/s for 15s (maxVUs: 4000-10000)


running (00.9s), 00354/04000 VUs, 3075 complete and 0 interrupted iterations
default   [   6% ] 00354/04000 VUs  00.9s/15s  4000.00 iters/s

running (01.9s), 00382/04000 VUs, 7047 complete and 0 interrupted iterations
default   [  12% ] 00382/04000 VUs  01.9s/15s  4000.00 iters/s

running (02.9s), 00531/04000 VUs, 10898 complete and 0 interrupted iterations
default   [  19% ] 00531/04000 VUs  02.9s/15s  4000.00 iters/s

running (03.9s), 01054/04000 VUs, 14375 complete and 0 interrupted iterations
default   [  26% ] 01054/04000 VUs  03.9s/15s  4000.00 iters/s

running (04.9s), 01356/04000 VUs, 18073 complete and 0 interrupted iterations
default   [  32% ] 01356/04000 VUs  04.9s/15s  4000.00 iters/s

running (05.9s), 01781/04000 VUs, 21649 complete and 0 interrupted iterations
default   [  39% ] 01781/04000 VUs  05.9s/15s  4000.00 iters/s

running (06.9s), 02006/04000 VUs, 25423 complete and 0 interrupted iterations
default   [  46% ] 02006/04000 VUs  06.9s/15s  4000.00 iters/s

running (07.9s), 02288/04000 VUs, 29141 complete and 0 interrupted iterations
default   [  52% ] 02288/04000 VUs  07.9s/15s  4000.00 iters/s

running (08.9s), 02301/04000 VUs, 33129 complete and 0 interrupted iterations
default   [  59% ] 02301/04000 VUs  08.9s/15s  4000.00 iters/s

running (09.9s), 02568/04000 VUs, 36862 complete and 0 interrupted iterations
default   [  66% ] 02568/04000 VUs  09.9s/15s  4000.00 iters/s

running (10.9s), 02742/04000 VUs, 40688 complete and 0 interrupted iterations
default   [  72% ] 02742/04000 VUs  10.9s/15s  4000.00 iters/s

running (11.9s), 03071/04000 VUs, 44359 complete and 0 interrupted iterations
default   [  79% ] 03070/04000 VUs  11.9s/15s  4000.00 iters/s

running (12.9s), 03210/04000 VUs, 48219 complete and 0 interrupted iterations
default   [  86% ] 03210/04000 VUs  12.9s/15s  4000.00 iters/s

running (13.9s), 03648/04000 VUs, 51781 complete and 0 interrupted iterations
default   [  92% ] 03648/04000 VUs  13.9s/15s  4000.00 iters/s

running (14.9s), 03653/04000 VUs, 55780 complete and 0 interrupted iterations
default   [  99% ] 03653/04000 VUs  14.9s/15s  4000.00 iters/s


  █ TOTAL RESULTS 

    HTTP
    http_req_duration..............: avg=491.75ms min=3.16ms med=538.97ms max=1.08s p(90)=966.6ms  p(95)=1.02s
      { expected_response:true }...: avg=491.75ms min=3.16ms med=538.97ms max=1.08s p(90)=966.6ms  p(95)=1.02s
    http_req_failed................: 0.00% 0 out of 56172
    http_reqs......................: 56172 3736.697361/s

    EXECUTION
    iteration_duration.............: avg=492.02ms min=3.98ms med=539.08ms max=1.1s  p(90)=966.71ms p(95)=1.02s
    iterations.....................: 56172 3736.697361/s
    vus............................: 3649  min=355        max=3649
    vus_max........................: 4000  min=4000       max=4000

    NETWORK
    data_received..................: 73 MB 4.9 MB/s
    data_sent......................: 14 MB 900 kB/s




running (15.0s), 00000/04000 VUs, 56163 complete and 3838 interrupted iterations
default ✓ [ 100% ] 03837/04000 VUs  15s  4000.00 iters/s
