
         /\      Grafana   /‾‾/  
    /\  /  \     |\  __   /  /   
   /  \/    \    | |/ /  /   ‾‾\ 
  /          \   |   (  |  (‾)  |
 / __________ \  |_|\_\  \_____/ 

     execution: local
        script: workflow/aegean/k6_open_client.js
        output: -

     scenarios: (100.00%) 1 scenario, 50 max VUs, 45s max duration (incl. graceful stop):
              * default: 30.00 iterations/s for 15s (maxVUs: 50, gracefulStop: 30s)


running (01.0s), 02/50 VUs, 28 complete and 0 interrupted iterations
default   [   7% ] 02/50 VUs  01.0s/15s  30.00 iters/s

running (02.0s), 04/50 VUs, 56 complete and 0 interrupted iterations
default   [  13% ] 04/50 VUs  02.0s/15s  30.00 iters/s

running (03.0s), 01/50 VUs, 89 complete and 0 interrupted iterations
default   [  20% ] 01/50 VUs  03.0s/15s  30.00 iters/s

running (04.0s), 02/50 VUs, 118 complete and 0 interrupted iterations
default   [  27% ] 02/50 VUs  04.0s/15s  30.00 iters/s

running (05.0s), 02/50 VUs, 148 complete and 0 interrupted iterations
default   [  33% ] 02/50 VUs  05.0s/15s  30.00 iters/s

running (06.0s), 04/50 VUs, 176 complete and 0 interrupted iterations
default   [  40% ] 04/50 VUs  06.0s/15s  30.00 iters/s

running (07.0s), 07/50 VUs, 203 complete and 0 interrupted iterations
default   [  47% ] 07/50 VUs  07.0s/15s  30.00 iters/s

running (08.0s), 14/50 VUs, 226 complete and 0 interrupted iterations
default   [  53% ] 14/50 VUs  08.0s/15s  30.00 iters/s

running (09.0s), 07/50 VUs, 263 complete and 0 interrupted iterations
default   [  60% ] 07/50 VUs  09.0s/15s  30.00 iters/s

running (10.0s), 10/50 VUs, 290 complete and 0 interrupted iterations
default   [  67% ] 10/50 VUs  10.0s/15s  30.00 iters/s

running (11.0s), 02/50 VUs, 328 complete and 0 interrupted iterations
default   [  73% ] 02/50 VUs  11.0s/15s  30.00 iters/s

running (12.0s), 09/50 VUs, 351 complete and 0 interrupted iterations
default   [  80% ] 09/50 VUs  12.0s/15s  30.00 iters/s

running (13.0s), 21/50 VUs, 369 complete and 0 interrupted iterations
default   [  87% ] 21/50 VUs  13.0s/15s  30.00 iters/s

running (14.0s), 01/50 VUs, 419 complete and 0 interrupted iterations
default   [  93% ] 01/50 VUs  14.0s/15s  30.00 iters/s

running (15.0s), 20/50 VUs, 430 complete and 0 interrupted iterations
default   [ 100% ] 20/50 VUs  15.0s/15s  30.00 iters/s


  █ TOTAL RESULTS 

    HTTP
    http_req_duration..............: avg=251.56ms min=28.35ms med=174.84ms max=1.08s p(90)=556.66ms p(95)=681.29ms
      { expected_response:true }...: avg=251.56ms min=28.35ms med=174.84ms max=1.08s p(90)=556.66ms p(95)=681.29ms
    http_req_failed................: 0.00%  0 out of 451
    http_reqs......................: 451    29.785019/s

    EXECUTION
    iteration_duration.............: avg=252.02ms min=28.45ms med=175.23ms max=1.08s p(90)=557.26ms p(95)=681.54ms
    iterations.....................: 451    29.785019/s
    vus............................: 20     min=1        max=21
    vus_max........................: 50     min=50       max=50

    NETWORK
    data_received..................: 128 kB 8.5 kB/s
    data_sent......................: 169 kB 11 kB/s




running (15.1s), 00/50 VUs, 451 complete and 0 interrupted iterations
default ✓ [ 100% ] 00/50 VUs  15s  30.00 iters/s
