2026/04/30 20:26:19 telemetry disabled: AEGEAN_DISABLE_TRACING=1

         /\      Grafana   /‾‾/  
    /\  /  \     |\  __   /  /   
   /  \/    \    | |/ /  /   ‾‾\ 
  /          \   |   (  |  (‾)  |
 / __________ \  |_|\_\  \_____/ 

     execution: local
        script: workflow/aegean/k6_open_client.js
        output: -

     scenarios: (100.00%) 1 scenario, 10000 max VUs, 45s max duration (incl. graceful stop):
              * default: 350.00 iterations/s for 15s (maxVUs: 0-10000, gracefulStop: 30s)


running (01.0s), 00037/00043 VUs, 269 complete and 0 interrupted iterations
default   [   7% ] 00037/00043 VUs  01.0s/15s  350.00 iters/s

running (02.0s), 00041/00047 VUs, 611 complete and 0 interrupted iterations
default   [  13% ] 00041/00047 VUs  02.0s/15s  350.00 iters/s

running (03.0s), 00035/00050 VUs, 964 complete and 0 interrupted iterations
default   [  20% ] 00035/00050 VUs  03.0s/15s  350.00 iters/s

running (04.0s), 00027/00052 VUs, 1319 complete and 0 interrupted iterations
default   [  27% ] 00027/00052 VUs  04.0s/15s  350.00 iters/s

running (05.0s), 00031/00054 VUs, 1664 complete and 0 interrupted iterations
default   [  33% ] 00031/00054 VUs  05.0s/15s  350.00 iters/s

running (06.0s), 00046/00060 VUs, 1993 complete and 0 interrupted iterations
default   [  40% ] 00046/00060 VUs  06.0s/15s  350.00 iters/s

running (07.0s), 00040/00061 VUs, 2347 complete and 0 interrupted iterations
default   [  47% ] 00041/00061 VUs  07.0s/15s  350.00 iters/s

running (08.0s), 00055/00062 VUs, 2682 complete and 0 interrupted iterations
default   [  53% ] 00055/00062 VUs  08.0s/15s  350.00 iters/s

running (09.0s), 00057/00068 VUs, 3023 complete and 0 interrupted iterations
default   [  60% ] 00057/00068 VUs  09.0s/15s  350.00 iters/s

running (10.0s), 00068/00077 VUs, 3353 complete and 0 interrupted iterations
default   [  67% ] 00068/00077 VUs  10.0s/15s  350.00 iters/s

running (11.0s), 00071/00086 VUs, 3691 complete and 0 interrupted iterations
default   [  73% ] 00071/00086 VUs  11.0s/15s  350.00 iters/s

running (12.0s), 00053/00088 VUs, 4057 complete and 0 interrupted iterations
default   [  80% ] 00054/00088 VUs  12.0s/15s  350.00 iters/s

running (13.0s), 00072/00088 VUs, 4388 complete and 0 interrupted iterations
default   [  87% ] 00072/00088 VUs  13.0s/15s  350.00 iters/s

running (14.0s), 00089/00095 VUs, 4715 complete and 0 interrupted iterations
default   [  93% ] 00089/00095 VUs  14.0s/15s  350.00 iters/s

running (15.0s), 00090/00097 VUs, 5061 complete and 0 interrupted iterations
default ↓ [ 100% ] 00090/00097 VUs  15s  350.00 iters/s


  █ TOTAL RESULTS 

    HTTP
    http_req_duration..............: avg=151.68ms min=43.52ms med=144.34ms max=281.91ms p(90)=229.08ms p(95)=242.77ms
      { expected_response:true }...: avg=151.68ms min=43.52ms med=144.34ms max=281.91ms p(90)=229.08ms p(95)=242.77ms
    http_req_failed................: 0.00%  0 out of 5152
    http_reqs......................: 5152   338.118886/s

    EXECUTION
    dropped_iterations.............: 99     6.497238/s
    iteration_duration.............: avg=151.74ms min=43.58ms med=144.39ms max=281.97ms p(90)=229.12ms p(95)=242.95ms
    iterations.....................: 5152   338.118886/s
    vus............................: 91     min=28        max=91
    vus_max........................: 97     min=43        max=97

    NETWORK
    data_received..................: 1.5 MB 101 kB/s
    data_sent......................: 1.9 MB 126 kB/s




running (15.2s), 00000/00097 VUs, 5152 complete and 0 interrupted iterations
default ✓ [ 100% ] 00000/00097 VUs  15s  350.00 iters/s
