2026/04/24 07:25:06 telemetry disabled: AEGEAN_DISABLE_TRACING=1

         /\      Grafana   /‾‾/  
    /\  /  \     |\  __   /  /   
   /  \/    \    | |/ /  /   ‾‾\ 
  /          \   |   (  |  (‾)  |
 / __________ \  |_|\_\  \_____/ 

     execution: local
        script: workflow/media/k6_open_review_compose.js
        output: -

     scenarios: (100.00%) 1 scenario, 10000 max VUs, 45s max duration (incl. graceful stop):
              * default: 200.00 iterations/s for 15s (maxVUs: 0-10000, gracefulStop: 30s)


running (01.0s), 00066/00066 VUs, 67 complete and 0 interrupted iterations
default   [   7% ] 00066/00066 VUs  01.0s/15s  200.00 iters/s

running (02.0s), 00128/00128 VUs, 143 complete and 0 interrupted iterations
default   [  13% ] 00128/00128 VUs  02.0s/15s  200.00 iters/s

running (03.0s), 00188/00189 VUs, 222 complete and 0 interrupted iterations
default   [  20% ] 00188/00189 VUs  03.0s/15s  200.00 iters/s

running (04.0s), 00247/00249 VUs, 303 complete and 0 interrupted iterations
default   [  27% ] 00247/00249 VUs  04.0s/15s  200.00 iters/s

running (05.0s), 00311/00313 VUs, 376 complete and 0 interrupted iterations
default   [  33% ] 00311/00313 VUs  05.0s/15s  200.00 iters/s

running (06.0s), 00377/00378 VUs, 437 complete and 0 interrupted iterations
default   [  40% ] 00377/00378 VUs  06.0s/15s  200.00 iters/s

running (07.0s), 00446/00446 VUs, 500 complete and 0 interrupted iterations
default   [  47% ] 00446/00446 VUs  07.0s/15s  200.00 iters/s

running (08.0s), 00509/00517 VUs, 564 complete and 0 interrupted iterations
default   [  53% ] 00509/00517 VUs  08.0s/15s  200.00 iters/s

running (09.0s), 00585/00585 VUs, 621 complete and 0 interrupted iterations
default   [  60% ] 00585/00585 VUs  09.0s/15s  200.00 iters/s

running (10.0s), 00654/00654 VUs, 682 complete and 0 interrupted iterations
default   [  67% ] 00654/00654 VUs  10.0s/15s  200.00 iters/s

running (11.0s), 00723/00726 VUs, 741 complete and 0 interrupted iterations
default   [  73% ] 00723/00726 VUs  11.0s/15s  200.00 iters/s

running (12.0s), 00795/00797 VUs, 796 complete and 0 interrupted iterations
default   [  80% ] 00795/00797 VUs  12.0s/15s  200.00 iters/s

running (13.0s), 00867/00867 VUs, 844 complete and 0 interrupted iterations
default   [  87% ] 00867/00867 VUs  13.0s/15s  200.00 iters/s

running (14.0s), 00942/00942 VUs, 885 complete and 0 interrupted iterations
default   [  93% ] 00942/00942 VUs  14.0s/15s  200.00 iters/s

running (15.0s), 01019/01019 VUs, 931 complete and 0 interrupted iterations
default ↓ [ 100% ] 01019/01019 VUs  15s  200.00 iters/s

running (16.0s), 00965/01019 VUs, 985 complete and 0 interrupted iterations
default ↓ [ 100% ] 01019/01019 VUs  15s  200.00 iters/s

running (17.0s), 00919/01019 VUs, 1031 complete and 0 interrupted iterations
default ↓ [ 100% ] 01019/01019 VUs  15s  200.00 iters/s

running (18.0s), 00878/01019 VUs, 1072 complete and 0 interrupted iterations
default ↓ [ 100% ] 01019/01019 VUs  15s  200.00 iters/s

running (19.0s), 00833/01019 VUs, 1117 complete and 0 interrupted iterations
default ↓ [ 100% ] 01019/01019 VUs  15s  200.00 iters/s

running (20.0s), 00787/01019 VUs, 1163 complete and 0 interrupted iterations
default ↓ [ 100% ] 01019/01019 VUs  15s  200.00 iters/s

running (21.0s), 00751/01019 VUs, 1199 complete and 0 interrupted iterations
default ↓ [ 100% ] 01019/01019 VUs  15s  200.00 iters/s

running (22.0s), 00716/01019 VUs, 1234 complete and 0 interrupted iterations
default ↓ [ 100% ] 01019/01019 VUs  15s  200.00 iters/s

running (23.0s), 00683/01019 VUs, 1267 complete and 0 interrupted iterations
default ↓ [ 100% ] 01019/01019 VUs  15s  200.00 iters/s

running (24.0s), 00650/01019 VUs, 1300 complete and 0 interrupted iterations
default ↓ [ 100% ] 01019/01019 VUs  15s  200.00 iters/s

running (25.0s), 00610/01019 VUs, 1340 complete and 0 interrupted iterations
default ↓ [ 100% ] 01019/01019 VUs  15s  200.00 iters/s

running (26.0s), 00572/01019 VUs, 1378 complete and 0 interrupted iterations
default ↓ [ 100% ] 01019/01019 VUs  15s  200.00 iters/s

running (27.0s), 00546/01019 VUs, 1404 complete and 0 interrupted iterations
default ↓ [ 100% ] 01019/01019 VUs  15s  200.00 iters/s

running (28.0s), 00510/01019 VUs, 1440 complete and 0 interrupted iterations
default ↓ [ 100% ] 01019/01019 VUs  15s  200.00 iters/s

running (29.0s), 00481/01019 VUs, 1469 complete and 0 interrupted iterations
default ↓ [ 100% ] 01019/01019 VUs  15s  200.00 iters/s

running (30.0s), 00463/01019 VUs, 1487 complete and 0 interrupted iterations
default ↓ [ 100% ] 01019/01019 VUs  15s  200.00 iters/s

running (31.0s), 00447/01019 VUs, 1503 complete and 0 interrupted iterations
default ↓ [ 100% ] 01019/01019 VUs  15s  200.00 iters/s

running (32.0s), 00415/01019 VUs, 1535 complete and 0 interrupted iterations
default ↓ [ 100% ] 01019/01019 VUs  15s  200.00 iters/s

running (33.0s), 00386/01019 VUs, 1564 complete and 0 interrupted iterations
default ↓ [ 100% ] 01019/01019 VUs  15s  200.00 iters/s

running (34.0s), 00386/01019 VUs, 1564 complete and 0 interrupted iterations
default ↓ [ 100% ] 01019/01019 VUs  15s  200.00 iters/s

running (35.0s), 00386/01019 VUs, 1564 complete and 0 interrupted iterations
default ↓ [ 100% ] 01019/01019 VUs  15s  200.00 iters/s

running (36.0s), 00386/01019 VUs, 1564 complete and 0 interrupted iterations
default ↓ [ 100% ] 01019/01019 VUs  15s  200.00 iters/s

running (37.0s), 00386/01019 VUs, 1564 complete and 0 interrupted iterations
default ↓ [ 100% ] 01019/01019 VUs  15s  200.00 iters/s

running (38.0s), 00386/01019 VUs, 1564 complete and 0 interrupted iterations
default ↓ [ 100% ] 01019/01019 VUs  15s  200.00 iters/s

running (39.0s), 00386/01019 VUs, 1564 complete and 0 interrupted iterations
default ↓ [ 100% ] 01019/01019 VUs  15s  200.00 iters/s

running (40.0s), 00386/01019 VUs, 1564 complete and 0 interrupted iterations
default ↓ [ 100% ] 01019/01019 VUs  15s  200.00 iters/s

running (41.0s), 00386/01019 VUs, 1564 complete and 0 interrupted iterations
default ↓ [ 100% ] 01019/01019 VUs  15s  200.00 iters/s

running (42.0s), 00386/01019 VUs, 1564 complete and 0 interrupted iterations
default ↓ [ 100% ] 01019/01019 VUs  15s  200.00 iters/s

running (43.0s), 00386/01019 VUs, 1564 complete and 0 interrupted iterations
default ↓ [ 100% ] 01019/01019 VUs  15s  200.00 iters/s

running (44.0s), 00382/01019 VUs, 1568 complete and 0 interrupted iterations
default ↓ [ 100% ] 01019/01019 VUs  15s  200.00 iters/s

running (45.0s), 00382/01019 VUs, 1568 complete and 0 interrupted iterations
default ↓ [ 100% ] 01019/01019 VUs  15s  200.00 iters/s


  █ TOTAL RESULTS 

    HTTP
    http_req_duration..............: avg=7.54s min=132.67ms med=6.07s max=31.29s p(90)=16.61s p(95)=18.92s
      { expected_response:true }...: avg=7.54s min=132.67ms med=6.07s max=31.29s p(90)=16.61s p(95)=18.92s
    http_req_failed................: 0.00%  0 out of 1568
    http_reqs......................: 1568   34.748263/s

    EXECUTION
    dropped_iterations.............: 1051   23.291087/s
    iteration_duration.............: avg=7.54s min=132.88ms med=6.07s max=31.27s p(90)=16.59s p(95)=18.91s
    iterations.....................: 1568   34.748263/s
    vus............................: 382    min=66        max=1019
    vus_max........................: 1019   min=66        max=1019

    NETWORK
    data_received..................: 328 kB 7.3 kB/s
    data_sent......................: 1.1 MB 24 kB/s




running (45.1s), 00000/01019 VUs, 1568 complete and 382 interrupted iterations
default ✓ [ 100% ] 00382/01019 VUs  15s  200.00 iters/s
