2026/04/24 07:40:14 telemetry disabled: AEGEAN_DISABLE_TRACING=1

         /\      Grafana   /‾‾/  
    /\  /  \     |\  __   /  /   
   /  \/    \    | |/ /  /   ‾‾\ 
  /          \   |   (  |  (‾)  |
 / __________ \  |_|\_\  \_____/ 

     execution: local
        script: workflow/media/k6_open_review_compose.js
        output: -

     scenarios: (100.00%) 1 scenario, 10000 max VUs, 45s max duration (incl. graceful stop):
              * default: 400.00 iterations/s for 15s (maxVUs: 0-10000, gracefulStop: 30s)


running (01.0s), 00001/00009 VUs, 389 complete and 0 interrupted iterations
default   [   7% ] 00001/00009 VUs  01.0s/15s  400.00 iters/s

running (02.0s), 00000/00013 VUs, 775 complete and 0 interrupted iterations
default   [  13% ] 00000/00013 VUs  02.0s/15s  400.00 iters/s

running (03.0s), 00000/00013 VUs, 1175 complete and 0 interrupted iterations
default   [  20% ] 00001/00013 VUs  03.0s/15s  400.00 iters/s

running (04.0s), 00004/00013 VUs, 1572 complete and 0 interrupted iterations
default   [  27% ] 00004/00013 VUs  04.0s/15s  400.00 iters/s

running (05.0s), 00001/00013 VUs, 1975 complete and 0 interrupted iterations
default   [  33% ] 00001/00013 VUs  05.0s/15s  400.00 iters/s

running (06.0s), 00002/00013 VUs, 2374 complete and 0 interrupted iterations
default   [  40% ] 00002/00013 VUs  06.0s/15s  400.00 iters/s

running (07.0s), 00001/00013 VUs, 2775 complete and 0 interrupted iterations
default   [  47% ] 00001/00013 VUs  07.0s/15s  400.00 iters/s

running (08.0s), 00001/00013 VUs, 3175 complete and 0 interrupted iterations
default   [  53% ] 00001/00013 VUs  08.0s/15s  400.00 iters/s

running (09.0s), 00000/00013 VUs, 3575 complete and 0 interrupted iterations
default   [  60% ] 00001/00013 VUs  09.0s/15s  400.00 iters/s

running (10.0s), 00000/00013 VUs, 3975 complete and 0 interrupted iterations
default   [  67% ] 00001/00013 VUs  10.0s/15s  400.00 iters/s

running (11.0s), 00000/00014 VUs, 4374 complete and 0 interrupted iterations
default   [  73% ] 00001/00014 VUs  11.0s/15s  400.00 iters/s

running (12.0s), 00000/00014 VUs, 4774 complete and 0 interrupted iterations
default   [  80% ] 00001/00014 VUs  12.0s/15s  400.00 iters/s

running (13.0s), 00004/00017 VUs, 5168 complete and 0 interrupted iterations
default   [  87% ] 00004/00017 VUs  13.0s/15s  400.00 iters/s

running (14.0s), 00000/00017 VUs, 5571 complete and 0 interrupted iterations
default   [  93% ] 00001/00017 VUs  14.0s/15s  400.00 iters/s

running (15.0s), 00017/00019 VUs, 5950 complete and 0 interrupted iterations
default ↓ [ 100% ] 00017/00019 VUs  15s  400.00 iters/s


  █ TOTAL RESULTS 

    HTTP
    http_req_duration..............: avg=3.07ms min=991.29µs med=1.52ms max=62.78ms p(90)=5.22ms p(95)=10.96ms
      { expected_response:true }...: avg=3.07ms min=991.29µs med=1.52ms max=62.78ms p(90)=5.22ms p(95)=10.96ms
    http_req_failed................: 0.00%  0 out of 5969
    http_reqs......................: 5969   396.523054/s

    EXECUTION
    dropped_iterations.............: 32     2.125773/s
    iteration_duration.............: avg=3.16ms min=1.02ms   med=1.58ms max=63.04ms p(90)=5.34ms p(95)=11.15ms
    iterations.....................: 5969   396.523054/s
    vus............................: 17     min=0         max=17
    vus_max........................: 19     min=9         max=19

    NETWORK
    data_received..................: 1.4 MB 95 kB/s
    data_sent......................: 3.3 MB 221 kB/s




running (15.1s), 00000/00019 VUs, 5969 complete and 0 interrupted iterations
default ✓ [ 100% ] 00000/00019 VUs  15s  400.00 iters/s
