2026/04/24 08:14:45 telemetry disabled: AEGEAN_DISABLE_TRACING=1

         /\      Grafana   /‾‾/  
    /\  /  \     |\  __   /  /   
   /  \/    \    | |/ /  /   ‾‾\ 
  /          \   |   (  |  (‾)  |
 / __________ \  |_|\_\  \_____/ 

     execution: local
        script: workflow/social/k6_open_read_user_timeline.js
        output: -

     scenarios: (100.00%) 1 scenario, 10000 max VUs, 45s max duration (incl. graceful stop):
              * default: 30.00 iterations/s for 15s (maxVUs: 0-10000, gracefulStop: 30s)


running (01.0s), 00001/00003 VUs, 26 complete and 0 interrupted iterations
default   [   7% ] 00001/00003 VUs  01.0s/15s  30.00 iters/s

running (02.0s), 00001/00003 VUs, 56 complete and 0 interrupted iterations
default   [  13% ] 00001/00003 VUs  02.0s/15s  30.00 iters/s

running (03.0s), 00002/00003 VUs, 84 complete and 0 interrupted iterations
default   [  20% ] 00002/00003 VUs  03.0s/15s  30.00 iters/s

running (04.0s), 00002/00003 VUs, 115 complete and 0 interrupted iterations
default   [  27% ] 00002/00003 VUs  04.0s/15s  30.00 iters/s

running (05.0s), 00002/00003 VUs, 145 complete and 0 interrupted iterations
default   [  33% ] 00002/00003 VUs  05.0s/15s  30.00 iters/s

running (06.0s), 00002/00004 VUs, 174 complete and 0 interrupted iterations
default   [  40% ] 00002/00004 VUs  06.0s/15s  30.00 iters/s

running (07.0s), 00000/00004 VUs, 205 complete and 0 interrupted iterations
default   [  47% ] 00000/00004 VUs  07.0s/15s  30.00 iters/s

running (08.0s), 00002/00004 VUs, 234 complete and 0 interrupted iterations
default   [  53% ] 00002/00004 VUs  08.0s/15s  30.00 iters/s

running (09.0s), 00002/00004 VUs, 264 complete and 0 interrupted iterations
default   [  60% ] 00002/00004 VUs  09.0s/15s  30.00 iters/s

running (10.0s), 00001/00004 VUs, 295 complete and 0 interrupted iterations
default   [  67% ] 00001/00004 VUs  10.0s/15s  30.00 iters/s

running (11.0s), 00002/00004 VUs, 323 complete and 0 interrupted iterations
default   [  73% ] 00003/00004 VUs  11.0s/15s  30.00 iters/s

running (12.0s), 00002/00004 VUs, 354 complete and 0 interrupted iterations
default   [  80% ] 00002/00004 VUs  12.0s/15s  30.00 iters/s

running (13.0s), 00003/00004 VUs, 383 complete and 0 interrupted iterations
default   [  87% ] 00003/00004 VUs  13.0s/15s  30.00 iters/s

running (14.0s), 00003/00004 VUs, 413 complete and 0 interrupted iterations
default   [  93% ] 00003/00004 VUs  14.0s/15s  30.00 iters/s

running (15.0s), 00002/00004 VUs, 444 complete and 0 interrupted iterations
default   [ 100% ] 00002/00004 VUs  15s  30.00 iters/s


  █ TOTAL RESULTS 

    HTTP
    http_req_duration..............: avg=45.14ms min=11.1ms  med=44.72ms max=115.39ms p(90)=66.7ms  p(95)=69.42ms
      { expected_response:true }...: avg=45.14ms min=11.1ms  med=44.72ms max=115.39ms p(90)=66.7ms  p(95)=69.42ms
    http_req_failed................: 0.00%  0 out of 446
    http_reqs......................: 446    29.691724/s

    EXECUTION
    dropped_iterations.............: 5      0.332867/s
    iteration_duration.............: avg=45.47ms min=11.23ms med=45.11ms max=115.64ms p(90)=66.95ms p(95)=69.79ms
    iterations.....................: 446    29.691724/s
    vus............................: 2      min=0        max=3
    vus_max........................: 4      min=3        max=4

    NETWORK
    data_received..................: 554 kB 37 kB/s
    data_sent......................: 101 kB 6.7 kB/s




running (15.0s), 00000/00004 VUs, 446 complete and 0 interrupted iterations
default ✓ [ 100% ] 00000/00004 VUs  15s  30.00 iters/s
