2026/05/05 06:06:07 telemetry disabled: AEGEAN_DISABLE_TRACING=1

         /\      Grafana   /‾‾/  
    /\  /  \     |\  __   /  /   
   /  \/    \    | |/ /  /   ‾‾\ 
  /          \   |   (  |  (‾)  |
 / __________ \  |_|\_\  \_____/ 

     execution: local
        script: workflow/aegean/k6_open_client.js
        output: -

     scenarios: (100.00%) 1 scenario, 10000 max VUs, 45s max duration (incl. graceful stop):
              * default: 650.00 iterations/s for 15s (maxVUs: 0-10000, gracefulStop: 30s)


running (01.0s), 00119/00124 VUs, 371 complete and 0 interrupted iterations
default   [   7% ] 00119/00124 VUs  01.0s/15s  650.00 iters/s

running (02.0s), 00251/00252 VUs, 728 complete and 0 interrupted iterations
default   [  13% ] 00251/00252 VUs  02.0s/15s  650.00 iters/s

running (03.0s), 00347/00359 VUs, 1152 complete and 0 interrupted iterations
default   [  20% ] 00347/00359 VUs  03.0s/15s  650.00 iters/s

running (04.0s), 00479/00480 VUs, 1518 complete and 0 interrupted iterations
default   [  27% ] 00479/00480 VUs  04.0s/15s  650.00 iters/s

running (05.0s), 00578/00583 VUs, 1943 complete and 0 interrupted iterations
default   [  33% ] 00578/00583 VUs  05.0s/15s  650.00 iters/s

running (06.0s), 00677/00690 VUs, 2364 complete and 0 interrupted iterations
default   [  40% ] 00677/00690 VUs  06.0s/15s  650.00 iters/s

running (07.0s), 00792/00808 VUs, 2748 complete and 0 interrupted iterations
default   [  47% ] 00792/00808 VUs  07.0s/15s  650.00 iters/s

running (08.0s), 00914/00928 VUs, 3129 complete and 0 interrupted iterations
default   [  53% ] 00914/00928 VUs  08.0s/15s  650.00 iters/s

running (09.0s), 01036/01036 VUs, 3525 complete and 0 interrupted iterations
default   [  60% ] 01036/01036 VUs  09.0s/15s  650.00 iters/s

running (10.0s), 01135/01142 VUs, 3947 complete and 0 interrupted iterations
default   [  67% ] 01135/01142 VUs  10.0s/15s  650.00 iters/s

running (11.0s), 01242/01243 VUs, 4366 complete and 0 interrupted iterations
default   [  73% ] 01242/01243 VUs  11.0s/15s  650.00 iters/s

running (12.0s), 01347/01347 VUs, 4778 complete and 0 interrupted iterations
default   [  80% ] 01347/01347 VUs  12.0s/15s  650.00 iters/s

running (13.0s), 01451/01465 VUs, 5179 complete and 0 interrupted iterations
default   [  87% ] 01451/01465 VUs  13.0s/15s  650.00 iters/s

running (14.0s), 01552/01561 VUs, 5602 complete and 0 interrupted iterations
default   [  93% ] 01552/01561 VUs  14.0s/15s  650.00 iters/s

running (15.0s), 01668/01669 VUs, 6002 complete and 0 interrupted iterations
default ↓ [ 100% ] 01668/01668 VUs  15s  650.00 iters/s

running (16.0s), 01275/01669 VUs, 6395 complete and 0 interrupted iterations
default ↓ [ 100% ] 01668/01668 VUs  15s  650.00 iters/s

running (17.0s), 00891/01669 VUs, 6779 complete and 0 interrupted iterations
default ↓ [ 100% ] 01668/01668 VUs  15s  650.00 iters/s

running (18.0s), 00512/01669 VUs, 7158 complete and 0 interrupted iterations
default ↓ [ 100% ] 01668/01668 VUs  15s  650.00 iters/s

running (19.0s), 00104/01669 VUs, 7566 complete and 0 interrupted iterations
default ↓ [ 100% ] 01668/01668 VUs  15s  650.00 iters/s


  █ TOTAL RESULTS 

    HTTP
    http_req_duration..............: avg=2.12s min=46.99ms med=2.13s max=4.25s p(90)=3.77s p(95)=4.03s
      { expected_response:true }...: avg=2.12s min=46.99ms med=2.13s max=4.25s p(90)=3.77s p(95)=4.03s
    http_req_failed................: 0.00%  0 out of 7670
    http_reqs......................: 7670   398.641594/s

    EXECUTION
    dropped_iterations.............: 2081   108.158169/s
    iteration_duration.............: avg=2.12s min=47.15ms med=2.13s max=4.25s p(90)=3.77s p(95)=4.03s
    iterations.....................: 7670   398.641594/s
    vus............................: 104    min=104       max=1668
    vus_max........................: 1669   min=124       max=1669

    NETWORK
    data_received..................: 2.5 MB 131 kB/s
    data_sent......................: 2.9 MB 149 kB/s




running (19.2s), 00000/01669 VUs, 7670 complete and 0 interrupted iterations
default ✓ [ 100% ] 00000/01669 VUs  15s  650.00 iters/s
