2026/04/24 07:58:22 telemetry disabled: AEGEAN_DISABLE_TRACING=1

         /\      Grafana   /‾‾/  
    /\  /  \     |\  __   /  /   
   /  \/    \    | |/ /  /   ‾‾\ 
  /          \   |   (  |  (‾)  |
 / __________ \  |_|\_\  \_____/ 

     execution: local
        script: workflow/social/k6_open_client.js
        output: -

     scenarios: (100.00%) 1 scenario, 10000 max VUs, 45s max duration (incl. graceful stop):
              * default: 200.00 iterations/s for 15s (maxVUs: 0-10000, gracefulStop: 30s)


running (01.0s), 00015/00022 VUs, 163 complete and 0 interrupted iterations
default   [   7% ] 00015/00022 VUs  01.0s/15s  200.00 iters/s

running (02.0s), 00010/00031 VUs, 356 complete and 0 interrupted iterations
default   [  13% ] 00010/00031 VUs  02.0s/15s  200.00 iters/s

running (03.0s), 00011/00031 VUs, 554 complete and 0 interrupted iterations
default   [  20% ] 00011/00031 VUs  03.0s/15s  200.00 iters/s

running (04.0s), 00013/00031 VUs, 752 complete and 0 interrupted iterations
default   [  27% ] 00014/00031 VUs  04.0s/15s  200.00 iters/s

running (05.0s), 00015/00031 VUs, 951 complete and 0 interrupted iterations
default   [  33% ] 00015/00031 VUs  05.0s/15s  200.00 iters/s

running (06.0s), 00013/00031 VUs, 1153 complete and 0 interrupted iterations
default   [  40% ] 00013/00031 VUs  06.0s/15s  200.00 iters/s

running (07.0s), 00021/00031 VUs, 1344 complete and 0 interrupted iterations
default   [  47% ] 00021/00031 VUs  07.0s/15s  200.00 iters/s

running (08.0s), 00012/00033 VUs, 1551 complete and 0 interrupted iterations
default   [  53% ] 00012/00033 VUs  08.0s/15s  200.00 iters/s

running (09.0s), 00022/00033 VUs, 1742 complete and 0 interrupted iterations
default   [  60% ] 00022/00033 VUs  09.0s/15s  200.00 iters/s

running (10.0s), 00019/00033 VUs, 1945 complete and 0 interrupted iterations
default   [  67% ] 00019/00033 VUs  10.0s/15s  200.00 iters/s

running (11.0s), 00015/00033 VUs, 2149 complete and 0 interrupted iterations
default   [  73% ] 00015/00033 VUs  11.0s/15s  200.00 iters/s

running (12.0s), 00012/00033 VUs, 2352 complete and 0 interrupted iterations
default   [  80% ] 00012/00033 VUs  12.0s/15s  200.00 iters/s

running (13.0s), 00015/00033 VUs, 2549 complete and 0 interrupted iterations
default   [  87% ] 00015/00033 VUs  13.0s/15s  200.00 iters/s

running (14.0s), 00023/00033 VUs, 2741 complete and 0 interrupted iterations
default   [  93% ] 00023/00033 VUs  14.0s/15s  200.00 iters/s

running (15.0s), 00013/00033 VUs, 2951 complete and 0 interrupted iterations
default   [ 100% ] 00013/00033 VUs  15s  200.00 iters/s


  █ TOTAL RESULTS 

    HTTP
    http_req_duration..............: avg=79.85ms min=40.37ms med=78.58ms max=192.11ms p(90)=103.94ms p(95)=109.59ms
      { expected_response:true }...: avg=79.85ms min=40.37ms med=78.58ms max=192.11ms p(90)=103.94ms p(95)=109.59ms
    http_req_failed................: 0.00%  0 out of 2964
    http_reqs......................: 2964   196.649972/s

    EXECUTION
    dropped_iterations.............: 37     2.454807/s
    iteration_duration.............: avg=79.97ms min=40.58ms med=78.65ms max=192.35ms p(90)=104ms    p(95)=109.68ms
    iterations.....................: 2964   196.649972/s
    vus............................: 12     min=10        max=23
    vus_max........................: 33     min=22        max=33

    NETWORK
    data_received..................: 601 kB 40 kB/s
    data_sent......................: 974 kB 65 kB/s




running (15.1s), 00000/00033 VUs, 2964 complete and 0 interrupted iterations
default ✓ [ 100% ] 00000/00033 VUs  15s  200.00 iters/s
