
         /\      Grafana   /‾‾/  
    /\  /  \     |\  __   /  /   
   /  \/    \    | |/ /  /   ‾‾\ 
  /          \   |   (  |  (‾)  |
 / __________ \  |_|\_\  \_____/ 

     execution: local
        script: workflow/write/k6_open_client.js
        output: -

     scenarios: (100.00%) 1 scenario, 10000 max VUs, 15s max duration (incl. graceful stop):
              * default: 120.00 iterations/s for 15s (maxVUs: 120-10000)


running (01.0s), 00009/00120 VUs, 110 complete and 0 interrupted iterations
default   [   7% ] 00009/00120 VUs  01.0s/15s  120.00 iters/s

running (02.0s), 00008/00120 VUs, 231 complete and 0 interrupted iterations
default   [  13% ] 00008/00120 VUs  02.0s/15s  120.00 iters/s

running (03.0s), 00007/00120 VUs, 352 complete and 0 interrupted iterations
default   [  20% ] 00007/00120 VUs  03.0s/15s  120.00 iters/s

running (04.0s), 00006/00120 VUs, 473 complete and 0 interrupted iterations
default   [  27% ] 00006/00120 VUs  04.0s/15s  120.00 iters/s

running (05.0s), 00009/00120 VUs, 590 complete and 0 interrupted iterations
default   [  33% ] 00009/00120 VUs  05.0s/15s  120.00 iters/s

running (06.0s), 00011/00120 VUs, 708 complete and 0 interrupted iterations
default   [  40% ] 00011/00120 VUs  06.0s/15s  120.00 iters/s

running (07.0s), 00010/00120 VUs, 829 complete and 0 interrupted iterations
default   [  47% ] 00010/00120 VUs  07.0s/15s  120.00 iters/s

running (08.0s), 00005/00120 VUs, 954 complete and 0 interrupted iterations
default   [  53% ] 00005/00120 VUs  08.0s/15s  120.00 iters/s

running (09.0s), 00008/00120 VUs, 1071 complete and 0 interrupted iterations
default   [  60% ] 00008/00120 VUs  09.0s/15s  120.00 iters/s

running (10.0s), 00006/00120 VUs, 1193 complete and 0 interrupted iterations
default   [  67% ] 00006/00120 VUs  10.0s/15s  120.00 iters/s

running (11.0s), 00009/00120 VUs, 1310 complete and 0 interrupted iterations
default   [  73% ] 00009/00120 VUs  11.0s/15s  120.00 iters/s

running (12.0s), 00007/00120 VUs, 1432 complete and 0 interrupted iterations
default   [  80% ] 00007/00120 VUs  12.0s/15s  120.00 iters/s

running (13.0s), 00010/00120 VUs, 1549 complete and 0 interrupted iterations
default   [  87% ] 00010/00120 VUs  13.0s/15s  120.00 iters/s

running (14.0s), 00009/00120 VUs, 1670 complete and 0 interrupted iterations
default   [  93% ] 00009/00120 VUs  14.0s/15s  120.00 iters/s

running (15.0s), 00012/00120 VUs, 1787 complete and 0 interrupted iterations
default   [ 100% ] 00012/00120 VUs  15.0s/15s  120.00 iters/s


  █ TOTAL RESULTS 

    HTTP
    http_req_duration..............: avg=68.25ms min=26.61ms med=67.36ms max=114.4ms  p(90)=93.23ms p(95)=98.3ms 
      { expected_response:true }...: avg=68.25ms min=26.61ms med=67.36ms max=114.4ms  p(90)=93.23ms p(95)=98.3ms 
    http_req_failed................: 0.00%  0 out of 1794
    http_reqs......................: 1794   119.587279/s

    EXECUTION
    iteration_duration.............: avg=68.34ms min=26.86ms med=67.46ms max=114.48ms p(90)=93.3ms  p(95)=98.36ms
    iterations.....................: 1794   119.587279/s
    vus............................: 12     min=5         max=12 
    vus_max........................: 120    min=120       max=120

    NETWORK
    data_received..................: 380 kB 25 kB/s
    data_sent......................: 180 kB 12 kB/s




running (15.0s), 00000/00120 VUs, 1794 complete and 7 interrupted iterations
default ✓ [ 100% ] 00007/00120 VUs  15s  120.00 iters/s
