2026/04/24 07:33:23 telemetry disabled: AEGEAN_DISABLE_TRACING=1

         /\      Grafana   /‾‾/  
    /\  /  \     |\  __   /  /   
   /  \/    \    | |/ /  /   ‾‾\ 
  /          \   |   (  |  (‾)  |
 / __________ \  |_|\_\  \_____/ 

     execution: local
        script: workflow/media/k6_open_review_compose.js
        output: -

     scenarios: (100.00%) 1 scenario, 10000 max VUs, 45s max duration (incl. graceful stop):
              * default: 30.00 iterations/s for 15s (maxVUs: 0-10000, gracefulStop: 30s)


running (01.0s), 00004/00008 VUs, 18 complete and 0 interrupted iterations
default   [   7% ] 00004/00008 VUs  01.0s/15s  30.00 iters/s

running (02.0s), 00010/00010 VUs, 40 complete and 0 interrupted iterations
default   [  13% ] 00010/00010 VUs  02.0s/15s  30.00 iters/s

running (03.0s), 00018/00019 VUs, 53 complete and 0 interrupted iterations
default   [  20% ] 00018/00019 VUs  03.0s/15s  30.00 iters/s

running (04.0s), 00026/00026 VUs, 68 complete and 0 interrupted iterations
default   [  27% ] 00026/00026 VUs  04.0s/15s  30.00 iters/s

running (05.0s), 00030/00032 VUs, 87 complete and 0 interrupted iterations
default   [  33% ] 00031/00032 VUs  05.0s/15s  30.00 iters/s

running (06.0s), 00038/00038 VUs, 101 complete and 0 interrupted iterations
default   [  40% ] 00038/00038 VUs  06.0s/15s  30.00 iters/s

running (07.0s), 00046/00046 VUs, 113 complete and 0 interrupted iterations
default   [  47% ] 00046/00046 VUs  07.0s/15s  30.00 iters/s

running (08.0s), 00039/00046 VUs, 150 complete and 0 interrupted iterations
default   [  53% ] 00039/00046 VUs  08.0s/15s  30.00 iters/s

running (09.0s), 00030/00046 VUs, 189 complete and 0 interrupted iterations
default   [  60% ] 00030/00046 VUs  09.0s/15s  30.00 iters/s

running (10.0s), 00021/00046 VUs, 228 complete and 0 interrupted iterations
default   [  67% ] 00021/00046 VUs  10.0s/15s  30.00 iters/s

running (11.0s), 00018/00046 VUs, 261 complete and 0 interrupted iterations
default   [  73% ] 00018/00046 VUs  11.0s/15s  30.00 iters/s

running (12.0s), 00021/00046 VUs, 288 complete and 0 interrupted iterations
default   [  80% ] 00021/00046 VUs  12.0s/15s  30.00 iters/s

running (13.0s), 00025/00046 VUs, 314 complete and 0 interrupted iterations
default   [  87% ] 00025/00046 VUs  13.0s/15s  30.00 iters/s

running (14.0s), 00022/00046 VUs, 347 complete and 0 interrupted iterations
default   [  93% ] 00022/00046 VUs  14.0s/15s  30.00 iters/s

running (15.0s), 00016/00046 VUs, 383 complete and 0 interrupted iterations
default ↓ [ 100% ] 00015/00046 VUs  15s  30.00 iters/s


  █ TOTAL RESULTS 

    HTTP
    http_req_duration..............: avg=890.98ms min=73.22ms med=736.31ms max=2.22s p(90)=1.56s p(95)=2.05s
      { expected_response:true }...: avg=890.98ms min=73.22ms med=736.31ms max=2.22s p(90)=1.56s p(95)=2.05s
    http_req_failed................: 0.00%  0 out of 399
    http_reqs......................: 399    25.861731/s

    EXECUTION
    dropped_iterations.............: 52     3.370451/s
    iteration_duration.............: avg=892.41ms min=73.38ms med=744.3ms  max=2.22s p(90)=1.56s p(95)=2.05s
    iterations.....................: 399    25.861731/s
    vus............................: 15     min=3        max=45
    vus_max........................: 46     min=8        max=46

    NETWORK
    data_received..................: 83 kB  5.4 kB/s
    data_sent......................: 222 kB 14 kB/s




running (15.4s), 00000/00046 VUs, 399 complete and 0 interrupted iterations
default ✓ [ 100% ] 00000/00046 VUs  15s  30.00 iters/s
