2026/04/24 07:55:47 telemetry disabled: AEGEAN_DISABLE_TRACING=1

         /\      Grafana   /‾‾/  
    /\  /  \     |\  __   /  /   
   /  \/    \    | |/ /  /   ‾‾\ 
  /          \   |   (  |  (‾)  |
 / __________ \  |_|\_\  \_____/ 

     execution: local
        script: workflow/social/k6_open_client.js
        output: -

     scenarios: (100.00%) 1 scenario, 10000 max VUs, 45s max duration (incl. graceful stop):
              * default: 30.00 iterations/s for 15s (maxVUs: 0-10000, gracefulStop: 30s)


running (01.0s), 00002/00005 VUs, 23 complete and 0 interrupted iterations
default   [   7% ] 00002/00005 VUs  01.0s/15s  30.00 iters/s

running (02.0s), 00002/00005 VUs, 52 complete and 0 interrupted iterations
default   [  13% ] 00002/00005 VUs  02.0s/15s  30.00 iters/s

running (03.0s), 00001/00005 VUs, 83 complete and 0 interrupted iterations
default   [  20% ] 00001/00005 VUs  03.0s/15s  30.00 iters/s

running (04.0s), 00003/00005 VUs, 112 complete and 0 interrupted iterations
default   [  27% ] 00003/00005 VUs  04.0s/15s  30.00 iters/s

running (05.0s), 00002/00005 VUs, 143 complete and 0 interrupted iterations
default   [  33% ] 00002/00005 VUs  05.0s/15s  30.00 iters/s

running (06.0s), 00002/00005 VUs, 172 complete and 0 interrupted iterations
default   [  40% ] 00002/00005 VUs  06.0s/15s  30.00 iters/s

running (07.0s), 00002/00005 VUs, 203 complete and 0 interrupted iterations
default   [  47% ] 00002/00005 VUs  07.0s/15s  30.00 iters/s

running (08.0s), 00004/00005 VUs, 231 complete and 0 interrupted iterations
default   [  53% ] 00004/00005 VUs  08.0s/15s  30.00 iters/s

running (09.0s), 00003/00005 VUs, 262 complete and 0 interrupted iterations
default   [  60% ] 00003/00005 VUs  09.0s/15s  30.00 iters/s

running (10.0s), 00003/00005 VUs, 292 complete and 0 interrupted iterations
default   [  67% ] 00003/00005 VUs  10.0s/15s  30.00 iters/s

running (11.0s), 00001/00005 VUs, 323 complete and 0 interrupted iterations
default   [  73% ] 00001/00005 VUs  11.0s/15s  30.00 iters/s

running (12.0s), 00002/00005 VUs, 352 complete and 0 interrupted iterations
default   [  80% ] 00002/00005 VUs  12.0s/15s  30.00 iters/s

running (13.0s), 00001/00005 VUs, 383 complete and 0 interrupted iterations
default   [  87% ] 00001/00005 VUs  13.0s/15s  30.00 iters/s

running (14.0s), 00002/00005 VUs, 413 complete and 0 interrupted iterations
default   [  93% ] 00002/00005 VUs  14.0s/15s  30.00 iters/s

running (15.0s), 00001/00005 VUs, 443 complete and 0 interrupted iterations
default   [ 100% ] 00001/00005 VUs  15s  30.00 iters/s


  █ TOTAL RESULTS 

    HTTP
    http_req_duration..............: avg=70.92ms min=28.94ms med=70.14ms max=227.51ms p(90)=95.08ms p(95)=101.74ms
      { expected_response:true }...: avg=70.92ms min=28.94ms med=70.14ms max=227.51ms p(90)=95.08ms p(95)=101.74ms
    http_req_failed................: 0.00%  0 out of 444
    http_reqs......................: 444    29.482995/s

    EXECUTION
    dropped_iterations.............: 6      0.398419/s
    iteration_duration.............: avg=71.19ms min=29.17ms med=70.37ms max=227.69ms p(90)=95.39ms p(95)=101.95ms
    iterations.....................: 444    29.482995/s
    vus............................: 1      min=1        max=4
    vus_max........................: 5      min=5        max=5

    NETWORK
    data_received..................: 89 kB  5.9 kB/s
    data_sent......................: 146 kB 9.7 kB/s




running (15.1s), 00000/00005 VUs, 444 complete and 0 interrupted iterations
default ✓ [ 100% ] 00000/00005 VUs  15s  30.00 iters/s
