2026/04/30 20:31:08 telemetry disabled: AEGEAN_DISABLE_TRACING=1

         /\      Grafana   /‾‾/  
    /\  /  \     |\  __   /  /   
   /  \/    \    | |/ /  /   ‾‾\ 
  /          \   |   (  |  (‾)  |
 / __________ \  |_|\_\  \_____/ 

     execution: local
        script: workflow/aegean/k6_open_client.js
        output: -

     scenarios: (100.00%) 1 scenario, 10000 max VUs, 45s max duration (incl. graceful stop):
              * default: 250.00 iterations/s for 15s (maxVUs: 0-10000, gracefulStop: 30s)


running (01.0s), 00016/00027 VUs, 206 complete and 0 interrupted iterations
default   [   7% ] 00017/00027 VUs  01.0s/15s  250.00 iters/s

running (02.0s), 00021/00028 VUs, 451 complete and 0 interrupted iterations
default   [  13% ] 00021/00028 VUs  02.0s/15s  250.00 iters/s

running (03.0s), 00023/00028 VUs, 699 complete and 0 interrupted iterations
default   [  20% ] 00023/00028 VUs  03.0s/15s  250.00 iters/s

running (04.0s), 00024/00030 VUs, 946 complete and 0 interrupted iterations
default   [  27% ] 00024/00030 VUs  04.0s/15s  250.00 iters/s

running (05.0s), 00027/00035 VUs, 1188 complete and 0 interrupted iterations
default   [  33% ] 00027/00035 VUs  05.0s/15s  250.00 iters/s

running (06.0s), 00013/00035 VUs, 1452 complete and 0 interrupted iterations
default   [  40% ] 00013/00035 VUs  06.0s/15s  250.00 iters/s

running (07.0s), 00022/00035 VUs, 1692 complete and 0 interrupted iterations
default   [  47% ] 00023/00035 VUs  07.0s/15s  250.00 iters/s

running (08.0s), 00025/00035 VUs, 1939 complete and 0 interrupted iterations
default   [  53% ] 00025/00035 VUs  08.0s/15s  250.00 iters/s

running (09.0s), 00024/00038 VUs, 2188 complete and 0 interrupted iterations
default   [  60% ] 00024/00038 VUs  09.0s/15s  250.00 iters/s

running (10.0s), 00011/00038 VUs, 2450 complete and 0 interrupted iterations
default   [  67% ] 00012/00038 VUs  10.0s/15s  250.00 iters/s

running (11.0s), 00023/00038 VUs, 2689 complete and 0 interrupted iterations
default   [  73% ] 00023/00038 VUs  11.0s/15s  250.00 iters/s

running (12.0s), 00025/00038 VUs, 2936 complete and 0 interrupted iterations
default   [  80% ] 00025/00038 VUs  12.0s/15s  250.00 iters/s

running (13.0s), 00013/00038 VUs, 3198 complete and 0 interrupted iterations
default   [  87% ] 00014/00038 VUs  13.0s/15s  250.00 iters/s

running (14.0s), 00025/00038 VUs, 3437 complete and 0 interrupted iterations
default   [  93% ] 00025/00038 VUs  14.0s/15s  250.00 iters/s

running (15.0s), 00022/00038 VUs, 3689 complete and 0 interrupted iterations
default   [ 100% ] 00022/00038 VUs  15s  250.00 iters/s


  █ TOTAL RESULTS 

    HTTP
    http_req_duration..............: avg=75.42ms min=37.57ms med=73.2ms  max=157.58ms p(90)=100.87ms p(95)=105.13ms
      { expected_response:true }...: avg=75.42ms min=37.57ms med=73.2ms  max=157.58ms p(90)=100.87ms p(95)=105.13ms
    http_req_failed................: 0.00%  0 out of 3712
    http_reqs......................: 3712   246.762158/s

    EXECUTION
    dropped_iterations.............: 39     2.592598/s
    iteration_duration.............: avg=75.5ms  min=37.63ms med=73.27ms max=157.65ms p(90)=100.95ms p(95)=105.18ms
    iterations.....................: 3712   246.762158/s
    vus............................: 23     min=12        max=27
    vus_max........................: 38     min=27        max=38

    NETWORK
    data_received..................: 1.1 MB 73 kB/s
    data_sent......................: 1.4 MB 92 kB/s




running (15.0s), 00000/00038 VUs, 3712 complete and 0 interrupted iterations
default ✓ [ 100% ] 00000/00038 VUs  15s  250.00 iters/s
