
         /\      Grafana   /‾‾/  
    /\  /  \     |\  __   /  /   
   /  \/    \    | |/ /  /   ‾‾\ 
  /          \   |   (  |  (‾)  |
 / __________ \  |_|\_\  \_____/ 

     execution: local
        script: workflow/write/k6_open_client.js
        output: -

     scenarios: (100.00%) 1 scenario, 10000 max VUs, 15s max duration (incl. graceful stop):
              * default: 10.00 iterations/s for 15s (maxVUs: 10-10000)


running (01.0s), 00001/00010 VUs, 9 complete and 0 interrupted iterations
default   [   7% ] 00001/00010 VUs  01.0s/15s  10.00 iters/s

running (02.0s), 00000/00010 VUs, 20 complete and 0 interrupted iterations
default   [  13% ] 00000/00010 VUs  02.0s/15s  10.00 iters/s

running (03.0s), 00001/00010 VUs, 29 complete and 0 interrupted iterations
default   [  20% ] 00001/00010 VUs  03.0s/15s  10.00 iters/s

running (04.0s), 00000/00010 VUs, 40 complete and 0 interrupted iterations
default   [  27% ] 00000/00010 VUs  04.0s/15s  10.00 iters/s

running (05.0s), 00000/00010 VUs, 50 complete and 0 interrupted iterations
default   [  33% ] 00000/00010 VUs  05.0s/15s  10.00 iters/s

running (06.0s), 00001/00010 VUs, 59 complete and 0 interrupted iterations
default   [  40% ] 00001/00010 VUs  06.0s/15s  10.00 iters/s

running (07.0s), 00000/00010 VUs, 70 complete and 0 interrupted iterations
default   [  47% ] 00000/00010 VUs  07.0s/15s  10.00 iters/s

running (08.0s), 00000/00010 VUs, 80 complete and 0 interrupted iterations
default   [  53% ] 00000/00010 VUs  08.0s/15s  10.00 iters/s

running (09.0s), 00001/00010 VUs, 89 complete and 0 interrupted iterations
default   [  60% ] 00001/00010 VUs  09.0s/15s  10.00 iters/s

running (10.0s), 00000/00010 VUs, 100 complete and 0 interrupted iterations
default   [  67% ] 00000/00010 VUs  10.0s/15s  10.00 iters/s

running (11.0s), 00000/00010 VUs, 110 complete and 0 interrupted iterations
default   [  73% ] 00000/00010 VUs  11.0s/15s  10.00 iters/s

running (12.0s), 00000/00010 VUs, 120 complete and 0 interrupted iterations
default   [  80% ] 00000/00010 VUs  12.0s/15s  10.00 iters/s

running (13.0s), 00001/00010 VUs, 129 complete and 0 interrupted iterations
default   [  87% ] 00001/00010 VUs  13.0s/15s  10.00 iters/s

running (14.0s), 00000/00010 VUs, 140 complete and 0 interrupted iterations
default   [  93% ] 00000/00010 VUs  14.0s/15s  10.00 iters/s

running (15.0s), 00000/00010 VUs, 150 complete and 0 interrupted iterations
default   [ 100% ] 00000/00010 VUs  15.0s/15s  10.00 iters/s


  █ TOTAL RESULTS 

    HTTP
    http_req_duration..............: avg=88.8ms  min=64.23ms med=88.19ms max=121.38ms p(90)=102.22ms p(95)=104.88ms
      { expected_response:true }...: avg=88.8ms  min=64.23ms med=88.19ms max=121.38ms p(90)=102.22ms p(95)=104.88ms
    http_req_failed................: 0.00% 0 out of 150
    http_reqs......................: 150   9.999802/s

    EXECUTION
    iteration_duration.............: avg=88.89ms min=64.3ms  med=88.27ms max=121.44ms p(90)=102.34ms p(95)=104.93ms
    iterations.....................: 150   9.999802/s
    vus............................: 0     min=0        max=1 
    vus_max........................: 10    min=10       max=10

    NETWORK
    data_received..................: 32 kB 2.1 kB/s
    data_sent......................: 15 kB 1000 B/s




running (15.0s), 00000/00010 VUs, 150 complete and 1 interrupted iterations
default ✓ [ 100% ] 00001/00010 VUs  15s  10.00 iters/s
