
         /\      Grafana   /‾‾/  
    /\  /  \     |\  __   /  /   
   /  \/    \    | |/ /  /   ‾‾\ 
  /          \   |   (  |  (‾)  |
 / __________ \  |_|\_\  \_____/ 

     execution: local
        script: workflow/hotel/k6_open_reservation_client.js
        output: -

     scenarios: (100.00%) 1 scenario, 10000 max VUs, 15s max duration (incl. graceful stop):
              * default: 180.00 iterations/s for 15s (maxVUs: 180-10000)


running (01.0s), 00003/00180 VUs, 175 complete and 0 interrupted iterations
default   [   7% ] 00003/00180 VUs  01.0s/15s  180.00 iters/s

running (02.0s), 00004/00180 VUs, 354 complete and 0 interrupted iterations
default   [  13% ] 00004/00180 VUs  02.0s/15s  180.00 iters/s

running (03.0s), 00004/00180 VUs, 534 complete and 0 interrupted iterations
default   [  20% ] 00004/00180 VUs  03.0s/15s  180.00 iters/s

running (04.0s), 00005/00180 VUs, 713 complete and 0 interrupted iterations
default   [  27% ] 00005/00180 VUs  04.0s/15s  180.00 iters/s

running (05.0s), 00004/00180 VUs, 894 complete and 0 interrupted iterations
default   [  33% ] 00004/00180 VUs  05.0s/15s  180.00 iters/s

running (06.0s), 00005/00180 VUs, 1073 complete and 0 interrupted iterations
default   [  40% ] 00005/00180 VUs  06.0s/15s  180.00 iters/s

running (07.0s), 00005/00180 VUs, 1253 complete and 0 interrupted iterations
default   [  47% ] 00005/00180 VUs  07.0s/15s  180.00 iters/s

running (08.0s), 00005/00180 VUs, 1433 complete and 0 interrupted iterations
default   [  53% ] 00005/00180 VUs  08.0s/15s  180.00 iters/s

running (09.0s), 00004/00180 VUs, 1614 complete and 0 interrupted iterations
default   [  60% ] 00004/00180 VUs  09.0s/15s  180.00 iters/s

running (10.0s), 00006/00180 VUs, 1792 complete and 0 interrupted iterations
default   [  67% ] 00006/00180 VUs  10.0s/15s  180.00 iters/s

running (11.0s), 00005/00180 VUs, 1973 complete and 0 interrupted iterations
default   [  73% ] 00005/00180 VUs  11.0s/15s  180.00 iters/s

running (12.0s), 00005/00180 VUs, 2153 complete and 0 interrupted iterations
default   [  80% ] 00005/00180 VUs  12.0s/15s  180.00 iters/s

running (13.0s), 00005/00180 VUs, 2333 complete and 0 interrupted iterations
default   [  87% ] 00005/00180 VUs  13.0s/15s  180.00 iters/s

running (14.0s), 00004/00180 VUs, 2514 complete and 0 interrupted iterations
default   [  93% ] 00004/00180 VUs  14.0s/15s  180.00 iters/s

running (15.0s), 00005/00180 VUs, 2693 complete and 0 interrupted iterations
default   [ 100% ] 00005/00180 VUs  15.0s/15s  180.00 iters/s


  █ TOTAL RESULTS 

    HTTP
    http_req_duration..............: avg=23.94ms min=13.82ms med=23.65ms max=38.17ms p(90)=29.2ms  p(95)=30.78ms
      { expected_response:true }...: avg=23.94ms min=13.82ms med=23.65ms max=38.17ms p(90)=29.2ms  p(95)=30.78ms
    http_req_failed................: 0.00%  0 out of 2696
    http_reqs......................: 2696   179.721587/s

    EXECUTION
    iteration_duration.............: avg=24.14ms min=13.94ms med=23.78ms max=62.88ms p(90)=29.33ms p(95)=30.91ms
    iterations.....................: 2696   179.721587/s
    vus............................: 5      min=3         max=6  
    vus_max........................: 180    min=180       max=180

    NETWORK
    data_received..................: 706 kB 47 kB/s
    data_sent......................: 1.0 MB 68 kB/s




running (15.0s), 00000/00180 VUs, 2696 complete and 5 interrupted iterations
default ✓ [ 100% ] 00005/00180 VUs  15s  180.00 iters/s
