
         /\      Grafana   /‾‾/  
    /\  /  \     |\  __   /  /   
   /  \/    \    | |/ /  /   ‾‾\ 
  /          \   |   (  |  (‾)  |
 / __________ \  |_|\_\  \_____/ 

     execution: local
        script: workflow/social/k6_open_read_home_timeline.js
        output: -

     scenarios: (100.00%) 1 scenario, 10000 max VUs, 15s max duration (incl. graceful stop):
              * default: 4000.00 iterations/s for 15s (maxVUs: 4000-10000)


running (00.9s), 00135/04000 VUs, 3326 complete and 0 interrupted iterations
default   [   6% ] 00135/04000 VUs  00.9s/15s  4000.00 iters/s

running (01.9s), 00050/04000 VUs, 7411 complete and 0 interrupted iterations
default   [  12% ] 00050/04000 VUs  01.9s/15s  4000.00 iters/s

running (02.9s), 00027/04000 VUs, 11435 complete and 0 interrupted iterations
default   [  19% ] 00027/04000 VUs  02.9s/15s  4000.00 iters/s

running (03.9s), 00014/04000 VUs, 15447 complete and 0 interrupted iterations
default   [  26% ] 00014/04000 VUs  03.9s/15s  4000.00 iters/s

running (04.9s), 00018/04000 VUs, 19443 complete and 0 interrupted iterations
default   [  32% ] 00018/04000 VUs  04.9s/15s  4000.00 iters/s

running (05.9s), 00004/04000 VUs, 23457 complete and 0 interrupted iterations
default   [  39% ] 00004/04000 VUs  05.9s/15s  4000.00 iters/s

running (06.9s), 00006/04000 VUs, 27456 complete and 0 interrupted iterations
default   [  46% ] 00007/04000 VUs  06.9s/15s  4000.00 iters/s

running (07.9s), 00006/04000 VUs, 31455 complete and 0 interrupted iterations
default   [  52% ] 00006/04000 VUs  07.9s/15s  4000.00 iters/s

running (08.9s), 00006/04000 VUs, 35455 complete and 0 interrupted iterations
default   [  59% ] 00005/04000 VUs  08.9s/15s  4000.00 iters/s

running (09.9s), 00015/04000 VUs, 39446 complete and 0 interrupted iterations
default   [  66% ] 00015/04000 VUs  09.9s/15s  4000.00 iters/s

running (10.9s), 00003/04000 VUs, 43459 complete and 0 interrupted iterations
default   [  72% ] 00003/04000 VUs  10.9s/15s  4000.00 iters/s

running (11.9s), 00009/04000 VUs, 47452 complete and 0 interrupted iterations
default   [  79% ] 00009/04000 VUs  11.9s/15s  4000.00 iters/s

running (12.9s), 00009/04000 VUs, 51452 complete and 0 interrupted iterations
default   [  86% ] 00009/04000 VUs  12.9s/15s  4000.00 iters/s

running (13.9s), 00012/04000 VUs, 55449 complete and 0 interrupted iterations
default   [  92% ] 00012/04000 VUs  13.9s/15s  4000.00 iters/s

running (14.9s), 00008/04000 VUs, 59454 complete and 0 interrupted iterations
default   [  99% ] 00008/04000 VUs  14.9s/15s  4000.00 iters/s


  █ TOTAL RESULTS 

    HTTP
    http_req_duration..............: avg=5.79ms min=535.91µs med=1.87ms max=120.66ms p(90)=15.23ms p(95)=30.67ms
      { expected_response:true }...: avg=5.79ms min=535.91µs med=1.87ms max=120.66ms p(90)=15.23ms p(95)=30.67ms
    http_req_failed................: 0.00% 0 out of 59994
    http_reqs......................: 59994 3998.037204/s

    EXECUTION
    iteration_duration.............: avg=6.02ms min=612.82µs med=1.97ms max=124.51ms p(90)=15.7ms  p(95)=32.25ms
    iterations.....................: 59994 3998.037204/s
    vus............................: 8     min=3          max=135 
    vus_max........................: 4000  min=4000       max=4000

    NETWORK
    data_received..................: 77 MB 5.1 MB/s
    data_sent......................: 14 MB 902 kB/s




running (15.0s), 00000/04000 VUs, 59991 complete and 10 interrupted iterations
default ✓ [ 100% ] 00010/04000 VUs  15s  4000.00 iters/s
