2026/04/24 07:06:20 telemetry disabled: AEGEAN_DISABLE_TRACING=1

         /\      Grafana   /‾‾/  
    /\  /  \     |\  __   /  /   
   /  \/    \    | |/ /  /   ‾‾\ 
  /          \   |   (  |  (‾)  |
 / __________ \  |_|\_\  \_____/ 

     execution: local
        script: workflow/hotel/k6_open_recommendations_client.js
        output: -

     scenarios: (100.00%) 1 scenario, 10000 max VUs, 45s max duration (incl. graceful stop):
              * default: 100.00 iterations/s for 15s (maxVUs: 0-10000, gracefulStop: 30s)


running (01.0s), 00004/00007 VUs, 89 complete and 0 interrupted iterations
default   [   7% ] 00004/00007 VUs  01.0s/15s  100.00 iters/s

running (02.0s), 00004/00007 VUs, 188 complete and 0 interrupted iterations
default   [  13% ] 00004/00007 VUs  02.0s/15s  100.00 iters/s

running (03.0s), 00003/00007 VUs, 290 complete and 0 interrupted iterations
default   [  20% ] 00003/00007 VUs  03.0s/15s  100.00 iters/s

running (04.0s), 00004/00007 VUs, 389 complete and 0 interrupted iterations
default   [  27% ] 00004/00007 VUs  04.0s/15s  100.00 iters/s

running (05.0s), 00004/00007 VUs, 489 complete and 0 interrupted iterations
default   [  33% ] 00004/00007 VUs  05.0s/15s  100.00 iters/s

running (06.0s), 00003/00007 VUs, 589 complete and 0 interrupted iterations
default   [  40% ] 00003/00007 VUs  06.0s/15s  100.00 iters/s

running (07.0s), 00004/00007 VUs, 688 complete and 0 interrupted iterations
default   [  47% ] 00005/00007 VUs  07.0s/15s  100.00 iters/s

running (08.0s), 00005/00007 VUs, 788 complete and 0 interrupted iterations
default   [  53% ] 00005/00007 VUs  08.0s/15s  100.00 iters/s

running (09.0s), 00004/00007 VUs, 889 complete and 0 interrupted iterations
default   [  60% ] 00004/00007 VUs  09.0s/15s  100.00 iters/s

running (10.0s), 00003/00008 VUs, 989 complete and 0 interrupted iterations
default   [  67% ] 00003/00008 VUs  10.0s/15s  100.00 iters/s

running (11.0s), 00005/00008 VUs, 1087 complete and 0 interrupted iterations
default   [  73% ] 00005/00008 VUs  11.0s/15s  100.00 iters/s

running (12.0s), 00006/00010 VUs, 1183 complete and 0 interrupted iterations
default   [  80% ] 00006/00010 VUs  12.0s/15s  100.00 iters/s

running (13.0s), 00005/00010 VUs, 1284 complete and 0 interrupted iterations
default   [  87% ] 00005/00010 VUs  13.0s/15s  100.00 iters/s

running (14.0s), 00005/00010 VUs, 1384 complete and 0 interrupted iterations
default   [  93% ] 00005/00010 VUs  14.0s/15s  100.00 iters/s

running (15.0s), 00003/00010 VUs, 1486 complete and 0 interrupted iterations
default   [ 100% ] 00003/00010 VUs  15s  100.00 iters/s


  █ TOTAL RESULTS 

    HTTP
    http_req_duration..............: avg=37.77ms min=17.3ms  med=37.29ms max=114.63ms p(90)=50.19ms p(95)=52.22ms
      { expected_response:true }...: avg=37.77ms min=17.3ms  med=37.29ms max=114.63ms p(90)=50.19ms p(95)=52.22ms
    http_req_failed................: 0.00%  0 out of 1489
    http_reqs......................: 1489   99.10627/s

    EXECUTION
    dropped_iterations.............: 12     0.798707/s
    iteration_duration.............: avg=37.89ms min=17.37ms med=37.41ms max=114.7ms  p(90)=50.27ms p(95)=52.3ms 
    iterations.....................: 1489   99.10627/s
    vus............................: 3      min=3         max=6 
    vus_max........................: 10     min=7         max=10

    NETWORK
    data_received..................: 943 kB 63 kB/s
    data_sent......................: 424 kB 28 kB/s




running (15.0s), 00000/00010 VUs, 1489 complete and 0 interrupted iterations
default ✓ [ 100% ] 00000/00010 VUs  15s  100.00 iters/s
