2026/04/24 06:49:44 telemetry disabled: AEGEAN_DISABLE_TRACING=1

         /\      Grafana   /‾‾/  
    /\  /  \     |\  __   /  /   
   /  \/    \    | |/ /  /   ‾‾\ 
  /          \   |   (  |  (‾)  |
 / __________ \  |_|\_\  \_____/ 

     execution: local
        script: workflow/aegean/k6_open_client.js
        output: -

     scenarios: (100.00%) 1 scenario, 10000 max VUs, 45s max duration (incl. graceful stop):
              * default: 200.00 iterations/s for 15s (maxVUs: 0-10000, gracefulStop: 30s)


running (01.0s), 00003/00005 VUs, 190 complete and 0 interrupted iterations
default   [   7% ] 00003/00005 VUs  01.0s/15s  200.00 iters/s

running (02.0s), 00003/00006 VUs, 389 complete and 0 interrupted iterations
default   [  13% ] 00003/00006 VUs  02.0s/15s  200.00 iters/s

running (03.0s), 00002/00006 VUs, 589 complete and 0 interrupted iterations
default   [  20% ] 00002/00006 VUs  03.0s/15s  200.00 iters/s

running (04.0s), 00002/00006 VUs, 789 complete and 0 interrupted iterations
default   [  27% ] 00003/00006 VUs  04.0s/15s  200.00 iters/s

running (05.0s), 00003/00007 VUs, 988 complete and 0 interrupted iterations
default   [  33% ] 00003/00007 VUs  05.0s/15s  200.00 iters/s

running (06.0s), 00003/00007 VUs, 1187 complete and 0 interrupted iterations
default   [  40% ] 00003/00007 VUs  06.0s/15s  200.00 iters/s

running (07.0s), 00003/00008 VUs, 1376 complete and 0 interrupted iterations
default   [  47% ] 00003/00008 VUs  07.0s/15s  200.00 iters/s

running (08.0s), 00002/00008 VUs, 1577 complete and 0 interrupted iterations
default   [  53% ] 00002/00008 VUs  08.0s/15s  200.00 iters/s

running (09.0s), 00003/00009 VUs, 1773 complete and 0 interrupted iterations
default   [  60% ] 00003/00009 VUs  09.0s/15s  200.00 iters/s

running (10.0s), 00004/00009 VUs, 1972 complete and 0 interrupted iterations
default   [  67% ] 00003/00009 VUs  10.0s/15s  200.00 iters/s

running (11.0s), 00003/00009 VUs, 2173 complete and 0 interrupted iterations
default   [  73% ] 00003/00009 VUs  11.0s/15s  200.00 iters/s

running (12.0s), 00003/00009 VUs, 2373 complete and 0 interrupted iterations
default   [  80% ] 00003/00009 VUs  12.0s/15s  200.00 iters/s

running (13.0s), 00003/00009 VUs, 2573 complete and 0 interrupted iterations
default   [  87% ] 00003/00009 VUs  13.0s/15s  200.00 iters/s

running (14.0s), 00008/00009 VUs, 2758 complete and 0 interrupted iterations
default   [  93% ] 00009/00009 VUs  14.0s/15s  200.00 iters/s

running (15.0s), 00003/00010 VUs, 2960 complete and 0 interrupted iterations
default   [ 100% ] 00003/00010 VUs  15s  200.00 iters/s


  █ TOTAL RESULTS 

    HTTP
    http_req_duration..............: avg=13.66ms min=10.52ms med=13ms    max=100.14ms p(90)=14.73ms p(95)=15.93ms
      { expected_response:true }...: avg=13.66ms min=10.52ms med=13ms    max=100.14ms p(90)=14.73ms p(95)=15.93ms
    http_req_failed................: 0.00%  0 out of 2964
    http_reqs......................: 2964   197.380049/s

    EXECUTION
    dropped_iterations.............: 37     2.463921/s
    iteration_duration.............: avg=13.98ms min=10.59ms med=13.24ms max=100.36ms p(90)=15.06ms p(95)=16.43ms
    iterations.....................: 2964   197.380049/s
    vus............................: 3      min=2         max=9 
    vus_max........................: 10     min=5         max=10

    NETWORK
    data_received..................: 970 kB 65 kB/s
    data_sent......................: 1.1 MB 74 kB/s




running (15.0s), 00000/00010 VUs, 2964 complete and 0 interrupted iterations
default ✓ [ 100% ] 00000/00010 VUs  15s  200.00 iters/s
