
         /\      Grafana   /‾‾/  
    /\  /  \     |\  __   /  /   
   /  \/    \    | |/ /  /   ‾‾\ 
  /          \   |   (  |  (‾)  |
 / __________ \  |_|\_\  \_____/ 

     execution: local
        script: workflow/write/k6_open_client.js
        output: -

     scenarios: (100.00%) 1 scenario, 10000 max VUs, 15s max duration (incl. graceful stop):
              * default: 180.00 iterations/s for 15s (maxVUs: 180-10000)


running (01.0s), 00019/00180 VUs, 159 complete and 0 interrupted iterations
default   [   7% ] 00019/00180 VUs  01.0s/15s  180.00 iters/s

running (02.0s), 00011/00180 VUs, 347 complete and 0 interrupted iterations
default   [  13% ] 00011/00180 VUs  02.0s/15s  180.00 iters/s

running (03.0s), 00009/00180 VUs, 529 complete and 0 interrupted iterations
default   [  20% ] 00009/00180 VUs  03.0s/15s  180.00 iters/s

running (04.0s), 00018/00180 VUs, 700 complete and 0 interrupted iterations
default   [  27% ] 00018/00180 VUs  04.0s/15s  180.00 iters/s

running (05.0s), 00011/00180 VUs, 887 complete and 0 interrupted iterations
default   [  33% ] 00011/00180 VUs  05.0s/15s  180.00 iters/s

running (06.0s), 00015/00180 VUs, 1063 complete and 0 interrupted iterations
default   [  40% ] 00015/00180 VUs  06.0s/15s  180.00 iters/s

running (07.0s), 00019/00180 VUs, 1239 complete and 0 interrupted iterations
default   [  47% ] 00019/00180 VUs  07.0s/15s  180.00 iters/s

running (08.0s), 00018/00180 VUs, 1420 complete and 0 interrupted iterations
default   [  53% ] 00018/00180 VUs  08.0s/15s  180.00 iters/s

running (09.0s), 00022/00180 VUs, 1596 complete and 0 interrupted iterations
default   [  60% ] 00022/00180 VUs  09.0s/15s  180.00 iters/s

running (10.0s), 00021/00180 VUs, 1777 complete and 0 interrupted iterations
default   [  67% ] 00021/00180 VUs  10.0s/15s  180.00 iters/s

running (11.0s), 00020/00180 VUs, 1958 complete and 0 interrupted iterations
default   [  73% ] 00020/00180 VUs  11.0s/15s  180.00 iters/s

running (12.0s), 00019/00180 VUs, 2139 complete and 0 interrupted iterations
default   [  80% ] 00019/00180 VUs  12.0s/15s  180.00 iters/s

running (13.0s), 00029/00180 VUs, 2309 complete and 0 interrupted iterations
default   [  87% ] 00029/00180 VUs  13.0s/15s  180.00 iters/s

running (14.0s), 00038/00180 VUs, 2480 complete and 0 interrupted iterations
default   [  93% ] 00038/00180 VUs  14.0s/15s  180.00 iters/s

running (15.0s), 00053/00180 VUs, 2645 complete and 0 interrupted iterations
default   [ 100% ] 00053/00180 VUs  15.0s/15s  180.00 iters/s


  █ TOTAL RESULTS 

    HTTP
    http_req_duration..............: avg=99.13ms min=37.77ms med=88.31ms max=320.12ms p(90)=155.54ms p(95)=211.71ms
      { expected_response:true }...: avg=99.13ms min=37.77ms med=88.31ms max=320.12ms p(90)=155.54ms p(95)=211.71ms
    http_req_failed................: 0.00%  0 out of 2645
    http_reqs......................: 2645   176.317232/s

    EXECUTION
    iteration_duration.............: avg=99.25ms min=38.04ms med=88.58ms max=320.21ms p(90)=155.6ms  p(95)=211.75ms
    iterations.....................: 2645   176.317232/s
    vus............................: 53     min=9         max=53 
    vus_max........................: 180    min=180       max=180

    NETWORK
    data_received..................: 561 kB 37 kB/s
    data_sent......................: 270 kB 18 kB/s




running (15.0s), 00000/00180 VUs, 2645 complete and 56 interrupted iterations
default ✓ [ 100% ] 00056/00180 VUs  15s  180.00 iters/s
