
         /\      Grafana   /‾‾/  
    /\  /  \     |\  __   /  /   
   /  \/    \    | |/ /  /   ‾‾\ 
  /          \   |   (  |  (‾)  |
 / __________ \  |_|\_\  \_____/ 

     execution: local
        script: workflow/aegean/k6_open_client.js
        output: -

     scenarios: (100.00%) 1 scenario, 10000 max VUs, 45s max duration (incl. graceful stop):
              * default: 75.00 iterations/s for 15s (maxVUs: 0-10000, gracefulStop: 30s)


running (01.0s), 00001/00003 VUs, 70 complete and 0 interrupted iterations
default   [   7% ] 00001/00003 VUs  01.0s/15s  75.00 iters/s

running (02.0s), 00001/00003 VUs, 145 complete and 0 interrupted iterations
default   [  13% ] 00001/00003 VUs  02.0s/15s  75.00 iters/s

running (03.0s), 00001/00003 VUs, 220 complete and 0 interrupted iterations
default   [  20% ] 00001/00003 VUs  03.0s/15s  75.00 iters/s

running (04.0s), 00001/00003 VUs, 295 complete and 0 interrupted iterations
default   [  27% ] 00001/00003 VUs  04.0s/15s  75.00 iters/s

running (05.0s), 00001/00003 VUs, 370 complete and 0 interrupted iterations
default   [  33% ] 00001/00003 VUs  05.0s/15s  75.00 iters/s

running (06.0s), 00001/00003 VUs, 445 complete and 0 interrupted iterations
default   [  40% ] 00001/00003 VUs  06.0s/15s  75.00 iters/s

running (07.0s), 00001/00003 VUs, 520 complete and 0 interrupted iterations
default   [  47% ] 00001/00003 VUs  07.0s/15s  75.00 iters/s

running (08.0s), 00002/00003 VUs, 595 complete and 0 interrupted iterations
default   [  53% ] 00002/00003 VUs  08.0s/15s  75.00 iters/s

running (09.0s), 00002/00003 VUs, 670 complete and 0 interrupted iterations
default   [  60% ] 00002/00003 VUs  09.0s/15s  75.00 iters/s

running (10.0s), 00002/00003 VUs, 744 complete and 0 interrupted iterations
default   [  67% ] 00002/00003 VUs  10.0s/15s  75.00 iters/s

running (11.0s), 00002/00003 VUs, 820 complete and 0 interrupted iterations
default   [  73% ] 00002/00003 VUs  11.0s/15s  75.00 iters/s

running (12.0s), 00002/00003 VUs, 895 complete and 0 interrupted iterations
default   [  80% ] 00002/00003 VUs  12.0s/15s  75.00 iters/s

running (13.0s), 00001/00003 VUs, 970 complete and 0 interrupted iterations
default   [  87% ] 00001/00003 VUs  13.0s/15s  75.00 iters/s

running (14.0s), 00001/00003 VUs, 1045 complete and 0 interrupted iterations
default   [  93% ] 00001/00003 VUs  14.0s/15s  75.00 iters/s

running (15.0s), 00001/00003 VUs, 1120 complete and 0 interrupted iterations
default   [ 100% ] 00001/00003 VUs  15.0s/15s  75.00 iters/s


  █ TOTAL RESULTS 

    HTTP
    http_req_duration..............: avg=20.83ms min=17.93ms med=20.81ms max=27.13ms p(90)=21.8ms p(95)=22.11ms
      { expected_response:true }...: avg=20.83ms min=17.93ms med=20.81ms max=27.13ms p(90)=21.8ms p(95)=22.11ms
    http_req_failed................: 0.00% 0 out of 1122
    http_reqs......................: 1122  74.679085/s

    EXECUTION
    dropped_iterations.............: 4     0.266236/s
    iteration_duration.............: avg=23.99ms min=19.62ms med=24.06ms max=31.06ms p(90)=25.1ms p(95)=25.52ms
    iterations.....................: 1122  74.679085/s
    vus............................: 1     min=1         max=2
    vus_max........................: 3     min=3         max=3

    NETWORK
    data_received..................: 56 MB 3.8 MB/s
    data_sent......................: 56 MB 3.8 MB/s




running (15.0s), 00000/00003 VUs, 1122 complete and 0 interrupted iterations
default ✓ [ 100% ] 00000/00003 VUs  15s  75.00 iters/s
