2026/04/24 08:05:24 telemetry disabled: AEGEAN_DISABLE_TRACING=1

         /\      Grafana   /‾‾/  
    /\  /  \     |\  __   /  /   
   /  \/    \    | |/ /  /   ‾‾\ 
  /          \   |   (  |  (‾)  |
 / __________ \  |_|\_\  \_____/ 

     execution: local
        script: workflow/social/k6_open_read_home_timeline.js
        output: -

     scenarios: (100.00%) 1 scenario, 10000 max VUs, 45s max duration (incl. graceful stop):
              * default: 400.00 iterations/s for 15s (maxVUs: 0-10000, gracefulStop: 30s)


running (01.0s), 00015/00030 VUs, 354 complete and 0 interrupted iterations
default   [   7% ] 00015/00030 VUs  01.0s/15s  400.00 iters/s

running (02.0s), 00014/00030 VUs, 755 complete and 0 interrupted iterations
default   [  13% ] 00015/00030 VUs  02.0s/15s  400.00 iters/s

running (03.0s), 00015/00030 VUs, 1154 complete and 0 interrupted iterations
default   [  20% ] 00015/00030 VUs  03.0s/15s  400.00 iters/s

running (04.0s), 00018/00030 VUs, 1551 complete and 0 interrupted iterations
default   [  27% ] 00019/00030 VUs  04.0s/15s  400.00 iters/s

running (05.0s), 00009/00031 VUs, 1959 complete and 0 interrupted iterations
default   [  33% ] 00010/00031 VUs  05.0s/15s  400.00 iters/s

running (06.0s), 00017/00031 VUs, 2352 complete and 0 interrupted iterations
default   [  40% ] 00017/00031 VUs  06.0s/15s  400.00 iters/s

running (07.0s), 00015/00031 VUs, 2754 complete and 0 interrupted iterations
default   [  47% ] 00015/00031 VUs  07.0s/15s  400.00 iters/s

running (08.0s), 00015/00033 VUs, 3151 complete and 0 interrupted iterations
default   [  53% ] 00015/00033 VUs  08.0s/15s  400.00 iters/s

running (09.0s), 00015/00033 VUs, 3552 complete and 0 interrupted iterations
default   [  60% ] 00015/00033 VUs  09.0s/15s  400.00 iters/s

running (10.0s), 00014/00033 VUs, 3953 complete and 0 interrupted iterations
default   [  67% ] 00014/00033 VUs  10.0s/15s  400.00 iters/s

running (11.0s), 00025/00033 VUs, 4341 complete and 0 interrupted iterations
default   [  73% ] 00026/00033 VUs  11.0s/15s  400.00 iters/s

running (12.0s), 00015/00033 VUs, 4752 complete and 0 interrupted iterations
default   [  80% ] 00015/00033 VUs  12.0s/15s  400.00 iters/s

running (13.0s), 00015/00033 VUs, 5151 complete and 0 interrupted iterations
default   [  87% ] 00015/00033 VUs  13.0s/15s  400.00 iters/s

running (14.0s), 00016/00033 VUs, 5550 complete and 0 interrupted iterations
default   [  93% ] 00017/00033 VUs  14.0s/15s  400.00 iters/s

running (15.0s), 00011/00035 VUs, 5953 complete and 0 interrupted iterations
default   [ 100% ] 00011/00035 VUs  15s  400.00 iters/s


  █ TOTAL RESULTS 

    HTTP
    http_req_duration..............: avg=36.37ms min=12.24ms med=33.99ms max=89.97ms p(90)=58.53ms p(95)=64.59ms
      { expected_response:true }...: avg=36.37ms min=12.24ms med=33.99ms max=89.97ms p(90)=58.53ms p(95)=64.59ms
    http_req_failed................: 0.00%  0 out of 5965
    http_reqs......................: 5965   396.777288/s

    EXECUTION
    dropped_iterations.............: 36     2.394632/s
    iteration_duration.............: avg=36.43ms min=12.27ms med=34.04ms max=90.05ms p(90)=58.61ms p(95)=64.68ms
    iterations.....................: 5965   396.777288/s
    vus............................: 12     min=10        max=25
    vus_max........................: 35     min=30        max=35

    NETWORK
    data_received..................: 7.4 MB 494 kB/s
    data_sent......................: 1.3 MB 90 kB/s




running (15.0s), 00000/00035 VUs, 5965 complete and 0 interrupted iterations
default ✓ [ 100% ] 00000/00035 VUs  15s  400.00 iters/s
