2026/05/05 05:57:25 telemetry disabled: AEGEAN_DISABLE_TRACING=1

         /\      Grafana   /‾‾/  
    /\  /  \     |\  __   /  /   
   /  \/    \    | |/ /  /   ‾‾\ 
  /          \   |   (  |  (‾)  |
 / __________ \  |_|\_\  \_____/ 

     execution: local
        script: workflow/aegean/k6_open_client.js
        output: -

     scenarios: (100.00%) 1 scenario, 10000 max VUs, 45s max duration (incl. graceful stop):
              * default: 600.00 iterations/s for 15s (maxVUs: 0-10000, gracefulStop: 30s)


running (01.0s), 00115/00117 VUs, 345 complete and 0 interrupted iterations
default   [   7% ] 00115/00117 VUs  01.0s/15s  600.00 iters/s

running (02.0s), 00186/00210 VUs, 761 complete and 0 interrupted iterations
default   [  13% ] 00186/00210 VUs  02.0s/15s  600.00 iters/s

running (03.0s), 00288/00296 VUs, 1149 complete and 0 interrupted iterations
default   [  20% ] 00288/00296 VUs  03.0s/15s  600.00 iters/s

running (04.0s), 00393/00393 VUs, 1471 complete and 0 interrupted iterations
default   [  27% ] 00393/00393 VUs  04.0s/15s  600.00 iters/s

running (05.0s), 00512/00513 VUs, 1804 complete and 0 interrupted iterations
default   [  33% ] 00512/00513 VUs  05.0s/15s  600.00 iters/s

running (06.0s), 00606/00607 VUs, 2200 complete and 0 interrupted iterations
default   [  40% ] 00606/00607 VUs  06.0s/15s  600.00 iters/s

running (07.0s), 00694/00711 VUs, 2561 complete and 0 interrupted iterations
default   [  47% ] 00694/00711 VUs  07.0s/15s  600.00 iters/s

running (08.0s), 00807/00815 VUs, 2919 complete and 0 interrupted iterations
default   [  53% ] 00807/00815 VUs  08.0s/15s  600.00 iters/s

running (09.0s), 00931/00931 VUs, 3196 complete and 0 interrupted iterations
default   [  60% ] 00931/00931 VUs  09.0s/15s  600.00 iters/s

running (10.0s), 01030/01030 VUs, 3377 complete and 0 interrupted iterations
default   [  67% ] 01030/01030 VUs  10.0s/15s  600.00 iters/s

running (11.0s), 01125/01133 VUs, 3712 complete and 0 interrupted iterations
default   [  73% ] 01125/01133 VUs  11.0s/15s  600.00 iters/s

running (12.0s), 01227/01234 VUs, 4004 complete and 0 interrupted iterations
default   [  80% ] 01227/01234 VUs  12.0s/15s  600.00 iters/s

running (13.0s), 01339/01346 VUs, 4159 complete and 0 interrupted iterations
default   [  87% ] 01339/01346 VUs  13.0s/15s  600.00 iters/s

running (14.0s), 01448/01456 VUs, 4390 complete and 0 interrupted iterations
default   [  93% ] 01448/01456 VUs  14.0s/15s  600.00 iters/s

running (15.0s), 01587/01588 VUs, 4622 complete and 0 interrupted iterations
default   [ 100% ] 01587/01588 VUs  15s  600.00 iters/s

running (16.0s), 01236/01588 VUs, 4974 complete and 0 interrupted iterations
default ↓ [ 100% ] 01588/01588 VUs  15s  600.00 iters/s

running (17.0s), 00990/01588 VUs, 5220 complete and 0 interrupted iterations
default ↓ [ 100% ] 01588/01588 VUs  15s  600.00 iters/s

running (18.0s), 00714/01588 VUs, 5496 complete and 0 interrupted iterations
default ↓ [ 100% ] 01588/01588 VUs  15s  600.00 iters/s

running (19.0s), 00356/01588 VUs, 5854 complete and 0 interrupted iterations
default ↓ [ 100% ] 01588/01588 VUs  15s  600.00 iters/s
2026/05/05 05:57:52 k6 client request logic timed out after 20s
