2026/04/24 06:48:45 telemetry disabled: AEGEAN_DISABLE_TRACING=1

         /\      Grafana   /‾‾/  
    /\  /  \     |\  __   /  /   
   /  \/    \    | |/ /  /   ‾‾\ 
  /          \   |   (  |  (‾)  |
 / __________ \  |_|\_\  \_____/ 

     execution: local
        script: workflow/aegean/k6_open_client.js
        output: -

     scenarios: (100.00%) 1 scenario, 10000 max VUs, 45s max duration (incl. graceful stop):
              * default: 400.00 iterations/s for 15s (maxVUs: 0-10000, gracefulStop: 30s)


running (01.0s), 00052/00055 VUs, 292 complete and 0 interrupted iterations
default   [   7% ] 00052/00055 VUs  01.0s/15s  400.00 iters/s

running (02.0s), 00087/00088 VUs, 623 complete and 0 interrupted iterations
default   [  13% ] 00088/00088 VUs  02.0s/15s  400.00 iters/s

running (03.0s), 00115/00118 VUs, 947 complete and 0 interrupted iterations
default   [  20% ] 00115/00118 VUs  03.0s/15s  400.00 iters/s

running (04.0s), 00140/00153 VUs, 1287 complete and 0 interrupted iterations
default   [  27% ] 00140/00153 VUs  04.0s/15s  400.00 iters/s

running (05.0s), 00175/00175 VUs, 1625 complete and 0 interrupted iterations
default   [  33% ] 00175/00175 VUs  05.0s/15s  400.00 iters/s

running (06.0s), 00196/00202 VUs, 1975 complete and 0 interrupted iterations
default   [  40% ] 00196/00202 VUs  06.0s/15s  400.00 iters/s

running (07.0s), 00217/00230 VUs, 2319 complete and 0 interrupted iterations
default   [  47% ] 00217/00230 VUs  07.0s/15s  400.00 iters/s

running (08.0s), 00250/00256 VUs, 2659 complete and 0 interrupted iterations
default   [  53% ] 00250/00256 VUs  08.0s/15s  400.00 iters/s

running (09.0s), 00277/00277 VUs, 3012 complete and 0 interrupted iterations
default   [  60% ] 00277/00277 VUs  09.0s/15s  400.00 iters/s

running (10.0s), 00316/00321 VUs, 3306 complete and 0 interrupted iterations
default   [  67% ] 00316/00321 VUs  10.0s/15s  400.00 iters/s

running (11.0s), 00335/00358 VUs, 3607 complete and 0 interrupted iterations
default   [  73% ] 00335/00358 VUs  11.0s/15s  400.00 iters/s

running (12.0s), 00384/00391 VUs, 3898 complete and 0 interrupted iterations
default   [  80% ] 00384/00391 VUs  12.0s/15s  400.00 iters/s

running (13.0s), 00424/00429 VUs, 4152 complete and 0 interrupted iterations
default   [  87% ] 00424/00429 VUs  13.0s/15s  400.00 iters/s

running (14.0s), 00447/00458 VUs, 4499 complete and 0 interrupted iterations
default   [  93% ] 00447/00458 VUs  14.0s/15s  400.00 iters/s

running (15.0s), 00478/00482 VUs, 4842 complete and 0 interrupted iterations
default   [ 100% ] 00478/00482 VUs  15s  400.00 iters/s

running (16.0s), 00129/00482 VUs, 5191 complete and 0 interrupted iterations
default ↓ [ 100% ] 00478/00482 VUs  15s  400.00 iters/s


  █ TOTAL RESULTS 

    HTTP
    http_req_duration..............: avg=741.5ms min=48.23ms med=659.38ms max=1.43s p(90)=1.32s p(95)=1.37s
      { expected_response:true }...: avg=741.5ms min=48.23ms med=659.38ms max=1.43s p(90)=1.32s p(95)=1.37s
    http_req_failed................: 0.00%  0 out of 5320
    http_reqs......................: 5320   325.548449/s

    EXECUTION
    dropped_iterations.............: 681    41.672649/s
    iteration_duration.............: avg=741.7ms min=48.28ms med=659.45ms max=1.43s p(90)=1.32s p(95)=1.37s
    iterations.....................: 5320   325.548449/s
    vus............................: 129    min=52        max=478
    vus_max........................: 482    min=55        max=482

    NETWORK
    data_received..................: 1.6 MB 97 kB/s
    data_sent......................: 2.0 MB 121 kB/s




running (16.3s), 00000/00482 VUs, 5320 complete and 0 interrupted iterations
default ✓ [ 100% ] 00000/00482 VUs  15s  400.00 iters/s
