2026/04/30 17:18:37 telemetry disabled: AEGEAN_DISABLE_TRACING=1

         /\      Grafana   /‾‾/  
    /\  /  \     |\  __   /  /   
   /  \/    \    | |/ /  /   ‾‾\ 
  /          \   |   (  |  (‾)  |
 / __________ \  |_|\_\  \_____/ 

     execution: local
        script: workflow/aegean/k6_open_client.js
        output: -

     scenarios: (100.00%) 1 scenario, 10000 max VUs, 45s max duration (incl. graceful stop):
              * default: 400.00 iterations/s for 15s (maxVUs: 0-10000, gracefulStop: 30s)


running (01.0s), 00006/00008 VUs, 386 complete and 0 interrupted iterations
default   [   7% ] 00006/00008 VUs  01.0s/15s  400.00 iters/s

running (02.0s), 00006/00010 VUs, 775 complete and 0 interrupted iterations
default   [  13% ] 00006/00010 VUs  02.0s/15s  400.00 iters/s

running (03.0s), 00004/00011 VUs, 1175 complete and 0 interrupted iterations
default   [  20% ] 00004/00011 VUs  03.0s/15s  400.00 iters/s

running (04.0s), 00011/00012 VUs, 1570 complete and 0 interrupted iterations
default   [  27% ] 00011/00012 VUs  04.0s/15s  400.00 iters/s

running (05.0s), 00006/00015 VUs, 1953 complete and 0 interrupted iterations
default   [  33% ] 00006/00015 VUs  05.0s/15s  400.00 iters/s

running (06.0s), 00006/00015 VUs, 2353 complete and 0 interrupted iterations
default   [  40% ] 00006/00015 VUs  06.0s/15s  400.00 iters/s

running (07.0s), 00006/00015 VUs, 2753 complete and 0 interrupted iterations
default   [  47% ] 00006/00015 VUs  07.0s/15s  400.00 iters/s

running (08.0s), 00006/00015 VUs, 3153 complete and 0 interrupted iterations
default   [  53% ] 00006/00015 VUs  08.0s/15s  400.00 iters/s

running (09.0s), 00006/00016 VUs, 3552 complete and 0 interrupted iterations
default   [  60% ] 00006/00016 VUs  09.0s/15s  400.00 iters/s

running (10.0s), 00006/00016 VUs, 3952 complete and 0 interrupted iterations
default   [  67% ] 00006/00016 VUs  10.0s/15s  400.00 iters/s

running (11.0s), 00005/00016 VUs, 4352 complete and 0 interrupted iterations
default   [  73% ] 00005/00016 VUs  11.0s/15s  400.00 iters/s

running (12.0s), 00006/00016 VUs, 4752 complete and 0 interrupted iterations
default   [  80% ] 00006/00016 VUs  12.0s/15s  400.00 iters/s

running (13.0s), 00006/00016 VUs, 5152 complete and 0 interrupted iterations
default   [  87% ] 00006/00016 VUs  13.0s/15s  400.00 iters/s

running (14.0s), 00005/00016 VUs, 5552 complete and 0 interrupted iterations
default   [  93% ] 00005/00016 VUs  14.0s/15s  400.00 iters/s

running (15.0s), 00007/00016 VUs, 5951 complete and 0 interrupted iterations
default ↓ [ 100% ] 00007/00016 VUs  15s  400.00 iters/s


  █ TOTAL RESULTS 

    HTTP
    http_req_duration..............: avg=12.83ms min=10.42ms med=12.38ms max=81.38ms p(90)=13.86ms p(95)=14.52ms
      { expected_response:true }...: avg=12.83ms min=10.42ms med=12.38ms max=81.38ms p(90)=13.86ms p(95)=14.52ms
    http_req_failed................: 0.00%  0 out of 5958
    http_reqs......................: 5958   396.824495/s

    EXECUTION
    dropped_iterations.............: 43     2.863957/s
    iteration_duration.............: avg=13ms    min=10.46ms med=12.54ms max=81.63ms p(90)=14.09ms p(95)=14.74ms
    iterations.....................: 5958   396.824495/s
    vus............................: 6      min=4         max=11
    vus_max........................: 16     min=8         max=16

    NETWORK
    data_received..................: 2.0 MB 130 kB/s
    data_sent......................: 2.2 MB 148 kB/s




running (15.0s), 00000/00016 VUs, 5958 complete and 0 interrupted iterations
default ✓ [ 100% ] 00000/00016 VUs  15s  400.00 iters/s
