
         /\      Grafana   /‾‾/  
    /\  /  \     |\  __   /  /   
   /  \/    \    | |/ /  /   ‾‾\ 
  /          \   |   (  |  (‾)  |
 / __________ \  |_|\_\  \_____/ 

     execution: local
        script: workflow/social/k6_open_client.js
        output: -

     scenarios: (100.00%) 1 scenario, 10000 max VUs, 15s max duration (incl. graceful stop):
              * default: 1220.00 iterations/s for 15s (maxVUs: 1220-10000)


running (00.9s), 00006/01220 VUs, 1151 complete and 0 interrupted iterations
default   [   6% ] 00006/01220 VUs  00.9s/15s  1220.00 iters/s

running (01.9s), 00009/01220 VUs, 2368 complete and 0 interrupted iterations
default   [  13% ] 00009/01220 VUs  01.9s/15s  1220.00 iters/s

running (02.9s), 00004/01220 VUs, 3593 complete and 0 interrupted iterations
default   [  20% ] 00004/01220 VUs  02.9s/15s  1220.00 iters/s

running (03.9s), 00013/01220 VUs, 4804 complete and 0 interrupted iterations
default   [  26% ] 00013/01220 VUs  03.9s/15s  1220.00 iters/s

running (04.9s), 00013/01220 VUs, 6024 complete and 0 interrupted iterations
default   [  33% ] 00013/01220 VUs  04.9s/15s  1220.00 iters/s

running (05.9s), 00011/01220 VUs, 7245 complete and 0 interrupted iterations
default   [  40% ] 00011/01220 VUs  05.9s/15s  1220.00 iters/s

running (06.9s), 00006/01220 VUs, 8471 complete and 0 interrupted iterations
default   [  46% ] 00006/01220 VUs  06.9s/15s  1220.00 iters/s

running (07.9s), 00005/01220 VUs, 9692 complete and 0 interrupted iterations
default   [  53% ] 00005/01220 VUs  07.9s/15s  1220.00 iters/s

running (08.9s), 00005/01220 VUs, 10912 complete and 0 interrupted iterations
default   [  60% ] 00005/01220 VUs  08.9s/15s  1220.00 iters/s

running (09.9s), 00006/01220 VUs, 12131 complete and 0 interrupted iterations
default   [  66% ] 00006/01220 VUs  09.9s/15s  1220.00 iters/s

running (10.9s), 00008/01220 VUs, 13349 complete and 0 interrupted iterations
default   [  73% ] 00008/01220 VUs  10.9s/15s  1220.00 iters/s

running (11.9s), 00023/01220 VUs, 14554 complete and 0 interrupted iterations
default   [  80% ] 00023/01220 VUs  11.9s/15s  1220.00 iters/s

running (12.9s), 00016/01220 VUs, 15781 complete and 0 interrupted iterations
default   [  86% ] 00016/01220 VUs  12.9s/15s  1220.00 iters/s

running (13.9s), 00017/01220 VUs, 17000 complete and 0 interrupted iterations
default   [  93% ] 00017/01220 VUs  13.9s/15s  1220.00 iters/s

running (14.9s), 00827/01220 VUs, 17410 complete and 0 interrupted iterations
default   [ 100% ] 00827/01220 VUs  14.9s/15s  1220.00 iters/s


  █ TOTAL RESULTS 

    HTTP
    http_req_duration..............: avg=14.17ms min=2.22ms med=5.89ms max=716.96ms p(90)=14.72ms p(95)=18.76ms
      { expected_response:true }...: avg=14.17ms min=2.22ms med=5.89ms max=716.96ms p(90)=14.72ms p(95)=18.76ms
    http_req_failed................: 0.00%  0 out of 17429
    http_reqs......................: 17429  1161.377893/s

    EXECUTION
    iteration_duration.............: avg=14.49ms min=2.52ms med=6ms    max=717.52ms p(90)=14.94ms p(95)=19.42ms
    iterations.....................: 17429  1161.377893/s
    vus............................: 827    min=4          max=827 
    vus_max........................: 1220   min=1220       max=1220

    NETWORK
    data_received..................: 4.6 MB 305 kB/s
    data_sent......................: 6.0 MB 401 kB/s




running (15.0s), 00000/01220 VUs, 17428 complete and 872 interrupted iterations
default ✓ [ 100% ] 00872/01220 VUs  15s  1220.00 iters/s
