
         /\      Grafana   /‾‾/  
    /\  /  \     |\  __   /  /   
   /  \/    \    | |/ /  /   ‾‾\ 
  /          \   |   (  |  (‾)  |
 / __________ \  |_|\_\  \_____/ 

     execution: local
        script: workflow/aegean/k6_open_client.js
        output: -

     scenarios: (100.00%) 1 scenario, 10000 max VUs, 45s max duration (incl. graceful stop):
              * default: 100.00 iterations/s for 15s (maxVUs: 0-10000, gracefulStop: 30s)


running (01.0s), 00041/00041 VUs, 17 complete and 0 interrupted iterations
default   [   7% ] 00041/00041 VUs  01.0s/15s  100.00 iters/s

running (02.0s), 00081/00081 VUs, 38 complete and 0 interrupted iterations
default   [  13% ] 00081/00081 VUs  02.0s/15s  100.00 iters/s

running (03.0s), 00121/00121 VUs, 57 complete and 0 interrupted iterations
default   [  20% ] 00121/00121 VUs  03.0s/15s  100.00 iters/s

running (04.0s), 00162/00162 VUs, 76 complete and 0 interrupted iterations
default   [  27% ] 00162/00162 VUs  04.0s/15s  100.00 iters/s

running (05.0s), 00203/00204 VUs, 92 complete and 0 interrupted iterations
default   [  33% ] 00203/00204 VUs  05.0s/15s  100.00 iters/s

running (06.0s), 00246/00246 VUs, 107 complete and 0 interrupted iterations
default   [  40% ] 00246/00246 VUs  06.0s/15s  100.00 iters/s

running (07.0s), 00287/00287 VUs, 125 complete and 0 interrupted iterations
default   [  47% ] 00287/00287 VUs  07.0s/15s  100.00 iters/s

running (08.0s), 00326/00326 VUs, 148 complete and 0 interrupted iterations
default   [  53% ] 00326/00326 VUs  08.0s/15s  100.00 iters/s

running (09.0s), 00365/00365 VUs, 169 complete and 0 interrupted iterations
default   [  60% ] 00365/00365 VUs  09.0s/15s  100.00 iters/s

running (10.0s), 00405/00405 VUs, 189 complete and 0 interrupted iterations
default   [  67% ] 00405/00405 VUs  10.0s/15s  100.00 iters/s

running (11.0s), 00446/00446 VUs, 208 complete and 0 interrupted iterations
default   [  73% ] 00446/00446 VUs  11.0s/15s  100.00 iters/s

running (12.0s), 00485/00486 VUs, 229 complete and 0 interrupted iterations
default   [  80% ] 00485/00486 VUs  12.0s/15s  100.00 iters/s

running (13.0s), 00525/00525 VUs, 249 complete and 0 interrupted iterations
default   [  87% ] 00525/00525 VUs  13.0s/15s  100.00 iters/s

running (14.0s), 00565/00565 VUs, 268 complete and 0 interrupted iterations
default   [  93% ] 00565/00565 VUs  14.0s/15s  100.00 iters/s

running (15.0s), 00605/00605 VUs, 288 complete and 0 interrupted iterations
default ↓ [ 100% ] 00605/00605 VUs  15s  100.00 iters/s

running (16.0s), 00583/00606 VUs, 310 complete and 0 interrupted iterations
default ↓ [ 100% ] 00605/00605 VUs  15s  100.00 iters/s

running (17.0s), 00537/00606 VUs, 356 complete and 0 interrupted iterations
default ↓ [ 100% ] 00605/00605 VUs  15s  100.00 iters/s

running (18.0s), 00497/00606 VUs, 396 complete and 0 interrupted iterations
default ↓ [ 100% ] 00605/00605 VUs  15s  100.00 iters/s

running (19.0s), 00456/00606 VUs, 437 complete and 0 interrupted iterations
default ↓ [ 100% ] 00605/00605 VUs  15s  100.00 iters/s

running (20.0s), 00417/00606 VUs, 476 complete and 0 interrupted iterations
default ↓ [ 100% ] 00605/00605 VUs  15s  100.00 iters/s

running (21.0s), 00380/00606 VUs, 513 complete and 0 interrupted iterations
default ↓ [ 100% ] 00605/00605 VUs  15s  100.00 iters/s

running (22.0s), 00350/00606 VUs, 543 complete and 0 interrupted iterations
default ↓ [ 100% ] 00605/00605 VUs  15s  100.00 iters/s

running (23.0s), 00312/00606 VUs, 581 complete and 0 interrupted iterations
default ↓ [ 100% ] 00605/00605 VUs  15s  100.00 iters/s

running (24.0s), 00269/00606 VUs, 624 complete and 0 interrupted iterations
default ↓ [ 100% ] 00605/00605 VUs  15s  100.00 iters/s

running (25.0s), 00229/00606 VUs, 664 complete and 0 interrupted iterations
default ↓ [ 100% ] 00605/00605 VUs  15s  100.00 iters/s

running (26.0s), 00188/00606 VUs, 705 complete and 0 interrupted iterations
default ↓ [ 100% ] 00605/00605 VUs  15s  100.00 iters/s

running (27.0s), 00139/00606 VUs, 754 complete and 0 interrupted iterations
default ↓ [ 100% ] 00605/00605 VUs  15s  100.00 iters/s

running (28.0s), 00071/00606 VUs, 822 complete and 0 interrupted iterations
default ↓ [ 100% ] 00605/00605 VUs  15s  100.00 iters/s


  █ TOTAL RESULTS 

    HTTP
    http_req_duration..............: avg=10.38s min=74.11ms med=11.66s max=14.33s p(90)=14.19s p(95)=14.28s
      { expected_response:true }...: avg=10.38s min=74.11ms med=11.66s max=14.33s p(90)=14.19s p(95)=14.28s
    http_req_failed................: 0.00% 0 out of 893
    http_reqs......................: 893   31.205158/s

    EXECUTION
    dropped_iterations.............: 608   21.246065/s
    iteration_duration.............: avg=10.38s min=78.24ms med=11.67s max=14.34s p(90)=14.19s p(95)=14.28s
    iterations.....................: 893   31.205158/s
    vus............................: 71    min=41       max=605
    vus_max........................: 606   min=41       max=606

    NETWORK
    data_received..................: 45 MB 1.6 MB/s
    data_sent......................: 45 MB 1.6 MB/s




running (28.6s), 00000/00606 VUs, 893 complete and 0 interrupted iterations
default ✓ [ 100% ] 00000/00606 VUs  15s  100.00 iters/s
