2026/04/30 17:09:18 telemetry disabled: AEGEAN_DISABLE_TRACING=1

         /\      Grafana   /‾‾/  
    /\  /  \     |\  __   /  /   
   /  \/    \    | |/ /  /   ‾‾\ 
  /          \   |   (  |  (‾)  |
 / __________ \  |_|\_\  \_____/ 

     execution: local
        script: workflow/aegean/k6_open_client.js
        output: -

     scenarios: (100.00%) 1 scenario, 10000 max VUs, 45s max duration (incl. graceful stop):
              * default: 300.00 iterations/s for 15s (maxVUs: 0-10000, gracefulStop: 30s)


running (01.0s), 00021/00034 VUs, 244 complete and 0 interrupted iterations
default   [   7% ] 00021/00034 VUs  01.0s/15s  300.00 iters/s

running (02.0s), 00026/00035 VUs, 538 complete and 0 interrupted iterations
default   [  13% ] 00026/00035 VUs  02.0s/15s  300.00 iters/s

running (03.0s), 00017/00041 VUs, 839 complete and 0 interrupted iterations
default   [  20% ] 00017/00041 VUs  03.0s/15s  300.00 iters/s

running (04.0s), 00028/00041 VUs, 1128 complete and 0 interrupted iterations
default   [  27% ] 00028/00041 VUs  04.0s/15s  300.00 iters/s

running (05.0s), 00020/00041 VUs, 1436 complete and 0 interrupted iterations
default   [  33% ] 00020/00041 VUs  05.0s/15s  300.00 iters/s

running (06.0s), 00024/00041 VUs, 1733 complete and 0 interrupted iterations
default   [  40% ] 00024/00041 VUs  06.0s/15s  300.00 iters/s

running (07.0s), 00018/00041 VUs, 2039 complete and 0 interrupted iterations
default   [  47% ] 00018/00041 VUs  07.0s/15s  300.00 iters/s

running (08.0s), 00023/00041 VUs, 2334 complete and 0 interrupted iterations
default   [  53% ] 00023/00041 VUs  08.0s/15s  300.00 iters/s

running (09.0s), 00025/00041 VUs, 2632 complete and 0 interrupted iterations
default   [  60% ] 00025/00041 VUs  09.0s/15s  300.00 iters/s

running (10.0s), 00017/00041 VUs, 2939 complete and 0 interrupted iterations
default   [  67% ] 00017/00041 VUs  10.0s/15s  300.00 iters/s

running (11.0s), 00028/00041 VUs, 3229 complete and 0 interrupted iterations
default   [  73% ] 00028/00041 VUs  11.0s/15s  300.00 iters/s

running (12.0s), 00021/00041 VUs, 3535 complete and 0 interrupted iterations
default   [  80% ] 00021/00041 VUs  12.0s/15s  300.00 iters/s

running (13.0s), 00024/00041 VUs, 3833 complete and 0 interrupted iterations
default   [  87% ] 00024/00041 VUs  13.0s/15s  300.00 iters/s

running (14.0s), 00017/00041 VUs, 4139 complete and 0 interrupted iterations
default   [  93% ] 00017/00041 VUs  14.0s/15s  300.00 iters/s

running (15.0s), 00016/00041 VUs, 4440 complete and 0 interrupted iterations
default ↓ [ 100% ] 00016/00041 VUs  15s  300.00 iters/s


  █ TOTAL RESULTS 

    HTTP
    http_req_duration..............: avg=78.85ms min=35.38ms med=77.21ms max=160.93ms p(90)=103.1ms  p(95)=107.47ms
      { expected_response:true }...: avg=78.85ms min=35.38ms med=77.21ms max=160.93ms p(90)=103.1ms  p(95)=107.47ms
    http_req_failed................: 0.00%  0 out of 4457
    http_reqs......................: 4457   296.035857/s

    EXECUTION
    dropped_iterations.............: 44     2.922499/s
    iteration_duration.............: avg=78.93ms min=35.53ms med=77.27ms max=161.01ms p(90)=103.21ms p(95)=107.54ms
    iterations.....................: 4457   296.035857/s
    vus............................: 17     min=16        max=28
    vus_max........................: 41     min=34        max=41

    NETWORK
    data_received..................: 1.3 MB 88 kB/s
    data_sent......................: 1.7 MB 110 kB/s




running (15.1s), 00000/00041 VUs, 4457 complete and 0 interrupted iterations
default ✓ [ 100% ] 00000/00041 VUs  15s  300.00 iters/s
