2026/05/05 06:11:54 telemetry disabled: AEGEAN_DISABLE_TRACING=1

         /\      Grafana   /‾‾/  
    /\  /  \     |\  __   /  /   
   /  \/    \    | |/ /  /   ‾‾\ 
  /          \   |   (  |  (‾)  |
 / __________ \  |_|\_\  \_____/ 

     execution: local
        script: workflow/aegean/k6_open_client.js
        output: -

     scenarios: (100.00%) 1 scenario, 10000 max VUs, 45s max duration (incl. graceful stop):
              * default: 800.00 iterations/s for 15s (maxVUs: 0-10000, gracefulStop: 30s)


running (01.0s), 00010/00014 VUs, 769 complete and 0 interrupted iterations
default   [   7% ] 00011/00014 VUs  01.0s/15s  800.00 iters/s

running (02.0s), 00009/00015 VUs, 1569 complete and 0 interrupted iterations
default   [  13% ] 00009/00015 VUs  02.0s/15s  800.00 iters/s

running (03.0s), 00009/00015 VUs, 2368 complete and 0 interrupted iterations
default   [  20% ] 00009/00015 VUs  03.0s/15s  800.00 iters/s

running (04.0s), 00010/00016 VUs, 3165 complete and 0 interrupted iterations
default   [  27% ] 00010/00016 VUs  04.0s/15s  800.00 iters/s

running (05.0s), 00010/00016 VUs, 3964 complete and 0 interrupted iterations
default   [  33% ] 00010/00016 VUs  05.0s/15s  800.00 iters/s

running (06.0s), 00011/00016 VUs, 4764 complete and 0 interrupted iterations
default   [  40% ] 00011/00016 VUs  06.0s/15s  800.00 iters/s

running (07.0s), 00010/00016 VUs, 5566 complete and 0 interrupted iterations
default   [  47% ] 00010/00016 VUs  07.0s/15s  800.00 iters/s

running (08.0s), 00011/00019 VUs, 6359 complete and 0 interrupted iterations
default   [  53% ] 00011/00019 VUs  08.0s/15s  800.00 iters/s

running (09.0s), 00012/00019 VUs, 7158 complete and 0 interrupted iterations
default   [  60% ] 00012/00019 VUs  09.0s/15s  800.00 iters/s

running (10.0s), 00010/00019 VUs, 7960 complete and 0 interrupted iterations
default   [  67% ] 00010/00019 VUs  10.0s/15s  800.00 iters/s

running (11.0s), 00011/00019 VUs, 8759 complete and 0 interrupted iterations
default   [  73% ] 00011/00019 VUs  11.0s/15s  800.00 iters/s

running (12.0s), 00011/00019 VUs, 9559 complete and 0 interrupted iterations
default   [  80% ] 00011/00019 VUs  12.0s/15s  800.00 iters/s

running (13.0s), 00011/00019 VUs, 10359 complete and 0 interrupted iterations
default   [  87% ] 00011/00019 VUs  13.0s/15s  800.00 iters/s

running (14.0s), 00009/00019 VUs, 11160 complete and 0 interrupted iterations
default   [  93% ] 00009/00019 VUs  14.0s/15s  800.00 iters/s

running (15.0s), 00010/00019 VUs, 11958 complete and 0 interrupted iterations
default   [ 100% ] 00010/00019 VUs  15s  800.00 iters/s


  █ TOTAL RESULTS 

    HTTP
    http_req_duration..............: avg=12.41ms min=10.44ms med=12.27ms max=27.44ms p(90)=13.52ms p(95)=14.04ms
      { expected_response:true }...: avg=12.41ms min=10.44ms med=12.27ms max=27.44ms p(90)=13.52ms p(95)=14.04ms
    http_req_failed................: 0.00%  0 out of 11970
    http_reqs......................: 11970  797.274034/s

    EXECUTION
    dropped_iterations.............: 31     2.064787/s
    iteration_duration.............: avg=12.51ms min=10.5ms  med=12.35ms max=29.23ms p(90)=13.65ms p(95)=14.17ms
    iterations.....................: 11970  797.274034/s
    vus............................: 10     min=9          max=12
    vus_max........................: 19     min=14         max=19

    NETWORK
    data_received..................: 3.9 MB 262 kB/s
    data_sent......................: 4.5 MB 297 kB/s




running (15.0s), 00000/00019 VUs, 11970 complete and 0 interrupted iterations
default ✓ [ 100% ] 00000/00019 VUs  15s  800.00 iters/s
