2026/04/24 07:12:48 telemetry disabled: AEGEAN_DISABLE_TRACING=1

         /\      Grafana   /‾‾/  
    /\  /  \     |\  __   /  /   
   /  \/    \    | |/ /  /   ‾‾\ 
  /          \   |   (  |  (‾)  |
 / __________ \  |_|\_\  \_____/ 

     execution: local
        script: workflow/hotel/k6_open_reservation_client.js
        output: -

     scenarios: (100.00%) 1 scenario, 10000 max VUs, 45s max duration (incl. graceful stop):
              * default: 100.00 iterations/s for 15s (maxVUs: 0-10000, gracefulStop: 30s)


running (01.0s), 00004/00007 VUs, 89 complete and 0 interrupted iterations
default   [   7% ] 00004/00007 VUs  01.0s/15s  100.00 iters/s

running (02.0s), 00005/00007 VUs, 188 complete and 0 interrupted iterations
default   [  13% ] 00005/00007 VUs  02.0s/15s  100.00 iters/s

running (03.0s), 00007/00008 VUs, 285 complete and 0 interrupted iterations
default   [  20% ] 00007/00008 VUs  03.0s/15s  100.00 iters/s

running (04.0s), 00005/00008 VUs, 387 complete and 0 interrupted iterations
default   [  27% ] 00005/00008 VUs  04.0s/15s  100.00 iters/s

running (05.0s), 00003/00008 VUs, 489 complete and 0 interrupted iterations
default   [  33% ] 00003/00008 VUs  05.0s/15s  100.00 iters/s

running (06.0s), 00003/00008 VUs, 589 complete and 0 interrupted iterations
default   [  40% ] 00003/00008 VUs  06.0s/15s  100.00 iters/s

running (07.0s), 00004/00008 VUs, 688 complete and 0 interrupted iterations
default   [  47% ] 00004/00008 VUs  07.0s/15s  100.00 iters/s

running (08.0s), 00004/00008 VUs, 787 complete and 0 interrupted iterations
default   [  53% ] 00005/00008 VUs  08.0s/15s  100.00 iters/s

running (09.0s), 00003/00008 VUs, 889 complete and 0 interrupted iterations
default   [  60% ] 00003/00008 VUs  09.0s/15s  100.00 iters/s

running (10.0s), 00005/00008 VUs, 986 complete and 0 interrupted iterations
default   [  67% ] 00005/00008 VUs  10.0s/15s  100.00 iters/s

running (11.0s), 00006/00008 VUs, 1086 complete and 0 interrupted iterations
default   [  73% ] 00006/00008 VUs  11.0s/15s  100.00 iters/s

running (12.0s), 00005/00008 VUs, 1187 complete and 0 interrupted iterations
default   [  80% ] 00005/00008 VUs  12.0s/15s  100.00 iters/s

running (13.0s), 00006/00008 VUs, 1286 complete and 0 interrupted iterations
default   [  87% ] 00006/00008 VUs  13.0s/15s  100.00 iters/s

running (14.0s), 00003/00008 VUs, 1389 complete and 0 interrupted iterations
default   [  93% ] 00003/00008 VUs  14.0s/15s  100.00 iters/s

running (15.0s), 00005/00009 VUs, 1486 complete and 0 interrupted iterations
default ↓ [ 100% ] 00005/00009 VUs  15s  100.00 iters/s


  █ TOTAL RESULTS 

    HTTP
    http_req_duration..............: avg=46.69ms min=19.61ms med=46.14ms max=89.8ms  p(90)=63.36ms p(95)=66.02ms
      { expected_response:true }...: avg=46.69ms min=19.61ms med=46.14ms max=89.8ms  p(90)=63.36ms p(95)=66.02ms
    http_req_failed................: 0.00%  0 out of 1491
    http_reqs......................: 1491   99.063352/s

    EXECUTION
    dropped_iterations.............: 10     0.664409/s
    iteration_duration.............: avg=46.79ms min=19.77ms med=46.28ms max=89.89ms p(90)=63.45ms p(95)=66.15ms
    iterations.....................: 1491   99.063352/s
    vus............................: 5      min=3         max=7
    vus_max........................: 9      min=7         max=9

    NETWORK
    data_received..................: 344 kB 23 kB/s
    data_sent......................: 566 kB 38 kB/s




running (15.1s), 00000/00009 VUs, 1491 complete and 0 interrupted iterations
default ✓ [ 100% ] 00000/00009 VUs  15s  100.00 iters/s
