
         /\      Grafana   /‾‾/  
    /\  /  \     |\  __   /  /   
   /  \/    \    | |/ /  /   ‾‾\ 
  /          \   |   (  |  (‾)  |
 / __________ \  |_|\_\  \_____/ 

     execution: local
        script: workflow/social/k6_open_read_home_timeline.js
        output: -

     scenarios: (100.00%) 1 scenario, 10000 max VUs, 15s max duration (incl. graceful stop):
              * default: 4637.00 iterations/s for 15s (maxVUs: 4637-10000)


running (00.8s), 00739/04637 VUs, 3149 complete and 0 interrupted iterations
default   [   6% ] 00739/04637 VUs  00.8s/15s  4637.00 iters/s

running (01.8s), 01246/04637 VUs, 7278 complete and 0 interrupted iterations
default   [  12% ] 01246/04637 VUs  01.8s/15s  4637.00 iters/s

running (02.8s), 01449/04637 VUs, 11712 complete and 0 interrupted iterations
default   [  19% ] 01449/04637 VUs  02.8s/15s  4637.00 iters/s

running (03.8s), 01690/04637 VUs, 16109 complete and 0 interrupted iterations
default   [  26% ] 01690/04637 VUs  03.8s/15s  4637.00 iters/s

running (04.8s), 02256/04637 VUs, 20168 complete and 0 interrupted iterations
default   [  32% ] 02256/04637 VUs  04.8s/15s  4637.00 iters/s

running (05.8s), 02706/04637 VUs, 24366 complete and 0 interrupted iterations
default   [  39% ] 02706/04637 VUs  05.8s/15s  4637.00 iters/s

running (06.8s), 03163/04637 VUs, 28547 complete and 0 interrupted iterations
default   [  46% ] 03163/04637 VUs  06.8s/15s  4637.00 iters/s

running (07.8s), 03756/04637 VUs, 32591 complete and 0 interrupted iterations
default   [  52% ] 03756/04637 VUs  07.8s/15s  4637.00 iters/s

running (08.8s), 04077/04637 VUs, 36907 complete and 0 interrupted iterations
default   [  59% ] 04077/04637 VUs  08.8s/15s  4637.00 iters/s

running (09.8s), 04140/04637 VUs, 41481 complete and 0 interrupted iterations
default   [  66% ] 04140/04637 VUs  09.8s/15s  4637.00 iters/s

running (10.8s), 04396/04637 VUs, 45860 complete and 0 interrupted iterations
default   [  72% ] 04397/04637 VUs  10.8s/15s  4637.00 iters/s

running (11.8s), 04457/04744 VUs, 50144 complete and 0 interrupted iterations
default   [  79% ] 04457/04744 VUs  11.8s/15s  4637.00 iters/s

running (12.8s), 04683/04778 VUs, 54473 complete and 0 interrupted iterations
default   [  86% ] 04683/04778 VUs  12.8s/15s  4637.00 iters/s

running (13.8s), 04967/05023 VUs, 58229 complete and 0 interrupted iterations
default   [  92% ] 04967/05023 VUs  13.8s/15s  4637.00 iters/s

running (14.8s), 04504/05024 VUs, 63328 complete and 0 interrupted iterations
default   [  99% ] 04504/05024 VUs  14.8s/15s  4637.00 iters/s


  █ TOTAL RESULTS 

    HTTP
    http_req_duration..............: avg=690.23ms min=15.29ms med=648.04ms max=1.3s p(90)=1.16s p(95)=1.22s
      { expected_response:true }...: avg=690.23ms min=15.29ms med=648.04ms max=1.3s p(90)=1.16s p(95)=1.22s
    http_req_failed................: 0.00% 0 out of 64073
    http_reqs......................: 64073 4260.309334/s

    EXECUTION
    dropped_iterations.............: 974   64.762713/s
    iteration_duration.............: avg=690.5ms  min=15.37ms med=648.12ms max=1.3s p(90)=1.16s p(95)=1.22s
    iterations.....................: 64073 4260.309334/s
    vus............................: 4503  min=739        max=4967
    vus_max........................: 5024  min=4637       max=5024

    NETWORK
    data_received..................: 84 MB 5.5 MB/s
    data_sent......................: 16 MB 1.0 MB/s




running (15.0s), 00000/05024 VUs, 64061 complete and 4521 interrupted iterations
default ✓ [ 100% ] 04521/05024 VUs  15s  4637.00 iters/s
