2026/04/24 07:11:33 telemetry disabled: AEGEAN_DISABLE_TRACING=1

         /\      Grafana   /‾‾/  
    /\  /  \     |\  __   /  /   
   /  \/    \    | |/ /  /   ‾‾\ 
  /          \   |   (  |  (‾)  |
 / __________ \  |_|\_\  \_____/ 

     execution: local
        script: workflow/hotel/k6_open_recommendations_client.js
        output: -

     scenarios: (100.00%) 1 scenario, 10000 max VUs, 45s max duration (incl. graceful stop):
              * default: 30.00 iterations/s for 15s (maxVUs: 0-10000, gracefulStop: 30s)


running (01.0s), 00001/00001 VUs, 28 complete and 0 interrupted iterations
default   [   7% ] 00001/00001 VUs  01.0s/15s  30.00 iters/s

running (02.0s), 00000/00001 VUs, 58 complete and 0 interrupted iterations
default   [  13% ] 00000/00001 VUs  02.0s/15s  30.00 iters/s

running (03.0s), 00001/00001 VUs, 88 complete and 0 interrupted iterations
default   [  20% ] 00001/00001 VUs  03.0s/15s  30.00 iters/s

running (04.0s), 00000/00001 VUs, 118 complete and 0 interrupted iterations
default   [  27% ] 00000/00001 VUs  04.0s/15s  30.00 iters/s

running (05.0s), 00001/00001 VUs, 148 complete and 0 interrupted iterations
default   [  33% ] 00001/00001 VUs  05.0s/15s  30.00 iters/s

running (06.0s), 00001/00001 VUs, 178 complete and 0 interrupted iterations
default   [  40% ] 00001/00001 VUs  06.0s/15s  30.00 iters/s

running (07.0s), 00001/00001 VUs, 208 complete and 0 interrupted iterations
default   [  47% ] 00001/00001 VUs  07.0s/15s  30.00 iters/s

running (08.0s), 00000/00001 VUs, 238 complete and 0 interrupted iterations
default   [  53% ] 00000/00001 VUs  08.0s/15s  30.00 iters/s

running (09.0s), 00000/00001 VUs, 268 complete and 0 interrupted iterations
default   [  60% ] 00001/00001 VUs  09.0s/15s  30.00 iters/s

running (10.0s), 00000/00001 VUs, 298 complete and 0 interrupted iterations
default   [  67% ] 00000/00001 VUs  10.0s/15s  30.00 iters/s

running (11.0s), 00001/00001 VUs, 328 complete and 0 interrupted iterations
default   [  73% ] 00001/00001 VUs  11.0s/15s  30.00 iters/s

running (12.0s), 00000/00001 VUs, 358 complete and 0 interrupted iterations
default   [  80% ] 00000/00001 VUs  12.0s/15s  30.00 iters/s

running (13.0s), 00001/00001 VUs, 388 complete and 0 interrupted iterations
default   [  87% ] 00001/00001 VUs  13.0s/15s  30.00 iters/s

running (14.0s), 00000/00001 VUs, 418 complete and 0 interrupted iterations
default   [  93% ] 00000/00001 VUs  14.0s/15s  30.00 iters/s

running (15.0s), 00001/00001 VUs, 448 complete and 0 interrupted iterations
default   [ 100% ] 00001/00001 VUs  15s  30.00 iters/s


  █ TOTAL RESULTS 

    HTTP
    http_req_duration..............: avg=3.54ms min=676.41µs med=3.37ms max=21.04ms p(90)=4.63ms p(95)=5.84ms
      { expected_response:true }...: avg=3.54ms min=676.41µs med=3.37ms max=21.04ms p(90)=4.63ms p(95)=5.84ms
    http_req_failed................: 0.00%  0 out of 449
    http_reqs......................: 449    29.92342/s

    EXECUTION
    dropped_iterations.............: 2      0.133289/s
    iteration_duration.............: avg=4.12ms min=759.7µs  med=3.91ms max=21.66ms p(90)=5.34ms p(95)=6.52ms
    iterations.....................: 449    29.92342/s
    vus............................: 0      min=0        max=1
    vus_max........................: 1      min=1        max=1

    NETWORK
    data_received..................: 297 kB 20 kB/s
    data_sent......................: 128 kB 8.5 kB/s




running (15.0s), 00000/00001 VUs, 449 complete and 0 interrupted iterations
default ✓ [ 100% ] 00000/00001 VUs  15s  30.00 iters/s
