
         /\      Grafana   /‾‾/  
    /\  /  \     |\  __   /  /   
   /  \/    \    | |/ /  /   ‾‾\ 
  /          \   |   (  |  (‾)  |
 / __________ \  |_|\_\  \_____/ 

     execution: local
        script: workflow/social/k6_open_read_home_timeline.js
        output: -

     scenarios: (100.00%) 1 scenario, 10000 max VUs, 15s max duration (incl. graceful stop):
              * default: 4500.00 iterations/s for 15s (maxVUs: 4500-10000)


running (00.8s), 00386/04500 VUs, 3429 complete and 0 interrupted iterations
default   [   6% ] 00386/04500 VUs  00.8s/15s  4500.00 iters/s

running (01.8s), 00285/04500 VUs, 8030 complete and 0 interrupted iterations
default   [  12% ] 00285/04500 VUs  01.8s/15s  4500.00 iters/s

running (02.8s), 00257/04500 VUs, 12558 complete and 0 interrupted iterations
default   [  19% ] 00257/04500 VUs  02.8s/15s  4500.00 iters/s

running (03.8s), 00295/04500 VUs, 17019 complete and 0 interrupted iterations
default   [  26% ] 00295/04500 VUs  03.8s/15s  4500.00 iters/s

running (04.8s), 00236/04500 VUs, 21579 complete and 0 interrupted iterations
default   [  32% ] 00236/04500 VUs  04.8s/15s  4500.00 iters/s

running (05.8s), 00210/04500 VUs, 26106 complete and 0 interrupted iterations
default   [  39% ] 00210/04500 VUs  05.8s/15s  4500.00 iters/s

running (06.8s), 00038/04500 VUs, 30777 complete and 0 interrupted iterations
default   [  46% ] 00038/04500 VUs  06.8s/15s  4500.00 iters/s

running (07.8s), 00084/04500 VUs, 35231 complete and 0 interrupted iterations
default   [  52% ] 00084/04500 VUs  07.8s/15s  4500.00 iters/s

running (08.8s), 00073/04500 VUs, 39742 complete and 0 interrupted iterations
default   [  59% ] 00073/04500 VUs  08.8s/15s  4500.00 iters/s

running (09.8s), 00163/04500 VUs, 44152 complete and 0 interrupted iterations
default   [  66% ] 00163/04500 VUs  09.8s/15s  4500.00 iters/s

running (10.8s), 00369/04500 VUs, 48445 complete and 0 interrupted iterations
default   [  72% ] 00369/04500 VUs  10.8s/15s  4500.00 iters/s

running (11.8s), 00337/04500 VUs, 52980 complete and 0 interrupted iterations
default   [  79% ] 00337/04500 VUs  11.8s/15s  4500.00 iters/s

running (12.8s), 00041/04500 VUs, 57774 complete and 0 interrupted iterations
default   [  86% ] 00042/04500 VUs  12.8s/15s  4500.00 iters/s

running (13.8s), 00430/04500 VUs, 61885 complete and 0 interrupted iterations
default   [  92% ] 00430/04500 VUs  13.8s/15s  4500.00 iters/s

running (14.8s), 00585/04500 VUs, 66229 complete and 0 interrupted iterations
default   [  99% ] 00585/04500 VUs  14.8s/15s  4500.00 iters/s


  █ TOTAL RESULTS 

    HTTP
    http_req_duration..............: avg=63.68ms min=3.92ms med=53.65ms max=255.73ms p(90)=125.49ms p(95)=152.37ms
      { expected_response:true }...: avg=63.68ms min=3.92ms med=53.65ms max=255.73ms p(90)=125.49ms p(95)=152.37ms
    http_req_failed................: 0.00% 0 out of 67049
    http_reqs......................: 67049 4467.367071/s

    EXECUTION
    iteration_duration.............: avg=63.97ms min=4.01ms med=53.95ms max=255.82ms p(90)=125.88ms p(95)=153.08ms
    iterations.....................: 67049 4467.367071/s
    vus............................: 586   min=38         max=586 
    vus_max........................: 4500  min=4500       max=4500

    NETWORK
    data_received..................: 87 MB 5.8 MB/s
    data_sent......................: 15 MB 1.0 MB/s




running (15.0s), 00000/04500 VUs, 67048 complete and 453 interrupted iterations
default ✓ [ 100% ] 00453/04500 VUs  15s  4500.00 iters/s
