
         /\      Grafana   /‾‾/  
    /\  /  \     |\  __   /  /   
   /  \/    \    | |/ /  /   ‾‾\ 
  /          \   |   (  |  (‾)  |
 / __________ \  |_|\_\  \_____/ 

     execution: local
        script: workflow/social/k6_open_client.js
        output: -

     scenarios: (100.00%) 1 scenario, 10000 max VUs, 15s max duration (incl. graceful stop):
              * default: 125.00 iterations/s for 15s (maxVUs: 125-10000)


running (01.0s), 00007/00125 VUs, 117 complete and 0 interrupted iterations
default   [   7% ] 00007/00125 VUs  01.0s/15s  125.00 iters/s

running (02.0s), 00010/00125 VUs, 239 complete and 0 interrupted iterations
default   [  13% ] 00010/00125 VUs  02.0s/15s  125.00 iters/s

running (03.0s), 00023/00125 VUs, 351 complete and 0 interrupted iterations
default   [  20% ] 00023/00125 VUs  03.0s/15s  125.00 iters/s

running (04.0s), 00037/00125 VUs, 462 complete and 0 interrupted iterations
default   [  27% ] 00037/00125 VUs  04.0s/15s  125.00 iters/s

running (05.0s), 00050/00125 VUs, 574 complete and 0 interrupted iterations
default   [  33% ] 00050/00125 VUs  05.0s/15s  125.00 iters/s

running (06.0s), 00058/00125 VUs, 691 complete and 0 interrupted iterations
default   [  40% ] 00058/00125 VUs  06.0s/15s  125.00 iters/s

running (07.0s), 00064/00125 VUs, 810 complete and 0 interrupted iterations
default   [  47% ] 00064/00125 VUs  07.0s/15s  125.00 iters/s

running (08.0s), 00072/00125 VUs, 927 complete and 0 interrupted iterations
default   [  53% ] 00072/00125 VUs  08.0s/15s  125.00 iters/s

running (09.0s), 00077/00125 VUs, 1047 complete and 0 interrupted iterations
default   [  60% ] 00077/00125 VUs  09.0s/15s  125.00 iters/s

running (10.0s), 00089/00125 VUs, 1160 complete and 0 interrupted iterations
default   [  67% ] 00089/00125 VUs  10.0s/15s  125.00 iters/s

running (11.0s), 00104/00125 VUs, 1270 complete and 0 interrupted iterations
default   [  73% ] 00104/00125 VUs  11.0s/15s  125.00 iters/s

running (12.0s), 00110/00125 VUs, 1389 complete and 0 interrupted iterations
default   [  80% ] 00110/00125 VUs  12.0s/15s  125.00 iters/s

running (13.0s), 00121/00125 VUs, 1503 complete and 0 interrupted iterations
default   [  87% ] 00121/00125 VUs  13.0s/15s  125.00 iters/s

running (14.0s), 00125/00127 VUs, 1622 complete and 0 interrupted iterations
default   [  93% ] 00125/00127 VUs  14.0s/15s  125.00 iters/s

running (15.0s), 00132/00134 VUs, 1733 complete and 0 interrupted iterations
default   [ 100% ] 00132/00134 VUs  15.0s/15s  125.00 iters/s


  █ TOTAL RESULTS 

    HTTP
    http_req_duration..............: avg=542.8ms  min=17.83ms med=561.25ms max=1.11s p(90)=989.87ms p(95)=1.02s
      { expected_response:true }...: avg=542.8ms  min=17.83ms med=561.25ms max=1.11s p(90)=989.87ms p(95)=1.02s
    http_req_failed................: 0.00%  0 out of 1733
    http_reqs......................: 1733   115.521859/s

    EXECUTION
    dropped_iterations.............: 9      0.59994/s
    iteration_duration.............: avg=542.99ms min=18.17ms med=561.41ms max=1.11s p(90)=989.98ms p(95)=1.02s
    iterations.....................: 1733   115.521859/s
    vus............................: 132    min=7         max=132
    vus_max........................: 134    min=125       max=134

    NETWORK
    data_received..................: 406 kB 27 kB/s
    data_sent......................: 613 kB 41 kB/s




running (15.0s), 00000/00134 VUs, 1733 complete and 134 interrupted iterations
default ✓ [ 100% ] 00134/00134 VUs  15s  125.00 iters/s
