
         /\      Grafana   /‾‾/  
    /\  /  \     |\  __   /  /   
   /  \/    \    | |/ /  /   ‾‾\ 
  /          \   |   (  |  (‾)  |
 / __________ \  |_|\_\  \_____/ 

     execution: local
        script: workflow/response/k6_open_client.js
        output: -

     scenarios: (100.00%) 1 scenario, 10000 max VUs, 15s max duration (incl. graceful stop):
              * default: 350.00 iterations/s for 15s (maxVUs: 350-10000)


running (01.0s), 00005/00350 VUs, 339 complete and 0 interrupted iterations
default   [   7% ] 00005/00350 VUs  01.0s/15s  350.00 iters/s

running (02.0s), 00004/00350 VUs, 690 complete and 0 interrupted iterations
default   [  13% ] 00004/00350 VUs  02.0s/15s  350.00 iters/s

running (03.0s), 00004/00350 VUs, 1040 complete and 0 interrupted iterations
default   [  20% ] 00004/00350 VUs  03.0s/15s  350.00 iters/s

running (04.0s), 00004/00350 VUs, 1390 complete and 0 interrupted iterations
default   [  27% ] 00004/00350 VUs  04.0s/15s  350.00 iters/s

running (05.0s), 00004/00350 VUs, 1740 complete and 0 interrupted iterations
default   [  33% ] 00004/00350 VUs  05.0s/15s  350.00 iters/s

running (06.0s), 00006/00350 VUs, 2088 complete and 0 interrupted iterations
default   [  40% ] 00006/00350 VUs  06.0s/15s  350.00 iters/s

running (07.0s), 00004/00350 VUs, 2440 complete and 0 interrupted iterations
default   [  47% ] 00004/00350 VUs  07.0s/15s  350.00 iters/s

running (08.0s), 00006/00350 VUs, 2788 complete and 0 interrupted iterations
default   [  53% ] 00006/00350 VUs  08.0s/15s  350.00 iters/s

running (09.0s), 00005/00350 VUs, 3139 complete and 0 interrupted iterations
default   [  60% ] 00005/00350 VUs  09.0s/15s  350.00 iters/s

running (10.0s), 00004/00350 VUs, 3490 complete and 0 interrupted iterations
default   [  67% ] 00004/00350 VUs  10.0s/15s  350.00 iters/s

running (11.0s), 00005/00350 VUs, 3838 complete and 0 interrupted iterations
default   [  73% ] 00005/00350 VUs  11.0s/15s  350.00 iters/s

running (12.0s), 00006/00350 VUs, 4188 complete and 0 interrupted iterations
default   [  80% ] 00006/00350 VUs  12.0s/15s  350.00 iters/s

running (13.0s), 00005/00350 VUs, 4539 complete and 0 interrupted iterations
default   [  87% ] 00005/00350 VUs  13.0s/15s  350.00 iters/s

running (14.0s), 00003/00350 VUs, 4891 complete and 0 interrupted iterations
default   [  93% ] 00003/00350 VUs  14.0s/15s  350.00 iters/s

running (15.0s), 00003/00350 VUs, 5241 complete and 0 interrupted iterations
default   [ 100% ] 00003/00350 VUs  15.0s/15s  350.00 iters/s


  █ TOTAL RESULTS 

    HTTP
    http_req_duration..............: avg=14.47ms min=7.3ms  med=12.65ms max=63.71ms p(90)=19.5ms  p(95)=24.6ms 
      { expected_response:true }...: avg=14.47ms min=7.3ms  med=12.65ms max=63.71ms p(90)=19.5ms  p(95)=24.6ms 
    http_req_failed................: 0.00%  0 out of 5248
    http_reqs......................: 5248   349.834054/s

    EXECUTION
    iteration_duration.............: avg=14.68ms min=7.36ms med=12.74ms max=78.98ms p(90)=19.68ms p(95)=25.17ms
    iterations.....................: 5248   349.834054/s
    vus............................: 3      min=3         max=6  
    vus_max........................: 350    min=350       max=350

    NETWORK
    data_received..................: 1.2 MB 83 kB/s
    data_sent......................: 1.0 MB 69 kB/s




running (15.0s), 00000/00350 VUs, 5248 complete and 2 interrupted iterations
default ✓ [ 100% ] 00002/00350 VUs  15s  350.00 iters/s
