2026/04/24 07:49:00 telemetry disabled: AEGEAN_DISABLE_TRACING=1

         /\      Grafana   /‾‾/  
    /\  /  \     |\  __   /  /   
   /  \/    \    | |/ /  /   ‾‾\ 
  /          \   |   (  |  (‾)  |
 / __________ \  |_|\_\  \_____/ 

     execution: local
        script: workflow/req_race/k6_open_client.js
        output: -

     scenarios: (100.00%) 1 scenario, 10000 max VUs, 45s max duration (incl. graceful stop):
              * default: 400.00 iterations/s for 15s (maxVUs: 0-10000, gracefulStop: 30s)


running (01.0s), 00182/00182 VUs, 19 complete and 0 interrupted iterations
default   [   7% ] 00182/00182 VUs  01.0s/15s  400.00 iters/s

running (02.0s), 00371/00371 VUs, 19 complete and 0 interrupted iterations
default   [  13% ] 00371/00371 VUs  02.0s/15s  400.00 iters/s

running (03.0s), 00567/00568 VUs, 19 complete and 0 interrupted iterations
default   [  20% ] 00567/00568 VUs  03.0s/15s  400.00 iters/s

running (04.0s), 00756/00757 VUs, 19 complete and 0 interrupted iterations
default   [  27% ] 00756/00757 VUs  04.0s/15s  400.00 iters/s

running (05.0s), 00949/00949 VUs, 19 complete and 0 interrupted iterations
default   [  33% ] 00949/00949 VUs  05.0s/15s  400.00 iters/s

running (06.0s), 01136/01137 VUs, 19 complete and 0 interrupted iterations
default   [  40% ] 01136/01137 VUs  06.0s/15s  400.00 iters/s

running (07.0s), 01329/01330 VUs, 19 complete and 0 interrupted iterations
default   [  47% ] 01329/01330 VUs  07.0s/15s  400.00 iters/s

running (08.0s), 01511/01511 VUs, 19 complete and 0 interrupted iterations
default   [  53% ] 01511/01511 VUs  08.0s/15s  400.00 iters/s

running (09.0s), 01697/01698 VUs, 19 complete and 0 interrupted iterations
default   [  60% ] 01697/01698 VUs  09.0s/15s  400.00 iters/s

running (10.0s), 01882/01882 VUs, 19 complete and 0 interrupted iterations
default   [  67% ] 01882/01882 VUs  10.0s/15s  400.00 iters/s

running (11.0s), 02057/02057 VUs, 19 complete and 0 interrupted iterations
default   [  73% ] 02057/02057 VUs  11.0s/15s  400.00 iters/s

running (12.0s), 02224/02225 VUs, 19 complete and 0 interrupted iterations
default   [  80% ] 02224/02225 VUs  12.0s/15s  400.00 iters/s

running (13.0s), 02361/02361 VUs, 19 complete and 0 interrupted iterations
default   [  87% ] 02361/02361 VUs  13.0s/15s  400.00 iters/s

running (14.0s), 02487/02487 VUs, 19 complete and 0 interrupted iterations
default   [  93% ] 02487/02487 VUs  14.0s/15s  400.00 iters/s

running (15.0s), 02609/02609 VUs, 19 complete and 0 interrupted iterations
default ↓ [ 100% ] 02609/02609 VUs  15s  400.00 iters/s

running (16.0s), 02609/02610 VUs, 19 complete and 0 interrupted iterations
default ↓ [ 100% ] 02609/02609 VUs  15s  400.00 iters/s

running (17.0s), 02609/02610 VUs, 19 complete and 0 interrupted iterations
default ↓ [ 100% ] 02609/02609 VUs  15s  400.00 iters/s

running (18.0s), 02609/02610 VUs, 19 complete and 0 interrupted iterations
default ↓ [ 100% ] 02609/02609 VUs  15s  400.00 iters/s

running (19.0s), 02609/02610 VUs, 19 complete and 0 interrupted iterations
default ↓ [ 100% ] 02609/02609 VUs  15s  400.00 iters/s
2026/04/24 07:49:35 k6 open client request logic timed out after 20s
