
         /\      Grafana   /‾‾/  
    /\  /  \     |\  __   /  /   
   /  \/    \    | |/ /  /   ‾‾\ 
  /          \   |   (  |  (‾)  |
 / __________ \  |_|\_\  \_____/ 

     execution: local
        script: workflow/write/k6_open_client.js
        output: -

     scenarios: (100.00%) 1 scenario, 10000 max VUs, 2m10s max duration (incl. graceful stop):
              * default: 25.00 iterations/s for 10s (maxVUs: 25-10000, gracefulStop: 2m0s)


running (0m01.0s), 00017/00025 VUs, 8 complete and 0 interrupted iterations
default   [  10% ] 00017/00025 VUs  01.0s/10s  25.00 iters/s

running (0m02.0s), 00033/00034 VUs, 8 complete and 0 interrupted iterations
default   [  20% ] 00033/00034 VUs  02.0s/10s  25.00 iters/s

running (0m03.0s), 00046/00046 VUs, 8 complete and 0 interrupted iterations
default   [  30% ] 00046/00046 VUs  03.0s/10s  25.00 iters/s

running (0m04.0s), 00058/00059 VUs, 8 complete and 0 interrupted iterations
default   [  40% ] 00058/00059 VUs  04.0s/10s  25.00 iters/s

running (0m05.0s), 00071/00071 VUs, 8 complete and 0 interrupted iterations
default   [  50% ] 00071/00071 VUs  05.0s/10s  25.00 iters/s

running (0m06.0s), 00083/00084 VUs, 8 complete and 0 interrupted iterations
default   [  60% ] 00083/00084 VUs  06.0s/10s  25.00 iters/s

running (0m07.0s), 00096/00096 VUs, 8 complete and 0 interrupted iterations
default   [  70% ] 00096/00096 VUs  07.0s/10s  25.00 iters/s

running (0m08.0s), 00108/00109 VUs, 8 complete and 0 interrupted iterations
default   [  80% ] 00108/00109 VUs  08.0s/10s  25.00 iters/s

running (0m09.0s), 00121/00121 VUs, 8 complete and 0 interrupted iterations
default   [  90% ] 00121/00121 VUs  09.0s/10s  25.00 iters/s

running (0m10.0s), 00133/00134 VUs, 8 complete and 0 interrupted iterations
default   [ 100% ] 00133/00134 VUs  10.0s/10s  25.00 iters/s

running (0m11.0s), 00134/00134 VUs, 8 complete and 0 interrupted iterations
default ↓ [ 100% ] 00134/00134 VUs  10s  25.00 iters/s

running (0m12.0s), 00134/00134 VUs, 8 complete and 0 interrupted iterations
default ↓ [ 100% ] 00134/00134 VUs  10s  25.00 iters/s

running (0m13.0s), 00134/00134 VUs, 8 complete and 0 interrupted iterations
default ↓ [ 100% ] 00134/00134 VUs  10s  25.00 iters/s

running (0m14.0s), 00134/00134 VUs, 8 complete and 0 interrupted iterations
default ↓ [ 100% ] 00134/00134 VUs  10s  25.00 iters/s

running (0m15.0s), 00134/00134 VUs, 8 complete and 0 interrupted iterations
default ↓ [ 100% ] 00134/00134 VUs  10s  25.00 iters/s

running (0m16.0s), 00134/00134 VUs, 8 complete and 0 interrupted iterations
default ↓ [ 100% ] 00134/00134 VUs  10s  25.00 iters/s

running (0m17.0s), 00134/00134 VUs, 8 complete and 0 interrupted iterations
default ↓ [ 100% ] 00134/00134 VUs  10s  25.00 iters/s

running (0m18.0s), 00134/00134 VUs, 8 complete and 0 interrupted iterations
default ↓ [ 100% ] 00134/00134 VUs  10s  25.00 iters/s

running (0m19.0s), 00134/00134 VUs, 8 complete and 0 interrupted iterations
default ↓ [ 100% ] 00134/00134 VUs  10s  25.00 iters/s

running (0m20.0s), 00134/00134 VUs, 8 complete and 0 interrupted iterations
default ↓ [ 100% ] 00134/00134 VUs  10s  25.00 iters/s

running (0m21.0s), 00134/00134 VUs, 8 complete and 0 interrupted iterations
default ↓ [ 100% ] 00134/00134 VUs  10s  25.00 iters/s

running (0m22.0s), 00134/00134 VUs, 8 complete and 0 interrupted iterations
default ↓ [ 100% ] 00134/00134 VUs  10s  25.00 iters/s

running (0m23.0s), 00134/00134 VUs, 8 complete and 0 interrupted iterations
default ↓ [ 100% ] 00134/00134 VUs  10s  25.00 iters/s

running (0m24.0s), 00134/00134 VUs, 8 complete and 0 interrupted iterations
default ↓ [ 100% ] 00134/00134 VUs  10s  25.00 iters/s

running (0m25.0s), 00134/00134 VUs, 8 complete and 0 interrupted iterations
default ↓ [ 100% ] 00134/00134 VUs  10s  25.00 iters/s

running (0m26.0s), 00134/00134 VUs, 8 complete and 0 interrupted iterations
default ↓ [ 100% ] 00134/00134 VUs  10s  25.00 iters/s

running (0m27.0s), 00134/00134 VUs, 8 complete and 0 interrupted iterations
default ↓ [ 100% ] 00134/00134 VUs  10s  25.00 iters/s

running (0m28.0s), 00134/00134 VUs, 8 complete and 0 interrupted iterations
default ↓ [ 100% ] 00134/00134 VUs  10s  25.00 iters/s

running (0m29.0s), 00134/00134 VUs, 8 complete and 0 interrupted iterations
default ↓ [ 100% ] 00134/00134 VUs  10s  25.00 iters/s

running (0m30.0s), 00134/00134 VUs, 8 complete and 0 interrupted iterations
default ↓ [ 100% ] 00134/00134 VUs  10s  25.00 iters/s

running (0m31.0s), 00134/00134 VUs, 8 complete and 0 interrupted iterations
default ↓ [ 100% ] 00134/00134 VUs  10s  25.00 iters/s

running (0m32.0s), 00134/00134 VUs, 8 complete and 0 interrupted iterations
default ↓ [ 100% ] 00134/00134 VUs  10s  25.00 iters/s

running (0m33.0s), 00134/00134 VUs, 8 complete and 0 interrupted iterations
default ↓ [ 100% ] 00134/00134 VUs  10s  25.00 iters/s

running (0m34.0s), 00134/00134 VUs, 8 complete and 0 interrupted iterations
default ↓ [ 100% ] 00134/00134 VUs  10s  25.00 iters/s

running (0m35.0s), 00134/00134 VUs, 8 complete and 0 interrupted iterations
default ↓ [ 100% ] 00134/00134 VUs  10s  25.00 iters/s

running (0m36.0s), 00134/00134 VUs, 8 complete and 0 interrupted iterations
default ↓ [ 100% ] 00134/00134 VUs  10s  25.00 iters/s

running (0m37.0s), 00134/00134 VUs, 8 complete and 0 interrupted iterations
default ↓ [ 100% ] 00134/00134 VUs  10s  25.00 iters/s

running (0m38.0s), 00134/00134 VUs, 8 complete and 0 interrupted iterations
default ↓ [ 100% ] 00134/00134 VUs  10s  25.00 iters/s

running (0m39.0s), 00134/00134 VUs, 8 complete and 0 interrupted iterations
default ↓ [ 100% ] 00134/00134 VUs  10s  25.00 iters/s

running (0m40.0s), 00134/00134 VUs, 8 complete and 0 interrupted iterations
default ↓ [ 100% ] 00134/00134 VUs  10s  25.00 iters/s

running (0m41.0s), 00134/00134 VUs, 8 complete and 0 interrupted iterations
default ↓ [ 100% ] 00134/00134 VUs  10s  25.00 iters/s

running (0m42.0s), 00134/00134 VUs, 8 complete and 0 interrupted iterations
default ↓ [ 100% ] 00134/00134 VUs  10s  25.00 iters/s

running (0m43.0s), 00134/00134 VUs, 8 complete and 0 interrupted iterations
default ↓ [ 100% ] 00134/00134 VUs  10s  25.00 iters/s

running (0m44.0s), 00134/00134 VUs, 8 complete and 0 interrupted iterations
default ↓ [ 100% ] 00134/00134 VUs  10s  25.00 iters/s

running (0m45.0s), 00134/00134 VUs, 8 complete and 0 interrupted iterations
default ↓ [ 100% ] 00134/00134 VUs  10s  25.00 iters/s

running (0m46.0s), 00134/00134 VUs, 8 complete and 0 interrupted iterations
default ↓ [ 100% ] 00134/00134 VUs  10s  25.00 iters/s

running (0m47.0s), 00134/00134 VUs, 8 complete and 0 interrupted iterations
default ↓ [ 100% ] 00134/00134 VUs  10s  25.00 iters/s

running (0m48.0s), 00134/00134 VUs, 8 complete and 0 interrupted iterations
default ↓ [ 100% ] 00134/00134 VUs  10s  25.00 iters/s

running (0m49.0s), 00134/00134 VUs, 8 complete and 0 interrupted iterations
default ↓ [ 100% ] 00134/00134 VUs  10s  25.00 iters/s

running (0m50.0s), 00134/00134 VUs, 8 complete and 0 interrupted iterations
default ↓ [ 100% ] 00134/00134 VUs  10s  25.00 iters/s

running (0m51.0s), 00134/00134 VUs, 8 complete and 0 interrupted iterations
default ↓ [ 100% ] 00134/00134 VUs  10s  25.00 iters/s

running (0m52.0s), 00134/00134 VUs, 8 complete and 0 interrupted iterations
default ↓ [ 100% ] 00134/00134 VUs  10s  25.00 iters/s

running (0m53.0s), 00134/00134 VUs, 8 complete and 0 interrupted iterations
default ↓ [ 100% ] 00134/00134 VUs  10s  25.00 iters/s

running (0m54.0s), 00134/00134 VUs, 8 complete and 0 interrupted iterations
default ↓ [ 100% ] 00134/00134 VUs  10s  25.00 iters/s

running (0m55.0s), 00134/00134 VUs, 8 complete and 0 interrupted iterations
default ↓ [ 100% ] 00134/00134 VUs  10s  25.00 iters/s

running (0m56.0s), 00134/00134 VUs, 8 complete and 0 interrupted iterations
default ↓ [ 100% ] 00134/00134 VUs  10s  25.00 iters/s

running (0m57.0s), 00134/00134 VUs, 8 complete and 0 interrupted iterations
default ↓ [ 100% ] 00134/00134 VUs  10s  25.00 iters/s

running (0m58.0s), 00134/00134 VUs, 8 complete and 0 interrupted iterations
default ↓ [ 100% ] 00134/00134 VUs  10s  25.00 iters/s

running (0m59.0s), 00134/00134 VUs, 8 complete and 0 interrupted iterations
default ↓ [ 100% ] 00134/00134 VUs  10s  25.00 iters/s
