2026/04/24 07:57:31 telemetry disabled: AEGEAN_DISABLE_TRACING=1

         /\      Grafana   /‾‾/  
    /\  /  \     |\  __   /  /   
   /  \/    \    | |/ /  /   ‾‾\ 
  /          \   |   (  |  (‾)  |
 / __________ \  |_|\_\  \_____/ 

     execution: local
        script: workflow/social/k6_open_client.js
        output: -

     scenarios: (100.00%) 1 scenario, 10000 max VUs, 45s max duration (incl. graceful stop):
              * default: 100.00 iterations/s for 15s (maxVUs: 0-10000, gracefulStop: 30s)


running (01.0s), 00009/00012 VUs, 79 complete and 0 interrupted iterations
default   [   7% ] 00009/00012 VUs  01.0s/15s  100.00 iters/s

running (02.0s), 00008/00013 VUs, 178 complete and 0 interrupted iterations
default   [  13% ] 00008/00013 VUs  02.0s/15s  100.00 iters/s

running (03.0s), 00012/00016 VUs, 272 complete and 0 interrupted iterations
default   [  20% ] 00012/00016 VUs  03.0s/15s  100.00 iters/s

running (04.0s), 00006/00016 VUs, 377 complete and 0 interrupted iterations
default   [  27% ] 00007/00016 VUs  04.0s/15s  100.00 iters/s

running (05.0s), 00005/00016 VUs, 479 complete and 0 interrupted iterations
default   [  33% ] 00005/00016 VUs  05.0s/15s  100.00 iters/s

running (06.0s), 00006/00016 VUs, 578 complete and 0 interrupted iterations
default   [  40% ] 00006/00016 VUs  06.0s/15s  100.00 iters/s

running (07.0s), 00003/00016 VUs, 680 complete and 0 interrupted iterations
default   [  47% ] 00004/00016 VUs  07.0s/15s  100.00 iters/s

running (08.0s), 00007/00016 VUs, 777 complete and 0 interrupted iterations
default   [  53% ] 00007/00016 VUs  08.0s/15s  100.00 iters/s

running (09.0s), 00007/00016 VUs, 877 complete and 0 interrupted iterations
default   [  60% ] 00007/00016 VUs  09.0s/15s  100.00 iters/s

running (10.0s), 00006/00016 VUs, 978 complete and 0 interrupted iterations
default   [  67% ] 00006/00016 VUs  10.0s/15s  100.00 iters/s

running (11.0s), 00017/00019 VUs, 1064 complete and 0 interrupted iterations
default   [  73% ] 00017/00019 VUs  11.0s/15s  100.00 iters/s

running (12.0s), 00009/00019 VUs, 1172 complete and 0 interrupted iterations
default   [  80% ] 00009/00019 VUs  12.0s/15s  100.00 iters/s

running (13.0s), 00008/00019 VUs, 1272 complete and 0 interrupted iterations
default   [  87% ] 00008/00019 VUs  13.0s/15s  100.00 iters/s

running (14.0s), 00007/00019 VUs, 1374 complete and 0 interrupted iterations
default   [  93% ] 00007/00019 VUs  14.0s/15s  100.00 iters/s

running (15.0s), 00007/00019 VUs, 1473 complete and 0 interrupted iterations
default   [ 100% ] 00007/00019 VUs  15s  100.00 iters/s


  █ TOTAL RESULTS 

    HTTP
    http_req_duration..............: avg=79.63ms min=31.18ms med=76.79ms max=199.3ms  p(90)=108.57ms p(95)=131.55ms
      { expected_response:true }...: avg=79.63ms min=31.18ms med=76.79ms max=199.3ms  p(90)=108.57ms p(95)=131.55ms
    http_req_failed................: 0.00%  0 out of 1480
    http_reqs......................: 1480   98.223127/s

    EXECUTION
    dropped_iterations.............: 20     1.32734/s
    iteration_duration.............: avg=79.83ms min=31.29ms med=76.87ms max=199.43ms p(90)=109.03ms p(95)=131.65ms
    iterations.....................: 1480   98.223127/s
    vus............................: 7      min=3         max=17
    vus_max........................: 19     min=12        max=19

    NETWORK
    data_received..................: 299 kB 20 kB/s
    data_sent......................: 486 kB 32 kB/s




running (15.1s), 00000/00019 VUs, 1480 complete and 0 interrupted iterations
default ✓ [ 100% ] 00000/00019 VUs  15s  100.00 iters/s
