2026/04/24 07:41:24 telemetry disabled: AEGEAN_DISABLE_TRACING=1

         /\      Grafana   /‾‾/  
    /\  /  \     |\  __   /  /   
   /  \/    \    | |/ /  /   ‾‾\ 
  /          \   |   (  |  (‾)  |
 / __________ \  |_|\_\  \_____/ 

     execution: local
        script: workflow/external_srv/k6_open_client.js
        output: -

     scenarios: (100.00%) 1 scenario, 10000 max VUs, 45s max duration (incl. graceful stop):
              * default: 1600.00 iterations/s for 15s (maxVUs: 0-10000, gracefulStop: 30s)


running (01.0s), 00464/00464 VUs, 0 complete and 0 interrupted iterations
default   [   7% ] 00464/00465 VUs  01.0s/15s  1600.00 iters/s

running (02.0s), 00910/00910 VUs, 0 complete and 0 interrupted iterations
default   [  13% ] 00910/00910 VUs  02.0s/15s  1600.00 iters/s

running (03.0s), 01293/01293 VUs, 0 complete and 0 interrupted iterations
default   [  20% ] 01293/01293 VUs  03.0s/15s  1600.00 iters/s

running (04.0s), 01699/01700 VUs, 0 complete and 0 interrupted iterations
default   [  27% ] 01699/01699 VUs  04.0s/15s  1600.00 iters/s

running (05.0s), 02053/02053 VUs, 0 complete and 0 interrupted iterations
default   [  33% ] 02053/02053 VUs  05.0s/15s  1600.00 iters/s

running (06.0s), 02456/02456 VUs, 0 complete and 0 interrupted iterations
default   [  40% ] 02456/02456 VUs  06.0s/15s  1600.00 iters/s

running (07.0s), 02835/02835 VUs, 0 complete and 0 interrupted iterations
default   [  47% ] 02835/02835 VUs  07.0s/15s  1600.00 iters/s

running (08.0s), 03189/03190 VUs, 0 complete and 0 interrupted iterations
default   [  53% ] 03189/03190 VUs  08.0s/15s  1600.00 iters/s

running (09.0s), 03535/03535 VUs, 0 complete and 0 interrupted iterations
default   [  60% ] 03535/03535 VUs  09.0s/15s  1600.00 iters/s

running (10.0s), 03945/03945 VUs, 0 complete and 0 interrupted iterations
default   [  67% ] 03945/03945 VUs  10.0s/15s  1600.00 iters/s

running (11.0s), 04402/04402 VUs, 0 complete and 0 interrupted iterations
default   [  73% ] 04402/04402 VUs  11.0s/15s  1600.00 iters/s

running (12.0s), 04832/04832 VUs, 0 complete and 0 interrupted iterations
default   [  80% ] 04832/04832 VUs  12.0s/15s  1600.00 iters/s

running (13.0s), 05211/05211 VUs, 0 complete and 0 interrupted iterations
default   [  87% ] 05211/05211 VUs  13.0s/15s  1600.00 iters/s

running (14.0s), 05465/05465 VUs, 0 complete and 0 interrupted iterations
default   [  93% ] 05465/05465 VUs  14.0s/15s  1600.00 iters/s

running (15.0s), 05840/05840 VUs, 0 complete and 0 interrupted iterations
default ↓ [ 100% ] 05839/05840 VUs  15s  1600.00 iters/s

running (16.0s), 05840/05841 VUs, 0 complete and 0 interrupted iterations
default ↓ [ 100% ] 05839/05840 VUs  15s  1600.00 iters/s

running (17.0s), 05840/05841 VUs, 0 complete and 0 interrupted iterations
default ↓ [ 100% ] 05839/05840 VUs  15s  1600.00 iters/s

running (18.0s), 05840/05841 VUs, 0 complete and 0 interrupted iterations
default ↓ [ 100% ] 05839/05840 VUs  15s  1600.00 iters/s

running (19.0s), 05840/05841 VUs, 0 complete and 0 interrupted iterations
default ↓ [ 100% ] 05839/05840 VUs  15s  1600.00 iters/s
2026/04/24 07:41:49 k6 open client request logic timed out after 20s
