2026/04/24 07:19:56 telemetry disabled: AEGEAN_DISABLE_TRACING=1

         /\      Grafana   /‾‾/  
    /\  /  \     |\  __   /  /   
   /  \/    \    | |/ /  /   ‾‾\ 
  /          \   |   (  |  (‾)  |
 / __________ \  |_|\_\  \_____/ 

     execution: local
        script: workflow/hotel/k6_open_reservation_client.js
        output: -

     scenarios: (100.00%) 1 scenario, 10000 max VUs, 45s max duration (incl. graceful stop):
              * default: 400.00 iterations/s for 15s (maxVUs: 0-10000, gracefulStop: 30s)


running (01.0s), 00094/00094 VUs, 164 complete and 0 interrupted iterations
default   [   7% ] 00094/00094 VUs  01.0s/15s  400.00 iters/s

running (02.0s), 00160/00167 VUs, 398 complete and 0 interrupted iterations
default   [  13% ] 00160/00167 VUs  02.0s/15s  400.00 iters/s

running (03.0s), 00227/00229 VUs, 630 complete and 0 interrupted iterations
default   [  20% ] 00228/00229 VUs  03.0s/15s  400.00 iters/s

running (04.0s), 00301/00301 VUs, 875 complete and 0 interrupted iterations
default   [  27% ] 00301/00301 VUs  04.0s/15s  400.00 iters/s

running (05.0s), 00360/00361 VUs, 1151 complete and 0 interrupted iterations
default   [  33% ] 00360/00361 VUs  05.0s/15s  400.00 iters/s

running (06.0s), 00425/00426 VUs, 1407 complete and 0 interrupted iterations
default   [  40% ] 00425/00426 VUs  06.0s/15s  400.00 iters/s

running (07.0s), 00507/00508 VUs, 1633 complete and 0 interrupted iterations
default   [  47% ] 00507/00508 VUs  07.0s/15s  400.00 iters/s

running (08.0s), 00573/00576 VUs, 1875 complete and 0 interrupted iterations
default   [  53% ] 00573/00576 VUs  08.0s/15s  400.00 iters/s

running (09.0s), 00640/00647 VUs, 2128 complete and 0 interrupted iterations
default   [  60% ] 00640/00647 VUs  09.0s/15s  400.00 iters/s

running (10.0s), 00733/00734 VUs, 2316 complete and 0 interrupted iterations
default   [  67% ] 00733/00734 VUs  10.0s/15s  400.00 iters/s

running (11.0s), 00805/00812 VUs, 2527 complete and 0 interrupted iterations
default   [  73% ] 00805/00812 VUs  11.0s/15s  400.00 iters/s

running (12.0s), 00894/00895 VUs, 2744 complete and 0 interrupted iterations
default   [  80% ] 00894/00895 VUs  12.0s/15s  400.00 iters/s

running (13.0s), 00999/00999 VUs, 2901 complete and 0 interrupted iterations
default   [  87% ] 00999/00999 VUs  13.0s/15s  400.00 iters/s

running (14.0s), 01099/01100 VUs, 3057 complete and 0 interrupted iterations
default   [  93% ] 01099/01100 VUs  14.0s/15s  400.00 iters/s

running (15.0s), 01201/01201 VUs, 3228 complete and 0 interrupted iterations
default ↓ [ 100% ] 01201/01201 VUs  15s  400.00 iters/s

running (16.0s), 01037/01201 VUs, 3392 complete and 0 interrupted iterations
default ↓ [ 100% ] 01201/01201 VUs  15s  400.00 iters/s

running (17.0s), 00847/01201 VUs, 3582 complete and 0 interrupted iterations
default ↓ [ 100% ] 01201/01201 VUs  15s  400.00 iters/s

running (18.0s), 00667/01201 VUs, 3762 complete and 0 interrupted iterations
default ↓ [ 100% ] 01201/01201 VUs  15s  400.00 iters/s

running (19.1s), 00551/01201 VUs, 3878 complete and 0 interrupted iterations
default ↓ [ 100% ] 01201/01201 VUs  15s  400.00 iters/s
2026/04/24 07:20:45 hotel k6 open reservation client timed out after 20s
