
         /\      Grafana   /‾‾/  
    /\  /  \     |\  __   /  /   
   /  \/    \    | |/ /  /   ‾‾\ 
  /          \   |   (  |  (‾)  |
 / __________ \  |_|\_\  \_____/ 

     execution: local
        script: workflow/aegean/k6_open_client.js
        output: -

     scenarios: (100.00%) 1 scenario, 10000 max VUs, 45s max duration (incl. graceful stop):
              * default: 10.00 iterations/s for 15s (maxVUs: 0-10000, gracefulStop: 30s)


running (01.0s), 00000/00002 VUs, 7 complete and 0 interrupted iterations
default   [   7% ] 00001/00002 VUs  01.0s/15s  10.00 iters/s

running (02.0s), 00001/00002 VUs, 17 complete and 0 interrupted iterations
default   [  13% ] 00001/00002 VUs  02.0s/15s  10.00 iters/s

running (03.0s), 00001/00002 VUs, 27 complete and 0 interrupted iterations
default   [  20% ] 00001/00002 VUs  03.0s/15s  10.00 iters/s

running (04.0s), 00000/00002 VUs, 37 complete and 0 interrupted iterations
default   [  27% ] 00001/00002 VUs  04.0s/15s  10.00 iters/s

running (05.0s), 00001/00002 VUs, 47 complete and 0 interrupted iterations
default   [  33% ] 00001/00002 VUs  05.0s/15s  10.00 iters/s

running (06.0s), 00001/00002 VUs, 57 complete and 0 interrupted iterations
default   [  40% ] 00001/00002 VUs  06.0s/15s  10.00 iters/s

running (07.0s), 00001/00002 VUs, 67 complete and 0 interrupted iterations
default   [  47% ] 00001/00002 VUs  07.0s/15s  10.00 iters/s

running (08.0s), 00001/00002 VUs, 77 complete and 0 interrupted iterations
default   [  53% ] 00001/00002 VUs  08.0s/15s  10.00 iters/s

running (09.0s), 00001/00002 VUs, 87 complete and 0 interrupted iterations
default   [  60% ] 00001/00002 VUs  09.0s/15s  10.00 iters/s

running (10.0s), 00001/00002 VUs, 97 complete and 0 interrupted iterations
default   [  67% ] 00001/00002 VUs  10.0s/15s  10.00 iters/s

running (11.0s), 00001/00002 VUs, 107 complete and 0 interrupted iterations
default   [  73% ] 00001/00002 VUs  11.0s/15s  10.00 iters/s

running (12.0s), 00001/00002 VUs, 117 complete and 0 interrupted iterations
default   [  80% ] 00001/00002 VUs  12.0s/15s  10.00 iters/s

running (13.0s), 00001/00002 VUs, 127 complete and 0 interrupted iterations
default   [  87% ] 00001/00002 VUs  13.0s/15s  10.00 iters/s

running (14.0s), 00000/00002 VUs, 137 complete and 0 interrupted iterations
default   [  93% ] 00001/00002 VUs  14.0s/15s  10.00 iters/s

running (15.0s), 00001/00002 VUs, 147 complete and 0 interrupted iterations
default   [ 100% ] 00001/00002 VUs  15s  10.00 iters/s


  █ TOTAL RESULTS 

    HTTP
    http_req_duration..............: avg=84.1ms  min=61.03ms med=83.83ms max=105.35ms p(90)=94.74ms p(95)=97.88ms
      { expected_response:true }...: avg=84.1ms  min=61.03ms med=83.83ms max=105.35ms p(90)=94.74ms p(95)=97.88ms
    http_req_failed................: 0.00% 0 out of 148
    http_reqs......................: 148   9.823871/s

    EXECUTION
    dropped_iterations.............: 3     0.199133/s
    iteration_duration.............: avg=84.63ms min=61.27ms med=84.58ms max=105.94ms p(90)=95.27ms p(95)=98.35ms
    iterations.....................: 148   9.823871/s
    vus............................: 1     min=0        max=1
    vus_max........................: 2     min=2        max=2

    NETWORK
    data_received..................: 42 kB 2.8 kB/s
    data_sent......................: 55 kB 3.6 kB/s




running (15.1s), 00000/00002 VUs, 148 complete and 0 interrupted iterations
default ✓ [ 100% ] 00000/00002 VUs  15s  10.00 iters/s
