
         /\      Grafana   /‾‾/  
    /\  /  \     |\  __   /  /   
   /  \/    \    | |/ /  /   ‾‾\ 
  /          \   |   (  |  (‾)  |
 / __________ \  |_|\_\  \_____/ 

     execution: local
        script: workflow/social/k6_open_client.js
        output: -

     scenarios: (100.00%) 1 scenario, 10000 max VUs, 15s max duration (incl. graceful stop):
              * default: 40.00 iterations/s for 15s (maxVUs: 40-10000)


running (01.0s), 00001/00040 VUs, 39 complete and 0 interrupted iterations
default   [   7% ] 00001/00040 VUs  01.0s/15s  40.00 iters/s

running (02.0s), 00001/00040 VUs, 79 complete and 0 interrupted iterations
default   [  13% ] 00001/00040 VUs  02.0s/15s  40.00 iters/s

running (03.0s), 00001/00040 VUs, 119 complete and 0 interrupted iterations
default   [  20% ] 00001/00040 VUs  03.0s/15s  40.00 iters/s

running (04.0s), 00001/00040 VUs, 159 complete and 0 interrupted iterations
default   [  27% ] 00001/00040 VUs  04.0s/15s  40.00 iters/s

running (05.0s), 00001/00040 VUs, 199 complete and 0 interrupted iterations
default   [  33% ] 00001/00040 VUs  05.0s/15s  40.00 iters/s

running (06.0s), 00001/00040 VUs, 239 complete and 0 interrupted iterations
default   [  40% ] 00001/00040 VUs  06.0s/15s  40.00 iters/s

running (07.0s), 00001/00040 VUs, 279 complete and 0 interrupted iterations
default   [  47% ] 00001/00040 VUs  07.0s/15s  40.00 iters/s

running (08.0s), 00001/00040 VUs, 319 complete and 0 interrupted iterations
default   [  53% ] 00001/00040 VUs  08.0s/15s  40.00 iters/s

running (09.0s), 00001/00040 VUs, 359 complete and 0 interrupted iterations
default   [  60% ] 00001/00040 VUs  09.0s/15s  40.00 iters/s

running (10.0s), 00001/00040 VUs, 399 complete and 0 interrupted iterations
default   [  67% ] 00001/00040 VUs  10.0s/15s  40.00 iters/s

running (11.0s), 00001/00040 VUs, 439 complete and 0 interrupted iterations
default   [  73% ] 00001/00040 VUs  11.0s/15s  40.00 iters/s

running (12.0s), 00001/00040 VUs, 479 complete and 0 interrupted iterations
default   [  80% ] 00001/00040 VUs  12.0s/15s  40.00 iters/s

running (13.0s), 00001/00040 VUs, 519 complete and 0 interrupted iterations
default   [  87% ] 00001/00040 VUs  13.0s/15s  40.00 iters/s

running (14.0s), 00001/00040 VUs, 559 complete and 0 interrupted iterations
default   [  93% ] 00001/00040 VUs  14.0s/15s  40.00 iters/s

running (15.0s), 00001/00040 VUs, 599 complete and 0 interrupted iterations
default   [ 100% ] 00001/00040 VUs  15.0s/15s  40.00 iters/s


  █ TOTAL RESULTS 

    HTTP
    http_req_duration..............: avg=35.35ms min=25ms    med=35.31ms max=45.88ms p(90)=41.72ms p(95)=43.7ms 
      { expected_response:true }...: avg=35.35ms min=25ms    med=35.31ms max=45.88ms p(90)=41.72ms p(95)=43.7ms 
    http_req_failed................: 0.00%  0 out of 599
    http_reqs......................: 599    39.930209/s

    EXECUTION
    iteration_duration.............: avg=35.5ms  min=25.13ms med=35.47ms max=46.26ms p(90)=41.83ms p(95)=43.81ms
    iterations.....................: 599    39.930209/s
    vus............................: 1      min=1        max=1 
    vus_max........................: 40     min=40       max=40

    NETWORK
    data_received..................: 138 kB 9.2 kB/s
    data_sent......................: 197 kB 13 kB/s




running (15.0s), 00000/00040 VUs, 599 complete and 2 interrupted iterations
default ✓ [ 100% ] 00002/00040 VUs  15s  40.00 iters/s
