
         /\      Grafana   /‾‾/  
    /\  /  \     |\  __   /  /   
   /  \/    \    | |/ /  /   ‾‾\ 
  /          \   |   (  |  (‾)  |
 / __________ \  |_|\_\  \_____/ 

     execution: local
        script: workflow/aegean/k6_open_client.js
        output: -

     scenarios: (100.00%) 1 scenario, 50 max VUs, 45s max duration (incl. graceful stop):
              * default: 1000.00 iterations/s for 15s (maxVUs: 50, gracefulStop: 30s)

time="2026-03-23T03:29:38Z" level=warning msg="Insufficient VUs, reached 50 active VUs and cannot initialize more" executor=constant-arrival-rate scenario=default

running (01.0s), 50/50 VUs, 350 complete and 0 interrupted iterations
default   [   7% ] 50/50 VUs  01.0s/15s  1000.00 iters/s

running (02.0s), 50/50 VUs, 700 complete and 0 interrupted iterations
default   [  13% ] 50/50 VUs  02.0s/15s  1000.00 iters/s

running (03.0s), 50/50 VUs, 1050 complete and 0 interrupted iterations
default   [  20% ] 50/50 VUs  03.0s/15s  1000.00 iters/s

running (04.0s), 31/50 VUs, 1450 complete and 0 interrupted iterations
default   [  27% ] 31/50 VUs  04.0s/15s  1000.00 iters/s

running (05.0s), 50/50 VUs, 1800 complete and 0 interrupted iterations
default   [  33% ] 50/50 VUs  05.0s/15s  1000.00 iters/s

running (06.0s), 21/50 VUs, 2150 complete and 0 interrupted iterations
default   [  40% ] 22/50 VUs  06.0s/15s  1000.00 iters/s

running (07.0s), 39/50 VUs, 2500 complete and 0 interrupted iterations
default   [  47% ] 39/50 VUs  07.0s/15s  1000.00 iters/s

running (08.0s), 50/50 VUs, 2850 complete and 0 interrupted iterations
default   [  53% ] 50/50 VUs  08.0s/15s  1000.00 iters/s

running (09.0s), 50/50 VUs, 3200 complete and 0 interrupted iterations
default   [  60% ] 50/50 VUs  09.0s/15s  1000.00 iters/s

running (10.0s), 50/50 VUs, 3550 complete and 0 interrupted iterations
default   [  67% ] 50/50 VUs  10.0s/15s  1000.00 iters/s

running (11.0s), 50/50 VUs, 3900 complete and 0 interrupted iterations
default   [  73% ] 50/50 VUs  11.0s/15s  1000.00 iters/s

running (12.0s), 50/50 VUs, 4250 complete and 0 interrupted iterations
default   [  80% ] 50/50 VUs  12.0s/15s  1000.00 iters/s

running (13.0s), 50/50 VUs, 4600 complete and 0 interrupted iterations
default   [  87% ] 50/50 VUs  13.0s/15s  1000.00 iters/s

running (14.0s), 09/50 VUs, 4950 complete and 0 interrupted iterations
default   [  93% ] 09/50 VUs  14.0s/15s  1000.00 iters/s

running (15.0s), 50/50 VUs, 5300 complete and 0 interrupted iterations
default   [ 100% ] 50/50 VUs  15.0s/15s  1000.00 iters/s


  █ TOTAL RESULTS 

    HTTP
    http_req_duration..............: avg=118.75ms min=55.19ms med=118.77ms max=200.45ms p(90)=142.32ms p(95)=147.63ms
      { expected_response:true }...: avg=118.75ms min=55.19ms med=118.77ms max=200.45ms p(90)=142.32ms p(95)=147.63ms
    http_req_failed................: 0.00%  0 out of 5350
    http_reqs......................: 5350   355.155983/s

    EXECUTION
    dropped_iterations.............: 9650   640.608456/s
    iteration_duration.............: avg=118.84ms min=55.26ms med=118.84ms max=200.58ms p(90)=142.39ms p(95)=147.71ms
    iterations.....................: 5350   355.155983/s
    vus............................: 50     min=9         max=50
    vus_max........................: 50     min=50        max=50

    NETWORK
    data_received..................: 1.5 MB 102 kB/s
    data_sent......................: 2.0 MB 133 kB/s




running (15.1s), 00/50 VUs, 5350 complete and 0 interrupted iterations
default ✓ [ 100% ] 00/50 VUs  15s  1000.00 iters/s
