
         /\      Grafana   /‾‾/  
    /\  /  \     |\  __   /  /   
   /  \/    \    | |/ /  /   ‾‾\ 
  /          \   |   (  |  (‾)  |
 / __________ \  |_|\_\  \_____/ 

     execution: local
        script: workflow/req_race/k6_closed_client.js
        output: -

     scenarios: (100.00%) 1 scenario, 50 max VUs, 45s max duration (incl. graceful stop):
              * default: 50 looping VUs for 15s (gracefulStop: 30s)


running (01.0s), 50/50 VUs, 0 complete and 0 interrupted iterations
default   [   7% ] 50 VUs  01.0s/15s

running (02.0s), 50/50 VUs, 0 complete and 0 interrupted iterations
default   [  13% ] 50 VUs  02.0s/15s

running (03.0s), 50/50 VUs, 0 complete and 0 interrupted iterations
default   [  20% ] 50 VUs  03.0s/15s

running (04.0s), 50/50 VUs, 0 complete and 0 interrupted iterations
default   [  27% ] 50 VUs  04.0s/15s

running (05.0s), 50/50 VUs, 0 complete and 0 interrupted iterations
default   [  33% ] 50 VUs  05.0s/15s

running (06.0s), 50/50 VUs, 0 complete and 0 interrupted iterations
default   [  40% ] 50 VUs  06.0s/15s

running (07.0s), 50/50 VUs, 0 complete and 0 interrupted iterations
default   [  47% ] 50 VUs  07.0s/15s

running (08.0s), 50/50 VUs, 0 complete and 0 interrupted iterations
default   [  53% ] 50 VUs  08.0s/15s

running (09.0s), 50/50 VUs, 0 complete and 0 interrupted iterations
default   [  60% ] 50 VUs  09.0s/15s

running (10.0s), 50/50 VUs, 0 complete and 0 interrupted iterations
default   [  67% ] 50 VUs  10.0s/15s

running (11.0s), 50/50 VUs, 0 complete and 0 interrupted iterations
default   [  73% ] 50 VUs  11.0s/15s

running (12.0s), 50/50 VUs, 0 complete and 0 interrupted iterations
default   [  80% ] 50 VUs  12.0s/15s

running (13.0s), 50/50 VUs, 0 complete and 0 interrupted iterations
default   [  87% ] 50 VUs  13.0s/15s

running (14.0s), 50/50 VUs, 0 complete and 0 interrupted iterations
default   [  93% ] 50 VUs  14.0s/15s

running (15.0s), 50/50 VUs, 0 complete and 0 interrupted iterations
default   [ 100% ] 50 VUs  15.0s/15s

running (16.0s), 50/50 VUs, 0 complete and 0 interrupted iterations
default ↓ [ 100% ] 50 VUs  15s

running (17.0s), 50/50 VUs, 0 complete and 0 interrupted iterations
default ↓ [ 100% ] 50 VUs  15s

running (18.0s), 50/50 VUs, 0 complete and 0 interrupted iterations
default ↓ [ 100% ] 50 VUs  15s

running (19.0s), 50/50 VUs, 0 complete and 0 interrupted iterations
default ↓ [ 100% ] 50 VUs  15s
2026/03/23 03:00:08 k6 closed client request logic timed out after 20s
