2026/04/24 06:45:39 telemetry disabled: AEGEAN_DISABLE_TRACING=1

         /\      Grafana   /‾‾/  
    /\  /  \     |\  __   /  /   
   /  \/    \    | |/ /  /   ‾‾\ 
  /          \   |   (  |  (‾)  |
 / __________ \  |_|\_\  \_____/ 

     execution: local
        script: workflow/aegean/k6_open_client.js
        output: -

     scenarios: (100.00%) 1 scenario, 10000 max VUs, 45s max duration (incl. graceful stop):
              * default: 200.00 iterations/s for 15s (maxVUs: 0-10000, gracefulStop: 30s)


running (01.0s), 00018/00021 VUs, 160 complete and 0 interrupted iterations
default   [   7% ] 00018/00021 VUs  01.0s/15s  200.00 iters/s

running (02.0s), 00016/00023 VUs, 360 complete and 0 interrupted iterations
default   [  13% ] 00017/00023 VUs  02.0s/15s  200.00 iters/s

running (03.0s), 00014/00025 VUs, 561 complete and 0 interrupted iterations
default   [  20% ] 00014/00025 VUs  03.0s/15s  200.00 iters/s

running (04.0s), 00012/00025 VUs, 762 complete and 0 interrupted iterations
default   [  27% ] 00013/00025 VUs  04.0s/15s  200.00 iters/s

running (05.0s), 00019/00025 VUs, 956 complete and 0 interrupted iterations
default   [  33% ] 00019/00025 VUs  05.0s/15s  200.00 iters/s

running (06.0s), 00009/00025 VUs, 1166 complete and 0 interrupted iterations
default   [  40% ] 00009/00025 VUs  06.0s/15s  200.00 iters/s

running (07.0s), 00009/00025 VUs, 1366 complete and 0 interrupted iterations
default   [  47% ] 00009/00025 VUs  07.0s/15s  200.00 iters/s

running (08.0s), 00012/00025 VUs, 1563 complete and 0 interrupted iterations
default   [  53% ] 00012/00025 VUs  08.0s/15s  200.00 iters/s

running (09.0s), 00019/00025 VUs, 1755 complete and 0 interrupted iterations
default   [  60% ] 00020/00025 VUs  09.0s/15s  200.00 iters/s

running (10.0s), 00008/00025 VUs, 1966 complete and 0 interrupted iterations
default   [  67% ] 00009/00025 VUs  10.0s/15s  200.00 iters/s

running (11.0s), 00016/00025 VUs, 2159 complete and 0 interrupted iterations
default   [  73% ] 00016/00025 VUs  11.0s/15s  200.00 iters/s

running (12.0s), 00010/00025 VUs, 2364 complete and 0 interrupted iterations
default   [  80% ] 00010/00025 VUs  12.0s/15s  200.00 iters/s

running (13.0s), 00010/00025 VUs, 2564 complete and 0 interrupted iterations
default   [  87% ] 00011/00025 VUs  13.0s/15s  200.00 iters/s

running (14.0s), 00018/00025 VUs, 2756 complete and 0 interrupted iterations
default   [  93% ] 00018/00025 VUs  14.0s/15s  200.00 iters/s

running (15.0s), 00014/00025 VUs, 2961 complete and 0 interrupted iterations
default   [ 100% ] 00014/00025 VUs  15s  200.00 iters/s


  █ TOTAL RESULTS 

    HTTP
    http_req_duration..............: avg=68.64ms min=27.79ms med=67.02ms max=125.02ms p(90)=94.11ms p(95)=98.35ms
      { expected_response:true }...: avg=68.64ms min=27.79ms med=67.02ms max=125.02ms p(90)=94.11ms p(95)=98.35ms
    http_req_failed................: 0.00%  0 out of 2975
    http_reqs......................: 2975   197.134005/s

    EXECUTION
    dropped_iterations.............: 26     1.722852/s
    iteration_duration.............: avg=68.76ms min=28.03ms med=67.14ms max=125.25ms p(90)=94.26ms p(95)=98.54ms
    iterations.....................: 2975   197.134005/s
    vus............................: 14     min=8         max=20
    vus_max........................: 25     min=21        max=25

    NETWORK
    data_received..................: 884 kB 59 kB/s
    data_sent......................: 1.1 MB 73 kB/s




running (15.1s), 00000/00025 VUs, 2975 complete and 0 interrupted iterations
default ✓ [ 100% ] 00000/00025 VUs  15s  200.00 iters/s
