2026/05/05 06:17:37 telemetry disabled: AEGEAN_DISABLE_TRACING=1

         /\      Grafana   /‾‾/  
    /\  /  \     |\  __   /  /   
   /  \/    \    | |/ /  /   ‾‾\ 
  /          \   |   (  |  (‾)  |
 / __________ \  |_|\_\  \_____/ 

     execution: local
        script: workflow/aegean/k6_open_client.js
        output: -

     scenarios: (100.00%) 1 scenario, 10000 max VUs, 45s max duration (incl. graceful stop):
              * default: 1100.00 iterations/s for 15s (maxVUs: 0-10000, gracefulStop: 30s)


running (01.0s), 00263/00280 VUs, 425 complete and 0 interrupted iterations
default   [   7% ] 00263/00280 VUs  01.0s/15s  1100.00 iters/s

running (02.0s), 00549/00550 VUs, 836 complete and 0 interrupted iterations
default   [  13% ] 00549/00550 VUs  02.0s/15s  1100.00 iters/s

running (03.0s), 00819/00821 VUs, 1281 complete and 0 interrupted iterations
default   [  20% ] 00819/00821 VUs  03.0s/15s  1100.00 iters/s

running (04.0s), 01069/01086 VUs, 1729 complete and 0 interrupted iterations
default   [  27% ] 01069/01086 VUs  04.0s/15s  1100.00 iters/s

running (05.0s), 01354/01354 VUs, 2132 complete and 0 interrupted iterations
default   [  33% ] 01354/01354 VUs  05.0s/15s  1100.00 iters/s

running (06.0s), 01604/01604 VUs, 2601 complete and 0 interrupted iterations
default   [  40% ] 01604/01604 VUs  06.0s/15s  1100.00 iters/s

running (07.0s), 01867/01867 VUs, 3058 complete and 0 interrupted iterations
default   [  47% ] 01867/01867 VUs  07.0s/15s  1100.00 iters/s

running (08.0s), 02138/02138 VUs, 3486 complete and 0 interrupted iterations
default   [  53% ] 02138/02138 VUs  08.0s/15s  1100.00 iters/s

running (09.0s), 02385/02393 VUs, 3948 complete and 0 interrupted iterations
default   [  60% ] 02385/02393 VUs  09.0s/15s  1100.00 iters/s

running (10.0s), 02658/02658 VUs, 4389 complete and 0 interrupted iterations
default   [  67% ] 02658/02658 VUs  10.0s/15s  1100.00 iters/s

running (11.0s), 02932/02933 VUs, 4821 complete and 0 interrupted iterations
default   [  73% ] 02932/02933 VUs  11.0s/15s  1100.00 iters/s

running (12.0s), 03192/03197 VUs, 5285 complete and 0 interrupted iterations
default   [  80% ] 03192/03197 VUs  12.0s/15s  1100.00 iters/s

running (13.0s), 03455/03456 VUs, 5705 complete and 0 interrupted iterations
default   [  87% ] 03455/03456 VUs  13.0s/15s  1100.00 iters/s

running (14.0s), 03708/03708 VUs, 6145 complete and 0 interrupted iterations
default   [  93% ] 03708/03708 VUs  14.0s/15s  1100.00 iters/s

running (15.0s), 03978/03984 VUs, 6581 complete and 0 interrupted iterations
default ↓ [ 100% ] 03978/03984 VUs  15s  1100.00 iters/s

running (16.0s), 03501/03984 VUs, 7058 complete and 0 interrupted iterations
default ↓ [ 100% ] 03978/03984 VUs  15s  1100.00 iters/s

running (17.0s), 03095/03984 VUs, 7464 complete and 0 interrupted iterations
default ↓ [ 100% ] 03978/03984 VUs  15s  1100.00 iters/s

running (18.0s), 02655/03984 VUs, 7904 complete and 0 interrupted iterations
default ↓ [ 100% ] 03978/03984 VUs  15s  1100.00 iters/s

running (19.0s), 02194/03984 VUs, 8365 complete and 0 interrupted iterations
default ↓ [ 100% ] 03978/03984 VUs  15s  1100.00 iters/s
2026/05/05 06:18:04 k6 client request logic timed out after 20s
