2026/04/24 06:51:41 telemetry disabled: AEGEAN_DISABLE_TRACING=1

         /\      Grafana   /‾‾/  
    /\  /  \     |\  __   /  /   
   /  \/    \    | |/ /  /   ‾‾\ 
  /          \   |   (  |  (‾)  |
 / __________ \  |_|\_\  \_____/ 

     execution: local
        script: workflow/hotel/k6_open_hotels_client.js
        output: -

     scenarios: (100.00%) 1 scenario, 10000 max VUs, 45s max duration (incl. graceful stop):
              * default: 100.00 iterations/s for 15s (maxVUs: 0-10000, gracefulStop: 30s)


running (01.0s), 00003/00008 VUs, 88 complete and 0 interrupted iterations
default   [   7% ] 00004/00008 VUs  01.0s/15s  100.00 iters/s

running (02.0s), 00003/00008 VUs, 188 complete and 0 interrupted iterations
default   [  13% ] 00004/00008 VUs  02.0s/15s  100.00 iters/s

running (03.0s), 00005/00009 VUs, 285 complete and 0 interrupted iterations
default   [  20% ] 00005/00009 VUs  03.0s/15s  100.00 iters/s

running (04.0s), 00005/00009 VUs, 386 complete and 0 interrupted iterations
default   [  27% ] 00005/00009 VUs  04.0s/15s  100.00 iters/s

running (05.0s), 00006/00009 VUs, 484 complete and 0 interrupted iterations
default   [  33% ] 00007/00009 VUs  05.0s/15s  100.00 iters/s

running (06.0s), 00008/00010 VUs, 582 complete and 0 interrupted iterations
default   [  40% ] 00008/00010 VUs  06.0s/15s  100.00 iters/s

running (07.0s), 00006/00010 VUs, 684 complete and 0 interrupted iterations
default   [  47% ] 00006/00010 VUs  07.0s/15s  100.00 iters/s

running (08.0s), 00004/00010 VUs, 785 complete and 0 interrupted iterations
default   [  53% ] 00004/00010 VUs  08.0s/15s  100.00 iters/s

running (09.0s), 00005/00010 VUs, 884 complete and 0 interrupted iterations
default   [  60% ] 00005/00010 VUs  09.0s/15s  100.00 iters/s

running (10.0s), 00005/00010 VUs, 984 complete and 0 interrupted iterations
default   [  67% ] 00005/00010 VUs  10.0s/15s  100.00 iters/s

running (11.0s), 00006/00010 VUs, 1084 complete and 0 interrupted iterations
default   [  73% ] 00006/00010 VUs  11.0s/15s  100.00 iters/s

running (12.0s), 00004/00010 VUs, 1185 complete and 0 interrupted iterations
default   [  80% ] 00005/00010 VUs  12.0s/15s  100.00 iters/s

running (13.0s), 00004/00010 VUs, 1286 complete and 0 interrupted iterations
default   [  87% ] 00004/00010 VUs  13.0s/15s  100.00 iters/s

running (14.0s), 00005/00010 VUs, 1385 complete and 0 interrupted iterations
default   [  93% ] 00005/00010 VUs  14.0s/15s  100.00 iters/s

running (15.0s), 00006/00010 VUs, 1484 complete and 0 interrupted iterations
default   [ 100% ] 00006/00010 VUs  15s  100.00 iters/s


  █ TOTAL RESULTS 

    HTTP
    http_req_duration..............: avg=51.81ms min=20.41ms med=51.5ms  max=94.45ms p(90)=69.35ms p(95)=74.66ms
      { expected_response:true }...: avg=51.81ms min=20.41ms med=51.5ms  max=94.45ms p(90)=69.35ms p(95)=74.66ms
    http_req_failed................: 0.00%  0 out of 1490
    http_reqs......................: 1490   98.927716/s

    EXECUTION
    dropped_iterations.............: 11     0.730339/s
    iteration_duration.............: avg=51.92ms min=20.53ms med=51.59ms max=94.52ms p(90)=69.48ms p(95)=74.75ms
    iterations.....................: 1490   98.927716/s
    vus............................: 6      min=3         max=7 
    vus_max........................: 10     min=8         max=10

    NETWORK
    data_received..................: 393 kB 26 kB/s
    data_sent......................: 489 kB 33 kB/s




running (15.1s), 00000/00010 VUs, 1490 complete and 0 interrupted iterations
default ✓ [ 100% ] 00000/00010 VUs  15s  100.00 iters/s
