2026/04/24 08:06:03 telemetry disabled: AEGEAN_DISABLE_TRACING=1

         /\      Grafana   /‾‾/  
    /\  /  \     |\  __   /  /   
   /  \/    \    | |/ /  /   ‾‾\ 
  /          \   |   (  |  (‾)  |
 / __________ \  |_|\_\  \_____/ 

     execution: local
        script: workflow/social/k6_open_read_home_timeline.js
        output: -

     scenarios: (100.00%) 1 scenario, 10000 max VUs, 45s max duration (incl. graceful stop):
              * default: 100.00 iterations/s for 15s (maxVUs: 0-10000, gracefulStop: 30s)


running (01.0s), 00002/00007 VUs, 90 complete and 0 interrupted iterations
default   [   7% ] 00003/00007 VUs  01.0s/15s  100.00 iters/s

running (02.0s), 00005/00008 VUs, 187 complete and 0 interrupted iterations
default   [  13% ] 00005/00008 VUs  02.0s/15s  100.00 iters/s

running (03.0s), 00004/00008 VUs, 288 complete and 0 interrupted iterations
default   [  20% ] 00004/00008 VUs  03.0s/15s  100.00 iters/s

running (04.0s), 00007/00008 VUs, 385 complete and 0 interrupted iterations
default   [  27% ] 00007/00008 VUs  04.0s/15s  100.00 iters/s

running (05.0s), 00006/00009 VUs, 484 complete and 0 interrupted iterations
default   [  33% ] 00006/00009 VUs  05.0s/15s  100.00 iters/s

running (06.0s), 00007/00009 VUs, 583 complete and 0 interrupted iterations
default   [  40% ] 00007/00009 VUs  06.0s/15s  100.00 iters/s

running (07.0s), 00006/00009 VUs, 685 complete and 0 interrupted iterations
default   [  47% ] 00006/00009 VUs  07.0s/15s  100.00 iters/s

running (08.0s), 00003/00009 VUs, 787 complete and 0 interrupted iterations
default   [  53% ] 00003/00009 VUs  08.0s/15s  100.00 iters/s

running (09.0s), 00004/00009 VUs, 886 complete and 0 interrupted iterations
default   [  60% ] 00004/00009 VUs  09.0s/15s  100.00 iters/s

running (10.0s), 00004/00009 VUs, 986 complete and 0 interrupted iterations
default   [  67% ] 00004/00009 VUs  10.0s/15s  100.00 iters/s

running (11.0s), 00002/00009 VUs, 1088 complete and 0 interrupted iterations
default   [  73% ] 00003/00009 VUs  11.0s/15s  100.00 iters/s

running (12.0s), 00004/00009 VUs, 1187 complete and 0 interrupted iterations
default   [  80% ] 00004/00009 VUs  12.0s/15s  100.00 iters/s

running (13.0s), 00006/00009 VUs, 1284 complete and 0 interrupted iterations
default   [  87% ] 00006/00009 VUs  13.0s/15s  100.00 iters/s

running (14.0s), 00004/00009 VUs, 1386 complete and 0 interrupted iterations
default   [  93% ] 00005/00009 VUs  14.0s/15s  100.00 iters/s

running (15.0s), 00002/00009 VUs, 1488 complete and 0 interrupted iterations
default ↓ [ 100% ] 00002/00009 VUs  15s  100.00 iters/s


  █ TOTAL RESULTS 

    HTTP
    http_req_duration..............: avg=42.85ms min=12.15ms med=41.49ms max=92.32ms p(90)=64.43ms p(95)=66.81ms
      { expected_response:true }...: avg=42.85ms min=12.15ms med=41.49ms max=92.32ms p(90)=64.43ms p(95)=66.81ms
    http_req_failed................: 0.00%  0 out of 1490
    http_reqs......................: 1490   99.022726/s

    EXECUTION
    dropped_iterations.............: 10     0.664582/s
    iteration_duration.............: avg=42.95ms min=12.21ms med=41.57ms max=92.4ms  p(90)=64.58ms p(95)=66.93ms
    iterations.....................: 1490   99.022726/s
    vus............................: 2      min=2         max=7
    vus_max........................: 9      min=7         max=9

    NETWORK
    data_received..................: 1.9 MB 123 kB/s
    data_sent......................: 336 kB 22 kB/s




running (15.0s), 00000/00009 VUs, 1490 complete and 0 interrupted iterations
default ✓ [ 100% ] 00000/00009 VUs  15s  100.00 iters/s
