2026/04/24 08:08:39 telemetry disabled: AEGEAN_DISABLE_TRACING=1

         /\      Grafana   /‾‾/  
    /\  /  \     |\  __   /  /   
   /  \/    \    | |/ /  /   ‾‾\ 
  /          \   |   (  |  (‾)  |
 / __________ \  |_|\_\  \_____/ 

     execution: local
        script: workflow/social/k6_open_read_home_timeline.js
        output: -

     scenarios: (100.00%) 1 scenario, 10000 max VUs, 45s max duration (incl. graceful stop):
              * default: 100.00 iterations/s for 15s (maxVUs: 0-10000, gracefulStop: 30s)


running (01.0s), 00001/00001 VUs, 98 complete and 0 interrupted iterations
default   [   7% ] 00001/00001 VUs  01.0s/15s  100.00 iters/s

running (02.0s), 00001/00002 VUs, 197 complete and 0 interrupted iterations
default   [  13% ] 00001/00002 VUs  02.0s/15s  100.00 iters/s

running (03.0s), 00001/00003 VUs, 294 complete and 0 interrupted iterations
default   [  20% ] 00001/00003 VUs  03.0s/15s  100.00 iters/s

running (04.0s), 00001/00003 VUs, 394 complete and 0 interrupted iterations
default   [  27% ] 00001/00003 VUs  04.0s/15s  100.00 iters/s

running (05.0s), 00000/00003 VUs, 494 complete and 0 interrupted iterations
default   [  33% ] 00000/00003 VUs  05.0s/15s  100.00 iters/s

running (06.0s), 00001/00003 VUs, 594 complete and 0 interrupted iterations
default   [  40% ] 00001/00003 VUs  06.0s/15s  100.00 iters/s

running (07.0s), 00001/00003 VUs, 694 complete and 0 interrupted iterations
default   [  47% ] 00001/00003 VUs  07.0s/15s  100.00 iters/s

running (08.0s), 00001/00003 VUs, 794 complete and 0 interrupted iterations
default   [  53% ] 00001/00003 VUs  08.0s/15s  100.00 iters/s

running (09.0s), 00001/00003 VUs, 894 complete and 0 interrupted iterations
default   [  60% ] 00001/00003 VUs  09.0s/15s  100.00 iters/s

running (10.0s), 00001/00003 VUs, 994 complete and 0 interrupted iterations
default   [  67% ] 00001/00003 VUs  10.0s/15s  100.00 iters/s

running (11.0s), 00000/00003 VUs, 1094 complete and 0 interrupted iterations
default   [  73% ] 00001/00003 VUs  11.0s/15s  100.00 iters/s

running (12.0s), 00001/00003 VUs, 1194 complete and 0 interrupted iterations
default   [  80% ] 00001/00003 VUs  12.0s/15s  100.00 iters/s

running (13.0s), 00001/00003 VUs, 1294 complete and 0 interrupted iterations
default   [  87% ] 00001/00003 VUs  13.0s/15s  100.00 iters/s

running (14.0s), 00001/00003 VUs, 1394 complete and 0 interrupted iterations
default   [  93% ] 00001/00003 VUs  14.0s/15s  100.00 iters/s

running (15.0s), 00000/00003 VUs, 1494 complete and 0 interrupted iterations
default   [ 100% ] 00000/00003 VUs  15.0s/15s  100.00 iters/s


  █ TOTAL RESULTS 

    HTTP
    http_req_duration..............: avg=2.09ms min=440.2µs  med=1.97ms max=41.29ms p(90)=2.66ms p(95)=2.97ms
      { expected_response:true }...: avg=2.09ms min=440.2µs  med=1.97ms max=41.29ms p(90)=2.66ms p(95)=2.97ms
    http_req_failed................: 0.00%  0 out of 1495
    http_reqs......................: 1495   99.651357/s

    EXECUTION
    dropped_iterations.............: 6      0.399939/s
    iteration_duration.............: avg=2.36ms min=496.29µs med=2.24ms max=41.96ms p(90)=3ms    p(95)=3.35ms
    iterations.....................: 1495   99.651357/s
    vus............................: 0      min=0         max=1
    vus_max........................: 3      min=1         max=3

    NETWORK
    data_received..................: 1.9 MB 127 kB/s
    data_sent......................: 337 kB 23 kB/s




running (15.0s), 00000/00003 VUs, 1495 complete and 0 interrupted iterations
default ✓ [ 100% ] 00000/00003 VUs  15s  100.00 iters/s
