2026/04/30 20:30:10 telemetry disabled: AEGEAN_DISABLE_TRACING=1

         /\      Grafana   /‾‾/  
    /\  /  \     |\  __   /  /   
   /  \/    \    | |/ /  /   ‾‾\ 
  /          \   |   (  |  (‾)  |
 / __________ \  |_|\_\  \_____/ 

     execution: local
        script: workflow/aegean/k6_open_client.js
        output: -

     scenarios: (100.00%) 1 scenario, 10000 max VUs, 45s max duration (incl. graceful stop):
              * default: 150.00 iterations/s for 15s (maxVUs: 0-10000, gracefulStop: 30s)


running (01.0s), 00012/00016 VUs, 121 complete and 0 interrupted iterations
default   [   7% ] 00012/00016 VUs  01.0s/15s  150.00 iters/s

running (02.0s), 00010/00016 VUs, 274 complete and 0 interrupted iterations
default   [  13% ] 00009/00016 VUs  02.0s/15s  150.00 iters/s

running (03.0s), 00011/00016 VUs, 422 complete and 0 interrupted iterations
default   [  20% ] 00011/00016 VUs  03.0s/15s  150.00 iters/s

running (04.0s), 00010/00016 VUs, 574 complete and 0 interrupted iterations
default   [  27% ] 00010/00016 VUs  04.0s/15s  150.00 iters/s

running (05.0s), 00007/00016 VUs, 727 complete and 0 interrupted iterations
default   [  33% ] 00007/00016 VUs  05.0s/15s  150.00 iters/s

running (06.0s), 00013/00016 VUs, 870 complete and 0 interrupted iterations
default   [  40% ] 00013/00016 VUs  06.0s/15s  150.00 iters/s

running (07.0s), 00015/00016 VUs, 1018 complete and 0 interrupted iterations
default   [  47% ] 00015/00016 VUs  07.0s/15s  150.00 iters/s

running (08.0s), 00013/00016 VUs, 1171 complete and 0 interrupted iterations
default   [  53% ] 00013/00016 VUs  08.0s/15s  150.00 iters/s

running (09.0s), 00009/00016 VUs, 1324 complete and 0 interrupted iterations
default   [  60% ] 00010/00016 VUs  09.0s/15s  150.00 iters/s

running (10.0s), 00011/00016 VUs, 1472 complete and 0 interrupted iterations
default   [  67% ] 00012/00016 VUs  10.0s/15s  150.00 iters/s

running (11.0s), 00009/00016 VUs, 1624 complete and 0 interrupted iterations
default   [  73% ] 00009/00016 VUs  11.0s/15s  150.00 iters/s

running (12.0s), 00008/00016 VUs, 1776 complete and 0 interrupted iterations
default   [  80% ] 00008/00016 VUs  12.0s/15s  150.00 iters/s

running (13.0s), 00008/00016 VUs, 1926 complete and 0 interrupted iterations
default   [  87% ] 00008/00016 VUs  13.0s/15s  150.00 iters/s

running (14.0s), 00010/00016 VUs, 2074 complete and 0 interrupted iterations
default   [  93% ] 00010/00016 VUs  14.0s/15s  150.00 iters/s

running (15.0s), 00007/00016 VUs, 2227 complete and 0 interrupted iterations
default   [ 100% ] 00007/00016 VUs  15s  150.00 iters/s


  █ TOTAL RESULTS 

    HTTP
    http_req_duration..............: avg=66.95ms min=25.91ms med=65.65ms max=105.8ms  p(90)=92.12ms p(95)=96.08ms
      { expected_response:true }...: avg=66.95ms min=25.91ms med=65.65ms max=105.8ms  p(90)=92.12ms p(95)=96.08ms
    http_req_failed................: 0.00%  0 out of 2234
    http_reqs......................: 2234   148.396559/s

    EXECUTION
    dropped_iterations.............: 17     1.129249/s
    iteration_duration.............: avg=67.03ms min=26.12ms med=65.74ms max=105.91ms p(90)=92.2ms  p(95)=96.17ms
    iterations.....................: 2234   148.396559/s
    vus............................: 7      min=7         max=15
    vus_max........................: 16     min=16        max=16

    NETWORK
    data_received..................: 664 kB 44 kB/s
    data_sent......................: 832 kB 55 kB/s




running (15.1s), 00000/00016 VUs, 2234 complete and 0 interrupted iterations
default ✓ [ 100% ] 00000/00016 VUs  15s  150.00 iters/s
