2026/04/24 08:04:06 telemetry disabled: AEGEAN_DISABLE_TRACING=1

         /\      Grafana   /‾‾/  
    /\  /  \     |\  __   /  /   
   /  \/    \    | |/ /  /   ‾‾\ 
  /          \   |   (  |  (‾)  |
 / __________ \  |_|\_\  \_____/ 

     execution: local
        script: workflow/social/k6_open_read_home_timeline.js
        output: -

     scenarios: (100.00%) 1 scenario, 10000 max VUs, 45s max duration (incl. graceful stop):
              * default: 200.00 iterations/s for 15s (maxVUs: 0-10000, gracefulStop: 30s)


running (01.0s), 00013/00014 VUs, 173 complete and 0 interrupted iterations
default   [   7% ] 00013/00014 VUs  01.0s/15s  200.00 iters/s

running (02.0s), 00009/00015 VUs, 376 complete and 0 interrupted iterations
default   [  13% ] 00009/00015 VUs  02.0s/15s  200.00 iters/s

running (03.0s), 00009/00017 VUs, 572 complete and 0 interrupted iterations
default   [  20% ] 00009/00017 VUs  03.0s/15s  200.00 iters/s

running (04.0s), 00007/00017 VUs, 774 complete and 0 interrupted iterations
default   [  27% ] 00007/00017 VUs  04.0s/15s  200.00 iters/s

running (05.0s), 00011/00017 VUs, 970 complete and 0 interrupted iterations
default   [  33% ] 00011/00017 VUs  05.0s/15s  200.00 iters/s

running (06.0s), 00005/00017 VUs, 1175 complete and 0 interrupted iterations
default   [  40% ] 00005/00017 VUs  06.0s/15s  200.00 iters/s

running (07.0s), 00006/00017 VUs, 1375 complete and 0 interrupted iterations
default   [  47% ] 00006/00017 VUs  07.0s/15s  200.00 iters/s

running (08.0s), 00008/00017 VUs, 1573 complete and 0 interrupted iterations
default   [  53% ] 00008/00017 VUs  08.0s/15s  200.00 iters/s

running (09.0s), 00007/00017 VUs, 1774 complete and 0 interrupted iterations
default   [  60% ] 00007/00017 VUs  09.0s/15s  200.00 iters/s

running (10.0s), 00007/00017 VUs, 1974 complete and 0 interrupted iterations
default   [  67% ] 00007/00017 VUs  10.0s/15s  200.00 iters/s

running (11.0s), 00014/00017 VUs, 2167 complete and 0 interrupted iterations
default   [  73% ] 00014/00017 VUs  11.0s/15s  200.00 iters/s

running (12.0s), 00008/00017 VUs, 2372 complete and 0 interrupted iterations
default   [  80% ] 00009/00017 VUs  12.0s/15s  200.00 iters/s

running (13.0s), 00009/00017 VUs, 2572 complete and 0 interrupted iterations
default   [  87% ] 00009/00017 VUs  13.0s/15s  200.00 iters/s

running (14.0s), 00008/00017 VUs, 2772 complete and 0 interrupted iterations
default   [  93% ] 00009/00017 VUs  14.0s/15s  200.00 iters/s

running (15.0s), 00009/00017 VUs, 2972 complete and 0 interrupted iterations
default   [ 100% ] 00009/00017 VUs  15s  200.00 iters/s


  █ TOTAL RESULTS 

    HTTP
    http_req_duration..............: avg=39.88ms min=12.61ms med=37.72ms max=98.16ms p(90)=62.05ms p(95)=65.8ms 
      { expected_response:true }...: avg=39.88ms min=12.61ms med=37.72ms max=98.16ms p(90)=62.05ms p(95)=65.8ms 
    http_req_failed................: 0.00%  0 out of 2981
    http_reqs......................: 2981   198.409111/s

    EXECUTION
    dropped_iterations.............: 20     1.331158/s
    iteration_duration.............: avg=39.96ms min=12.67ms med=37.82ms max=98.25ms p(90)=62.1ms  p(95)=65.97ms
    iterations.....................: 2981   198.409111/s
    vus............................: 9      min=5         max=14
    vus_max........................: 17     min=14        max=17

    NETWORK
    data_received..................: 3.7 MB 247 kB/s
    data_sent......................: 673 kB 45 kB/s




running (15.0s), 00000/00017 VUs, 2981 complete and 0 interrupted iterations
default ✓ [ 100% ] 00000/00017 VUs  15s  200.00 iters/s
