
         /\      Grafana   /‾‾/  
    /\  /  \     |\  __   /  /   
   /  \/    \    | |/ /  /   ‾‾\ 
  /          \   |   (  |  (‾)  |
 / __________ \  |_|\_\  \_____/ 

     execution: local
        script: workflow/aegean/k6_open_client.js
        output: -

     scenarios: (100.00%) 1 scenario, 50 max VUs, 45s max duration (incl. graceful stop):
              * default: 30.00 iterations/s for 15s (maxVUs: 50, gracefulStop: 30s)


running (01.0s), 02/50 VUs, 28 complete and 0 interrupted iterations
default   [   7% ] 02/50 VUs  01.0s/15s  30.00 iters/s

running (02.0s), 23/50 VUs, 37 complete and 0 interrupted iterations
default   [  13% ] 23/50 VUs  02.0s/15s  30.00 iters/s

running (03.0s), 07/50 VUs, 83 complete and 0 interrupted iterations
default   [  20% ] 07/50 VUs  03.0s/15s  30.00 iters/s

running (04.0s), 04/50 VUs, 116 complete and 0 interrupted iterations
default   [  27% ] 04/50 VUs  04.0s/15s  30.00 iters/s

running (05.0s), 09/50 VUs, 141 complete and 0 interrupted iterations
default   [  33% ] 09/50 VUs  05.0s/15s  30.00 iters/s

running (06.0s), 17/50 VUs, 163 complete and 0 interrupted iterations
default   [  40% ] 17/50 VUs  06.0s/15s  30.00 iters/s

running (07.0s), 02/50 VUs, 208 complete and 0 interrupted iterations
default   [  47% ] 02/50 VUs  07.0s/15s  30.00 iters/s

running (08.0s), 01/50 VUs, 239 complete and 0 interrupted iterations
default   [  53% ] 01/50 VUs  08.0s/15s  30.00 iters/s

running (09.0s), 16/50 VUs, 254 complete and 0 interrupted iterations
default   [  60% ] 16/50 VUs  09.0s/15s  30.00 iters/s

running (10.0s), 05/50 VUs, 295 complete and 0 interrupted iterations
default   [  67% ] 05/50 VUs  10.0s/15s  30.00 iters/s

running (11.0s), 26/50 VUs, 304 complete and 0 interrupted iterations
default   [  73% ] 26/50 VUs  11.0s/15s  30.00 iters/s

running (12.0s), 01/50 VUs, 359 complete and 0 interrupted iterations
default   [  80% ] 01/50 VUs  12.0s/15s  30.00 iters/s

running (13.0s), 22/50 VUs, 368 complete and 0 interrupted iterations
default   [  87% ] 22/50 VUs  13.0s/15s  30.00 iters/s

running (14.0s), 43/50 VUs, 377 complete and 0 interrupted iterations
default   [  93% ] 43/50 VUs  14.0s/15s  30.00 iters/s
time="2026-03-23T03:24:25Z" level=warning msg="Insufficient VUs, reached 50 active VUs and cannot initialize more" executor=constant-arrival-rate scenario=default

running (15.0s), 09/50 VUs, 437 complete and 0 interrupted iterations
default   [ 100% ] 09/50 VUs  15.0s/15s  30.00 iters/s


  █ TOTAL RESULTS 

    HTTP
    http_req_duration..............: avg=501.81ms min=33.04ms med=359.19ms max=1.77s p(90)=1.12s p(95)=1.35s
      { expected_response:true }...: avg=501.81ms min=33.04ms med=359.19ms max=1.77s p(90)=1.12s p(95)=1.35s
    http_req_failed................: 0.00%  0 out of 447
    http_reqs......................: 447    29.522846/s

    EXECUTION
    dropped_iterations.............: 4      0.264187/s
    iteration_duration.............: avg=502.28ms min=33.33ms med=359.62ms max=1.78s p(90)=1.12s p(95)=1.35s
    iterations.....................: 447    29.522846/s
    vus............................: 9      min=1        max=43
    vus_max........................: 50     min=50       max=50

    NETWORK
    data_received..................: 127 kB 8.4 kB/s
    data_sent......................: 167 kB 11 kB/s




running (15.1s), 00/50 VUs, 447 complete and 0 interrupted iterations
default ✓ [ 100% ] 00/50 VUs  15s  30.00 iters/s
