
         /\      Grafana   /‾‾/  
    /\  /  \     |\  __   /  /   
   /  \/    \    | |/ /  /   ‾‾\ 
  /          \   |   (  |  (‾)  |
 / __________ \  |_|\_\  \_____/ 

     execution: local
        script: workflow/write/k6_open_client.js
        output: -

     scenarios: (100.00%) 1 scenario, 10000 max VUs, 15s max duration (incl. graceful stop):
              * default: 7000.00 iterations/s for 15s (maxVUs: 7000-10000)


running (00.8s), 00247/07000 VUs, 5205 complete and 0 interrupted iterations
default   [   5% ] 00247/07000 VUs  00.8s/15s  7000.00 iters/s

running (01.8s), 00007/07000 VUs, 12445 complete and 0 interrupted iterations
default   [  12% ] 00007/07000 VUs  01.8s/15s  7000.00 iters/s

running (02.8s), 00011/07000 VUs, 19441 complete and 0 interrupted iterations
default   [  19% ] 00011/07000 VUs  02.8s/15s  7000.00 iters/s

running (03.8s), 00008/07000 VUs, 26444 complete and 0 interrupted iterations
default   [  25% ] 00008/07000 VUs  03.8s/15s  7000.00 iters/s

running (04.8s), 00011/07000 VUs, 33441 complete and 0 interrupted iterations
default   [  32% ] 00011/07000 VUs  04.8s/15s  7000.00 iters/s

running (05.8s), 00014/07000 VUs, 40438 complete and 0 interrupted iterations
default   [  39% ] 00014/07000 VUs  05.8s/15s  7000.00 iters/s

running (06.8s), 00008/07000 VUs, 47444 complete and 0 interrupted iterations
default   [  45% ] 00008/07000 VUs  06.8s/15s  7000.00 iters/s

running (07.8s), 00007/07000 VUs, 54445 complete and 0 interrupted iterations
default   [  52% ] 00007/07000 VUs  07.8s/15s  7000.00 iters/s

running (08.8s), 00014/07000 VUs, 61438 complete and 0 interrupted iterations
default   [  59% ] 00014/07000 VUs  08.8s/15s  7000.00 iters/s

running (09.8s), 00010/07000 VUs, 68442 complete and 0 interrupted iterations
default   [  65% ] 00010/07000 VUs  09.8s/15s  7000.00 iters/s

running (10.8s), 00012/07000 VUs, 75439 complete and 0 interrupted iterations
default   [  72% ] 00013/07000 VUs  10.8s/15s  7000.00 iters/s

running (11.8s), 00007/07000 VUs, 82445 complete and 0 interrupted iterations
default   [  79% ] 00007/07000 VUs  11.8s/15s  7000.00 iters/s

running (12.8s), 00020/07000 VUs, 89432 complete and 0 interrupted iterations
default   [  85% ] 00020/07000 VUs  12.8s/15s  7000.00 iters/s

running (13.8s), 00007/07000 VUs, 96446 complete and 0 interrupted iterations
default   [  92% ] 00007/07000 VUs  13.8s/15s  7000.00 iters/s

running (14.8s), 00008/07000 VUs, 103444 complete and 0 interrupted iterations
default   [  99% ] 00008/07000 VUs  14.8s/15s  7000.00 iters/s


  █ TOTAL RESULTS 

    HTTP
    http_req_duration..............: avg=5.2ms min=486.43µs med=1.23ms max=132.02ms p(90)=16.23ms p(95)=34.67ms
      { expected_response:true }...: avg=5.2ms min=486.43µs med=1.23ms max=132.02ms p(90)=16.23ms p(95)=34.67ms
    http_req_failed................: 0.00%  0 out of 104997
    http_reqs......................: 104997 6995.162683/s

    EXECUTION
    iteration_duration.............: avg=5.4ms min=538.86µs med=1.28ms max=176.24ms p(90)=16.57ms p(95)=35.47ms
    iterations.....................: 104997 6995.162683/s
    vus............................: 8      min=7           max=247 
    vus_max........................: 7000   min=7000        max=7000

    NETWORK
    data_received..................: 23 MB  1.5 MB/s
    data_sent......................: 11 MB  700 kB/s




running (15.0s), 00000/07000 VUs, 104990 complete and 11 interrupted iterations
default ✓ [ 100% ] 00011/07000 VUs  15s  7000.00 iters/s
