2026/04/30 17:16:18 telemetry disabled: AEGEAN_DISABLE_TRACING=1

         /\      Grafana   /‾‾/  
    /\  /  \     |\  __   /  /   
   /  \/    \    | |/ /  /   ‾‾\ 
  /          \   |   (  |  (‾)  |
 / __________ \  |_|\_\  \_____/ 

     execution: local
        script: workflow/aegean/k6_open_client.js
        output: -

     scenarios: (100.00%) 1 scenario, 10000 max VUs, 45s max duration (incl. graceful stop):
              * default: 150.00 iterations/s for 15s (maxVUs: 0-10000, gracefulStop: 30s)


running (01.0s), 00002/00003 VUs, 144 complete and 0 interrupted iterations
default   [   7% ] 00002/00003 VUs  01.0s/15s  150.00 iters/s

running (02.0s), 00001/00004 VUs, 294 complete and 0 interrupted iterations
default   [  13% ] 00001/00004 VUs  02.0s/15s  150.00 iters/s

running (03.0s), 00001/00004 VUs, 444 complete and 0 interrupted iterations
default   [  20% ] 00001/00004 VUs  03.0s/15s  150.00 iters/s

running (04.0s), 00002/00004 VUs, 593 complete and 0 interrupted iterations
default   [  27% ] 00002/00004 VUs  04.0s/15s  150.00 iters/s

running (05.0s), 00001/00005 VUs, 742 complete and 0 interrupted iterations
default   [  33% ] 00002/00005 VUs  05.0s/15s  150.00 iters/s

running (06.0s), 00002/00005 VUs, 891 complete and 0 interrupted iterations
default   [  40% ] 00002/00005 VUs  06.0s/15s  150.00 iters/s

running (07.0s), 00002/00005 VUs, 1042 complete and 0 interrupted iterations
default   [  47% ] 00002/00005 VUs  07.0s/15s  150.00 iters/s

running (08.0s), 00002/00005 VUs, 1191 complete and 0 interrupted iterations
default   [  53% ] 00002/00005 VUs  08.0s/15s  150.00 iters/s

running (09.0s), 00002/00005 VUs, 1341 complete and 0 interrupted iterations
default   [  60% ] 00002/00005 VUs  09.0s/15s  150.00 iters/s

running (10.0s), 00002/00005 VUs, 1492 complete and 0 interrupted iterations
default   [  67% ] 00002/00005 VUs  10.0s/15s  150.00 iters/s

running (11.0s), 00003/00005 VUs, 1641 complete and 0 interrupted iterations
default   [  73% ] 00003/00005 VUs  11.0s/15s  150.00 iters/s

running (12.0s), 00002/00005 VUs, 1792 complete and 0 interrupted iterations
default   [  80% ] 00002/00005 VUs  12.0s/15s  150.00 iters/s

running (13.0s), 00001/00005 VUs, 1942 complete and 0 interrupted iterations
default   [  87% ] 00001/00005 VUs  13.0s/15s  150.00 iters/s

running (14.0s), 00002/00005 VUs, 2092 complete and 0 interrupted iterations
default   [  93% ] 00002/00005 VUs  14.0s/15s  150.00 iters/s

running (15.0s), 00002/00005 VUs, 2241 complete and 0 interrupted iterations
default ↓ [ 100% ] 00002/00005 VUs  15s  150.00 iters/s


  █ TOTAL RESULTS 

    HTTP
    http_req_duration..............: avg=13.16ms min=10.51ms med=13.04ms max=33.53ms p(90)=14.31ms p(95)=14.8ms 
      { expected_response:true }...: avg=13.16ms min=10.51ms med=13.04ms max=33.53ms p(90)=14.31ms p(95)=14.8ms 
    http_req_failed................: 0.00%  0 out of 2243
    http_reqs......................: 2243   149.377175/s

    EXECUTION
    dropped_iterations.............: 7      0.466179/s
    iteration_duration.............: avg=13.41ms min=10.55ms med=13.3ms  max=34.01ms p(90)=14.61ms p(95)=15.11ms
    iterations.....................: 2243   149.377175/s
    vus............................: 2      min=1         max=3
    vus_max........................: 5      min=3         max=5

    NETWORK
    data_received..................: 734 kB 49 kB/s
    data_sent......................: 836 kB 56 kB/s




running (15.0s), 00000/00005 VUs, 2243 complete and 0 interrupted iterations
default ✓ [ 100% ] 00000/00005 VUs  15s  150.00 iters/s
