2026/04/24 07:28:25 telemetry disabled: AEGEAN_DISABLE_TRACING=1

         /\      Grafana   /‾‾/  
    /\  /  \     |\  __   /  /   
   /  \/    \    | |/ /  /   ‾‾\ 
  /          \   |   (  |  (‾)  |
 / __________ \  |_|\_\  \_____/ 

     execution: local
        script: workflow/media/k6_open_review_compose.js
        output: -

     scenarios: (100.00%) 1 scenario, 10000 max VUs, 45s max duration (incl. graceful stop):
              * default: 400.00 iterations/s for 15s (maxVUs: 0-10000, gracefulStop: 30s)


running (01.0s), 00161/00162 VUs, 62 complete and 0 interrupted iterations
default   [   7% ] 00161/00162 VUs  01.0s/15s  400.00 iters/s

running (02.0s), 00317/00318 VUs, 144 complete and 0 interrupted iterations
default   [  13% ] 00317/00318 VUs  02.0s/15s  400.00 iters/s

running (03.0s), 00454/00463 VUs, 195 complete and 0 interrupted iterations
default   [  20% ] 00454/00463 VUs  03.0s/15s  400.00 iters/s

running (04.0s), 00614/00614 VUs, 274 complete and 0 interrupted iterations
default   [  27% ] 00614/00614 VUs  04.0s/15s  400.00 iters/s

running (05.0s), 00754/00754 VUs, 323 complete and 0 interrupted iterations
default   [  33% ] 00754/00754 VUs  05.0s/15s  400.00 iters/s

running (06.0s), 00907/00916 VUs, 404 complete and 0 interrupted iterations
default   [  40% ] 00907/00916 VUs  06.0s/15s  400.00 iters/s

running (07.0s), 01073/01074 VUs, 472 complete and 0 interrupted iterations
default   [  47% ] 01073/01074 VUs  07.0s/15s  400.00 iters/s

running (08.0s), 01234/01234 VUs, 540 complete and 0 interrupted iterations
default   [  53% ] 01234/01234 VUs  08.0s/15s  400.00 iters/s

running (09.0s), 01389/01390 VUs, 599 complete and 0 interrupted iterations
default   [  60% ] 01389/01390 VUs  09.0s/15s  400.00 iters/s

running (10.0s), 01555/01555 VUs, 646 complete and 0 interrupted iterations
default   [  67% ] 01555/01555 VUs  10.0s/15s  400.00 iters/s

running (11.0s), 01718/01719 VUs, 685 complete and 0 interrupted iterations
default   [  73% ] 01718/01719 VUs  11.0s/15s  400.00 iters/s

running (12.0s), 01880/01881 VUs, 728 complete and 0 interrupted iterations
default   [  80% ] 01880/01881 VUs  12.0s/15s  400.00 iters/s

running (13.0s), 02032/02032 VUs, 782 complete and 0 interrupted iterations
default   [  87% ] 02032/02032 VUs  13.0s/15s  400.00 iters/s

running (14.0s), 02192/02193 VUs, 842 complete and 0 interrupted iterations
default   [  93% ] 02192/02193 VUs  14.0s/15s  400.00 iters/s

running (15.0s), 02347/02354 VUs, 900 complete and 0 interrupted iterations
default   [ 100% ] 02347/02354 VUs  15s  400.00 iters/s

running (16.0s), 02301/02354 VUs, 947 complete and 0 interrupted iterations
default ↓ [ 100% ] 02348/02354 VUs  15s  400.00 iters/s

running (17.0s), 02248/02354 VUs, 1000 complete and 0 interrupted iterations
default ↓ [ 100% ] 02348/02354 VUs  15s  400.00 iters/s

running (18.0s), 02204/02354 VUs, 1044 complete and 0 interrupted iterations
default ↓ [ 100% ] 02348/02354 VUs  15s  400.00 iters/s

running (19.0s), 02148/02354 VUs, 1100 complete and 0 interrupted iterations
default ↓ [ 100% ] 02348/02354 VUs  15s  400.00 iters/s

running (20.0s), 02116/02354 VUs, 1132 complete and 0 interrupted iterations
default ↓ [ 100% ] 02348/02354 VUs  15s  400.00 iters/s

running (21.0s), 02067/02354 VUs, 1181 complete and 0 interrupted iterations
default ↓ [ 100% ] 02348/02354 VUs  15s  400.00 iters/s

running (22.0s), 02021/02354 VUs, 1227 complete and 0 interrupted iterations
default ↓ [ 100% ] 02348/02354 VUs  15s  400.00 iters/s

running (23.0s), 01977/02354 VUs, 1271 complete and 0 interrupted iterations
default ↓ [ 100% ] 02348/02354 VUs  15s  400.00 iters/s

running (24.0s), 01940/02354 VUs, 1308 complete and 0 interrupted iterations
default ↓ [ 100% ] 02348/02354 VUs  15s  400.00 iters/s

running (25.0s), 01898/02354 VUs, 1350 complete and 0 interrupted iterations
default ↓ [ 100% ] 02348/02354 VUs  15s  400.00 iters/s

running (26.0s), 01858/02354 VUs, 1390 complete and 0 interrupted iterations
default ↓ [ 100% ] 02348/02354 VUs  15s  400.00 iters/s

running (27.0s), 01815/02354 VUs, 1433 complete and 0 interrupted iterations
default ↓ [ 100% ] 02348/02354 VUs  15s  400.00 iters/s

running (28.0s), 01781/02354 VUs, 1467 complete and 0 interrupted iterations
default ↓ [ 100% ] 02348/02354 VUs  15s  400.00 iters/s

running (29.0s), 01746/02354 VUs, 1502 complete and 0 interrupted iterations
default ↓ [ 100% ] 02348/02354 VUs  15s  400.00 iters/s

running (30.0s), 01711/02354 VUs, 1537 complete and 0 interrupted iterations
default ↓ [ 100% ] 02348/02354 VUs  15s  400.00 iters/s

running (31.0s), 01681/02354 VUs, 1567 complete and 0 interrupted iterations
default ↓ [ 100% ] 02348/02354 VUs  15s  400.00 iters/s

running (32.0s), 01681/02354 VUs, 1567 complete and 0 interrupted iterations
default ↓ [ 100% ] 02348/02354 VUs  15s  400.00 iters/s

running (33.0s), 01681/02354 VUs, 1567 complete and 0 interrupted iterations
default ↓ [ 100% ] 02348/02354 VUs  15s  400.00 iters/s

running (34.0s), 01681/02354 VUs, 1567 complete and 0 interrupted iterations
default ↓ [ 100% ] 02348/02354 VUs  15s  400.00 iters/s

running (35.0s), 01681/02354 VUs, 1567 complete and 0 interrupted iterations
default ↓ [ 100% ] 02348/02354 VUs  15s  400.00 iters/s

running (36.0s), 01681/02354 VUs, 1567 complete and 0 interrupted iterations
default ↓ [ 100% ] 02348/02354 VUs  15s  400.00 iters/s

running (37.0s), 01681/02354 VUs, 1567 complete and 0 interrupted iterations
default ↓ [ 100% ] 02348/02354 VUs  15s  400.00 iters/s

running (38.0s), 01681/02354 VUs, 1567 complete and 0 interrupted iterations
default ↓ [ 100% ] 02348/02354 VUs  15s  400.00 iters/s

running (39.0s), 01681/02354 VUs, 1567 complete and 0 interrupted iterations
default ↓ [ 100% ] 02348/02354 VUs  15s  400.00 iters/s

running (40.0s), 01681/02354 VUs, 1567 complete and 0 interrupted iterations
default ↓ [ 100% ] 02348/02354 VUs  15s  400.00 iters/s

running (41.0s), 01681/02354 VUs, 1567 complete and 0 interrupted iterations
default ↓ [ 100% ] 02348/02354 VUs  15s  400.00 iters/s

running (42.0s), 01668/02354 VUs, 1580 complete and 0 interrupted iterations
default ↓ [ 100% ] 02348/02354 VUs  15s  400.00 iters/s

running (43.0s), 01668/02354 VUs, 1580 complete and 0 interrupted iterations
default ↓ [ 100% ] 02348/02354 VUs  15s  400.00 iters/s

running (44.0s), 01668/02354 VUs, 1580 complete and 0 interrupted iterations
default ↓ [ 100% ] 02348/02354 VUs  15s  400.00 iters/s

running (45.0s), 01668/02354 VUs, 1580 complete and 0 interrupted iterations
default ↓ [ 100% ] 02348/02354 VUs  15s  400.00 iters/s


  █ TOTAL RESULTS 

    HTTP
    http_req_duration..............: avg=10.23s min=209.75ms med=9.51s max=34.17s p(90)=20.37s p(95)=22.05s
      { expected_response:true }...: avg=10.23s min=209.75ms med=9.51s max=34.17s p(90)=20.37s p(95)=22.05s
    http_req_failed................: 0.00%  0 out of 1580
    http_reqs......................: 1580   34.973848/s

    EXECUTION
    dropped_iterations.............: 2753   60.93861/s
    iteration_duration.............: avg=10.23s min=209.86ms med=9.51s max=34.18s p(90)=20.37s p(95)=22.05s
    iterations.....................: 1580   34.973848/s
    vus............................: 1668   min=162       max=2347
    vus_max........................: 2354   min=162       max=2354

    NETWORK
    data_received..................: 331 kB 7.3 kB/s
    data_sent......................: 1.8 MB 40 kB/s




running (45.2s), 00000/02354 VUs, 1580 complete and 1668 interrupted iterations
default ✓ [ 100% ] 01668/02354 VUs  15s  400.00 iters/s
