2026/05/05 05:55:39 telemetry disabled: AEGEAN_DISABLE_TRACING=1

         /\      Grafana   /‾‾/  
    /\  /  \     |\  __   /  /   
   /  \/    \    | |/ /  /   ‾‾\ 
  /          \   |   (  |  (‾)  |
 / __________ \  |_|\_\  \_____/ 

     execution: local
        script: workflow/aegean/k6_open_client.js
        output: -

     scenarios: (100.00%) 1 scenario, 10000 max VUs, 45s max duration (incl. graceful stop):
              * default: 450.00 iterations/s for 15s (maxVUs: 0-10000, gracefulStop: 30s)


running (01.0s), 00064/00068 VUs, 316 complete and 0 interrupted iterations
default   [   7% ] 00064/00068 VUs  01.0s/15s  450.00 iters/s

running (02.0s), 00091/00100 VUs, 706 complete and 0 interrupted iterations
default   [  13% ] 00091/00100 VUs  02.0s/15s  450.00 iters/s

running (03.0s), 00146/00158 VUs, 1042 complete and 0 interrupted iterations
default   [  20% ] 00146/00158 VUs  03.0s/15s  450.00 iters/s

running (04.0s), 00210/00210 VUs, 1374 complete and 0 interrupted iterations
default   [  27% ] 00210/00210 VUs  04.0s/15s  450.00 iters/s

running (05.0s), 00258/00258 VUs, 1728 complete and 0 interrupted iterations
default   [  33% ] 00258/00258 VUs  05.0s/15s  450.00 iters/s

running (06.0s), 00280/00294 VUs, 2119 complete and 0 interrupted iterations
default   [  40% ] 00280/00294 VUs  06.0s/15s  450.00 iters/s

running (07.0s), 00333/00334 VUs, 2474 complete and 0 interrupted iterations
default   [  47% ] 00333/00334 VUs  07.0s/15s  450.00 iters/s

running (08.0s), 00376/00377 VUs, 2835 complete and 0 interrupted iterations
default   [  53% ] 00376/00377 VUs  08.0s/15s  450.00 iters/s

running (09.0s), 00406/00417 VUs, 3213 complete and 0 interrupted iterations
default   [  60% ] 00406/00417 VUs  09.0s/15s  450.00 iters/s

running (10.0s), 00441/00451 VUs, 3593 complete and 0 interrupted iterations
default   [  67% ] 00442/00451 VUs  10.0s/15s  450.00 iters/s

running (11.0s), 00486/00493 VUs, 3956 complete and 0 interrupted iterations
default   [  73% ] 00486/00493 VUs  11.0s/15s  450.00 iters/s

running (12.0s), 00522/00522 VUs, 4338 complete and 0 interrupted iterations
default   [  80% ] 00522/00522 VUs  12.0s/15s  450.00 iters/s

running (13.0s), 00560/00569 VUs, 4701 complete and 0 interrupted iterations
default   [  87% ] 00560/00569 VUs  13.0s/15s  450.00 iters/s

running (14.0s), 00623/00623 VUs, 5033 complete and 0 interrupted iterations
default   [  93% ] 00623/00623 VUs  14.0s/15s  450.00 iters/s

running (15.0s), 00668/00680 VUs, 5378 complete and 0 interrupted iterations
default   [ 100% ] 00668/00680 VUs  15s  450.00 iters/s

running (16.0s), 00336/00680 VUs, 5711 complete and 0 interrupted iterations
default ↓ [ 100% ] 00668/00680 VUs  15s  450.00 iters/s

running (17.0s), 00000/00680 VUs, 6047 complete and 0 interrupted iterations
default ✓ [ 100% ] 00000/00680 VUs  15s  450.00 iters/s


  █ TOTAL RESULTS 

    HTTP
    http_req_duration..............: avg=955.73ms min=45.24ms med=961.86ms max=2.02s p(90)=1.72s p(95)=1.95s
      { expected_response:true }...: avg=955.73ms min=45.24ms med=961.86ms max=2.02s p(90)=1.72s p(95)=1.95s
    http_req_failed................: 0.00%  0 out of 6047
    http_reqs......................: 6047   356.207961/s

    EXECUTION
    dropped_iterations.............: 704    41.470217/s
    iteration_duration.............: avg=955.83ms min=45.43ms med=961.92ms max=2.02s p(90)=1.72s p(95)=1.95s
    iterations.....................: 6047   356.207961/s
    vus............................: 336    min=63        max=669
    vus_max........................: 680    min=68        max=680

    NETWORK
    data_received..................: 2.0 MB 117 kB/s
    data_sent......................: 2.3 MB 133 kB/s




running (17.0s), 00000/00680 VUs, 6047 complete and 0 interrupted iterations
default ✓ [ 100% ] 00000/00680 VUs  15s  450.00 iters/s
