
         /\      Grafana   /‾‾/  
    /\  /  \     |\  __   /  /   
   /  \/    \    | |/ /  /   ‾‾\ 
  /          \   |   (  |  (‾)  |
 / __________ \  |_|\_\  \_____/ 

     execution: local
        script: workflow/aegean/k6_open_client.js
        output: -

     scenarios: (100.00%) 1 scenario, 50 max VUs, 45s max duration (incl. graceful stop):
              * default: 1000.00 iterations/s for 15s (maxVUs: 50, gracefulStop: 30s)

time="2026-03-23T03:05:47Z" level=warning msg="Insufficient VUs, reached 50 active VUs and cannot initialize more" executor=constant-arrival-rate scenario=default

running (01.0s), 50/50 VUs, 200 complete and 0 interrupted iterations
default   [   7% ] 50/50 VUs  01.0s/15s  1000.00 iters/s

running (02.0s), 16/50 VUs, 442 complete and 0 interrupted iterations
default   [  13% ] 16/50 VUs  02.0s/15s  1000.00 iters/s

running (03.0s), 50/50 VUs, 650 complete and 0 interrupted iterations
default   [  20% ] 50/50 VUs  03.0s/15s  1000.00 iters/s

running (04.0s), 50/50 VUs, 850 complete and 0 interrupted iterations
default   [  27% ] 50/50 VUs  04.0s/15s  1000.00 iters/s

running (05.0s), 30/50 VUs, 1100 complete and 0 interrupted iterations
default   [  33% ] 30/50 VUs  05.0s/15s  1000.00 iters/s

running (06.0s), 50/50 VUs, 1300 complete and 0 interrupted iterations
default   [  40% ] 50/50 VUs  06.0s/15s  1000.00 iters/s

running (07.0s), 50/50 VUs, 1500 complete and 0 interrupted iterations
default   [  47% ] 50/50 VUs  07.0s/15s  1000.00 iters/s

running (08.0s), 50/50 VUs, 1700 complete and 0 interrupted iterations
default   [  53% ] 50/50 VUs  08.0s/15s  1000.00 iters/s

running (09.0s), 50/50 VUs, 1950 complete and 0 interrupted iterations
default   [  60% ] 50/50 VUs  09.0s/15s  1000.00 iters/s

running (10.0s), 50/50 VUs, 2150 complete and 0 interrupted iterations
default   [  67% ] 50/50 VUs  10.0s/15s  1000.00 iters/s

running (11.0s), 20/50 VUs, 2400 complete and 0 interrupted iterations
default   [  73% ] 22/50 VUs  11.0s/15s  1000.00 iters/s

running (12.0s), 50/50 VUs, 2600 complete and 0 interrupted iterations
default   [  80% ] 50/50 VUs  12.0s/15s  1000.00 iters/s

running (13.0s), 46/50 VUs, 2850 complete and 0 interrupted iterations
default   [  87% ] 46/50 VUs  13.0s/15s  1000.00 iters/s

running (14.0s), 50/50 VUs, 3050 complete and 0 interrupted iterations
default   [  93% ] 50/50 VUs  14.0s/15s  1000.00 iters/s

running (15.0s), 40/50 VUs, 3300 complete and 0 interrupted iterations
default   [ 100% ] 40/50 VUs  15.0s/15s  1000.00 iters/s


  █ TOTAL RESULTS 

    HTTP
    http_req_duration..............: avg=205.32ms min=155.79ms med=204.25ms max=274.53ms p(90)=235.11ms p(95)=242.21ms
      { expected_response:true }...: avg=205.32ms min=155.79ms med=204.25ms max=274.53ms p(90)=235.11ms p(95)=242.21ms
    http_req_failed................: 0.00%  0 out of 3348
    http_reqs......................: 3348   220.857443/s

    EXECUTION
    dropped_iterations.............: 11654  768.779164/s
    iteration_duration.............: avg=205.42ms min=155.86ms med=204.38ms max=274.73ms p(90)=235.27ms p(95)=242.29ms
    iterations.....................: 3348   220.857443/s
    vus............................: 38     min=16        max=50
    vus_max........................: 50     min=50        max=50

    NETWORK
    data_received..................: 959 kB 63 kB/s
    data_sent......................: 1.2 MB 82 kB/s




running (15.2s), 00/50 VUs, 3348 complete and 0 interrupted iterations
default ✓ [ 100% ] 00/50 VUs  15s  1000.00 iters/s
