
         /\      Grafana   /‾‾/  
    /\  /  \     |\  __   /  /   
   /  \/    \    | |/ /  /   ‾‾\ 
  /          \   |   (  |  (‾)  |
 / __________ \  |_|\_\  \_____/ 

     execution: local
        script: workflow/hotel/k6_open_recommendations_client.js
        output: -

     scenarios: (100.00%) 1 scenario, 10000 max VUs, 45s max duration (incl. graceful stop):
              * default: 40.00 iterations/s for 15s (maxVUs: 40-10000, gracefulStop: 30s)


running (01.0s), 00001/00040 VUs, 39 complete and 0 interrupted iterations
default   [   7% ] 00001/00040 VUs  01.0s/15s  40.00 iters/s

running (02.0s), 00001/00040 VUs, 79 complete and 0 interrupted iterations
default   [  13% ] 00001/00040 VUs  02.0s/15s  40.00 iters/s

running (03.0s), 00001/00040 VUs, 119 complete and 0 interrupted iterations
default   [  20% ] 00001/00040 VUs  03.0s/15s  40.00 iters/s

running (04.0s), 00001/00040 VUs, 159 complete and 0 interrupted iterations
default   [  27% ] 00001/00040 VUs  04.0s/15s  40.00 iters/s

running (05.0s), 00001/00040 VUs, 199 complete and 0 interrupted iterations
default   [  33% ] 00001/00040 VUs  05.0s/15s  40.00 iters/s

running (06.0s), 00001/00040 VUs, 239 complete and 0 interrupted iterations
default   [  40% ] 00001/00040 VUs  06.0s/15s  40.00 iters/s

running (07.0s), 00001/00040 VUs, 279 complete and 0 interrupted iterations
default   [  47% ] 00001/00040 VUs  07.0s/15s  40.00 iters/s

running (08.0s), 00001/00040 VUs, 319 complete and 0 interrupted iterations
default   [  53% ] 00001/00040 VUs  08.0s/15s  40.00 iters/s

running (09.0s), 00001/00040 VUs, 359 complete and 0 interrupted iterations
default   [  60% ] 00001/00040 VUs  09.0s/15s  40.00 iters/s

running (10.0s), 00001/00040 VUs, 399 complete and 0 interrupted iterations
default   [  67% ] 00001/00040 VUs  10.0s/15s  40.00 iters/s

running (11.0s), 00001/00040 VUs, 439 complete and 0 interrupted iterations
default   [  73% ] 00001/00040 VUs  11.0s/15s  40.00 iters/s

running (12.0s), 00001/00040 VUs, 479 complete and 0 interrupted iterations
default   [  80% ] 00001/00040 VUs  12.0s/15s  40.00 iters/s

running (13.0s), 00001/00040 VUs, 519 complete and 0 interrupted iterations
default   [  87% ] 00001/00040 VUs  13.0s/15s  40.00 iters/s

running (14.0s), 00001/00040 VUs, 559 complete and 0 interrupted iterations
default   [  93% ] 00001/00040 VUs  14.0s/15s  40.00 iters/s

running (15.0s), 00001/00040 VUs, 599 complete and 0 interrupted iterations
default   [ 100% ] 00001/00040 VUs  15.0s/15s  40.00 iters/s


  █ TOTAL RESULTS 

    HTTP
    http_req_duration..............: avg=24.43ms min=18.92ms med=24.25ms max=33.92ms p(90)=27.18ms p(95)=28.41ms
      { expected_response:true }...: avg=24.43ms min=18.92ms med=24.25ms max=33.92ms p(90)=27.18ms p(95)=28.41ms
    http_req_failed................: 0.00%  0 out of 600
    http_reqs......................: 600    39.993154/s

    EXECUTION
    iteration_duration.............: avg=24.58ms min=19.04ms med=24.45ms max=34.04ms p(90)=27.33ms p(95)=28.52ms
    iterations.....................: 600    39.993154/s
    vus............................: 1      min=1        max=1 
    vus_max........................: 40     min=40       max=40

    NETWORK
    data_received..................: 318 kB 21 kB/s
    data_sent......................: 171 kB 11 kB/s




running (15.0s), 00000/00040 VUs, 600 complete and 0 interrupted iterations
default ✓ [ 100% ] 00000/00040 VUs  15s  40.00 iters/s
