2026/03/27 05:49:54 telemetry disabled: AEGEAN_DISABLE_TRACING=1

         /\      Grafana   /‾‾/  
    /\  /  \     |\  __   /  /   
   /  \/    \    | |/ /  /   ‾‾\ 
  /          \   |   (  |  (‾)  |
 / __________ \  |_|\_\  \_____/ 

     execution: local
        script: workflow/aegean/k6_open_client.js
        output: -

     scenarios: (100.00%) 1 scenario, 10000 max VUs, 45s max duration (incl. graceful stop):
              * default: 100.00 iterations/s for 15s (maxVUs: 0-10000, gracefulStop: 30s)


running (01.0s), 00003/00007 VUs, 89 complete and 0 interrupted iterations
default   [   7% ] 00004/00007 VUs  01.0s/15s  100.00 iters/s

running (02.0s), 00006/00007 VUs, 187 complete and 0 interrupted iterations
default   [  13% ] 00006/00007 VUs  02.0s/15s  100.00 iters/s

running (03.0s), 00004/00007 VUs, 289 complete and 0 interrupted iterations
default   [  20% ] 00004/00007 VUs  03.0s/15s  100.00 iters/s

running (04.0s), 00006/00007 VUs, 387 complete and 0 interrupted iterations
default   [  27% ] 00006/00007 VUs  04.0s/15s  100.00 iters/s

running (05.0s), 00005/00007 VUs, 488 complete and 0 interrupted iterations
default   [  33% ] 00005/00007 VUs  05.0s/15s  100.00 iters/s

running (06.0s), 00005/00007 VUs, 587 complete and 0 interrupted iterations
default   [  40% ] 00006/00007 VUs  06.0s/15s  100.00 iters/s

running (07.0s), 00003/00007 VUs, 690 complete and 0 interrupted iterations
default   [  47% ] 00003/00007 VUs  07.0s/15s  100.00 iters/s

running (08.0s), 00005/00007 VUs, 788 complete and 0 interrupted iterations
default   [  53% ] 00005/00007 VUs  08.0s/15s  100.00 iters/s

running (09.0s), 00004/00008 VUs, 888 complete and 0 interrupted iterations
default   [  60% ] 00004/00008 VUs  09.0s/15s  100.00 iters/s

running (10.0s), 00005/00008 VUs, 986 complete and 0 interrupted iterations
default   [  67% ] 00006/00008 VUs  10.0s/15s  100.00 iters/s

running (11.0s), 00004/00008 VUs, 1088 complete and 0 interrupted iterations
default   [  73% ] 00004/00008 VUs  11.0s/15s  100.00 iters/s

running (12.0s), 00004/00008 VUs, 1188 complete and 0 interrupted iterations
default   [  80% ] 00004/00008 VUs  12.0s/15s  100.00 iters/s

running (13.0s), 00006/00008 VUs, 1286 complete and 0 interrupted iterations
default   [  87% ] 00006/00008 VUs  13.0s/15s  100.00 iters/s

running (14.0s), 00005/00008 VUs, 1387 complete and 0 interrupted iterations
default   [  93% ] 00005/00008 VUs  14.0s/15s  100.00 iters/s

running (15.0s), 00005/00008 VUs, 1487 complete and 0 interrupted iterations
default ↓ [ 100% ] 00005/00008 VUs  15s  100.00 iters/s


  █ TOTAL RESULTS 

    HTTP
    http_req_duration..............: avg=43.63ms min=21.55ms med=43.83ms max=76.85ms p(90)=55.48ms p(95)=57.47ms
      { expected_response:true }...: avg=43.63ms min=21.55ms med=43.83ms max=76.85ms p(90)=55.48ms p(95)=57.47ms
    http_req_failed................: 0.00%  0 out of 1492
    http_reqs......................: 1492   99.189397/s

    EXECUTION
    dropped_iterations.............: 9      0.598327/s
    iteration_duration.............: avg=43.83ms min=21.63ms med=44.07ms max=77.08ms p(90)=55.7ms  p(95)=57.71ms
    iterations.....................: 1492   99.189397/s
    vus............................: 5      min=3         max=6
    vus_max........................: 8      min=7         max=8

    NETWORK
    data_received..................: 442 kB 29 kB/s
    data_sent......................: 556 kB 37 kB/s




running (15.0s), 00000/00008 VUs, 1492 complete and 0 interrupted iterations
default ✓ [ 100% ] 00000/00008 VUs  15s  100.00 iters/s
