
         /\      Grafana   /‾‾/  
    /\  /  \     |\  __   /  /   
   /  \/    \    | |/ /  /   ‾‾\ 
  /          \   |   (  |  (‾)  |
 / __________ \  |_|\_\  \_____/ 

     execution: local
        script: workflow/response/k6_open_client.js
        output: -

     scenarios: (100.00%) 1 scenario, 10000 max VUs, 15s max duration (incl. graceful stop):
              * default: 120.00 iterations/s for 15s (maxVUs: 120-10000)


running (01.0s), 00009/00120 VUs, 110 complete and 0 interrupted iterations
default   [   7% ] 00009/00120 VUs  01.0s/15s  120.00 iters/s

running (02.0s), 00010/00120 VUs, 229 complete and 0 interrupted iterations
default   [  13% ] 00010/00120 VUs  02.0s/15s  120.00 iters/s

running (03.0s), 00012/00120 VUs, 347 complete and 0 interrupted iterations
default   [  20% ] 00012/00120 VUs  03.0s/15s  120.00 iters/s

running (04.0s), 00009/00120 VUs, 470 complete and 0 interrupted iterations
default   [  27% ] 00009/00120 VUs  04.0s/15s  120.00 iters/s

running (05.0s), 00007/00120 VUs, 592 complete and 0 interrupted iterations
default   [  33% ] 00007/00120 VUs  05.0s/15s  120.00 iters/s

running (06.0s), 00012/00120 VUs, 707 complete and 0 interrupted iterations
default   [  40% ] 00012/00120 VUs  06.0s/15s  120.00 iters/s

running (07.0s), 00014/00120 VUs, 825 complete and 0 interrupted iterations
default   [  47% ] 00014/00120 VUs  07.0s/15s  120.00 iters/s

running (08.0s), 00008/00120 VUs, 951 complete and 0 interrupted iterations
default   [  53% ] 00008/00120 VUs  08.0s/15s  120.00 iters/s

running (09.0s), 00013/00120 VUs, 1066 complete and 0 interrupted iterations
default   [  60% ] 00013/00120 VUs  09.0s/15s  120.00 iters/s

running (10.0s), 00011/00120 VUs, 1188 complete and 0 interrupted iterations
default   [  67% ] 00011/00120 VUs  10.0s/15s  120.00 iters/s

running (11.0s), 00009/00120 VUs, 1310 complete and 0 interrupted iterations
default   [  73% ] 00009/00120 VUs  11.0s/15s  120.00 iters/s

running (12.0s), 00010/00120 VUs, 1429 complete and 0 interrupted iterations
default   [  80% ] 00010/00120 VUs  12.0s/15s  120.00 iters/s

running (13.0s), 00008/00120 VUs, 1551 complete and 0 interrupted iterations
default   [  87% ] 00008/00120 VUs  13.0s/15s  120.00 iters/s

running (14.0s), 00013/00120 VUs, 1666 complete and 0 interrupted iterations
default   [  93% ] 00013/00120 VUs  14.0s/15s  120.00 iters/s

running (15.0s), 00011/00120 VUs, 1788 complete and 0 interrupted iterations
default   [ 100% ] 00011/00120 VUs  15.0s/15s  120.00 iters/s


  █ TOTAL RESULTS 

    HTTP
    http_req_duration..............: avg=81.68ms min=49.1ms  med=80.69ms max=120.7ms  p(90)=106.36ms p(95)=109.77ms
      { expected_response:true }...: avg=81.68ms min=49.1ms  med=80.69ms max=120.7ms  p(90)=106.36ms p(95)=109.77ms
    http_req_failed................: 0.00%  0 out of 1788
    http_reqs......................: 1788   119.1926/s

    EXECUTION
    iteration_duration.............: avg=81.88ms min=49.18ms med=80.8ms  max=156.18ms p(90)=106.55ms p(95)=110.56ms
    iterations.....................: 1788   119.1926/s
    vus............................: 11     min=7         max=14 
    vus_max........................: 120    min=120       max=120

    NETWORK
    data_received..................: 379 kB 25 kB/s
    data_sent......................: 353 kB 24 kB/s




running (15.0s), 00000/00120 VUs, 1788 complete and 13 interrupted iterations
default ✓ [ 100% ] 00013/00120 VUs  15s  120.00 iters/s
