
         /\      Grafana   /‾‾/  
    /\  /  \     |\  __   /  /   
   /  \/    \    | |/ /  /   ‾‾\ 
  /          \   |   (  |  (‾)  |
 / __________ \  |_|\_\  \_____/ 

     execution: local
        script: workflow/write/k6_open_client.js
        output: -

     scenarios: (100.00%) 1 scenario, 10000 max VUs, 15s max duration (incl. graceful stop):
              * default: 30.00 iterations/s for 15s (maxVUs: 30-10000)


running (01.0s), 00003/00030 VUs, 27 complete and 0 interrupted iterations
default   [   7% ] 00003/00030 VUs  01.0s/15s  30.00 iters/s

running (02.0s), 00008/00030 VUs, 52 complete and 0 interrupted iterations
default   [  13% ] 00008/00030 VUs  02.0s/15s  30.00 iters/s

running (03.0s), 00018/00030 VUs, 72 complete and 0 interrupted iterations
default   [  20% ] 00018/00030 VUs  03.0s/15s  30.00 iters/s

running (04.0s), 00025/00030 VUs, 95 complete and 0 interrupted iterations
default   [  27% ] 00025/00030 VUs  04.0s/15s  30.00 iters/s

running (05.0s), 00020/00030 VUs, 130 complete and 0 interrupted iterations
default   [  33% ] 00020/00030 VUs  05.0s/15s  30.00 iters/s

running (06.0s), 00018/00030 VUs, 162 complete and 0 interrupted iterations
default   [  40% ] 00018/00030 VUs  06.0s/15s  30.00 iters/s

running (07.0s), 00028/00030 VUs, 182 complete and 0 interrupted iterations
default   [  47% ] 00028/00030 VUs  07.0s/15s  30.00 iters/s

running (08.0s), 00034/00034 VUs, 202 complete and 0 interrupted iterations
default   [  53% ] 00034/00034 VUs  08.0s/15s  30.00 iters/s

running (09.0s), 00036/00038 VUs, 226 complete and 0 interrupted iterations
default   [  60% ] 00036/00038 VUs  09.0s/15s  30.00 iters/s

running (10.0s), 00031/00038 VUs, 261 complete and 0 interrupted iterations
default   [  67% ] 00031/00038 VUs  10.0s/15s  30.00 iters/s

running (11.0s), 00024/00038 VUs, 298 complete and 0 interrupted iterations
default   [  73% ] 00024/00038 VUs  11.0s/15s  30.00 iters/s

running (12.0s), 00032/00038 VUs, 320 complete and 0 interrupted iterations
default   [  80% ] 00032/00038 VUs  12.0s/15s  30.00 iters/s

running (13.0s), 00038/00040 VUs, 342 complete and 0 interrupted iterations
default   [  87% ] 00038/00040 VUs  13.0s/15s  30.00 iters/s

running (14.0s), 00044/00044 VUs, 362 complete and 0 interrupted iterations
default   [  93% ] 00044/00044 VUs  14.0s/15s  30.00 iters/s

running (15.0s), 00048/00048 VUs, 384 complete and 0 interrupted iterations
default   [ 100% ] 00048/00048 VUs  15.0s/15s  30.00 iters/s


  █ TOTAL RESULTS 

    HTTP
    http_req_duration..............: avg=880.88ms min=51.63ms med=842.02ms max=1.85s p(90)=1.43s p(95)=1.66s
      { expected_response:true }...: avg=880.88ms min=51.63ms med=842.02ms max=1.85s p(90)=1.43s p(95)=1.66s
    http_req_failed................: 0.00% 0 out of 384
    http_reqs......................: 384   25.597879/s

    EXECUTION
    dropped_iterations.............: 19    1.266562/s
    iteration_duration.............: avg=880.98ms min=51.9ms  med=842.09ms max=1.85s p(90)=1.43s p(95)=1.66s
    iterations.....................: 384   25.597879/s
    vus............................: 48    min=3        max=48
    vus_max........................: 48    min=30       max=48

    NETWORK
    data_received..................: 81 kB 5.4 kB/s
    data_sent......................: 43 kB 2.9 kB/s




running (15.0s), 00000/00049 VUs, 384 complete and 48 interrupted iterations
default ✓ [ 100% ] 00048/00048 VUs  15s  30.00 iters/s
