
         /\      Grafana   /‾‾/  
    /\  /  \     |\  __   /  /   
   /  \/    \    | |/ /  /   ‾‾\ 
  /          \   |   (  |  (‾)  |
 / __________ \  |_|\_\  \_____/ 

     execution: local
        script: workflow/aegean/k6_open_client.js
        output: -

     scenarios: (100.00%) 1 scenario, 10000 max VUs, 45s max duration (incl. graceful stop):
              * default: 300.00 iterations/s for 15s (maxVUs: 0-10000, gracefulStop: 30s)


running (01.0s), 00127/00129 VUs, 45 complete and 0 interrupted iterations
default   [   7% ] 00127/00129 VUs  01.0s/15s  300.00 iters/s

running (02.0s), 00249/00249 VUs, 102 complete and 0 interrupted iterations
default   [  13% ] 00249/00249 VUs  02.0s/15s  300.00 iters/s

running (03.0s), 00369/00370 VUs, 159 complete and 0 interrupted iterations
default   [  20% ] 00369/00370 VUs  03.0s/15s  300.00 iters/s

running (04.0s), 00494/00494 VUs, 209 complete and 0 interrupted iterations
default   [  27% ] 00494/00494 VUs  04.0s/15s  300.00 iters/s

running (05.0s), 00614/00614 VUs, 268 complete and 0 interrupted iterations
default   [  33% ] 00614/00614 VUs  05.0s/15s  300.00 iters/s

running (06.0s), 00733/00733 VUs, 329 complete and 0 interrupted iterations
default   [  40% ] 00733/00733 VUs  06.0s/15s  300.00 iters/s

running (07.0s), 00851/00851 VUs, 389 complete and 0 interrupted iterations
default   [  47% ] 00851/00851 VUs  07.0s/15s  300.00 iters/s

running (08.0s), 00973/00974 VUs, 444 complete and 0 interrupted iterations
default   [  53% ] 00973/00974 VUs  08.0s/15s  300.00 iters/s

running (09.0s), 01093/01097 VUs, 501 complete and 0 interrupted iterations
default   [  60% ] 01093/01097 VUs  09.0s/15s  300.00 iters/s

running (10.0s), 01213/01214 VUs, 565 complete and 0 interrupted iterations
default   [  67% ] 01213/01214 VUs  10.0s/15s  300.00 iters/s

running (11.0s), 01334/01334 VUs, 619 complete and 0 interrupted iterations
default   [  73% ] 01334/01334 VUs  11.0s/15s  300.00 iters/s

running (12.0s), 01453/01453 VUs, 681 complete and 0 interrupted iterations
default   [  80% ] 01453/01453 VUs  12.0s/15s  300.00 iters/s

running (13.0s), 01579/01579 VUs, 729 complete and 0 interrupted iterations
default   [  87% ] 01579/01579 VUs  13.0s/15s  300.00 iters/s

running (14.0s), 01699/01699 VUs, 790 complete and 0 interrupted iterations
default   [  93% ] 01699/01699 VUs  14.0s/15s  300.00 iters/s

running (15.0s), 01817/01821 VUs, 849 complete and 0 interrupted iterations
default   [ 100% ] 01817/01821 VUs  15.0s/15s  300.00 iters/s

running (16.0s), 01759/01821 VUs, 907 complete and 0 interrupted iterations
default ↓ [ 100% ] 01817/01821 VUs  15s  300.00 iters/s

running (17.0s), 01691/01821 VUs, 975 complete and 0 interrupted iterations
default ↓ [ 100% ] 01817/01821 VUs  15s  300.00 iters/s

running (18.0s), 01636/01821 VUs, 1030 complete and 0 interrupted iterations
default ↓ [ 100% ] 01817/01821 VUs  15s  300.00 iters/s

running (19.0s), 01561/01821 VUs, 1105 complete and 0 interrupted iterations
default ↓ [ 100% ] 01817/01821 VUs  15s  300.00 iters/s

running (20.0s), 01503/01821 VUs, 1163 complete and 0 interrupted iterations
default ↓ [ 100% ] 01817/01821 VUs  15s  300.00 iters/s

running (21.0s), 01433/01821 VUs, 1233 complete and 0 interrupted iterations
default ↓ [ 100% ] 01817/01821 VUs  15s  300.00 iters/s

running (22.0s), 01371/01821 VUs, 1295 complete and 0 interrupted iterations
default ↓ [ 100% ] 01817/01821 VUs  15s  300.00 iters/s

running (23.0s), 01305/01821 VUs, 1361 complete and 0 interrupted iterations
default ↓ [ 100% ] 01817/01821 VUs  15s  300.00 iters/s

running (24.0s), 01250/01821 VUs, 1416 complete and 0 interrupted iterations
default ↓ [ 100% ] 01817/01821 VUs  15s  300.00 iters/s

running (25.0s), 01172/01821 VUs, 1494 complete and 0 interrupted iterations
default ↓ [ 100% ] 01817/01821 VUs  15s  300.00 iters/s

running (26.0s), 01121/01821 VUs, 1545 complete and 0 interrupted iterations
default ↓ [ 100% ] 01817/01821 VUs  15s  300.00 iters/s

running (27.0s), 01050/01821 VUs, 1616 complete and 0 interrupted iterations
default ↓ [ 100% ] 01817/01821 VUs  15s  300.00 iters/s

running (28.0s), 00988/01821 VUs, 1678 complete and 0 interrupted iterations
default ↓ [ 100% ] 01817/01821 VUs  15s  300.00 iters/s

running (29.0s), 00919/01821 VUs, 1747 complete and 0 interrupted iterations
default ↓ [ 100% ] 01817/01821 VUs  15s  300.00 iters/s

running (30.0s), 00850/01821 VUs, 1816 complete and 0 interrupted iterations
default ↓ [ 100% ] 01817/01821 VUs  15s  300.00 iters/s

running (31.0s), 00792/01821 VUs, 1874 complete and 0 interrupted iterations
default ↓ [ 100% ] 01817/01821 VUs  15s  300.00 iters/s

running (32.0s), 00737/01821 VUs, 1929 complete and 0 interrupted iterations
default ↓ [ 100% ] 01817/01821 VUs  15s  300.00 iters/s

running (33.0s), 00673/01821 VUs, 1993 complete and 0 interrupted iterations
default ↓ [ 100% ] 01817/01821 VUs  15s  300.00 iters/s

running (34.0s), 00599/01821 VUs, 2067 complete and 0 interrupted iterations
default ↓ [ 100% ] 01817/01821 VUs  15s  300.00 iters/s

running (35.0s), 00544/01821 VUs, 2122 complete and 0 interrupted iterations
default ↓ [ 100% ] 01817/01821 VUs  15s  300.00 iters/s

running (36.0s), 00470/01821 VUs, 2196 complete and 0 interrupted iterations
default ↓ [ 100% ] 01817/01821 VUs  15s  300.00 iters/s

running (37.0s), 00409/01821 VUs, 2257 complete and 0 interrupted iterations
default ↓ [ 100% ] 01817/01821 VUs  15s  300.00 iters/s

running (38.0s), 00340/01821 VUs, 2326 complete and 0 interrupted iterations
default ↓ [ 100% ] 01817/01821 VUs  15s  300.00 iters/s

running (39.0s), 00274/01821 VUs, 2392 complete and 0 interrupted iterations
default ↓ [ 100% ] 01817/01821 VUs  15s  300.00 iters/s

running (40.0s), 00213/01821 VUs, 2453 complete and 0 interrupted iterations
default ↓ [ 100% ] 01817/01821 VUs  15s  300.00 iters/s

running (41.0s), 00141/01821 VUs, 2525 complete and 0 interrupted iterations
default ↓ [ 100% ] 01817/01821 VUs  15s  300.00 iters/s

running (42.0s), 00076/01821 VUs, 2590 complete and 0 interrupted iterations
default ↓ [ 100% ] 01817/01821 VUs  15s  300.00 iters/s

running (43.0s), 00012/01821 VUs, 2654 complete and 0 interrupted iterations
default ↓ [ 100% ] 01817/01821 VUs  15s  300.00 iters/s


  █ TOTAL RESULTS 

    HTTP
    http_req_duration..............: avg=14.8s  min=153.29ms med=15.04s max=28.16s p(90)=25.6s p(95)=26.89s
      { expected_response:true }...: avg=14.8s  min=153.29ms med=15.04s max=28.16s p(90)=25.6s p(95)=26.89s
    http_req_failed................: 0.00%  0 out of 2666
    http_reqs......................: 2666   61.80822/s

    EXECUTION
    dropped_iterations.............: 1834   42.519233/s
    iteration_duration.............: avg=14.81s min=155.86ms med=15.04s max=28.16s p(90)=25.6s p(95)=26.9s 
    iterations.....................: 2666   61.80822/s
    vus............................: 12     min=12        max=1817
    vus_max........................: 1821   min=129       max=1821

    NETWORK
    data_received..................: 134 MB 3.1 MB/s
    data_sent......................: 134 MB 3.1 MB/s




running (43.1s), 00000/01821 VUs, 2666 complete and 0 interrupted iterations
default ✓ [ 100% ] 00000/01821 VUs  15s  300.00 iters/s
