
         /\      Grafana   /‾‾/  
    /\  /  \     |\  __   /  /   
   /  \/    \    | |/ /  /   ‾‾\ 
  /          \   |   (  |  (‾)  |
 / __________ \  |_|\_\  \_____/ 

     execution: local
        script: workflow/aegean/k6_open_client.js
        output: -

     scenarios: (100.00%) 1 scenario, 10000 max VUs, 45s max duration (incl. graceful stop):
              * default: 50.00 iterations/s for 15s (maxVUs: 0-10000, gracefulStop: 30s)


running (01.0s), 00004/00008 VUs, 38 complete and 0 interrupted iterations
default   [   7% ] 00004/00008 VUs  01.0s/15s  50.00 iters/s

running (02.0s), 00005/00009 VUs, 85 complete and 0 interrupted iterations
default   [  13% ] 00005/00009 VUs  02.0s/15s  50.00 iters/s

running (03.0s), 00008/00009 VUs, 133 complete and 0 interrupted iterations
default   [  20% ] 00008/00009 VUs  03.0s/15s  50.00 iters/s

running (04.0s), 00007/00010 VUs, 183 complete and 0 interrupted iterations
default   [  27% ] 00007/00010 VUs  04.0s/15s  50.00 iters/s

running (05.0s), 00005/00010 VUs, 235 complete and 0 interrupted iterations
default   [  33% ] 00005/00010 VUs  05.0s/15s  50.00 iters/s

running (06.0s), 00004/00010 VUs, 285 complete and 0 interrupted iterations
default   [  40% ] 00004/00010 VUs  06.0s/15s  50.00 iters/s

running (07.0s), 00007/00010 VUs, 333 complete and 0 interrupted iterations
default   [  47% ] 00007/00010 VUs  07.0s/15s  50.00 iters/s

running (08.0s), 00008/00011 VUs, 380 complete and 0 interrupted iterations
default   [  53% ] 00008/00011 VUs  08.0s/15s  50.00 iters/s

running (09.0s), 00007/00011 VUs, 432 complete and 0 interrupted iterations
default   [  60% ] 00007/00011 VUs  09.0s/15s  50.00 iters/s

running (10.0s), 00009/00011 VUs, 480 complete and 0 interrupted iterations
default   [  67% ] 00009/00011 VUs  10.0s/15s  50.00 iters/s

running (11.0s), 00007/00011 VUs, 532 complete and 0 interrupted iterations
default   [  73% ] 00007/00011 VUs  11.0s/15s  50.00 iters/s

running (12.0s), 00008/00011 VUs, 581 complete and 0 interrupted iterations
default   [  80% ] 00008/00011 VUs  12.0s/15s  50.00 iters/s

running (13.0s), 00006/00011 VUs, 632 complete and 0 interrupted iterations
default   [  87% ] 00006/00011 VUs  13.0s/15s  50.00 iters/s

running (14.0s), 00005/00011 VUs, 683 complete and 0 interrupted iterations
default   [  93% ] 00005/00011 VUs  14.0s/15s  50.00 iters/s

running (15.0s), 00005/00011 VUs, 733 complete and 0 interrupted iterations
default   [ 100% ] 00005/00011 VUs  15.0s/15s  50.00 iters/s


  █ TOTAL RESULTS 

    HTTP
    http_req_duration..............: avg=129.9ms  min=70.38ms med=129.69ms max=213.08ms p(90)=160.45ms p(95)=167.7ms 
      { expected_response:true }...: avg=129.9ms  min=70.38ms med=129.69ms max=213.08ms p(90)=160.45ms p(95)=167.7ms 
    http_req_failed................: 0.00% 0 out of 739
    http_reqs......................: 739   48.916164/s

    EXECUTION
    dropped_iterations.............: 12    0.794308/s
    iteration_duration.............: avg=133.08ms min=73.77ms med=133.02ms max=216.2ms  p(90)=163.86ms p(95)=170.83ms
    iterations.....................: 739   48.916164/s
    vus............................: 5     min=4        max=9 
    vus_max........................: 11    min=8        max=11

    NETWORK
    data_received..................: 37 MB 2.5 MB/s
    data_sent......................: 37 MB 2.5 MB/s




running (15.1s), 00000/00011 VUs, 739 complete and 0 interrupted iterations
default ✓ [ 100% ] 00000/00011 VUs  15s  50.00 iters/s
