
         /\      Grafana   /‾‾/  
    /\  /  \     |\  __   /  /   
   /  \/    \    | |/ /  /   ‾‾\ 
  /          \   |   (  |  (‾)  |
 / __________ \  |_|\_\  \_____/ 

     execution: local
        script: workflow/worker/k6_open_client.js
        output: -

     scenarios: (100.00%) 1 scenario, 10000 max VUs, 15s max duration (incl. graceful stop):
              * default: 1300.00 iterations/s for 15s (maxVUs: 1300-10000)


running (01.0s), 00172/01300 VUs, 1067 complete and 0 interrupted iterations
default   [   6% ] 00172/01300 VUs  01.0s/15s  1300.00 iters/s

running (02.0s), 00209/01300 VUs, 2330 complete and 0 interrupted iterations
default   [  13% ] 00209/01300 VUs  02.0s/15s  1300.00 iters/s

running (03.0s), 00273/01300 VUs, 3567 complete and 0 interrupted iterations
default   [  20% ] 00273/01300 VUs  03.0s/15s  1300.00 iters/s

running (04.0s), 00332/01300 VUs, 4807 complete and 0 interrupted iterations
default   [  26% ] 00332/01300 VUs  04.0s/15s  1300.00 iters/s

running (05.0s), 00392/01300 VUs, 6047 complete and 0 interrupted iterations
default   [  33% ] 00392/01300 VUs  05.0s/15s  1300.00 iters/s

running (06.0s), 00449/01300 VUs, 7290 complete and 0 interrupted iterations
default   [  40% ] 00449/01300 VUs  06.0s/15s  1300.00 iters/s

running (07.0s), 00484/01300 VUs, 8554 complete and 0 interrupted iterations
default   [  46% ] 00484/01300 VUs  07.0s/15s  1300.00 iters/s

running (08.0s), 00548/01300 VUs, 9791 complete and 0 interrupted iterations
default   [  53% ] 00548/01300 VUs  08.0s/15s  1300.00 iters/s

running (09.0s), 00613/01300 VUs, 11026 complete and 0 interrupted iterations
default   [  60% ] 00613/01300 VUs  09.0s/15s  1300.00 iters/s

running (10.0s), 00673/01300 VUs, 12266 complete and 0 interrupted iterations
default   [  66% ] 00673/01300 VUs  10.0s/15s  1300.00 iters/s

running (11.0s), 00733/01300 VUs, 13506 complete and 0 interrupted iterations
default   [  73% ] 00733/01300 VUs  11.0s/15s  1300.00 iters/s

running (12.0s), 00799/01300 VUs, 14741 complete and 0 interrupted iterations
default   [  80% ] 00799/01300 VUs  12.0s/15s  1300.00 iters/s

running (13.0s), 00859/01300 VUs, 15981 complete and 0 interrupted iterations
default   [  86% ] 00859/01300 VUs  13.0s/15s  1300.00 iters/s

running (14.0s), 00918/01300 VUs, 17220 complete and 0 interrupted iterations
default   [  93% ] 00918/01300 VUs  14.0s/15s  1300.00 iters/s

running (15.0s), 00982/01300 VUs, 18457 complete and 0 interrupted iterations
default   [ 100% ] 00983/01300 VUs  15.0s/15s  1300.00 iters/s


  █ TOTAL RESULTS 

    HTTP
    http_req_duration..............: avg=413.97ms min=38.18ms med=395.12ms max=778.99ms p(90)=693.69ms p(95)=731.39ms
      { expected_response:true }...: avg=413.97ms min=38.18ms med=395.12ms max=778.99ms p(90)=693.69ms p(95)=731.39ms
    http_req_failed................: 0.00%  0 out of 18497
    http_reqs......................: 18497  1232.558075/s

    EXECUTION
    iteration_duration.............: avg=414.21ms min=38.44ms med=395.2ms  max=779.09ms p(90)=693.76ms p(95)=731.51ms
    iterations.....................: 18497  1232.558075/s
    vus............................: 981    min=171        max=981 
    vus_max........................: 1300   min=1300       max=1300

    NETWORK
    data_received..................: 4.0 MB 264 kB/s
    data_sent......................: 3.8 MB 252 kB/s




running (15.0s), 00000/01300 VUs, 18497 complete and 1004 interrupted iterations
default ✓ [ 100% ] 01004/01300 VUs  15s  1300.00 iters/s
