
         /\      Grafana   /‾‾/  
    /\  /  \     |\  __   /  /   
   /  \/    \    | |/ /  /   ‾‾\ 
  /          \   |   (  |  (‾)  |
 / __________ \  |_|\_\  \_____/ 

     execution: local
        script: workflow/social/k6_open_client.js
        output: -

     scenarios: (100.00%) 1 scenario, 10000 max VUs, 15s max duration (incl. graceful stop):
              * default: 115.00 iterations/s for 15s (maxVUs: 115-10000)


running (01.0s), 00007/00115 VUs, 107 complete and 0 interrupted iterations
default   [   7% ] 00007/00115 VUs  01.0s/15s  115.00 iters/s

running (02.0s), 00011/00115 VUs, 218 complete and 0 interrupted iterations
default   [  13% ] 00011/00115 VUs  02.0s/15s  115.00 iters/s

running (03.0s), 00017/00115 VUs, 327 complete and 0 interrupted iterations
default   [  20% ] 00017/00115 VUs  03.0s/15s  115.00 iters/s

running (04.0s), 00026/00115 VUs, 433 complete and 0 interrupted iterations
default   [  27% ] 00026/00115 VUs  04.0s/15s  115.00 iters/s

running (05.0s), 00032/00115 VUs, 542 complete and 0 interrupted iterations
default   [  33% ] 00032/00115 VUs  05.0s/15s  115.00 iters/s

running (06.0s), 00038/00115 VUs, 651 complete and 0 interrupted iterations
default   [  40% ] 00038/00115 VUs  06.0s/15s  115.00 iters/s

running (07.0s), 00045/00115 VUs, 759 complete and 0 interrupted iterations
default   [  47% ] 00045/00115 VUs  07.0s/15s  115.00 iters/s

running (08.0s), 00051/00115 VUs, 868 complete and 0 interrupted iterations
default   [  53% ] 00051/00115 VUs  08.0s/15s  115.00 iters/s

running (09.0s), 00056/00115 VUs, 978 complete and 0 interrupted iterations
default   [  60% ] 00056/00115 VUs  09.0s/15s  115.00 iters/s

running (10.0s), 00059/00115 VUs, 1090 complete and 0 interrupted iterations
default   [  67% ] 00059/00115 VUs  10.0s/15s  115.00 iters/s

running (11.0s), 00067/00115 VUs, 1197 complete and 0 interrupted iterations
default   [  73% ] 00066/00115 VUs  11.0s/15s  115.00 iters/s

running (12.0s), 00069/00115 VUs, 1310 complete and 0 interrupted iterations
default   [  80% ] 00069/00115 VUs  12.0s/15s  115.00 iters/s

running (13.0s), 00073/00115 VUs, 1421 complete and 0 interrupted iterations
default   [  87% ] 00073/00115 VUs  13.0s/15s  115.00 iters/s

running (14.0s), 00079/00115 VUs, 1530 complete and 0 interrupted iterations
default   [  93% ] 00079/00115 VUs  14.0s/15s  115.00 iters/s

running (15.0s), 00083/00115 VUs, 1641 complete and 0 interrupted iterations
default   [ 100% ] 00083/00115 VUs  15.0s/15s  115.00 iters/s


  █ TOTAL RESULTS 

    HTTP
    http_req_duration..............: avg=391.02ms min=24.38ms  med=418.92ms max=740.49ms p(90)=669.96ms p(95)=689.3ms 
      { expected_response:true }...: avg=391.02ms min=24.38ms  med=418.92ms max=740.49ms p(90)=669.96ms p(95)=689.3ms 
    http_req_failed................: 0.00%  0 out of 1641
    http_reqs......................: 1641   109.391773/s

    EXECUTION
    iteration_duration.............: avg=390.92ms min=409.98µs med=418.55ms max=740.59ms p(90)=670.05ms p(95)=689.36ms
    iterations.....................: 1642   109.458435/s
    vus............................: 83     min=7         max=83 
    vus_max........................: 115    min=115       max=115

    NETWORK
    data_received..................: 384 kB 26 kB/s
    data_sent......................: 567 kB 38 kB/s




running (15.0s), 00000/00115 VUs, 1641 complete and 85 interrupted iterations
default ✓ [ 100% ] 00085/00115 VUs  15s  115.00 iters/s
