
         /\      Grafana   /‾‾/  
    /\  /  \     |\  __   /  /   
   /  \/    \    | |/ /  /   ‾‾\ 
  /          \   |   (  |  (‾)  |
 / __________ \  |_|\_\  \_____/ 

     execution: local
        script: workflow/response/k6_open_client.js
        output: -

     scenarios: (100.00%) 1 scenario, 10000 max VUs, 15s max duration (incl. graceful stop):
              * default: 140.00 iterations/s for 15s (maxVUs: 140-10000)


running (01.0s), 00010/00140 VUs, 129 complete and 0 interrupted iterations
default   [   7% ] 00010/00140 VUs  01.0s/15s  140.00 iters/s

running (02.0s), 00011/00140 VUs, 268 complete and 0 interrupted iterations
default   [  13% ] 00011/00140 VUs  02.0s/15s  140.00 iters/s

running (03.0s), 00016/00140 VUs, 403 complete and 0 interrupted iterations
default   [  20% ] 00016/00140 VUs  03.0s/15s  140.00 iters/s

running (04.0s), 00017/00140 VUs, 542 complete and 0 interrupted iterations
default   [  27% ] 00017/00140 VUs  04.0s/15s  140.00 iters/s

running (05.0s), 00015/00140 VUs, 684 complete and 0 interrupted iterations
default   [  33% ] 00015/00140 VUs  05.0s/15s  140.00 iters/s

running (06.0s), 00016/00140 VUs, 823 complete and 0 interrupted iterations
default   [  40% ] 00016/00140 VUs  06.0s/15s  140.00 iters/s

running (07.0s), 00013/00140 VUs, 966 complete and 0 interrupted iterations
default   [  47% ] 00013/00140 VUs  07.0s/15s  140.00 iters/s

running (08.0s), 00010/00140 VUs, 1109 complete and 0 interrupted iterations
default   [  53% ] 00010/00140 VUs  08.0s/15s  140.00 iters/s

running (09.0s), 00012/00140 VUs, 1247 complete and 0 interrupted iterations
default   [  60% ] 00012/00140 VUs  09.0s/15s  140.00 iters/s

running (10.0s), 00011/00140 VUs, 1388 complete and 0 interrupted iterations
default   [  67% ] 00011/00140 VUs  10.0s/15s  140.00 iters/s

running (11.0s), 00017/00140 VUs, 1522 complete and 0 interrupted iterations
default   [  73% ] 00017/00140 VUs  11.0s/15s  140.00 iters/s

running (12.0s), 00014/00140 VUs, 1665 complete and 0 interrupted iterations
default   [  80% ] 00014/00140 VUs  12.0s/15s  140.00 iters/s

running (13.0s), 00011/00140 VUs, 1808 complete and 0 interrupted iterations
default   [  87% ] 00011/00140 VUs  13.0s/15s  140.00 iters/s

running (14.0s), 00013/00140 VUs, 1946 complete and 0 interrupted iterations
default   [  93% ] 00013/00140 VUs  14.0s/15s  140.00 iters/s

running (15.0s), 00014/00140 VUs, 2085 complete and 0 interrupted iterations
default   [ 100% ] 00014/00140 VUs  15.0s/15s  140.00 iters/s


  █ TOTAL RESULTS 

    HTTP
    http_req_duration..............: avg=92.25ms min=58.61ms med=91.39ms max=136.65ms p(90)=115.82ms p(95)=121.27ms
      { expected_response:true }...: avg=92.25ms min=58.61ms med=91.39ms max=136.65ms p(90)=115.82ms p(95)=121.27ms
    http_req_failed................: 0.00%  0 out of 2085
    http_reqs......................: 2085   138.988661/s

    EXECUTION
    iteration_duration.............: avg=92.37ms min=58.71ms med=91.57ms max=136.77ms p(90)=115.9ms  p(95)=121.36ms
    iterations.....................: 2085   138.988661/s
    vus............................: 14     min=10        max=17 
    vus_max........................: 140    min=140       max=140

    NETWORK
    data_received..................: 442 kB 30 kB/s
    data_sent......................: 412 kB 27 kB/s




running (15.0s), 00000/00140 VUs, 2085 complete and 16 interrupted iterations
default ✓ [ 100% ] 00016/00140 VUs  15s  140.00 iters/s
