
         /\      Grafana   /‾‾/  
    /\  /  \     |\  __   /  /   
   /  \/    \    | |/ /  /   ‾‾\ 
  /          \   |   (  |  (‾)  |
 / __________ \  |_|\_\  \_____/ 

     execution: local
        script: workflow/media/k6_open_review_compose.js
        output: -

     scenarios: (100.00%) 1 scenario, 10000 max VUs, 15s max duration (incl. graceful stop):
              * default: 40.00 iterations/s for 15s (maxVUs: 40-10000)


running (01.0s), 00002/00040 VUs, 38 complete and 0 interrupted iterations
default   [   7% ] 00002/00040 VUs  01.0s/15s  40.00 iters/s

running (02.0s), 00002/00040 VUs, 78 complete and 0 interrupted iterations
default   [  13% ] 00002/00040 VUs  02.0s/15s  40.00 iters/s

running (03.0s), 00002/00040 VUs, 118 complete and 0 interrupted iterations
default   [  20% ] 00002/00040 VUs  03.0s/15s  40.00 iters/s

running (04.0s), 00002/00040 VUs, 158 complete and 0 interrupted iterations
default   [  27% ] 00002/00040 VUs  04.0s/15s  40.00 iters/s

running (05.0s), 00002/00040 VUs, 198 complete and 0 interrupted iterations
default   [  33% ] 00002/00040 VUs  05.0s/15s  40.00 iters/s

running (06.0s), 00002/00040 VUs, 238 complete and 0 interrupted iterations
default   [  40% ] 00002/00040 VUs  06.0s/15s  40.00 iters/s

running (07.0s), 00002/00040 VUs, 278 complete and 0 interrupted iterations
default   [  47% ] 00002/00040 VUs  07.0s/15s  40.00 iters/s

running (08.0s), 00003/00040 VUs, 317 complete and 0 interrupted iterations
default   [  53% ] 00003/00040 VUs  08.0s/15s  40.00 iters/s

running (09.0s), 00005/00040 VUs, 355 complete and 0 interrupted iterations
default   [  60% ] 00005/00040 VUs  09.0s/15s  40.00 iters/s

running (10.0s), 00019/00040 VUs, 381 complete and 0 interrupted iterations
default   [  67% ] 00019/00040 VUs  10.0s/15s  40.00 iters/s

running (11.0s), 00034/00040 VUs, 406 complete and 0 interrupted iterations
default   [  73% ] 00034/00040 VUs  11.0s/15s  40.00 iters/s

running (12.0s), 00043/00045 VUs, 432 complete and 0 interrupted iterations
default   [  80% ] 00043/00045 VUs  12.0s/15s  40.00 iters/s

running (13.0s), 00052/00052 VUs, 456 complete and 0 interrupted iterations
default   [  87% ] 00052/00052 VUs  13.0s/15s  40.00 iters/s

running (14.0s), 00059/00060 VUs, 481 complete and 0 interrupted iterations
default   [  93% ] 00059/00060 VUs  14.0s/15s  40.00 iters/s

running (15.0s), 00066/00068 VUs, 506 complete and 0 interrupted iterations
default   [ 100% ] 00066/00068 VUs  15.0s/15s  40.00 iters/s


  █ TOTAL RESULTS 

    HTTP
    http_req_duration..............: avg=386.59ms min=30.96ms med=54ms    max=2.07s p(90)=1.56s p(95)=1.83s
      { expected_response:true }...: avg=386.59ms min=30.96ms med=54ms    max=2.07s p(90)=1.56s p(95)=1.83s
    http_req_failed................: 0.00%  0 out of 506
    http_reqs......................: 506    33.728801/s

    EXECUTION
    dropped_iterations.............: 28     1.866416/s
    iteration_duration.............: avg=386.76ms min=31.08ms med=54.17ms max=2.07s p(90)=1.56s p(95)=1.83s
    iterations.....................: 506    33.728801/s
    vus............................: 66     min=2        max=66
    vus_max........................: 68     min=40       max=68

    NETWORK
    data_received..................: 121 kB 8.1 kB/s
    data_sent......................: 318 kB 21 kB/s




running (15.0s), 00000/00068 VUs, 506 complete and 66 interrupted iterations
default ✓ [ 100% ] 00066/00068 VUs  15s  40.00 iters/s
