2026/05/05 06:07:57 telemetry disabled: AEGEAN_DISABLE_TRACING=1

         /\      Grafana   /‾‾/  
    /\  /  \     |\  __   /  /   
   /  \/    \    | |/ /  /   ‾‾\ 
  /          \   |   (  |  (‾)  |
 / __________ \  |_|\_\  \_____/ 

     execution: local
        script: workflow/aegean/k6_open_client.js
        output: -

     scenarios: (100.00%) 1 scenario, 10000 max VUs, 45s max duration (incl. graceful stop):
              * default: 800.00 iterations/s for 15s (maxVUs: 0-10000, gracefulStop: 30s)


running (01.0s), 00180/00181 VUs, 334 complete and 0 interrupted iterations
default   [   7% ] 00180/00181 VUs  01.0s/15s  800.00 iters/s

running (02.0s), 00314/00342 VUs, 753 complete and 0 interrupted iterations
default   [  13% ] 00314/00342 VUs  02.0s/15s  800.00 iters/s

running (03.0s), 00472/00501 VUs, 1155 complete and 0 interrupted iterations
default   [  20% ] 00472/00501 VUs  03.0s/15s  800.00 iters/s

running (04.0s), 00649/00652 VUs, 1550 complete and 0 interrupted iterations
default   [  27% ] 00649/00652 VUs  04.0s/15s  800.00 iters/s

running (05.0s), 00790/00804 VUs, 1980 complete and 0 interrupted iterations
default   [  33% ] 00790/00804 VUs  05.0s/15s  800.00 iters/s

running (06.0s), 00957/00957 VUs, 2377 complete and 0 interrupted iterations
default   [  40% ] 00957/00957 VUs  06.0s/15s  800.00 iters/s

running (07.0s), 01081/01117 VUs, 2825 complete and 0 interrupted iterations
default   [  47% ] 01081/01117 VUs  07.0s/15s  800.00 iters/s

running (08.0s), 01256/01257 VUs, 3244 complete and 0 interrupted iterations
default   [  53% ] 01256/01257 VUs  08.0s/15s  800.00 iters/s

running (09.0s), 01392/01411 VUs, 3659 complete and 0 interrupted iterations
default   [  60% ] 01393/01411 VUs  09.0s/15s  800.00 iters/s

running (10.0s), 01579/01579 VUs, 4033 complete and 0 interrupted iterations
default   [  67% ] 01579/01579 VUs  10.0s/15s  800.00 iters/s

running (11.0s), 01724/01725 VUs, 4470 complete and 0 interrupted iterations
default   [  73% ] 01724/01725 VUs  11.0s/15s  800.00 iters/s

running (12.0s), 01887/01887 VUs, 4867 complete and 0 interrupted iterations
default   [  80% ] 01887/01887 VUs  12.0s/15s  800.00 iters/s

running (13.0s), 02024/02025 VUs, 5309 complete and 0 interrupted iterations
default   [  87% ] 02024/02025 VUs  13.0s/15s  800.00 iters/s

running (14.0s), 02184/02184 VUs, 5705 complete and 0 interrupted iterations
default   [  93% ] 02184/02184 VUs  14.0s/15s  800.00 iters/s

running (15.0s), 02324/02332 VUs, 6133 complete and 0 interrupted iterations
default   [ 100% ] 02324/02332 VUs  15s  800.00 iters/s

running (16.0s), 01904/02332 VUs, 6554 complete and 0 interrupted iterations
default ↓ [ 100% ] 02324/02332 VUs  15s  800.00 iters/s

running (17.0s), 01484/02332 VUs, 6974 complete and 0 interrupted iterations
default ↓ [ 100% ] 02324/02332 VUs  15s  800.00 iters/s

running (18.0s), 01069/02332 VUs, 7389 complete and 0 interrupted iterations
default ↓ [ 100% ] 02324/02332 VUs  15s  800.00 iters/s

running (19.0s), 00654/02332 VUs, 7804 complete and 0 interrupted iterations
default ↓ [ 100% ] 02324/02332 VUs  15s  800.00 iters/s
2026/05/05 06:08:24 k6 client request logic timed out after 20s
