2026/04/24 07:41:55 telemetry disabled: AEGEAN_DISABLE_TRACING=1

         /\      Grafana   /‾‾/  
    /\  /  \     |\  __   /  /   
   /  \/    \    | |/ /  /   ‾‾\ 
  /          \   |   (  |  (‾)  |
 / __________ \  |_|\_\  \_____/ 

     execution: local
        script: workflow/external_srv/k6_open_client.js
        output: -

     scenarios: (100.00%) 1 scenario, 10000 max VUs, 45s max duration (incl. graceful stop):
              * default: 200.00 iterations/s for 15s (maxVUs: 0-10000, gracefulStop: 30s)


running (01.0s), 00098/00099 VUs, 0 complete and 0 interrupted iterations
default   [   7% ] 00099/00099 VUs  01.0s/15s  200.00 iters/s

running (02.0s), 00197/00198 VUs, 0 complete and 0 interrupted iterations
default   [  13% ] 00198/00198 VUs  02.0s/15s  200.00 iters/s

running (03.0s), 00295/00295 VUs, 0 complete and 0 interrupted iterations
default   [  20% ] 00295/00295 VUs  03.0s/15s  200.00 iters/s

running (04.0s), 00393/00393 VUs, 0 complete and 0 interrupted iterations
default   [  27% ] 00393/00393 VUs  04.0s/15s  200.00 iters/s

running (05.0s), 00490/00490 VUs, 0 complete and 0 interrupted iterations
default   [  33% ] 00490/00490 VUs  05.0s/15s  200.00 iters/s

running (06.0s), 00588/00588 VUs, 0 complete and 0 interrupted iterations
default   [  40% ] 00588/00588 VUs  06.0s/15s  200.00 iters/s

running (07.0s), 00688/00688 VUs, 0 complete and 0 interrupted iterations
default   [  47% ] 00688/00688 VUs  07.0s/15s  200.00 iters/s

running (08.0s), 00787/00787 VUs, 0 complete and 0 interrupted iterations
default   [  53% ] 00787/00787 VUs  08.0s/15s  200.00 iters/s

running (09.0s), 00887/00887 VUs, 0 complete and 0 interrupted iterations
default   [  60% ] 00887/00887 VUs  09.0s/15s  200.00 iters/s

running (10.0s), 00986/00986 VUs, 0 complete and 0 interrupted iterations
default   [  67% ] 00986/00986 VUs  10.0s/15s  200.00 iters/s

running (11.0s), 01085/01085 VUs, 0 complete and 0 interrupted iterations
default   [  73% ] 01085/01085 VUs  11.0s/15s  200.00 iters/s

running (12.0s), 01181/01181 VUs, 0 complete and 0 interrupted iterations
default   [  80% ] 01181/01181 VUs  12.0s/15s  200.00 iters/s

running (13.0s), 01278/01278 VUs, 0 complete and 0 interrupted iterations
default   [  87% ] 01278/01278 VUs  13.0s/15s  200.00 iters/s

running (14.0s), 01377/01377 VUs, 0 complete and 0 interrupted iterations
default   [  93% ] 01377/01377 VUs  14.0s/15s  200.00 iters/s

running (15.0s), 01468/01468 VUs, 0 complete and 0 interrupted iterations
default ↓ [ 100% ] 01468/01468 VUs  15s  200.00 iters/s

running (16.0s), 01468/01469 VUs, 0 complete and 0 interrupted iterations
default ↓ [ 100% ] 01468/01468 VUs  15s  200.00 iters/s

running (17.0s), 01468/01469 VUs, 0 complete and 0 interrupted iterations
default ↓ [ 100% ] 01468/01468 VUs  15s  200.00 iters/s

running (18.0s), 01468/01469 VUs, 0 complete and 0 interrupted iterations
default ↓ [ 100% ] 01468/01468 VUs  15s  200.00 iters/s

running (19.0s), 01468/01469 VUs, 0 complete and 0 interrupted iterations
default ↓ [ 100% ] 01468/01468 VUs  15s  200.00 iters/s
