2026/04/24 06:59:40 telemetry disabled: AEGEAN_DISABLE_TRACING=1

         /\      Grafana   /‾‾/  
    /\  /  \     |\  __   /  /   
   /  \/    \    | |/ /  /   ‾‾\ 
  /          \   |   (  |  (‾)  |
 / __________ \  |_|\_\  \_____/ 

     execution: local
        script: workflow/hotel/k6_open_hotels_client.js
        output: -

     scenarios: (100.00%) 1 scenario, 10000 max VUs, 45s max duration (incl. graceful stop):
              * default: 100.00 iterations/s for 15s (maxVUs: 0-10000, gracefulStop: 30s)


running (01.0s), 00001/00001 VUs, 98 complete and 0 interrupted iterations
default   [   7% ] 00001/00001 VUs  01.0s/15s  100.00 iters/s

running (02.0s), 00001/00002 VUs, 197 complete and 0 interrupted iterations
default   [  13% ] 00001/00002 VUs  02.0s/15s  100.00 iters/s

running (03.0s), 00001/00003 VUs, 296 complete and 0 interrupted iterations
default   [  20% ] 00001/00003 VUs  03.0s/15s  100.00 iters/s

running (04.0s), 00001/00003 VUs, 396 complete and 0 interrupted iterations
default   [  27% ] 00001/00003 VUs  04.0s/15s  100.00 iters/s

running (05.0s), 00001/00003 VUs, 496 complete and 0 interrupted iterations
default   [  33% ] 00001/00003 VUs  05.0s/15s  100.00 iters/s

running (06.0s), 00001/00003 VUs, 596 complete and 0 interrupted iterations
default   [  40% ] 00001/00003 VUs  06.0s/15s  100.00 iters/s

running (07.0s), 00001/00003 VUs, 696 complete and 0 interrupted iterations
default   [  47% ] 00001/00003 VUs  07.0s/15s  100.00 iters/s

running (08.0s), 00001/00003 VUs, 796 complete and 0 interrupted iterations
default   [  53% ] 00001/00003 VUs  08.0s/15s  100.00 iters/s

running (09.0s), 00001/00003 VUs, 896 complete and 0 interrupted iterations
default   [  60% ] 00001/00003 VUs  09.0s/15s  100.00 iters/s

running (10.0s), 00001/00003 VUs, 996 complete and 0 interrupted iterations
default   [  67% ] 00001/00003 VUs  10.0s/15s  100.00 iters/s

running (11.0s), 00000/00004 VUs, 1095 complete and 0 interrupted iterations
default   [  73% ] 00001/00004 VUs  11.0s/15s  100.00 iters/s

running (12.0s), 00001/00004 VUs, 1195 complete and 0 interrupted iterations
default   [  80% ] 00001/00004 VUs  12.0s/15s  100.00 iters/s

running (13.0s), 00001/00004 VUs, 1295 complete and 0 interrupted iterations
default   [  87% ] 00001/00004 VUs  13.0s/15s  100.00 iters/s

running (14.0s), 00001/00004 VUs, 1395 complete and 0 interrupted iterations
default   [  93% ] 00001/00004 VUs  14.0s/15s  100.00 iters/s

running (15.0s), 00001/00004 VUs, 1495 complete and 0 interrupted iterations
default ↓ [ 100% ] 00001/00004 VUs  15s  100.00 iters/s


  █ TOTAL RESULTS 

    HTTP
    http_req_duration..............: avg=2.71ms min=728.45µs med=2.57ms max=22.45ms p(90)=3.78ms p(95)=4.31ms
      { expected_response:true }...: avg=2.71ms min=728.45µs med=2.57ms max=22.45ms p(90)=3.78ms p(95)=4.31ms
    http_req_failed................: 0.00%  0 out of 1496
    http_reqs......................: 1496   99.716977/s

    EXECUTION
    dropped_iterations.............: 5      0.333279/s
    iteration_duration.............: avg=2.98ms min=790.2µs  med=2.8ms  max=22.76ms p(90)=4.14ms p(95)=4.69ms
    iterations.....................: 1496   99.716977/s
    vus............................: 1      min=0         max=1
    vus_max........................: 4      min=1         max=4

    NETWORK
    data_received..................: 440 kB 29 kB/s
    data_sent......................: 490 kB 33 kB/s




running (15.0s), 00000/00004 VUs, 1496 complete and 0 interrupted iterations
default ✓ [ 100% ] 00000/00004 VUs  15s  100.00 iters/s
