2026/05/05 06:10:09 telemetry disabled: AEGEAN_DISABLE_TRACING=1

         /\      Grafana   /‾‾/  
    /\  /  \     |\  __   /  /   
   /  \/    \    | |/ /  /   ‾‾\ 
  /          \   |   (  |  (‾)  |
 / __________ \  |_|\_\  \_____/ 

     execution: local
        script: workflow/aegean/k6_open_client.js
        output: -

     scenarios: (100.00%) 1 scenario, 10000 max VUs, 45s max duration (incl. graceful stop):
              * default: 800.00 iterations/s for 15s (maxVUs: 0-10000, gracefulStop: 30s)


running (01.0s), 00013/00022 VUs, 750 complete and 0 interrupted iterations
default   [   7% ] 00013/00022 VUs  01.0s/15s  800.00 iters/s

running (02.0s), 00010/00022 VUs, 1553 complete and 0 interrupted iterations
default   [  13% ] 00010/00022 VUs  02.0s/15s  800.00 iters/s

running (03.0s), 00010/00022 VUs, 2353 complete and 0 interrupted iterations
default   [  20% ] 00010/00022 VUs  03.0s/15s  800.00 iters/s

running (04.0s), 00012/00022 VUs, 3151 complete and 0 interrupted iterations
default   [  27% ] 00012/00022 VUs  04.0s/15s  800.00 iters/s

running (05.0s), 00010/00022 VUs, 3953 complete and 0 interrupted iterations
default   [  33% ] 00010/00022 VUs  05.0s/15s  800.00 iters/s

running (06.0s), 00011/00022 VUs, 4752 complete and 0 interrupted iterations
default   [  40% ] 00011/00022 VUs  06.0s/15s  800.00 iters/s

running (07.0s), 00011/00022 VUs, 5553 complete and 0 interrupted iterations
default   [  47% ] 00011/00022 VUs  07.0s/15s  800.00 iters/s

running (08.0s), 00013/00022 VUs, 6350 complete and 0 interrupted iterations
default   [  53% ] 00013/00022 VUs  08.0s/15s  800.00 iters/s

running (09.0s), 00011/00022 VUs, 7152 complete and 0 interrupted iterations
default   [  60% ] 00011/00022 VUs  09.0s/15s  800.00 iters/s

running (10.0s), 00012/00022 VUs, 7951 complete and 0 interrupted iterations
default   [  67% ] 00012/00022 VUs  10.0s/15s  800.00 iters/s

running (11.0s), 00010/00022 VUs, 8753 complete and 0 interrupted iterations
default   [  73% ] 00011/00022 VUs  11.0s/15s  800.00 iters/s

running (12.0s), 00011/00022 VUs, 9552 complete and 0 interrupted iterations
default   [  80% ] 00011/00022 VUs  12.0s/15s  800.00 iters/s

running (13.0s), 00012/00022 VUs, 10350 complete and 0 interrupted iterations
default   [  87% ] 00012/00022 VUs  13.0s/15s  800.00 iters/s

running (14.0s), 00012/00026 VUs, 11128 complete and 0 interrupted iterations
default   [  93% ] 00012/00026 VUs  14.0s/15s  800.00 iters/s

running (15.0s), 00010/00026 VUs, 11931 complete and 0 interrupted iterations
default   [ 100% ] 00010/00026 VUs  15s  800.00 iters/s


  █ TOTAL RESULTS 

    HTTP
    http_req_duration..............: avg=13.95ms min=11.34ms med=13.28ms max=60.51ms p(90)=16.35ms p(95)=18.33ms
      { expected_response:true }...: avg=13.95ms min=11.34ms med=13.28ms max=60.51ms p(90)=16.35ms p(95)=18.33ms
    http_req_failed................: 0.00%  0 out of 11941
    http_reqs......................: 11941  795.202045/s

    EXECUTION
    dropped_iterations.............: 60     3.995656/s
    iteration_duration.............: avg=14ms    min=11.38ms med=13.33ms max=60.58ms p(90)=16.41ms p(95)=18.42ms
    iterations.....................: 11941  795.202045/s
    vus............................: 10     min=9          max=13
    vus_max........................: 26     min=22         max=26

    NETWORK
    data_received..................: 4.2 MB 282 kB/s
    data_sent......................: 4.4 MB 296 kB/s




running (15.0s), 00000/00026 VUs, 11941 complete and 0 interrupted iterations
default ✓ [ 100% ] 00000/00026 VUs  15s  800.00 iters/s
