2026/05/02 06:16:26 telemetry disabled: AEGEAN_DISABLE_TRACING=1

         /\      Grafana   /‾‾/  
    /\  /  \     |\  __   /  /   
   /  \/    \    | |/ /  /   ‾‾\ 
  /          \   |   (  |  (‾)  |
 / __________ \  |_|\_\  \_____/ 

     execution: local
        script: workflow/aegean/k6_open_client.js
        output: -

     scenarios: (100.00%) 1 scenario, 10000 max VUs, 45s max duration (incl. graceful stop):
              * default: 400.00 iterations/s for 15s (maxVUs: 0-10000, gracefulStop: 30s)


running (01.0s), 00008/00009 VUs, 382 complete and 0 interrupted iterations
default   [   7% ] 00008/00009 VUs  01.0s/15s  400.00 iters/s

running (02.0s), 00007/00009 VUs, 783 complete and 0 interrupted iterations
default   [  13% ] 00007/00009 VUs  02.0s/15s  400.00 iters/s

running (03.0s), 00006/00009 VUs, 1184 complete and 0 interrupted iterations
default   [  20% ] 00006/00009 VUs  03.0s/15s  400.00 iters/s

running (04.0s), 00006/00009 VUs, 1584 complete and 0 interrupted iterations
default   [  27% ] 00006/00009 VUs  04.0s/15s  400.00 iters/s

running (05.0s), 00006/00021 VUs, 1943 complete and 0 interrupted iterations
default   [  33% ] 00006/00021 VUs  05.0s/15s  400.00 iters/s

running (06.0s), 00005/00021 VUs, 2345 complete and 0 interrupted iterations
default   [  40% ] 00005/00021 VUs  06.0s/15s  400.00 iters/s

running (07.0s), 00006/00021 VUs, 2744 complete and 0 interrupted iterations
default   [  47% ] 00006/00021 VUs  07.0s/15s  400.00 iters/s

running (08.0s), 00005/00021 VUs, 3145 complete and 0 interrupted iterations
default   [  53% ] 00005/00021 VUs  08.0s/15s  400.00 iters/s

running (09.0s), 00004/00021 VUs, 3545 complete and 0 interrupted iterations
default   [  60% ] 00005/00021 VUs  09.0s/15s  400.00 iters/s

running (10.0s), 00006/00021 VUs, 3944 complete and 0 interrupted iterations
default   [  67% ] 00006/00021 VUs  10.0s/15s  400.00 iters/s

running (11.0s), 00011/00021 VUs, 4339 complete and 0 interrupted iterations
default   [  73% ] 00011/00021 VUs  11.0s/15s  400.00 iters/s

running (12.0s), 00006/00021 VUs, 4744 complete and 0 interrupted iterations
default   [  80% ] 00006/00021 VUs  12.0s/15s  400.00 iters/s

running (13.0s), 00024/00030 VUs, 5081 complete and 0 interrupted iterations
default   [  87% ] 00024/00030 VUs  13.0s/15s  400.00 iters/s

running (14.0s), 00006/00034 VUs, 5495 complete and 0 interrupted iterations
default   [  93% ] 00006/00034 VUs  14.0s/15s  400.00 iters/s

running (15.0s), 00007/00034 VUs, 5893 complete and 0 interrupted iterations
default ↓ [ 100% ] 00007/00034 VUs  15s  400.00 iters/s


  █ TOTAL RESULTS 

    HTTP
    http_req_duration..............: avg=16.31ms min=11.31ms med=13.47ms max=185.3ms  p(90)=17.43ms p(95)=30.05ms
      { expected_response:true }...: avg=16.31ms min=11.31ms med=13.47ms max=185.3ms  p(90)=17.43ms p(95)=30.05ms
    http_req_failed................: 0.00%  0 out of 5901
    http_reqs......................: 5901   392.868119/s

    EXECUTION
    dropped_iterations.............: 100    6.657653/s
    iteration_duration.............: avg=16.43ms min=11.39ms med=13.55ms max=185.39ms p(90)=17.58ms p(95)=30.49ms
    iterations.....................: 5901   392.868119/s
    vus............................: 6      min=4         max=24
    vus_max........................: 34     min=9         max=34

    NETWORK
    data_received..................: 2.1 MB 139 kB/s
    data_sent......................: 2.2 MB 146 kB/s




running (15.0s), 00000/00034 VUs, 5901 complete and 0 interrupted iterations
default ✓ [ 100% ] 00000/00034 VUs  15s  400.00 iters/s
