
         /\      Grafana   /‾‾/  
    /\  /  \     |\  __   /  /   
   /  \/    \    | |/ /  /   ‾‾\ 
  /          \   |   (  |  (‾)  |
 / __________ \  |_|\_\  \_____/ 

     execution: local
        script: workflow/aegean/k6_open_client.js
        output: -

     scenarios: (100.00%) 1 scenario, 10000 max VUs, 45s max duration (incl. graceful stop):
              * default: 100.00 iterations/s for 15s (maxVUs: 0-10000, gracefulStop: 30s)


running (01.0s), 00024/00024 VUs, 52 complete and 0 interrupted iterations
default   [   7% ] 00024/00024 VUs  01.0s/15s  100.00 iters/s

running (02.0s), 00041/00044 VUs, 114 complete and 0 interrupted iterations
default   [  13% ] 00041/00044 VUs  02.0s/15s  100.00 iters/s

running (03.0s), 00062/00065 VUs, 172 complete and 0 interrupted iterations
default   [  20% ] 00062/00065 VUs  03.0s/15s  100.00 iters/s

running (04.0s), 00084/00084 VUs, 231 complete and 0 interrupted iterations
default   [  27% ] 00084/00084 VUs  04.0s/15s  100.00 iters/s

running (05.0s), 00103/00105 VUs, 291 complete and 0 interrupted iterations
default   [  33% ] 00103/00105 VUs  05.0s/15s  100.00 iters/s

running (06.0s), 00122/00126 VUs, 352 complete and 0 interrupted iterations
default   [  40% ] 00122/00126 VUs  06.0s/15s  100.00 iters/s

running (07.0s), 00145/00145 VUs, 410 complete and 0 interrupted iterations
default   [  47% ] 00145/00145 VUs  07.0s/15s  100.00 iters/s

running (08.0s), 00163/00165 VUs, 471 complete and 0 interrupted iterations
default   [  53% ] 00163/00165 VUs  08.0s/15s  100.00 iters/s

running (09.0s), 00184/00184 VUs, 531 complete and 0 interrupted iterations
default   [  60% ] 00184/00184 VUs  09.0s/15s  100.00 iters/s

running (10.0s), 00204/00205 VUs, 591 complete and 0 interrupted iterations
default   [  67% ] 00204/00205 VUs  10.0s/15s  100.00 iters/s

running (11.0s), 00225/00226 VUs, 648 complete and 0 interrupted iterations
default   [  73% ] 00225/00226 VUs  11.0s/15s  100.00 iters/s

running (12.0s), 00245/00245 VUs, 710 complete and 0 interrupted iterations
default   [  80% ] 00245/00245 VUs  12.0s/15s  100.00 iters/s

running (13.0s), 00263/00265 VUs, 772 complete and 0 interrupted iterations
default   [  87% ] 00263/00265 VUs  13.0s/15s  100.00 iters/s

running (14.0s), 00284/00284 VUs, 831 complete and 0 interrupted iterations
default   [  93% ] 00284/00284 VUs  14.0s/15s  100.00 iters/s

running (15.0s), 00306/00306 VUs, 887 complete and 0 interrupted iterations
default ↓ [ 100% ] 00306/00306 VUs  15s  100.00 iters/s

running (16.0s), 00243/00307 VUs, 950 complete and 0 interrupted iterations
default ↓ [ 100% ] 00306/00306 VUs  15s  100.00 iters/s

running (17.0s), 00178/00307 VUs, 1015 complete and 0 interrupted iterations
default ↓ [ 100% ] 00306/00306 VUs  15s  100.00 iters/s

running (18.0s), 00116/00307 VUs, 1077 complete and 0 interrupted iterations
default ↓ [ 100% ] 00306/00306 VUs  15s  100.00 iters/s

running (19.0s), 00058/00307 VUs, 1135 complete and 0 interrupted iterations
default ↓ [ 100% ] 00306/00306 VUs  15s  100.00 iters/s


  █ TOTAL RESULTS 

    HTTP
    http_req_duration..............: avg=2.55s min=82.04ms med=2.57s max=4.94s p(90)=4.46s p(95)=4.7s
      { expected_response:true }...: avg=2.55s min=82.04ms med=2.57s max=4.94s p(90)=4.46s p(95)=4.7s
    http_req_failed................: 0.00% 0 out of 1193
    http_reqs......................: 1193  59.842673/s

    EXECUTION
    dropped_iterations.............: 308   15.449743/s
    iteration_duration.............: avg=2.55s min=84.35ms med=2.58s max=4.95s p(90)=4.46s p(95)=4.7s
    iterations.....................: 1193  59.842673/s
    vus............................: 58    min=24        max=306
    vus_max........................: 307   min=24        max=307

    NETWORK
    data_received..................: 60 MB 3.0 MB/s
    data_sent......................: 60 MB 3.0 MB/s




running (19.9s), 00000/00307 VUs, 1193 complete and 0 interrupted iterations
default ✓ [ 100% ] 00000/00307 VUs  15s  100.00 iters/s
