2026/04/24 08:03:27 telemetry disabled: AEGEAN_DISABLE_TRACING=1

         /\      Grafana   /‾‾/  
    /\  /  \     |\  __   /  /   
   /  \/    \    | |/ /  /   ‾‾\ 
  /          \   |   (  |  (‾)  |
 / __________ \  |_|\_\  \_____/ 

     execution: local
        script: workflow/social/k6_open_read_home_timeline.js
        output: -

     scenarios: (100.00%) 1 scenario, 10000 max VUs, 45s max duration (incl. graceful stop):
              * default: 100.00 iterations/s for 15s (maxVUs: 0-10000, gracefulStop: 30s)


running (01.0s), 00002/00007 VUs, 90 complete and 0 interrupted iterations
default   [   7% ] 00002/00007 VUs  01.0s/15s  100.00 iters/s

running (02.0s), 00002/00008 VUs, 189 complete and 0 interrupted iterations
default   [  13% ] 00002/00008 VUs  02.0s/15s  100.00 iters/s

running (03.0s), 00002/00008 VUs, 289 complete and 0 interrupted iterations
default   [  20% ] 00002/00008 VUs  03.0s/15s  100.00 iters/s

running (04.0s), 00002/00008 VUs, 389 complete and 0 interrupted iterations
default   [  27% ] 00002/00008 VUs  04.0s/15s  100.00 iters/s

running (05.0s), 00003/00008 VUs, 488 complete and 0 interrupted iterations
default   [  33% ] 00003/00008 VUs  05.0s/15s  100.00 iters/s

running (06.0s), 00003/00008 VUs, 588 complete and 0 interrupted iterations
default   [  40% ] 00003/00008 VUs  06.0s/15s  100.00 iters/s

running (07.0s), 00004/00009 VUs, 687 complete and 0 interrupted iterations
default   [  47% ] 00004/00009 VUs  07.0s/15s  100.00 iters/s

running (08.0s), 00004/00009 VUs, 787 complete and 0 interrupted iterations
default   [  53% ] 00004/00009 VUs  08.0s/15s  100.00 iters/s

running (09.0s), 00006/00009 VUs, 885 complete and 0 interrupted iterations
default   [  60% ] 00006/00009 VUs  09.0s/15s  100.00 iters/s

running (10.0s), 00005/00009 VUs, 985 complete and 0 interrupted iterations
default   [  67% ] 00005/00009 VUs  10.0s/15s  100.00 iters/s

running (11.0s), 00002/00009 VUs, 1088 complete and 0 interrupted iterations
default   [  73% ] 00003/00009 VUs  11.0s/15s  100.00 iters/s

running (12.0s), 00002/00009 VUs, 1188 complete and 0 interrupted iterations
default   [  80% ] 00002/00009 VUs  12.0s/15s  100.00 iters/s

running (13.0s), 00002/00009 VUs, 1288 complete and 0 interrupted iterations
default   [  87% ] 00003/00009 VUs  13.0s/15s  100.00 iters/s

running (14.0s), 00003/00009 VUs, 1388 complete and 0 interrupted iterations
default   [  93% ] 00003/00009 VUs  14.0s/15s  100.00 iters/s

running (15.0s), 00002/00009 VUs, 1488 complete and 0 interrupted iterations
default   [ 100% ] 00002/00009 VUs  15.0s/15s  100.00 iters/s


  █ TOTAL RESULTS 

    HTTP
    http_req_duration..............: avg=41.43ms min=10.29ms med=39.71ms max=81.01ms p(90)=63.05ms p(95)=66.42ms
      { expected_response:true }...: avg=41.43ms min=10.29ms med=39.71ms max=81.01ms p(90)=63.05ms p(95)=66.42ms
    http_req_failed................: 0.00%  0 out of 1491
    http_reqs......................: 1491   99.092286/s

    EXECUTION
    dropped_iterations.............: 10     0.664603/s
    iteration_duration.............: avg=41.57ms min=10.36ms med=39.86ms max=81.12ms p(90)=63.17ms p(95)=66.72ms
    iterations.....................: 1491   99.092286/s
    vus............................: 2      min=2         max=5
    vus_max........................: 9      min=7         max=9

    NETWORK
    data_received..................: 1.9 MB 123 kB/s
    data_sent......................: 336 kB 22 kB/s




running (15.0s), 00000/00009 VUs, 1491 complete and 0 interrupted iterations
default ✓ [ 100% ] 00000/00009 VUs  15s  100.00 iters/s
