
         /\      Grafana   /‾‾/  
    /\  /  \     |\  __   /  /   
   /  \/    \    | |/ /  /   ‾‾\ 
  /          \   |   (  |  (‾)  |
 / __________ \  |_|\_\  \_____/ 

     execution: local
        script: workflow/aegean/k6_open_client.js
        output: -

     scenarios: (100.00%) 1 scenario, 10000 max VUs, 45s max duration (incl. graceful stop):
              * default: 100.00 iterations/s for 15s (maxVUs: 0-10000, gracefulStop: 30s)


running (01.0s), 00003/00003 VUs, 94 complete and 0 interrupted iterations
default   [   7% ] 00003/00003 VUs  01.0s/15s  100.00 iters/s

running (02.0s), 00003/00003 VUs, 194 complete and 0 interrupted iterations
default   [  13% ] 00003/00003 VUs  02.0s/15s  100.00 iters/s

running (03.0s), 00002/00003 VUs, 294 complete and 0 interrupted iterations
default   [  20% ] 00002/00003 VUs  03.0s/15s  100.00 iters/s

running (04.0s), 00003/00003 VUs, 394 complete and 0 interrupted iterations
default   [  27% ] 00003/00003 VUs  04.0s/15s  100.00 iters/s

running (05.0s), 00003/00003 VUs, 494 complete and 0 interrupted iterations
default   [  33% ] 00003/00003 VUs  05.0s/15s  100.00 iters/s

running (06.0s), 00003/00003 VUs, 594 complete and 0 interrupted iterations
default   [  40% ] 00003/00003 VUs  06.0s/15s  100.00 iters/s

running (07.0s), 00003/00003 VUs, 694 complete and 0 interrupted iterations
default   [  47% ] 00003/00003 VUs  07.0s/15s  100.00 iters/s

running (08.0s), 00003/00003 VUs, 794 complete and 0 interrupted iterations
default   [  53% ] 00003/00003 VUs  08.0s/15s  100.00 iters/s

running (09.0s), 00003/00003 VUs, 894 complete and 0 interrupted iterations
default   [  60% ] 00003/00003 VUs  09.0s/15s  100.00 iters/s

running (10.0s), 00003/00003 VUs, 994 complete and 0 interrupted iterations
default   [  67% ] 00003/00003 VUs  10.0s/15s  100.00 iters/s

running (11.0s), 00003/00003 VUs, 1094 complete and 0 interrupted iterations
default   [  73% ] 00003/00003 VUs  11.0s/15s  100.00 iters/s

running (12.0s), 00003/00003 VUs, 1194 complete and 0 interrupted iterations
default   [  80% ] 00003/00003 VUs  12.0s/15s  100.00 iters/s

running (13.0s), 00003/00003 VUs, 1294 complete and 0 interrupted iterations
default   [  87% ] 00003/00003 VUs  13.0s/15s  100.00 iters/s

running (14.0s), 00003/00003 VUs, 1394 complete and 0 interrupted iterations
default   [  93% ] 00003/00003 VUs  14.0s/15s  100.00 iters/s

running (15.0s), 00002/00003 VUs, 1494 complete and 0 interrupted iterations
default   [ 100% ] 00002/00003 VUs  15s  100.00 iters/s


  █ TOTAL RESULTS 

    HTTP
    http_req_duration..............: avg=20.84ms min=17.76ms med=20.79ms max=24.68ms p(90)=22.09ms p(95)=22.75ms
      { expected_response:true }...: avg=20.84ms min=17.76ms med=20.79ms max=24.68ms p(90)=22.09ms p(95)=22.75ms
    http_req_failed................: 0.00% 0 out of 1497
    http_reqs......................: 1497  99.637679/s

    EXECUTION
    dropped_iterations.............: 4     0.266233/s
    iteration_duration.............: avg=24ms    min=19.53ms med=24.08ms max=28.27ms p(90)=25.45ms p(95)=26.26ms
    iterations.....................: 1497  99.637679/s
    vus............................: 3     min=2         max=3
    vus_max........................: 3     min=3         max=3

    NETWORK
    data_received..................: 75 MB 5.0 MB/s
    data_sent......................: 75 MB 5.0 MB/s




running (15.0s), 00000/00003 VUs, 1497 complete and 0 interrupted iterations
default ✓ [ 100% ] 00000/00003 VUs  15s  100.00 iters/s
