
         /\      Grafana   /‾‾/  
    /\  /  \     |\  __   /  /   
   /  \/    \    | |/ /  /   ‾‾\ 
  /          \   |   (  |  (‾)  |
 / __________ \  |_|\_\  \_____/ 

     execution: local
        script: workflow/response/k6_open_client.js
        output: -

     scenarios: (100.00%) 1 scenario, 100000 max VUs, 45s max duration (incl. graceful stop):
              * default: 6000.00 iterations/s for 15s (maxVUs: 6000-100000, gracefulStop: 30s)


running (00.8s), 000493/006000 VUs, 4084 complete and 0 interrupted iterations
default   [   5% ] 000493/006000 VUs  00.8s/15s  6000.00 iters/s

running (01.8s), 000003/006000 VUs, 10808 complete and 0 interrupted iterations
default   [  12% ] 000003/006000 VUs  01.8s/15s  6000.00 iters/s

running (02.8s), 000005/006000 VUs, 16806 complete and 0 interrupted iterations
default   [  19% ] 000005/006000 VUs  02.8s/15s  6000.00 iters/s

running (03.8s), 000004/006000 VUs, 22807 complete and 0 interrupted iterations
default   [  25% ] 000004/006000 VUs  03.8s/15s  6000.00 iters/s

running (04.8s), 000003/006000 VUs, 28807 complete and 0 interrupted iterations
default   [  32% ] 000003/006000 VUs  04.8s/15s  6000.00 iters/s

running (05.8s), 000012/006000 VUs, 34800 complete and 0 interrupted iterations
default   [  39% ] 000012/006000 VUs  05.8s/15s  6000.00 iters/s

running (06.8s), 000005/006000 VUs, 40806 complete and 0 interrupted iterations
default   [  45% ] 000005/006000 VUs  06.8s/15s  6000.00 iters/s

running (07.8s), 000005/006000 VUs, 46806 complete and 0 interrupted iterations
default   [  52% ] 000005/006000 VUs  07.8s/15s  6000.00 iters/s

running (08.8s), 000004/006000 VUs, 52807 complete and 0 interrupted iterations
default   [  59% ] 000004/006000 VUs  08.8s/15s  6000.00 iters/s

running (09.8s), 000005/006000 VUs, 58806 complete and 0 interrupted iterations
default   [  65% ] 000005/006000 VUs  09.8s/15s  6000.00 iters/s

running (10.8s), 000003/006000 VUs, 64807 complete and 0 interrupted iterations
default   [  72% ] 000003/006000 VUs  10.8s/15s  6000.00 iters/s

running (11.8s), 000004/006000 VUs, 70807 complete and 0 interrupted iterations
default   [  79% ] 000004/006000 VUs  11.8s/15s  6000.00 iters/s

running (12.8s), 000004/006000 VUs, 76807 complete and 0 interrupted iterations
default   [  85% ] 000004/006000 VUs  12.8s/15s  6000.00 iters/s

running (13.8s), 000004/006000 VUs, 82807 complete and 0 interrupted iterations
default   [  92% ] 000004/006000 VUs  13.8s/15s  6000.00 iters/s

running (14.8s), 000005/006000 VUs, 88806 complete and 0 interrupted iterations
default   [  99% ] 000005/006000 VUs  14.8s/15s  6000.00 iters/s


  █ TOTAL RESULTS 

    HTTP
    http_req_duration..............: avg=10.66ms min=368.8µs  med=611.38µs max=286.88ms p(90)=42.31ms p(95)=76.65ms
      { expected_response:true }...: avg=10.66ms min=368.8µs  med=611.38µs max=286.88ms p(90)=42.31ms p(95)=76.65ms
    http_req_failed................: 0.00% 0 out of 90002
    http_reqs......................: 90002 5995.194939/s

    EXECUTION
    iteration_duration.............: avg=11.76ms min=440.17µs med=687.24µs max=367.12ms p(90)=46.86ms p(95)=88.8ms 
    iterations.....................: 90002 5995.194939/s
    vus............................: 5     min=3          max=473 
    vus_max........................: 6000  min=6000       max=6000

    NETWORK
    data_received..................: 19 MB 1.3 MB/s
    data_sent......................: 18 MB 1.2 MB/s




running (15.0s), 000000/006000 VUs, 90002 complete and 0 interrupted iterations
default ✓ [ 100% ] 000000/006000 VUs  15s  6000.00 iters/s
