2026/04/24 07:54:54 telemetry disabled: AEGEAN_DISABLE_TRACING=1

         /\      Grafana   /‾‾/  
    /\  /  \     |\  __   /  /   
   /  \/    \    | |/ /  /   ‾‾\ 
  /          \   |   (  |  (‾)  |
 / __________ \  |_|\_\  \_____/ 

     execution: local
        script: workflow/social/k6_open_client.js
        output: -

     scenarios: (100.00%) 1 scenario, 10000 max VUs, 45s max duration (incl. graceful stop):
              * default: 200.00 iterations/s for 15s (maxVUs: 0-10000, gracefulStop: 30s)


running (01.0s), 00011/00022 VUs, 167 complete and 0 interrupted iterations
default   [   7% ] 00011/00022 VUs  01.0s/15s  200.00 iters/s

running (02.0s), 00011/00023 VUs, 365 complete and 0 interrupted iterations
default   [  13% ] 00012/00023 VUs  02.0s/15s  200.00 iters/s

running (03.0s), 00011/00023 VUs, 565 complete and 0 interrupted iterations
default   [  20% ] 00012/00023 VUs  03.0s/15s  200.00 iters/s

running (04.0s), 00014/00023 VUs, 762 complete and 0 interrupted iterations
default   [  27% ] 00015/00023 VUs  04.0s/15s  200.00 iters/s

running (05.0s), 00009/00023 VUs, 967 complete and 0 interrupted iterations
default   [  33% ] 00010/00023 VUs  05.0s/15s  200.00 iters/s

running (06.0s), 00010/00027 VUs, 1162 complete and 0 interrupted iterations
default   [  40% ] 00011/00027 VUs  06.0s/15s  200.00 iters/s

running (07.0s), 00019/00027 VUs, 1354 complete and 0 interrupted iterations
default   [  47% ] 00019/00027 VUs  07.0s/15s  200.00 iters/s

running (08.0s), 00015/00027 VUs, 1557 complete and 0 interrupted iterations
default   [  53% ] 00015/00027 VUs  08.0s/15s  200.00 iters/s

running (09.0s), 00012/00027 VUs, 1761 complete and 0 interrupted iterations
default   [  60% ] 00012/00027 VUs  09.0s/15s  200.00 iters/s

running (10.0s), 00019/00027 VUs, 1954 complete and 0 interrupted iterations
default   [  67% ] 00019/00027 VUs  10.0s/15s  200.00 iters/s

running (11.0s), 00015/00027 VUs, 2157 complete and 0 interrupted iterations
default   [  73% ] 00015/00027 VUs  11.0s/15s  200.00 iters/s

running (12.0s), 00019/00028 VUs, 2351 complete and 0 interrupted iterations
default   [  80% ] 00019/00028 VUs  12.0s/15s  200.00 iters/s

running (13.0s), 00014/00028 VUs, 2556 complete and 0 interrupted iterations
default   [  87% ] 00015/00028 VUs  13.0s/15s  200.00 iters/s

running (14.0s), 00012/00028 VUs, 2759 complete and 0 interrupted iterations
default   [  93% ] 00012/00028 VUs  14.0s/15s  200.00 iters/s

running (15.0s), 00027/00030 VUs, 2940 complete and 0 interrupted iterations
default   [ 100% ] 00027/00030 VUs  15s  200.00 iters/s


  █ TOTAL RESULTS 

    HTTP
    http_req_duration..............: avg=73.13ms min=30.17ms med=71.72ms max=168.75ms p(90)=97.91ms p(95)=102.92ms
      { expected_response:true }...: avg=73.13ms min=30.17ms med=71.72ms max=168.75ms p(90)=97.91ms p(95)=102.92ms
    http_req_failed................: 0.00%  0 out of 2967
    http_reqs......................: 2967   196.659428/s

    EXECUTION
    dropped_iterations.............: 34     2.253596/s
    iteration_duration.............: avg=73.21ms min=30.22ms med=71.81ms max=168.8ms  p(90)=97.99ms p(95)=103.02ms
    iterations.....................: 2967   196.659428/s
    vus............................: 27     min=10        max=27
    vus_max........................: 30     min=22        max=30

    NETWORK
    data_received..................: 602 kB 40 kB/s
    data_sent......................: 975 kB 65 kB/s




running (15.1s), 00000/00030 VUs, 2967 complete and 0 interrupted iterations
default ✓ [ 100% ] 00000/00030 VUs  15s  200.00 iters/s
