2026/04/24 06:56:42 telemetry disabled: AEGEAN_DISABLE_TRACING=1

         /\      Grafana   /‾‾/  
    /\  /  \     |\  __   /  /   
   /  \/    \    | |/ /  /   ‾‾\ 
  /          \   |   (  |  (‾)  |
 / __________ \  |_|\_\  \_____/ 

     execution: local
        script: workflow/hotel/k6_open_hotels_client.js
        output: -

     scenarios: (100.00%) 1 scenario, 10000 max VUs, 45s max duration (incl. graceful stop):
              * default: 200.00 iterations/s for 15s (maxVUs: 0-10000, gracefulStop: 30s)


running (01.0s), 00033/00034 VUs, 132 complete and 0 interrupted iterations
default   [   7% ] 00033/00034 VUs  01.0s/15s  200.00 iters/s

running (02.0s), 00052/00056 VUs, 292 complete and 0 interrupted iterations
default   [  13% ] 00052/00056 VUs  02.0s/15s  200.00 iters/s

running (03.0s), 00074/00077 VUs, 448 complete and 0 interrupted iterations
default   [  20% ] 00074/00077 VUs  03.0s/15s  200.00 iters/s

running (04.0s), 00100/00100 VUs, 599 complete and 0 interrupted iterations
default   [  27% ] 00100/00100 VUs  04.0s/15s  200.00 iters/s

running (05.0s), 00128/00129 VUs, 742 complete and 0 interrupted iterations
default   [  33% ] 00128/00129 VUs  05.0s/15s  200.00 iters/s

running (06.0s), 00148/00153 VUs, 898 complete and 0 interrupted iterations
default   [  40% ] 00148/00153 VUs  06.0s/15s  200.00 iters/s

running (07.0s), 00171/00176 VUs, 1051 complete and 0 interrupted iterations
default   [  47% ] 00171/00176 VUs  07.0s/15s  200.00 iters/s

running (08.0s), 00197/00199 VUs, 1202 complete and 0 interrupted iterations
default   [  53% ] 00197/00199 VUs  08.0s/15s  200.00 iters/s

running (09.0s), 00219/00220 VUs, 1360 complete and 0 interrupted iterations
default   [  60% ] 00219/00220 VUs  09.0s/15s  200.00 iters/s

running (10.0s), 00241/00245 VUs, 1511 complete and 0 interrupted iterations
default   [  67% ] 00241/00245 VUs  10.0s/15s  200.00 iters/s

running (11.0s), 00266/00271 VUs, 1661 complete and 0 interrupted iterations
default   [  73% ] 00266/00271 VUs  11.0s/15s  200.00 iters/s

running (12.0s), 00288/00292 VUs, 1817 complete and 0 interrupted iterations
default   [  80% ] 00288/00292 VUs  12.0s/15s  200.00 iters/s

running (13.0s), 00310/00311 VUs, 1977 complete and 0 interrupted iterations
default   [  87% ] 00310/00311 VUs  13.0s/15s  200.00 iters/s

running (14.0s), 00332/00333 VUs, 2132 complete and 0 interrupted iterations
default   [  93% ] 00332/00333 VUs  14.0s/15s  200.00 iters/s

running (15.0s), 00357/00358 VUs, 2281 complete and 0 interrupted iterations
default   [ 100% ] 00357/00358 VUs  15s  200.00 iters/s

running (16.0s), 00203/00358 VUs, 2436 complete and 0 interrupted iterations
default ↓ [ 100% ] 00358/00358 VUs  15s  200.00 iters/s

running (17.0s), 00051/00358 VUs, 2588 complete and 0 interrupted iterations
default ↓ [ 100% ] 00358/00358 VUs  15s  200.00 iters/s


  █ TOTAL RESULTS 

    HTTP
    http_req_duration..............: avg=1.19s min=36.52ms med=1.16s max=2.35s p(90)=2.1s p(95)=2.21s
      { expected_response:true }...: avg=1.19s min=36.52ms med=1.16s max=2.35s p(90)=2.1s p(95)=2.21s
    http_req_failed................: 0.00%  0 out of 2639
    http_reqs......................: 2639   152.264664/s

    EXECUTION
    dropped_iterations.............: 362    20.886627/s
    iteration_duration.............: avg=1.19s min=36.82ms med=1.16s max=2.35s p(90)=2.1s p(95)=2.21s
    iterations.....................: 2639   152.264664/s
    vus............................: 51     min=34        max=357
    vus_max........................: 358    min=34        max=358

    NETWORK
    data_received..................: 698 kB 40 kB/s
    data_sent......................: 865 kB 50 kB/s




running (17.3s), 00000/00358 VUs, 2639 complete and 0 interrupted iterations
default ✓ [ 100% ] 00000/00358 VUs  15s  200.00 iters/s
