2026/04/30 20:23:55 telemetry disabled: AEGEAN_DISABLE_TRACING=1

         /\      Grafana   /‾‾/  
    /\  /  \     |\  __   /  /   
   /  \/    \    | |/ /  /   ‾‾\ 
  /          \   |   (  |  (‾)  |
 / __________ \  |_|\_\  \_____/ 

     execution: local
        script: workflow/aegean/k6_open_client.js
        output: -

     scenarios: (100.00%) 1 scenario, 10000 max VUs, 45s max duration (incl. graceful stop):
              * default: 150.00 iterations/s for 15s (maxVUs: 0-10000, gracefulStop: 30s)


running (01.0s), 00006/00016 VUs, 127 complete and 0 interrupted iterations
default   [   7% ] 00007/00016 VUs  01.0s/15s  150.00 iters/s

running (02.0s), 00009/00017 VUs, 273 complete and 0 interrupted iterations
default   [  13% ] 00010/00017 VUs  02.0s/15s  150.00 iters/s

running (03.0s), 00011/00017 VUs, 422 complete and 0 interrupted iterations
default   [  20% ] 00011/00017 VUs  03.0s/15s  150.00 iters/s

running (04.0s), 00013/00017 VUs, 570 complete and 0 interrupted iterations
default   [  27% ] 00013/00017 VUs  04.0s/15s  150.00 iters/s

running (05.0s), 00015/00017 VUs, 718 complete and 0 interrupted iterations
default   [  33% ] 00015/00017 VUs  05.0s/15s  150.00 iters/s

running (06.0s), 00011/00017 VUs, 871 complete and 0 interrupted iterations
default   [  40% ] 00011/00017 VUs  06.0s/15s  150.00 iters/s

running (07.0s), 00009/00017 VUs, 1024 complete and 0 interrupted iterations
default   [  47% ] 00009/00017 VUs  07.0s/15s  150.00 iters/s

running (08.0s), 00007/00017 VUs, 1176 complete and 0 interrupted iterations
default   [  53% ] 00007/00017 VUs  08.0s/15s  150.00 iters/s

running (09.0s), 00009/00017 VUs, 1324 complete and 0 interrupted iterations
default   [  60% ] 00009/00017 VUs  09.0s/15s  150.00 iters/s

running (10.0s), 00010/00017 VUs, 1473 complete and 0 interrupted iterations
default   [  67% ] 00010/00017 VUs  10.0s/15s  150.00 iters/s

running (11.0s), 00007/00017 VUs, 1626 complete and 0 interrupted iterations
default   [  73% ] 00007/00017 VUs  11.0s/15s  150.00 iters/s

running (12.0s), 00013/00017 VUs, 1770 complete and 0 interrupted iterations
default   [  80% ] 00013/00017 VUs  12.0s/15s  150.00 iters/s

running (13.0s), 00015/00017 VUs, 1918 complete and 0 interrupted iterations
default   [  87% ] 00015/00017 VUs  13.0s/15s  150.00 iters/s

running (14.0s), 00006/00017 VUs, 2076 complete and 0 interrupted iterations
default   [  93% ] 00006/00017 VUs  14.0s/15s  150.00 iters/s

running (15.0s), 00012/00017 VUs, 2221 complete and 0 interrupted iterations
default   [ 100% ] 00012/00017 VUs  15s  150.00 iters/s


  █ TOTAL RESULTS 

    HTTP
    http_req_duration..............: avg=66.51ms min=29.44ms med=65.01ms max=109.77ms p(90)=91.49ms p(95)=95.63ms
      { expected_response:true }...: avg=66.51ms min=29.44ms med=65.01ms max=109.77ms p(90)=91.49ms p(95)=95.63ms
    http_req_failed................: 0.00%  0 out of 2233
    http_reqs......................: 2233   148.125463/s

    EXECUTION
    dropped_iterations.............: 18     1.194025/s
    iteration_duration.............: avg=66.6ms  min=29.5ms  med=65.12ms max=109.85ms p(90)=91.57ms p(95)=95.72ms
    iterations.....................: 2233   148.125463/s
    vus............................: 12     min=6         max=15
    vus_max........................: 17     min=16        max=17

    NETWORK
    data_received..................: 663 kB 44 kB/s
    data_sent......................: 832 kB 55 kB/s




running (15.1s), 00000/00017 VUs, 2233 complete and 0 interrupted iterations
default ✓ [ 100% ] 00000/00017 VUs  15s  150.00 iters/s
