2026/03/27 05:46:56 telemetry disabled: AEGEAN_DISABLE_TRACING=1

         /\      Grafana   /‾‾/  
    /\  /  \     |\  __   /  /   
   /  \/    \    | |/ /  /   ‾‾\ 
  /          \   |   (  |  (‾)  |
 / __________ \  |_|\_\  \_____/ 

     execution: local
        script: workflow/aegean/k6_closed_client.js
        output: -

     scenarios: (100.00%) 1 scenario, 200 max VUs, 45s max duration (incl. graceful stop):
              * default: 200 looping VUs for 15s (gracefulStop: 30s)


running (01.0s), 200/200 VUs, 120 complete and 0 interrupted iterations
default   [   7% ] 200 VUs  01.0s/15s

running (02.0s), 200/200 VUs, 280 complete and 0 interrupted iterations
default   [  13% ] 200 VUs  02.0s/15s

running (03.0s), 200/200 VUs, 403 complete and 0 interrupted iterations
default   [  20% ] 200 VUs  03.0s/15s

running (04.0s), 200/200 VUs, 560 complete and 0 interrupted iterations
default   [  27% ] 200 VUs  04.0s/15s

running (05.0s), 200/200 VUs, 720 complete and 0 interrupted iterations
default   [  33% ] 200 VUs  05.0s/15s

running (06.0s), 200/200 VUs, 880 complete and 0 interrupted iterations
default   [  40% ] 200 VUs  06.0s/15s

running (07.0s), 200/200 VUs, 1000 complete and 0 interrupted iterations
default   [  47% ] 200 VUs  07.0s/15s

running (08.0s), 200/200 VUs, 1160 complete and 0 interrupted iterations
default   [  53% ] 200 VUs  08.0s/15s

running (09.0s), 200/200 VUs, 1320 complete and 0 interrupted iterations
default   [  60% ] 200 VUs  09.0s/15s

running (10.0s), 200/200 VUs, 1480 complete and 0 interrupted iterations
default   [  67% ] 200 VUs  10.0s/15s

running (11.0s), 200/200 VUs, 1600 complete and 0 interrupted iterations
default   [  73% ] 200 VUs  11.0s/15s

running (12.0s), 200/200 VUs, 1760 complete and 0 interrupted iterations
default   [  80% ] 200 VUs  12.0s/15s

running (13.0s), 200/200 VUs, 1920 complete and 0 interrupted iterations
default   [  87% ] 200 VUs  13.0s/15s

running (14.0s), 200/200 VUs, 2080 complete and 0 interrupted iterations
default   [  93% ] 200 VUs  14.0s/15s

running (15.0s), 200/200 VUs, 2200 complete and 0 interrupted iterations
default   [ 100% ] 200 VUs  15.0s/15s

running (16.0s), 040/200 VUs, 2360 complete and 0 interrupted iterations
default ↓ [ 100% ] 200 VUs  15s


  █ TOTAL RESULTS 

    HTTP
    http_req_duration..............: avg=1.29s min=280.06ms med=1.33s max=1.37s p(90)=1.36s p(95)=1.36s
      { expected_response:true }...: avg=1.29s min=280.06ms med=1.33s max=1.37s p(90)=1.36s p(95)=1.36s
    http_req_failed................: 0.00%  0 out of 2400
    http_reqs......................: 2400   149.280496/s

    EXECUTION
    iteration_duration.............: avg=1.29s min=281.03ms med=1.33s max=1.37s p(90)=1.36s p(95)=1.36s
    iterations.....................: 2400   149.280496/s
    vus............................: 40     min=40        max=200
    vus_max........................: 200    min=200       max=200

    NETWORK
    data_received..................: 713 kB 44 kB/s
    data_sent......................: 894 kB 56 kB/s




running (16.1s), 000/200 VUs, 2400 complete and 0 interrupted iterations
default ✓ [ 100% ] 200 VUs  15s
