
         /\      Grafana   /‾‾/  
    /\  /  \     |\  __   /  /   
   /  \/    \    | |/ /  /   ‾‾\ 
  /          \   |   (  |  (‾)  |
 / __________ \  |_|\_\  \_____/ 

     execution: local
        script: workflow/response/k6_open_client.js
        output: -

     scenarios: (100.00%) 1 scenario, 100000 max VUs, 45s max duration (incl. graceful stop):
              * default: 6000.00 iterations/s for 15s (maxVUs: 6000-100000, gracefulStop: 30s)


running (00.8s), 001311/006000 VUs, 2893 complete and 0 interrupted iterations
default   [   5% ] 001311/006000 VUs  00.8s/15s  6000.00 iters/s

running (01.8s), 003696/006000 VUs, 7156 complete and 0 interrupted iterations
default   [  12% ] 003696/006000 VUs  01.8s/15s  6000.00 iters/s

running (02.8s), 003385/006000 VUs, 13470 complete and 0 interrupted iterations
default   [  19% ] 003385/006000 VUs  02.8s/15s  6000.00 iters/s

running (03.8s), 003785/006000 VUs, 19066 complete and 0 interrupted iterations
default   [  25% ] 003785/006000 VUs  03.8s/15s  6000.00 iters/s

running (04.8s), 004018/006000 VUs, 24833 complete and 0 interrupted iterations
default   [  32% ] 004018/006000 VUs  04.8s/15s  6000.00 iters/s

running (05.8s), 004319/006000 VUs, 30532 complete and 0 interrupted iterations
default   [  39% ] 004319/006000 VUs  05.8s/15s  6000.00 iters/s

running (06.8s), 004538/006000 VUs, 36313 complete and 0 interrupted iterations
default   [  45% ] 004538/006000 VUs  06.8s/15s  6000.00 iters/s

running (07.8s), 004988/006000 VUs, 41867 complete and 0 interrupted iterations
default   [  52% ] 004988/006000 VUs  07.8s/15s  6000.00 iters/s

running (08.8s), 004937/006000 VUs, 47912 complete and 0 interrupted iterations
default   [  59% ] 004938/006000 VUs  08.8s/15s  6000.00 iters/s

running (09.8s), 004959/006000 VUs, 53892 complete and 0 interrupted iterations
default   [  65% ] 004960/006000 VUs  09.8s/15s  6000.00 iters/s

running (10.8s), 004862/006000 VUs, 59989 complete and 0 interrupted iterations
default   [  72% ] 004862/006000 VUs  10.8s/15s  6000.00 iters/s

running (11.8s), 004941/006000 VUs, 65910 complete and 0 interrupted iterations
default   [  79% ] 004941/006000 VUs  11.8s/15s  6000.00 iters/s

running (12.8s), 004883/006000 VUs, 71966 complete and 0 interrupted iterations
default   [  85% ] 004883/006000 VUs  12.8s/15s  6000.00 iters/s

running (13.8s), 004797/006000 VUs, 78055 complete and 0 interrupted iterations
default   [  92% ] 004796/006000 VUs  13.8s/15s  6000.00 iters/s

running (14.8s), 004658/006000 VUs, 84191 complete and 0 interrupted iterations
default   [  99% ] 004658/006000 VUs  14.8s/15s  6000.00 iters/s


  █ TOTAL RESULTS 

    HTTP
    http_req_duration..............: avg=716.31ms min=3.07ms  med=779.8ms  max=865.66ms p(90)=830.48ms p(95)=835.11ms
      { expected_response:true }...: avg=716.31ms min=3.07ms  med=779.8ms  max=865.66ms p(90)=830.48ms p(95)=835.11ms
    http_req_failed................: 0.00% 0 out of 90001
    http_reqs......................: 90001 5718.121377/s

    EXECUTION
    iteration_duration.............: avg=719.97ms min=14.34ms med=779.93ms max=891.53ms p(90)=830.57ms p(95)=835.19ms
    iterations.....................: 90001 5718.121377/s
    vus............................: 4664  min=1312       max=4983
    vus_max........................: 6000  min=6000       max=6000

    NETWORK
    data_received..................: 22 MB 1.4 MB/s
    data_sent......................: 18 MB 1.1 MB/s




running (15.7s), 000000/006000 VUs, 90001 complete and 0 interrupted iterations
default ✓ [ 100% ] 000000/006000 VUs  15s  6000.00 iters/s
