2026/04/24 06:58:41 telemetry disabled: AEGEAN_DISABLE_TRACING=1

         /\      Grafana   /‾‾/  
    /\  /  \     |\  __   /  /   
   /  \/    \    | |/ /  /   ‾‾\ 
  /          \   |   (  |  (‾)  |
 / __________ \  |_|\_\  \_____/ 

     execution: local
        script: workflow/hotel/k6_open_hotels_client.js
        output: -

     scenarios: (100.00%) 1 scenario, 10000 max VUs, 45s max duration (incl. graceful stop):
              * default: 400.00 iterations/s for 15s (maxVUs: 0-10000, gracefulStop: 30s)


running (01.0s), 00118/00123 VUs, 151 complete and 0 interrupted iterations
default   [   7% ] 00118/00123 VUs  01.0s/15s  400.00 iters/s

running (02.0s), 00221/00233 VUs, 328 complete and 0 interrupted iterations
default   [  13% ] 00222/00233 VUs  02.0s/15s  400.00 iters/s

running (03.0s), 00324/00324 VUs, 530 complete and 0 interrupted iterations
default   [  20% ] 00324/00324 VUs  03.0s/15s  400.00 iters/s

running (04.0s), 00425/00426 VUs, 728 complete and 0 interrupted iterations
default   [  27% ] 00425/00426 VUs  04.0s/15s  400.00 iters/s

running (05.0s), 00535/00536 VUs, 863 complete and 0 interrupted iterations
default   [  33% ] 00535/00536 VUs  05.0s/15s  400.00 iters/s

running (06.0s), 00637/00643 VUs, 1052 complete and 0 interrupted iterations
default   [  40% ] 00637/00643 VUs  06.0s/15s  400.00 iters/s

running (07.0s), 00739/00741 VUs, 1239 complete and 0 interrupted iterations
default   [  47% ] 00739/00741 VUs  07.0s/15s  400.00 iters/s

running (08.0s), 00834/00837 VUs, 1445 complete and 0 interrupted iterations
default   [  53% ] 00834/00837 VUs  08.0s/15s  400.00 iters/s

running (09.0s), 00931/00931 VUs, 1631 complete and 0 interrupted iterations
default   [  60% ] 00931/00931 VUs  09.0s/15s  400.00 iters/s

running (10.0s), 01026/01027 VUs, 1837 complete and 0 interrupted iterations
default   [  67% ] 01026/01027 VUs  10.0s/15s  400.00 iters/s

running (11.0s), 01127/01127 VUs, 2028 complete and 0 interrupted iterations
default   [  73% ] 01127/01127 VUs  11.0s/15s  400.00 iters/s

running (12.0s), 01218/01218 VUs, 2245 complete and 0 interrupted iterations
default   [  80% ] 01218/01218 VUs  12.0s/15s  400.00 iters/s

running (13.0s), 01310/01313 VUs, 2456 complete and 0 interrupted iterations
default   [  87% ] 01310/01313 VUs  13.0s/15s  400.00 iters/s

running (14.0s), 01402/01406 VUs, 2666 complete and 0 interrupted iterations
default   [  93% ] 01402/01406 VUs  14.0s/15s  400.00 iters/s

running (15.0s), 01508/01508 VUs, 2847 complete and 0 interrupted iterations
default   [ 100% ] 01508/01508 VUs  15s  400.00 iters/s

running (16.0s), 01297/01509 VUs, 3058 complete and 0 interrupted iterations
default ↓ [ 100% ] 01508/01508 VUs  15s  400.00 iters/s

running (17.0s), 01094/01509 VUs, 3261 complete and 0 interrupted iterations
default ↓ [ 100% ] 01508/01508 VUs  15s  400.00 iters/s

running (18.0s), 00885/01509 VUs, 3470 complete and 0 interrupted iterations
default ↓ [ 100% ] 01508/01508 VUs  15s  400.00 iters/s

running (19.0s), 00668/01509 VUs, 3687 complete and 0 interrupted iterations
default ↓ [ 100% ] 01508/01508 VUs  15s  400.00 iters/s
2026/04/24 06:59:28 hotel k6 open hotels client timed out after 20s
