2026/05/05 06:06:43 telemetry disabled: AEGEAN_DISABLE_TRACING=1

         /\      Grafana   /‾‾/  
    /\  /  \     |\  __   /  /   
   /  \/    \    | |/ /  /   ‾‾\ 
  /          \   |   (  |  (‾)  |
 / __________ \  |_|\_\  \_____/ 

     execution: local
        script: workflow/aegean/k6_open_client.js
        output: -

     scenarios: (100.00%) 1 scenario, 10000 max VUs, 45s max duration (incl. graceful stop):
              * default: 700.00 iterations/s for 15s (maxVUs: 0-10000, gracefulStop: 30s)


running (01.0s), 00157/00157 VUs, 333 complete and 0 interrupted iterations
default   [   7% ] 00157/00157 VUs  01.0s/15s  700.00 iters/s

running (02.0s), 00275/00280 VUs, 752 complete and 0 interrupted iterations
default   [  13% ] 00275/00280 VUs  02.0s/15s  700.00 iters/s

running (03.0s), 00410/00411 VUs, 1143 complete and 0 interrupted iterations
default   [  20% ] 00410/00411 VUs  03.0s/15s  700.00 iters/s

running (04.0s), 00529/00546 VUs, 1544 complete and 0 interrupted iterations
default   [  27% ] 00529/00546 VUs  04.0s/15s  700.00 iters/s

running (05.0s), 00670/00671 VUs, 1941 complete and 0 interrupted iterations
default   [  33% ] 00670/00671 VUs  05.0s/15s  700.00 iters/s

running (06.0s), 00777/00791 VUs, 2378 complete and 0 interrupted iterations
default   [  40% ] 00777/00791 VUs  06.0s/15s  700.00 iters/s

running (07.0s), 00913/00913 VUs, 2759 complete and 0 interrupted iterations
default   [  47% ] 00913/00913 VUs  07.0s/15s  700.00 iters/s

running (08.0s), 01020/01044 VUs, 3164 complete and 0 interrupted iterations
default   [  53% ] 01020/01044 VUs  08.0s/15s  700.00 iters/s

running (09.0s), 01162/01168 VUs, 3567 complete and 0 interrupted iterations
default   [  60% ] 01162/01168 VUs  09.0s/15s  700.00 iters/s

running (10.0s), 01288/01304 VUs, 3957 complete and 0 interrupted iterations
default   [  67% ] 01288/01304 VUs  10.0s/15s  700.00 iters/s

running (11.0s), 01418/01430 VUs, 4359 complete and 0 interrupted iterations
default   [  73% ] 01418/01430 VUs  11.0s/15s  700.00 iters/s

running (12.0s), 01547/01550 VUs, 4767 complete and 0 interrupted iterations
default   [  80% ] 01547/01550 VUs  12.0s/15s  700.00 iters/s

running (13.0s), 01670/01670 VUs, 5179 complete and 0 interrupted iterations
default   [  87% ] 01670/01670 VUs  13.0s/15s  700.00 iters/s

running (14.0s), 01794/01795 VUs, 5584 complete and 0 interrupted iterations
default   [  93% ] 01794/01795 VUs  14.0s/15s  700.00 iters/s

running (15.0s), 01924/01924 VUs, 5979 complete and 0 interrupted iterations
default   [ 100% ] 01924/01924 VUs  15s  700.00 iters/s

running (16.0s), 01544/01925 VUs, 6359 complete and 0 interrupted iterations
default ↓ [ 100% ] 01924/01924 VUs  15s  700.00 iters/s

running (17.0s), 01141/01925 VUs, 6762 complete and 0 interrupted iterations
default ↓ [ 100% ] 01924/01924 VUs  15s  700.00 iters/s

running (18.0s), 00744/01925 VUs, 7159 complete and 0 interrupted iterations
default ↓ [ 100% ] 01924/01924 VUs  15s  700.00 iters/s

running (19.0s), 00319/01925 VUs, 7584 complete and 0 interrupted iterations
default ↓ [ 100% ] 01924/01924 VUs  15s  700.00 iters/s


  █ TOTAL RESULTS 

    HTTP
    http_req_duration..............: avg=2.43s min=45.02ms med=2.45s max=4.82s p(90)=4.39s p(95)=4.57s
      { expected_response:true }...: avg=2.43s min=45.02ms med=2.45s max=4.82s p(90)=4.39s p(95)=4.57s
    http_req_failed................: 0.00%  0 out of 7903
    http_reqs......................: 7903   399.157269/s

    EXECUTION
    dropped_iterations.............: 2598   131.217333/s
    iteration_duration.............: avg=2.43s min=45.2ms  med=2.45s max=4.82s p(90)=4.39s p(95)=4.57s
    iterations.....................: 7903   399.157269/s
    vus............................: 319    min=157       max=1924
    vus_max........................: 1925   min=157       max=1925

    NETWORK
    data_received..................: 2.6 MB 131 kB/s
    data_sent......................: 2.9 MB 149 kB/s




running (19.8s), 00000/01925 VUs, 7903 complete and 0 interrupted iterations
default ✓ [ 100% ] 00000/01925 VUs  15s  700.00 iters/s
