2026/04/24 07:44:54 telemetry disabled: AEGEAN_DISABLE_TRACING=1

         /\      Grafana   /‾‾/  
    /\  /  \     |\  __   /  /   
   /  \/    \    | |/ /  /   ‾‾\ 
  /          \   |   (  |  (‾)  |
 / __________ \  |_|\_\  \_____/ 

     execution: local
        script: workflow/external_srv/k6_open_client.js
        output: -

     scenarios: (100.00%) 1 scenario, 10000 max VUs, 45s max duration (incl. graceful stop):
              * default: 400.00 iterations/s for 15s (maxVUs: 0-10000, gracefulStop: 30s)


running (01.0s), 00011/00022 VUs, 367 complete and 0 interrupted iterations
default   [   7% ] 00011/00022 VUs  01.0s/15s  400.00 iters/s

running (02.0s), 00009/00022 VUs, 768 complete and 0 interrupted iterations
default   [  13% ] 00009/00022 VUs  02.0s/15s  400.00 iters/s

running (03.0s), 00020/00025 VUs, 1155 complete and 0 interrupted iterations
default   [  20% ] 00020/00025 VUs  03.0s/15s  400.00 iters/s

running (04.0s), 00020/00025 VUs, 1555 complete and 0 interrupted iterations
default   [  27% ] 00020/00025 VUs  04.0s/15s  400.00 iters/s

running (05.0s), 00019/00025 VUs, 1955 complete and 0 interrupted iterations
default   [  33% ] 00019/00025 VUs  05.0s/15s  400.00 iters/s

running (06.0s), 00010/00025 VUs, 2364 complete and 0 interrupted iterations
default   [  40% ] 00010/00025 VUs  06.0s/15s  400.00 iters/s

running (07.0s), 00009/00025 VUs, 2765 complete and 0 interrupted iterations
default   [  47% ] 00009/00025 VUs  07.0s/15s  400.00 iters/s

running (08.0s), 00010/00025 VUs, 3164 complete and 0 interrupted iterations
default   [  53% ] 00010/00025 VUs  08.0s/15s  400.00 iters/s

running (09.0s), 00003/00025 VUs, 3571 complete and 0 interrupted iterations
default   [  60% ] 00003/00025 VUs  09.0s/15s  400.00 iters/s

running (10.0s), 00005/00025 VUs, 3970 complete and 0 interrupted iterations
default   [  67% ] 00005/00025 VUs  10.0s/15s  400.00 iters/s

running (11.0s), 00025/00027 VUs, 4345 complete and 0 interrupted iterations
default   [  73% ] 00025/00027 VUs  11.0s/15s  400.00 iters/s

running (12.0s), 00005/00033 VUs, 4756 complete and 0 interrupted iterations
default   [  80% ] 00005/00033 VUs  12.0s/15s  400.00 iters/s

running (13.0s), 00020/00034 VUs, 5140 complete and 0 interrupted iterations
default   [  87% ] 00020/00034 VUs  13.0s/15s  400.00 iters/s

running (14.0s), 00005/00034 VUs, 5554 complete and 0 interrupted iterations
default   [  93% ] 00006/00034 VUs  14.0s/15s  400.00 iters/s

running (15.0s), 00006/00034 VUs, 5953 complete and 0 interrupted iterations
default ↓ [ 100% ] 00006/00034 VUs  15s  400.00 iters/s


  █ TOTAL RESULTS 

    HTTP
    http_req_duration..............: avg=25.58ms min=4.69ms med=22.88ms max=95.53ms p(90)=45.3ms  p(95)=49.54ms
      { expected_response:true }...: avg=25.58ms min=4.69ms med=22.88ms max=95.53ms p(90)=45.3ms  p(95)=49.54ms
    http_req_failed................: 0.00%  0 out of 5959
    http_reqs......................: 5959   396.981186/s

    EXECUTION
    dropped_iterations.............: 41     2.731369/s
    iteration_duration.............: avg=25.65ms min=4.74ms med=22.95ms max=95.6ms  p(90)=45.38ms p(95)=49.61ms
    iterations.....................: 5959   396.981186/s
    vus............................: 6      min=4         max=26
    vus_max........................: 34     min=22        max=34

    NETWORK
    data_received..................: 1.5 MB 98 kB/s
    data_sent......................: 1.2 MB 80 kB/s




running (15.0s), 00000/00034 VUs, 5959 complete and 0 interrupted iterations
default ✓ [ 100% ] 00000/00034 VUs  15s  400.00 iters/s
