2026/04/24 07:51:11 telemetry disabled: AEGEAN_DISABLE_TRACING=1

         /\      Grafana   /‾‾/  
    /\  /  \     |\  __   /  /   
   /  \/    \    | |/ /  /   ‾‾\ 
  /          \   |   (  |  (‾)  |
 / __________ \  |_|\_\  \_____/ 

     execution: local
        script: workflow/req_race/k6_open_client.js
        output: -

     scenarios: (100.00%) 1 scenario, 10000 max VUs, 45s max duration (incl. graceful stop):
              * default: 1600.00 iterations/s for 15s (maxVUs: 0-10000, gracefulStop: 30s)


running (01.0s), 00350/00351 VUs, 451 complete and 0 interrupted iterations
default   [   7% ] 00350/00351 VUs  01.0s/15s  1600.00 iters/s

running (02.0s), 00630/00631 VUs, 1105 complete and 0 interrupted iterations
default   [  13% ] 00630/00631 VUs  02.0s/15s  1600.00 iters/s

running (03.0s), 00902/00902 VUs, 1778 complete and 0 interrupted iterations
default   [  20% ] 00902/00902 VUs  03.0s/15s  1600.00 iters/s

running (04.0s), 01175/01175 VUs, 2426 complete and 0 interrupted iterations
default   [  27% ] 01175/01175 VUs  04.0s/15s  1600.00 iters/s

running (05.0s), 01464/01466 VUs, 3056 complete and 0 interrupted iterations
default   [  33% ] 01464/01466 VUs  05.0s/15s  1600.00 iters/s

running (06.0s), 01742/01766 VUs, 3646 complete and 0 interrupted iterations
default   [  40% ] 01743/01766 VUs  06.0s/15s  1600.00 iters/s

running (07.0s), 02063/02063 VUs, 4260 complete and 0 interrupted iterations
default   [  47% ] 02063/02063 VUs  07.0s/15s  1600.00 iters/s

running (08.0s), 02307/02314 VUs, 4823 complete and 0 interrupted iterations
default   [  53% ] 02307/02314 VUs  08.0s/15s  1600.00 iters/s

running (09.0s), 02556/02556 VUs, 5319 complete and 0 interrupted iterations
default   [  60% ] 02556/02556 VUs  09.0s/15s  1600.00 iters/s

running (10.0s), 02825/02825 VUs, 5905 complete and 0 interrupted iterations
default   [  67% ] 02825/02825 VUs  10.0s/15s  1600.00 iters/s

running (11.0s), 03082/03089 VUs, 6438 complete and 0 interrupted iterations
default   [  73% ] 03082/03089 VUs  11.0s/15s  1600.00 iters/s

running (12.0s), 03324/03324 VUs, 6851 complete and 0 interrupted iterations
default   [  80% ] 03324/03324 VUs  12.0s/15s  1600.00 iters/s

running (13.0s), 03791/03791 VUs, 6851 complete and 0 interrupted iterations
default   [  87% ] 03791/03791 VUs  13.0s/15s  1600.00 iters/s

running (14.0s), 04229/04230 VUs, 6851 complete and 0 interrupted iterations
default   [  93% ] 04229/04230 VUs  14.0s/15s  1600.00 iters/s

running (15.0s), 04563/04564 VUs, 6851 complete and 0 interrupted iterations
default ↓ [ 100% ] 04563/04564 VUs  15s  1600.00 iters/s

running (16.0s), 04563/04564 VUs, 6851 complete and 0 interrupted iterations
default ↓ [ 100% ] 04563/04564 VUs  15s  1600.00 iters/s

running (17.0s), 04563/04564 VUs, 6851 complete and 0 interrupted iterations
default ↓ [ 100% ] 04563/04564 VUs  15s  1600.00 iters/s

running (18.0s), 04563/04564 VUs, 6851 complete and 0 interrupted iterations
default ↓ [ 100% ] 04563/04564 VUs  15s  1600.00 iters/s

running (19.0s), 04563/04564 VUs, 6851 complete and 0 interrupted iterations
default ↓ [ 100% ] 04563/04564 VUs  15s  1600.00 iters/s
2026/04/24 07:51:45 k6 open client request logic timed out after 20s
