
         /\      Grafana   /‾‾/  
    /\  /  \     |\  __   /  /   
   /  \/    \    | |/ /  /   ‾‾\ 
  /          \   |   (  |  (‾)  |
 / __________ \  |_|\_\  \_____/ 

     execution: local
        script: workflow/aegean/k6_open_client.js
        output: -

     scenarios: (100.00%) 1 scenario, 10000 max VUs, 45s max duration (incl. graceful stop):
              * default: 400.00 iterations/s for 15s (maxVUs: 0-10000, gracefulStop: 30s)


running (01.0s), 00166/00167 VUs, 65 complete and 0 interrupted iterations
default   [   7% ] 00166/00167 VUs  01.0s/15s  400.00 iters/s

running (02.0s), 00309/00309 VUs, 172 complete and 0 interrupted iterations
default   [  13% ] 00309/00309 VUs  02.0s/15s  400.00 iters/s

running (03.0s), 00454/00454 VUs, 282 complete and 0 interrupted iterations
default   [  20% ] 00454/00454 VUs  03.0s/15s  400.00 iters/s

running (04.0s), 00610/00611 VUs, 365 complete and 0 interrupted iterations
default   [  27% ] 00610/00611 VUs  04.0s/15s  400.00 iters/s

running (05.0s), 00736/00743 VUs, 505 complete and 0 interrupted iterations
default   [  33% ] 00736/00743 VUs  05.0s/15s  400.00 iters/s

running (06.0s), 00888/00888 VUs, 607 complete and 0 interrupted iterations
default   [  40% ] 00888/00888 VUs  06.0s/15s  400.00 iters/s

running (07.0s), 01037/01038 VUs, 708 complete and 0 interrupted iterations
default   [  47% ] 01037/01038 VUs  07.0s/15s  400.00 iters/s

running (08.0s), 01163/01174 VUs, 844 complete and 0 interrupted iterations
default   [  53% ] 01163/01174 VUs  08.0s/15s  400.00 iters/s

running (09.0s), 01305/01312 VUs, 964 complete and 0 interrupted iterations
default   [  60% ] 01305/01312 VUs  09.0s/15s  400.00 iters/s

running (10.0s), 01467/01467 VUs, 1044 complete and 0 interrupted iterations
default   [  67% ] 01467/01467 VUs  10.0s/15s  400.00 iters/s

running (11.0s), 01606/01606 VUs, 1164 complete and 0 interrupted iterations
default   [  73% ] 01606/01606 VUs  11.0s/15s  400.00 iters/s

running (12.0s), 01747/01747 VUs, 1282 complete and 0 interrupted iterations
default   [  80% ] 01747/01747 VUs  12.0s/15s  400.00 iters/s

running (13.0s), 01885/01888 VUs, 1402 complete and 0 interrupted iterations
default   [  87% ] 01885/01888 VUs  13.0s/15s  400.00 iters/s

running (14.0s), 02028/02031 VUs, 1513 complete and 0 interrupted iterations
default   [  93% ] 02028/02031 VUs  14.0s/15s  400.00 iters/s

running (15.0s), 02173/02174 VUs, 1615 complete and 0 interrupted iterations
default   [ 100% ] 02173/02174 VUs  15.0s/15s  400.00 iters/s

running (16.0s), 02065/02174 VUs, 1724 complete and 0 interrupted iterations
default ↓ [ 100% ] 02174/02174 VUs  15s  400.00 iters/s

running (17.0s), 01914/02174 VUs, 1875 complete and 0 interrupted iterations
default ↓ [ 100% ] 02174/02174 VUs  15s  400.00 iters/s

running (18.0s), 01799/02174 VUs, 1990 complete and 0 interrupted iterations
default ↓ [ 100% ] 02174/02174 VUs  15s  400.00 iters/s

running (19.0s), 01676/02174 VUs, 2113 complete and 0 interrupted iterations
default ↓ [ 100% ] 02174/02174 VUs  15s  400.00 iters/s

running (20.0s), 01560/02174 VUs, 2229 complete and 0 interrupted iterations
default ↓ [ 100% ] 02174/02174 VUs  15s  400.00 iters/s

running (21.0s), 01421/02174 VUs, 2368 complete and 0 interrupted iterations
default ↓ [ 100% ] 02174/02174 VUs  15s  400.00 iters/s

running (22.0s), 01284/02174 VUs, 2505 complete and 0 interrupted iterations
default ↓ [ 100% ] 02174/02174 VUs  15s  400.00 iters/s

running (23.0s), 01179/02174 VUs, 2610 complete and 0 interrupted iterations
default ↓ [ 100% ] 02174/02174 VUs  15s  400.00 iters/s

running (24.0s), 01061/02174 VUs, 2728 complete and 0 interrupted iterations
default ↓ [ 100% ] 02174/02174 VUs  15s  400.00 iters/s

running (25.0s), 00914/02174 VUs, 2875 complete and 0 interrupted iterations
default ↓ [ 100% ] 02174/02174 VUs  15s  400.00 iters/s

running (26.0s), 00799/02174 VUs, 2990 complete and 0 interrupted iterations
default ↓ [ 100% ] 02174/02174 VUs  15s  400.00 iters/s

running (27.0s), 00656/02174 VUs, 3133 complete and 0 interrupted iterations
default ↓ [ 100% ] 02174/02174 VUs  15s  400.00 iters/s

running (28.0s), 00543/02174 VUs, 3246 complete and 0 interrupted iterations
default ↓ [ 100% ] 02174/02174 VUs  15s  400.00 iters/s

running (29.0s), 00411/02174 VUs, 3378 complete and 0 interrupted iterations
default ↓ [ 100% ] 02174/02174 VUs  15s  400.00 iters/s

running (30.0s), 00280/02174 VUs, 3509 complete and 0 interrupted iterations
default ↓ [ 100% ] 02174/02174 VUs  15s  400.00 iters/s

running (31.0s), 00168/02174 VUs, 3621 complete and 0 interrupted iterations
default ↓ [ 100% ] 02174/02174 VUs  15s  400.00 iters/s

running (32.0s), 00038/02174 VUs, 3751 complete and 0 interrupted iterations
default ↓ [ 100% ] 02174/02174 VUs  15s  400.00 iters/s


  █ TOTAL RESULTS 

    HTTP
    http_req_duration..............: avg=9.32s min=163.99ms med=9.71s max=17.34s p(90)=15.75s p(95)=16.61s
      { expected_response:true }...: avg=9.32s min=163.99ms med=9.71s max=17.34s p(90)=15.75s p(95)=16.61s
    http_req_failed................: 0.00%  0 out of 3789
    http_reqs......................: 3789   117.319518/s

    EXECUTION
    dropped_iterations.............: 2212   68.490571/s
    iteration_duration.............: avg=9.33s min=167.69ms med=9.71s max=17.35s p(90)=15.76s p(95)=16.61s
    iterations.....................: 3789   117.319518/s
    vus............................: 38     min=38        max=2173
    vus_max........................: 2174   min=167       max=2174

    NETWORK
    data_received..................: 190 MB 5.9 MB/s
    data_sent......................: 191 MB 5.9 MB/s




running (32.3s), 00000/02174 VUs, 3789 complete and 0 interrupted iterations
default ✓ [ 100% ] 00000/02174 VUs  15s  400.00 iters/s
