2026/04/24 07:10:20 telemetry disabled: AEGEAN_DISABLE_TRACING=1

         /\      Grafana   /‾‾/  
    /\  /  \     |\  __   /  /   
   /  \/    \    | |/ /  /   ‾‾\ 
  /          \   |   (  |  (‾)  |
 / __________ \  |_|\_\  \_____/ 

     execution: local
        script: workflow/hotel/k6_open_recommendations_client.js
        output: -

     scenarios: (100.00%) 1 scenario, 10000 max VUs, 45s max duration (incl. graceful stop):
              * default: 100.00 iterations/s for 15s (maxVUs: 0-10000, gracefulStop: 30s)


running (01.0s), 00001/00002 VUs, 97 complete and 0 interrupted iterations
default   [   7% ] 00001/00002 VUs  01.0s/15s  100.00 iters/s

running (02.0s), 00002/00002 VUs, 197 complete and 0 interrupted iterations
default   [  13% ] 00002/00002 VUs  02.0s/15s  100.00 iters/s

running (03.0s), 00001/00003 VUs, 296 complete and 0 interrupted iterations
default   [  20% ] 00001/00003 VUs  03.0s/15s  100.00 iters/s

running (04.0s), 00001/00004 VUs, 393 complete and 0 interrupted iterations
default   [  27% ] 00001/00004 VUs  04.0s/15s  100.00 iters/s

running (05.0s), 00001/00004 VUs, 493 complete and 0 interrupted iterations
default   [  33% ] 00001/00004 VUs  05.0s/15s  100.00 iters/s

running (06.0s), 00000/00004 VUs, 593 complete and 0 interrupted iterations
default   [  40% ] 00001/00004 VUs  06.0s/15s  100.00 iters/s

running (07.0s), 00001/00004 VUs, 693 complete and 0 interrupted iterations
default   [  47% ] 00001/00004 VUs  07.0s/15s  100.00 iters/s

running (08.0s), 00001/00005 VUs, 785 complete and 0 interrupted iterations
default   [  53% ] 00001/00005 VUs  08.0s/15s  100.00 iters/s

running (09.0s), 00001/00006 VUs, 883 complete and 0 interrupted iterations
default   [  60% ] 00001/00006 VUs  09.0s/15s  100.00 iters/s

running (10.0s), 00001/00006 VUs, 983 complete and 0 interrupted iterations
default   [  67% ] 00001/00006 VUs  10.0s/15s  100.00 iters/s

running (11.0s), 00001/00006 VUs, 1083 complete and 0 interrupted iterations
default   [  73% ] 00001/00006 VUs  11.0s/15s  100.00 iters/s

running (12.0s), 00001/00006 VUs, 1183 complete and 0 interrupted iterations
default   [  80% ] 00001/00006 VUs  12.0s/15s  100.00 iters/s

running (13.0s), 00001/00006 VUs, 1283 complete and 0 interrupted iterations
default   [  87% ] 00001/00006 VUs  13.0s/15s  100.00 iters/s

running (14.0s), 00001/00006 VUs, 1383 complete and 0 interrupted iterations
default   [  93% ] 00001/00006 VUs  14.0s/15s  100.00 iters/s

running (15.0s), 00001/00006 VUs, 1483 complete and 0 interrupted iterations
default ↓ [ 100% ] 00001/00006 VUs  15s  100.00 iters/s


  █ TOTAL RESULTS 

    HTTP
    http_req_duration..............: avg=2.94ms min=570.41µs med=2.25ms max=107.39ms p(90)=3.72ms p(95)=5.39ms
      { expected_response:true }...: avg=2.94ms min=570.41µs med=2.25ms max=107.39ms p(90)=3.72ms p(95)=5.39ms
    http_req_failed................: 0.00%  0 out of 1484
    http_reqs......................: 1484   98.895235/s

    EXECUTION
    dropped_iterations.............: 17     1.132897/s
    iteration_duration.............: avg=3.34ms min=617.7µs  med=2.53ms max=108.9ms  p(90)=4.22ms p(95)=6.05ms
    iterations.....................: 1484   98.895235/s
    vus............................: 1      min=0         max=2
    vus_max........................: 6      min=2         max=6

    NETWORK
    data_received..................: 984 kB 66 kB/s
    data_sent......................: 423 kB 28 kB/s




running (15.0s), 00000/00006 VUs, 1484 complete and 0 interrupted iterations
default ✓ [ 100% ] 00000/00006 VUs  15s  100.00 iters/s
