
         /\      Grafana   /‾‾/  
    /\  /  \     |\  __   /  /   
   /  \/    \    | |/ /  /   ‾‾\ 
  /          \   |   (  |  (‾)  |
 / __________ \  |_|\_\  \_____/ 

     execution: local
        script: workflow/hotel/k6_open_hotels_client.js
        output: -

     scenarios: (100.00%) 1 scenario, 10000 max VUs, 15s max duration (incl. graceful stop):
              * default: 30.00 iterations/s for 15s (maxVUs: 30-10000)


running (01.0s), 00001/00030 VUs, 29 complete and 0 interrupted iterations
default   [   7% ] 00001/00030 VUs  01.0s/15s  30.00 iters/s

running (02.0s), 00001/00030 VUs, 59 complete and 0 interrupted iterations
default   [  13% ] 00001/00030 VUs  02.0s/15s  30.00 iters/s

running (03.0s), 00001/00030 VUs, 89 complete and 0 interrupted iterations
default   [  20% ] 00001/00030 VUs  03.0s/15s  30.00 iters/s

running (04.0s), 00001/00030 VUs, 119 complete and 0 interrupted iterations
default   [  27% ] 00001/00030 VUs  04.0s/15s  30.00 iters/s

running (05.0s), 00001/00030 VUs, 149 complete and 0 interrupted iterations
default   [  33% ] 00001/00030 VUs  05.0s/15s  30.00 iters/s

running (06.0s), 00001/00030 VUs, 179 complete and 0 interrupted iterations
default   [  40% ] 00001/00030 VUs  06.0s/15s  30.00 iters/s

running (07.0s), 00001/00030 VUs, 209 complete and 0 interrupted iterations
default   [  47% ] 00001/00030 VUs  07.0s/15s  30.00 iters/s

running (08.0s), 00001/00030 VUs, 239 complete and 0 interrupted iterations
default   [  53% ] 00001/00030 VUs  08.0s/15s  30.00 iters/s

running (09.0s), 00001/00030 VUs, 269 complete and 0 interrupted iterations
default   [  60% ] 00001/00030 VUs  09.0s/15s  30.00 iters/s

running (10.0s), 00001/00030 VUs, 299 complete and 0 interrupted iterations
default   [  67% ] 00001/00030 VUs  10.0s/15s  30.00 iters/s

running (11.0s), 00001/00030 VUs, 329 complete and 0 interrupted iterations
default   [  73% ] 00001/00030 VUs  11.0s/15s  30.00 iters/s

running (12.0s), 00001/00030 VUs, 359 complete and 0 interrupted iterations
default   [  80% ] 00001/00030 VUs  12.0s/15s  30.00 iters/s

running (13.0s), 00001/00030 VUs, 389 complete and 0 interrupted iterations
default   [  87% ] 00001/00030 VUs  13.0s/15s  30.00 iters/s

running (14.0s), 00001/00030 VUs, 419 complete and 0 interrupted iterations
default   [  93% ] 00001/00030 VUs  14.0s/15s  30.00 iters/s

running (15.0s), 00001/00030 VUs, 449 complete and 0 interrupted iterations
default   [ 100% ] 00001/00030 VUs  15.0s/15s  30.00 iters/s


  █ TOTAL RESULTS 

    HTTP
    http_req_duration..............: avg=24.95ms min=18.8ms  med=23.98ms max=43.69ms p(90)=28.36ms p(95)=37.4ms 
      { expected_response:true }...: avg=24.95ms min=18.8ms  med=23.98ms max=43.69ms p(90)=28.36ms p(95)=37.4ms 
    http_req_failed................: 0.00%  0 out of 449
    http_reqs......................: 449    29.932098/s

    EXECUTION
    iteration_duration.............: avg=25.12ms min=18.91ms med=24.2ms  max=44ms    p(90)=28.47ms p(95)=37.53ms
    iterations.....................: 449    29.932098/s
    vus............................: 1      min=1        max=1 
    vus_max........................: 30     min=30       max=30

    NETWORK
    data_received..................: 132 kB 8.8 kB/s
    data_sent......................: 148 kB 9.8 kB/s




running (15.0s), 00000/00030 VUs, 449 complete and 2 interrupted iterations
default ✓ [ 100% ] 00002/00030 VUs  15s  30.00 iters/s
