
         /\      Grafana   /‾‾/  
    /\  /  \     |\  __   /  /   
   /  \/    \    | |/ /  /   ‾‾\ 
  /          \   |   (  |  (‾)  |
 / __________ \  |_|\_\  \_____/ 

     execution: local
        script: workflow/social/k6_open_client.js
        output: -

     scenarios: (100.00%) 1 scenario, 10000 max VUs, 15s max duration (incl. graceful stop):
              * default: 450.00 iterations/s for 15s (maxVUs: 450-10000)


running (01.0s), 00001/00450 VUs, 438 complete and 0 interrupted iterations
default   [   6% ] 00001/00450 VUs  01.0s/15s  450.00 iters/s

running (02.0s), 00002/00450 VUs, 887 complete and 0 interrupted iterations
default   [  13% ] 00002/00450 VUs  02.0s/15s  450.00 iters/s

running (03.0s), 00001/00450 VUs, 1338 complete and 0 interrupted iterations
default   [  20% ] 00001/00450 VUs  03.0s/15s  450.00 iters/s

running (04.0s), 00001/00450 VUs, 1788 complete and 0 interrupted iterations
default   [  26% ] 00001/00450 VUs  04.0s/15s  450.00 iters/s

running (05.0s), 00001/00450 VUs, 2238 complete and 0 interrupted iterations
default   [  33% ] 00001/00450 VUs  05.0s/15s  450.00 iters/s

running (06.0s), 00002/00450 VUs, 2687 complete and 0 interrupted iterations
default   [  40% ] 00002/00450 VUs  06.0s/15s  450.00 iters/s

running (07.0s), 00001/00450 VUs, 3137 complete and 0 interrupted iterations
default   [  46% ] 00001/00450 VUs  07.0s/15s  450.00 iters/s

running (08.0s), 00001/00450 VUs, 3588 complete and 0 interrupted iterations
default   [  53% ] 00001/00450 VUs  08.0s/15s  450.00 iters/s

running (09.0s), 00001/00450 VUs, 4038 complete and 0 interrupted iterations
default   [  60% ] 00001/00450 VUs  09.0s/15s  450.00 iters/s

running (10.0s), 00002/00450 VUs, 4487 complete and 0 interrupted iterations
default   [  66% ] 00002/00450 VUs  10.0s/15s  450.00 iters/s

running (11.0s), 00001/00450 VUs, 4938 complete and 0 interrupted iterations
default   [  73% ] 00001/00450 VUs  11.0s/15s  450.00 iters/s

running (12.0s), 00001/00450 VUs, 5388 complete and 0 interrupted iterations
default   [  80% ] 00001/00450 VUs  12.0s/15s  450.00 iters/s

running (13.0s), 00001/00450 VUs, 5838 complete and 0 interrupted iterations
default   [  86% ] 00001/00450 VUs  13.0s/15s  450.00 iters/s

running (14.0s), 00001/00450 VUs, 6288 complete and 0 interrupted iterations
default   [  93% ] 00001/00450 VUs  14.0s/15s  450.00 iters/s

running (15.0s), 00002/00450 VUs, 6737 complete and 0 interrupted iterations
default   [ 100% ] 00002/00450 VUs  15.0s/15s  450.00 iters/s


  █ TOTAL RESULTS 

    HTTP
    http_req_duration..............: avg=2.54ms min=1.92ms med=2.23ms max=14.48ms p(90)=3.14ms p(95)=4.66ms
      { expected_response:true }...: avg=2.54ms min=1.92ms med=2.23ms max=14.48ms p(90)=3.14ms p(95)=4.66ms
    http_req_failed................: 0.00%  0 out of 6750
    http_reqs......................: 6750   449.975217/s

    EXECUTION
    iteration_duration.............: avg=2.74ms min=2.02ms med=2.34ms max=41.64ms p(90)=3.27ms p(95)=4.87ms
    iterations.....................: 6750   449.975217/s
    vus............................: 1      min=1         max=1  
    vus_max........................: 450    min=450       max=450

    NETWORK
    data_received..................: 1.8 MB 117 kB/s
    data_sent......................: 2.2 MB 148 kB/s




running (15.0s), 00000/00450 VUs, 6749 complete and 1 interrupted iterations
default ✓ [ 100% ] 00001/00450 VUs  15s  450.00 iters/s
