
         /\      Grafana   /‾‾/  
    /\  /  \     |\  __   /  /   
   /  \/    \    | |/ /  /   ‾‾\ 
  /          \   |   (  |  (‾)  |
 / __________ \  |_|\_\  \_____/ 

     execution: local
        script: workflow/aegean/k6_open_client.js
        output: -

     scenarios: (100.00%) 1 scenario, 10000 max VUs, 45s max duration (incl. graceful stop):
              * default: 400.00 iterations/s for 15s (maxVUs: 0-10000, gracefulStop: 30s)


running (01.0s), 00184/00184 VUs, 23 complete and 0 interrupted iterations
default   [   7% ] 00184/00184 VUs  01.0s/15s  400.00 iters/s

running (02.0s), 00368/00369 VUs, 49 complete and 0 interrupted iterations
default   [  13% ] 00368/00369 VUs  02.0s/15s  400.00 iters/s

running (03.0s), 00544/00545 VUs, 93 complete and 0 interrupted iterations
default   [  20% ] 00544/00545 VUs  03.0s/15s  400.00 iters/s

running (04.0s), 00722/00722 VUs, 133 complete and 0 interrupted iterations
default   [  27% ] 00722/00722 VUs  04.0s/15s  400.00 iters/s

running (05.0s), 00905/00905 VUs, 158 complete and 0 interrupted iterations
default   [  33% ] 00905/00905 VUs  05.0s/15s  400.00 iters/s

running (06.0s), 01083/01083 VUs, 201 complete and 0 interrupted iterations
default   [  40% ] 01083/01083 VUs  06.0s/15s  400.00 iters/s

running (07.0s), 01266/01267 VUs, 232 complete and 0 interrupted iterations
default   [  47% ] 01266/01267 VUs  07.0s/15s  400.00 iters/s

running (08.0s), 01448/01448 VUs, 269 complete and 0 interrupted iterations
default   [  53% ] 01448/01448 VUs  08.0s/15s  400.00 iters/s

running (09.0s), 01625/01625 VUs, 305 complete and 0 interrupted iterations
default   [  60% ] 01625/01625 VUs  09.0s/15s  400.00 iters/s

running (10.0s), 01812/01812 VUs, 330 complete and 0 interrupted iterations
default   [  67% ] 01812/01812 VUs  10.0s/15s  400.00 iters/s

running (11.0s), 01990/01990 VUs, 374 complete and 0 interrupted iterations
default   [  73% ] 01990/01990 VUs  11.0s/15s  400.00 iters/s

running (12.0s), 02170/02170 VUs, 413 complete and 0 interrupted iterations
default   [  80% ] 02170/02170 VUs  12.0s/15s  400.00 iters/s

running (13.0s), 02350/02350 VUs, 442 complete and 0 interrupted iterations
default   [  87% ] 02350/02350 VUs  13.0s/15s  400.00 iters/s

running (14.0s), 02537/02538 VUs, 467 complete and 0 interrupted iterations
default   [  93% ] 02537/02538 VUs  14.0s/15s  400.00 iters/s

running (15.0s), 02715/02715 VUs, 512 complete and 0 interrupted iterations
default ↓ [ 100% ] 02715/02715 VUs  15s  400.00 iters/s

running (16.0s), 02647/02716 VUs, 580 complete and 0 interrupted iterations
default ↓ [ 100% ] 02715/02715 VUs  15s  400.00 iters/s

running (17.0s), 02567/02716 VUs, 660 complete and 0 interrupted iterations
default ↓ [ 100% ] 02715/02715 VUs  15s  400.00 iters/s

running (18.0s), 02507/02716 VUs, 720 complete and 0 interrupted iterations
default ↓ [ 100% ] 02715/02715 VUs  15s  400.00 iters/s

running (19.0s), 02419/02716 VUs, 808 complete and 0 interrupted iterations
default ↓ [ 100% ] 02715/02715 VUs  15s  400.00 iters/s

running (20.0s), 02343/02716 VUs, 884 complete and 0 interrupted iterations
default ↓ [ 100% ] 02715/02715 VUs  15s  400.00 iters/s

running (21.0s), 02268/02716 VUs, 959 complete and 0 interrupted iterations
default ↓ [ 100% ] 02715/02715 VUs  15s  400.00 iters/s

running (22.0s), 02194/02716 VUs, 1033 complete and 0 interrupted iterations
default ↓ [ 100% ] 02715/02715 VUs  15s  400.00 iters/s

running (23.0s), 02116/02716 VUs, 1111 complete and 0 interrupted iterations
default ↓ [ 100% ] 02715/02715 VUs  15s  400.00 iters/s

running (24.0s), 02035/02716 VUs, 1192 complete and 0 interrupted iterations
default ↓ [ 100% ] 02715/02715 VUs  15s  400.00 iters/s

running (25.0s), 01974/02716 VUs, 1253 complete and 0 interrupted iterations
default ↓ [ 100% ] 02715/02715 VUs  15s  400.00 iters/s

running (26.0s), 01905/02716 VUs, 1322 complete and 0 interrupted iterations
default ↓ [ 100% ] 02715/02715 VUs  15s  400.00 iters/s

running (27.0s), 01813/02716 VUs, 1414 complete and 0 interrupted iterations
default ↓ [ 100% ] 02715/02715 VUs  15s  400.00 iters/s

running (28.0s), 01754/02716 VUs, 1473 complete and 0 interrupted iterations
default ↓ [ 100% ] 02715/02715 VUs  15s  400.00 iters/s

running (29.0s), 01671/02716 VUs, 1556 complete and 0 interrupted iterations
default ↓ [ 100% ] 02715/02715 VUs  15s  400.00 iters/s

running (30.0s), 01605/02716 VUs, 1622 complete and 0 interrupted iterations
default ↓ [ 100% ] 02715/02715 VUs  15s  400.00 iters/s

running (31.0s), 01513/02716 VUs, 1714 complete and 0 interrupted iterations
default ↓ [ 100% ] 02715/02715 VUs  15s  400.00 iters/s

running (32.0s), 01447/02716 VUs, 1780 complete and 0 interrupted iterations
default ↓ [ 100% ] 02715/02715 VUs  15s  400.00 iters/s

running (33.0s), 01377/02716 VUs, 1850 complete and 0 interrupted iterations
default ↓ [ 100% ] 02715/02715 VUs  15s  400.00 iters/s

running (34.0s), 01291/02716 VUs, 1936 complete and 0 interrupted iterations
default ↓ [ 100% ] 02715/02715 VUs  15s  400.00 iters/s

running (35.0s), 01228/02716 VUs, 1999 complete and 0 interrupted iterations
default ↓ [ 100% ] 02715/02715 VUs  15s  400.00 iters/s

running (36.0s), 01148/02716 VUs, 2079 complete and 0 interrupted iterations
default ↓ [ 100% ] 02715/02715 VUs  15s  400.00 iters/s

running (37.0s), 01084/02716 VUs, 2143 complete and 0 interrupted iterations
default ↓ [ 100% ] 02715/02715 VUs  15s  400.00 iters/s

running (38.0s), 01004/02716 VUs, 2223 complete and 0 interrupted iterations
default ↓ [ 100% ] 02715/02715 VUs  15s  400.00 iters/s

running (39.0s), 00925/02716 VUs, 2302 complete and 0 interrupted iterations
default ↓ [ 100% ] 02715/02715 VUs  15s  400.00 iters/s

running (40.0s), 00846/02716 VUs, 2381 complete and 0 interrupted iterations
default ↓ [ 100% ] 02715/02715 VUs  15s  400.00 iters/s

running (41.0s), 00777/02716 VUs, 2450 complete and 0 interrupted iterations
default ↓ [ 100% ] 02715/02715 VUs  15s  400.00 iters/s

running (42.0s), 00704/02716 VUs, 2523 complete and 0 interrupted iterations
default ↓ [ 100% ] 02715/02715 VUs  15s  400.00 iters/s

running (43.0s), 00626/02716 VUs, 2601 complete and 0 interrupted iterations
default ↓ [ 100% ] 02715/02715 VUs  15s  400.00 iters/s

running (44.0s), 00554/02716 VUs, 2673 complete and 0 interrupted iterations
default ↓ [ 100% ] 02715/02715 VUs  15s  400.00 iters/s

running (45.0s), 00469/02716 VUs, 2758 complete and 0 interrupted iterations
default ↓ [ 100% ] 02715/02715 VUs  15s  400.00 iters/s


  █ TOTAL RESULTS 

    HTTP
    http_req_duration..............: avg=19.47s min=315.17ms med=20.2s max=32.21s p(90)=29.88s p(95)=31.03s
      { expected_response:true }...: avg=19.47s min=315.17ms med=20.2s max=32.21s p(90)=29.88s p(95)=31.03s
    http_req_failed................: 0.00%  0 out of 2759
    http_reqs......................: 2759   61.301116/s

    EXECUTION
    dropped_iterations.............: 2774   61.634395/s
    iteration_duration.............: avg=19.48s min=319.1ms  med=20.2s max=32.22s p(90)=29.88s p(95)=31.04s
    iterations.....................: 2759   61.301116/s
    vus............................: 469    min=184       max=2715
    vus_max........................: 2716   min=184       max=2716

    NETWORK
    data_received..................: 139 MB 3.1 MB/s
    data_sent......................: 162 MB 3.6 MB/s




running (45.0s), 00000/02716 VUs, 2758 complete and 469 interrupted iterations
default ✓ [ 100% ] 00469/02716 VUs  15s  400.00 iters/s
