2026/05/05 06:05:30 telemetry disabled: AEGEAN_DISABLE_TRACING=1

         /\      Grafana   /‾‾/  
    /\  /  \     |\  __   /  /   
   /  \/    \    | |/ /  /   ‾‾\ 
  /          \   |   (  |  (‾)  |
 / __________ \  |_|\_\  \_____/ 

     execution: local
        script: workflow/aegean/k6_open_client.js
        output: -

     scenarios: (100.00%) 1 scenario, 10000 max VUs, 45s max duration (incl. graceful stop):
              * default: 800.00 iterations/s for 15s (maxVUs: 0-10000, gracefulStop: 30s)


running (01.0s), 00173/00174 VUs, 352 complete and 0 interrupted iterations
default   [   7% ] 00173/00174 VUs  01.0s/15s  800.00 iters/s

running (02.0s), 00316/00320 VUs, 786 complete and 0 interrupted iterations
default   [  13% ] 00316/00320 VUs  02.0s/15s  800.00 iters/s

running (03.0s), 00483/00483 VUs, 1172 complete and 0 interrupted iterations
default   [  20% ] 00483/00483 VUs  03.0s/15s  800.00 iters/s

running (04.0s), 00633/00633 VUs, 1592 complete and 0 interrupted iterations
default   [  27% ] 00633/00633 VUs  04.0s/15s  800.00 iters/s

running (05.0s), 00792/00793 VUs, 1987 complete and 0 interrupted iterations
default   [  33% ] 00792/00793 VUs  05.0s/15s  800.00 iters/s

running (06.0s), 00946/00946 VUs, 2410 complete and 0 interrupted iterations
default   [  40% ] 00946/00946 VUs  06.0s/15s  800.00 iters/s

running (07.0s), 01102/01105 VUs, 2815 complete and 0 interrupted iterations
default   [  47% ] 01102/01105 VUs  07.0s/15s  800.00 iters/s

running (08.0s), 01256/01256 VUs, 3228 complete and 0 interrupted iterations
default   [  53% ] 01256/01256 VUs  08.0s/15s  800.00 iters/s

running (09.0s), 01401/01410 VUs, 3657 complete and 0 interrupted iterations
default   [  60% ] 01401/01410 VUs  09.0s/15s  800.00 iters/s

running (10.0s), 01545/01555 VUs, 4091 complete and 0 interrupted iterations
default   [  67% ] 01545/01555 VUs  10.0s/15s  800.00 iters/s

running (11.0s), 01709/01710 VUs, 4499 complete and 0 interrupted iterations
default   [  73% ] 01709/01710 VUs  11.0s/15s  800.00 iters/s

running (12.0s), 01864/01865 VUs, 4895 complete and 0 interrupted iterations
default   [  80% ] 01864/01865 VUs  12.0s/15s  800.00 iters/s

running (13.0s), 02005/02021 VUs, 5308 complete and 0 interrupted iterations
default   [  87% ] 02005/02021 VUs  13.0s/15s  800.00 iters/s

running (14.0s), 02170/02171 VUs, 5717 complete and 0 interrupted iterations
default   [  93% ] 02170/02171 VUs  14.0s/15s  800.00 iters/s

running (15.0s), 02329/02329 VUs, 6117 complete and 0 interrupted iterations
default   [ 100% ] 02329/02329 VUs  15s  800.00 iters/s

running (16.0s), 01884/02330 VUs, 6562 complete and 0 interrupted iterations
default ↓ [ 100% ] 02329/02329 VUs  15s  800.00 iters/s

running (17.0s), 01476/02330 VUs, 6970 complete and 0 interrupted iterations
default ↓ [ 100% ] 02329/02329 VUs  15s  800.00 iters/s

running (18.0s), 01047/02330 VUs, 7399 complete and 0 interrupted iterations
default ↓ [ 100% ] 02329/02329 VUs  15s  800.00 iters/s

running (19.0s), 00612/02330 VUs, 7834 complete and 0 interrupted iterations
default ↓ [ 100% ] 02329/02329 VUs  15s  800.00 iters/s
2026/05/05 06:05:57 k6 client request logic timed out after 20s
