2026/05/05 06:22:54 telemetry disabled: AEGEAN_DISABLE_TRACING=1

         /\      Grafana   /‾‾/  
    /\  /  \     |\  __   /  /   
   /  \/    \    | |/ /  /   ‾‾\ 
  /          \   |   (  |  (‾)  |
 / __________ \  |_|\_\  \_____/ 

     execution: local
        script: workflow/aegean/k6_open_client.js
        output: -

     scenarios: (100.00%) 1 scenario, 10000 max VUs, 45s max duration (incl. graceful stop):
              * default: 1200.00 iterations/s for 15s (maxVUs: 0-10000, gracefulStop: 30s)


running (01.0s), 00121/00122 VUs, 918 complete and 0 interrupted iterations
default   [   7% ] 00120/00122 VUs  01.0s/15s  1200.00 iters/s

running (02.0s), 00181/00183 VUs, 1971 complete and 0 interrupted iterations
default   [  13% ] 00181/00183 VUs  02.0s/15s  1200.00 iters/s

running (03.0s), 00236/00237 VUs, 3048 complete and 0 interrupted iterations
default   [  20% ] 00236/00237 VUs  03.0s/15s  1200.00 iters/s

running (04.0s), 00319/00324 VUs, 4038 complete and 0 interrupted iterations
default   [  27% ] 00319/00324 VUs  04.0s/15s  1200.00 iters/s

running (05.0s), 00365/00367 VUs, 5132 complete and 0 interrupted iterations
default   [  33% ] 00365/00367 VUs  05.0s/15s  1200.00 iters/s

running (06.0s), 00403/00403 VUs, 6240 complete and 0 interrupted iterations
default   [  40% ] 00403/00403 VUs  06.0s/15s  1200.00 iters/s

running (07.0s), 00443/00445 VUs, 7342 complete and 0 interrupted iterations
default   [  47% ] 00443/00445 VUs  07.0s/15s  1200.00 iters/s

running (08.0s), 00467/00472 VUs, 8476 complete and 0 interrupted iterations
default   [  53% ] 00467/00472 VUs  08.0s/15s  1200.00 iters/s

running (09.0s), 00560/00561 VUs, 9396 complete and 0 interrupted iterations
default   [  60% ] 00560/00561 VUs  09.0s/15s  1200.00 iters/s

running (10.0s), 00671/00672 VUs, 10327 complete and 0 interrupted iterations
default   [  67% ] 00671/00672 VUs  10.0s/15s  1200.00 iters/s

running (11.0s), 00778/00780 VUs, 11262 complete and 0 interrupted iterations
default   [  73% ] 00779/00780 VUs  11.0s/15s  1200.00 iters/s

running (12.0s), 00886/00888 VUs, 12202 complete and 0 interrupted iterations
default   [  80% ] 00886/00888 VUs  12.0s/15s  1200.00 iters/s

running (13.0s), 01016/01018 VUs, 13101 complete and 0 interrupted iterations
default   [  87% ] 01016/01018 VUs  13.0s/15s  1200.00 iters/s

running (14.0s), 01222/01224 VUs, 13769 complete and 0 interrupted iterations
default   [  93% ] 01222/01224 VUs  14.0s/15s  1200.00 iters/s

running (15.0s), 01443/01445 VUs, 14407 complete and 0 interrupted iterations
default   [ 100% ] 01443/01445 VUs  15s  1200.00 iters/s

running (16.0s), 00510/01445 VUs, 15341 complete and 0 interrupted iterations
default ↓ [ 100% ] 01444/01445 VUs  15s  1200.00 iters/s


  █ TOTAL RESULTS 

    HTTP
    http_req_duration..............: avg=594.98ms min=13.85ms med=398.8ms  max=1.65s p(90)=1.48s p(95)=1.58s
      { expected_response:true }...: avg=594.98ms min=13.85ms med=398.8ms  max=1.65s p(90)=1.48s p(95)=1.58s
    http_req_failed................: 0.00%  0 out of 15851
    http_reqs......................: 15851  965.270216/s

    EXECUTION
    dropped_iterations.............: 2150   130.927447/s
    iteration_duration.............: avg=595.58ms min=13.93ms med=398.89ms max=1.65s p(90)=1.48s p(95)=1.58s
    iterations.....................: 15851  965.270216/s
    vus............................: 509    min=120        max=1443
    vus_max........................: 1445   min=122        max=1445

    NETWORK
    data_received..................: 5.6 MB 342 kB/s
    data_sent......................: 5.9 MB 360 kB/s




running (16.4s), 00000/01445 VUs, 15851 complete and 0 interrupted iterations
default ✓ [ 100% ] 00000/01445 VUs  15s  1200.00 iters/s
