2026/04/24 07:13:48 telemetry disabled: AEGEAN_DISABLE_TRACING=1

         /\      Grafana   /‾‾/  
    /\  /  \     |\  __   /  /   
   /  \/    \    | |/ /  /   ‾‾\ 
  /          \   |   (  |  (‾)  |
 / __________ \  |_|\_\  \_____/ 

     execution: local
        script: workflow/hotel/k6_open_reservation_client.js
        output: -

     scenarios: (100.00%) 1 scenario, 10000 max VUs, 45s max duration (incl. graceful stop):
              * default: 200.00 iterations/s for 15s (maxVUs: 0-10000, gracefulStop: 30s)


running (01.0s), 00023/00030 VUs, 133 complete and 0 interrupted iterations
default   [   7% ] 00023/00030 VUs  01.0s/15s  200.00 iters/s

running (02.0s), 00021/00030 VUs, 336 complete and 0 interrupted iterations
default   [  13% ] 00022/00030 VUs  02.0s/15s  200.00 iters/s

running (03.0s), 00013/00030 VUs, 543 complete and 0 interrupted iterations
default   [  20% ] 00013/00030 VUs  03.0s/15s  200.00 iters/s

running (04.0s), 00107/00107 VUs, 572 complete and 0 interrupted iterations
default   [  27% ] 00107/00107 VUs  04.0s/15s  200.00 iters/s

running (05.0s), 00199/00199 VUs, 572 complete and 0 interrupted iterations
default   [  33% ] 00199/00199 VUs  05.0s/15s  200.00 iters/s

running (06.0s), 00297/00297 VUs, 572 complete and 0 interrupted iterations
default   [  40% ] 00297/00297 VUs  06.0s/15s  200.00 iters/s

running (07.0s), 00393/00393 VUs, 572 complete and 0 interrupted iterations
default   [  47% ] 00393/00393 VUs  07.0s/15s  200.00 iters/s

running (08.0s), 00488/00489 VUs, 572 complete and 0 interrupted iterations
default   [  53% ] 00488/00489 VUs  08.0s/15s  200.00 iters/s

running (09.0s), 00588/00588 VUs, 572 complete and 0 interrupted iterations
default   [  60% ] 00588/00588 VUs  09.0s/15s  200.00 iters/s

running (10.0s), 00685/00685 VUs, 572 complete and 0 interrupted iterations
default   [  67% ] 00685/00685 VUs  10.0s/15s  200.00 iters/s

running (11.0s), 00782/00783 VUs, 572 complete and 0 interrupted iterations
default   [  73% ] 00782/00783 VUs  11.0s/15s  200.00 iters/s

running (12.0s), 00882/00882 VUs, 572 complete and 0 interrupted iterations
default   [  80% ] 00882/00882 VUs  12.0s/15s  200.00 iters/s

running (13.0s), 00977/00977 VUs, 572 complete and 0 interrupted iterations
default   [  87% ] 00977/00977 VUs  13.0s/15s  200.00 iters/s

running (14.0s), 01073/01073 VUs, 572 complete and 0 interrupted iterations
default   [  93% ] 01073/01073 VUs  14.0s/15s  200.00 iters/s

running (15.0s), 01169/01170 VUs, 572 complete and 0 interrupted iterations
default ↓ [ 100% ] 01169/01170 VUs  15s  200.00 iters/s

running (16.0s), 01170/01170 VUs, 572 complete and 0 interrupted iterations
default ↓ [ 100% ] 01169/01170 VUs  15s  200.00 iters/s

running (17.0s), 01170/01170 VUs, 572 complete and 0 interrupted iterations
default ↓ [ 100% ] 01169/01170 VUs  15s  200.00 iters/s

running (18.0s), 01170/01170 VUs, 572 complete and 0 interrupted iterations
default ↓ [ 100% ] 01169/01170 VUs  15s  200.00 iters/s

running (19.0s), 01170/01170 VUs, 572 complete and 0 interrupted iterations
default ↓ [ 100% ] 01169/01170 VUs  15s  200.00 iters/s
2026/04/24 07:14:35 hotel k6 open reservation client timed out after 20s
