2026/05/05 06:09:37 telemetry disabled: AEGEAN_DISABLE_TRACING=1

         /\      Grafana   /‾‾/  
    /\  /  \     |\  __   /  /   
   /  \/    \    | |/ /  /   ‾‾\ 
  /          \   |   (  |  (‾)  |
 / __________ \  |_|\_\  \_____/ 

     execution: local
        script: workflow/aegean/k6_open_client.js
        output: -

     scenarios: (100.00%) 1 scenario, 10000 max VUs, 45s max duration (incl. graceful stop):
              * default: 750.00 iterations/s for 15s (maxVUs: 0-10000, gracefulStop: 30s)


running (01.0s), 00010/00018 VUs, 712 complete and 0 interrupted iterations
default   [   7% ] 00010/00018 VUs  01.0s/15s  750.00 iters/s

running (02.0s), 00008/00018 VUs, 1464 complete and 0 interrupted iterations
default   [  13% ] 00008/00018 VUs  02.0s/15s  750.00 iters/s

running (03.0s), 00011/00018 VUs, 2212 complete and 0 interrupted iterations
default   [  20% ] 00011/00018 VUs  03.0s/15s  750.00 iters/s

running (04.0s), 00011/00018 VUs, 2962 complete and 0 interrupted iterations
default   [  27% ] 00011/00018 VUs  04.0s/15s  750.00 iters/s

running (05.0s), 00013/00018 VUs, 3710 complete and 0 interrupted iterations
default   [  33% ] 00013/00018 VUs  05.0s/15s  750.00 iters/s

running (06.0s), 00010/00018 VUs, 4463 complete and 0 interrupted iterations
default   [  40% ] 00010/00018 VUs  06.0s/15s  750.00 iters/s

running (07.0s), 00010/00018 VUs, 5214 complete and 0 interrupted iterations
default   [  47% ] 00010/00018 VUs  07.0s/15s  750.00 iters/s

running (08.0s), 00010/00025 VUs, 5935 complete and 0 interrupted iterations
default   [  53% ] 00010/00025 VUs  08.0s/15s  750.00 iters/s

running (09.0s), 00010/00025 VUs, 6685 complete and 0 interrupted iterations
default   [  60% ] 00011/00025 VUs  09.0s/15s  750.00 iters/s

running (10.0s), 00010/00025 VUs, 7435 complete and 0 interrupted iterations
default   [  67% ] 00010/00025 VUs  10.0s/15s  750.00 iters/s

running (11.0s), 00009/00025 VUs, 8185 complete and 0 interrupted iterations
default   [  73% ] 00009/00025 VUs  11.0s/15s  750.00 iters/s

running (12.0s), 00010/00025 VUs, 8935 complete and 0 interrupted iterations
default   [  80% ] 00010/00025 VUs  12.0s/15s  750.00 iters/s

running (13.0s), 00012/00025 VUs, 9682 complete and 0 interrupted iterations
default   [  87% ] 00013/00025 VUs  13.0s/15s  750.00 iters/s

running (14.0s), 00009/00025 VUs, 10436 complete and 0 interrupted iterations
default   [  93% ] 00009/00025 VUs  14.0s/15s  750.00 iters/s

running (15.0s), 00021/00025 VUs, 11174 complete and 0 interrupted iterations
default ↓ [ 100% ] 00021/00025 VUs  15s  750.00 iters/s


  █ TOTAL RESULTS 

    HTTP
    http_req_duration..............: avg=13.63ms min=11.35ms med=13.11ms max=70.04ms p(90)=15.45ms p(95)=16.79ms
      { expected_response:true }...: avg=13.63ms min=11.35ms med=13.11ms max=70.04ms p(90)=15.45ms p(95)=16.79ms
    http_req_failed................: 0.00%  0 out of 11195
    http_reqs......................: 11195  745.29198/s

    EXECUTION
    dropped_iterations.............: 56     3.728124/s
    iteration_duration.............: avg=13.68ms min=11.38ms med=13.16ms max=70.1ms  p(90)=15.51ms p(95)=16.86ms
    iterations.....................: 11195  745.29198/s
    vus............................: 21     min=9          max=21
    vus_max........................: 25     min=18         max=25

    NETWORK
    data_received..................: 4.0 MB 264 kB/s
    data_sent......................: 4.2 MB 278 kB/s




running (15.0s), 00000/00025 VUs, 11195 complete and 0 interrupted iterations
default ✓ [ 100% ] 00000/00025 VUs  15s  750.00 iters/s
