2026/04/24 06:49:16 telemetry disabled: AEGEAN_DISABLE_TRACING=1

         /\      Grafana   /‾‾/  
    /\  /  \     |\  __   /  /   
   /  \/    \    | |/ /  /   ‾‾\ 
  /          \   |   (  |  (‾)  |
 / __________ \  |_|\_\  \_____/ 

     execution: local
        script: workflow/aegean/k6_open_client.js
        output: -

     scenarios: (100.00%) 1 scenario, 10000 max VUs, 45s max duration (incl. graceful stop):
              * default: 100.00 iterations/s for 15s (maxVUs: 0-10000, gracefulStop: 30s)


running (01.0s), 00002/00003 VUs, 95 complete and 0 interrupted iterations
default   [   7% ] 00002/00003 VUs  01.0s/15s  100.00 iters/s

running (02.0s), 00002/00003 VUs, 195 complete and 0 interrupted iterations
default   [  13% ] 00002/00003 VUs  02.0s/15s  100.00 iters/s

running (03.0s), 00003/00004 VUs, 293 complete and 0 interrupted iterations
default   [  20% ] 00003/00004 VUs  03.0s/15s  100.00 iters/s

running (04.0s), 00001/00004 VUs, 394 complete and 0 interrupted iterations
default   [  27% ] 00002/00004 VUs  04.0s/15s  100.00 iters/s

running (05.0s), 00002/00004 VUs, 494 complete and 0 interrupted iterations
default   [  33% ] 00002/00004 VUs  05.0s/15s  100.00 iters/s

running (06.0s), 00002/00004 VUs, 594 complete and 0 interrupted iterations
default   [  40% ] 00002/00004 VUs  06.0s/15s  100.00 iters/s

running (07.0s), 00002/00004 VUs, 694 complete and 0 interrupted iterations
default   [  47% ] 00002/00004 VUs  07.0s/15s  100.00 iters/s

running (08.0s), 00002/00004 VUs, 794 complete and 0 interrupted iterations
default   [  53% ] 00002/00004 VUs  08.0s/15s  100.00 iters/s

running (09.0s), 00002/00004 VUs, 894 complete and 0 interrupted iterations
default   [  60% ] 00002/00004 VUs  09.0s/15s  100.00 iters/s

running (10.0s), 00002/00004 VUs, 994 complete and 0 interrupted iterations
default   [  67% ] 00002/00004 VUs  10.0s/15s  100.00 iters/s

running (11.0s), 00002/00004 VUs, 1094 complete and 0 interrupted iterations
default   [  73% ] 00002/00004 VUs  11.0s/15s  100.00 iters/s

running (12.0s), 00004/00004 VUs, 1192 complete and 0 interrupted iterations
default   [  80% ] 00004/00004 VUs  12.0s/15s  100.00 iters/s

running (13.0s), 00002/00004 VUs, 1294 complete and 0 interrupted iterations
default   [  87% ] 00002/00004 VUs  13.0s/15s  100.00 iters/s

running (14.0s), 00002/00004 VUs, 1394 complete and 0 interrupted iterations
default   [  93% ] 00002/00004 VUs  14.0s/15s  100.00 iters/s

running (15.0s), 00002/00004 VUs, 1494 complete and 0 interrupted iterations
default   [ 100% ] 00002/00004 VUs  15s  100.00 iters/s


  █ TOTAL RESULTS 

    HTTP
    http_req_duration..............: avg=14.11ms min=10.64ms med=14.05ms max=35.82ms p(90)=15.46ms p(95)=15.78ms
      { expected_response:true }...: avg=14.11ms min=10.64ms med=14.05ms max=35.82ms p(90)=15.46ms p(95)=15.78ms
    http_req_failed................: 0.00%  0 out of 1496
    http_reqs......................: 1496   99.619681/s

    EXECUTION
    dropped_iterations.............: 5      0.332953/s
    iteration_duration.............: avg=14.43ms min=10.7ms  med=14.39ms max=36.17ms p(90)=15.83ms p(95)=16.15ms
    iterations.....................: 1496   99.619681/s
    vus............................: 2      min=1         max=3
    vus_max........................: 4      min=3         max=4

    NETWORK
    data_received..................: 489 kB 33 kB/s
    data_sent......................: 558 kB 37 kB/s




running (15.0s), 00000/00004 VUs, 1496 complete and 0 interrupted iterations
default ✓ [ 100% ] 00000/00004 VUs  15s  100.00 iters/s
