2026/05/05 06:09:05 telemetry disabled: AEGEAN_DISABLE_TRACING=1

         /\      Grafana   /‾‾/  
    /\  /  \     |\  __   /  /   
   /  \/    \    | |/ /  /   ‾‾\ 
  /          \   |   (  |  (‾)  |
 / __________ \  |_|\_\  \_____/ 

     execution: local
        script: workflow/aegean/k6_open_client.js
        output: -

     scenarios: (100.00%) 1 scenario, 10000 max VUs, 45s max duration (incl. graceful stop):
              * default: 700.00 iterations/s for 15s (maxVUs: 0-10000, gracefulStop: 30s)


running (01.0s), 00009/00012 VUs, 678 complete and 0 interrupted iterations
default   [   7% ] 00010/00012 VUs  01.0s/15s  700.00 iters/s

running (02.0s), 00010/00012 VUs, 1378 complete and 0 interrupted iterations
default   [  13% ] 00010/00012 VUs  02.0s/15s  700.00 iters/s

running (03.0s), 00010/00012 VUs, 2077 complete and 0 interrupted iterations
default   [  20% ] 00010/00012 VUs  03.0s/15s  700.00 iters/s

running (04.0s), 00009/00012 VUs, 2777 complete and 0 interrupted iterations
default   [  27% ] 00010/00012 VUs  04.0s/15s  700.00 iters/s

running (05.0s), 00008/00013 VUs, 3476 complete and 0 interrupted iterations
default   [  33% ] 00009/00013 VUs  05.0s/15s  700.00 iters/s

running (06.0s), 00009/00015 VUs, 4171 complete and 0 interrupted iterations
default   [  40% ] 00009/00015 VUs  06.0s/15s  700.00 iters/s

running (07.0s), 00012/00018 VUs, 4865 complete and 0 interrupted iterations
default   [  47% ] 00012/00018 VUs  07.0s/15s  700.00 iters/s

running (08.0s), 00010/00018 VUs, 5566 complete and 0 interrupted iterations
default   [  53% ] 00010/00018 VUs  08.0s/15s  700.00 iters/s

running (09.0s), 00012/00018 VUs, 6265 complete and 0 interrupted iterations
default   [  60% ] 00012/00018 VUs  09.0s/15s  700.00 iters/s

running (10.0s), 00010/00019 VUs, 6965 complete and 0 interrupted iterations
default   [  67% ] 00010/00019 VUs  10.0s/15s  700.00 iters/s

running (11.0s), 00009/00019 VUs, 7666 complete and 0 interrupted iterations
default   [  73% ] 00009/00019 VUs  11.0s/15s  700.00 iters/s

running (12.0s), 00010/00019 VUs, 8366 complete and 0 interrupted iterations
default   [  80% ] 00010/00019 VUs  12.0s/15s  700.00 iters/s

running (13.0s), 00010/00019 VUs, 9065 complete and 0 interrupted iterations
default   [  87% ] 00010/00019 VUs  13.0s/15s  700.00 iters/s

running (14.0s), 00009/00019 VUs, 9766 complete and 0 interrupted iterations
default   [  93% ] 00009/00019 VUs  14.0s/15s  700.00 iters/s

running (15.0s), 00008/00019 VUs, 10466 complete and 0 interrupted iterations
default   [ 100% ] 00009/00019 VUs  15.0s/15s  700.00 iters/s


  █ TOTAL RESULTS 

    HTTP
    http_req_duration..............: avg=13.4ms  min=11.33ms med=13.06ms max=30.43ms p(90)=15.13ms p(95)=16.13ms
      { expected_response:true }...: avg=13.4ms  min=11.33ms med=13.06ms max=30.43ms p(90)=15.13ms p(95)=16.13ms
    http_req_failed................: 0.00%  0 out of 10476
    http_reqs......................: 10476  697.810106/s

    EXECUTION
    dropped_iterations.............: 25     1.665259/s
    iteration_duration.............: avg=13.45ms min=11.39ms med=13.1ms  max=30.52ms p(90)=15.2ms  p(95)=16.17ms
    iterations.....................: 10476  697.810106/s
    vus............................: 10     min=8          max=12
    vus_max........................: 19     min=12         max=19

    NETWORK
    data_received..................: 3.7 MB 247 kB/s
    data_sent......................: 3.9 MB 260 kB/s




running (15.0s), 00000/00019 VUs, 10476 complete and 0 interrupted iterations
default ✓ [ 100% ] 00000/00019 VUs  15s  700.00 iters/s
