
         /\      Grafana   /‾‾/  
    /\  /  \     |\  __   /  /   
   /  \/    \    | |/ /  /   ‾‾\ 
  /          \   |   (  |  (‾)  |
 / __________ \  |_|\_\  \_____/ 

     execution: local
        script: workflow/media/k6_open_review_compose.js
        output: -

     scenarios: (100.00%) 1 scenario, 10000 max VUs, 15s max duration (incl. graceful stop):
              * default: 15.00 iterations/s for 15s (maxVUs: 15-10000)


running (01.0s), 00000/00015 VUs, 15 complete and 0 interrupted iterations
default   [   7% ] 00000/00015 VUs  01.0s/15s  15.00 iters/s

running (02.0s), 00000/00015 VUs, 30 complete and 0 interrupted iterations
default   [  13% ] 00000/00015 VUs  02.0s/15s  15.00 iters/s

running (03.0s), 00000/00015 VUs, 45 complete and 0 interrupted iterations
default   [  20% ] 00000/00015 VUs  03.0s/15s  15.00 iters/s

running (04.0s), 00000/00015 VUs, 60 complete and 0 interrupted iterations
default   [  27% ] 00000/00015 VUs  04.0s/15s  15.00 iters/s

running (05.0s), 00000/00015 VUs, 75 complete and 0 interrupted iterations
default   [  33% ] 00000/00015 VUs  05.0s/15s  15.00 iters/s

running (06.0s), 00000/00015 VUs, 90 complete and 0 interrupted iterations
default   [  40% ] 00000/00015 VUs  06.0s/15s  15.00 iters/s

running (07.0s), 00000/00015 VUs, 105 complete and 0 interrupted iterations
default   [  47% ] 00000/00015 VUs  07.0s/15s  15.00 iters/s

running (08.0s), 00000/00015 VUs, 120 complete and 0 interrupted iterations
default   [  53% ] 00000/00015 VUs  08.0s/15s  15.00 iters/s

running (09.0s), 00000/00015 VUs, 135 complete and 0 interrupted iterations
default   [  60% ] 00000/00015 VUs  09.0s/15s  15.00 iters/s

running (10.0s), 00000/00015 VUs, 150 complete and 0 interrupted iterations
default   [  67% ] 00000/00015 VUs  10.0s/15s  15.00 iters/s

running (11.0s), 00000/00015 VUs, 165 complete and 0 interrupted iterations
default   [  73% ] 00000/00015 VUs  11.0s/15s  15.00 iters/s

running (12.0s), 00000/00015 VUs, 180 complete and 0 interrupted iterations
default   [  80% ] 00000/00015 VUs  12.0s/15s  15.00 iters/s

running (13.0s), 00000/00015 VUs, 195 complete and 0 interrupted iterations
default   [  87% ] 00000/00015 VUs  13.0s/15s  15.00 iters/s

running (14.0s), 00000/00015 VUs, 210 complete and 0 interrupted iterations
default   [  93% ] 00000/00015 VUs  14.0s/15s  15.00 iters/s

running (15.0s), 00000/00015 VUs, 225 complete and 0 interrupted iterations
default   [ 100% ] 00000/00015 VUs  15.0s/15s  15.00 iters/s


  █ TOTAL RESULTS 

    HTTP
    http_req_duration..............: avg=36.86ms min=29.19ms med=37.2ms  max=43.83ms p(90)=40.63ms p(95)=41.72ms
      { expected_response:true }...: avg=36.86ms min=29.19ms med=37.2ms  max=43.83ms p(90)=40.63ms p(95)=41.72ms
    http_req_failed................: 0.00%  0 out of 225
    http_reqs......................: 225    14.999166/s

    EXECUTION
    iteration_duration.............: avg=37.03ms min=29.29ms med=37.44ms max=44ms    p(90)=40.89ms p(95)=41.84ms
    iterations.....................: 225    14.999166/s
    vus............................: 0      min=0        max=0 
    vus_max........................: 15     min=15       max=15

    NETWORK
    data_received..................: 54 kB  3.6 kB/s
    data_sent......................: 125 kB 8.3 kB/s




running (15.0s), 00000/00015 VUs, 225 complete and 1 interrupted iterations
default ✓ [ 100% ] 00001/00015 VUs  15s  15.00 iters/s
