
         /\      Grafana   /‾‾/  
    /\  /  \     |\  __   /  /   
   /  \/    \    | |/ /  /   ‾‾\ 
  /          \   |   (  |  (‾)  |
 / __________ \  |_|\_\  \_____/ 

     execution: local
        script: workflow/aegean/k6_open_client.js
        output: -

     scenarios: (100.00%) 1 scenario, 50 max VUs, 45s max duration (incl. graceful stop):
              * default: 500.00 iterations/s for 15s (maxVUs: 50, gracefulStop: 30s)

time="2026-03-23T03:29:10Z" level=warning msg="Insufficient VUs, reached 50 active VUs and cannot initialize more" executor=constant-arrival-rate scenario=default

running (01.0s), 50/50 VUs, 223 complete and 0 interrupted iterations
default   [   7% ] 50/50 VUs  01.0s/15s  500.00 iters/s

running (02.0s), 50/50 VUs, 468 complete and 0 interrupted iterations
default   [  13% ] 50/50 VUs  02.0s/15s  500.00 iters/s

running (03.0s), 50/50 VUs, 686 complete and 0 interrupted iterations
default   [  20% ] 50/50 VUs  03.0s/15s  500.00 iters/s

running (04.0s), 12/50 VUs, 941 complete and 0 interrupted iterations
default   [  27% ] 12/50 VUs  04.0s/15s  500.00 iters/s

running (05.0s), 50/50 VUs, 1169 complete and 0 interrupted iterations
default   [  33% ] 50/50 VUs  05.0s/15s  500.00 iters/s

running (06.0s), 37/50 VUs, 1485 complete and 0 interrupted iterations
default   [  40% ] 37/50 VUs  06.0s/15s  500.00 iters/s

running (07.0s), 50/50 VUs, 1747 complete and 0 interrupted iterations
default   [  47% ] 50/50 VUs  07.0s/15s  500.00 iters/s

running (08.0s), 22/50 VUs, 2043 complete and 0 interrupted iterations
default   [  53% ] 22/50 VUs  08.0s/15s  500.00 iters/s

running (09.0s), 50/50 VUs, 2263 complete and 0 interrupted iterations
default   [  60% ] 50/50 VUs  09.0s/15s  500.00 iters/s

running (10.0s), 38/50 VUs, 2516 complete and 0 interrupted iterations
default   [  67% ] 38/50 VUs  10.0s/15s  500.00 iters/s

running (11.0s), 50/50 VUs, 2725 complete and 0 interrupted iterations
default   [  73% ] 50/50 VUs  11.0s/15s  500.00 iters/s

running (12.0s), 50/50 VUs, 2985 complete and 0 interrupted iterations
default   [  80% ] 50/50 VUs  12.0s/15s  500.00 iters/s

running (13.0s), 48/50 VUs, 3266 complete and 0 interrupted iterations
default   [  87% ] 48/50 VUs  13.0s/15s  500.00 iters/s

running (14.0s), 48/50 VUs, 3552 complete and 0 interrupted iterations
default   [  93% ] 48/50 VUs  14.0s/15s  500.00 iters/s

running (15.0s), 50/50 VUs, 3808 complete and 0 interrupted iterations
default   [ 100% ] 50/50 VUs  15.0s/15s  500.00 iters/s


  █ TOTAL RESULTS 

    HTTP
    http_req_duration..............: avg=156.48ms min=35.25ms med=149.34ms max=311.15ms p(90)=236.14ms p(95)=249.96ms
      { expected_response:true }...: avg=156.48ms min=35.25ms med=149.34ms max=311.15ms p(90)=236.14ms p(95)=249.96ms
    http_req_failed................: 0.00%  0 out of 3858
    http_reqs......................: 3858   256.097561/s

    EXECUTION
    dropped_iterations.............: 3642   241.759283/s
    iteration_duration.............: avg=156.56ms min=35.3ms  med=149.39ms max=311.23ms p(90)=236.2ms  p(95)=250.02ms
    iterations.....................: 3858   256.097561/s
    vus............................: 50     min=12        max=50
    vus_max........................: 50     min=50        max=50

    NETWORK
    data_received..................: 1.1 MB 73 kB/s
    data_sent......................: 1.4 MB 96 kB/s




running (15.1s), 00/50 VUs, 3858 complete and 0 interrupted iterations
default ✓ [ 100% ] 00/50 VUs  15s  500.00 iters/s
