2026/04/24 07:53:19 telemetry disabled: AEGEAN_DISABLE_TRACING=1

         /\      Grafana   /‾‾/  
    /\  /  \     |\  __   /  /   
   /  \/    \    | |/ /  /   ‾‾\ 
  /          \   |   (  |  (‾)  |
 / __________ \  |_|\_\  \_____/ 

     execution: local
        script: workflow/req_race/k6_open_client.js
        output: -

     scenarios: (100.00%) 1 scenario, 10000 max VUs, 45s max duration (incl. graceful stop):
              * default: 800.00 iterations/s for 15s (maxVUs: 0-10000, gracefulStop: 30s)


running (01.0s), 00117/00117 VUs, 502 complete and 0 interrupted iterations
default   [   7% ] 00117/00117 VUs  01.0s/15s  800.00 iters/s

running (02.0s), 00177/00186 VUs, 1139 complete and 0 interrupted iterations
default   [  13% ] 00177/00186 VUs  02.0s/15s  800.00 iters/s

running (03.0s), 00242/00255 VUs, 1767 complete and 0 interrupted iterations
default   [  20% ] 00242/00255 VUs  03.0s/15s  800.00 iters/s

running (04.0s), 00378/00382 VUs, 2231 complete and 0 interrupted iterations
default   [  27% ] 00378/00382 VUs  04.0s/15s  800.00 iters/s

running (05.0s), 00550/00551 VUs, 2377 complete and 0 interrupted iterations
default   [  33% ] 00550/00550 VUs  05.0s/15s  800.00 iters/s

running (06.0s), 00682/00692 VUs, 2834 complete and 0 interrupted iterations
default   [  40% ] 00684/00692 VUs  06.0s/15s  800.00 iters/s

running (07.0s), 00795/00796 VUs, 3353 complete and 0 interrupted iterations
default   [  47% ] 00795/00796 VUs  07.0s/15s  800.00 iters/s

running (08.0s), 00914/00915 VUs, 3824 complete and 0 interrupted iterations
default   [  53% ] 00914/00915 VUs  08.0s/15s  800.00 iters/s

running (09.0s), 01002/01019 VUs, 4356 complete and 0 interrupted iterations
default   [  60% ] 01002/01019 VUs  09.0s/15s  800.00 iters/s

running (10.0s), 01123/01132 VUs, 4868 complete and 0 interrupted iterations
default   [  67% ] 01124/01132 VUs  10.0s/15s  800.00 iters/s

running (11.0s), 01267/01269 VUs, 5297 complete and 0 interrupted iterations
default   [  73% ] 01267/01269 VUs  11.0s/15s  800.00 iters/s

running (12.0s), 01353/01362 VUs, 5879 complete and 0 interrupted iterations
default   [  80% ] 01353/01362 VUs  12.0s/15s  800.00 iters/s

running (13.0s), 01455/01460 VUs, 6420 complete and 0 interrupted iterations
default   [  87% ] 01455/01460 VUs  13.0s/15s  800.00 iters/s

running (14.0s), 01582/01589 VUs, 6884 complete and 0 interrupted iterations
default   [  93% ] 01582/01589 VUs  14.0s/15s  800.00 iters/s

running (15.0s), 01653/01679 VUs, 7471 complete and 0 interrupted iterations
default ↓ [ 100% ] 01653/01679 VUs  15s  800.00 iters/s

running (16.0s), 01072/01679 VUs, 8052 complete and 0 interrupted iterations
default ↓ [ 100% ] 01653/01679 VUs  15s  800.00 iters/s

running (17.0s), 00484/01679 VUs, 8640 complete and 0 interrupted iterations
default ↓ [ 100% ] 01653/01679 VUs  15s  800.00 iters/s


  █ TOTAL RESULTS 

    HTTP
    http_req_duration..............: avg=1.62s min=31.69ms med=1.7s max=2.85s p(90)=2.69s p(95)=2.71s
      { expected_response:true }...: avg=1.62s min=31.69ms med=1.7s max=2.85s p(90)=2.69s p(95)=2.71s
    http_req_failed................: 0.00%  0 out of 9124
    http_reqs......................: 9124   511.590673/s

    EXECUTION
    dropped_iterations.............: 2877   161.31591/s
    iteration_duration.............: avg=1.62s min=31.72ms med=1.7s max=2.85s p(90)=2.69s p(95)=2.71s
    iterations.....................: 9124   511.590673/s
    vus............................: 484    min=117       max=1653
    vus_max........................: 1679   min=117       max=1679

    NETWORK
    data_received..................: 2.4 MB 137 kB/s
    data_sent......................: 1.8 MB 100 kB/s




running (17.8s), 00000/01679 VUs, 9124 complete and 0 interrupted iterations
default ✓ [ 100% ] 00000/01679 VUs  15s  800.00 iters/s
