2026/05/02 05:44:49 telemetry disabled: AEGEAN_DISABLE_TRACING=1

         /\      Grafana   /‾‾/  
    /\  /  \     |\  __   /  /   
   /  \/    \    | |/ /  /   ‾‾\ 
  /          \   |   (  |  (‾)  |
 / __________ \  |_|\_\  \_____/ 

     execution: local
        script: workflow/aegean/k6_open_client.js
        output: -

     scenarios: (100.00%) 1 scenario, 10000 max VUs, 45s max duration (incl. graceful stop):
              * default: 400.00 iterations/s for 15s (maxVUs: 0-10000, gracefulStop: 30s)


running (01.0s), 00006/00010 VUs, 384 complete and 0 interrupted iterations
default   [   7% ] 00006/00010 VUs  01.0s/15s  400.00 iters/s

running (02.0s), 00005/00010 VUs, 784 complete and 0 interrupted iterations
default   [  13% ] 00005/00010 VUs  02.0s/15s  400.00 iters/s

running (03.0s), 00005/00010 VUs, 1184 complete and 0 interrupted iterations
default   [  20% ] 00005/00010 VUs  03.0s/15s  400.00 iters/s

running (04.0s), 00006/00010 VUs, 1584 complete and 0 interrupted iterations
default   [  27% ] 00006/00010 VUs  04.0s/15s  400.00 iters/s

running (05.0s), 00006/00010 VUs, 1984 complete and 0 interrupted iterations
default   [  33% ] 00006/00010 VUs  05.0s/15s  400.00 iters/s

running (06.0s), 00006/00010 VUs, 2384 complete and 0 interrupted iterations
default   [  40% ] 00006/00010 VUs  06.0s/15s  400.00 iters/s

running (07.0s), 00006/00011 VUs, 2783 complete and 0 interrupted iterations
default   [  47% ] 00006/00011 VUs  07.0s/15s  400.00 iters/s

running (08.0s), 00006/00011 VUs, 3183 complete and 0 interrupted iterations
default   [  53% ] 00006/00011 VUs  08.0s/15s  400.00 iters/s

running (09.0s), 00006/00011 VUs, 3582 complete and 0 interrupted iterations
default   [  60% ] 00006/00011 VUs  09.0s/15s  400.00 iters/s

running (10.0s), 00004/00011 VUs, 3984 complete and 0 interrupted iterations
default   [  67% ] 00005/00011 VUs  10.0s/15s  400.00 iters/s

running (11.0s), 00005/00011 VUs, 4384 complete and 0 interrupted iterations
default   [  73% ] 00005/00011 VUs  11.0s/15s  400.00 iters/s

running (12.0s), 00006/00011 VUs, 4783 complete and 0 interrupted iterations
default   [  80% ] 00006/00011 VUs  12.0s/15s  400.00 iters/s

running (13.0s), 00005/00013 VUs, 5169 complete and 0 interrupted iterations
default   [  87% ] 00005/00013 VUs  13.0s/15s  400.00 iters/s

running (14.0s), 00006/00013 VUs, 5569 complete and 0 interrupted iterations
default   [  93% ] 00006/00013 VUs  14.0s/15s  400.00 iters/s

running (15.0s), 00005/00013 VUs, 5969 complete and 0 interrupted iterations
default ↓ [ 100% ] 00005/00013 VUs  15s  400.00 iters/s


  █ TOTAL RESULTS 

    HTTP
    http_req_duration..............: avg=13.36ms min=11.37ms med=13.17ms max=67.76ms p(90)=14.61ms p(95)=15.25ms
      { expected_response:true }...: avg=13.36ms min=11.37ms med=13.17ms max=67.76ms p(90)=14.61ms p(95)=15.25ms
    http_req_failed................: 0.00%  0 out of 5974
    http_reqs......................: 5974   397.964958/s

    EXECUTION
    dropped_iterations.............: 26     1.73202/s
    iteration_duration.............: avg=13.41ms min=11.41ms med=13.22ms max=67.8ms  p(90)=14.68ms p(95)=15.31ms
    iterations.....................: 5974   397.964958/s
    vus............................: 5      min=5         max=6 
    vus_max........................: 13     min=10        max=13

    NETWORK
    data_received..................: 2.1 MB 141 kB/s
    data_sent......................: 2.2 MB 148 kB/s




running (15.0s), 00000/00013 VUs, 5974 complete and 0 interrupted iterations
default ✓ [ 100% ] 00000/00013 VUs  15s  400.00 iters/s
