2026/04/24 07:54:02 telemetry disabled: AEGEAN_DISABLE_TRACING=1

         /\      Grafana   /‾‾/  
    /\  /  \     |\  __   /  /   
   /  \/    \    | |/ /  /   ‾‾\ 
  /          \   |   (  |  (‾)  |
 / __________ \  |_|\_\  \_____/ 

     execution: local
        script: workflow/social/k6_open_client.js
        output: -

     scenarios: (100.00%) 1 scenario, 10000 max VUs, 45s max duration (incl. graceful stop):
              * default: 100.00 iterations/s for 15s (maxVUs: 0-10000, gracefulStop: 30s)


running (01.0s), 00008/00011 VUs, 81 complete and 0 interrupted iterations
default   [   7% ] 00008/00011 VUs  01.0s/15s  100.00 iters/s

running (02.0s), 00005/00012 VUs, 182 complete and 0 interrupted iterations
default   [  13% ] 00005/00012 VUs  02.0s/15s  100.00 iters/s

running (03.0s), 00006/00012 VUs, 282 complete and 0 interrupted iterations
default   [  20% ] 00006/00012 VUs  03.0s/15s  100.00 iters/s

running (04.0s), 00006/00012 VUs, 382 complete and 0 interrupted iterations
default   [  27% ] 00006/00012 VUs  04.0s/15s  100.00 iters/s

running (05.0s), 00007/00012 VUs, 481 complete and 0 interrupted iterations
default   [  33% ] 00007/00012 VUs  05.0s/15s  100.00 iters/s

running (06.0s), 00008/00012 VUs, 580 complete and 0 interrupted iterations
default   [  40% ] 00008/00012 VUs  06.0s/15s  100.00 iters/s

running (07.0s), 00008/00012 VUs, 679 complete and 0 interrupted iterations
default   [  47% ] 00009/00012 VUs  07.0s/15s  100.00 iters/s

running (08.0s), 00010/00012 VUs, 778 complete and 0 interrupted iterations
default   [  53% ] 00010/00012 VUs  08.0s/15s  100.00 iters/s

running (09.0s), 00007/00012 VUs, 881 complete and 0 interrupted iterations
default   [  60% ] 00007/00012 VUs  09.0s/15s  100.00 iters/s

running (10.0s), 00004/00012 VUs, 983 complete and 0 interrupted iterations
default   [  67% ] 00004/00012 VUs  10.0s/15s  100.00 iters/s

running (11.0s), 00009/00012 VUs, 1079 complete and 0 interrupted iterations
default   [  73% ] 00009/00012 VUs  11.0s/15s  100.00 iters/s

running (12.0s), 00006/00012 VUs, 1182 complete and 0 interrupted iterations
default   [  80% ] 00006/00012 VUs  12.0s/15s  100.00 iters/s

running (13.0s), 00009/00012 VUs, 1278 complete and 0 interrupted iterations
default   [  87% ] 00010/00012 VUs  13.0s/15s  100.00 iters/s

running (14.0s), 00008/00012 VUs, 1379 complete and 0 interrupted iterations
default   [  93% ] 00008/00012 VUs  14.0s/15s  100.00 iters/s

running (15.0s), 00008/00012 VUs, 1479 complete and 0 interrupted iterations
default ↓ [ 100% ] 00008/00012 VUs  15s  100.00 iters/s


  █ TOTAL RESULTS 

    HTTP
    http_req_duration..............: avg=68.08ms min=28.7ms  med=67.69ms max=112.35ms p(90)=91.93ms p(95)=96.72ms
      { expected_response:true }...: avg=68.08ms min=28.7ms  med=67.69ms max=112.35ms p(90)=91.93ms p(95)=96.72ms
    http_req_failed................: 0.00%  0 out of 1487
    http_reqs......................: 1487   98.721509/s

    EXECUTION
    dropped_iterations.............: 13     0.863066/s
    iteration_duration.............: avg=68.17ms min=28.77ms med=67.84ms max=112.45ms p(90)=92ms    p(95)=96.84ms
    iterations.....................: 1487   98.721509/s
    vus............................: 8      min=4         max=9 
    vus_max........................: 12     min=11        max=12

    NETWORK
    data_received..................: 300 kB 20 kB/s
    data_sent......................: 489 kB 32 kB/s




running (15.1s), 00000/00012 VUs, 1487 complete and 0 interrupted iterations
default ✓ [ 100% ] 00000/00012 VUs  15s  100.00 iters/s
