2026/04/30 17:17:04 telemetry disabled: AEGEAN_DISABLE_TRACING=1

         /\      Grafana   /‾‾/  
    /\  /  \     |\  __   /  /   
   /  \/    \    | |/ /  /   ‾‾\ 
  /          \   |   (  |  (‾)  |
 / __________ \  |_|\_\  \_____/ 

     execution: local
        script: workflow/aegean/k6_open_client.js
        output: -

     scenarios: (100.00%) 1 scenario, 10000 max VUs, 45s max duration (incl. graceful stop):
              * default: 250.00 iterations/s for 15s (maxVUs: 0-10000, gracefulStop: 30s)


running (01.0s), 00004/00005 VUs, 241 complete and 0 interrupted iterations
default   [   7% ] 00004/00005 VUs  01.0s/15s  250.00 iters/s

running (02.0s), 00006/00012 VUs, 474 complete and 0 interrupted iterations
default   [  13% ] 00006/00012 VUs  02.0s/15s  250.00 iters/s

running (03.0s), 00004/00013 VUs, 724 complete and 0 interrupted iterations
default   [  20% ] 00004/00013 VUs  03.0s/15s  250.00 iters/s

running (04.0s), 00004/00013 VUs, 974 complete and 0 interrupted iterations
default   [  27% ] 00004/00013 VUs  04.0s/15s  250.00 iters/s

running (05.0s), 00004/00013 VUs, 1224 complete and 0 interrupted iterations
default   [  33% ] 00004/00013 VUs  05.0s/15s  250.00 iters/s

running (06.0s), 00004/00013 VUs, 1474 complete and 0 interrupted iterations
default   [  40% ] 00004/00013 VUs  06.0s/15s  250.00 iters/s

running (07.0s), 00004/00013 VUs, 1724 complete and 0 interrupted iterations
default   [  47% ] 00004/00013 VUs  07.0s/15s  250.00 iters/s

running (08.0s), 00004/00013 VUs, 1974 complete and 0 interrupted iterations
default   [  53% ] 00004/00013 VUs  08.0s/15s  250.00 iters/s

running (09.0s), 00004/00013 VUs, 2224 complete and 0 interrupted iterations
default   [  60% ] 00004/00013 VUs  09.0s/15s  250.00 iters/s

running (10.0s), 00004/00013 VUs, 2474 complete and 0 interrupted iterations
default   [  67% ] 00004/00013 VUs  10.0s/15s  250.00 iters/s

running (11.0s), 00004/00013 VUs, 2724 complete and 0 interrupted iterations
default   [  73% ] 00004/00013 VUs  11.0s/15s  250.00 iters/s

running (12.0s), 00003/00013 VUs, 2975 complete and 0 interrupted iterations
default   [  80% ] 00003/00013 VUs  12.0s/15s  250.00 iters/s

running (13.0s), 00004/00013 VUs, 3224 complete and 0 interrupted iterations
default   [  87% ] 00004/00013 VUs  13.0s/15s  250.00 iters/s

running (14.0s), 00004/00013 VUs, 3474 complete and 0 interrupted iterations
default   [  93% ] 00004/00013 VUs  14.0s/15s  250.00 iters/s

running (15.0s), 00004/00013 VUs, 3724 complete and 0 interrupted iterations
default ↓ [ 100% ] 00004/00013 VUs  15s  250.00 iters/s


  █ TOTAL RESULTS 

    HTTP
    http_req_duration..............: avg=13.44ms min=10.42ms med=12.99ms max=75.38ms p(90)=14.53ms p(95)=15.48ms
      { expected_response:true }...: avg=13.44ms min=10.42ms med=12.99ms max=75.38ms p(90)=14.53ms p(95)=15.48ms
    http_req_failed................: 0.00%  0 out of 3728
    http_reqs......................: 3728   248.292971/s

    EXECUTION
    dropped_iterations.............: 23     1.53185/s
    iteration_duration.............: avg=13.67ms min=10.47ms med=13.17ms max=77.66ms p(90)=14.81ms p(95)=15.93ms
    iterations.....................: 3728   248.292971/s
    vus............................: 4      min=3         max=7 
    vus_max........................: 13     min=5         max=13

    NETWORK
    data_received..................: 1.2 MB 81 kB/s
    data_sent......................: 1.4 MB 93 kB/s




running (15.0s), 00000/00013 VUs, 3728 complete and 0 interrupted iterations
default ✓ [ 100% ] 00000/00013 VUs  15s  250.00 iters/s
