
         /\      Grafana   /‾‾/  
    /\  /  \     |\  __   /  /   
   /  \/    \    | |/ /  /   ‾‾\ 
  /          \   |   (  |  (‾)  |
 / __________ \  |_|\_\  \_____/ 

     execution: local
        script: workflow/media/k6_open_review_compose.js
        output: -

     scenarios: (100.00%) 1 scenario, 10000 max VUs, 15s max duration (incl. graceful stop):
              * default: 43.00 iterations/s for 15s (maxVUs: 43-10000)


running (01.0s), 00004/00043 VUs, 39 complete and 0 interrupted iterations
default   [   7% ] 00004/00043 VUs  01.0s/15s  43.00 iters/s

running (02.0s), 00007/00043 VUs, 79 complete and 0 interrupted iterations
default   [  13% ] 00007/00043 VUs  02.0s/15s  43.00 iters/s

running (03.0s), 00009/00043 VUs, 120 complete and 0 interrupted iterations
default   [  20% ] 00009/00043 VUs  03.0s/15s  43.00 iters/s

running (04.0s), 00012/00043 VUs, 160 complete and 0 interrupted iterations
default   [  27% ] 00012/00043 VUs  04.0s/15s  43.00 iters/s

running (05.0s), 00015/00043 VUs, 200 complete and 0 interrupted iterations
default   [  33% ] 00015/00043 VUs  05.0s/15s  43.00 iters/s

running (06.0s), 00018/00043 VUs, 240 complete and 0 interrupted iterations
default   [  40% ] 00018/00043 VUs  06.0s/15s  43.00 iters/s

running (07.0s), 00023/00043 VUs, 278 complete and 0 interrupted iterations
default   [  47% ] 00023/00043 VUs  07.0s/15s  43.00 iters/s

running (08.0s), 00029/00043 VUs, 315 complete and 0 interrupted iterations
default   [  53% ] 00029/00043 VUs  08.0s/15s  43.00 iters/s

running (09.0s), 00035/00043 VUs, 352 complete and 0 interrupted iterations
default   [  60% ] 00035/00043 VUs  09.0s/15s  43.00 iters/s

running (10.0s), 00042/00043 VUs, 388 complete and 0 interrupted iterations
default   [  67% ] 00042/00043 VUs  10.0s/15s  43.00 iters/s

running (11.0s), 00045/00047 VUs, 424 complete and 0 interrupted iterations
default   [  73% ] 00045/00047 VUs  11.0s/15s  43.00 iters/s

running (12.0s), 00049/00051 VUs, 459 complete and 0 interrupted iterations
default   [  80% ] 00049/00051 VUs  12.0s/15s  43.00 iters/s

running (13.0s), 00054/00055 VUs, 493 complete and 0 interrupted iterations
default   [  87% ] 00054/00055 VUs  13.0s/15s  43.00 iters/s

running (14.0s), 00059/00059 VUs, 527 complete and 0 interrupted iterations
default   [  93% ] 00059/00059 VUs  14.0s/15s  43.00 iters/s

running (15.0s), 00063/00065 VUs, 560 complete and 0 interrupted iterations
default   [ 100% ] 00063/00065 VUs  15.0s/15s  43.00 iters/s


  █ TOTAL RESULTS 

    HTTP
    http_req_duration..............: avg=686.05ms min=44.46ms med=545.69ms max=1.67s p(90)=1.42s p(95)=1.51s
      { expected_response:true }...: avg=686.05ms min=44.46ms med=545.69ms max=1.67s p(90)=1.42s p(95)=1.51s
    http_req_failed................: 0.00%  0 out of 560
    http_reqs......................: 560    37.32756/s

    EXECUTION
    dropped_iterations.............: 22     1.46644/s
    iteration_duration.............: avg=686.22ms min=45.1ms  med=545.85ms max=1.67s p(90)=1.42s p(95)=1.51s
    iterations.....................: 560    37.32756/s
    vus............................: 63     min=4        max=63
    vus_max........................: 65     min=43       max=65

    NETWORK
    data_received..................: 134 kB 8.9 kB/s
    data_sent......................: 347 kB 23 kB/s




running (15.0s), 00000/00065 VUs, 560 complete and 64 interrupted iterations
default ✓ [ 100% ] 00064/00065 VUs  15s  43.00 iters/s
