
         /\      Grafana   /‾‾/  
    /\  /  \     |\  __   /  /   
   /  \/    \    | |/ /  /   ‾‾\ 
  /          \   |   (  |  (‾)  |
 / __________ \  |_|\_\  \_____/ 

     execution: local
        script: workflow/hotel/k6_open_reservation_client.js
        output: -

     scenarios: (100.00%) 1 scenario, 10000 max VUs, 15s max duration (incl. graceful stop):
              * default: 220.00 iterations/s for 15s (maxVUs: 220-10000)


running (01.0s), 00003/00220 VUs, 214 complete and 0 interrupted iterations
default   [   7% ] 00003/00220 VUs  01.0s/15s  220.00 iters/s

running (02.0s), 00003/00220 VUs, 434 complete and 0 interrupted iterations
default   [  13% ] 00003/00220 VUs  02.0s/15s  220.00 iters/s

running (03.0s), 00004/00220 VUs, 653 complete and 0 interrupted iterations
default   [  20% ] 00004/00220 VUs  03.0s/15s  220.00 iters/s

running (04.0s), 00004/00220 VUs, 873 complete and 0 interrupted iterations
default   [  27% ] 00004/00220 VUs  04.0s/15s  220.00 iters/s

running (05.0s), 00004/00220 VUs, 1093 complete and 0 interrupted iterations
default   [  33% ] 00004/00220 VUs  05.0s/15s  220.00 iters/s

running (06.0s), 00004/00220 VUs, 1313 complete and 0 interrupted iterations
default   [  40% ] 00004/00220 VUs  06.0s/15s  220.00 iters/s

running (07.0s), 00004/00220 VUs, 1533 complete and 0 interrupted iterations
default   [  47% ] 00004/00220 VUs  07.0s/15s  220.00 iters/s

running (08.0s), 00003/00220 VUs, 1754 complete and 0 interrupted iterations
default   [  53% ] 00003/00220 VUs  08.0s/15s  220.00 iters/s

running (09.0s), 00004/00220 VUs, 1973 complete and 0 interrupted iterations
default   [  60% ] 00004/00220 VUs  09.0s/15s  220.00 iters/s

running (10.0s), 00004/00220 VUs, 2193 complete and 0 interrupted iterations
default   [  67% ] 00004/00220 VUs  10.0s/15s  220.00 iters/s

running (11.0s), 00018/00220 VUs, 2399 complete and 0 interrupted iterations
default   [  73% ] 00018/00220 VUs  11.0s/15s  220.00 iters/s

running (12.0s), 00043/00220 VUs, 2594 complete and 0 interrupted iterations
default   [  80% ] 00043/00220 VUs  12.0s/15s  220.00 iters/s

running (13.0s), 00076/00220 VUs, 2781 complete and 0 interrupted iterations
default   [  87% ] 00076/00220 VUs  13.0s/15s  220.00 iters/s

running (14.0s), 00122/00220 VUs, 2955 complete and 0 interrupted iterations
default   [  93% ] 00122/00220 VUs  14.0s/15s  220.00 iters/s

running (15.0s), 00167/00220 VUs, 3130 complete and 0 interrupted iterations
default   [ 100% ] 00167/00220 VUs  15.0s/15s  220.00 iters/s


  █ TOTAL RESULTS 

    HTTP
    http_req_duration..............: avg=100.11ms min=5.6ms  med=17.81ms max=771.04ms p(90)=386.96ms p(95)=585.18ms
      { expected_response:true }...: avg=100.11ms min=5.6ms  med=17.81ms max=771.04ms p(90)=386.96ms p(95)=585.18ms
    http_req_failed................: 0.00%  0 out of 3134
    http_reqs......................: 3134   208.900572/s

    EXECUTION
    iteration_duration.............: avg=100.25ms min=5.74ms med=17.97ms max=771.15ms p(90)=387.09ms p(95)=585.31ms
    iterations.....................: 3134   208.900572/s
    vus............................: 167    min=3         max=167
    vus_max........................: 220    min=220       max=220

    NETWORK
    data_received..................: 821 kB 55 kB/s
    data_sent......................: 1.3 MB 83 kB/s




running (15.0s), 00000/00220 VUs, 3134 complete and 167 interrupted iterations
default ✓ [ 100% ] 00167/00220 VUs  15s  220.00 iters/s
