2026/04/24 07:17:53 telemetry disabled: AEGEAN_DISABLE_TRACING=1

         /\      Grafana   /‾‾/  
    /\  /  \     |\  __   /  /   
   /  \/    \    | |/ /  /   ‾‾\ 
  /          \   |   (  |  (‾)  |
 / __________ \  |_|\_\  \_____/ 

     execution: local
        script: workflow/hotel/k6_open_reservation_client.js
        output: -

     scenarios: (100.00%) 1 scenario, 10000 max VUs, 45s max duration (incl. graceful stop):
              * default: 200.00 iterations/s for 15s (maxVUs: 0-10000, gracefulStop: 30s)


running (01.0s), 00015/00017 VUs, 167 complete and 0 interrupted iterations
default   [   7% ] 00015/00017 VUs  01.0s/15s  200.00 iters/s

running (02.0s), 00029/00035 VUs, 327 complete and 0 interrupted iterations
default   [  13% ] 00029/00035 VUs  02.0s/15s  200.00 iters/s

running (03.0s), 00013/00035 VUs, 542 complete and 0 interrupted iterations
default   [  20% ] 00013/00035 VUs  03.0s/15s  200.00 iters/s

running (04.0s), 00010/00035 VUs, 745 complete and 0 interrupted iterations
default   [  27% ] 00011/00035 VUs  04.0s/15s  200.00 iters/s

running (05.0s), 00018/00041 VUs, 923 complete and 0 interrupted iterations
default   [  33% ] 00018/00041 VUs  05.0s/15s  200.00 iters/s

running (06.0s), 00021/00041 VUs, 1120 complete and 0 interrupted iterations
default   [  40% ] 00021/00041 VUs  06.0s/15s  200.00 iters/s

running (07.0s), 00036/00042 VUs, 1297 complete and 0 interrupted iterations
default   [  47% ] 00037/00042 VUs  07.0s/15s  200.00 iters/s

running (08.0s), 00039/00053 VUs, 1484 complete and 0 interrupted iterations
default   [  53% ] 00039/00053 VUs  08.0s/15s  200.00 iters/s

running (09.0s), 00048/00054 VUs, 1674 complete and 0 interrupted iterations
default   [  60% ] 00048/00054 VUs  09.0s/15s  200.00 iters/s

running (10.0s), 00031/00054 VUs, 1891 complete and 0 interrupted iterations
default   [  67% ] 00031/00054 VUs  10.0s/15s  200.00 iters/s

running (11.0s), 00035/00054 VUs, 2087 complete and 0 interrupted iterations
default   [  73% ] 00035/00054 VUs  11.0s/15s  200.00 iters/s

running (12.0s), 00055/00063 VUs, 2258 complete and 0 interrupted iterations
default   [  80% ] 00055/00063 VUs  12.0s/15s  200.00 iters/s

running (13.0s), 00064/00068 VUs, 2444 complete and 0 interrupted iterations
default   [  87% ] 00064/00068 VUs  13.0s/15s  200.00 iters/s

running (14.0s), 00078/00078 VUs, 2619 complete and 0 interrupted iterations
default   [  93% ] 00078/00078 VUs  14.0s/15s  200.00 iters/s

running (15.0s), 00104/00104 VUs, 2760 complete and 0 interrupted iterations
default   [ 100% ] 00104/00104 VUs  15s  200.00 iters/s


  █ TOTAL RESULTS 

    HTTP
    http_req_duration..............: avg=202.22ms min=31.33ms med=177.4ms  max=638ms    p(90)=381.01ms p(95)=578.93ms
      { expected_response:true }...: avg=202.22ms min=31.33ms med=177.4ms  max=638ms    p(90)=381.01ms p(95)=578.93ms
    http_req_failed................: 0.00%  0 out of 2864
    http_reqs......................: 2864   183.518357/s

    EXECUTION
    dropped_iterations.............: 137    8.778637/s
    iteration_duration.............: avg=202.33ms min=31.43ms med=177.61ms max=638.19ms p(90)=381.06ms p(95)=579.18ms
    iterations.....................: 2864   183.518357/s
    vus............................: 104    min=11        max=104
    vus_max........................: 104    min=17        max=104

    NETWORK
    data_received..................: 662 kB 42 kB/s
    data_sent......................: 1.1 MB 70 kB/s




running (15.6s), 00000/00105 VUs, 2864 complete and 0 interrupted iterations
default ✓ [ 100% ] 00000/00105 VUs  15s  200.00 iters/s
