
         /\      Grafana   /‾‾/  
    /\  /  \     |\  __   /  /   
   /  \/    \    | |/ /  /   ‾‾\ 
  /          \   |   (  |  (‾)  |
 / __________ \  |_|\_\  \_____/ 

     execution: local
        script: workflow/media/k6_open_review_compose.js
        output: -

     scenarios: (100.00%) 1 scenario, 10000 max VUs, 15s max duration (incl. graceful stop):
              * default: 1624.00 iterations/s for 15s (maxVUs: 1624-10000)


running (00.9s), 00006/01624 VUs, 1516 complete and 0 interrupted iterations
default   [   6% ] 00006/01624 VUs  00.9s/15s  1624.00 iters/s

running (01.9s), 00013/01624 VUs, 3133 complete and 0 interrupted iterations
default   [  13% ] 00013/01624 VUs  01.9s/15s  1624.00 iters/s

running (02.9s), 00020/01624 VUs, 4750 complete and 0 interrupted iterations
default   [  20% ] 00020/01624 VUs  02.9s/15s  1624.00 iters/s

running (03.9s), 00005/01624 VUs, 6389 complete and 0 interrupted iterations
default   [  26% ] 00005/01624 VUs  03.9s/15s  1624.00 iters/s

running (04.9s), 00024/01624 VUs, 7994 complete and 0 interrupted iterations
default   [  33% ] 00024/01624 VUs  04.9s/15s  1624.00 iters/s

running (05.9s), 00003/01624 VUs, 9639 complete and 0 interrupted iterations
default   [  40% ] 00003/01624 VUs  05.9s/15s  1624.00 iters/s

running (06.9s), 00009/01624 VUs, 11257 complete and 0 interrupted iterations
default   [  46% ] 00009/01624 VUs  06.9s/15s  1624.00 iters/s

running (07.9s), 00007/01624 VUs, 12883 complete and 0 interrupted iterations
default   [  53% ] 00007/01624 VUs  07.9s/15s  1624.00 iters/s

running (08.9s), 00005/01624 VUs, 14509 complete and 0 interrupted iterations
default   [  60% ] 00005/01624 VUs  08.9s/15s  1624.00 iters/s

running (09.9s), 00004/01624 VUs, 16134 complete and 0 interrupted iterations
default   [  66% ] 00004/01624 VUs  09.9s/15s  1624.00 iters/s

running (10.9s), 00005/01624 VUs, 17757 complete and 0 interrupted iterations
default   [  73% ] 00005/01624 VUs  10.9s/15s  1624.00 iters/s

running (11.9s), 00007/01624 VUs, 19379 complete and 0 interrupted iterations
default   [  80% ] 00007/01624 VUs  11.9s/15s  1624.00 iters/s

running (12.9s), 00005/01624 VUs, 21005 complete and 0 interrupted iterations
default   [  86% ] 00005/01624 VUs  12.9s/15s  1624.00 iters/s

running (13.9s), 00004/01624 VUs, 22630 complete and 0 interrupted iterations
default   [  93% ] 00004/01624 VUs  13.9s/15s  1624.00 iters/s

running (14.9s), 00015/01624 VUs, 24244 complete and 0 interrupted iterations
default   [ 100% ] 00015/01624 VUs  14.9s/15s  1624.00 iters/s


  █ TOTAL RESULTS 

    HTTP
    http_req_duration..............: avg=4.93ms min=1.59ms med=2.85ms max=64.87ms p(90)=9.67ms p(95)=17.33ms
      { expected_response:true }...: avg=4.93ms min=1.59ms med=2.85ms max=64.87ms p(90)=9.67ms p(95)=17.33ms
    http_req_failed................: 0.00%  0 out of 24349
    http_reqs......................: 24349  1622.96788/s

    EXECUTION
    iteration_duration.............: avg=5.19ms min=1.7ms  med=2.97ms max=98.48ms p(90)=9.87ms p(95)=17.97ms
    iterations.....................: 24349  1622.96788/s
    vus............................: 15     min=3          max=24  
    vus_max........................: 1624   min=1624       max=1624

    NETWORK
    data_received..................: 5.9 MB 394 kB/s
    data_sent......................: 14 MB  904 kB/s




running (15.0s), 00000/01624 VUs, 24348 complete and 13 interrupted iterations
default ✓ [ 100% ] 00013/01624 VUs  15s  1624.00 iters/s
