
         /\      Grafana   /‾‾/  
    /\  /  \     |\  __   /  /   
   /  \/    \    | |/ /  /   ‾‾\ 
  /          \   |   (  |  (‾)  |
 / __________ \  |_|\_\  \_____/ 

     execution: local
        script: workflow/aegean/k6_open_client.js
        output: -

     scenarios: (100.00%) 1 scenario, 10000 max VUs, 45s max duration (incl. graceful stop):
              * default: 50.00 iterations/s for 15s (maxVUs: 0-10000, gracefulStop: 30s)


running (01.0s), 00009/00011 VUs, 29 complete and 0 interrupted iterations
default   [   7% ] 00009/00011 VUs  01.0s/15s  50.00 iters/s

running (02.0s), 00015/00019 VUs, 65 complete and 0 interrupted iterations
default   [  13% ] 00015/00019 VUs  02.0s/15s  50.00 iters/s

running (03.0s), 00024/00024 VUs, 101 complete and 0 interrupted iterations
default   [  20% ] 00024/00024 VUs  03.0s/15s  50.00 iters/s

running (04.0s), 00031/00031 VUs, 137 complete and 0 interrupted iterations
default   [  27% ] 00031/00031 VUs  04.0s/15s  50.00 iters/s

running (05.0s), 00037/00038 VUs, 175 complete and 0 interrupted iterations
default   [  33% ] 00037/00038 VUs  05.0s/15s  50.00 iters/s

running (06.0s), 00042/00045 VUs, 212 complete and 0 interrupted iterations
default   [  40% ] 00042/00045 VUs  06.0s/15s  50.00 iters/s

running (07.0s), 00051/00051 VUs, 247 complete and 0 interrupted iterations
default   [  47% ] 00051/00051 VUs  07.0s/15s  50.00 iters/s

running (08.0s), 00057/00058 VUs, 285 complete and 0 interrupted iterations
default   [  53% ] 00057/00058 VUs  08.0s/15s  50.00 iters/s

running (09.0s), 00064/00064 VUs, 322 complete and 0 interrupted iterations
default   [  60% ] 00064/00064 VUs  09.0s/15s  50.00 iters/s

running (10.0s), 00069/00071 VUs, 359 complete and 0 interrupted iterations
default   [  67% ] 00069/00071 VUs  10.0s/15s  50.00 iters/s

running (11.0s), 00077/00077 VUs, 395 complete and 0 interrupted iterations
default   [  73% ] 00077/00077 VUs  11.0s/15s  50.00 iters/s

running (12.0s), 00083/00085 VUs, 431 complete and 0 interrupted iterations
default   [  80% ] 00083/00085 VUs  12.0s/15s  50.00 iters/s

running (13.0s), 00091/00091 VUs, 467 complete and 0 interrupted iterations
default   [  87% ] 00091/00091 VUs  13.0s/15s  50.00 iters/s

running (14.0s), 00097/00099 VUs, 503 complete and 0 interrupted iterations
default   [  93% ] 00097/00099 VUs  14.0s/15s  50.00 iters/s

running (15.0s), 00106/00106 VUs, 537 complete and 0 interrupted iterations
default   [ 100% ] 00106/00106 VUs  15s  50.00 iters/s

running (16.0s), 00066/00107 VUs, 577 complete and 0 interrupted iterations
default ↓ [ 100% ] 00106/00106 VUs  15s  50.00 iters/s

running (17.0s), 00029/00107 VUs, 614 complete and 0 interrupted iterations
default ↓ [ 100% ] 00106/00106 VUs  15s  50.00 iters/s


  █ TOTAL RESULTS 

    HTTP
    http_req_duration..............: avg=1.46s min=95.35ms med=1.44s max=2.8s  p(90)=2.58s p(95)=2.67s
      { expected_response:true }...: avg=1.46s min=95.35ms med=1.44s max=2.8s  p(90)=2.58s p(95)=2.67s
    http_req_failed................: 0.00% 0 out of 643
    http_reqs......................: 643   36.205971/s

    EXECUTION
    dropped_iterations.............: 108   6.081252/s
    iteration_duration.............: avg=1.47s min=99.24ms med=1.44s max=2.81s p(90)=2.59s p(95)=2.68s
    iterations.....................: 643   36.205971/s
    vus............................: 29    min=9        max=106
    vus_max........................: 107   min=11       max=107

    NETWORK
    data_received..................: 32 MB 1.8 MB/s
    data_sent......................: 32 MB 1.8 MB/s




running (17.8s), 00000/00107 VUs, 643 complete and 0 interrupted iterations
default ✓ [ 100% ] 00000/00107 VUs  15s  50.00 iters/s
