2026/04/24 08:07:21 telemetry disabled: AEGEAN_DISABLE_TRACING=1

         /\      Grafana   /‾‾/  
    /\  /  \     |\  __   /  /   
   /  \/    \    | |/ /  /   ‾‾\ 
  /          \   |   (  |  (‾)  |
 / __________ \  |_|\_\  \_____/ 

     execution: local
        script: workflow/social/k6_open_read_home_timeline.js
        output: -

     scenarios: (100.00%) 1 scenario, 10000 max VUs, 45s max duration (incl. graceful stop):
              * default: 30.00 iterations/s for 15s (maxVUs: 0-10000, gracefulStop: 30s)


running (01.0s), 00002/00002 VUs, 26 complete and 0 interrupted iterations
default   [   7% ] 00002/00002 VUs  01.0s/15s  30.00 iters/s

running (02.0s), 00000/00003 VUs, 56 complete and 0 interrupted iterations
default   [  13% ] 00000/00003 VUs  02.0s/15s  30.00 iters/s

running (03.0s), 00002/00003 VUs, 85 complete and 0 interrupted iterations
default   [  20% ] 00002/00003 VUs  03.0s/15s  30.00 iters/s

running (04.0s), 00001/00003 VUs, 115 complete and 0 interrupted iterations
default   [  27% ] 00002/00003 VUs  04.0s/15s  30.00 iters/s

running (05.0s), 00002/00003 VUs, 145 complete and 0 interrupted iterations
default   [  33% ] 00002/00003 VUs  05.0s/15s  30.00 iters/s

running (06.0s), 00002/00003 VUs, 174 complete and 0 interrupted iterations
default   [  40% ] 00002/00003 VUs  06.0s/15s  30.00 iters/s

running (07.0s), 00003/00003 VUs, 204 complete and 0 interrupted iterations
default   [  47% ] 00003/00003 VUs  07.0s/15s  30.00 iters/s

running (08.0s), 00002/00003 VUs, 235 complete and 0 interrupted iterations
default   [  53% ] 00002/00003 VUs  08.0s/15s  30.00 iters/s

running (09.0s), 00002/00003 VUs, 265 complete and 0 interrupted iterations
default   [  60% ] 00002/00003 VUs  09.0s/15s  30.00 iters/s

running (10.0s), 00001/00003 VUs, 296 complete and 0 interrupted iterations
default   [  67% ] 00001/00003 VUs  10.0s/15s  30.00 iters/s

running (11.0s), 00002/00003 VUs, 325 complete and 0 interrupted iterations
default   [  73% ] 00002/00003 VUs  11.0s/15s  30.00 iters/s

running (12.0s), 00001/00003 VUs, 356 complete and 0 interrupted iterations
default   [  80% ] 00001/00003 VUs  12.0s/15s  30.00 iters/s

running (13.0s), 00002/00003 VUs, 385 complete and 0 interrupted iterations
default   [  87% ] 00002/00003 VUs  13.0s/15s  30.00 iters/s

running (14.0s), 00002/00003 VUs, 414 complete and 0 interrupted iterations
default   [  93% ] 00002/00003 VUs  14.0s/15s  30.00 iters/s

running (15.0s), 00002/00003 VUs, 445 complete and 0 interrupted iterations
default   [ 100% ] 00002/00003 VUs  15s  30.00 iters/s


  █ TOTAL RESULTS 

    HTTP
    http_req_duration..............: avg=44.92ms min=13.09ms med=44.56ms max=83.93ms p(90)=66.49ms p(95)=69.24ms
      { expected_response:true }...: avg=44.92ms min=13.09ms med=44.56ms max=83.93ms p(90)=66.49ms p(95)=69.24ms
    http_req_failed................: 0.00%  0 out of 447
    http_reqs......................: 447    29.758985/s

    EXECUTION
    dropped_iterations.............: 4      0.2663/s
    iteration_duration.............: avg=45.21ms min=13.25ms med=44.87ms max=84.31ms p(90)=66.76ms p(95)=69.5ms 
    iterations.....................: 447    29.758985/s
    vus............................: 1      min=1        max=3
    vus_max........................: 3      min=2        max=3

    NETWORK
    data_received..................: 555 kB 37 kB/s
    data_sent......................: 101 kB 6.7 kB/s




running (15.0s), 00000/00003 VUs, 447 complete and 0 interrupted iterations
default ✓ [ 100% ] 00000/00003 VUs  15s  30.00 iters/s
