2026/05/05 06:18:50 telemetry disabled: AEGEAN_DISABLE_TRACING=1

         /\      Grafana   /‾‾/  
    /\  /  \     |\  __   /  /   
   /  \/    \    | |/ /  /   ‾‾\ 
  /          \   |   (  |  (‾)  |
 / __________ \  |_|\_\  \_____/ 

     execution: local
        script: workflow/aegean/k6_open_client.js
        output: -

     scenarios: (100.00%) 1 scenario, 10000 max VUs, 45s max duration (incl. graceful stop):
              * default: 900.00 iterations/s for 15s (maxVUs: 0-10000, gracefulStop: 30s)


running (01.0s), 00207/00231 VUs, 361 complete and 0 interrupted iterations
default   [   7% ] 00207/00231 VUs  01.0s/15s  900.00 iters/s

running (02.0s), 00434/00434 VUs, 771 complete and 0 interrupted iterations
default   [  13% ] 00434/00434 VUs  02.0s/15s  900.00 iters/s

running (03.0s), 00606/00636 VUs, 1231 complete and 0 interrupted iterations
default   [  20% ] 00606/00636 VUs  03.0s/15s  900.00 iters/s

running (04.0s), 00818/00827 VUs, 1642 complete and 0 interrupted iterations
default   [  27% ] 00819/00827 VUs  04.0s/15s  900.00 iters/s

running (05.0s), 01033/01034 VUs, 2051 complete and 0 interrupted iterations
default   [  33% ] 01033/01034 VUs  05.0s/15s  900.00 iters/s

running (06.0s), 01221/01222 VUs, 2487 complete and 0 interrupted iterations
default   [  40% ] 01221/01222 VUs  06.0s/15s  900.00 iters/s

running (07.0s), 01395/01424 VUs, 2930 complete and 0 interrupted iterations
default   [  47% ] 01395/01424 VUs  07.0s/15s  900.00 iters/s

running (08.0s), 01617/01620 VUs, 3345 complete and 0 interrupted iterations
default   [  53% ] 01617/01620 VUs  08.0s/15s  900.00 iters/s

running (09.0s), 01809/01809 VUs, 3745 complete and 0 interrupted iterations
default   [  60% ] 01809/01809 VUs  09.0s/15s  900.00 iters/s

running (10.0s), 01992/02027 VUs, 4177 complete and 0 interrupted iterations
default   [  67% ] 01992/02027 VUs  10.0s/15s  900.00 iters/s

running (11.0s), 02224/02224 VUs, 4583 complete and 0 interrupted iterations
default   [  73% ] 02224/02224 VUs  11.0s/15s  900.00 iters/s

running (12.0s), 02399/02425 VUs, 5025 complete and 0 interrupted iterations
default   [  80% ] 02399/02425 VUs  12.0s/15s  900.00 iters/s

running (13.0s), 02635/02635 VUs, 5408 complete and 0 interrupted iterations
default   [  87% ] 02635/02635 VUs  13.0s/15s  900.00 iters/s

running (14.0s), 02825/02825 VUs, 5833 complete and 0 interrupted iterations
default   [  93% ] 02825/02825 VUs  14.0s/15s  900.00 iters/s

running (15.0s), 03005/03005 VUs, 6238 complete and 0 interrupted iterations
default   [ 100% ] 03005/03005 VUs  15s  900.00 iters/s

running (16.0s), 02570/03006 VUs, 6673 complete and 0 interrupted iterations
default ↓ [ 100% ] 03005/03005 VUs  15s  900.00 iters/s

running (17.0s), 02139/03006 VUs, 7104 complete and 0 interrupted iterations
default ↓ [ 100% ] 03005/03005 VUs  15s  900.00 iters/s

running (18.0s), 01703/03006 VUs, 7540 complete and 0 interrupted iterations
default ↓ [ 100% ] 03005/03005 VUs  15s  900.00 iters/s

running (19.0s), 01293/03006 VUs, 7950 complete and 0 interrupted iterations
default ↓ [ 100% ] 03005/03005 VUs  15s  900.00 iters/s
2026/05/05 06:19:17 k6 client request logic timed out after 20s
