2026/03/27 12:19:00 telemetry disabled: AEGEAN_DISABLE_TRACING=1

         /\      Grafana   /‾‾/  
    /\  /  \     |\  __   /  /   
   /  \/    \    | |/ /  /   ‾‾\ 
  /          \   |   (  |  (‾)  |
 / __________ \  |_|\_\  \_____/ 

     execution: local
        script: workflow/aegean/k6_open_client.js
        output: -

     scenarios: (100.00%) 1 scenario, 10000 max VUs, 45s max duration (incl. graceful stop):
              * default: 400.00 iterations/s for 15s (maxVUs: 0-10000, gracefulStop: 30s)


running (01.0s), 00048/00062 VUs, 287 complete and 0 interrupted iterations
default   [   7% ] 00048/00062 VUs  01.0s/15s  400.00 iters/s

running (02.0s), 00067/00078 VUs, 652 complete and 0 interrupted iterations
default   [  13% ] 00067/00078 VUs  02.0s/15s  400.00 iters/s

running (03.0s), 00095/00105 VUs, 992 complete and 0 interrupted iterations
default   [  20% ] 00095/00105 VUs  03.0s/15s  400.00 iters/s

running (04.0s), 00125/00125 VUs, 1343 complete and 0 interrupted iterations
default   [  27% ] 00125/00125 VUs  04.0s/15s  400.00 iters/s

running (05.0s), 00127/00141 VUs, 1724 complete and 0 interrupted iterations
default   [  33% ] 00127/00141 VUs  05.0s/15s  400.00 iters/s

running (06.0s), 00142/00162 VUs, 2088 complete and 0 interrupted iterations
default   [  40% ] 00142/00162 VUs  06.0s/15s  400.00 iters/s

running (07.0s), 00159/00175 VUs, 2457 complete and 0 interrupted iterations
default   [  47% ] 00159/00175 VUs  07.0s/15s  400.00 iters/s

running (08.0s), 00169/00190 VUs, 2833 complete and 0 interrupted iterations
default   [  53% ] 00169/00190 VUs  08.0s/15s  400.00 iters/s

running (09.0s), 00205/00209 VUs, 3177 complete and 0 interrupted iterations
default   [  60% ] 00205/00209 VUs  09.0s/15s  400.00 iters/s

running (10.0s), 00218/00220 VUs, 3553 complete and 0 interrupted iterations
default   [  67% ] 00218/00220 VUs  10.0s/15s  400.00 iters/s

running (11.0s), 00231/00232 VUs, 3928 complete and 0 interrupted iterations
default   [  73% ] 00231/00232 VUs  11.0s/15s  400.00 iters/s

running (12.0s), 00238/00238 VUs, 4314 complete and 0 interrupted iterations
default   [  80% ] 00238/00238 VUs  12.0s/15s  400.00 iters/s

running (13.0s), 00248/00252 VUs, 4691 complete and 0 interrupted iterations
default   [  87% ] 00248/00252 VUs  13.0s/15s  400.00 iters/s

running (14.0s), 00270/00276 VUs, 5045 complete and 0 interrupted iterations
default   [  93% ] 00270/00276 VUs  14.0s/15s  400.00 iters/s

running (15.0s), 00275/00287 VUs, 5426 complete and 0 interrupted iterations
default ↓ [ 100% ] 00275/00287 VUs  15s  400.00 iters/s


  █ TOTAL RESULTS 

    HTTP
    http_req_duration..............: avg=447.87ms min=45.71ms med=461.37ms max=761.68ms p(90)=688.67ms p(95)=712.62ms
      { expected_response:true }...: avg=447.87ms min=45.71ms med=461.37ms max=761.68ms p(90)=688.67ms p(95)=712.62ms
    http_req_failed................: 0.00%  0 out of 5701
    http_reqs......................: 5701   362.425513/s

    EXECUTION
    dropped_iterations.............: 299    19.008109/s
    iteration_duration.............: avg=447.96ms min=45.79ms med=461.45ms max=761.75ms p(90)=688.74ms p(95)=712.69ms
    iterations.....................: 5701   362.425513/s
    vus............................: 275    min=48        max=275
    vus_max........................: 287    min=62        max=287

    NETWORK
    data_received..................: 1.7 MB 108 kB/s
    data_sent......................: 2.1 MB 135 kB/s




running (15.7s), 00000/00287 VUs, 5701 complete and 0 interrupted iterations
default ✓ [ 100% ] 00000/00287 VUs  15s  400.00 iters/s
