2026/04/24 07:35:05 telemetry disabled: AEGEAN_DISABLE_TRACING=1

         /\      Grafana   /‾‾/  
    /\  /  \     |\  __   /  /   
   /  \/    \    | |/ /  /   ‾‾\ 
  /          \   |   (  |  (‾)  |
 / __________ \  |_|\_\  \_____/ 

     execution: local
        script: workflow/media/k6_open_review_compose.js
        output: -

     scenarios: (100.00%) 1 scenario, 10000 max VUs, 45s max duration (incl. graceful stop):
              * default: 400.00 iterations/s for 15s (maxVUs: 0-10000, gracefulStop: 30s)


running (01.0s), 00165/00168 VUs, 60 complete and 0 interrupted iterations
default   [   7% ] 00165/00168 VUs  01.0s/15s  400.00 iters/s

running (02.0s), 00322/00323 VUs, 117 complete and 0 interrupted iterations
default   [  13% ] 00322/00323 VUs  02.0s/15s  400.00 iters/s

running (03.0s), 00473/00482 VUs, 192 complete and 0 interrupted iterations
default   [  20% ] 00473/00482 VUs  03.0s/15s  400.00 iters/s

running (04.0s), 00638/00639 VUs, 259 complete and 0 interrupted iterations
default   [  27% ] 00638/00639 VUs  04.0s/15s  400.00 iters/s

running (05.0s), 00801/00801 VUs, 327 complete and 0 interrupted iterations
default   [  33% ] 00801/00801 VUs  05.0s/15s  400.00 iters/s

running (06.0s), 00954/00955 VUs, 378 complete and 0 interrupted iterations
default   [  40% ] 00955/00955 VUs  06.0s/15s  400.00 iters/s

running (07.0s), 01118/01119 VUs, 439 complete and 0 interrupted iterations
default   [  47% ] 01118/01119 VUs  07.0s/15s  400.00 iters/s

running (08.0s), 01279/01279 VUs, 487 complete and 0 interrupted iterations
default   [  53% ] 01279/01279 VUs  08.0s/15s  400.00 iters/s

running (09.0s), 01438/01438 VUs, 528 complete and 0 interrupted iterations
default   [  60% ] 01438/01438 VUs  09.0s/15s  400.00 iters/s

running (10.0s), 01566/01567 VUs, 563 complete and 0 interrupted iterations
default   [  67% ] 01567/01567 VUs  10.0s/15s  400.00 iters/s

running (11.0s), 01717/01717 VUs, 602 complete and 0 interrupted iterations
default   [  73% ] 01717/01717 VUs  11.0s/15s  400.00 iters/s

running (12.0s), 01877/01877 VUs, 647 complete and 0 interrupted iterations
default   [  80% ] 01877/01877 VUs  12.0s/15s  400.00 iters/s

running (13.0s), 02045/02045 VUs, 696 complete and 0 interrupted iterations
default   [  87% ] 02045/02045 VUs  13.0s/15s  400.00 iters/s

running (14.0s), 02197/02198 VUs, 728 complete and 0 interrupted iterations
default   [  93% ] 02197/02198 VUs  14.0s/15s  400.00 iters/s

running (15.0s), 02365/02365 VUs, 765 complete and 0 interrupted iterations
default   [ 100% ] 02365/02365 VUs  15s  400.00 iters/s

running (16.0s), 02316/02366 VUs, 814 complete and 0 interrupted iterations
default ↓ [ 100% ] 02365/02366 VUs  15s  400.00 iters/s

running (17.0s), 02275/02366 VUs, 855 complete and 0 interrupted iterations
default ↓ [ 100% ] 02365/02366 VUs  15s  400.00 iters/s

running (18.0s), 02234/02366 VUs, 896 complete and 0 interrupted iterations
default ↓ [ 100% ] 02365/02366 VUs  15s  400.00 iters/s

running (19.0s), 02192/02366 VUs, 938 complete and 0 interrupted iterations
default ↓ [ 100% ] 02365/02366 VUs  15s  400.00 iters/s

running (20.0s), 02154/02366 VUs, 976 complete and 0 interrupted iterations
default ↓ [ 100% ] 02365/02366 VUs  15s  400.00 iters/s

running (21.0s), 02119/02366 VUs, 1011 complete and 0 interrupted iterations
default ↓ [ 100% ] 02365/02366 VUs  15s  400.00 iters/s

running (22.0s), 02085/02366 VUs, 1045 complete and 0 interrupted iterations
default ↓ [ 100% ] 02365/02366 VUs  15s  400.00 iters/s

running (23.0s), 02058/02366 VUs, 1072 complete and 0 interrupted iterations
default ↓ [ 100% ] 02365/02366 VUs  15s  400.00 iters/s

running (24.0s), 02022/02366 VUs, 1108 complete and 0 interrupted iterations
default ↓ [ 100% ] 02365/02366 VUs  15s  400.00 iters/s

running (25.0s), 01981/02366 VUs, 1149 complete and 0 interrupted iterations
default ↓ [ 100% ] 02365/02366 VUs  15s  400.00 iters/s

running (26.0s), 01939/02366 VUs, 1191 complete and 0 interrupted iterations
default ↓ [ 100% ] 02365/02366 VUs  15s  400.00 iters/s

running (27.0s), 01909/02366 VUs, 1221 complete and 0 interrupted iterations
default ↓ [ 100% ] 02365/02366 VUs  15s  400.00 iters/s

running (28.0s), 01863/02366 VUs, 1267 complete and 0 interrupted iterations
default ↓ [ 100% ] 02365/02366 VUs  15s  400.00 iters/s

running (29.0s), 01831/02366 VUs, 1299 complete and 0 interrupted iterations
default ↓ [ 100% ] 02365/02366 VUs  15s  400.00 iters/s

running (30.0s), 01801/02366 VUs, 1329 complete and 0 interrupted iterations
default ↓ [ 100% ] 02365/02366 VUs  15s  400.00 iters/s

running (31.0s), 01768/02366 VUs, 1362 complete and 0 interrupted iterations
default ↓ [ 100% ] 02365/02366 VUs  15s  400.00 iters/s

running (32.0s), 01730/02366 VUs, 1400 complete and 0 interrupted iterations
default ↓ [ 100% ] 02365/02366 VUs  15s  400.00 iters/s

running (33.0s), 01699/02366 VUs, 1431 complete and 0 interrupted iterations
default ↓ [ 100% ] 02365/02366 VUs  15s  400.00 iters/s

running (34.0s), 01673/02366 VUs, 1457 complete and 0 interrupted iterations
default ↓ [ 100% ] 02365/02366 VUs  15s  400.00 iters/s

running (35.0s), 01634/02366 VUs, 1496 complete and 0 interrupted iterations
default ↓ [ 100% ] 02365/02366 VUs  15s  400.00 iters/s

running (36.0s), 01611/02366 VUs, 1519 complete and 0 interrupted iterations
default ↓ [ 100% ] 02365/02366 VUs  15s  400.00 iters/s

running (37.0s), 01573/02366 VUs, 1557 complete and 0 interrupted iterations
default ↓ [ 100% ] 02365/02366 VUs  15s  400.00 iters/s

running (38.0s), 01546/02366 VUs, 1584 complete and 0 interrupted iterations
default ↓ [ 100% ] 02365/02366 VUs  15s  400.00 iters/s

running (39.0s), 01546/02366 VUs, 1584 complete and 0 interrupted iterations
default ↓ [ 100% ] 02365/02366 VUs  15s  400.00 iters/s

running (40.0s), 01546/02366 VUs, 1584 complete and 0 interrupted iterations
default ↓ [ 100% ] 02365/02366 VUs  15s  400.00 iters/s

running (41.0s), 01546/02366 VUs, 1584 complete and 0 interrupted iterations
default ↓ [ 100% ] 02365/02366 VUs  15s  400.00 iters/s

running (42.0s), 01546/02366 VUs, 1584 complete and 0 interrupted iterations
default ↓ [ 100% ] 02365/02366 VUs  15s  400.00 iters/s

running (43.0s), 01546/02366 VUs, 1584 complete and 0 interrupted iterations
default ↓ [ 100% ] 02365/02366 VUs  15s  400.00 iters/s

running (44.0s), 01546/02366 VUs, 1584 complete and 0 interrupted iterations
default ↓ [ 100% ] 02365/02366 VUs  15s  400.00 iters/s

running (45.0s), 01546/02366 VUs, 1584 complete and 0 interrupted iterations
default ↓ [ 100% ] 02365/02366 VUs  15s  400.00 iters/s


  █ TOTAL RESULTS 

    HTTP
    http_req_duration..............: avg=12.99s min=188.15ms med=11.92s max=30.65s p(90)=26.28s p(95)=28.57s
      { expected_response:true }...: avg=12.99s min=188.15ms med=11.92s max=30.65s p(90)=26.28s p(95)=28.57s
    http_req_failed................: 0.00%  0 out of 1584
    http_reqs......................: 1584   35.02281/s

    EXECUTION
    dropped_iterations.............: 2872   63.500954/s
    iteration_duration.............: avg=12.99s min=188.3ms  med=11.92s max=30.66s p(90)=26.28s p(95)=28.57s
    iterations.....................: 1584   35.02281/s
    vus............................: 1546   min=165       max=2365
    vus_max........................: 2366   min=168       max=2366

    NETWORK
    data_received..................: 332 kB 7.3 kB/s
    data_sent......................: 1.7 MB 39 kB/s




running (45.2s), 00000/02366 VUs, 1584 complete and 1546 interrupted iterations
default ✓ [ 100% ] 01546/02366 VUs  15s  400.00 iters/s
