2026/05/05 06:08:33 telemetry disabled: AEGEAN_DISABLE_TRACING=1

         /\      Grafana   /‾‾/  
    /\  /  \     |\  __   /  /   
   /  \/    \    | |/ /  /   ‾‾\ 
  /          \   |   (  |  (‾)  |
 / __________ \  |_|\_\  \_____/ 

     execution: local
        script: workflow/aegean/k6_open_client.js
        output: -

     scenarios: (100.00%) 1 scenario, 10000 max VUs, 45s max duration (incl. graceful stop):
              * default: 650.00 iterations/s for 15s (maxVUs: 0-10000, gracefulStop: 30s)


running (01.0s), 00008/00014 VUs, 614 complete and 0 interrupted iterations
default   [   7% ] 00009/00014 VUs  01.0s/15s  650.00 iters/s

running (02.0s), 00009/00014 VUs, 1264 complete and 0 interrupted iterations
default   [  13% ] 00009/00014 VUs  02.0s/15s  650.00 iters/s

running (03.0s), 00009/00014 VUs, 1914 complete and 0 interrupted iterations
default   [  20% ] 00009/00014 VUs  03.0s/15s  650.00 iters/s

running (04.0s), 00007/00014 VUs, 2564 complete and 0 interrupted iterations
default   [  27% ] 00007/00014 VUs  04.0s/15s  650.00 iters/s

running (05.0s), 00008/00014 VUs, 3215 complete and 0 interrupted iterations
default   [  33% ] 00008/00014 VUs  05.0s/15s  650.00 iters/s

running (06.0s), 00008/00014 VUs, 3864 complete and 0 interrupted iterations
default   [  40% ] 00008/00014 VUs  06.0s/15s  650.00 iters/s

running (07.0s), 00008/00014 VUs, 4514 complete and 0 interrupted iterations
default   [  47% ] 00009/00014 VUs  07.0s/15s  650.00 iters/s

running (08.0s), 00010/00014 VUs, 5163 complete and 0 interrupted iterations
default   [  53% ] 00010/00014 VUs  08.0s/15s  650.00 iters/s

running (09.0s), 00009/00014 VUs, 5814 complete and 0 interrupted iterations
default   [  60% ] 00009/00014 VUs  09.0s/15s  650.00 iters/s

running (10.0s), 00009/00014 VUs, 6464 complete and 0 interrupted iterations
default   [  67% ] 00009/00014 VUs  10.0s/15s  650.00 iters/s

running (11.0s), 00008/00014 VUs, 7115 complete and 0 interrupted iterations
default   [  73% ] 00008/00014 VUs  11.0s/15s  650.00 iters/s

running (12.0s), 00007/00014 VUs, 7765 complete and 0 interrupted iterations
default   [  80% ] 00007/00014 VUs  12.0s/15s  650.00 iters/s

running (13.0s), 00009/00014 VUs, 8413 complete and 0 interrupted iterations
default   [  87% ] 00009/00014 VUs  13.0s/15s  650.00 iters/s

running (14.0s), 00009/00014 VUs, 9064 complete and 0 interrupted iterations
default   [  93% ] 00009/00014 VUs  14.0s/15s  650.00 iters/s

running (15.0s), 00011/00015 VUs, 9710 complete and 0 interrupted iterations
default   [ 100% ] 00011/00015 VUs  15s  650.00 iters/s


  █ TOTAL RESULTS 

    HTTP
    http_req_duration..............: avg=13.27ms min=11.38ms med=12.99ms max=41.55ms p(90)=14.78ms p(95)=15.59ms
      { expected_response:true }...: avg=13.27ms min=11.38ms med=12.99ms max=41.55ms p(90)=14.78ms p(95)=15.59ms
    http_req_failed................: 0.00%  0 out of 9722
    http_reqs......................: 9722   647.485143/s

    EXECUTION
    dropped_iterations.............: 29     1.9314/s
    iteration_duration.............: avg=13.32ms min=11.41ms med=13.04ms max=41.6ms  p(90)=14.85ms p(95)=15.64ms
    iterations.....................: 9722   647.485143/s
    vus............................: 12     min=7         max=12
    vus_max........................: 15     min=14        max=15

    NETWORK
    data_received..................: 3.4 MB 229 kB/s
    data_sent......................: 3.6 MB 241 kB/s




running (15.0s), 00000/00015 VUs, 9722 complete and 0 interrupted iterations
default ✓ [ 100% ] 00000/00015 VUs  15s  650.00 iters/s
