
         /\      Grafana   /‾‾/  
    /\  /  \     |\  __   /  /   
   /  \/    \    | |/ /  /   ‾‾\ 
  /          \   |   (  |  (‾)  |
 / __________ \  |_|\_\  \_____/ 

     execution: local
        script: workflow/social/k6_open_read_home_timeline.js
        output: -

     scenarios: (100.00%) 1 scenario, 10000 max VUs, 15s max duration (incl. graceful stop):
              * default: 1375.00 iterations/s for 15s (maxVUs: 1375-10000)


running (00.9s), 00276/01375 VUs, 1025 complete and 0 interrupted iterations
default   [   6% ] 00276/01375 VUs  00.9s/15s  1375.00 iters/s

running (01.9s), 00475/01375 VUs, 2201 complete and 0 interrupted iterations
default   [  13% ] 00475/01375 VUs  01.9s/15s  1375.00 iters/s

running (02.9s), 00650/01375 VUs, 3402 complete and 0 interrupted iterations
default   [  20% ] 00650/01375 VUs  02.9s/15s  1375.00 iters/s

running (03.9s), 00803/01375 VUs, 4625 complete and 0 interrupted iterations
default   [  26% ] 00803/01375 VUs  03.9s/15s  1375.00 iters/s

running (04.9s), 00952/01375 VUs, 5849 complete and 0 interrupted iterations
default   [  33% ] 00952/01375 VUs  04.9s/15s  1375.00 iters/s

running (05.9s), 01104/01375 VUs, 7073 complete and 0 interrupted iterations
default   [  40% ] 01104/01375 VUs  05.9s/15s  1375.00 iters/s

running (06.9s), 01279/01375 VUs, 8273 complete and 0 interrupted iterations
default   [  46% ] 01279/01375 VUs  06.9s/15s  1375.00 iters/s

running (07.9s), 01402/01412 VUs, 9473 complete and 0 interrupted iterations
default   [  53% ] 01402/01412 VUs  07.9s/15s  1375.00 iters/s

running (08.9s), 01476/01485 VUs, 10673 complete and 0 interrupted iterations
default   [  60% ] 01476/01485 VUs  08.9s/15s  1375.00 iters/s

running (09.9s), 01551/01551 VUs, 11873 complete and 0 interrupted iterations
default   [  66% ] 01551/01551 VUs  09.9s/15s  1375.00 iters/s

running (10.9s), 01630/01636 VUs, 13049 complete and 0 interrupted iterations
default   [  73% ] 01631/01636 VUs  10.9s/15s  1375.00 iters/s

running (11.9s), 01695/01702 VUs, 14273 complete and 0 interrupted iterations
default   [  80% ] 01695/01702 VUs  11.9s/15s  1375.00 iters/s

running (12.9s), 01766/01774 VUs, 15473 complete and 0 interrupted iterations
default   [  86% ] 01766/01774 VUs  12.9s/15s  1375.00 iters/s

running (13.9s), 01823/01837 VUs, 16692 complete and 0 interrupted iterations
default   [  93% ] 01823/01837 VUs  13.9s/15s  1375.00 iters/s

running (14.9s), 01905/01913 VUs, 17873 complete and 0 interrupted iterations
default   [ 100% ] 01905/01913 VUs  14.9s/15s  1375.00 iters/s


  █ TOTAL RESULTS 

    HTTP
    http_req_duration..............: avg=920.37ms min=30.5ms  med=1s max=1.51s p(90)=1.4s p(95)=1.46s
      { expected_response:true }...: avg=920.37ms min=30.5ms  med=1s max=1.51s p(90)=1.4s p(95)=1.46s
    http_req_failed................: 0.00%  0 out of 17945
    http_reqs......................: 17945  1195.022578/s

    EXECUTION
    dropped_iterations.............: 780    51.943027/s
    iteration_duration.............: avg=920.64ms min=30.77ms med=1s max=1.51s p(90)=1.4s p(95)=1.46s
    iterations.....................: 17945  1195.022578/s
    vus............................: 1904   min=277        max=1904
    vus_max........................: 1913   min=1375       max=1913

    NETWORK
    data_received..................: 23 MB  1.5 MB/s
    data_sent......................: 4.5 MB 298 kB/s




running (15.0s), 00000/01916 VUs, 17945 complete and 1901 interrupted iterations
default ✓ [ 100% ] 01899/01916 VUs  15s  1375.00 iters/s
