
         /\      Grafana   /‾‾/  
    /\  /  \     |\  __   /  /   
   /  \/    \    | |/ /  /   ‾‾\ 
  /          \   |   (  |  (‾)  |
 / __________ \  |_|\_\  \_____/ 

     execution: local
        script: workflow/hotel/k6_open_hotels_client.js
        output: -

     scenarios: (100.00%) 1 scenario, 10000 max VUs, 15s max duration (incl. graceful stop):
              * default: 60.00 iterations/s for 15s (maxVUs: 60-10000)


running (01.0s), 00002/00060 VUs, 58 complete and 0 interrupted iterations
default   [   7% ] 00002/00060 VUs  01.0s/15s  60.00 iters/s

running (02.0s), 00002/00060 VUs, 118 complete and 0 interrupted iterations
default   [  13% ] 00002/00060 VUs  02.0s/15s  60.00 iters/s

running (03.0s), 00001/00060 VUs, 179 complete and 0 interrupted iterations
default   [  20% ] 00001/00060 VUs  03.0s/15s  60.00 iters/s

running (04.0s), 00002/00060 VUs, 238 complete and 0 interrupted iterations
default   [  27% ] 00002/00060 VUs  04.0s/15s  60.00 iters/s

running (05.0s), 00001/00060 VUs, 299 complete and 0 interrupted iterations
default   [  33% ] 00001/00060 VUs  05.0s/15s  60.00 iters/s

running (06.0s), 00001/00060 VUs, 359 complete and 0 interrupted iterations
default   [  40% ] 00001/00060 VUs  06.0s/15s  60.00 iters/s

running (07.0s), 00001/00060 VUs, 419 complete and 0 interrupted iterations
default   [  47% ] 00001/00060 VUs  07.0s/15s  60.00 iters/s

running (08.0s), 00001/00060 VUs, 479 complete and 0 interrupted iterations
default   [  53% ] 00001/00060 VUs  08.0s/15s  60.00 iters/s

running (09.0s), 00002/00060 VUs, 538 complete and 0 interrupted iterations
default   [  60% ] 00002/00060 VUs  09.0s/15s  60.00 iters/s

running (10.0s), 00001/00060 VUs, 599 complete and 0 interrupted iterations
default   [  67% ] 00001/00060 VUs  10.0s/15s  60.00 iters/s

running (11.0s), 00001/00060 VUs, 659 complete and 0 interrupted iterations
default   [  73% ] 00001/00060 VUs  11.0s/15s  60.00 iters/s

running (12.0s), 00001/00060 VUs, 719 complete and 0 interrupted iterations
default   [  80% ] 00001/00060 VUs  12.0s/15s  60.00 iters/s

running (13.0s), 00001/00060 VUs, 779 complete and 0 interrupted iterations
default   [  87% ] 00001/00060 VUs  13.0s/15s  60.00 iters/s

running (14.0s), 00001/00060 VUs, 839 complete and 0 interrupted iterations
default   [  93% ] 00001/00060 VUs  14.0s/15s  60.00 iters/s

running (15.0s), 00001/00060 VUs, 899 complete and 0 interrupted iterations
default   [ 100% ] 00001/00060 VUs  15.0s/15s  60.00 iters/s


  █ TOTAL RESULTS 

    HTTP
    http_req_duration..............: avg=26.43ms min=19.19ms med=25.61ms max=46.01ms p(90)=30.13ms p(95)=37.16ms
      { expected_response:true }...: avg=26.43ms min=19.19ms med=25.61ms max=46.01ms p(90)=30.13ms p(95)=37.16ms
    http_req_failed................: 0.00%  0 out of 899
    http_reqs......................: 899    59.931683/s

    EXECUTION
    iteration_duration.............: avg=26.62ms min=19.34ms med=25.83ms max=46.18ms p(90)=30.32ms p(95)=37.71ms
    iterations.....................: 899    59.931683/s
    vus............................: 1      min=1        max=2 
    vus_max........................: 60     min=60       max=60

    NETWORK
    data_received..................: 264 kB 18 kB/s
    data_sent......................: 295 kB 20 kB/s




running (15.0s), 00000/00060 VUs, 899 complete and 2 interrupted iterations
default ✓ [ 100% ] 00002/00060 VUs  15s  60.00 iters/s
