
         /\      Grafana   /‾‾/  
    /\  /  \     |\  __   /  /   
   /  \/    \    | |/ /  /   ‾‾\ 
  /          \   |   (  |  (‾)  |
 / __________ \  |_|\_\  \_____/ 

     execution: local
        script: workflow/hotel/k6_open_hotels_client.js
        output: -

     scenarios: (100.00%) 1 scenario, 10000 max VUs, 15s max duration (incl. graceful stop):
              * default: 1200.00 iterations/s for 15s (maxVUs: 1200-10000)


running (01.0s), 00019/01200 VUs, 1123 complete and 0 interrupted iterations
default   [   6% ] 00019/01200 VUs  01.0s/15s  1200.00 iters/s

running (02.0s), 00019/01200 VUs, 2324 complete and 0 interrupted iterations
default   [  13% ] 00019/01200 VUs  02.0s/15s  1200.00 iters/s

running (03.0s), 00022/01200 VUs, 3521 complete and 0 interrupted iterations
default   [  20% ] 00022/01200 VUs  03.0s/15s  1200.00 iters/s

running (04.0s), 00027/01200 VUs, 4716 complete and 0 interrupted iterations
default   [  26% ] 00027/01200 VUs  04.0s/15s  1200.00 iters/s

running (05.0s), 00020/01200 VUs, 5923 complete and 0 interrupted iterations
default   [  33% ] 00020/01200 VUs  05.0s/15s  1200.00 iters/s

running (06.0s), 00011/01200 VUs, 7131 complete and 0 interrupted iterations
default   [  40% ] 00011/01200 VUs  06.0s/15s  1200.00 iters/s

running (07.0s), 00016/01200 VUs, 8325 complete and 0 interrupted iterations
default   [  46% ] 00016/01200 VUs  07.0s/15s  1200.00 iters/s

running (08.0s), 00053/01200 VUs, 9489 complete and 0 interrupted iterations
default   [  53% ] 00053/01200 VUs  08.0s/15s  1200.00 iters/s

running (09.0s), 00029/01200 VUs, 10714 complete and 0 interrupted iterations
default   [  60% ] 00029/01200 VUs  09.0s/15s  1200.00 iters/s

running (10.0s), 00839/01200 VUs, 11103 complete and 0 interrupted iterations
default   [  66% ] 00840/01200 VUs  10.0s/15s  1200.00 iters/s

running (11.0s), 01281/01283 VUs, 11763 complete and 0 interrupted iterations
default   [  73% ] 01282/01283 VUs  11.0s/15s  1200.00 iters/s

running (12.0s), 01471/01471 VUs, 12523 complete and 0 interrupted iterations
default   [  80% ] 01471/01471 VUs  12.0s/15s  1200.00 iters/s

running (13.0s), 01669/01704 VUs, 13223 complete and 0 interrupted iterations
default   [  86% ] 01669/01704 VUs  13.0s/15s  1200.00 iters/s

running (14.0s), 01765/01960 VUs, 13993 complete and 0 interrupted iterations
default   [  93% ] 01765/01960 VUs  14.0s/15s  1200.00 iters/s

running (15.0s), 02190/02192 VUs, 14456 complete and 0 interrupted iterations
default   [ 100% ] 02191/02192 VUs  15.0s/15s  1200.00 iters/s


  █ TOTAL RESULTS 

    HTTP
    http_req_duration..............: avg=403.05ms min=6.39ms med=22.01ms max=2.53s p(90)=1.8s p(95)=2.11s
      { expected_response:true }...: avg=403.05ms min=6.39ms med=22.01ms max=2.53s p(90)=1.8s p(95)=2.11s
    http_req_failed................: 0.00%  0 out of 14509
    http_reqs......................: 14509  965.924247/s

    EXECUTION
    dropped_iterations.............: 1311   87.278702/s
    iteration_duration.............: avg=403.18ms min=6.5ms  med=22.12ms max=2.53s p(90)=1.8s p(95)=2.11s
    iterations.....................: 14509  965.924247/s
    vus............................: 2191   min=11         max=2191
    vus_max........................: 2192   min=1200       max=2192

    NETWORK
    data_received..................: 4.7 MB 312 kB/s
    data_sent......................: 5.5 MB 364 kB/s




running (15.0s), 00000/02206 VUs, 14506 complete and 2184 interrupted iterations
default ✓ [ 100% ] 02184/02206 VUs  15s  1200.00 iters/s
