
         /\      Grafana   /‾‾/  
    /\  /  \     |\  __   /  /   
   /  \/    \    | |/ /  /   ‾‾\ 
  /          \   |   (  |  (‾)  |
 / __________ \  |_|\_\  \_____/ 

     execution: local
        script: workflow/worker/k6_open_client.js
        output: -

     scenarios: (100.00%) 1 scenario, 10000 max VUs, 15s max duration (incl. graceful stop):
              * default: 2186.00 iterations/s for 15s (maxVUs: 2186-10000)


running (00.9s), 00285/02186 VUs, 1723 complete and 0 interrupted iterations
default   [   6% ] 00285/02186 VUs  00.9s/15s  2186.00 iters/s

running (01.9s), 00384/02186 VUs, 3809 complete and 0 interrupted iterations
default   [  13% ] 00385/02186 VUs  01.9s/15s  2186.00 iters/s

running (02.9s), 00497/02186 VUs, 5882 complete and 0 interrupted iterations
default   [  19% ] 00497/02186 VUs  02.9s/15s  2186.00 iters/s

running (03.9s), 00603/02186 VUs, 7962 complete and 0 interrupted iterations
default   [  26% ] 00603/02186 VUs  03.9s/15s  2186.00 iters/s

running (04.9s), 00682/02186 VUs, 10070 complete and 0 interrupted iterations
default   [  33% ] 00682/02186 VUs  04.9s/15s  2186.00 iters/s

running (05.9s), 00774/02186 VUs, 12164 complete and 0 interrupted iterations
default   [  39% ] 00774/02186 VUs  05.9s/15s  2186.00 iters/s

running (06.9s), 00825/02186 VUs, 14299 complete and 0 interrupted iterations
default   [  46% ] 00825/02186 VUs  06.9s/15s  2186.00 iters/s

running (07.9s), 00868/02186 VUs, 16441 complete and 0 interrupted iterations
default   [  53% ] 00868/02186 VUs  07.9s/15s  2186.00 iters/s

running (08.9s), 00893/02186 VUs, 18601 complete and 0 interrupted iterations
default   [  59% ] 00894/02186 VUs  08.9s/15s  2186.00 iters/s

running (09.9s), 01001/02186 VUs, 20681 complete and 0 interrupted iterations
default   [  66% ] 01001/02186 VUs  09.9s/15s  2186.00 iters/s

running (10.9s), 01027/02186 VUs, 22841 complete and 0 interrupted iterations
default   [  73% ] 01027/02186 VUs  10.9s/15s  2186.00 iters/s

running (11.9s), 01134/02186 VUs, 24921 complete and 0 interrupted iterations
default   [  79% ] 01134/02186 VUs  11.9s/15s  2186.00 iters/s

running (12.9s), 01238/02186 VUs, 27001 complete and 0 interrupted iterations
default   [  86% ] 01238/02186 VUs  12.9s/15s  2186.00 iters/s

running (13.9s), 01303/02186 VUs, 29121 complete and 0 interrupted iterations
default   [  93% ] 01303/02186 VUs  13.9s/15s  2186.00 iters/s

running (14.9s), 01371/02186 VUs, 31241 complete and 0 interrupted iterations
default   [  99% ] 01371/02186 VUs  14.9s/15s  2186.00 iters/s


  █ TOTAL RESULTS 

    HTTP
    http_req_duration..............: avg=378.44ms min=28.5ms  med=389.36ms max=647.22ms p(90)=584ms    p(95)=603.48ms
      { expected_response:true }...: avg=378.44ms min=28.5ms  med=389.36ms max=647.22ms p(90)=584ms    p(95)=603.48ms
    http_req_failed................: 0.00%  0 out of 31401
    http_reqs......................: 31401  2091.703221/s

    EXECUTION
    iteration_duration.............: avg=378.69ms min=29.18ms med=389.46ms max=647.29ms p(90)=584.08ms p(95)=603.56ms
    iterations.....................: 31401  2091.703221/s
    vus............................: 1371   min=285        max=1371
    vus_max........................: 2186   min=2186       max=2186

    NETWORK
    data_received..................: 6.7 MB 448 kB/s
    data_sent......................: 6.4 MB 424 kB/s




running (15.0s), 00000/02186 VUs, 31401 complete and 1388 interrupted iterations
default ✓ [ 100% ] 01388/02186 VUs  15s  2186.00 iters/s
