2026/04/24 07:14:50 telemetry disabled: AEGEAN_DISABLE_TRACING=1

         /\      Grafana   /‾‾/  
    /\  /  \     |\  __   /  /   
   /  \/    \    | |/ /  /   ‾‾\ 
  /          \   |   (  |  (‾)  |
 / __________ \  |_|\_\  \_____/ 

     execution: local
        script: workflow/hotel/k6_open_reservation_client.js
        output: -

     scenarios: (100.00%) 1 scenario, 10000 max VUs, 45s max duration (incl. graceful stop):
              * default: 30.00 iterations/s for 15s (maxVUs: 0-10000, gracefulStop: 30s)


running (01.0s), 00001/00004 VUs, 24 complete and 0 interrupted iterations
default   [   7% ] 00001/00004 VUs  01.0s/15s  30.00 iters/s

running (02.0s), 00001/00004 VUs, 55 complete and 0 interrupted iterations
default   [  13% ] 00001/00004 VUs  02.0s/15s  30.00 iters/s

running (03.0s), 00002/00004 VUs, 84 complete and 0 interrupted iterations
default   [  20% ] 00002/00004 VUs  03.0s/15s  30.00 iters/s

running (04.0s), 00001/00004 VUs, 114 complete and 0 interrupted iterations
default   [  27% ] 00001/00004 VUs  04.0s/15s  30.00 iters/s

running (05.0s), 00002/00004 VUs, 144 complete and 0 interrupted iterations
default   [  33% ] 00002/00004 VUs  05.0s/15s  30.00 iters/s

running (06.0s), 00002/00005 VUs, 171 complete and 0 interrupted iterations
default   [  40% ] 00002/00005 VUs  06.0s/15s  30.00 iters/s

running (07.0s), 00002/00005 VUs, 202 complete and 0 interrupted iterations
default   [  47% ] 00002/00005 VUs  07.0s/15s  30.00 iters/s

running (08.0s), 00003/00005 VUs, 231 complete and 0 interrupted iterations
default   [  53% ] 00003/00005 VUs  08.0s/15s  30.00 iters/s

running (09.0s), 00002/00005 VUs, 262 complete and 0 interrupted iterations
default   [  60% ] 00002/00005 VUs  09.0s/15s  30.00 iters/s

running (10.0s), 00002/00005 VUs, 292 complete and 0 interrupted iterations
default   [  67% ] 00002/00005 VUs  10.0s/15s  30.00 iters/s

running (11.0s), 00001/00005 VUs, 322 complete and 0 interrupted iterations
default   [  73% ] 00002/00005 VUs  11.0s/15s  30.00 iters/s

running (12.0s), 00001/00005 VUs, 353 complete and 0 interrupted iterations
default   [  80% ] 00001/00005 VUs  12.0s/15s  30.00 iters/s

running (13.0s), 00002/00005 VUs, 382 complete and 0 interrupted iterations
default   [  87% ] 00002/00005 VUs  13.0s/15s  30.00 iters/s

running (14.0s), 00002/00005 VUs, 412 complete and 0 interrupted iterations
default   [  93% ] 00002/00005 VUs  14.0s/15s  30.00 iters/s

running (15.0s), 00002/00005 VUs, 442 complete and 0 interrupted iterations
default   [ 100% ] 00002/00005 VUs  15s  30.00 iters/s


  █ TOTAL RESULTS 

    HTTP
    http_req_duration..............: avg=51.57ms min=19.26ms med=52.92ms max=181.56ms p(90)=68.01ms p(95)=77.08ms
      { expected_response:true }...: avg=51.57ms min=19.26ms med=52.92ms max=181.56ms p(90)=68.01ms p(95)=77.08ms
    http_req_failed................: 0.00%  0 out of 444
    http_reqs......................: 444    29.496493/s

    EXECUTION
    dropped_iterations.............: 7      0.465035/s
    iteration_duration.............: avg=52.01ms min=19.35ms med=53.24ms max=181.8ms  p(90)=68.53ms p(95)=79.58ms
    iterations.....................: 444    29.496493/s
    vus............................: 2      min=1        max=3
    vus_max........................: 5      min=4        max=5

    NETWORK
    data_received..................: 102 kB 6.8 kB/s
    data_sent......................: 168 kB 11 kB/s




running (15.1s), 00000/00005 VUs, 444 complete and 0 interrupted iterations
default ✓ [ 100% ] 00000/00005 VUs  15s  30.00 iters/s
