2026/05/05 05:58:02 telemetry disabled: AEGEAN_DISABLE_TRACING=1

         /\      Grafana   /‾‾/  
    /\  /  \     |\  __   /  /   
   /  \/    \    | |/ /  /   ‾‾\ 
  /          \   |   (  |  (‾)  |
 / __________ \  |_|\_\  \_____/ 

     execution: local
        script: workflow/aegean/k6_open_client.js
        output: -

     scenarios: (100.00%) 1 scenario, 10000 max VUs, 45s max duration (incl. graceful stop):
              * default: 450.00 iterations/s for 15s (maxVUs: 0-10000, gracefulStop: 30s)


running (01.0s), 00006/00018 VUs, 416 complete and 0 interrupted iterations
default   [   7% ] 00006/00018 VUs  01.0s/15s  450.00 iters/s

running (02.0s), 00006/00018 VUs, 866 complete and 0 interrupted iterations
default   [  13% ] 00006/00018 VUs  02.0s/15s  450.00 iters/s

running (03.0s), 00005/00021 VUs, 1310 complete and 0 interrupted iterations
default   [  20% ] 00005/00021 VUs  03.0s/15s  450.00 iters/s

running (04.0s), 00006/00021 VUs, 1759 complete and 0 interrupted iterations
default   [  27% ] 00006/00021 VUs  04.0s/15s  450.00 iters/s

running (05.0s), 00007/00021 VUs, 2209 complete and 0 interrupted iterations
default   [  33% ] 00007/00021 VUs  05.0s/15s  450.00 iters/s

running (06.0s), 00006/00021 VUs, 2660 complete and 0 interrupted iterations
default   [  40% ] 00006/00021 VUs  06.0s/15s  450.00 iters/s

running (07.0s), 00006/00021 VUs, 3110 complete and 0 interrupted iterations
default   [  47% ] 00006/00021 VUs  07.0s/15s  450.00 iters/s

running (08.0s), 00007/00026 VUs, 3533 complete and 0 interrupted iterations
default   [  53% ] 00007/00026 VUs  08.0s/15s  450.00 iters/s

running (09.0s), 00006/00026 VUs, 3983 complete and 0 interrupted iterations
default   [  60% ] 00006/00026 VUs  09.0s/15s  450.00 iters/s

running (10.0s), 00006/00026 VUs, 4434 complete and 0 interrupted iterations
default   [  67% ] 00006/00026 VUs  10.0s/15s  450.00 iters/s

running (11.0s), 00005/00026 VUs, 4884 complete and 0 interrupted iterations
default   [  73% ] 00005/00026 VUs  11.0s/15s  450.00 iters/s

running (12.0s), 00005/00026 VUs, 5334 complete and 0 interrupted iterations
default   [  80% ] 00006/00026 VUs  12.0s/15s  450.00 iters/s

running (13.0s), 00005/00026 VUs, 5784 complete and 0 interrupted iterations
default   [  87% ] 00005/00026 VUs  13.0s/15s  450.00 iters/s

running (14.0s), 00006/00026 VUs, 6233 complete and 0 interrupted iterations
default   [  93% ] 00006/00026 VUs  14.0s/15s  450.00 iters/s

running (15.0s), 00005/00026 VUs, 6684 complete and 0 interrupted iterations
default   [ 100% ] 00005/00026 VUs  15s  450.00 iters/s


  █ TOTAL RESULTS 

    HTTP
    http_req_duration..............: avg=14.09ms min=11.31ms med=13.17ms max=111.96ms p(90)=15.26ms p(95)=16.88ms
      { expected_response:true }...: avg=14.09ms min=11.31ms med=13.17ms max=111.96ms p(90)=15.26ms p(95)=16.88ms
    http_req_failed................: 0.00%  0 out of 6690
    http_reqs......................: 6690   445.522717/s

    EXECUTION
    dropped_iterations.............: 61     4.062315/s
    iteration_duration.............: avg=14.15ms min=11.37ms med=13.22ms max=112.08ms p(90)=15.32ms p(95)=17ms   
    iterations.....................: 6690   445.522717/s
    vus............................: 5      min=5         max=7 
    vus_max........................: 26     min=18        max=26

    NETWORK
    data_received..................: 2.4 MB 158 kB/s
    data_sent......................: 2.5 MB 166 kB/s




running (15.0s), 00000/00026 VUs, 6690 complete and 0 interrupted iterations
default ✓ [ 100% ] 00000/00026 VUs  15s  450.00 iters/s
