2026/04/30 20:08:02 telemetry disabled: AEGEAN_DISABLE_TRACING=1

         /\      Grafana   /‾‾/  
    /\  /  \     |\  __   /  /   
   /  \/    \    | |/ /  /   ‾‾\ 
  /          \   |   (  |  (‾)  |
 / __________ \  |_|\_\  \_____/ 

     execution: local
        script: workflow/aegean/k6_open_client.js
        output: -

     scenarios: (100.00%) 1 scenario, 10000 max VUs, 45s max duration (incl. graceful stop):
              * default: 100.00 iterations/s for 15s (maxVUs: 0-10000, gracefulStop: 30s)


running (01.0s), 00009/00011 VUs, 79 complete and 0 interrupted iterations
default   [   7% ] 00010/00011 VUs  01.0s/15s  100.00 iters/s

running (02.0s), 00007/00012 VUs, 181 complete and 0 interrupted iterations
default   [  13% ] 00007/00012 VUs  02.0s/15s  100.00 iters/s

running (03.0s), 00008/00012 VUs, 280 complete and 0 interrupted iterations
default   [  20% ] 00008/00012 VUs  03.0s/15s  100.00 iters/s

running (04.0s), 00005/00012 VUs, 382 complete and 0 interrupted iterations
default   [  27% ] 00005/00012 VUs  04.0s/15s  100.00 iters/s

running (05.0s), 00009/00012 VUs, 478 complete and 0 interrupted iterations
default   [  33% ] 00010/00012 VUs  05.0s/15s  100.00 iters/s

running (06.0s), 00010/00012 VUs, 578 complete and 0 interrupted iterations
default   [  40% ] 00010/00012 VUs  06.0s/15s  100.00 iters/s

running (07.0s), 00007/00012 VUs, 680 complete and 0 interrupted iterations
default   [  47% ] 00007/00012 VUs  07.0s/15s  100.00 iters/s

running (08.0s), 00007/00012 VUs, 780 complete and 0 interrupted iterations
default   [  53% ] 00007/00012 VUs  08.0s/15s  100.00 iters/s

running (09.0s), 00009/00012 VUs, 879 complete and 0 interrupted iterations
default   [  60% ] 00009/00012 VUs  09.0s/15s  100.00 iters/s

running (10.0s), 00006/00013 VUs, 981 complete and 0 interrupted iterations
default   [  67% ] 00006/00013 VUs  10.0s/15s  100.00 iters/s

running (11.0s), 00008/00013 VUs, 1078 complete and 0 interrupted iterations
default   [  73% ] 00008/00013 VUs  11.0s/15s  100.00 iters/s

running (12.0s), 00010/00013 VUs, 1176 complete and 0 interrupted iterations
default   [  80% ] 00010/00013 VUs  12.0s/15s  100.00 iters/s

running (13.0s), 00009/00013 VUs, 1278 complete and 0 interrupted iterations
default   [  87% ] 00009/00013 VUs  13.0s/15s  100.00 iters/s

running (14.0s), 00006/00013 VUs, 1381 complete and 0 interrupted iterations
default   [  93% ] 00006/00013 VUs  14.0s/15s  100.00 iters/s

running (15.0s), 00009/00013 VUs, 1477 complete and 0 interrupted iterations
default   [ 100% ] 00009/00013 VUs  15.0s/15s  100.00 iters/s


  █ TOTAL RESULTS 

    HTTP
    http_req_duration..............: avg=72.61ms min=33.18ms med=72.04ms max=137.55ms p(90)=97.03ms p(95)=101.59ms
      { expected_response:true }...: avg=72.61ms min=33.18ms med=72.04ms max=137.55ms p(90)=97.03ms p(95)=101.59ms
    http_req_failed................: 0.00%  0 out of 1486
    http_reqs......................: 1486   98.679651/s

    EXECUTION
    dropped_iterations.............: 14     0.929687/s
    iteration_duration.............: avg=72.75ms min=33.24ms med=72.25ms max=137.89ms p(90)=97.21ms p(95)=101.72ms
    iterations.....................: 1486   98.679651/s
    vus............................: 9      min=5         max=10
    vus_max........................: 13     min=11        max=13

    NETWORK
    data_received..................: 441 kB 29 kB/s
    data_sent......................: 554 kB 37 kB/s




running (15.1s), 00000/00013 VUs, 1486 complete and 0 interrupted iterations
default ✓ [ 100% ] 00000/00013 VUs  15s  100.00 iters/s
