2026/05/05 06:00:59 telemetry disabled: AEGEAN_DISABLE_TRACING=1

         /\      Grafana   /‾‾/  
    /\  /  \     |\  __   /  /   
   /  \/    \    | |/ /  /   ‾‾\ 
  /          \   |   (  |  (‾)  |
 / __________ \  |_|\_\  \_____/ 

     execution: local
        script: workflow/aegean/k6_open_client.js
        output: -

     scenarios: (100.00%) 1 scenario, 10000 max VUs, 45s max duration (incl. graceful stop):
              * default: 550.00 iterations/s for 15s (maxVUs: 0-10000, gracefulStop: 30s)


running (01.0s), 00008/00010 VUs, 530 complete and 0 interrupted iterations
default   [   7% ] 00008/00010 VUs  01.0s/15s  550.00 iters/s

running (02.0s), 00008/00010 VUs, 1080 complete and 0 interrupted iterations
default   [  13% ] 00008/00010 VUs  02.0s/15s  550.00 iters/s

running (03.0s), 00007/00010 VUs, 1631 complete and 0 interrupted iterations
default   [  20% ] 00007/00010 VUs  03.0s/15s  550.00 iters/s

running (04.0s), 00008/00010 VUs, 2180 complete and 0 interrupted iterations
default   [  27% ] 00008/00010 VUs  04.0s/15s  550.00 iters/s

running (05.0s), 00007/00010 VUs, 2730 complete and 0 interrupted iterations
default   [  33% ] 00007/00010 VUs  05.0s/15s  550.00 iters/s

running (06.0s), 00007/00011 VUs, 3278 complete and 0 interrupted iterations
default   [  40% ] 00008/00011 VUs  06.0s/15s  550.00 iters/s

running (07.0s), 00007/00013 VUs, 3823 complete and 0 interrupted iterations
default   [  47% ] 00007/00013 VUs  07.0s/15s  550.00 iters/s

running (08.0s), 00008/00015 VUs, 4350 complete and 0 interrupted iterations
default   [  53% ] 00008/00015 VUs  08.0s/15s  550.00 iters/s

running (09.0s), 00012/00018 VUs, 4870 complete and 0 interrupted iterations
default   [  60% ] 00012/00018 VUs  09.0s/15s  550.00 iters/s

running (10.0s), 00008/00022 VUs, 5416 complete and 0 interrupted iterations
default   [  67% ] 00008/00022 VUs  10.0s/15s  550.00 iters/s

running (11.0s), 00007/00022 VUs, 5967 complete and 0 interrupted iterations
default   [  73% ] 00007/00022 VUs  11.0s/15s  550.00 iters/s

running (12.0s), 00007/00022 VUs, 6517 complete and 0 interrupted iterations
default   [  80% ] 00007/00022 VUs  12.0s/15s  550.00 iters/s

running (13.0s), 00009/00022 VUs, 7067 complete and 0 interrupted iterations
default   [  87% ] 00009/00022 VUs  13.0s/15s  550.00 iters/s

running (14.0s), 00007/00022 VUs, 7616 complete and 0 interrupted iterations
default   [  93% ] 00007/00022 VUs  14.0s/15s  550.00 iters/s

running (15.0s), 00007/00022 VUs, 8167 complete and 0 interrupted iterations
default ↓ [ 100% ] 00006/00022 VUs  15s  550.00 iters/s


  █ TOTAL RESULTS 

    HTTP
    http_req_duration..............: avg=13.08ms min=10.49ms med=12.33ms max=94.59ms p(90)=14.2ms  p(95)=15.56ms
      { expected_response:true }...: avg=13.08ms min=10.49ms med=12.33ms max=94.59ms p(90)=14.2ms  p(95)=15.56ms
    http_req_failed................: 0.00%  0 out of 8174
    http_reqs......................: 8174   544.424292/s

    EXECUTION
    dropped_iterations.............: 77     5.128538/s
    iteration_duration.............: avg=13.22ms min=10.54ms med=12.44ms max=94.67ms p(90)=14.36ms p(95)=15.82ms
    iterations.....................: 8174   544.424292/s
    vus............................: 7      min=7         max=15
    vus_max........................: 22     min=10        max=22

    NETWORK
    data_received..................: 2.7 MB 178 kB/s
    data_sent......................: 3.0 MB 203 kB/s




running (15.0s), 00000/00022 VUs, 8174 complete and 0 interrupted iterations
default ✓ [ 100% ] 00000/00022 VUs  15s  550.00 iters/s
