2026/05/05 06:01:24 telemetry disabled: AEGEAN_DISABLE_TRACING=1

         /\      Grafana   /‾‾/  
    /\  /  \     |\  __   /  /   
   /  \/    \    | |/ /  /   ‾‾\ 
  /          \   |   (  |  (‾)  |
 / __________ \  |_|\_\  \_____/ 

     execution: local
        script: workflow/aegean/k6_open_client.js
        output: -

     scenarios: (100.00%) 1 scenario, 10000 max VUs, 45s max duration (incl. graceful stop):
              * default: 600.00 iterations/s for 15s (maxVUs: 0-10000, gracefulStop: 30s)


running (01.0s), 00009/00011 VUs, 579 complete and 0 interrupted iterations
default   [   7% ] 00009/00011 VUs  01.0s/15s  600.00 iters/s

running (02.0s), 00008/00013 VUs, 1169 complete and 0 interrupted iterations
default   [  13% ] 00008/00013 VUs  02.0s/15s  600.00 iters/s

running (03.0s), 00008/00013 VUs, 1768 complete and 0 interrupted iterations
default   [  20% ] 00008/00013 VUs  03.0s/15s  600.00 iters/s

running (04.0s), 00007/00013 VUs, 2369 complete and 0 interrupted iterations
default   [  27% ] 00007/00013 VUs  04.0s/15s  600.00 iters/s

running (05.0s), 00009/00013 VUs, 2968 complete and 0 interrupted iterations
default   [  33% ] 00009/00013 VUs  05.0s/15s  600.00 iters/s

running (06.0s), 00008/00013 VUs, 3569 complete and 0 interrupted iterations
default   [  40% ] 00008/00013 VUs  06.0s/15s  600.00 iters/s

running (07.0s), 00009/00014 VUs, 4166 complete and 0 interrupted iterations
default   [  47% ] 00009/00014 VUs  07.0s/15s  600.00 iters/s

running (08.0s), 00007/00016 VUs, 4763 complete and 0 interrupted iterations
default   [  53% ] 00007/00016 VUs  08.0s/15s  600.00 iters/s

running (09.0s), 00009/00016 VUs, 5362 complete and 0 interrupted iterations
default   [  60% ] 00009/00016 VUs  09.0s/15s  600.00 iters/s

running (10.0s), 00007/00018 VUs, 5960 complete and 0 interrupted iterations
default   [  67% ] 00007/00018 VUs  10.0s/15s  600.00 iters/s

running (11.0s), 00009/00018 VUs, 6559 complete and 0 interrupted iterations
default   [  73% ] 00009/00018 VUs  11.0s/15s  600.00 iters/s

running (12.0s), 00008/00018 VUs, 7160 complete and 0 interrupted iterations
default   [  80% ] 00008/00018 VUs  12.0s/15s  600.00 iters/s

running (13.0s), 00008/00018 VUs, 7760 complete and 0 interrupted iterations
default   [  87% ] 00008/00018 VUs  13.0s/15s  600.00 iters/s

running (14.0s), 00008/00018 VUs, 8360 complete and 0 interrupted iterations
default   [  93% ] 00008/00018 VUs  14.0s/15s  600.00 iters/s

running (15.0s), 00007/00018 VUs, 8961 complete and 0 interrupted iterations
default ↓ [ 100% ] 00007/00018 VUs  15s  600.00 iters/s


  █ TOTAL RESULTS 

    HTTP
    http_req_duration..............: avg=12.56ms min=10.41ms med=12.28ms max=35.71ms p(90)=13.69ms p(95)=14.43ms
      { expected_response:true }...: avg=12.56ms min=10.41ms med=12.28ms max=35.71ms p(90)=13.69ms p(95)=14.43ms
    http_req_failed................: 0.00%  0 out of 8968
    http_reqs......................: 8968   597.358544/s

    EXECUTION
    dropped_iterations.............: 33     2.19813/s
    iteration_duration.............: avg=12.69ms min=10.46ms med=12.38ms max=35.82ms p(90)=13.88ms p(95)=14.63ms
    iterations.....................: 8968   597.358544/s
    vus............................: 6      min=6         max=9 
    vus_max........................: 18     min=11        max=18

    NETWORK
    data_received..................: 2.9 MB 196 kB/s
    data_sent......................: 3.3 MB 223 kB/s




running (15.0s), 00000/00018 VUs, 8968 complete and 0 interrupted iterations
default ✓ [ 100% ] 00000/00018 VUs  15s  600.00 iters/s
