2026/04/24 07:23:26 telemetry disabled: AEGEAN_DISABLE_TRACING=1

         /\      Grafana   /‾‾/  
    /\  /  \     |\  __   /  /   
   /  \/    \    | |/ /  /   ‾‾\ 
  /          \   |   (  |  (‾)  |
 / __________ \  |_|\_\  \_____/ 

     execution: local
        script: workflow/media/k6_open_review_compose.js
        output: -

     scenarios: (100.00%) 1 scenario, 10000 max VUs, 45s max duration (incl. graceful stop):
              * default: 100.00 iterations/s for 15s (maxVUs: 0-10000, gracefulStop: 30s)


running (01.0s), 00034/00035 VUs, 30 complete and 0 interrupted iterations
default   [   7% ] 00034/00035 VUs  01.0s/15s  100.00 iters/s

running (02.0s), 00057/00060 VUs, 80 complete and 0 interrupted iterations
default   [  13% ] 00057/00060 VUs  02.0s/15s  100.00 iters/s

running (03.0s), 00077/00077 VUs, 143 complete and 0 interrupted iterations
default   [  20% ] 00077/00077 VUs  03.0s/15s  100.00 iters/s

running (04.0s), 00090/00091 VUs, 216 complete and 0 interrupted iterations
default   [  27% ] 00090/00091 VUs  04.0s/15s  100.00 iters/s

running (05.0s), 00103/00107 VUs, 286 complete and 0 interrupted iterations
default   [  33% ] 00103/00107 VUs  05.0s/15s  100.00 iters/s

running (06.0s), 00118/00124 VUs, 354 complete and 0 interrupted iterations
default   [  40% ] 00118/00124 VUs  06.0s/15s  100.00 iters/s

running (07.0s), 00149/00152 VUs, 393 complete and 0 interrupted iterations
default   [  47% ] 00149/00152 VUs  07.0s/15s  100.00 iters/s

running (08.0s), 00176/00180 VUs, 439 complete and 0 interrupted iterations
default   [  53% ] 00176/00180 VUs  08.0s/15s  100.00 iters/s

running (09.0s), 00203/00204 VUs, 487 complete and 0 interrupted iterations
default   [  60% ] 00204/00204 VUs  09.0s/15s  100.00 iters/s

running (10.0s), 00229/00230 VUs, 536 complete and 0 interrupted iterations
default   [  67% ] 00229/00230 VUs  10.0s/15s  100.00 iters/s

running (11.0s), 00252/00255 VUs, 588 complete and 0 interrupted iterations
default   [  73% ] 00252/00255 VUs  11.0s/15s  100.00 iters/s

running (12.0s), 00279/00279 VUs, 637 complete and 0 interrupted iterations
default   [  80% ] 00279/00279 VUs  12.0s/15s  100.00 iters/s

running (13.0s), 00301/00306 VUs, 688 complete and 0 interrupted iterations
default   [  87% ] 00301/00306 VUs  13.0s/15s  100.00 iters/s

running (14.0s), 00331/00331 VUs, 731 complete and 0 interrupted iterations
default   [  93% ] 00331/00331 VUs  14.0s/15s  100.00 iters/s

running (15.0s), 00362/00362 VUs, 769 complete and 0 interrupted iterations
default   [ 100% ] 00362/00362 VUs  15s  100.00 iters/s

running (16.0s), 00321/00363 VUs, 810 complete and 0 interrupted iterations
default ↓ [ 100% ] 00362/00362 VUs  15s  100.00 iters/s

running (17.0s), 00277/00363 VUs, 854 complete and 0 interrupted iterations
default ↓ [ 100% ] 00362/00362 VUs  15s  100.00 iters/s

running (18.0s), 00248/00363 VUs, 883 complete and 0 interrupted iterations
default ↓ [ 100% ] 00362/00362 VUs  15s  100.00 iters/s

running (19.0s), 00212/00363 VUs, 919 complete and 0 interrupted iterations
default ↓ [ 100% ] 00362/00362 VUs  15s  100.00 iters/s

running (20.0s), 00174/00363 VUs, 957 complete and 0 interrupted iterations
default ↓ [ 100% ] 00362/00362 VUs  15s  100.00 iters/s

running (21.0s), 00135/00363 VUs, 996 complete and 0 interrupted iterations
default ↓ [ 100% ] 00362/00362 VUs  15s  100.00 iters/s

running (22.0s), 00101/00363 VUs, 1030 complete and 0 interrupted iterations
default ↓ [ 100% ] 00362/00362 VUs  15s  100.00 iters/s

running (23.0s), 00069/00363 VUs, 1062 complete and 0 interrupted iterations
default ↓ [ 100% ] 00362/00362 VUs  15s  100.00 iters/s

running (24.0s), 00040/00363 VUs, 1091 complete and 0 interrupted iterations
default ↓ [ 100% ] 00362/00362 VUs  15s  100.00 iters/s

running (25.0s), 00004/00363 VUs, 1127 complete and 0 interrupted iterations
default ↓ [ 100% ] 00362/00362 VUs  15s  100.00 iters/s


  █ TOTAL RESULTS 

    HTTP
    http_req_duration..............: avg=3.84s min=142.29ms med=3.24s max=10.12s p(90)=8.23s p(95)=9.21s
      { expected_response:true }...: avg=3.84s min=142.29ms med=3.24s max=10.12s p(90)=8.23s p(95)=9.21s
    http_req_failed................: 0.00%  0 out of 1131
    http_reqs......................: 1131   45.027943/s

    EXECUTION
    dropped_iterations.............: 370    14.730627/s
    iteration_duration.............: avg=3.84s min=142.49ms med=3.24s max=10.12s p(90)=8.23s p(95)=9.21s
    iterations.....................: 1131   45.027943/s
    vus............................: 4      min=4         max=362
    vus_max........................: 363    min=35        max=363

    NETWORK
    data_received..................: 236 kB 9.4 kB/s
    data_sent......................: 629 kB 25 kB/s




running (25.1s), 00000/00363 VUs, 1131 complete and 0 interrupted iterations
default ✓ [ 100% ] 00000/00363 VUs  15s  100.00 iters/s
