2026/04/30 20:24:24 telemetry disabled: AEGEAN_DISABLE_TRACING=1

         /\      Grafana   /‾‾/  
    /\  /  \     |\  __   /  /   
   /  \/    \    | |/ /  /   ‾‾\ 
  /          \   |   (  |  (‾)  |
 / __________ \  |_|\_\  \_____/ 

     execution: local
        script: workflow/aegean/k6_open_client.js
        output: -

     scenarios: (100.00%) 1 scenario, 10000 max VUs, 45s max duration (incl. graceful stop):
              * default: 200.00 iterations/s for 15s (maxVUs: 0-10000, gracefulStop: 30s)


running (01.0s), 00016/00021 VUs, 163 complete and 0 interrupted iterations
default   [   7% ] 00016/00021 VUs  01.0s/15s  200.00 iters/s

running (02.0s), 00012/00021 VUs, 366 complete and 0 interrupted iterations
default   [  13% ] 00012/00021 VUs  02.0s/15s  200.00 iters/s

running (03.0s), 00019/00023 VUs, 557 complete and 0 interrupted iterations
default   [  20% ] 00020/00023 VUs  03.0s/15s  200.00 iters/s

running (04.0s), 00009/00023 VUs, 767 complete and 0 interrupted iterations
default   [  27% ] 00009/00023 VUs  04.0s/15s  200.00 iters/s

running (05.0s), 00009/00023 VUs, 967 complete and 0 interrupted iterations
default   [  33% ] 00009/00023 VUs  05.0s/15s  200.00 iters/s

running (06.0s), 00017/00023 VUs, 1159 complete and 0 interrupted iterations
default   [  40% ] 00018/00023 VUs  06.0s/15s  200.00 iters/s

running (07.0s), 00021/00023 VUs, 1356 complete and 0 interrupted iterations
default   [  47% ] 00021/00023 VUs  07.0s/15s  200.00 iters/s

running (08.0s), 00017/00023 VUs, 1559 complete and 0 interrupted iterations
default   [  53% ] 00017/00023 VUs  08.0s/15s  200.00 iters/s

running (09.0s), 00019/00023 VUs, 1757 complete and 0 interrupted iterations
default   [  60% ] 00020/00023 VUs  09.0s/15s  200.00 iters/s

running (10.0s), 00011/00023 VUs, 1965 complete and 0 interrupted iterations
default   [  67% ] 00011/00023 VUs  10.0s/15s  200.00 iters/s

running (11.0s), 00008/00023 VUs, 2168 complete and 0 interrupted iterations
default   [  73% ] 00009/00023 VUs  11.0s/15s  200.00 iters/s

running (12.0s), 00016/00023 VUs, 2360 complete and 0 interrupted iterations
default   [  80% ] 00017/00023 VUs  12.0s/15s  200.00 iters/s

running (13.0s), 00013/00024 VUs, 2563 complete and 0 interrupted iterations
default   [  87% ] 00013/00024 VUs  13.0s/15s  200.00 iters/s

running (14.0s), 00016/00024 VUs, 2760 complete and 0 interrupted iterations
default   [  93% ] 00016/00024 VUs  14.0s/15s  200.00 iters/s

running (15.0s), 00015/00024 VUs, 2960 complete and 0 interrupted iterations
default   [ 100% ] 00015/00024 VUs  15s  200.00 iters/s


  █ TOTAL RESULTS 

    HTTP
    http_req_duration..............: avg=69.38ms min=32.72ms med=67.95ms max=121.6ms  p(90)=94.5ms  p(95)=98.71ms
      { expected_response:true }...: avg=69.38ms min=32.72ms med=67.95ms max=121.6ms  p(90)=94.5ms  p(95)=98.71ms
    http_req_failed................: 0.00%  0 out of 2976
    http_reqs......................: 2976   197.727083/s

    EXECUTION
    dropped_iterations.............: 25     1.661014/s
    iteration_duration.............: avg=69.47ms min=32.79ms med=68.04ms max=121.67ms p(90)=94.64ms p(95)=98.82ms
    iterations.....................: 2976   197.727083/s
    vus............................: 16     min=9         max=20
    vus_max........................: 24     min=21        max=24

    NETWORK
    data_received..................: 885 kB 59 kB/s
    data_sent......................: 1.1 MB 74 kB/s




running (15.1s), 00000/00024 VUs, 2976 complete and 0 interrupted iterations
default ✓ [ 100% ] 00000/00024 VUs  15s  200.00 iters/s
