
         /\      Grafana   /‾‾/  
    /\  /  \     |\  __   /  /   
   /  \/    \    | |/ /  /   ‾‾\ 
  /          \   |   (  |  (‾)  |
 / __________ \  |_|\_\  \_____/ 

     execution: local
        script: workflow/response/k6_open_client.js
        output: -

     scenarios: (100.00%) 1 scenario, 10000 max VUs, 15s max duration (incl. graceful stop):
              * default: 60.00 iterations/s for 15s (maxVUs: 60-10000)


running (01.0s), 00002/00060 VUs, 58 complete and 0 interrupted iterations
default   [   7% ] 00002/00060 VUs  01.0s/15s  60.00 iters/s

running (02.0s), 00003/00060 VUs, 117 complete and 0 interrupted iterations
default   [  13% ] 00003/00060 VUs  02.0s/15s  60.00 iters/s

running (03.0s), 00002/00060 VUs, 178 complete and 0 interrupted iterations
default   [  20% ] 00002/00060 VUs  03.0s/15s  60.00 iters/s

running (04.0s), 00004/00060 VUs, 236 complete and 0 interrupted iterations
default   [  27% ] 00004/00060 VUs  04.0s/15s  60.00 iters/s

running (05.0s), 00003/00060 VUs, 297 complete and 0 interrupted iterations
default   [  33% ] 00003/00060 VUs  05.0s/15s  60.00 iters/s

running (06.0s), 00003/00060 VUs, 357 complete and 0 interrupted iterations
default   [  40% ] 00003/00060 VUs  06.0s/15s  60.00 iters/s

running (07.0s), 00003/00060 VUs, 417 complete and 0 interrupted iterations
default   [  47% ] 00003/00060 VUs  07.0s/15s  60.00 iters/s

running (08.0s), 00004/00060 VUs, 476 complete and 0 interrupted iterations
default   [  53% ] 00004/00060 VUs  08.0s/15s  60.00 iters/s

running (09.0s), 00005/00060 VUs, 535 complete and 0 interrupted iterations
default   [  60% ] 00005/00060 VUs  09.0s/15s  60.00 iters/s

running (10.0s), 00002/00060 VUs, 598 complete and 0 interrupted iterations
default   [  67% ] 00002/00060 VUs  10.0s/15s  60.00 iters/s

running (11.0s), 00002/00060 VUs, 658 complete and 0 interrupted iterations
default   [  73% ] 00002/00060 VUs  11.0s/15s  60.00 iters/s

running (12.0s), 00005/00060 VUs, 715 complete and 0 interrupted iterations
default   [  80% ] 00005/00060 VUs  12.0s/15s  60.00 iters/s

running (13.0s), 00004/00060 VUs, 776 complete and 0 interrupted iterations
default   [  87% ] 00004/00060 VUs  13.0s/15s  60.00 iters/s

running (14.0s), 00004/00060 VUs, 836 complete and 0 interrupted iterations
default   [  93% ] 00004/00060 VUs  14.0s/15s  60.00 iters/s

running (15.0s), 00003/00060 VUs, 897 complete and 0 interrupted iterations
default   [ 100% ] 00003/00060 VUs  15.0s/15s  60.00 iters/s


  █ TOTAL RESULTS 

    HTTP
    http_req_duration..............: avg=59.59ms min=27.18ms med=57.08ms max=95.7ms  p(90)=86.12ms p(95)=88.98ms
      { expected_response:true }...: avg=59.59ms min=27.18ms med=57.08ms max=95.7ms  p(90)=86.12ms p(95)=88.98ms
    http_req_failed................: 0.00%  0 out of 897
    http_reqs......................: 897    59.794945/s

    EXECUTION
    iteration_duration.............: avg=59.72ms min=27.28ms med=57.2ms  max=95.84ms p(90)=86.2ms  p(95)=89.12ms
    iterations.....................: 897    59.794945/s
    vus............................: 3      min=2        max=5 
    vus_max........................: 60     min=60       max=60

    NETWORK
    data_received..................: 189 kB 13 kB/s
    data_sent......................: 176 kB 12 kB/s




running (15.0s), 00000/00060 VUs, 897 complete and 4 interrupted iterations
default ✓ [ 100% ] 00004/00060 VUs  15s  60.00 iters/s
