
         /\      Grafana   /‾‾/  
    /\  /  \     |\  __   /  /   
   /  \/    \    | |/ /  /   ‾‾\ 
  /          \   |   (  |  (‾)  |
 / __________ \  |_|\_\  \_____/ 

     execution: local
        script: workflow/write/k6_open_client.js
        output: -

     scenarios: (100.00%) 1 scenario, 10000 max VUs, 15s max duration (incl. graceful stop):
              * default: 1000.00 iterations/s for 15s (maxVUs: 1000-10000)


running (01.0s), 00019/01000 VUs, 939 complete and 0 interrupted iterations
default   [   6% ] 00020/01000 VUs  01.0s/15s  1000.00 iters/s

running (02.0s), 00019/01000 VUs, 1941 complete and 0 interrupted iterations
default   [  13% ] 00019/01000 VUs  02.0s/15s  1000.00 iters/s

running (03.0s), 00383/01000 VUs, 2576 complete and 0 interrupted iterations
default   [  20% ] 00383/01000 VUs  03.0s/15s  1000.00 iters/s

running (04.0s), 01168/01168 VUs, 2576 complete and 0 interrupted iterations
default   [  26% ] 01168/01168 VUs  04.0s/15s  1000.00 iters/s

running (05.0s), 01599/01599 VUs, 2576 complete and 0 interrupted iterations
default   [  33% ] 01599/01599 VUs  05.0s/15s  1000.00 iters/s

running (06.0s), 02034/02035 VUs, 2576 complete and 0 interrupted iterations
default   [  40% ] 02034/02035 VUs  06.0s/15s  1000.00 iters/s

running (07.0s), 02461/02461 VUs, 2576 complete and 0 interrupted iterations
default   [  46% ] 02461/02461 VUs  07.0s/15s  1000.00 iters/s

running (08.0s), 02898/02898 VUs, 2576 complete and 0 interrupted iterations
default   [  53% ] 02898/02898 VUs  08.0s/15s  1000.00 iters/s

running (09.0s), 03334/03334 VUs, 2576 complete and 0 interrupted iterations
default   [  60% ] 03334/03334 VUs  09.0s/15s  1000.00 iters/s

running (10.0s), 03748/03748 VUs, 2576 complete and 0 interrupted iterations
default   [  66% ] 03748/03748 VUs  10.0s/15s  1000.00 iters/s

running (11.0s), 04185/04185 VUs, 2576 complete and 0 interrupted iterations
default   [  73% ] 04185/04185 VUs  11.0s/15s  1000.00 iters/s

running (12.0s), 04621/04621 VUs, 2577 complete and 0 interrupted iterations
default   [  80% ] 04621/04621 VUs  12.0s/15s  1000.00 iters/s

running (13.0s), 05053/05054 VUs, 2585 complete and 0 interrupted iterations
default   [  86% ] 05053/05054 VUs  13.0s/15s  1000.00 iters/s

running (14.0s), 05460/05460 VUs, 2596 complete and 0 interrupted iterations
default   [  93% ] 05460/05460 VUs  14.0s/15s  1000.00 iters/s

running (15.0s), 05894/05894 VUs, 2601 complete and 0 interrupted iterations
default   [ 100% ] 05894/05894 VUs  15.0s/15s  1000.00 iters/s


  █ TOTAL RESULTS 

    HTTP
    http_req_duration..............: avg=142.78ms min=14.03ms med=21.92ms max=11.72s p(90)=125.28ms p(95)=170.04ms
      { expected_response:true }...: avg=142.78ms min=14.03ms med=21.92ms max=11.72s p(90)=125.28ms p(95)=170.04ms
    http_req_failed................: 0.00%  0 out of 2601
    http_reqs......................: 2601   172.80671/s

    EXECUTION
    dropped_iterations.............: 6487   430.986976/s
    iteration_duration.............: avg=143.2ms  min=14.08ms med=22.01ms max=11.72s p(90)=127.66ms p(95)=170.49ms
    iterations.....................: 2601   172.80671/s
    vus............................: 5894   min=19        max=5894
    vus_max........................: 5894   min=1000      max=5894

    NETWORK
    data_received..................: 557 kB 37 kB/s
    data_sent......................: 851 kB 57 kB/s




running (15.1s), 00000/05913 VUs, 2601 complete and 5912 interrupted iterations
default ✓ [ 100% ] 05912/05913 VUs  15s  1000.00 iters/s
