
         /\      Grafana   /‾‾/  
    /\  /  \     |\  __   /  /   
   /  \/    \    | |/ /  /   ‾‾\ 
  /          \   |   (  |  (‾)  |
 / __________ \  |_|\_\  \_____/ 

     execution: local
        script: workflow/aegean/k6_closed_client.js
        output: -

     scenarios: (100.00%) 1 scenario, 50 max VUs, 45s max duration (incl. graceful stop):
              * default: 50 looping VUs for 15s (gracefulStop: 30s)


running (01.0s), 50/50 VUs, 350 complete and 0 interrupted iterations
default   [   7% ] 50 VUs  01.0s/15s

running (02.0s), 50/50 VUs, 700 complete and 0 interrupted iterations
default   [  13% ] 50 VUs  02.0s/15s

running (03.0s), 50/50 VUs, 1069 complete and 0 interrupted iterations
default   [  20% ] 50 VUs  03.0s/15s

running (04.0s), 50/50 VUs, 1450 complete and 0 interrupted iterations
default   [  27% ] 50 VUs  04.0s/15s

running (05.0s), 50/50 VUs, 1850 complete and 0 interrupted iterations
default   [  33% ] 50 VUs  05.0s/15s

running (06.0s), 50/50 VUs, 2200 complete and 0 interrupted iterations
default   [  40% ] 50 VUs  06.0s/15s

running (07.0s), 50/50 VUs, 2550 complete and 0 interrupted iterations
default   [  47% ] 50 VUs  07.0s/15s

running (08.0s), 50/50 VUs, 2950 complete and 0 interrupted iterations
default   [  53% ] 50 VUs  08.0s/15s

running (09.0s), 50/50 VUs, 3300 complete and 0 interrupted iterations
default   [  60% ] 50 VUs  09.0s/15s

running (10.0s), 50/50 VUs, 3650 complete and 0 interrupted iterations
default   [  67% ] 50 VUs  10.0s/15s

running (11.0s), 50/50 VUs, 4000 complete and 0 interrupted iterations
default   [  73% ] 50 VUs  11.0s/15s

running (12.0s), 50/50 VUs, 4350 complete and 0 interrupted iterations
default   [  80% ] 50 VUs  12.0s/15s

running (13.0s), 50/50 VUs, 4700 complete and 0 interrupted iterations
default   [  87% ] 50 VUs  13.0s/15s

running (14.0s), 50/50 VUs, 5050 complete and 0 interrupted iterations
default   [  93% ] 50 VUs  14.0s/15s

running (15.0s), 50/50 VUs, 5400 complete and 0 interrupted iterations
default   [ 100% ] 50 VUs  15.0s/15s


  █ TOTAL RESULTS 

    HTTP
    http_req_duration..............: avg=137.59ms min=120.14ms med=141.43ms max=189.05ms p(90)=148.65ms p(95)=150.4ms 
      { expected_response:true }...: avg=137.59ms min=120.14ms med=141.43ms max=189.05ms p(90)=148.65ms p(95)=150.4ms 
    http_req_failed................: 0.00%  0 out of 5450
    http_reqs......................: 5450   363.033545/s

    EXECUTION
    iteration_duration.............: avg=137.67ms min=120.22ms med=141.52ms max=189.13ms p(90)=148.74ms p(95)=150.47ms
    iterations.....................: 5450   363.033545/s
    vus............................: 50     min=50        max=50
    vus_max........................: 50     min=50        max=50

    NETWORK
    data_received..................: 1.6 MB 104 kB/s
    data_sent......................: 2.0 MB 135 kB/s




running (15.0s), 00/50 VUs, 5450 complete and 0 interrupted iterations
default ✓ [ 100% ] 50 VUs  15s
