2026/04/30 17:07:51 telemetry disabled: AEGEAN_DISABLE_TRACING=1

         /\      Grafana   /‾‾/  
    /\  /  \     |\  __   /  /   
   /  \/    \    | |/ /  /   ‾‾\ 
  /          \   |   (  |  (‾)  |
 / __________ \  |_|\_\  \_____/ 

     execution: local
        script: workflow/aegean/k6_open_client.js
        output: -

     scenarios: (100.00%) 1 scenario, 10000 max VUs, 45s max duration (incl. graceful stop):
              * default: 200.00 iterations/s for 15s (maxVUs: 0-10000, gracefulStop: 30s)


running (01.0s), 00011/00022 VUs, 167 complete and 0 interrupted iterations
default   [   7% ] 00011/00022 VUs  01.0s/15s  200.00 iters/s

running (02.0s), 00019/00022 VUs, 358 complete and 0 interrupted iterations
default   [  13% ] 00019/00022 VUs  02.0s/15s  200.00 iters/s

running (03.0s), 00008/00022 VUs, 569 complete and 0 interrupted iterations
default   [  20% ] 00009/00022 VUs  03.0s/15s  200.00 iters/s

running (04.0s), 00015/00022 VUs, 762 complete and 0 interrupted iterations
default   [  27% ] 00016/00022 VUs  04.0s/15s  200.00 iters/s

running (05.0s), 00012/00023 VUs, 964 complete and 0 interrupted iterations
default   [  33% ] 00012/00023 VUs  05.0s/15s  200.00 iters/s

running (06.0s), 00019/00023 VUs, 1156 complete and 0 interrupted iterations
default   [  40% ] 00020/00023 VUs  06.0s/15s  200.00 iters/s

running (07.0s), 00010/00023 VUs, 1366 complete and 0 interrupted iterations
default   [  47% ] 00010/00023 VUs  07.0s/15s  200.00 iters/s

running (08.0s), 00018/00023 VUs, 1558 complete and 0 interrupted iterations
default   [  53% ] 00018/00023 VUs  08.0s/15s  200.00 iters/s

running (09.0s), 00012/00023 VUs, 1763 complete and 0 interrupted iterations
default   [  60% ] 00012/00023 VUs  09.0s/15s  200.00 iters/s

running (10.0s), 00009/00023 VUs, 1967 complete and 0 interrupted iterations
default   [  67% ] 00009/00023 VUs  10.0s/15s  200.00 iters/s

running (11.0s), 00014/00023 VUs, 2161 complete and 0 interrupted iterations
default   [  73% ] 00015/00023 VUs  11.0s/15s  200.00 iters/s

running (12.0s), 00017/00023 VUs, 2359 complete and 0 interrupted iterations
default   [  80% ] 00017/00023 VUs  12.0s/15s  200.00 iters/s

running (13.0s), 00018/00023 VUs, 2558 complete and 0 interrupted iterations
default   [  87% ] 00018/00023 VUs  13.0s/15s  200.00 iters/s

running (14.0s), 00018/00023 VUs, 2757 complete and 0 interrupted iterations
default   [  93% ] 00018/00023 VUs  14.0s/15s  200.00 iters/s

running (15.0s), 00013/00023 VUs, 2962 complete and 0 interrupted iterations
default   [ 100% ] 00013/00023 VUs  15.0s/15s  200.00 iters/s


  █ TOTAL RESULTS 

    HTTP
    http_req_duration..............: avg=66.48ms min=28.56ms med=64.85ms max=122.89ms p(90)=92ms    p(95)=95.99ms
      { expected_response:true }...: avg=66.48ms min=28.56ms med=64.85ms max=122.89ms p(90)=92ms    p(95)=95.99ms
    http_req_failed................: 0.00%  0 out of 2975
    http_reqs......................: 2975   197.259576/s

    EXECUTION
    dropped_iterations.............: 25     1.657643/s
    iteration_duration.............: avg=66.57ms min=28.6ms  med=64.91ms max=123.11ms p(90)=92.11ms p(95)=96.11ms
    iterations.....................: 2975   197.259576/s
    vus............................: 13     min=8         max=20
    vus_max........................: 23     min=22        max=23

    NETWORK
    data_received..................: 884 kB 59 kB/s
    data_sent......................: 1.1 MB 74 kB/s




running (15.1s), 00000/00023 VUs, 2975 complete and 0 interrupted iterations
default ✓ [ 100% ] 00000/00023 VUs  15s  200.00 iters/s
