2026/04/30 20:32:06 telemetry disabled: AEGEAN_DISABLE_TRACING=1

         /\      Grafana   /‾‾/  
    /\  /  \     |\  __   /  /   
   /  \/    \    | |/ /  /   ‾‾\ 
  /          \   |   (  |  (‾)  |
 / __________ \  |_|\_\  \_____/ 

     execution: local
        script: workflow/aegean/k6_open_client.js
        output: -

     scenarios: (100.00%) 1 scenario, 10000 max VUs, 45s max duration (incl. graceful stop):
              * default: 300.00 iterations/s for 15s (maxVUs: 0-10000, gracefulStop: 30s)


running (01.0s), 00027/00035 VUs, 237 complete and 0 interrupted iterations
default   [   7% ] 00027/00035 VUs  01.0s/15s  300.00 iters/s

running (02.0s), 00022/00036 VUs, 542 complete and 0 interrupted iterations
default   [  13% ] 00022/00036 VUs  02.0s/15s  300.00 iters/s

running (03.0s), 00025/00036 VUs, 839 complete and 0 interrupted iterations
default   [  20% ] 00025/00036 VUs  03.0s/15s  300.00 iters/s

running (04.0s), 00019/00036 VUs, 1145 complete and 0 interrupted iterations
default   [  27% ] 00019/00036 VUs  04.0s/15s  300.00 iters/s

running (05.0s), 00032/00037 VUs, 1430 complete and 0 interrupted iterations
default   [  33% ] 00032/00037 VUs  05.0s/15s  300.00 iters/s

running (06.0s), 00021/00037 VUs, 1742 complete and 0 interrupted iterations
default   [  40% ] 00021/00037 VUs  06.0s/15s  300.00 iters/s

running (07.0s), 00023/00037 VUs, 2039 complete and 0 interrupted iterations
default   [  47% ] 00023/00037 VUs  07.0s/15s  300.00 iters/s

running (08.0s), 00026/00037 VUs, 2337 complete and 0 interrupted iterations
default   [  53% ] 00026/00037 VUs  08.0s/15s  300.00 iters/s

running (09.0s), 00029/00037 VUs, 2634 complete and 0 interrupted iterations
default   [  60% ] 00029/00037 VUs  09.0s/15s  300.00 iters/s

running (10.0s), 00022/00037 VUs, 2941 complete and 0 interrupted iterations
default   [  67% ] 00022/00037 VUs  10.0s/15s  300.00 iters/s

running (11.0s), 00025/00041 VUs, 3234 complete and 0 interrupted iterations
default   [  73% ] 00025/00041 VUs  11.0s/15s  300.00 iters/s

running (12.0s), 00016/00041 VUs, 3542 complete and 0 interrupted iterations
default   [  80% ] 00016/00041 VUs  12.0s/15s  300.00 iters/s

running (13.0s), 00021/00041 VUs, 3838 complete and 0 interrupted iterations
default   [  87% ] 00021/00041 VUs  13.0s/15s  300.00 iters/s

running (14.0s), 00031/00041 VUs, 4128 complete and 0 interrupted iterations
default   [  93% ] 00031/00041 VUs  14.0s/15s  300.00 iters/s

running (15.0s), 00034/00041 VUs, 4425 complete and 0 interrupted iterations
default ↓ [ 100% ] 00034/00041 VUs  15s  300.00 iters/s


  █ TOTAL RESULTS 

    HTTP
    http_req_duration..............: avg=80.69ms min=38.79ms med=79.47ms max=135.67ms p(90)=104.63ms p(95)=108.82ms
      { expected_response:true }...: avg=80.69ms min=38.79ms med=79.47ms max=135.67ms p(90)=104.63ms p(95)=108.82ms
    http_req_failed................: 0.00%  0 out of 4459
    http_reqs......................: 4459   296.212743/s

    EXECUTION
    dropped_iterations.............: 42     2.790073/s
    iteration_duration.............: avg=80.76ms min=39.02ms med=79.53ms max=135.74ms p(90)=104.68ms p(95)=108.91ms
    iterations.....................: 4459   296.212743/s
    vus............................: 34     min=17        max=34
    vus_max........................: 41     min=35        max=41

    NETWORK
    data_received..................: 1.3 MB 88 kB/s
    data_sent......................: 1.7 MB 110 kB/s




running (15.1s), 00000/00041 VUs, 4459 complete and 0 interrupted iterations
default ✓ [ 100% ] 00000/00041 VUs  15s  300.00 iters/s
