
         /\      Grafana   /‾‾/  
    /\  /  \     |\  __   /  /   
   /  \/    \    | |/ /  /   ‾‾\ 
  /          \   |   (  |  (‾)  |
 / __________ \  |_|\_\  \_____/ 

     execution: local
        script: workflow/write/k6_open_client.js
        output: -

     scenarios: (100.00%) 1 scenario, 10000 max VUs, 15s max duration (incl. graceful stop):
              * default: 500.00 iterations/s for 15s (maxVUs: 500-10000)


running (01.0s), 00009/00500 VUs, 478 complete and 0 interrupted iterations
default   [   6% ] 00009/00500 VUs  01.0s/15s  500.00 iters/s

running (02.0s), 00008/00500 VUs, 979 complete and 0 interrupted iterations
default   [  13% ] 00008/00500 VUs  02.0s/15s  500.00 iters/s

running (03.0s), 00008/00500 VUs, 1479 complete and 0 interrupted iterations
default   [  20% ] 00008/00500 VUs  03.0s/15s  500.00 iters/s

running (04.0s), 00008/00500 VUs, 1979 complete and 0 interrupted iterations
default   [  26% ] 00008/00500 VUs  04.0s/15s  500.00 iters/s

running (05.0s), 00009/00500 VUs, 2478 complete and 0 interrupted iterations
default   [  33% ] 00009/00500 VUs  05.0s/15s  500.00 iters/s

running (06.0s), 00009/00500 VUs, 2978 complete and 0 interrupted iterations
default   [  40% ] 00009/00500 VUs  06.0s/15s  500.00 iters/s

running (07.0s), 00008/00500 VUs, 3479 complete and 0 interrupted iterations
default   [  46% ] 00008/00500 VUs  07.0s/15s  500.00 iters/s

running (08.0s), 00009/00500 VUs, 3978 complete and 0 interrupted iterations
default   [  53% ] 00009/00500 VUs  08.0s/15s  500.00 iters/s

running (09.0s), 00008/00500 VUs, 4479 complete and 0 interrupted iterations
default   [  60% ] 00008/00500 VUs  09.0s/15s  500.00 iters/s

running (10.0s), 00009/00500 VUs, 4978 complete and 0 interrupted iterations
default   [  66% ] 00009/00500 VUs  10.0s/15s  500.00 iters/s

running (11.0s), 00009/00500 VUs, 5477 complete and 0 interrupted iterations
default   [  73% ] 00009/00500 VUs  11.0s/15s  500.00 iters/s

running (12.0s), 00008/00500 VUs, 5979 complete and 0 interrupted iterations
default   [  80% ] 00008/00500 VUs  12.0s/15s  500.00 iters/s

running (13.0s), 00008/00500 VUs, 6479 complete and 0 interrupted iterations
default   [  86% ] 00008/00500 VUs  13.0s/15s  500.00 iters/s

running (14.0s), 00007/00500 VUs, 6980 complete and 0 interrupted iterations
default   [  93% ] 00007/00500 VUs  14.0s/15s  500.00 iters/s

running (15.0s), 00008/00500 VUs, 7479 complete and 0 interrupted iterations
default   [ 100% ] 00008/00500 VUs  15.0s/15s  500.00 iters/s


  █ TOTAL RESULTS 

    HTTP
    http_req_duration..............: avg=16.35ms min=10.45ms med=16.75ms max=61.11ms p(90)=19.7ms  p(95)=20.59ms
      { expected_response:true }...: avg=16.35ms min=10.45ms med=16.75ms max=61.11ms p(90)=19.7ms  p(95)=20.59ms
    http_req_failed................: 0.00%  0 out of 7492
    http_reqs......................: 7492   499.427063/s

    EXECUTION
    iteration_duration.............: avg=16.41ms min=10.51ms med=16.81ms max=61.15ms p(90)=19.77ms p(95)=20.68ms
    iterations.....................: 7492   499.427063/s
    vus............................: 8      min=7         max=10 
    vus_max........................: 500    min=500       max=500

    NETWORK
    data_received..................: 1.6 MB 106 kB/s
    data_sent......................: 750 kB 50 kB/s




running (15.0s), 00000/00500 VUs, 7491 complete and 10 interrupted iterations
default ✓ [ 100% ] 00010/00500 VUs  15s  500.00 iters/s
