
         /\      Grafana   /‾‾/  
    /\  /  \     |\  __   /  /   
   /  \/    \    | |/ /  /   ‾‾\ 
  /          \   |   (  |  (‾)  |
 / __________ \  |_|\_\  \_____/ 

     execution: local
        script: workflow/aegean/k6_open_client.js
        output: -

     scenarios: (100.00%) 1 scenario, 10000 max VUs, 45s max duration (incl. graceful stop):
              * default: 300.00 iterations/s for 15s (maxVUs: 0-10000, gracefulStop: 30s)


running (01.0s), 00118/00119 VUs, 62 complete and 0 interrupted iterations
default   [   7% ] 00119/00119 VUs  01.0s/15s  300.00 iters/s

running (02.0s), 00224/00224 VUs, 150 complete and 0 interrupted iterations
default   [  13% ] 00224/00224 VUs  02.0s/15s  300.00 iters/s

running (03.0s), 00332/00334 VUs, 230 complete and 0 interrupted iterations
default   [  20% ] 00332/00334 VUs  03.0s/15s  300.00 iters/s

running (04.0s), 00436/00437 VUs, 323 complete and 0 interrupted iterations
default   [  27% ] 00436/00437 VUs  04.0s/15s  300.00 iters/s

running (05.0s), 00538/00538 VUs, 417 complete and 0 interrupted iterations
default   [  33% ] 00538/00538 VUs  05.0s/15s  300.00 iters/s

running (06.0s), 00641/00641 VUs, 511 complete and 0 interrupted iterations
default   [  40% ] 00641/00641 VUs  06.0s/15s  300.00 iters/s

running (07.0s), 00747/00750 VUs, 596 complete and 0 interrupted iterations
default   [  47% ] 00747/00750 VUs  07.0s/15s  300.00 iters/s

running (08.0s), 00851/00851 VUs, 691 complete and 0 interrupted iterations
default   [  53% ] 00851/00851 VUs  08.0s/15s  300.00 iters/s

running (09.0s), 00946/00956 VUs, 787 complete and 0 interrupted iterations
default   [  60% ] 00946/00956 VUs  09.0s/15s  300.00 iters/s

running (10.0s), 01052/01056 VUs, 881 complete and 0 interrupted iterations
default   [  67% ] 01052/01056 VUs  10.0s/15s  300.00 iters/s

running (11.0s), 01160/01160 VUs, 969 complete and 0 interrupted iterations
default   [  73% ] 01160/01160 VUs  11.0s/15s  300.00 iters/s

running (12.0s), 01269/01270 VUs, 1050 complete and 0 interrupted iterations
default   [  80% ] 01269/01270 VUs  12.0s/15s  300.00 iters/s

running (13.0s), 01365/01365 VUs, 1160 complete and 0 interrupted iterations
default   [  87% ] 01365/01365 VUs  13.0s/15s  300.00 iters/s

running (14.0s), 01468/01468 VUs, 1253 complete and 0 interrupted iterations
default   [  93% ] 01468/01468 VUs  14.0s/15s  300.00 iters/s

running (15.0s), 01576/01576 VUs, 1338 complete and 0 interrupted iterations
default ↓ [ 100% ] 01576/01576 VUs  15s  300.00 iters/s

running (16.0s), 01476/01576 VUs, 1438 complete and 0 interrupted iterations
default ↓ [ 100% ] 01576/01576 VUs  15s  300.00 iters/s

running (17.0s), 01373/01576 VUs, 1541 complete and 0 interrupted iterations
default ↓ [ 100% ] 01576/01576 VUs  15s  300.00 iters/s

running (18.0s), 01279/01576 VUs, 1635 complete and 0 interrupted iterations
default ↓ [ 100% ] 01576/01576 VUs  15s  300.00 iters/s

running (19.0s), 01169/01576 VUs, 1745 complete and 0 interrupted iterations
default ↓ [ 100% ] 01576/01576 VUs  15s  300.00 iters/s

running (20.0s), 01072/01576 VUs, 1842 complete and 0 interrupted iterations
default ↓ [ 100% ] 01576/01576 VUs  15s  300.00 iters/s

running (21.0s), 00960/01576 VUs, 1954 complete and 0 interrupted iterations
default ↓ [ 100% ] 01576/01576 VUs  15s  300.00 iters/s

running (22.0s), 00849/01576 VUs, 2065 complete and 0 interrupted iterations
default ↓ [ 100% ] 01576/01576 VUs  15s  300.00 iters/s

running (23.0s), 00754/01576 VUs, 2160 complete and 0 interrupted iterations
default ↓ [ 100% ] 01576/01576 VUs  15s  300.00 iters/s

running (24.0s), 00649/01576 VUs, 2265 complete and 0 interrupted iterations
default ↓ [ 100% ] 01576/01576 VUs  15s  300.00 iters/s

running (25.0s), 00545/01576 VUs, 2369 complete and 0 interrupted iterations
default ↓ [ 100% ] 01576/01576 VUs  15s  300.00 iters/s

running (26.0s), 00442/01576 VUs, 2472 complete and 0 interrupted iterations
default ↓ [ 100% ] 01576/01576 VUs  15s  300.00 iters/s

running (27.0s), 00337/01576 VUs, 2577 complete and 0 interrupted iterations
default ↓ [ 100% ] 01576/01576 VUs  15s  300.00 iters/s

running (28.0s), 00242/01576 VUs, 2672 complete and 0 interrupted iterations
default ↓ [ 100% ] 01576/01576 VUs  15s  300.00 iters/s

running (29.0s), 00134/01576 VUs, 2780 complete and 0 interrupted iterations
default ↓ [ 100% ] 01576/01576 VUs  15s  300.00 iters/s

running (30.0s), 00029/01576 VUs, 2885 complete and 0 interrupted iterations
default ↓ [ 100% ] 01576/01576 VUs  15s  300.00 iters/s


  █ TOTAL RESULTS 

    HTTP
    http_req_duration..............: avg=8.23s min=167.04ms med=8.61s max=15.22s p(90)=13.83s p(95)=14.5s 
      { expected_response:true }...: avg=8.23s min=167.04ms med=8.61s max=15.22s p(90)=13.83s p(95)=14.5s 
    http_req_failed................: 0.00%  0 out of 2914
    http_reqs......................: 2914   96.517442/s

    EXECUTION
    dropped_iterations.............: 1587   52.564578/s
    iteration_duration.............: avg=8.23s min=169.61ms med=8.61s max=15.22s p(90)=13.83s p(95)=14.51s
    iterations.....................: 2914   96.517442/s
    vus............................: 29     min=29        max=1576
    vus_max........................: 1576   min=119       max=1576

    NETWORK
    data_received..................: 146 MB 4.8 MB/s
    data_sent......................: 147 MB 4.9 MB/s




running (30.2s), 00000/01576 VUs, 2914 complete and 0 interrupted iterations
default ✓ [ 100% ] 00000/01576 VUs  15s  300.00 iters/s
