2026/04/24 07:43:58 telemetry disabled: AEGEAN_DISABLE_TRACING=1

         /\      Grafana   /‾‾/  
    /\  /  \     |\  __   /  /   
   /  \/    \    | |/ /  /   ‾‾\ 
  /          \   |   (  |  (‾)  |
 / __________ \  |_|\_\  \_____/ 

     execution: local
        script: workflow/external_srv/k6_open_client.js
        output: -

     scenarios: (100.00%) 1 scenario, 10000 max VUs, 45s max duration (incl. graceful stop):
              * default: 200.00 iterations/s for 15s (maxVUs: 0-10000, gracefulStop: 30s)


running (01.0s), 00003/00010 VUs, 186 complete and 0 interrupted iterations
default   [   7% ] 00004/00010 VUs  01.0s/15s  200.00 iters/s

running (02.0s), 00004/00010 VUs, 385 complete and 0 interrupted iterations
default   [  13% ] 00004/00010 VUs  02.0s/15s  200.00 iters/s

running (03.0s), 00003/00013 VUs, 579 complete and 0 interrupted iterations
default   [  20% ] 00003/00013 VUs  03.0s/15s  200.00 iters/s

running (04.0s), 00087/00088 VUs, 617 complete and 0 interrupted iterations
default   [  27% ] 00088/00088 VUs  04.0s/15s  200.00 iters/s

running (05.0s), 00186/00186 VUs, 617 complete and 0 interrupted iterations
default   [  33% ] 00186/00186 VUs  05.0s/15s  200.00 iters/s

running (06.0s), 00286/00286 VUs, 617 complete and 0 interrupted iterations
default   [  40% ] 00286/00286 VUs  06.0s/15s  200.00 iters/s

running (07.0s), 00384/00385 VUs, 617 complete and 0 interrupted iterations
default   [  47% ] 00385/00385 VUs  07.0s/15s  200.00 iters/s

running (08.0s), 00484/00484 VUs, 617 complete and 0 interrupted iterations
default   [  53% ] 00484/00484 VUs  08.0s/15s  200.00 iters/s

running (09.0s), 00583/00583 VUs, 617 complete and 0 interrupted iterations
default   [  60% ] 00583/00583 VUs  09.0s/15s  200.00 iters/s

running (10.0s), 00682/00683 VUs, 617 complete and 0 interrupted iterations
default   [  67% ] 00682/00683 VUs  10.0s/15s  200.00 iters/s

running (11.0s), 00779/00779 VUs, 617 complete and 0 interrupted iterations
default   [  73% ] 00779/00779 VUs  11.0s/15s  200.00 iters/s

running (12.0s), 00877/00877 VUs, 617 complete and 0 interrupted iterations
default   [  80% ] 00877/00877 VUs  12.0s/15s  200.00 iters/s

running (13.0s), 00975/00976 VUs, 617 complete and 0 interrupted iterations
default   [  87% ] 00976/00976 VUs  13.0s/15s  200.00 iters/s

running (14.0s), 01075/01076 VUs, 617 complete and 0 interrupted iterations
default   [  93% ] 01075/01076 VUs  14.0s/15s  200.00 iters/s

running (15.0s), 01175/01175 VUs, 617 complete and 0 interrupted iterations
default   [ 100% ] 01175/01175 VUs  15s  200.00 iters/s

running (16.0s), 01175/01176 VUs, 617 complete and 0 interrupted iterations
default ↓ [ 100% ] 01175/01175 VUs  15s  200.00 iters/s

running (17.0s), 01175/01176 VUs, 617 complete and 0 interrupted iterations
default ↓ [ 100% ] 01175/01175 VUs  15s  200.00 iters/s

running (18.0s), 01175/01176 VUs, 617 complete and 0 interrupted iterations
default ↓ [ 100% ] 01175/01175 VUs  15s  200.00 iters/s

running (19.0s), 01175/01176 VUs, 617 complete and 0 interrupted iterations
default ↓ [ 100% ] 01175/01175 VUs  15s  200.00 iters/s

running (20.0s), 01175/01176 VUs, 617 complete and 0 interrupted iterations
default ↓ [ 100% ] 01175/01175 VUs  15s  200.00 iters/s

running (21.0s), 01175/01176 VUs, 617 complete and 0 interrupted iterations
default ↓ [ 100% ] 01175/01175 VUs  15s  200.00 iters/s

running (22.0s), 01175/01176 VUs, 617 complete and 0 interrupted iterations
default ↓ [ 100% ] 01175/01175 VUs  15s  200.00 iters/s

running (23.0s), 01175/01176 VUs, 617 complete and 0 interrupted iterations
default ↓ [ 100% ] 01175/01175 VUs  15s  200.00 iters/s

running (24.0s), 01175/01176 VUs, 617 complete and 0 interrupted iterations
default ↓ [ 100% ] 01175/01175 VUs  15s  200.00 iters/s

running (25.0s), 01175/01176 VUs, 617 complete and 0 interrupted iterations
default ↓ [ 100% ] 01175/01175 VUs  15s  200.00 iters/s

running (26.0s), 01175/01176 VUs, 617 complete and 0 interrupted iterations
default ↓ [ 100% ] 01175/01175 VUs  15s  200.00 iters/s

running (27.0s), 01175/01176 VUs, 617 complete and 0 interrupted iterations
default ↓ [ 100% ] 01175/01175 VUs  15s  200.00 iters/s

running (28.0s), 01175/01176 VUs, 617 complete and 0 interrupted iterations
default ↓ [ 100% ] 01175/01175 VUs  15s  200.00 iters/s

running (29.0s), 01175/01176 VUs, 617 complete and 0 interrupted iterations
default ↓ [ 100% ] 01175/01175 VUs  15s  200.00 iters/s

running (30.0s), 01175/01176 VUs, 617 complete and 0 interrupted iterations
default ↓ [ 100% ] 01175/01175 VUs  15s  200.00 iters/s

running (31.0s), 01175/01176 VUs, 617 complete and 0 interrupted iterations
default ↓ [ 100% ] 01175/01175 VUs  15s  200.00 iters/s

running (32.0s), 01175/01176 VUs, 617 complete and 0 interrupted iterations
default ↓ [ 100% ] 01175/01175 VUs  15s  200.00 iters/s

running (33.0s), 01175/01176 VUs, 617 complete and 0 interrupted iterations
default ↓ [ 100% ] 01175/01175 VUs  15s  200.00 iters/s

running (34.0s), 01175/01176 VUs, 617 complete and 0 interrupted iterations
default ↓ [ 100% ] 01175/01175 VUs  15s  200.00 iters/s

running (35.0s), 01175/01176 VUs, 617 complete and 0 interrupted iterations
default ↓ [ 100% ] 01175/01175 VUs  15s  200.00 iters/s

running (36.0s), 01175/01176 VUs, 617 complete and 0 interrupted iterations
default ↓ [ 100% ] 01175/01175 VUs  15s  200.00 iters/s

running (37.0s), 01175/01176 VUs, 617 complete and 0 interrupted iterations
default ↓ [ 100% ] 01175/01175 VUs  15s  200.00 iters/s

running (38.0s), 01175/01176 VUs, 617 complete and 0 interrupted iterations
default ↓ [ 100% ] 01175/01175 VUs  15s  200.00 iters/s

running (39.0s), 01175/01176 VUs, 617 complete and 0 interrupted iterations
default ↓ [ 100% ] 01175/01175 VUs  15s  200.00 iters/s

running (40.0s), 01175/01176 VUs, 617 complete and 0 interrupted iterations
default ↓ [ 100% ] 01175/01175 VUs  15s  200.00 iters/s

running (41.0s), 01175/01176 VUs, 617 complete and 0 interrupted iterations
default ↓ [ 100% ] 01175/01175 VUs  15s  200.00 iters/s

running (42.0s), 01175/01176 VUs, 617 complete and 0 interrupted iterations
default ↓ [ 100% ] 01175/01175 VUs  15s  200.00 iters/s

running (43.0s), 01175/01176 VUs, 617 complete and 0 interrupted iterations
default ↓ [ 100% ] 01175/01175 VUs  15s  200.00 iters/s

running (44.0s), 01175/01176 VUs, 617 complete and 0 interrupted iterations
default ↓ [ 100% ] 01175/01175 VUs  15s  200.00 iters/s
time="2026-04-24T07:44:48Z" level=warning msg="Request Failed" error="Post \"http://node0:8000/\": EOF"
time="2026-04-24T07:44:48Z" level=warning msg="Request Failed" error="Post \"http://node0:8000/\": EOF"
time="2026-04-24T07:44:48Z" level=warning msg="Request Failed" error="Post \"http://node0:8000/\": EOF"
time="2026-04-24T07:44:48Z" level=warning msg="Request Failed" error="Post \"http://node0:8000/\": EOF"
time="2026-04-24T07:44:48Z" level=warning msg="Request Failed" error="Post \"http://node0:8000/\": EOF"
time="2026-04-24T07:44:48Z" level=warning msg="Request Failed" error="Post \"http://node0:8000/\": EOF"
time="2026-04-24T07:44:48Z" level=warning msg="Request Failed" error="Post \"http://node0:8000/\": EOF"
time="2026-04-24T07:44:48Z" level=warning msg="Request Failed" error="Post \"http://node0:8000/\": EOF"
time="2026-04-24T07:44:48Z" level=warning msg="Request Failed" error="Post \"http://node0:8000/\": EOF"
time="2026-04-24T07:44:48Z" level=warning msg="Request Failed" error="Post \"http://node0:8000/\": EOF"
time="2026-04-24T07:44:48Z" level=warning msg="Request Failed" error="Post \"http://node0:8000/\": EOF"
time="2026-04-24T07:44:48Z" level=warning msg="Request Failed" error="Post \"http://node0:8000/\": EOF"
time="2026-04-24T07:44:48Z" level=warning msg="Request Failed" error="Post \"http://node0:8000/\": EOF"
time="2026-04-24T07:44:48Z" level=warning msg="Request Failed" error="Post \"http://node0:8000/\": EOF"
time="2026-04-24T07:44:48Z" level=warning msg="Request Failed" error="Post \"http://node0:8000/\": EOF"
time="2026-04-24T07:44:48Z" level=warning msg="Request Failed" error="Post \"http://node0:8000/\": EOF"
time="2026-04-24T07:44:48Z" level=warning msg="Request Failed" error="Post \"http://node0:8000/\": EOF"
time="2026-04-24T07:44:48Z" level=warning msg="Request Failed" error="Post \"http://node0:8000/\": EOF"
time="2026-04-24T07:44:48Z" level=warning msg="Request Failed" error="Post \"http://node0:8000/\": EOF"
time="2026-04-24T07:44:48Z" level=warning msg="Request Failed" error="Post \"http://node0:8000/\": EOF"
time="2026-04-24T07:44:48Z" level=warning msg="Request Failed" error="Post \"http://node0:8000/\": EOF"
time="2026-04-24T07:44:48Z" level=warning msg="Request Failed" error="Post \"http://node0:8000/\": EOF"
time="2026-04-24T07:44:48Z" level=warning msg="Request Failed" error="Post \"http://node0:8000/\": EOF"
time="2026-04-24T07:44:48Z" level=warning msg="Request Failed" error="Post \"http://node0:8000/\": EOF"
time="2026-04-24T07:44:48Z" level=warning msg="Request Failed" error="Post \"http://node0:8000/\": EOF"
time="2026-04-24T07:44:48Z" level=warning msg="Request Failed" error="Post \"http://node0:8000/\": EOF"
time="2026-04-24T07:44:48Z" level=warning msg="Request Failed" error="Post \"http://node0:8000/\": EOF"
time="2026-04-24T07:44:48Z" level=warning msg="Request Failed" error="Post \"http://node0:8000/\": EOF"
time="2026-04-24T07:44:48Z" level=warning msg="Request Failed" error="Post \"http://node0:8000/\": EOF"
time="2026-04-24T07:44:48Z" level=warning msg="Request Failed" error="Post \"http://node0:8000/\": EOF"
time="2026-04-24T07:44:48Z" level=warning msg="Request Failed" error="Post \"http://node0:8000/\": EOF"
time="2026-04-24T07:44:48Z" level=warning msg="Request Failed" error="Post \"http://node0:8000/\": EOF"
time="2026-04-24T07:44:48Z" level=warning msg="Request Failed" error="Post \"http://node0:8000/\": EOF"
time="2026-04-24T07:44:48Z" level=warning msg="Request Failed" error="Post \"http://node0:8000/\": EOF"
time="2026-04-24T07:44:48Z" level=warning msg="Request Failed" error="Post \"http://node0:8000/\": EOF"
time="2026-04-24T07:44:48Z" level=warning msg="Request Failed" error="Post \"http://node0:8000/\": EOF"
time="2026-04-24T07:44:48Z" level=warning msg="Request Failed" error="Post \"http://node0:8000/\": EOF"
time="2026-04-24T07:44:48Z" level=warning msg="Request Failed" error="Post \"http://node0:8000/\": EOF"
time="2026-04-24T07:44:48Z" level=warning msg="Request Failed" error="Post \"http://node0:8000/\": EOF"
time="2026-04-24T07:44:48Z" level=warning msg="Request Failed" error="Post \"http://node0:8000/\": EOF"
time="2026-04-24T07:44:48Z" level=warning msg="Request Failed" error="Post \"http://node0:8000/\": EOF"
time="2026-04-24T07:44:48Z" level=warning msg="Request Failed" error="Post \"http://node0:8000/\": EOF"
time="2026-04-24T07:44:48Z" level=warning msg="Request Failed" error="Post \"http://node0:8000/\": EOF"
time="2026-04-24T07:44:48Z" level=warning msg="Request Failed" error="Post \"http://node0:8000/\": EOF"
time="2026-04-24T07:44:48Z" level=warning msg="Request Failed" error="Post \"http://node0:8000/\": EOF"
time="2026-04-24T07:44:48Z" level=warning msg="Request Failed" error="Post \"http://node0:8000/\": EOF"
time="2026-04-24T07:44:48Z" level=warning msg="Request Failed" error="Post \"http://node0:8000/\": EOF"
time="2026-04-24T07:44:48Z" level=warning msg="Request Failed" error="Post \"http://node0:8000/\": EOF"
time="2026-04-24T07:44:48Z" level=warning msg="Request Failed" error="Post \"http://node0:8000/\": EOF"
time="2026-04-24T07:44:48Z" level=warning msg="Request Failed" error="Post \"http://node0:8000/\": EOF"
time="2026-04-24T07:44:48Z" level=warning msg="Request Failed" error="Post \"http://node0:8000/\": EOF"
time="2026-04-24T07:44:48Z" level=warning msg="Request Failed" error="Post \"http://node0:8000/\": EOF"
time="2026-04-24T07:44:48Z" level=warning msg="Request Failed" error="Post \"http://node0:8000/\": EOF"
time="2026-04-24T07:44:48Z" level=warning msg="Request Failed" error="Post \"http://node0:8000/\": EOF"
time="2026-04-24T07:44:48Z" level=warning msg="Request Failed" error="Post \"http://node0:8000/\": EOF"
time="2026-04-24T07:44:48Z" level=warning msg="Request Failed" error="Post \"http://node0:8000/\": EOF"
time="2026-04-24T07:44:48Z" level=warning msg="Request Failed" error="Post \"http://node0:8000/\": EOF"
time="2026-04-24T07:44:48Z" level=warning msg="Request Failed" error="Post \"http://node0:8000/\": EOF"
time="2026-04-24T07:44:48Z" level=warning msg="Request Failed" error="Post \"http://node0:8000/\": EOF"
time="2026-04-24T07:44:48Z" level=warning msg="Request Failed" error="Post \"http://node0:8000/\": EOF"
time="2026-04-24T07:44:48Z" level=warning msg="Request Failed" error="Post \"http://node0:8000/\": EOF"
time="2026-04-24T07:44:48Z" level=warning msg="Request Failed" error="Post \"http://node0:8000/\": EOF"
time="2026-04-24T07:44:48Z" level=warning msg="Request Failed" error="Post \"http://node0:8000/\": EOF"
time="2026-04-24T07:44:48Z" level=warning msg="Request Failed" error="Post \"http://node0:8000/\": EOF"
time="2026-04-24T07:44:48Z" level=warning msg="Request Failed" error="Post \"http://node0:8000/\": EOF"
time="2026-04-24T07:44:48Z" level=warning msg="Request Failed" error="Post \"http://node0:8000/\": EOF"
time="2026-04-24T07:44:48Z" level=warning msg="Request Failed" error="Post \"http://node0:8000/\": EOF"
time="2026-04-24T07:44:48Z" level=warning msg="Request Failed" error="Post \"http://node0:8000/\": EOF"
time="2026-04-24T07:44:48Z" level=warning msg="Request Failed" error="Post \"http://node0:8000/\": EOF"
time="2026-04-24T07:44:48Z" level=warning msg="Request Failed" error="Post \"http://node0:8000/\": EOF"
time="2026-04-24T07:44:48Z" level=warning msg="Request Failed" error="Post \"http://node0:8000/\": EOF"
time="2026-04-24T07:44:48Z" level=warning msg="Request Failed" error="Post \"http://node0:8000/\": EOF"
time="2026-04-24T07:44:48Z" level=warning msg="Request Failed" error="Post \"http://node0:8000/\": EOF"
time="2026-04-24T07:44:48Z" level=warning msg="Request Failed" error="Post \"http://node0:8000/\": EOF"
time="2026-04-24T07:44:48Z" level=warning msg="Request Failed" error="Post \"http://node0:8000/\": EOF"
time="2026-04-24T07:44:48Z" level=warning msg="Request Failed" error="Post \"http://node0:8000/\": EOF"
time="2026-04-24T07:44:48Z" level=warning msg="Request Failed" error="Post \"http://node0:8000/\": EOF"
time="2026-04-24T07:44:48Z" level=warning msg="Request Failed" error="Post \"http://node0:8000/\": EOF"
time="2026-04-24T07:44:48Z" level=warning msg="Request Failed" error="Post \"http://node0:8000/\": EOF"
time="2026-04-24T07:44:48Z" level=warning msg="Request Failed" error="Post \"http://node0:8000/\": EOF"
time="2026-04-24T07:44:48Z" level=warning msg="Request Failed" error="Post \"http://node0:8000/\": EOF"
time="2026-04-24T07:44:48Z" level=warning msg="Request Failed" error="Post \"http://node0:8000/\": EOF"
time="2026-04-24T07:44:48Z" level=warning msg="Request Failed" error="Post \"http://node0:8000/\": EOF"
time="2026-04-24T07:44:48Z" level=warning msg="Request Failed" error="Post \"http://node0:8000/\": EOF"
time="2026-04-24T07:44:48Z" level=warning msg="Request Failed" error="Post \"http://node0:8000/\": EOF"
time="2026-04-24T07:44:48Z" level=warning msg="Request Failed" error="Post \"http://node0:8000/\": EOF"
time="2026-04-24T07:44:48Z" level=warning msg="Request Failed" error="Post \"http://node0:8000/\": EOF"
time="2026-04-24T07:44:48Z" level=warning msg="Request Failed" error="Post \"http://node0:8000/\": EOF"
time="2026-04-24T07:44:48Z" level=warning msg="Request Failed" error="Post \"http://node0:8000/\": EOF"
time="2026-04-24T07:44:48Z" level=warning msg="Request Failed" error="Post \"http://node0:8000/\": EOF"
time="2026-04-24T07:44:48Z" level=warning msg="Request Failed" error="Post \"http://node0:8000/\": EOF"
time="2026-04-24T07:44:48Z" level=warning msg="Request Failed" error="Post \"http://node0:8000/\": EOF"
time="2026-04-24T07:44:48Z" level=warning msg="Request Failed" error="Post \"http://node0:8000/\": EOF"
time="2026-04-24T07:44:48Z" level=warning msg="Request Failed" error="Post \"http://node0:8000/\": EOF"
time="2026-04-24T07:44:48Z" level=warning msg="Request Failed" error="Post \"http://node0:8000/\": EOF"
time="2026-04-24T07:44:48Z" level=warning msg="Request Failed" error="Post \"http://node0:8000/\": EOF"
time="2026-04-24T07:44:48Z" level=warning msg="Request Failed" error="Post \"http://node0:8000/\": EOF"
time="2026-04-24T07:44:48Z" level=warning msg="Request Failed" error="Post \"http://node0:8000/\": EOF"
time="2026-04-24T07:44:48Z" level=warning msg="Request Failed" error="Post \"http://node0:8000/\": EOF"
time="2026-04-24T07:44:48Z" level=warning msg="Request Failed" error="Post \"http://node0:8000/\": EOF"
time="2026-04-24T07:44:48Z" level=warning msg="Request Failed" error="Post \"http://node0:8000/\": EOF"
time="2026-04-24T07:44:48Z" level=warning msg="Request Failed" error="Post \"http://node0:8000/\": EOF"
time="2026-04-24T07:44:48Z" level=warning msg="Request Failed" error="Post \"http://node0:8000/\": EOF"
time="2026-04-24T07:44:48Z" level=warning msg="Request Failed" error="Post \"http://node0:8000/\": EOF"
time="2026-04-24T07:44:48Z" level=warning msg="Request Failed" error="Post \"http://node0:8000/\": EOF"
time="2026-04-24T07:44:48Z" level=warning msg="Request Failed" error="Post \"http://node0:8000/\": EOF"
time="2026-04-24T07:44:48Z" level=warning msg="Request Failed" error="Post \"http://node0:8000/\": EOF"
time="2026-04-24T07:44:48Z" level=warning msg="Request Failed" error="Post \"http://node0:8000/\": EOF"
time="2026-04-24T07:44:48Z" level=warning msg="Request Failed" error="Post \"http://node0:8000/\": EOF"
time="2026-04-24T07:44:48Z" level=warning msg="Request Failed" error="Post \"http://node0:8000/\": EOF"
time="2026-04-24T07:44:48Z" level=warning msg="Request Failed" error="Post \"http://node0:8000/\": EOF"
time="2026-04-24T07:44:48Z" level=warning msg="Request Failed" error="Post \"http://node0:8000/\": EOF"
time="2026-04-24T07:44:48Z" level=warning msg="Request Failed" error="Post \"http://node0:8000/\": EOF"
time="2026-04-24T07:44:48Z" level=warning msg="Request Failed" error="Post \"http://node0:8000/\": EOF"
time="2026-04-24T07:44:48Z" level=warning msg="Request Failed" error="Post \"http://node0:8000/\": EOF"
time="2026-04-24T07:44:48Z" level=warning msg="Request Failed" error="Post \"http://node0:8000/\": EOF"
time="2026-04-24T07:44:48Z" level=warning msg="Request Failed" error="Post \"http://node0:8000/\": EOF"
time="2026-04-24T07:44:48Z" level=warning msg="Request Failed" error="Post \"http://node0:8000/\": EOF"
time="2026-04-24T07:44:48Z" level=warning msg="Request Failed" error="Post \"http://node0:8000/\": EOF"
time="2026-04-24T07:44:48Z" level=warning msg="Request Failed" error="Post \"http://node0:8000/\": EOF"
time="2026-04-24T07:44:48Z" level=warning msg="Request Failed" error="Post \"http://node0:8000/\": EOF"
time="2026-04-24T07:44:48Z" level=warning msg="Request Failed" error="Post \"http://node0:8000/\": EOF"
time="2026-04-24T07:44:48Z" level=warning msg="Request Failed" error="Post \"http://node0:8000/\": EOF"
time="2026-04-24T07:44:48Z" level=warning msg="Request Failed" error="Post \"http://node0:8000/\": EOF"
time="2026-04-24T07:44:48Z" level=warning msg="Request Failed" error="Post \"http://node0:8000/\": EOF"
time="2026-04-24T07:44:48Z" level=warning msg="Request Failed" error="Post \"http://node0:8000/\": EOF"
time="2026-04-24T07:44:48Z" level=warning msg="Request Failed" error="Post \"http://node0:8000/\": EOF"
time="2026-04-24T07:44:48Z" level=warning msg="Request Failed" error="Post \"http://node0:8000/\": EOF"
time="2026-04-24T07:44:48Z" level=warning msg="Request Failed" error="Post \"http://node0:8000/\": EOF"
time="2026-04-24T07:44:48Z" level=warning msg="Request Failed" error="Post \"http://node0:8000/\": EOF"
time="2026-04-24T07:44:48Z" level=warning msg="Request Failed" error="Post \"http://node0:8000/\": EOF"
time="2026-04-24T07:44:48Z" level=warning msg="Request Failed" error="Post \"http://node0:8000/\": EOF"
time="2026-04-24T07:44:48Z" level=warning msg="Request Failed" error="Post \"http://node0:8000/\": EOF"
time="2026-04-24T07:44:48Z" level=warning msg="Request Failed" error="Post \"http://node0:8000/\": EOF"
time="2026-04-24T07:44:48Z" level=warning msg="Request Failed" error="Post \"http://node0:8000/\": EOF"
time="2026-04-24T07:44:48Z" level=warning msg="Request Failed" error="Post \"http://node0:8000/\": EOF"
time="2026-04-24T07:44:48Z" level=warning msg="Request Failed" error="Post \"http://node0:8000/\": EOF"
time="2026-04-24T07:44:48Z" level=warning msg="Request Failed" error="Post \"http://node0:8000/\": EOF"
time="2026-04-24T07:44:48Z" level=warning msg="Request Failed" error="Post \"http://node0:8000/\": EOF"
time="2026-04-24T07:44:48Z" level=warning msg="Request Failed" error="Post \"http://node0:8000/\": EOF"
time="2026-04-24T07:44:48Z" level=warning msg="Request Failed" error="Post \"http://node0:8000/\": EOF"
time="2026-04-24T07:44:48Z" level=warning msg="Request Failed" error="Post \"http://node0:8000/\": EOF"
time="2026-04-24T07:44:48Z" level=warning msg="Request Failed" error="Post \"http://node0:8000/\": EOF"
time="2026-04-24T07:44:48Z" level=warning msg="Request Failed" error="Post \"http://node0:8000/\": EOF"
time="2026-04-24T07:44:48Z" level=warning msg="Request Failed" error="Post \"http://node0:8000/\": EOF"
time="2026-04-24T07:44:48Z" level=warning msg="Request Failed" error="Post \"http://node0:8000/\": EOF"
time="2026-04-24T07:44:48Z" level=warning msg="Request Failed" error="Post \"http://node0:8000/\": EOF"
time="2026-04-24T07:44:48Z" level=warning msg="Request Failed" error="Post \"http://node0:8000/\": EOF"
time="2026-04-24T07:44:48Z" level=warning msg="Request Failed" error="Post \"http://node0:8000/\": EOF"
time="2026-04-24T07:44:48Z" level=warning msg="Request Failed" error="Post \"http://node0:8000/\": EOF"
time="2026-04-24T07:44:48Z" level=warning msg="Request Failed" error="Post \"http://node0:8000/\": EOF"
time="2026-04-24T07:44:48Z" level=warning msg="Request Failed" error="Post \"http://node0:8000/\": EOF"
time="2026-04-24T07:44:48Z" level=warning msg="Request Failed" error="Post \"http://node0:8000/\": EOF"
time="2026-04-24T07:44:48Z" level=warning msg="Request Failed" error="Post \"http://node0:8000/\": EOF"
time="2026-04-24T07:44:48Z" level=warning msg="Request Failed" error="Post \"http://node0:8000/\": EOF"
time="2026-04-24T07:44:48Z" level=warning msg="Request Failed" error="Post \"http://node0:8000/\": EOF"
time="2026-04-24T07:44:48Z" level=warning msg="Request Failed" error="Post \"http://node0:8000/\": EOF"
time="2026-04-24T07:44:48Z" level=warning msg="Request Failed" error="Post \"http://node0:8000/\": EOF"
time="2026-04-24T07:44:48Z" level=warning msg="Request Failed" error="Post \"http://node0:8000/\": EOF"
time="2026-04-24T07:44:48Z" level=warning msg="Request Failed" error="Post \"http://node0:8000/\": EOF"
time="2026-04-24T07:44:48Z" level=warning msg="Request Failed" error="Post \"http://node0:8000/\": EOF"
time="2026-04-24T07:44:48Z" level=warning msg="Request Failed" error="Post \"http://node0:8000/\": EOF"
time="2026-04-24T07:44:48Z" level=warning msg="Request Failed" error="Post \"http://node0:8000/\": EOF"
time="2026-04-24T07:44:48Z" level=warning msg="Request Failed" error="Post \"http://node0:8000/\": EOF"
time="2026-04-24T07:44:48Z" level=warning msg="Request Failed" error="Post \"http://node0:8000/\": EOF"
time="2026-04-24T07:44:48Z" level=warning msg="Request Failed" error="Post \"http://node0:8000/\": EOF"
time="2026-04-24T07:44:48Z" level=warning msg="Request Failed" error="Post \"http://node0:8000/\": EOF"
time="2026-04-24T07:44:48Z" level=warning msg="Request Failed" error="Post \"http://node0:8000/\": EOF"
time="2026-04-24T07:44:48Z" level=warning msg="Request Failed" error="Post \"http://node0:8000/\": EOF"
time="2026-04-24T07:44:48Z" level=warning msg="Request Failed" error="Post \"http://node0:8000/\": EOF"
time="2026-04-24T07:44:48Z" level=warning msg="Request Failed" error="Post \"http://node0:8000/\": EOF"
time="2026-04-24T07:44:48Z" level=warning msg="Request Failed" error="Post \"http://node0:8000/\": EOF"
time="2026-04-24T07:44:48Z" level=warning msg="Request Failed" error="Post \"http://node0:8000/\": EOF"
time="2026-04-24T07:44:48Z" level=warning msg="Request Failed" error="Post \"http://node0:8000/\": EOF"
time="2026-04-24T07:44:48Z" level=warning msg="Request Failed" error="Post \"http://node0:8000/\": EOF"
time="2026-04-24T07:44:48Z" level=warning msg="Request Failed" error="Post \"http://node0:8000/\": EOF"
time="2026-04-24T07:44:48Z" level=warning msg="Request Failed" error="Post \"http://node0:8000/\": EOF"
time="2026-04-24T07:44:48Z" level=warning msg="Request Failed" error="Post \"http://node0:8000/\": EOF"
time="2026-04-24T07:44:48Z" level=warning msg="Request Failed" error="Post \"http://node0:8000/\": EOF"
time="2026-04-24T07:44:48Z" level=warning msg="Request Failed" error="Post \"http://node0:8000/\": EOF"
time="2026-04-24T07:44:48Z" level=warning msg="Request Failed" error="Post \"http://node0:8000/\": EOF"
time="2026-04-24T07:44:48Z" level=warning msg="Request Failed" error="Post \"http://node0:8000/\": EOF"
time="2026-04-24T07:44:48Z" level=warning msg="Request Failed" error="Post \"http://node0:8000/\": EOF"
time="2026-04-24T07:44:48Z" level=warning msg="Request Failed" error="Post \"http://node0:8000/\": EOF"
time="2026-04-24T07:44:48Z" level=warning msg="Request Failed" error="Post \"http://node0:8000/\": EOF"
time="2026-04-24T07:44:48Z" level=warning msg="Request Failed" error="Post \"http://node0:8000/\": EOF"
time="2026-04-24T07:44:48Z" level=warning msg="Request Failed" error="Post \"http://node0:8000/\": EOF"
time="2026-04-24T07:44:48Z" level=warning msg="Request Failed" error="Post \"http://node0:8000/\": EOF"
time="2026-04-24T07:44:48Z" level=warning msg="Request Failed" error="Post \"http://node0:8000/\": EOF"
time="2026-04-24T07:44:48Z" level=warning msg="Request Failed" error="Post \"http://node0:8000/\": EOF"
time="2026-04-24T07:44:48Z" level=warning msg="Request Failed" error="Post \"http://node0:8000/\": EOF"
time="2026-04-24T07:44:48Z" level=warning msg="Request Failed" error="Post \"http://node0:8000/\": EOF"
time="2026-04-24T07:44:48Z" level=warning msg="Request Failed" error="Post \"http://node0:8000/\": EOF"
time="2026-04-24T07:44:48Z" level=warning msg="Request Failed" error="Post \"http://node0:8000/\": EOF"
time="2026-04-24T07:44:48Z" level=warning msg="Request Failed" error="Post \"http://node0:8000/\": EOF"
time="2026-04-24T07:44:48Z" level=warning msg="Request Failed" error="Post \"http://node0:8000/\": EOF"
time="2026-04-24T07:44:48Z" level=warning msg="Request Failed" error="Post \"http://node0:8000/\": EOF"
time="2026-04-24T07:44:48Z" level=warning msg="Request Failed" error="Post \"http://node0:8000/\": EOF"
time="2026-04-24T07:44:48Z" level=warning msg="Request Failed" error="Post \"http://node0:8000/\": EOF"
time="2026-04-24T07:44:48Z" level=warning msg="Request Failed" error="Post \"http://node0:8000/\": EOF"
time="2026-04-24T07:44:48Z" level=warning msg="Request Failed" error="Post \"http://node0:8000/\": EOF"
time="2026-04-24T07:44:48Z" level=warning msg="Request Failed" error="Post \"http://node0:8000/\": EOF"
time="2026-04-24T07:44:48Z" level=warning msg="Request Failed" error="Post \"http://node0:8000/\": EOF"
time="2026-04-24T07:44:48Z" level=warning msg="Request Failed" error="Post \"http://node0:8000/\": EOF"
time="2026-04-24T07:44:48Z" level=warning msg="Request Failed" error="Post \"http://node0:8000/\": EOF"
time="2026-04-24T07:44:48Z" level=warning msg="Request Failed" error="Post \"http://node0:8000/\": EOF"
time="2026-04-24T07:44:48Z" level=warning msg="Request Failed" error="Post \"http://node0:8000/\": EOF"
time="2026-04-24T07:44:48Z" level=warning msg="Request Failed" error="Post \"http://node0:8000/\": EOF"
time="2026-04-24T07:44:48Z" level=warning msg="Request Failed" error="Post \"http://node0:8000/\": EOF"
time="2026-04-24T07:44:48Z" level=warning msg="Request Failed" error="Post \"http://node0:8000/\": EOF"
time="2026-04-24T07:44:48Z" level=warning msg="Request Failed" error="Post \"http://node0:8000/\": EOF"
time="2026-04-24T07:44:48Z" level=warning msg="Request Failed" error="Post \"http://node0:8000/\": EOF"
time="2026-04-24T07:44:48Z" level=warning msg="Request Failed" error="Post \"http://node0:8000/\": EOF"
time="2026-04-24T07:44:48Z" level=warning msg="Request Failed" error="Post \"http://node0:8000/\": EOF"
time="2026-04-24T07:44:48Z" level=warning msg="Request Failed" error="Post \"http://node0:8000/\": EOF"
time="2026-04-24T07:44:48Z" level=warning msg="Request Failed" error="Post \"http://node0:8000/\": EOF"
time="2026-04-24T07:44:48Z" level=warning msg="Request Failed" error="Post \"http://node0:8000/\": EOF"
time="2026-04-24T07:44:48Z" level=warning msg="Request Failed" error="Post \"http://node0:8000/\": EOF"
time="2026-04-24T07:44:48Z" level=warning msg="Request Failed" error="Post \"http://node0:8000/\": EOF"
time="2026-04-24T07:44:48Z" level=warning msg="Request Failed" error="Post \"http://node0:8000/\": EOF"
time="2026-04-24T07:44:48Z" level=warning msg="Request Failed" error="Post \"http://node0:8000/\": EOF"
time="2026-04-24T07:44:48Z" level=warning msg="Request Failed" error="Post \"http://node0:8000/\": EOF"
time="2026-04-24T07:44:48Z" level=warning msg="Request Failed" error="Post \"http://node0:8000/\": EOF"
time="2026-04-24T07:44:48Z" level=warning msg="Request Failed" error="Post \"http://node0:8000/\": EOF"
time="2026-04-24T07:44:48Z" level=warning msg="Request Failed" error="Post \"http://node0:8000/\": EOF"
time="2026-04-24T07:44:48Z" level=warning msg="Request Failed" error="Post \"http://node0:8000/\": EOF"
time="2026-04-24T07:44:48Z" level=warning msg="Request Failed" error="Post \"http://node0:8000/\": EOF"
time="2026-04-24T07:44:48Z" level=warning msg="Request Failed" error="Post \"http://node0:8000/\": EOF"
time="2026-04-24T07:44:48Z" level=warning msg="Request Failed" error="Post \"http://node0:8000/\": EOF"
time="2026-04-24T07:44:48Z" level=warning msg="Request Failed" error="Post \"http://node0:8000/\": EOF"
time="2026-04-24T07:44:48Z" level=warning msg="Request Failed" error="Post \"http://node0:8000/\": EOF"
time="2026-04-24T07:44:48Z" level=warning msg="Request Failed" error="Post \"http://node0:8000/\": EOF"
time="2026-04-24T07:44:48Z" level=warning msg="Request Failed" error="Post \"http://node0:8000/\": EOF"
time="2026-04-24T07:44:48Z" level=warning msg="Request Failed" error="Post \"http://node0:8000/\": EOF"
time="2026-04-24T07:44:48Z" level=warning msg="Request Failed" error="Post \"http://node0:8000/\": EOF"
time="2026-04-24T07:44:48Z" level=warning msg="Request Failed" error="Post \"http://node0:8000/\": EOF"
time="2026-04-24T07:44:48Z" level=warning msg="Request Failed" error="Post \"http://node0:8000/\": EOF"
time="2026-04-24T07:44:48Z" level=warning msg="Request Failed" error="Post \"http://node0:8000/\": EOF"
time="2026-04-24T07:44:48Z" level=warning msg="Request Failed" error="Post \"http://node0:8000/\": EOF"
time="2026-04-24T07:44:48Z" level=warning msg="Request Failed" error="Post \"http://node0:8000/\": EOF"
time="2026-04-24T07:44:48Z" level=warning msg="Request Failed" error="Post \"http://node0:8000/\": EOF"
time="2026-04-24T07:44:48Z" level=warning msg="Request Failed" error="Post \"http://node0:8000/\": EOF"
time="2026-04-24T07:44:48Z" level=warning msg="Request Failed" error="Post \"http://node0:8000/\": EOF"
time="2026-04-24T07:44:48Z" level=warning msg="Request Failed" error="Post \"http://node0:8000/\": EOF"
time="2026-04-24T07:44:48Z" level=warning msg="Request Failed" error="Post \"http://node0:8000/\": EOF"
time="2026-04-24T07:44:48Z" level=warning msg="Request Failed" error="Post \"http://node0:8000/\": EOF"
time="2026-04-24T07:44:48Z" level=warning msg="Request Failed" error="Post \"http://node0:8000/\": EOF"
time="2026-04-24T07:44:48Z" level=warning msg="Request Failed" error="Post \"http://node0:8000/\": EOF"
time="2026-04-24T07:44:48Z" level=warning msg="Request Failed" error="Post \"http://node0:8000/\": EOF"
time="2026-04-24T07:44:48Z" level=warning msg="Request Failed" error="Post \"http://node0:8000/\": EOF"
time="2026-04-24T07:44:48Z" level=warning msg="Request Failed" error="Post \"http://node0:8000/\": EOF"
time="2026-04-24T07:44:48Z" level=warning msg="Request Failed" error="Post \"http://node0:8000/\": EOF"
time="2026-04-24T07:44:48Z" level=warning msg="Request Failed" error="Post \"http://node0:8000/\": EOF"
time="2026-04-24T07:44:48Z" level=warning msg="Request Failed" error="Post \"http://node0:8000/\": EOF"
time="2026-04-24T07:44:48Z" level=warning msg="Request Failed" error="Post \"http://node0:8000/\": EOF"
time="2026-04-24T07:44:48Z" level=warning msg="Request Failed" error="Post \"http://node0:8000/\": EOF"
time="2026-04-24T07:44:48Z" level=warning msg="Request Failed" error="Post \"http://node0:8000/\": EOF"
time="2026-04-24T07:44:48Z" level=warning msg="Request Failed" error="Post \"http://node0:8000/\": EOF"
time="2026-04-24T07:44:48Z" level=warning msg="Request Failed" error="Post \"http://node0:8000/\": EOF"
time="2026-04-24T07:44:48Z" level=warning msg="Request Failed" error="Post \"http://node0:8000/\": EOF"
time="2026-04-24T07:44:48Z" level=warning msg="Request Failed" error="Post \"http://node0:8000/\": EOF"
time="2026-04-24T07:44:48Z" level=warning msg="Request Failed" error="Post \"http://node0:8000/\": EOF"
time="2026-04-24T07:44:48Z" level=warning msg="Request Failed" error="Post \"http://node0:8000/\": EOF"
time="2026-04-24T07:44:48Z" level=warning msg="Request Failed" error="Post \"http://node0:8000/\": EOF"
time="2026-04-24T07:44:48Z" level=warning msg="Request Failed" error="Post \"http://node0:8000/\": EOF"
time="2026-04-24T07:44:48Z" level=warning msg="Request Failed" error="Post \"http://node0:8000/\": EOF"
time="2026-04-24T07:44:48Z" level=warning msg="Request Failed" error="Post \"http://node0:8000/\": EOF"
time="2026-04-24T07:44:48Z" level=warning msg="Request Failed" error="Post \"http://node0:8000/\": EOF"
time="2026-04-24T07:44:48Z" level=warning msg="Request Failed" error="Post \"http://node0:8000/\": EOF"
time="2026-04-24T07:44:48Z" level=warning msg="Request Failed" error="Post \"http://node0:8000/\": EOF"
time="2026-04-24T07:44:48Z" level=warning msg="Request Failed" error="Post \"http://node0:8000/\": EOF"
time="2026-04-24T07:44:48Z" level=warning msg="Request Failed" error="Post \"http://node0:8000/\": EOF"
time="2026-04-24T07:44:48Z" level=warning msg="Request Failed" error="Post \"http://node0:8000/\": EOF"
time="2026-04-24T07:44:48Z" level=warning msg="Request Failed" error="Post \"http://node0:8000/\": EOF"
time="2026-04-24T07:44:48Z" level=warning msg="Request Failed" error="Post \"http://node0:8000/\": EOF"
time="2026-04-24T07:44:48Z" level=warning msg="Request Failed" error="Post \"http://node0:8000/\": EOF"
time="2026-04-24T07:44:48Z" level=warning msg="Request Failed" error="Post \"http://node0:8000/\": EOF"
time="2026-04-24T07:44:48Z" level=warning msg="Request Failed" error="Post \"http://node0:8000/\": EOF"
time="2026-04-24T07:44:48Z" level=warning msg="Request Failed" error="Post \"http://node0:8000/\": EOF"
time="2026-04-24T07:44:48Z" level=warning msg="Request Failed" error="Post \"http://node0:8000/\": EOF"
time="2026-04-24T07:44:48Z" level=warning msg="Request Failed" error="Post \"http://node0:8000/\": EOF"
time="2026-04-24T07:44:48Z" level=warning msg="Request Failed" error="Post \"http://node0:8000/\": EOF"
time="2026-04-24T07:44:48Z" level=warning msg="Request Failed" error="Post \"http://node0:8000/\": EOF"
time="2026-04-24T07:44:48Z" level=warning msg="Request Failed" error="Post \"http://node0:8000/\": EOF"
time="2026-04-24T07:44:48Z" level=warning msg="Request Failed" error="Post \"http://node0:8000/\": EOF"
time="2026-04-24T07:44:48Z" level=warning msg="Request Failed" error="Post \"http://node0:8000/\": EOF"
time="2026-04-24T07:44:48Z" level=warning msg="Request Failed" error="Post \"http://node0:8000/\": EOF"
time="2026-04-24T07:44:48Z" level=warning msg="Request Failed" error="Post \"http://node0:8000/\": EOF"
time="2026-04-24T07:44:48Z" level=warning msg="Request Failed" error="Post \"http://node0:8000/\": EOF"
time="2026-04-24T07:44:48Z" level=warning msg="Request Failed" error="Post \"http://node0:8000/\": EOF"
time="2026-04-24T07:44:48Z" level=warning msg="Request Failed" error="Post \"http://node0:8000/\": EOF"
time="2026-04-24T07:44:48Z" level=warning msg="Request Failed" error="Post \"http://node0:8000/\": EOF"
time="2026-04-24T07:44:48Z" level=warning msg="Request Failed" error="Post \"http://node0:8000/\": EOF"
time="2026-04-24T07:44:48Z" level=warning msg="Request Failed" error="Post \"http://node0:8000/\": EOF"
time="2026-04-24T07:44:48Z" level=warning msg="Request Failed" error="Post \"http://node0:8000/\": EOF"
time="2026-04-24T07:44:48Z" level=warning msg="Request Failed" error="Post \"http://node0:8000/\": EOF"
time="2026-04-24T07:44:48Z" level=warning msg="Request Failed" error="Post \"http://node0:8000/\": EOF"
time="2026-04-24T07:44:48Z" level=warning msg="Request Failed" error="Post \"http://node0:8000/\": EOF"
time="2026-04-24T07:44:48Z" level=warning msg="Request Failed" error="Post \"http://node0:8000/\": EOF"
time="2026-04-24T07:44:48Z" level=warning msg="Request Failed" error="Post \"http://node0:8000/\": EOF"
time="2026-04-24T07:44:48Z" level=warning msg="Request Failed" error="Post \"http://node0:8000/\": EOF"
time="2026-04-24T07:44:48Z" level=warning msg="Request Failed" error="Post \"http://node0:8000/\": EOF"
time="2026-04-24T07:44:48Z" level=warning msg="Request Failed" error="Post \"http://node0:8000/\": EOF"
time="2026-04-24T07:44:48Z" level=warning msg="Request Failed" error="Post \"http://node0:8000/\": EOF"
time="2026-04-24T07:44:48Z" level=warning msg="Request Failed" error="Post \"http://node0:8000/\": EOF"
time="2026-04-24T07:44:48Z" level=warning msg="Request Failed" error="Post \"http://node0:8000/\": EOF"
time="2026-04-24T07:44:48Z" level=warning msg="Request Failed" error="Post \"http://node0:8000/\": EOF"
time="2026-04-24T07:44:48Z" level=warning msg="Request Failed" error="Post \"http://node0:8000/\": EOF"
time="2026-04-24T07:44:48Z" level=warning msg="Request Failed" error="Post \"http://node0:8000/\": EOF"
time="2026-04-24T07:44:48Z" level=warning msg="Request Failed" error="Post \"http://node0:8000/\": EOF"
time="2026-04-24T07:44:48Z" level=warning msg="Request Failed" error="Post \"http://node0:8000/\": EOF"
time="2026-04-24T07:44:48Z" level=warning msg="Request Failed" error="Post \"http://node0:8000/\": EOF"
time="2026-04-24T07:44:48Z" level=warning msg="Request Failed" error="Post \"http://node0:8000/\": EOF"
time="2026-04-24T07:44:48Z" level=warning msg="Request Failed" error="Post \"http://node0:8000/\": EOF"
time="2026-04-24T07:44:48Z" level=warning msg="Request Failed" error="Post \"http://node0:8000/\": EOF"
time="2026-04-24T07:44:48Z" level=warning msg="Request Failed" error="Post \"http://node0:8000/\": EOF"
time="2026-04-24T07:44:48Z" level=warning msg="Request Failed" error="Post \"http://node0:8000/\": EOF"
time="2026-04-24T07:44:48Z" level=warning msg="Request Failed" error="Post \"http://node0:8000/\": EOF"
time="2026-04-24T07:44:48Z" level=warning msg="Request Failed" error="Post \"http://node0:8000/\": EOF"
time="2026-04-24T07:44:48Z" level=warning msg="Request Failed" error="Post \"http://node0:8000/\": EOF"
time="2026-04-24T07:44:48Z" level=warning msg="Request Failed" error="Post \"http://node0:8000/\": EOF"
time="2026-04-24T07:44:48Z" level=warning msg="Request Failed" error="Post \"http://node0:8000/\": EOF"
time="2026-04-24T07:44:48Z" level=warning msg="Request Failed" error="Post \"http://node0:8000/\": EOF"
time="2026-04-24T07:44:48Z" level=warning msg="Request Failed" error="Post \"http://node0:8000/\": EOF"
time="2026-04-24T07:44:48Z" level=warning msg="Request Failed" error="Post \"http://node0:8000/\": EOF"
time="2026-04-24T07:44:48Z" level=warning msg="Request Failed" error="Post \"http://node0:8000/\": EOF"
time="2026-04-24T07:44:48Z" level=warning msg="Request Failed" error="Post \"http://node0:8000/\": EOF"
time="2026-04-24T07:44:48Z" level=warning msg="Request Failed" error="Post \"http://node0:8000/\": EOF"
time="2026-04-24T07:44:48Z" level=warning msg="Request Failed" error="Post \"http://node0:8000/\": EOF"
time="2026-04-24T07:44:48Z" level=warning msg="Request Failed" error="Post \"http://node0:8000/\": EOF"
time="2026-04-24T07:44:48Z" level=warning msg="Request Failed" error="Post \"http://node0:8000/\": EOF"
time="2026-04-24T07:44:48Z" level=warning msg="Request Failed" error="Post \"http://node0:8000/\": EOF"
time="2026-04-24T07:44:48Z" level=warning msg="Request Failed" error="Post \"http://node0:8000/\": EOF"
time="2026-04-24T07:44:48Z" level=warning msg="Request Failed" error="Post \"http://node0:8000/\": EOF"
time="2026-04-24T07:44:48Z" level=warning msg="Request Failed" error="Post \"http://node0:8000/\": EOF"
time="2026-04-24T07:44:48Z" level=warning msg="Request Failed" error="Post \"http://node0:8000/\": EOF"
time="2026-04-24T07:44:48Z" level=warning msg="Request Failed" error="Post \"http://node0:8000/\": EOF"
time="2026-04-24T07:44:48Z" level=warning msg="Request Failed" error="Post \"http://node0:8000/\": EOF"
time="2026-04-24T07:44:48Z" level=warning msg="Request Failed" error="Post \"http://node0:8000/\": EOF"
time="2026-04-24T07:44:48Z" level=warning msg="Request Failed" error="Post \"http://node0:8000/\": EOF"
time="2026-04-24T07:44:48Z" level=warning msg="Request Failed" error="Post \"http://node0:8000/\": EOF"
time="2026-04-24T07:44:48Z" level=warning msg="Request Failed" error="Post \"http://node0:8000/\": EOF"
time="2026-04-24T07:44:48Z" level=warning msg="Request Failed" error="Post \"http://node0:8000/\": EOF"
time="2026-04-24T07:44:48Z" level=warning msg="Request Failed" error="Post \"http://node0:8000/\": EOF"
time="2026-04-24T07:44:48Z" level=warning msg="Request Failed" error="Post \"http://node0:8000/\": EOF"
time="2026-04-24T07:44:48Z" level=warning msg="Request Failed" error="Post \"http://node0:8000/\": EOF"
time="2026-04-24T07:44:48Z" level=warning msg="Request Failed" error="Post \"http://node0:8000/\": EOF"
time="2026-04-24T07:44:48Z" level=warning msg="Request Failed" error="Post \"http://node0:8000/\": EOF"
time="2026-04-24T07:44:48Z" level=warning msg="Request Failed" error="Post \"http://node0:8000/\": EOF"
time="2026-04-24T07:44:48Z" level=warning msg="Request Failed" error="Post \"http://node0:8000/\": EOF"
time="2026-04-24T07:44:48Z" level=warning msg="Request Failed" error="Post \"http://node0:8000/\": EOF"
time="2026-04-24T07:44:48Z" level=warning msg="Request Failed" error="Post \"http://node0:8000/\": EOF"
time="2026-04-24T07:44:48Z" level=warning msg="Request Failed" error="Post \"http://node0:8000/\": EOF"
time="2026-04-24T07:44:48Z" level=warning msg="Request Failed" error="Post \"http://node0:8000/\": EOF"
time="2026-04-24T07:44:48Z" level=warning msg="Request Failed" error="Post \"http://node0:8000/\": EOF"
time="2026-04-24T07:44:48Z" level=warning msg="Request Failed" error="Post \"http://node0:8000/\": EOF"
time="2026-04-24T07:44:48Z" level=warning msg="Request Failed" error="Post \"http://node0:8000/\": EOF"
time="2026-04-24T07:44:48Z" level=warning msg="Request Failed" error="Post \"http://node0:8000/\": EOF"
time="2026-04-24T07:44:48Z" level=warning msg="Request Failed" error="Post \"http://node0:8000/\": EOF"
time="2026-04-24T07:44:48Z" level=warning msg="Request Failed" error="Post \"http://node0:8000/\": EOF"
time="2026-04-24T07:44:48Z" level=warning msg="Request Failed" error="Post \"http://node0:8000/\": EOF"
time="2026-04-24T07:44:48Z" level=warning msg="Request Failed" error="Post \"http://node0:8000/\": EOF"
time="2026-04-24T07:44:48Z" level=warning msg="Request Failed" error="Post \"http://node0:8000/\": EOF"
time="2026-04-24T07:44:48Z" level=warning msg="Request Failed" error="Post \"http://node0:8000/\": EOF"
time="2026-04-24T07:44:48Z" level=warning msg="Request Failed" error="Post \"http://node0:8000/\": EOF"
time="2026-04-24T07:44:48Z" level=warning msg="Request Failed" error="Post \"http://node0:8000/\": EOF"
time="2026-04-24T07:44:48Z" level=warning msg="Request Failed" error="Post \"http://node0:8000/\": EOF"
time="2026-04-24T07:44:48Z" level=warning msg="Request Failed" error="Post \"http://node0:8000/\": EOF"
time="2026-04-24T07:44:48Z" level=warning msg="Request Failed" error="Post \"http://node0:8000/\": EOF"
time="2026-04-24T07:44:48Z" level=warning msg="Request Failed" error="Post \"http://node0:8000/\": EOF"
time="2026-04-24T07:44:48Z" level=warning msg="Request Failed" error="Post \"http://node0:8000/\": EOF"
time="2026-04-24T07:44:48Z" level=warning msg="Request Failed" error="Post \"http://node0:8000/\": EOF"
time="2026-04-24T07:44:48Z" level=warning msg="Request Failed" error="Post \"http://node0:8000/\": EOF"
time="2026-04-24T07:44:48Z" level=warning msg="Request Failed" error="Post \"http://node0:8000/\": EOF"
time="2026-04-24T07:44:48Z" level=warning msg="Request Failed" error="Post \"http://node0:8000/\": EOF"
time="2026-04-24T07:44:48Z" level=warning msg="Request Failed" error="Post \"http://node0:8000/\": EOF"
time="2026-04-24T07:44:48Z" level=warning msg="Request Failed" error="Post \"http://node0:8000/\": EOF"
time="2026-04-24T07:44:48Z" level=warning msg="Request Failed" error="Post \"http://node0:8000/\": EOF"
time="2026-04-24T07:44:48Z" level=warning msg="Request Failed" error="Post \"http://node0:8000/\": EOF"
time="2026-04-24T07:44:48Z" level=warning msg="Request Failed" error="Post \"http://node0:8000/\": EOF"
time="2026-04-24T07:44:48Z" level=warning msg="Request Failed" error="Post \"http://node0:8000/\": EOF"
time="2026-04-24T07:44:48Z" level=warning msg="Request Failed" error="Post \"http://node0:8000/\": EOF"
time="2026-04-24T07:44:48Z" level=warning msg="Request Failed" error="Post \"http://node0:8000/\": EOF"
time="2026-04-24T07:44:48Z" level=warning msg="Request Failed" error="Post \"http://node0:8000/\": EOF"
time="2026-04-24T07:44:48Z" level=warning msg="Request Failed" error="Post \"http://node0:8000/\": EOF"
time="2026-04-24T07:44:48Z" level=warning msg="Request Failed" error="Post \"http://node0:8000/\": EOF"
time="2026-04-24T07:44:48Z" level=warning msg="Request Failed" error="Post \"http://node0:8000/\": EOF"
time="2026-04-24T07:44:48Z" level=warning msg="Request Failed" error="Post \"http://node0:8000/\": EOF"
time="2026-04-24T07:44:48Z" level=warning msg="Request Failed" error="Post \"http://node0:8000/\": EOF"

running (45.0s), 00844/01176 VUs, 948 complete and 0 interrupted iterations
default ↓ [ 100% ] 01175/01175 VUs  15s  200.00 iters/s
time="2026-04-24T07:44:48Z" level=warning msg="Request Failed" error="Post \"http://node0:8000/\": EOF"
time="2026-04-24T07:44:48Z" level=warning msg="Request Failed" error="Post \"http://node0:8000/\": EOF"
time="2026-04-24T07:44:48Z" level=warning msg="Request Failed" error="Post \"http://node0:8000/\": EOF"
time="2026-04-24T07:44:48Z" level=warning msg="Request Failed" error="Post \"http://node0:8000/\": EOF"
time="2026-04-24T07:44:48Z" level=warning msg="Request Failed" error="Post \"http://node0:8000/\": EOF"
time="2026-04-24T07:44:48Z" level=warning msg="Request Failed" error="Post \"http://node0:8000/\": EOF"
time="2026-04-24T07:44:48Z" level=warning msg="Request Failed" error="Post \"http://node0:8000/\": EOF"
time="2026-04-24T07:44:48Z" level=warning msg="Request Failed" error="Post \"http://node0:8000/\": EOF"
time="2026-04-24T07:44:48Z" level=warning msg="Request Failed" error="Post \"http://node0:8000/\": EOF"
time="2026-04-24T07:44:48Z" level=warning msg="Request Failed" error="Post \"http://node0:8000/\": EOF"
time="2026-04-24T07:44:48Z" level=warning msg="Request Failed" error="Post \"http://node0:8000/\": EOF"
time="2026-04-24T07:44:48Z" level=warning msg="Request Failed" error="Post \"http://node0:8000/\": EOF"
time="2026-04-24T07:44:48Z" level=warning msg="Request Failed" error="Post \"http://node0:8000/\": EOF"
time="2026-04-24T07:44:48Z" level=warning msg="Request Failed" error="Post \"http://node0:8000/\": EOF"
time="2026-04-24T07:44:48Z" level=warning msg="Request Failed" error="Post \"http://node0:8000/\": EOF"
time="2026-04-24T07:44:48Z" level=warning msg="Request Failed" error="Post \"http://node0:8000/\": EOF"
time="2026-04-24T07:44:48Z" level=warning msg="Request Failed" error="Post \"http://node0:8000/\": EOF"
time="2026-04-24T07:44:48Z" level=warning msg="Request Failed" error="Post \"http://node0:8000/\": EOF"
time="2026-04-24T07:44:48Z" level=warning msg="Request Failed" error="Post \"http://node0:8000/\": EOF"
time="2026-04-24T07:44:48Z" level=warning msg="Request Failed" error="Post \"http://node0:8000/\": EOF"
time="2026-04-24T07:44:48Z" level=warning msg="Request Failed" error="Post \"http://node0:8000/\": EOF"
time="2026-04-24T07:44:48Z" level=warning msg="Request Failed" error="Post \"http://node0:8000/\": EOF"
time="2026-04-24T07:44:48Z" level=warning msg="Request Failed" error="Post \"http://node0:8000/\": EOF"
time="2026-04-24T07:44:48Z" level=warning msg="Request Failed" error="Post \"http://node0:8000/\": EOF"
time="2026-04-24T07:44:48Z" level=warning msg="Request Failed" error="Post \"http://node0:8000/\": EOF"
time="2026-04-24T07:44:48Z" level=warning msg="Request Failed" error="Post \"http://node0:8000/\": EOF"
time="2026-04-24T07:44:48Z" level=warning msg="Request Failed" error="Post \"http://node0:8000/\": EOF"
time="2026-04-24T07:44:48Z" level=warning msg="Request Failed" error="Post \"http://node0:8000/\": EOF"
time="2026-04-24T07:44:48Z" level=warning msg="Request Failed" error="Post \"http://node0:8000/\": EOF"
time="2026-04-24T07:44:48Z" level=warning msg="Request Failed" error="Post \"http://node0:8000/\": EOF"
time="2026-04-24T07:44:48Z" level=warning msg="Request Failed" error="Post \"http://node0:8000/\": EOF"
time="2026-04-24T07:44:48Z" level=warning msg="Request Failed" error="Post \"http://node0:8000/\": EOF"
time="2026-04-24T07:44:48Z" level=warning msg="Request Failed" error="Post \"http://node0:8000/\": EOF"
time="2026-04-24T07:44:48Z" level=warning msg="Request Failed" error="Post \"http://node0:8000/\": EOF"
time="2026-04-24T07:44:48Z" level=warning msg="Request Failed" error="Post \"http://node0:8000/\": EOF"
time="2026-04-24T07:44:48Z" level=warning msg="Request Failed" error="Post \"http://node0:8000/\": EOF"
time="2026-04-24T07:44:48Z" level=warning msg="Request Failed" error="Post \"http://node0:8000/\": EOF"
time="2026-04-24T07:44:48Z" level=warning msg="Request Failed" error="Post \"http://node0:8000/\": EOF"
time="2026-04-24T07:44:48Z" level=warning msg="Request Failed" error="Post \"http://node0:8000/\": EOF"
time="2026-04-24T07:44:48Z" level=warning msg="Request Failed" error="Post \"http://node0:8000/\": EOF"
time="2026-04-24T07:44:48Z" level=warning msg="Request Failed" error="Post \"http://node0:8000/\": EOF"
time="2026-04-24T07:44:48Z" level=warning msg="Request Failed" error="Post \"http://node0:8000/\": EOF"
time="2026-04-24T07:44:48Z" level=warning msg="Request Failed" error="Post \"http://node0:8000/\": EOF"
time="2026-04-24T07:44:48Z" level=warning msg="Request Failed" error="Post \"http://node0:8000/\": EOF"
time="2026-04-24T07:44:48Z" level=warning msg="Request Failed" error="Post \"http://node0:8000/\": EOF"
time="2026-04-24T07:44:48Z" level=warning msg="Request Failed" error="Post \"http://node0:8000/\": EOF"
time="2026-04-24T07:44:48Z" level=warning msg="Request Failed" error="Post \"http://node0:8000/\": EOF"
time="2026-04-24T07:44:48Z" level=warning msg="Request Failed" error="Post \"http://node0:8000/\": EOF"
time="2026-04-24T07:44:48Z" level=warning msg="Request Failed" error="Post \"http://node0:8000/\": EOF"
time="2026-04-24T07:44:48Z" level=warning msg="Request Failed" error="Post \"http://node0:8000/\": EOF"
time="2026-04-24T07:44:48Z" level=warning msg="Request Failed" error="Post \"http://node0:8000/\": EOF"
time="2026-04-24T07:44:48Z" level=warning msg="Request Failed" error="Post \"http://node0:8000/\": EOF"
time="2026-04-24T07:44:48Z" level=warning msg="Request Failed" error="Post \"http://node0:8000/\": EOF"
time="2026-04-24T07:44:48Z" level=warning msg="Request Failed" error="Post \"http://node0:8000/\": EOF"
time="2026-04-24T07:44:48Z" level=warning msg="Request Failed" error="Post \"http://node0:8000/\": EOF"
time="2026-04-24T07:44:48Z" level=warning msg="Request Failed" error="Post \"http://node0:8000/\": EOF"
time="2026-04-24T07:44:48Z" level=warning msg="Request Failed" error="Post \"http://node0:8000/\": EOF"
time="2026-04-24T07:44:48Z" level=warning msg="Request Failed" error="Post \"http://node0:8000/\": EOF"
time="2026-04-24T07:44:48Z" level=warning msg="Request Failed" error="Post \"http://node0:8000/\": EOF"
time="2026-04-24T07:44:48Z" level=warning msg="Request Failed" error="Post \"http://node0:8000/\": EOF"
time="2026-04-24T07:44:48Z" level=warning msg="Request Failed" error="Post \"http://node0:8000/\": EOF"
time="2026-04-24T07:44:48Z" level=warning msg="Request Failed" error="Post \"http://node0:8000/\": EOF"
time="2026-04-24T07:44:48Z" level=warning msg="Request Failed" error="Post \"http://node0:8000/\": EOF"
time="2026-04-24T07:44:48Z" level=warning msg="Request Failed" error="Post \"http://node0:8000/\": EOF"
time="2026-04-24T07:44:48Z" level=warning msg="Request Failed" error="Post \"http://node0:8000/\": EOF"
time="2026-04-24T07:44:48Z" level=warning msg="Request Failed" error="Post \"http://node0:8000/\": EOF"
time="2026-04-24T07:44:48Z" level=warning msg="Request Failed" error="Post \"http://node0:8000/\": EOF"
time="2026-04-24T07:44:48Z" level=warning msg="Request Failed" error="Post \"http://node0:8000/\": EOF"
time="2026-04-24T07:44:48Z" level=warning msg="Request Failed" error="Post \"http://node0:8000/\": EOF"
time="2026-04-24T07:44:48Z" level=warning msg="Request Failed" error="Post \"http://node0:8000/\": EOF"
time="2026-04-24T07:44:48Z" level=warning msg="Request Failed" error="Post \"http://node0:8000/\": EOF"
time="2026-04-24T07:44:48Z" level=warning msg="Request Failed" error="Post \"http://node0:8000/\": EOF"
time="2026-04-24T07:44:48Z" level=warning msg="Request Failed" error="Post \"http://node0:8000/\": EOF"
time="2026-04-24T07:44:48Z" level=warning msg="Request Failed" error="Post \"http://node0:8000/\": EOF"
time="2026-04-24T07:44:48Z" level=warning msg="Request Failed" error="Post \"http://node0:8000/\": EOF"
time="2026-04-24T07:44:48Z" level=warning msg="Request Failed" error="Post \"http://node0:8000/\": EOF"
time="2026-04-24T07:44:48Z" level=warning msg="Request Failed" error="Post \"http://node0:8000/\": EOF"
time="2026-04-24T07:44:48Z" level=warning msg="Request Failed" error="Post \"http://node0:8000/\": EOF"
time="2026-04-24T07:44:48Z" level=warning msg="Request Failed" error="Post \"http://node0:8000/\": EOF"
time="2026-04-24T07:44:48Z" level=warning msg="Request Failed" error="Post \"http://node0:8000/\": EOF"
time="2026-04-24T07:44:48Z" level=warning msg="Request Failed" error="Post \"http://node0:8000/\": EOF"
time="2026-04-24T07:44:48Z" level=warning msg="Request Failed" error="Post \"http://node0:8000/\": EOF"
time="2026-04-24T07:44:48Z" level=warning msg="Request Failed" error="Post \"http://node0:8000/\": EOF"
time="2026-04-24T07:44:48Z" level=warning msg="Request Failed" error="Post \"http://node0:8000/\": EOF"
time="2026-04-24T07:44:48Z" level=warning msg="Request Failed" error="Post \"http://node0:8000/\": EOF"
time="2026-04-24T07:44:48Z" level=warning msg="Request Failed" error="Post \"http://node0:8000/\": EOF"
time="2026-04-24T07:44:48Z" level=warning msg="Request Failed" error="Post \"http://node0:8000/\": EOF"
time="2026-04-24T07:44:48Z" level=warning msg="Request Failed" error="Post \"http://node0:8000/\": EOF"
time="2026-04-24T07:44:48Z" level=warning msg="Request Failed" error="Post \"http://node0:8000/\": EOF"
time="2026-04-24T07:44:48Z" level=warning msg="Request Failed" error="Post \"http://node0:8000/\": EOF"
time="2026-04-24T07:44:48Z" level=warning msg="Request Failed" error="Post \"http://node0:8000/\": EOF"
time="2026-04-24T07:44:48Z" level=warning msg="Request Failed" error="Post \"http://node0:8000/\": EOF"
time="2026-04-24T07:44:48Z" level=warning msg="Request Failed" error="Post \"http://node0:8000/\": EOF"
time="2026-04-24T07:44:48Z" level=warning msg="Request Failed" error="Post \"http://node0:8000/\": EOF"
time="2026-04-24T07:44:48Z" level=warning msg="Request Failed" error="Post \"http://node0:8000/\": EOF"
time="2026-04-24T07:44:48Z" level=warning msg="Request Failed" error="Post \"http://node0:8000/\": EOF"
time="2026-04-24T07:44:48Z" level=warning msg="Request Failed" error="Post \"http://node0:8000/\": EOF"
time="2026-04-24T07:44:48Z" level=warning msg="Request Failed" error="Post \"http://node0:8000/\": EOF"
time="2026-04-24T07:44:48Z" level=warning msg="Request Failed" error="Post \"http://node0:8000/\": EOF"
time="2026-04-24T07:44:48Z" level=warning msg="Request Failed" error="Post \"http://node0:8000/\": EOF"
time="2026-04-24T07:44:48Z" level=warning msg="Request Failed" error="Post \"http://node0:8000/\": EOF"
time="2026-04-24T07:44:48Z" level=warning msg="Request Failed" error="Post \"http://node0:8000/\": EOF"
time="2026-04-24T07:44:48Z" level=warning msg="Request Failed" error="Post \"http://node0:8000/\": EOF"
time="2026-04-24T07:44:48Z" level=warning msg="Request Failed" error="Post \"http://node0:8000/\": EOF"
time="2026-04-24T07:44:48Z" level=warning msg="Request Failed" error="Post \"http://node0:8000/\": EOF"
time="2026-04-24T07:44:48Z" level=warning msg="Request Failed" error="Post \"http://node0:8000/\": EOF"
time="2026-04-24T07:44:48Z" level=warning msg="Request Failed" error="Post \"http://node0:8000/\": EOF"
time="2026-04-24T07:44:48Z" level=warning msg="Request Failed" error="Post \"http://node0:8000/\": EOF"
time="2026-04-24T07:44:48Z" level=warning msg="Request Failed" error="Post \"http://node0:8000/\": EOF"
time="2026-04-24T07:44:48Z" level=warning msg="Request Failed" error="Post \"http://node0:8000/\": EOF"
time="2026-04-24T07:44:48Z" level=warning msg="Request Failed" error="Post \"http://node0:8000/\": EOF"
time="2026-04-24T07:44:48Z" level=warning msg="Request Failed" error="Post \"http://node0:8000/\": EOF"
time="2026-04-24T07:44:48Z" level=warning msg="Request Failed" error="Post \"http://node0:8000/\": EOF"
time="2026-04-24T07:44:48Z" level=warning msg="Request Failed" error="Post \"http://node0:8000/\": EOF"
time="2026-04-24T07:44:48Z" level=warning msg="Request Failed" error="Post \"http://node0:8000/\": EOF"
time="2026-04-24T07:44:48Z" level=warning msg="Request Failed" error="Post \"http://node0:8000/\": EOF"
time="2026-04-24T07:44:48Z" level=warning msg="Request Failed" error="Post \"http://node0:8000/\": EOF"
time="2026-04-24T07:44:48Z" level=warning msg="Request Failed" error="Post \"http://node0:8000/\": EOF"
time="2026-04-24T07:44:48Z" level=warning msg="Request Failed" error="Post \"http://node0:8000/\": EOF"
time="2026-04-24T07:44:48Z" level=warning msg="Request Failed" error="Post \"http://node0:8000/\": EOF"
time="2026-04-24T07:44:48Z" level=warning msg="Request Failed" error="Post \"http://node0:8000/\": EOF"
time="2026-04-24T07:44:48Z" level=warning msg="Request Failed" error="Post \"http://node0:8000/\": EOF"
time="2026-04-24T07:44:48Z" level=warning msg="Request Failed" error="Post \"http://node0:8000/\": EOF"
time="2026-04-24T07:44:48Z" level=warning msg="Request Failed" error="Post \"http://node0:8000/\": EOF"
time="2026-04-24T07:44:48Z" level=warning msg="Request Failed" error="Post \"http://node0:8000/\": EOF"
time="2026-04-24T07:44:48Z" level=warning msg="Request Failed" error="Post \"http://node0:8000/\": EOF"
time="2026-04-24T07:44:48Z" level=warning msg="Request Failed" error="Post \"http://node0:8000/\": EOF"
time="2026-04-24T07:44:48Z" level=warning msg="Request Failed" error="Post \"http://node0:8000/\": EOF"
time="2026-04-24T07:44:48Z" level=warning msg="Request Failed" error="Post \"http://node0:8000/\": EOF"
time="2026-04-24T07:44:48Z" level=warning msg="Request Failed" error="Post \"http://node0:8000/\": EOF"
time="2026-04-24T07:44:48Z" level=warning msg="Request Failed" error="Post \"http://node0:8000/\": EOF"
time="2026-04-24T07:44:48Z" level=warning msg="Request Failed" error="Post \"http://node0:8000/\": EOF"
time="2026-04-24T07:44:48Z" level=warning msg="Request Failed" error="Post \"http://node0:8000/\": EOF"
time="2026-04-24T07:44:48Z" level=warning msg="Request Failed" error="Post \"http://node0:8000/\": EOF"
time="2026-04-24T07:44:48Z" level=warning msg="Request Failed" error="Post \"http://node0:8000/\": EOF"
time="2026-04-24T07:44:48Z" level=warning msg="Request Failed" error="Post \"http://node0:8000/\": EOF"
time="2026-04-24T07:44:48Z" level=warning msg="Request Failed" error="Post \"http://node0:8000/\": EOF"
time="2026-04-24T07:44:48Z" level=warning msg="Request Failed" error="Post \"http://node0:8000/\": EOF"
time="2026-04-24T07:44:48Z" level=warning msg="Request Failed" error="Post \"http://node0:8000/\": EOF"
time="2026-04-24T07:44:48Z" level=warning msg="Request Failed" error="Post \"http://node0:8000/\": EOF"
time="2026-04-24T07:44:48Z" level=warning msg="Request Failed" error="Post \"http://node0:8000/\": EOF"
time="2026-04-24T07:44:48Z" level=warning msg="Request Failed" error="Post \"http://node0:8000/\": EOF"
time="2026-04-24T07:44:48Z" level=warning msg="Request Failed" error="Post \"http://node0:8000/\": EOF"
time="2026-04-24T07:44:48Z" level=warning msg="Request Failed" error="Post \"http://node0:8000/\": EOF"
time="2026-04-24T07:44:48Z" level=warning msg="Request Failed" error="Post \"http://node0:8000/\": EOF"
time="2026-04-24T07:44:48Z" level=warning msg="Request Failed" error="Post \"http://node0:8000/\": EOF"
time="2026-04-24T07:44:48Z" level=warning msg="Request Failed" error="Post \"http://node0:8000/\": EOF"
time="2026-04-24T07:44:48Z" level=warning msg="Request Failed" error="Post \"http://node0:8000/\": EOF"
time="2026-04-24T07:44:48Z" level=warning msg="Request Failed" error="Post \"http://node0:8000/\": EOF"
time="2026-04-24T07:44:48Z" level=warning msg="Request Failed" error="Post \"http://node0:8000/\": EOF"
time="2026-04-24T07:44:48Z" level=warning msg="Request Failed" error="Post \"http://node0:8000/\": EOF"
time="2026-04-24T07:44:48Z" level=warning msg="Request Failed" error="Post \"http://node0:8000/\": EOF"
time="2026-04-24T07:44:48Z" level=warning msg="Request Failed" error="Post \"http://node0:8000/\": EOF"
time="2026-04-24T07:44:48Z" level=warning msg="Request Failed" error="Post \"http://node0:8000/\": EOF"
time="2026-04-24T07:44:48Z" level=warning msg="Request Failed" error="Post \"http://node0:8000/\": EOF"
time="2026-04-24T07:44:48Z" level=warning msg="Request Failed" error="Post \"http://node0:8000/\": EOF"
time="2026-04-24T07:44:48Z" level=warning msg="Request Failed" error="Post \"http://node0:8000/\": EOF"
time="2026-04-24T07:44:48Z" level=warning msg="Request Failed" error="Post \"http://node0:8000/\": EOF"
time="2026-04-24T07:44:48Z" level=warning msg="Request Failed" error="Post \"http://node0:8000/\": EOF"
time="2026-04-24T07:44:48Z" level=warning msg="Request Failed" error="Post \"http://node0:8000/\": EOF"
time="2026-04-24T07:44:48Z" level=warning msg="Request Failed" error="Post \"http://node0:8000/\": EOF"
time="2026-04-24T07:44:48Z" level=warning msg="Request Failed" error="Post \"http://node0:8000/\": EOF"
time="2026-04-24T07:44:48Z" level=warning msg="Request Failed" error="Post \"http://node0:8000/\": EOF"
time="2026-04-24T07:44:48Z" level=warning msg="Request Failed" error="Post \"http://node0:8000/\": EOF"
time="2026-04-24T07:44:48Z" level=warning msg="Request Failed" error="Post \"http://node0:8000/\": EOF"
time="2026-04-24T07:44:48Z" level=warning msg="Request Failed" error="Post \"http://node0:8000/\": EOF"
time="2026-04-24T07:44:48Z" level=warning msg="Request Failed" error="Post \"http://node0:8000/\": EOF"
time="2026-04-24T07:44:48Z" level=warning msg="Request Failed" error="Post \"http://node0:8000/\": EOF"
time="2026-04-24T07:44:48Z" level=warning msg="Request Failed" error="Post \"http://node0:8000/\": EOF"
time="2026-04-24T07:44:48Z" level=warning msg="Request Failed" error="Post \"http://node0:8000/\": EOF"
time="2026-04-24T07:44:48Z" level=warning msg="Request Failed" error="Post \"http://node0:8000/\": EOF"
time="2026-04-24T07:44:48Z" level=warning msg="Request Failed" error="Post \"http://node0:8000/\": EOF"
time="2026-04-24T07:44:48Z" level=warning msg="Request Failed" error="Post \"http://node0:8000/\": EOF"
time="2026-04-24T07:44:48Z" level=warning msg="Request Failed" error="Post \"http://node0:8000/\": EOF"
time="2026-04-24T07:44:48Z" level=warning msg="Request Failed" error="Post \"http://node0:8000/\": EOF"
time="2026-04-24T07:44:48Z" level=warning msg="Request Failed" error="Post \"http://node0:8000/\": EOF"
time="2026-04-24T07:44:48Z" level=warning msg="Request Failed" error="Post \"http://node0:8000/\": EOF"
time="2026-04-24T07:44:48Z" level=warning msg="Request Failed" error="Post \"http://node0:8000/\": EOF"
time="2026-04-24T07:44:48Z" level=warning msg="Request Failed" error="Post \"http://node0:8000/\": EOF"
time="2026-04-24T07:44:48Z" level=warning msg="Request Failed" error="Post \"http://node0:8000/\": EOF"
time="2026-04-24T07:44:48Z" level=warning msg="Request Failed" error="Post \"http://node0:8000/\": EOF"
time="2026-04-24T07:44:48Z" level=warning msg="Request Failed" error="Post \"http://node0:8000/\": EOF"
time="2026-04-24T07:44:48Z" level=warning msg="Request Failed" error="Post \"http://node0:8000/\": EOF"
time="2026-04-24T07:44:48Z" level=warning msg="Request Failed" error="Post \"http://node0:8000/\": EOF"
time="2026-04-24T07:44:48Z" level=warning msg="Request Failed" error="Post \"http://node0:8000/\": EOF"
time="2026-04-24T07:44:48Z" level=warning msg="Request Failed" error="Post \"http://node0:8000/\": EOF"
time="2026-04-24T07:44:48Z" level=warning msg="Request Failed" error="Post \"http://node0:8000/\": EOF"
time="2026-04-24T07:44:48Z" level=warning msg="Request Failed" error="Post \"http://node0:8000/\": EOF"
time="2026-04-24T07:44:48Z" level=warning msg="Request Failed" error="Post \"http://node0:8000/\": EOF"
time="2026-04-24T07:44:48Z" level=warning msg="Request Failed" error="Post \"http://node0:8000/\": EOF"
time="2026-04-24T07:44:48Z" level=warning msg="Request Failed" error="Post \"http://node0:8000/\": EOF"
time="2026-04-24T07:44:48Z" level=warning msg="Request Failed" error="Post \"http://node0:8000/\": EOF"
time="2026-04-24T07:44:48Z" level=warning msg="Request Failed" error="Post \"http://node0:8000/\": EOF"
time="2026-04-24T07:44:48Z" level=warning msg="Request Failed" error="Post \"http://node0:8000/\": EOF"
time="2026-04-24T07:44:48Z" level=warning msg="Request Failed" error="Post \"http://node0:8000/\": EOF"
time="2026-04-24T07:44:48Z" level=warning msg="Request Failed" error="Post \"http://node0:8000/\": EOF"
time="2026-04-24T07:44:48Z" level=warning msg="Request Failed" error="Post \"http://node0:8000/\": EOF"
time="2026-04-24T07:44:48Z" level=warning msg="Request Failed" error="Post \"http://node0:8000/\": EOF"
time="2026-04-24T07:44:48Z" level=warning msg="Request Failed" error="Post \"http://node0:8000/\": EOF"
time="2026-04-24T07:44:48Z" level=warning msg="Request Failed" error="Post \"http://node0:8000/\": EOF"
time="2026-04-24T07:44:48Z" level=warning msg="Request Failed" error="Post \"http://node0:8000/\": EOF"
time="2026-04-24T07:44:48Z" level=warning msg="Request Failed" error="Post \"http://node0:8000/\": EOF"
time="2026-04-24T07:44:48Z" level=warning msg="Request Failed" error="Post \"http://node0:8000/\": EOF"
time="2026-04-24T07:44:48Z" level=warning msg="Request Failed" error="Post \"http://node0:8000/\": EOF"
time="2026-04-24T07:44:48Z" level=warning msg="Request Failed" error="Post \"http://node0:8000/\": EOF"
time="2026-04-24T07:44:48Z" level=warning msg="Request Failed" error="Post \"http://node0:8000/\": EOF"
time="2026-04-24T07:44:48Z" level=warning msg="Request Failed" error="Post \"http://node0:8000/\": EOF"
time="2026-04-24T07:44:48Z" level=warning msg="Request Failed" error="Post \"http://node0:8000/\": EOF"
time="2026-04-24T07:44:48Z" level=warning msg="Request Failed" error="Post \"http://node0:8000/\": EOF"
time="2026-04-24T07:44:48Z" level=warning msg="Request Failed" error="Post \"http://node0:8000/\": EOF"
time="2026-04-24T07:44:48Z" level=warning msg="Request Failed" error="Post \"http://node0:8000/\": EOF"
time="2026-04-24T07:44:48Z" level=warning msg="Request Failed" error="Post \"http://node0:8000/\": EOF"
time="2026-04-24T07:44:48Z" level=warning msg="Request Failed" error="Post \"http://node0:8000/\": EOF"
time="2026-04-24T07:44:48Z" level=warning msg="Request Failed" error="Post \"http://node0:8000/\": EOF"
time="2026-04-24T07:44:48Z" level=warning msg="Request Failed" error="Post \"http://node0:8000/\": EOF"
time="2026-04-24T07:44:48Z" level=warning msg="Request Failed" error="Post \"http://node0:8000/\": EOF"
time="2026-04-24T07:44:48Z" level=warning msg="Request Failed" error="Post \"http://node0:8000/\": EOF"
time="2026-04-24T07:44:48Z" level=warning msg="Request Failed" error="Post \"http://node0:8000/\": EOF"
time="2026-04-24T07:44:48Z" level=warning msg="Request Failed" error="Post \"http://node0:8000/\": EOF"
time="2026-04-24T07:44:48Z" level=warning msg="Request Failed" error="Post \"http://node0:8000/\": EOF"
time="2026-04-24T07:44:48Z" level=warning msg="Request Failed" error="Post \"http://node0:8000/\": EOF"
time="2026-04-24T07:44:48Z" level=warning msg="Request Failed" error="Post \"http://node0:8000/\": EOF"
time="2026-04-24T07:44:48Z" level=warning msg="Request Failed" error="Post \"http://node0:8000/\": EOF"
time="2026-04-24T07:44:48Z" level=warning msg="Request Failed" error="Post \"http://node0:8000/\": EOF"
time="2026-04-24T07:44:48Z" level=warning msg="Request Failed" error="Post \"http://node0:8000/\": EOF"
time="2026-04-24T07:44:48Z" level=warning msg="Request Failed" error="Post \"http://node0:8000/\": EOF"
time="2026-04-24T07:44:48Z" level=warning msg="Request Failed" error="Post \"http://node0:8000/\": EOF"
time="2026-04-24T07:44:48Z" level=warning msg="Request Failed" error="Post \"http://node0:8000/\": EOF"
time="2026-04-24T07:44:48Z" level=warning msg="Request Failed" error="Post \"http://node0:8000/\": EOF"
time="2026-04-24T07:44:48Z" level=warning msg="Request Failed" error="Post \"http://node0:8000/\": EOF"
time="2026-04-24T07:44:48Z" level=warning msg="Request Failed" error="Post \"http://node0:8000/\": EOF"
time="2026-04-24T07:44:48Z" level=warning msg="Request Failed" error="Post \"http://node0:8000/\": EOF"
time="2026-04-24T07:44:48Z" level=warning msg="Request Failed" error="Post \"http://node0:8000/\": EOF"
time="2026-04-24T07:44:48Z" level=warning msg="Request Failed" error="Post \"http://node0:8000/\": EOF"
time="2026-04-24T07:44:48Z" level=warning msg="Request Failed" error="Post \"http://node0:8000/\": EOF"
time="2026-04-24T07:44:48Z" level=warning msg="Request Failed" error="Post \"http://node0:8000/\": EOF"
time="2026-04-24T07:44:48Z" level=warning msg="Request Failed" error="Post \"http://node0:8000/\": EOF"
time="2026-04-24T07:44:48Z" level=warning msg="Request Failed" error="Post \"http://node0:8000/\": EOF"
time="2026-04-24T07:44:48Z" level=warning msg="Request Failed" error="Post \"http://node0:8000/\": EOF"
time="2026-04-24T07:44:48Z" level=warning msg="Request Failed" error="Post \"http://node0:8000/\": EOF"
time="2026-04-24T07:44:48Z" level=warning msg="Request Failed" error="Post \"http://node0:8000/\": EOF"
time="2026-04-24T07:44:48Z" level=warning msg="Request Failed" error="Post \"http://node0:8000/\": EOF"
time="2026-04-24T07:44:48Z" level=warning msg="Request Failed" error="Post \"http://node0:8000/\": EOF"
time="2026-04-24T07:44:48Z" level=warning msg="Request Failed" error="Post \"http://node0:8000/\": EOF"
time="2026-04-24T07:44:48Z" level=warning msg="Request Failed" error="Post \"http://node0:8000/\": EOF"
time="2026-04-24T07:44:48Z" level=warning msg="Request Failed" error="Post \"http://node0:8000/\": EOF"
time="2026-04-24T07:44:48Z" level=warning msg="Request Failed" error="Post \"http://node0:8000/\": EOF"
time="2026-04-24T07:44:48Z" level=warning msg="Request Failed" error="Post \"http://node0:8000/\": EOF"
time="2026-04-24T07:44:48Z" level=warning msg="Request Failed" error="Post \"http://node0:8000/\": EOF"
time="2026-04-24T07:44:48Z" level=warning msg="Request Failed" error="Post \"http://node0:8000/\": EOF"
time="2026-04-24T07:44:48Z" level=warning msg="Request Failed" error="Post \"http://node0:8000/\": EOF"
time="2026-04-24T07:44:48Z" level=warning msg="Request Failed" error="Post \"http://node0:8000/\": EOF"
time="2026-04-24T07:44:48Z" level=warning msg="Request Failed" error="Post \"http://node0:8000/\": EOF"
time="2026-04-24T07:44:48Z" level=warning msg="Request Failed" error="Post \"http://node0:8000/\": EOF"
time="2026-04-24T07:44:48Z" level=warning msg="Request Failed" error="Post \"http://node0:8000/\": EOF"
time="2026-04-24T07:44:48Z" level=warning msg="Request Failed" error="Post \"http://node0:8000/\": EOF"
time="2026-04-24T07:44:48Z" level=warning msg="Request Failed" error="Post \"http://node0:8000/\": EOF"
time="2026-04-24T07:44:48Z" level=warning msg="Request Failed" error="Post \"http://node0:8000/\": EOF"
time="2026-04-24T07:44:48Z" level=warning msg="Request Failed" error="Post \"http://node0:8000/\": EOF"
time="2026-04-24T07:44:48Z" level=warning msg="Request Failed" error="Post \"http://node0:8000/\": EOF"
time="2026-04-24T07:44:48Z" level=warning msg="Request Failed" error="Post \"http://node0:8000/\": EOF"
time="2026-04-24T07:44:48Z" level=warning msg="Request Failed" error="Post \"http://node0:8000/\": EOF"
time="2026-04-24T07:44:48Z" level=warning msg="Request Failed" error="Post \"http://node0:8000/\": EOF"
time="2026-04-24T07:44:48Z" level=warning msg="Request Failed" error="Post \"http://node0:8000/\": EOF"
time="2026-04-24T07:44:48Z" level=warning msg="Request Failed" error="Post \"http://node0:8000/\": EOF"
time="2026-04-24T07:44:48Z" level=warning msg="Request Failed" error="Post \"http://node0:8000/\": EOF"
time="2026-04-24T07:44:48Z" level=warning msg="Request Failed" error="Post \"http://node0:8000/\": EOF"
time="2026-04-24T07:44:48Z" level=warning msg="Request Failed" error="Post \"http://node0:8000/\": EOF"
time="2026-04-24T07:44:48Z" level=warning msg="Request Failed" error="Post \"http://node0:8000/\": EOF"
time="2026-04-24T07:44:48Z" level=warning msg="Request Failed" error="Post \"http://node0:8000/\": EOF"
time="2026-04-24T07:44:48Z" level=warning msg="Request Failed" error="Post \"http://node0:8000/\": EOF"
time="2026-04-24T07:44:48Z" level=warning msg="Request Failed" error="Post \"http://node0:8000/\": EOF"
time="2026-04-24T07:44:48Z" level=warning msg="Request Failed" error="Post \"http://node0:8000/\": EOF"
time="2026-04-24T07:44:48Z" level=warning msg="Request Failed" error="Post \"http://node0:8000/\": EOF"
time="2026-04-24T07:44:48Z" level=warning msg="Request Failed" error="Post \"http://node0:8000/\": EOF"
time="2026-04-24T07:44:48Z" level=warning msg="Request Failed" error="Post \"http://node0:8000/\": EOF"
time="2026-04-24T07:44:48Z" level=warning msg="Request Failed" error="Post \"http://node0:8000/\": EOF"
time="2026-04-24T07:44:48Z" level=warning msg="Request Failed" error="Post \"http://node0:8000/\": EOF"
time="2026-04-24T07:44:48Z" level=warning msg="Request Failed" error="Post \"http://node0:8000/\": EOF"
time="2026-04-24T07:44:48Z" level=warning msg="Request Failed" error="Post \"http://node0:8000/\": EOF"
time="2026-04-24T07:44:48Z" level=warning msg="Request Failed" error="Post \"http://node0:8000/\": EOF"
time="2026-04-24T07:44:48Z" level=warning msg="Request Failed" error="Post \"http://node0:8000/\": EOF"
time="2026-04-24T07:44:48Z" level=warning msg="Request Failed" error="Post \"http://node0:8000/\": EOF"
time="2026-04-24T07:44:48Z" level=warning msg="Request Failed" error="Post \"http://node0:8000/\": EOF"
time="2026-04-24T07:44:48Z" level=warning msg="Request Failed" error="Post \"http://node0:8000/\": EOF"
time="2026-04-24T07:44:48Z" level=warning msg="Request Failed" error="Post \"http://node0:8000/\": EOF"
time="2026-04-24T07:44:48Z" level=warning msg="Request Failed" error="Post \"http://node0:8000/\": EOF"
time="2026-04-24T07:44:48Z" level=warning msg="Request Failed" error="Post \"http://node0:8000/\": EOF"
time="2026-04-24T07:44:48Z" level=warning msg="Request Failed" error="Post \"http://node0:8000/\": EOF"
time="2026-04-24T07:44:48Z" level=warning msg="Request Failed" error="Post \"http://node0:8000/\": EOF"
time="2026-04-24T07:44:48Z" level=warning msg="Request Failed" error="Post \"http://node0:8000/\": EOF"
time="2026-04-24T07:44:48Z" level=warning msg="Request Failed" error="Post \"http://node0:8000/\": EOF"
time="2026-04-24T07:44:48Z" level=warning msg="Request Failed" error="Post \"http://node0:8000/\": EOF"
time="2026-04-24T07:44:48Z" level=warning msg="Request Failed" error="Post \"http://node0:8000/\": EOF"
time="2026-04-24T07:44:48Z" level=warning msg="Request Failed" error="Post \"http://node0:8000/\": EOF"
time="2026-04-24T07:44:48Z" level=warning msg="Request Failed" error="Post \"http://node0:8000/\": EOF"
time="2026-04-24T07:44:48Z" level=warning msg="Request Failed" error="Post \"http://node0:8000/\": EOF"
time="2026-04-24T07:44:48Z" level=warning msg="Request Failed" error="Post \"http://node0:8000/\": EOF"
time="2026-04-24T07:44:48Z" level=warning msg="Request Failed" error="Post \"http://node0:8000/\": EOF"
time="2026-04-24T07:44:48Z" level=warning msg="Request Failed" error="Post \"http://node0:8000/\": EOF"
time="2026-04-24T07:44:48Z" level=warning msg="Request Failed" error="Post \"http://node0:8000/\": EOF"
time="2026-04-24T07:44:48Z" level=warning msg="Request Failed" error="Post \"http://node0:8000/\": EOF"
time="2026-04-24T07:44:48Z" level=warning msg="Request Failed" error="Post \"http://node0:8000/\": EOF"
time="2026-04-24T07:44:48Z" level=warning msg="Request Failed" error="Post \"http://node0:8000/\": EOF"
time="2026-04-24T07:44:48Z" level=warning msg="Request Failed" error="Post \"http://node0:8000/\": EOF"
time="2026-04-24T07:44:48Z" level=warning msg="Request Failed" error="Post \"http://node0:8000/\": EOF"
time="2026-04-24T07:44:48Z" level=warning msg="Request Failed" error="Post \"http://node0:8000/\": EOF"
time="2026-04-24T07:44:48Z" level=warning msg="Request Failed" error="Post \"http://node0:8000/\": EOF"
time="2026-04-24T07:44:48Z" level=warning msg="Request Failed" error="Post \"http://node0:8000/\": EOF"
time="2026-04-24T07:44:48Z" level=warning msg="Request Failed" error="Post \"http://node0:8000/\": EOF"
time="2026-04-24T07:44:48Z" level=warning msg="Request Failed" error="Post \"http://node0:8000/\": EOF"
time="2026-04-24T07:44:48Z" level=warning msg="Request Failed" error="Post \"http://node0:8000/\": EOF"
time="2026-04-24T07:44:48Z" level=warning msg="Request Failed" error="Post \"http://node0:8000/\": EOF"
time="2026-04-24T07:44:48Z" level=warning msg="Request Failed" error="Post \"http://node0:8000/\": EOF"
time="2026-04-24T07:44:48Z" level=warning msg="Request Failed" error="Post \"http://node0:8000/\": EOF"
time="2026-04-24T07:44:48Z" level=warning msg="Request Failed" error="Post \"http://node0:8000/\": EOF"
time="2026-04-24T07:44:48Z" level=warning msg="Request Failed" error="Post \"http://node0:8000/\": EOF"
time="2026-04-24T07:44:48Z" level=warning msg="Request Failed" error="Post \"http://node0:8000/\": EOF"
time="2026-04-24T07:44:48Z" level=warning msg="Request Failed" error="Post \"http://node0:8000/\": EOF"
time="2026-04-24T07:44:48Z" level=warning msg="Request Failed" error="Post \"http://node0:8000/\": EOF"
time="2026-04-24T07:44:48Z" level=warning msg="Request Failed" error="Post \"http://node0:8000/\": EOF"
time="2026-04-24T07:44:48Z" level=warning msg="Request Failed" error="Post \"http://node0:8000/\": EOF"
time="2026-04-24T07:44:48Z" level=warning msg="Request Failed" error="Post \"http://node0:8000/\": EOF"
time="2026-04-24T07:44:48Z" level=warning msg="Request Failed" error="Post \"http://node0:8000/\": EOF"
time="2026-04-24T07:44:48Z" level=warning msg="Request Failed" error="Post \"http://node0:8000/\": EOF"
time="2026-04-24T07:44:48Z" level=warning msg="Request Failed" error="Post \"http://node0:8000/\": EOF"
time="2026-04-24T07:44:48Z" level=warning msg="Request Failed" error="Post \"http://node0:8000/\": EOF"
time="2026-04-24T07:44:48Z" level=warning msg="Request Failed" error="Post \"http://node0:8000/\": EOF"
time="2026-04-24T07:44:48Z" level=warning msg="Request Failed" error="Post \"http://node0:8000/\": EOF"
time="2026-04-24T07:44:48Z" level=warning msg="Request Failed" error="Post \"http://node0:8000/\": EOF"
time="2026-04-24T07:44:48Z" level=warning msg="Request Failed" error="Post \"http://node0:8000/\": EOF"
time="2026-04-24T07:44:48Z" level=warning msg="Request Failed" error="Post \"http://node0:8000/\": EOF"
time="2026-04-24T07:44:48Z" level=warning msg="Request Failed" error="Post \"http://node0:8000/\": EOF"
time="2026-04-24T07:44:48Z" level=warning msg="Request Failed" error="Post \"http://node0:8000/\": EOF"
time="2026-04-24T07:44:48Z" level=warning msg="Request Failed" error="Post \"http://node0:8000/\": EOF"
time="2026-04-24T07:44:48Z" level=warning msg="Request Failed" error="Post \"http://node0:8000/\": EOF"
time="2026-04-24T07:44:48Z" level=warning msg="Request Failed" error="Post \"http://node0:8000/\": EOF"
time="2026-04-24T07:44:48Z" level=warning msg="Request Failed" error="Post \"http://node0:8000/\": EOF"
time="2026-04-24T07:44:48Z" level=warning msg="Request Failed" error="Post \"http://node0:8000/\": EOF"
time="2026-04-24T07:44:48Z" level=warning msg="Request Failed" error="Post \"http://node0:8000/\": EOF"
time="2026-04-24T07:44:48Z" level=warning msg="Request Failed" error="Post \"http://node0:8000/\": EOF"
time="2026-04-24T07:44:48Z" level=warning msg="Request Failed" error="Post \"http://node0:8000/\": EOF"
time="2026-04-24T07:44:48Z" level=warning msg="Request Failed" error="Post \"http://node0:8000/\": EOF"
time="2026-04-24T07:44:48Z" level=warning msg="Request Failed" error="Post \"http://node0:8000/\": EOF"
time="2026-04-24T07:44:48Z" level=warning msg="Request Failed" error="Post \"http://node0:8000/\": EOF"
time="2026-04-24T07:44:48Z" level=warning msg="Request Failed" error="Post \"http://node0:8000/\": EOF"
time="2026-04-24T07:44:48Z" level=warning msg="Request Failed" error="Post \"http://node0:8000/\": EOF"
time="2026-04-24T07:44:48Z" level=warning msg="Request Failed" error="Post \"http://node0:8000/\": EOF"
time="2026-04-24T07:44:48Z" level=warning msg="Request Failed" error="Post \"http://node0:8000/\": EOF"
time="2026-04-24T07:44:48Z" level=warning msg="Request Failed" error="Post \"http://node0:8000/\": EOF"
time="2026-04-24T07:44:48Z" level=warning msg="Request Failed" error="Post \"http://node0:8000/\": EOF"
time="2026-04-24T07:44:48Z" level=warning msg="Request Failed" error="Post \"http://node0:8000/\": EOF"
time="2026-04-24T07:44:48Z" level=warning msg="Request Failed" error="Post \"http://node0:8000/\": EOF"
time="2026-04-24T07:44:48Z" level=warning msg="Request Failed" error="Post \"http://node0:8000/\": EOF"
time="2026-04-24T07:44:48Z" level=warning msg="Request Failed" error="Post \"http://node0:8000/\": EOF"
time="2026-04-24T07:44:48Z" level=warning msg="Request Failed" error="Post \"http://node0:8000/\": EOF"
time="2026-04-24T07:44:48Z" level=warning msg="Request Failed" error="Post \"http://node0:8000/\": EOF"
time="2026-04-24T07:44:48Z" level=warning msg="Request Failed" error="Post \"http://node0:8000/\": EOF"
time="2026-04-24T07:44:48Z" level=warning msg="Request Failed" error="Post \"http://node0:8000/\": EOF"
time="2026-04-24T07:44:48Z" level=warning msg="Request Failed" error="Post \"http://node0:8000/\": EOF"
time="2026-04-24T07:44:48Z" level=warning msg="Request Failed" error="Post \"http://node0:8000/\": EOF"
time="2026-04-24T07:44:48Z" level=warning msg="Request Failed" error="Post \"http://node0:8000/\": EOF"
time="2026-04-24T07:44:48Z" level=warning msg="Request Failed" error="Post \"http://node0:8000/\": EOF"
time="2026-04-24T07:44:48Z" level=warning msg="Request Failed" error="Post \"http://node0:8000/\": EOF"
time="2026-04-24T07:44:48Z" level=warning msg="Request Failed" error="Post \"http://node0:8000/\": EOF"
time="2026-04-24T07:44:48Z" level=warning msg="Request Failed" error="Post \"http://node0:8000/\": EOF"
time="2026-04-24T07:44:48Z" level=warning msg="Request Failed" error="Post \"http://node0:8000/\": EOF"
time="2026-04-24T07:44:48Z" level=warning msg="Request Failed" error="Post \"http://node0:8000/\": EOF"
time="2026-04-24T07:44:48Z" level=warning msg="Request Failed" error="Post \"http://node0:8000/\": EOF"
time="2026-04-24T07:44:48Z" level=warning msg="Request Failed" error="Post \"http://node0:8000/\": EOF"
time="2026-04-24T07:44:48Z" level=warning msg="Request Failed" error="Post \"http://node0:8000/\": EOF"
time="2026-04-24T07:44:48Z" level=warning msg="Request Failed" error="Post \"http://node0:8000/\": EOF"
time="2026-04-24T07:44:48Z" level=warning msg="Request Failed" error="Post \"http://node0:8000/\": EOF"
time="2026-04-24T07:44:48Z" level=warning msg="Request Failed" error="Post \"http://node0:8000/\": EOF"
time="2026-04-24T07:44:48Z" level=warning msg="Request Failed" error="Post \"http://node0:8000/\": EOF"
time="2026-04-24T07:44:48Z" level=warning msg="Request Failed" error="Post \"http://node0:8000/\": EOF"
time="2026-04-24T07:44:48Z" level=warning msg="Request Failed" error="Post \"http://node0:8000/\": EOF"
time="2026-04-24T07:44:48Z" level=warning msg="Request Failed" error="Post \"http://node0:8000/\": EOF"
time="2026-04-24T07:44:48Z" level=warning msg="Request Failed" error="Post \"http://node0:8000/\": EOF"
time="2026-04-24T07:44:48Z" level=warning msg="Request Failed" error="Post \"http://node0:8000/\": EOF"
time="2026-04-24T07:44:48Z" level=warning msg="Request Failed" error="Post \"http://node0:8000/\": EOF"
time="2026-04-24T07:44:48Z" level=warning msg="Request Failed" error="Post \"http://node0:8000/\": EOF"
time="2026-04-24T07:44:48Z" level=warning msg="Request Failed" error="Post \"http://node0:8000/\": EOF"
time="2026-04-24T07:44:48Z" level=warning msg="Request Failed" error="Post \"http://node0:8000/\": EOF"
time="2026-04-24T07:44:48Z" level=warning msg="Request Failed" error="Post \"http://node0:8000/\": EOF"
time="2026-04-24T07:44:48Z" level=warning msg="Request Failed" error="Post \"http://node0:8000/\": EOF"
time="2026-04-24T07:44:48Z" level=warning msg="Request Failed" error="Post \"http://node0:8000/\": EOF"
time="2026-04-24T07:44:48Z" level=warning msg="Request Failed" error="Post \"http://node0:8000/\": EOF"
time="2026-04-24T07:44:48Z" level=warning msg="Request Failed" error="Post \"http://node0:8000/\": EOF"
time="2026-04-24T07:44:48Z" level=warning msg="Request Failed" error="Post \"http://node0:8000/\": EOF"
time="2026-04-24T07:44:48Z" level=warning msg="Request Failed" error="Post \"http://node0:8000/\": EOF"
time="2026-04-24T07:44:48Z" level=warning msg="Request Failed" error="Post \"http://node0:8000/\": EOF"
time="2026-04-24T07:44:48Z" level=warning msg="Request Failed" error="Post \"http://node0:8000/\": EOF"
time="2026-04-24T07:44:48Z" level=warning msg="Request Failed" error="Post \"http://node0:8000/\": EOF"
time="2026-04-24T07:44:48Z" level=warning msg="Request Failed" error="Post \"http://node0:8000/\": EOF"
time="2026-04-24T07:44:48Z" level=warning msg="Request Failed" error="Post \"http://node0:8000/\": EOF"
time="2026-04-24T07:44:48Z" level=warning msg="Request Failed" error="Post \"http://node0:8000/\": EOF"
time="2026-04-24T07:44:48Z" level=warning msg="Request Failed" error="Post \"http://node0:8000/\": EOF"
time="2026-04-24T07:44:48Z" level=warning msg="Request Failed" error="Post \"http://node0:8000/\": EOF"
time="2026-04-24T07:44:48Z" level=warning msg="Request Failed" error="Post \"http://node0:8000/\": EOF"
time="2026-04-24T07:44:48Z" level=warning msg="Request Failed" error="Post \"http://node0:8000/\": EOF"
time="2026-04-24T07:44:48Z" level=warning msg="Request Failed" error="Post \"http://node0:8000/\": EOF"
time="2026-04-24T07:44:48Z" level=warning msg="Request Failed" error="Post \"http://node0:8000/\": EOF"
time="2026-04-24T07:44:48Z" level=warning msg="Request Failed" error="Post \"http://node0:8000/\": EOF"
time="2026-04-24T07:44:48Z" level=warning msg="Request Failed" error="Post \"http://node0:8000/\": EOF"
time="2026-04-24T07:44:48Z" level=warning msg="Request Failed" error="Post \"http://node0:8000/\": EOF"
time="2026-04-24T07:44:48Z" level=warning msg="Request Failed" error="Post \"http://node0:8000/\": EOF"
time="2026-04-24T07:44:48Z" level=warning msg="Request Failed" error="Post \"http://node0:8000/\": EOF"
time="2026-04-24T07:44:48Z" level=warning msg="Request Failed" error="Post \"http://node0:8000/\": EOF"
time="2026-04-24T07:44:48Z" level=warning msg="Request Failed" error="Post \"http://node0:8000/\": EOF"
time="2026-04-24T07:44:48Z" level=warning msg="Request Failed" error="Post \"http://node0:8000/\": EOF"
time="2026-04-24T07:44:48Z" level=warning msg="Request Failed" error="Post \"http://node0:8000/\": EOF"
time="2026-04-24T07:44:48Z" level=warning msg="Request Failed" error="Post \"http://node0:8000/\": EOF"
time="2026-04-24T07:44:48Z" level=warning msg="Request Failed" error="Post \"http://node0:8000/\": EOF"
time="2026-04-24T07:44:48Z" level=warning msg="Request Failed" error="Post \"http://node0:8000/\": EOF"
time="2026-04-24T07:44:48Z" level=warning msg="Request Failed" error="Post \"http://node0:8000/\": EOF"
time="2026-04-24T07:44:48Z" level=warning msg="Request Failed" error="Post \"http://node0:8000/\": EOF"
time="2026-04-24T07:44:48Z" level=warning msg="Request Failed" error="Post \"http://node0:8000/\": EOF"
time="2026-04-24T07:44:48Z" level=warning msg="Request Failed" error="Post \"http://node0:8000/\": EOF"
time="2026-04-24T07:44:48Z" level=warning msg="Request Failed" error="Post \"http://node0:8000/\": EOF"
time="2026-04-24T07:44:48Z" level=warning msg="Request Failed" error="Post \"http://node0:8000/\": EOF"
time="2026-04-24T07:44:48Z" level=warning msg="Request Failed" error="Post \"http://node0:8000/\": EOF"
time="2026-04-24T07:44:48Z" level=warning msg="Request Failed" error="Post \"http://node0:8000/\": EOF"
time="2026-04-24T07:44:48Z" level=warning msg="Request Failed" error="Post \"http://node0:8000/\": EOF"
time="2026-04-24T07:44:48Z" level=warning msg="Request Failed" error="Post \"http://node0:8000/\": EOF"
time="2026-04-24T07:44:48Z" level=warning msg="Request Failed" error="Post \"http://node0:8000/\": EOF"
time="2026-04-24T07:44:48Z" level=warning msg="Request Failed" error="Post \"http://node0:8000/\": EOF"
time="2026-04-24T07:44:48Z" level=warning msg="Request Failed" error="Post \"http://node0:8000/\": EOF"
time="2026-04-24T07:44:48Z" level=warning msg="Request Failed" error="Post \"http://node0:8000/\": EOF"
time="2026-04-24T07:44:48Z" level=warning msg="Request Failed" error="Post \"http://node0:8000/\": EOF"
time="2026-04-24T07:44:48Z" level=warning msg="Request Failed" error="Post \"http://node0:8000/\": EOF"
time="2026-04-24T07:44:48Z" level=warning msg="Request Failed" error="Post \"http://node0:8000/\": EOF"
time="2026-04-24T07:44:48Z" level=warning msg="Request Failed" error="Post \"http://node0:8000/\": EOF"
time="2026-04-24T07:44:48Z" level=warning msg="Request Failed" error="Post \"http://node0:8000/\": EOF"
time="2026-04-24T07:44:48Z" level=warning msg="Request Failed" error="Post \"http://node0:8000/\": EOF"


  █ TOTAL RESULTS 

    HTTP
    http_req_duration..............: avg=19.63s  min=3.39ms med=31.04s  max=41.85s   p(90)=37.11s  p(95)=38.06s
      { expected_response:true }...: avg=25.79ms min=3.39ms med=24.33ms max=100.38ms p(90)=43.34ms p(95)=45.8ms
    http_req_failed................: 57.18% 824 out of 1441
    http_reqs......................: 1441   31.971928/s

    EXECUTION
    dropped_iterations.............: 1209   26.82447/s
    iteration_duration.............: avg=18.53s  min=3.43ms med=30.58s  max=41.88s   p(90)=36.52s  p(95)=37.98s
    iterations.....................: 1354   30.041632/s
    vus............................: 970    min=3           max=1175
    vus_max........................: 1176   min=10          max=1176

    NETWORK
    data_received..................: 150 kB 3.3 kB/s
    data_sent......................: 360 kB 8.0 kB/s




running (45.1s), 00000/01176 VUs, 948 complete and 844 interrupted iterations
default ✓ [ 100% ] 00844/01176 VUs  15s  200.00 iters/s
