
         /\      Grafana   /‾‾/  
    /\  /  \     |\  __   /  /   
   /  \/    \    | |/ /  /   ‾‾\ 
  /          \   |   (  |  (‾)  |
 / __________ \  |_|\_\  \_____/ 

     execution: local
        script: workflow/write/k6_open_client.js
        output: -

     scenarios: (100.00%) 1 scenario, 10000 max VUs, 15s max duration (incl. graceful stop):
              * default: 120.00 iterations/s for 15s (maxVUs: 120-10000)


running (01.0s), 00009/00120 VUs, 110 complete and 0 interrupted iterations
default   [   7% ] 00009/00120 VUs  01.0s/15s  120.00 iters/s

running (02.0s), 00008/00120 VUs, 231 complete and 0 interrupted iterations
default   [  13% ] 00008/00120 VUs  02.0s/15s  120.00 iters/s

running (03.0s), 00007/00120 VUs, 352 complete and 0 interrupted iterations
default   [  20% ] 00007/00120 VUs  03.0s/15s  120.00 iters/s

running (04.0s), 00005/00120 VUs, 474 complete and 0 interrupted iterations
default   [  27% ] 00005/00120 VUs  04.0s/15s  120.00 iters/s

running (05.0s), 00011/00120 VUs, 588 complete and 0 interrupted iterations
default   [  33% ] 00011/00120 VUs  05.0s/15s  120.00 iters/s

running (06.0s), 00006/00120 VUs, 713 complete and 0 interrupted iterations
default   [  40% ] 00006/00120 VUs  06.0s/15s  120.00 iters/s

running (07.0s), 00005/00120 VUs, 834 complete and 0 interrupted iterations
default   [  47% ] 00005/00120 VUs  07.0s/15s  120.00 iters/s

running (08.0s), 00007/00120 VUs, 952 complete and 0 interrupted iterations
default   [  53% ] 00007/00120 VUs  08.0s/15s  120.00 iters/s

running (09.0s), 00006/00120 VUs, 1073 complete and 0 interrupted iterations
default   [  60% ] 00006/00120 VUs  09.0s/15s  120.00 iters/s

running (10.0s), 00009/00120 VUs, 1190 complete and 0 interrupted iterations
default   [  67% ] 00009/00120 VUs  10.0s/15s  120.00 iters/s

running (11.0s), 00011/00120 VUs, 1308 complete and 0 interrupted iterations
default   [  73% ] 00011/00120 VUs  11.0s/15s  120.00 iters/s

running (12.0s), 00006/00120 VUs, 1433 complete and 0 interrupted iterations
default   [  80% ] 00006/00120 VUs  12.0s/15s  120.00 iters/s

running (13.0s), 00009/00120 VUs, 1550 complete and 0 interrupted iterations
default   [  87% ] 00009/00120 VUs  13.0s/15s  120.00 iters/s

running (14.0s), 00008/00120 VUs, 1671 complete and 0 interrupted iterations
default   [  93% ] 00008/00120 VUs  14.0s/15s  120.00 iters/s

running (15.0s), 00010/00120 VUs, 1789 complete and 0 interrupted iterations
default   [ 100% ] 00010/00120 VUs  15.0s/15s  120.00 iters/s


  █ TOTAL RESULTS 

    HTTP
    http_req_duration..............: avg=68.13ms min=25.42ms med=67.47ms max=114.33ms p(90)=93.01ms p(95)=98.42ms
      { expected_response:true }...: avg=68.13ms min=25.42ms med=67.47ms max=114.33ms p(90)=93.01ms p(95)=98.42ms
    http_req_failed................: 0.00%  0 out of 1789
    http_reqs......................: 1789   119.257485/s

    EXECUTION
    iteration_duration.............: avg=68.24ms min=25.62ms med=67.51ms max=114.42ms p(90)=93.09ms p(95)=98.5ms 
    iterations.....................: 1789   119.257485/s
    vus............................: 10     min=5         max=11 
    vus_max........................: 120    min=120       max=120

    NETWORK
    data_received..................: 379 kB 25 kB/s
    data_sent......................: 180 kB 12 kB/s




running (15.0s), 00000/00120 VUs, 1789 complete and 12 interrupted iterations
default ✓ [ 100% ] 00012/00120 VUs  15s  120.00 iters/s
