2026/04/24 07:26:45 telemetry disabled: AEGEAN_DISABLE_TRACING=1

         /\      Grafana   /‾‾/  
    /\  /  \     |\  __   /  /   
   /  \/    \    | |/ /  /   ‾‾\ 
  /          \   |   (  |  (‾)  |
 / __________ \  |_|\_\  \_____/ 

     execution: local
        script: workflow/media/k6_open_review_compose.js
        output: -

     scenarios: (100.00%) 1 scenario, 10000 max VUs, 45s max duration (incl. graceful stop):
              * default: 30.00 iterations/s for 15s (maxVUs: 0-10000, gracefulStop: 30s)


running (01.0s), 00002/00004 VUs, 24 complete and 0 interrupted iterations
default   [   7% ] 00002/00004 VUs  01.0s/15s  30.00 iters/s

running (02.0s), 00002/00004 VUs, 54 complete and 0 interrupted iterations
default   [  13% ] 00002/00004 VUs  02.0s/15s  30.00 iters/s

running (03.0s), 00003/00004 VUs, 83 complete and 0 interrupted iterations
default   [  20% ] 00003/00004 VUs  03.0s/15s  30.00 iters/s

running (04.0s), 00002/00004 VUs, 114 complete and 0 interrupted iterations
default   [  27% ] 00002/00004 VUs  04.0s/15s  30.00 iters/s

running (05.0s), 00002/00004 VUs, 144 complete and 0 interrupted iterations
default   [  33% ] 00002/00004 VUs  05.0s/15s  30.00 iters/s

running (06.0s), 00003/00004 VUs, 173 complete and 0 interrupted iterations
default   [  40% ] 00003/00004 VUs  06.0s/15s  30.00 iters/s

running (07.0s), 00002/00004 VUs, 204 complete and 0 interrupted iterations
default   [  47% ] 00002/00004 VUs  07.0s/15s  30.00 iters/s

running (08.0s), 00002/00004 VUs, 233 complete and 0 interrupted iterations
default   [  53% ] 00003/00004 VUs  08.0s/15s  30.00 iters/s

running (09.0s), 00003/00004 VUs, 263 complete and 0 interrupted iterations
default   [  60% ] 00003/00004 VUs  09.0s/15s  30.00 iters/s

running (10.0s), 00004/00004 VUs, 292 complete and 0 interrupted iterations
default   [  67% ] 00004/00004 VUs  10.0s/15s  30.00 iters/s

running (11.0s), 00003/00004 VUs, 323 complete and 0 interrupted iterations
default   [  73% ] 00003/00004 VUs  11.0s/15s  30.00 iters/s

running (12.0s), 00001/00004 VUs, 354 complete and 0 interrupted iterations
default   [  80% ] 00001/00004 VUs  12.0s/15s  30.00 iters/s

running (13.0s), 00003/00004 VUs, 383 complete and 0 interrupted iterations
default   [  87% ] 00003/00004 VUs  13.0s/15s  30.00 iters/s

running (14.0s), 00003/00004 VUs, 413 complete and 0 interrupted iterations
default   [  93% ] 00003/00004 VUs  14.0s/15s  30.00 iters/s

running (15.0s), 00002/00004 VUs, 444 complete and 0 interrupted iterations
default   [ 100% ] 00002/00004 VUs  15s  30.00 iters/s


  █ TOTAL RESULTS 

    HTTP
    http_req_duration..............: avg=73.45ms min=35.89ms med=69.91ms max=141.3ms  p(90)=94.55ms p(95)=101ms   
      { expected_response:true }...: avg=73.45ms min=35.89ms med=69.91ms max=141.3ms  p(90)=94.55ms p(95)=101ms   
    http_req_failed................: 0.00%  0 out of 446
    http_reqs......................: 446    29.596198/s

    EXECUTION
    dropped_iterations.............: 5      0.331796/s
    iteration_duration.............: avg=73.67ms min=36.04ms med=70.03ms max=141.43ms p(90)=94.72ms p(95)=101.13ms
    iterations.....................: 446    29.596198/s
    vus............................: 2      min=1        max=4
    vus_max........................: 4      min=4        max=4

    NETWORK
    data_received..................: 93 kB  6.2 kB/s
    data_sent......................: 248 kB 17 kB/s




running (15.1s), 00000/00004 VUs, 446 complete and 0 interrupted iterations
default ✓ [ 100% ] 00000/00004 VUs  15s  30.00 iters/s
