2026/05/02 05:43:51 telemetry disabled: AEGEAN_DISABLE_TRACING=1

         /\      Grafana   /‾‾/  
    /\  /  \     |\  __   /  /   
   /  \/    \    | |/ /  /   ‾‾\ 
  /          \   |   (  |  (‾)  |
 / __________ \  |_|\_\  \_____/ 

     execution: local
        script: workflow/aegean/k6_open_client.js
        output: -

     scenarios: (100.00%) 1 scenario, 10000 max VUs, 45s max duration (incl. graceful stop):
              * default: 300.00 iterations/s for 15s (maxVUs: 0-10000, gracefulStop: 30s)


running (01.0s), 00004/00006 VUs, 290 complete and 0 interrupted iterations
default   [   7% ] 00004/00006 VUs  01.0s/15s  300.00 iters/s

running (02.0s), 00004/00006 VUs, 590 complete and 0 interrupted iterations
default   [  13% ] 00004/00006 VUs  02.0s/15s  300.00 iters/s

running (03.0s), 00004/00015 VUs, 876 complete and 0 interrupted iterations
default   [  20% ] 00004/00015 VUs  03.0s/15s  300.00 iters/s

running (04.0s), 00004/00016 VUs, 1176 complete and 0 interrupted iterations
default   [  27% ] 00004/00016 VUs  04.0s/15s  300.00 iters/s

running (05.0s), 00004/00016 VUs, 1476 complete and 0 interrupted iterations
default   [  33% ] 00004/00016 VUs  05.0s/15s  300.00 iters/s

running (06.0s), 00004/00016 VUs, 1776 complete and 0 interrupted iterations
default   [  40% ] 00004/00016 VUs  06.0s/15s  300.00 iters/s

running (07.0s), 00004/00016 VUs, 2076 complete and 0 interrupted iterations
default   [  47% ] 00004/00016 VUs  07.0s/15s  300.00 iters/s

running (08.0s), 00004/00016 VUs, 2376 complete and 0 interrupted iterations
default   [  53% ] 00004/00016 VUs  08.0s/15s  300.00 iters/s

running (09.0s), 00004/00016 VUs, 2676 complete and 0 interrupted iterations
default   [  60% ] 00004/00016 VUs  09.0s/15s  300.00 iters/s

running (10.0s), 00004/00016 VUs, 2976 complete and 0 interrupted iterations
default   [  67% ] 00004/00016 VUs  10.0s/15s  300.00 iters/s

running (11.0s), 00004/00016 VUs, 3276 complete and 0 interrupted iterations
default   [  73% ] 00004/00016 VUs  11.0s/15s  300.00 iters/s

running (12.0s), 00004/00016 VUs, 3576 complete and 0 interrupted iterations
default   [  80% ] 00004/00016 VUs  12.0s/15s  300.00 iters/s

running (13.0s), 00004/00016 VUs, 3875 complete and 0 interrupted iterations
default   [  87% ] 00005/00016 VUs  13.0s/15s  300.00 iters/s

running (14.0s), 00004/00017 VUs, 4174 complete and 0 interrupted iterations
default   [  93% ] 00004/00017 VUs  14.0s/15s  300.00 iters/s

running (15.0s), 00005/00017 VUs, 4473 complete and 0 interrupted iterations
default ↓ [ 100% ] 00005/00017 VUs  15s  300.00 iters/s


  █ TOTAL RESULTS 

    HTTP
    http_req_duration..............: avg=14ms    min=11.48ms med=13.37ms max=61.53ms p(90)=14.68ms p(95)=15.59ms
      { expected_response:true }...: avg=14ms    min=11.48ms med=13.37ms max=61.53ms p(90)=14.68ms p(95)=15.59ms
    http_req_failed................: 0.00%  0 out of 4478
    http_reqs......................: 4478   298.271099/s

    EXECUTION
    dropped_iterations.............: 23     1.531986/s
    iteration_duration.............: avg=14.07ms min=11.52ms med=13.42ms max=61.8ms  p(90)=14.74ms p(95)=15.68ms
    iterations.....................: 4478   298.271099/s
    vus............................: 5      min=4         max=5 
    vus_max........................: 17     min=6         max=17

    NETWORK
    data_received..................: 1.6 MB 105 kB/s
    data_sent......................: 1.7 MB 111 kB/s




running (15.0s), 00000/00017 VUs, 4478 complete and 0 interrupted iterations
default ✓ [ 100% ] 00000/00017 VUs  15s  300.00 iters/s
