2026/04/24 08:17:43 telemetry disabled: AEGEAN_DISABLE_TRACING=1

         /\      Grafana   /‾‾/  
    /\  /  \     |\  __   /  /   
   /  \/    \    | |/ /  /   ‾‾\ 
  /          \   |   (  |  (‾)  |
 / __________ \  |_|\_\  \_____/ 

     execution: local
        script: workflow/social/k6_open_read_user_timeline.js
        output: -

     scenarios: (100.00%) 1 scenario, 10000 max VUs, 45s max duration (incl. graceful stop):
              * default: 400.00 iterations/s for 15s (maxVUs: 0-10000, gracefulStop: 30s)


running (01.0s), 00001/00003 VUs, 394 complete and 0 interrupted iterations
default   [   7% ] 00001/00003 VUs  01.0s/15s  400.00 iters/s

running (02.0s), 00001/00003 VUs, 794 complete and 0 interrupted iterations
default   [  13% ] 00001/00003 VUs  02.0s/15s  400.00 iters/s

running (03.0s), 00001/00003 VUs, 1194 complete and 0 interrupted iterations
default   [  20% ] 00001/00003 VUs  03.0s/15s  400.00 iters/s

running (04.0s), 00001/00004 VUs, 1593 complete and 0 interrupted iterations
default   [  27% ] 00001/00004 VUs  04.0s/15s  400.00 iters/s

running (05.0s), 00002/00004 VUs, 1992 complete and 0 interrupted iterations
default   [  33% ] 00002/00004 VUs  05.0s/15s  400.00 iters/s

running (06.0s), 00001/00004 VUs, 2393 complete and 0 interrupted iterations
default   [  40% ] 00001/00004 VUs  06.0s/15s  400.00 iters/s

running (07.0s), 00001/00010 VUs, 2776 complete and 0 interrupted iterations
default   [  47% ] 00001/00010 VUs  07.0s/15s  400.00 iters/s

running (08.0s), 00001/00011 VUs, 3174 complete and 0 interrupted iterations
default   [  53% ] 00001/00011 VUs  08.0s/15s  400.00 iters/s

running (09.0s), 00000/00011 VUs, 3574 complete and 0 interrupted iterations
default   [  60% ] 00001/00011 VUs  09.0s/15s  400.00 iters/s

running (10.0s), 00000/00011 VUs, 3974 complete and 0 interrupted iterations
default   [  67% ] 00001/00011 VUs  10.0s/15s  400.00 iters/s

running (11.0s), 00001/00011 VUs, 4374 complete and 0 interrupted iterations
default   [  73% ] 00001/00011 VUs  11.0s/15s  400.00 iters/s

running (12.0s), 00001/00011 VUs, 4773 complete and 0 interrupted iterations
default   [  80% ] 00002/00011 VUs  12.0s/15s  400.00 iters/s

running (13.0s), 00000/00011 VUs, 5174 complete and 0 interrupted iterations
default   [  87% ] 00000/00011 VUs  13.0s/15s  400.00 iters/s

running (14.0s), 00001/00012 VUs, 5572 complete and 0 interrupted iterations
default   [  93% ] 00001/00012 VUs  14.0s/15s  400.00 iters/s

running (15.0s), 00000/00012 VUs, 5972 complete and 0 interrupted iterations
default   [ 100% ] 00001/00012 VUs  15s  400.00 iters/s


  █ TOTAL RESULTS 

    HTTP
    http_req_duration..............: avg=1.08ms min=352.62µs med=943.04µs max=34.85ms p(90)=1.27ms p(95)=1.49ms
      { expected_response:true }...: avg=1.08ms min=352.62µs med=943.04µs max=34.85ms p(90)=1.27ms p(95)=1.49ms
    http_req_failed................: 0.00%  0 out of 5973
    http_reqs......................: 5973   398.133791/s

    EXECUTION
    dropped_iterations.............: 28     1.866356/s
    iteration_duration.............: avg=1.21ms min=381.25µs med=1.02ms   max=86.16ms p(90)=1.4ms  p(95)=1.64ms
    iterations.....................: 5973   398.133791/s
    vus............................: 1      min=0         max=2 
    vus_max........................: 12     min=3         max=12

    NETWORK
    data_received..................: 7.6 MB 507 kB/s
    data_sent......................: 1.3 MB 90 kB/s




running (15.0s), 00000/00012 VUs, 5973 complete and 0 interrupted iterations
default ✓ [ 100% ] 00000/00012 VUs  15s  400.00 iters/s
