2026/05/05 06:16:23 telemetry disabled: AEGEAN_DISABLE_TRACING=1

         /\      Grafana   /‾‾/  
    /\  /  \     |\  __   /  /   
   /  \/    \    | |/ /  /   ‾‾\ 
  /          \   |   (  |  (‾)  |
 / __________ \  |_|\_\  \_____/ 

     execution: local
        script: workflow/aegean/k6_open_client.js
        output: -

     scenarios: (100.00%) 1 scenario, 10000 max VUs, 45s max duration (incl. graceful stop):
              * default: 900.00 iterations/s for 15s (maxVUs: 0-10000, gracefulStop: 30s)


running (01.0s), 00214/00214 VUs, 379 complete and 0 interrupted iterations
default   [   7% ] 00214/00214 VUs  01.0s/15s  900.00 iters/s

running (02.0s), 00394/00416 VUs, 824 complete and 0 interrupted iterations
default   [  13% ] 00394/00416 VUs  02.0s/15s  900.00 iters/s

running (03.0s), 00606/00615 VUs, 1241 complete and 0 interrupted iterations
default   [  20% ] 00607/00615 VUs  03.0s/15s  900.00 iters/s

running (04.0s), 00783/00814 VUs, 1698 complete and 0 interrupted iterations
default   [  27% ] 00784/00814 VUs  04.0s/15s  900.00 iters/s

running (05.0s), 00983/01002 VUs, 2143 complete and 0 interrupted iterations
default   [  33% ] 00985/01002 VUs  05.0s/15s  900.00 iters/s

running (06.0s), 01195/01195 VUs, 2587 complete and 0 interrupted iterations
default   [  40% ] 01195/01195 VUs  06.0s/15s  900.00 iters/s

running (07.0s), 01370/01383 VUs, 3045 complete and 0 interrupted iterations
default   [  47% ] 01371/01383 VUs  07.0s/15s  900.00 iters/s

running (08.0s), 01559/01584 VUs, 3493 complete and 0 interrupted iterations
default   [  53% ] 01559/01584 VUs  08.0s/15s  900.00 iters/s

running (09.0s), 01775/01780 VUs, 3920 complete and 0 interrupted iterations
default   [  60% ] 01775/01780 VUs  09.0s/15s  900.00 iters/s

running (10.0s), 01977/01977 VUs, 4334 complete and 0 interrupted iterations
default   [  67% ] 01977/01977 VUs  10.0s/15s  900.00 iters/s

running (11.0s), 02144/02147 VUs, 4789 complete and 0 interrupted iterations
default   [  73% ] 02144/02147 VUs  11.0s/15s  900.00 iters/s

running (12.0s), 02354/02355 VUs, 5204 complete and 0 interrupted iterations
default   [  80% ] 02354/02355 VUs  12.0s/15s  900.00 iters/s

running (13.0s), 02525/02553 VUs, 5661 complete and 0 interrupted iterations
default   [  87% ] 02525/02553 VUs  13.0s/15s  900.00 iters/s

running (14.0s), 02730/02739 VUs, 6098 complete and 0 interrupted iterations
default   [  93% ] 02730/02739 VUs  14.0s/15s  900.00 iters/s

running (15.0s), 02920/02940 VUs, 6544 complete and 0 interrupted iterations
default ↓ [ 100% ] 02920/02940 VUs  15s  900.00 iters/s

running (16.0s), 02498/02940 VUs, 6966 complete and 0 interrupted iterations
default ↓ [ 100% ] 02920/02940 VUs  15s  900.00 iters/s

running (17.0s), 02049/02940 VUs, 7415 complete and 0 interrupted iterations
default ↓ [ 100% ] 02920/02940 VUs  15s  900.00 iters/s

running (18.0s), 01618/02940 VUs, 7846 complete and 0 interrupted iterations
default ↓ [ 100% ] 02920/02940 VUs  15s  900.00 iters/s

running (19.0s), 01186/02940 VUs, 8278 complete and 0 interrupted iterations
default ↓ [ 100% ] 02920/02940 VUs  15s  900.00 iters/s
2026/05/05 06:16:50 k6 client request logic timed out after 20s
