2026/04/24 07:05:19 telemetry disabled: AEGEAN_DISABLE_TRACING=1

         /\      Grafana   /‾‾/  
    /\  /  \     |\  __   /  /   
   /  \/    \    | |/ /  /   ‾‾\ 
  /          \   |   (  |  (‾)  |
 / __________ \  |_|\_\  \_____/ 

     execution: local
        script: workflow/hotel/k6_open_recommendations_client.js
        output: -

     scenarios: (100.00%) 1 scenario, 10000 max VUs, 45s max duration (incl. graceful stop):
              * default: 400.00 iterations/s for 15s (maxVUs: 0-10000, gracefulStop: 30s)


running (01.0s), 00016/00026 VUs, 353 complete and 0 interrupted iterations
default   [   7% ] 00017/00026 VUs  01.0s/15s  400.00 iters/s

running (02.0s), 00015/00026 VUs, 754 complete and 0 interrupted iterations
default   [  13% ] 00016/00026 VUs  02.0s/15s  400.00 iters/s

running (03.0s), 00034/00034 VUs, 1118 complete and 0 interrupted iterations
default   [  20% ] 00034/00034 VUs  03.0s/15s  400.00 iters/s

running (04.0s), 00015/00037 VUs, 1534 complete and 0 interrupted iterations
default   [  27% ] 00015/00037 VUs  04.0s/15s  400.00 iters/s

running (05.0s), 00014/00037 VUs, 1935 complete and 0 interrupted iterations
default   [  33% ] 00014/00037 VUs  05.0s/15s  400.00 iters/s

running (06.0s), 00016/00044 VUs, 2323 complete and 0 interrupted iterations
default   [  40% ] 00016/00044 VUs  06.0s/15s  400.00 iters/s

running (07.0s), 00019/00044 VUs, 2719 complete and 0 interrupted iterations
default   [  47% ] 00020/00044 VUs  07.0s/15s  400.00 iters/s

running (08.0s), 00013/00044 VUs, 3126 complete and 0 interrupted iterations
default   [  53% ] 00013/00044 VUs  08.0s/15s  400.00 iters/s

running (09.0s), 00018/00044 VUs, 3521 complete and 0 interrupted iterations
default   [  60% ] 00018/00044 VUs  09.0s/15s  400.00 iters/s

running (10.0s), 00012/00044 VUs, 3926 complete and 0 interrupted iterations
default   [  67% ] 00013/00044 VUs  10.0s/15s  400.00 iters/s

running (11.0s), 00011/00044 VUs, 4328 complete and 0 interrupted iterations
default   [  73% ] 00011/00044 VUs  11.0s/15s  400.00 iters/s

running (12.0s), 00016/00044 VUs, 4722 complete and 0 interrupted iterations
default   [  80% ] 00016/00044 VUs  12.0s/15s  400.00 iters/s

running (13.0s), 00009/00044 VUs, 5129 complete and 0 interrupted iterations
default   [  87% ] 00009/00044 VUs  13.0s/15s  400.00 iters/s

running (14.0s), 00013/00044 VUs, 5526 complete and 0 interrupted iterations
default   [  93% ] 00013/00044 VUs  14.0s/15s  400.00 iters/s

running (15.0s), 00030/00044 VUs, 5908 complete and 0 interrupted iterations
default ↓ [ 100% ] 00030/00044 VUs  15s  400.00 iters/s


  █ TOTAL RESULTS 

    HTTP
    http_req_duration..............: avg=33.72ms min=13.11ms med=32.07ms max=112.35ms p(90)=45.76ms p(95)=53.86ms
      { expected_response:true }...: avg=33.72ms min=13.11ms med=32.07ms max=112.35ms p(90)=45.76ms p(95)=53.86ms
    http_req_failed................: 0.00%  0 out of 5938
    http_reqs......................: 5938   394.435537/s

    EXECUTION
    dropped_iterations.............: 62     4.118391/s
    iteration_duration.............: avg=33.8ms  min=13.16ms med=32.14ms max=113.57ms p(90)=45.84ms p(95)=54ms   
    iterations.....................: 5938   394.435537/s
    vus............................: 30     min=10        max=34
    vus_max........................: 44     min=26        max=44

    NETWORK
    data_received..................: 3.8 MB 250 kB/s
    data_sent......................: 1.7 MB 112 kB/s




running (15.1s), 00000/00044 VUs, 5938 complete and 0 interrupted iterations
default ✓ [ 100% ] 00000/00044 VUs  15s  400.00 iters/s
