
         /\      Grafana   /‾‾/  
    /\  /  \     |\  __   /  /   
   /  \/    \    | |/ /  /   ‾‾\ 
  /          \   |   (  |  (‾)  |
 / __________ \  |_|\_\  \_____/ 

     execution: local
        script: workflow/hotel/k6_open_recommendations_client.js
        output: -

     scenarios: (100.00%) 1 scenario, 10000 max VUs, 45s max duration (incl. graceful stop):
              * default: 3000.00 iterations/s for 15s (maxVUs: 3000-10000, gracefulStop: 30s)


running (00.9s), 00004/03000 VUs, 2683 complete and 0 interrupted iterations
default   [   6% ] 00004/03000 VUs  00.9s/15s  3000.00 iters/s

running (01.9s), 00005/03000 VUs, 5683 complete and 0 interrupted iterations
default   [  13% ] 00005/03000 VUs  01.9s/15s  3000.00 iters/s

running (02.9s), 00004/03000 VUs, 8683 complete and 0 interrupted iterations
default   [  19% ] 00004/03000 VUs  02.9s/15s  3000.00 iters/s

running (03.9s), 00003/03000 VUs, 11682 complete and 0 interrupted iterations
default   [  26% ] 00004/03000 VUs  03.9s/15s  3000.00 iters/s

running (04.9s), 00004/03000 VUs, 14683 complete and 0 interrupted iterations
default   [  33% ] 00004/03000 VUs  04.9s/15s  3000.00 iters/s

running (05.9s), 00005/03000 VUs, 17682 complete and 0 interrupted iterations
default   [  39% ] 00004/03000 VUs  05.9s/15s  3000.00 iters/s

running (06.9s), 00012/03000 VUs, 20675 complete and 0 interrupted iterations
default   [  46% ] 00012/03000 VUs  06.9s/15s  3000.00 iters/s

running (07.9s), 00007/03000 VUs, 23680 complete and 0 interrupted iterations
default   [  53% ] 00007/03000 VUs  07.9s/15s  3000.00 iters/s

running (08.9s), 00008/03000 VUs, 26679 complete and 0 interrupted iterations
default   [  59% ] 00008/03000 VUs  08.9s/15s  3000.00 iters/s

running (09.9s), 00006/03000 VUs, 29681 complete and 0 interrupted iterations
default   [  66% ] 00006/03000 VUs  09.9s/15s  3000.00 iters/s

running (10.9s), 00005/03000 VUs, 32682 complete and 0 interrupted iterations
default   [  73% ] 00005/03000 VUs  10.9s/15s  3000.00 iters/s

running (11.9s), 00005/03000 VUs, 35683 complete and 0 interrupted iterations
default   [  79% ] 00005/03000 VUs  11.9s/15s  3000.00 iters/s

running (12.9s), 00004/03000 VUs, 38682 complete and 0 interrupted iterations
default   [  86% ] 00004/03000 VUs  12.9s/15s  3000.00 iters/s

running (13.9s), 00004/03000 VUs, 41684 complete and 0 interrupted iterations
default   [  93% ] 00004/03000 VUs  13.9s/15s  3000.00 iters/s

running (14.9s), 00005/03000 VUs, 44682 complete and 0 interrupted iterations
default   [  99% ] 00005/03000 VUs  14.9s/15s  3000.00 iters/s


  █ TOTAL RESULTS 

    HTTP
    http_req_duration..............: avg=2.02ms min=815.12µs med=1.23ms max=80.66ms p(90)=2.03ms p(95)=3.01ms
      { expected_response:true }...: avg=2.02ms min=815.12µs med=1.23ms max=80.66ms p(90)=2.03ms p(95)=3.01ms
    http_req_failed................: 0.00% 0 out of 44998
    http_reqs......................: 44998 2998.544792/s

    EXECUTION
    iteration_duration.............: avg=2.14ms min=905.82µs med=1.35ms max=80.99ms p(90)=2.16ms p(95)=3.16ms
    iterations.....................: 44998 2998.544792/s
    vus............................: 5     min=4          max=12  
    vus_max........................: 3000  min=3000       max=3000

    NETWORK
    data_received..................: 30 MB 2.0 MB/s
    data_sent......................: 13 MB 854 kB/s




running (15.0s), 00000/03000 VUs, 44998 complete and 0 interrupted iterations
default ✓ [ 100% ] 00000/03000 VUs  15s  3000.00 iters/s
