
         /\      Grafana   /‾‾/  
    /\  /  \     |\  __   /  /   
   /  \/    \    | |/ /  /   ‾‾\ 
  /          \   |   (  |  (‾)  |
 / __________ \  |_|\_\  \_____/ 

     execution: local
        script: workflow/media/k6_open_review_compose.js
        output: -

     scenarios: (100.00%) 1 scenario, 10000 max VUs, 15s max duration (incl. graceful stop):
              * default: 40.00 iterations/s for 15s (maxVUs: 40-10000)


running (01.0s), 00002/00040 VUs, 38 complete and 0 interrupted iterations
default   [   7% ] 00002/00040 VUs  01.0s/15s  40.00 iters/s

running (02.0s), 00002/00040 VUs, 78 complete and 0 interrupted iterations
default   [  13% ] 00002/00040 VUs  02.0s/15s  40.00 iters/s

running (03.0s), 00002/00040 VUs, 118 complete and 0 interrupted iterations
default   [  20% ] 00002/00040 VUs  03.0s/15s  40.00 iters/s

running (04.0s), 00002/00040 VUs, 158 complete and 0 interrupted iterations
default   [  27% ] 00002/00040 VUs  04.0s/15s  40.00 iters/s

running (05.0s), 00002/00040 VUs, 198 complete and 0 interrupted iterations
default   [  33% ] 00002/00040 VUs  05.0s/15s  40.00 iters/s

running (06.0s), 00002/00040 VUs, 238 complete and 0 interrupted iterations
default   [  40% ] 00002/00040 VUs  06.0s/15s  40.00 iters/s

running (07.0s), 00003/00040 VUs, 277 complete and 0 interrupted iterations
default   [  47% ] 00003/00040 VUs  07.0s/15s  40.00 iters/s

running (08.0s), 00004/00040 VUs, 316 complete and 0 interrupted iterations
default   [  53% ] 00004/00040 VUs  08.0s/15s  40.00 iters/s

running (09.0s), 00005/00040 VUs, 355 complete and 0 interrupted iterations
default   [  60% ] 00005/00040 VUs  09.0s/15s  40.00 iters/s

running (10.0s), 00010/00040 VUs, 390 complete and 0 interrupted iterations
default   [  67% ] 00010/00040 VUs  10.0s/15s  40.00 iters/s

running (11.0s), 00013/00040 VUs, 427 complete and 0 interrupted iterations
default   [  73% ] 00013/00040 VUs  11.0s/15s  40.00 iters/s

running (12.0s), 00016/00040 VUs, 464 complete and 0 interrupted iterations
default   [  80% ] 00016/00040 VUs  12.0s/15s  40.00 iters/s

running (13.0s), 00020/00040 VUs, 500 complete and 0 interrupted iterations
default   [  87% ] 00020/00040 VUs  13.0s/15s  40.00 iters/s

running (14.0s), 00026/00040 VUs, 534 complete and 0 interrupted iterations
default   [  93% ] 00026/00040 VUs  14.0s/15s  40.00 iters/s

running (15.0s), 00030/00040 VUs, 570 complete and 0 interrupted iterations
default   [ 100% ] 00030/00040 VUs  15.0s/15s  40.00 iters/s


  █ TOTAL RESULTS 

    HTTP
    http_req_duration..............: avg=200.21ms min=31.55ms med=74.21ms max=763.64ms p(90)=536.03ms p(95)=660.37ms
      { expected_response:true }...: avg=200.21ms min=31.55ms med=74.21ms max=763.64ms p(90)=536.03ms p(95)=660.37ms
    http_req_failed................: 0.00%  0 out of 570
    http_reqs......................: 570    37.996644/s

    EXECUTION
    iteration_duration.............: avg=200.37ms min=32.04ms med=74.31ms max=763.74ms p(90)=536.13ms p(95)=660.57ms
    iterations.....................: 570    37.996644/s
    vus............................: 30     min=2        max=30
    vus_max........................: 40     min=40       max=40

    NETWORK
    data_received..................: 136 kB 9.1 kB/s
    data_sent......................: 335 kB 22 kB/s




running (15.0s), 00000/00040 VUs, 570 complete and 31 interrupted iterations
default ✓ [ 100% ] 00031/00040 VUs  15s  40.00 iters/s
