2026/04/24 07:45:50 telemetry disabled: AEGEAN_DISABLE_TRACING=1

         /\      Grafana   /‾‾/  
    /\  /  \     |\  __   /  /   
   /  \/    \    | |/ /  /   ‾‾\ 
  /          \   |   (  |  (‾)  |
 / __________ \  |_|\_\  \_____/ 

     execution: local
        script: workflow/external_srv/k6_open_client.js
        output: -

     scenarios: (100.00%) 1 scenario, 10000 max VUs, 45s max duration (incl. graceful stop):
              * default: 800.00 iterations/s for 15s (maxVUs: 0-10000, gracefulStop: 30s)


running (01.0s), 00017/00034 VUs, 735 complete and 0 interrupted iterations
default   [   7% ] 00017/00034 VUs  01.0s/15s  800.00 iters/s

running (02.0s), 00107/00107 VUs, 1325 complete and 0 interrupted iterations
default   [  13% ] 00107/00107 VUs  02.0s/15s  800.00 iters/s

running (03.0s), 00403/00403 VUs, 1325 complete and 0 interrupted iterations
default   [  20% ] 00403/00403 VUs  03.0s/15s  800.00 iters/s

running (04.0s), 00697/00697 VUs, 1325 complete and 0 interrupted iterations
default   [  27% ] 00697/00697 VUs  04.0s/15s  800.00 iters/s

running (05.0s), 01004/01005 VUs, 1325 complete and 0 interrupted iterations
default   [  33% ] 01004/01005 VUs  05.0s/15s  800.00 iters/s

running (06.0s), 01297/01298 VUs, 1325 complete and 0 interrupted iterations
default   [  40% ] 01297/01298 VUs  06.0s/15s  800.00 iters/s

running (07.0s), 01606/01607 VUs, 1325 complete and 0 interrupted iterations
default   [  47% ] 01606/01607 VUs  07.0s/15s  800.00 iters/s

running (08.0s), 01907/01908 VUs, 1325 complete and 0 interrupted iterations
default   [  53% ] 01907/01908 VUs  08.0s/15s  800.00 iters/s

running (09.0s), 02188/02189 VUs, 1325 complete and 0 interrupted iterations
default   [  60% ] 02188/02189 VUs  09.0s/15s  800.00 iters/s

running (10.0s), 02497/02498 VUs, 1325 complete and 0 interrupted iterations
default   [  67% ] 02497/02498 VUs  10.0s/15s  800.00 iters/s

running (11.0s), 02801/02802 VUs, 1325 complete and 0 interrupted iterations
default   [  73% ] 02802/02802 VUs  11.0s/15s  800.00 iters/s

running (12.0s), 03115/03116 VUs, 1325 complete and 0 interrupted iterations
default   [  80% ] 03115/03116 VUs  12.0s/15s  800.00 iters/s

running (13.0s), 03433/03433 VUs, 1325 complete and 0 interrupted iterations
default   [  87% ] 03433/03433 VUs  13.0s/15s  800.00 iters/s

running (14.0s), 03744/03744 VUs, 1325 complete and 0 interrupted iterations
default   [  93% ] 03744/03744 VUs  14.0s/15s  800.00 iters/s

running (15.0s), 04004/04004 VUs, 1325 complete and 0 interrupted iterations
default ↓ [ 100% ] 04003/04004 VUs  15s  800.00 iters/s

running (16.0s), 04004/04004 VUs, 1325 complete and 0 interrupted iterations
default ↓ [ 100% ] 04003/04004 VUs  15s  800.00 iters/s

running (17.0s), 04004/04004 VUs, 1325 complete and 0 interrupted iterations
default ↓ [ 100% ] 04003/04004 VUs  15s  800.00 iters/s

running (18.0s), 04004/04004 VUs, 1325 complete and 0 interrupted iterations
default ↓ [ 100% ] 04003/04004 VUs  15s  800.00 iters/s

running (19.0s), 04004/04004 VUs, 1325 complete and 0 interrupted iterations
default ↓ [ 100% ] 04003/04004 VUs  15s  800.00 iters/s

running (20.0s), 04004/04004 VUs, 1325 complete and 0 interrupted iterations
default ↓ [ 100% ] 04003/04004 VUs  15s  800.00 iters/s

running (21.0s), 04004/04004 VUs, 1325 complete and 0 interrupted iterations
default ↓ [ 100% ] 04003/04004 VUs  15s  800.00 iters/s

running (22.0s), 04004/04004 VUs, 1325 complete and 0 interrupted iterations
default ↓ [ 100% ] 04003/04004 VUs  15s  800.00 iters/s

running (23.0s), 04004/04004 VUs, 1325 complete and 0 interrupted iterations
default ↓ [ 100% ] 04003/04004 VUs  15s  800.00 iters/s

running (24.0s), 04004/04004 VUs, 1325 complete and 0 interrupted iterations
default ↓ [ 100% ] 04003/04004 VUs  15s  800.00 iters/s

running (25.0s), 04004/04004 VUs, 1325 complete and 0 interrupted iterations
default ↓ [ 100% ] 04003/04004 VUs  15s  800.00 iters/s

running (26.0s), 04004/04004 VUs, 1325 complete and 0 interrupted iterations
default ↓ [ 100% ] 04003/04004 VUs  15s  800.00 iters/s

running (27.0s), 04004/04004 VUs, 1325 complete and 0 interrupted iterations
default ↓ [ 100% ] 04003/04004 VUs  15s  800.00 iters/s

running (28.0s), 04004/04004 VUs, 1325 complete and 0 interrupted iterations
default ↓ [ 100% ] 04003/04004 VUs  15s  800.00 iters/s

running (29.0s), 04004/04004 VUs, 1325 complete and 0 interrupted iterations
default ↓ [ 100% ] 04003/04004 VUs  15s  800.00 iters/s

running (30.0s), 04004/04004 VUs, 1325 complete and 0 interrupted iterations
default ↓ [ 100% ] 04003/04004 VUs  15s  800.00 iters/s

running (31.0s), 04004/04004 VUs, 1325 complete and 0 interrupted iterations
default ↓ [ 100% ] 04003/04004 VUs  15s  800.00 iters/s

running (32.0s), 04004/04004 VUs, 1325 complete and 0 interrupted iterations
default ↓ [ 100% ] 04003/04004 VUs  15s  800.00 iters/s

running (33.0s), 04004/04004 VUs, 1325 complete and 0 interrupted iterations
default ↓ [ 100% ] 04003/04004 VUs  15s  800.00 iters/s

running (34.0s), 04004/04004 VUs, 1325 complete and 0 interrupted iterations
default ↓ [ 100% ] 04003/04004 VUs  15s  800.00 iters/s

running (35.0s), 04004/04004 VUs, 1325 complete and 0 interrupted iterations
default ↓ [ 100% ] 04003/04004 VUs  15s  800.00 iters/s

running (36.0s), 04004/04004 VUs, 1325 complete and 0 interrupted iterations
default ↓ [ 100% ] 04003/04004 VUs  15s  800.00 iters/s

running (37.0s), 04004/04004 VUs, 1325 complete and 0 interrupted iterations
default ↓ [ 100% ] 04003/04004 VUs  15s  800.00 iters/s

running (38.0s), 04004/04004 VUs, 1325 complete and 0 interrupted iterations
default ↓ [ 100% ] 04003/04004 VUs  15s  800.00 iters/s

running (39.0s), 04004/04004 VUs, 1325 complete and 0 interrupted iterations
default ↓ [ 100% ] 04003/04004 VUs  15s  800.00 iters/s

running (40.0s), 04004/04004 VUs, 1325 complete and 0 interrupted iterations
default ↓ [ 100% ] 04003/04004 VUs  15s  800.00 iters/s

running (41.0s), 04004/04004 VUs, 1325 complete and 0 interrupted iterations
default ↓ [ 100% ] 04003/04004 VUs  15s  800.00 iters/s

running (42.0s), 04004/04004 VUs, 1325 complete and 0 interrupted iterations
default ↓ [ 100% ] 04003/04004 VUs  15s  800.00 iters/s

running (43.0s), 04004/04004 VUs, 1325 complete and 0 interrupted iterations
default ↓ [ 100% ] 04003/04004 VUs  15s  800.00 iters/s

running (44.0s), 04004/04004 VUs, 1325 complete and 0 interrupted iterations
default ↓ [ 100% ] 04003/04004 VUs  15s  800.00 iters/s
