
         /\      Grafana   /‾‾/  
    /\  /  \     |\  __   /  /   
   /  \/    \    | |/ /  /   ‾‾\ 
  /          \   |   (  |  (‾)  |
 / __________ \  |_|\_\  \_____/ 

     execution: local
        script: workflow/aegean/k6_open_client.js
        output: -

     scenarios: (100.00%) 1 scenario, 10000 max VUs, 45s max duration (incl. graceful stop):
              * default: 200.00 iterations/s for 15s (maxVUs: 0-10000, gracefulStop: 30s)


running (01.0s), 00081/00082 VUs, 36 complete and 0 interrupted iterations
default   [   7% ] 00081/00082 VUs  01.0s/15s  200.00 iters/s

running (02.0s), 00163/00163 VUs, 73 complete and 0 interrupted iterations
default   [  13% ] 00163/00163 VUs  02.0s/15s  200.00 iters/s

running (03.0s), 00238/00239 VUs, 122 complete and 0 interrupted iterations
default   [  20% ] 00238/00239 VUs  03.0s/15s  200.00 iters/s

running (04.0s), 00319/00319 VUs, 160 complete and 0 interrupted iterations
default   [  27% ] 00319/00319 VUs  04.0s/15s  200.00 iters/s

running (05.0s), 00398/00399 VUs, 201 complete and 0 interrupted iterations
default   [  33% ] 00398/00399 VUs  05.0s/15s  200.00 iters/s

running (06.0s), 00478/00478 VUs, 241 complete and 0 interrupted iterations
default   [  40% ] 00478/00478 VUs  06.0s/15s  200.00 iters/s

running (07.0s), 00557/00557 VUs, 284 complete and 0 interrupted iterations
default   [  47% ] 00557/00557 VUs  07.0s/15s  200.00 iters/s

running (08.0s), 00637/00638 VUs, 322 complete and 0 interrupted iterations
default   [  53% ] 00637/00638 VUs  08.0s/15s  200.00 iters/s

running (09.0s), 00716/00716 VUs, 365 complete and 0 interrupted iterations
default   [  60% ] 00716/00716 VUs  09.0s/15s  200.00 iters/s

running (10.0s), 00793/00796 VUs, 409 complete and 0 interrupted iterations
default   [  67% ] 00793/00796 VUs  10.0s/15s  200.00 iters/s

running (11.0s), 00874/00875 VUs, 448 complete and 0 interrupted iterations
default   [  73% ] 00874/00875 VUs  11.0s/15s  200.00 iters/s

running (12.0s), 00952/00952 VUs, 493 complete and 0 interrupted iterations
default   [  80% ] 00952/00952 VUs  12.0s/15s  200.00 iters/s

running (13.0s), 01030/01033 VUs, 535 complete and 0 interrupted iterations
default   [  87% ] 01030/01033 VUs  13.0s/15s  200.00 iters/s

running (14.0s), 01108/01111 VUs, 578 complete and 0 interrupted iterations
default   [  93% ] 01108/01111 VUs  14.0s/15s  200.00 iters/s

running (15.0s), 01191/01191 VUs, 615 complete and 0 interrupted iterations
default   [ 100% ] 01191/01191 VUs  15.0s/15s  200.00 iters/s

running (16.0s), 01134/01192 VUs, 672 complete and 0 interrupted iterations
default ↓ [ 100% ] 01191/01191 VUs  15s  200.00 iters/s

running (17.0s), 01087/01192 VUs, 719 complete and 0 interrupted iterations
default ↓ [ 100% ] 01191/01191 VUs  15s  200.00 iters/s

running (18.0s), 01028/01192 VUs, 778 complete and 0 interrupted iterations
default ↓ [ 100% ] 01191/01191 VUs  15s  200.00 iters/s

running (19.0s), 00977/01192 VUs, 829 complete and 0 interrupted iterations
default ↓ [ 100% ] 01191/01191 VUs  15s  200.00 iters/s

running (20.0s), 00920/01192 VUs, 886 complete and 0 interrupted iterations
default ↓ [ 100% ] 01191/01191 VUs  15s  200.00 iters/s

running (21.0s), 00871/01192 VUs, 935 complete and 0 interrupted iterations
default ↓ [ 100% ] 01191/01191 VUs  15s  200.00 iters/s

running (22.0s), 00815/01192 VUs, 991 complete and 0 interrupted iterations
default ↓ [ 100% ] 01191/01191 VUs  15s  200.00 iters/s

running (23.0s), 00763/01192 VUs, 1043 complete and 0 interrupted iterations
default ↓ [ 100% ] 01191/01191 VUs  15s  200.00 iters/s

running (24.0s), 00708/01192 VUs, 1098 complete and 0 interrupted iterations
default ↓ [ 100% ] 01191/01191 VUs  15s  200.00 iters/s

running (25.0s), 00654/01192 VUs, 1152 complete and 0 interrupted iterations
default ↓ [ 100% ] 01191/01191 VUs  15s  200.00 iters/s

running (26.0s), 00600/01192 VUs, 1206 complete and 0 interrupted iterations
default ↓ [ 100% ] 01191/01191 VUs  15s  200.00 iters/s

running (27.0s), 00543/01192 VUs, 1263 complete and 0 interrupted iterations
default ↓ [ 100% ] 01191/01191 VUs  15s  200.00 iters/s

running (28.0s), 00492/01192 VUs, 1314 complete and 0 interrupted iterations
default ↓ [ 100% ] 01191/01191 VUs  15s  200.00 iters/s

running (29.0s), 00437/01192 VUs, 1369 complete and 0 interrupted iterations
default ↓ [ 100% ] 01191/01191 VUs  15s  200.00 iters/s

running (30.0s), 00383/01192 VUs, 1423 complete and 0 interrupted iterations
default ↓ [ 100% ] 01191/01191 VUs  15s  200.00 iters/s

running (31.0s), 00331/01192 VUs, 1475 complete and 0 interrupted iterations
default ↓ [ 100% ] 01191/01191 VUs  15s  200.00 iters/s

running (32.0s), 00283/01192 VUs, 1523 complete and 0 interrupted iterations
default ↓ [ 100% ] 01191/01191 VUs  15s  200.00 iters/s

running (33.0s), 00224/01192 VUs, 1582 complete and 0 interrupted iterations
default ↓ [ 100% ] 01191/01191 VUs  15s  200.00 iters/s

running (34.0s), 00174/01192 VUs, 1632 complete and 0 interrupted iterations
default ↓ [ 100% ] 01191/01191 VUs  15s  200.00 iters/s

running (35.0s), 00114/01192 VUs, 1692 complete and 0 interrupted iterations
default ↓ [ 100% ] 01191/01191 VUs  15s  200.00 iters/s

running (36.0s), 00064/01192 VUs, 1742 complete and 0 interrupted iterations
default ↓ [ 100% ] 01191/01191 VUs  15s  200.00 iters/s

running (37.0s), 00008/01192 VUs, 1798 complete and 0 interrupted iterations
default ↓ [ 100% ] 01191/01191 VUs  15s  200.00 iters/s


  █ TOTAL RESULTS 

    HTTP
    http_req_duration..............: avg=12.25s min=181.93ms med=12.86s max=22.16s p(90)=20.27s p(95)=21.21s
      { expected_response:true }...: avg=12.25s min=181.93ms med=12.86s max=22.16s p(90)=20.27s p(95)=21.21s
    http_req_failed................: 0.00% 0 out of 1806
    http_reqs......................: 1806  48.608601/s

    EXECUTION
    dropped_iterations.............: 1195  32.163499/s
    iteration_duration.............: avg=12.26s min=183.64ms med=12.86s max=22.17s p(90)=20.27s p(95)=21.21s
    iterations.....................: 1806  48.608601/s
    vus............................: 8     min=8         max=1191
    vus_max........................: 1192  min=82        max=1192

    NETWORK
    data_received..................: 91 MB 2.4 MB/s
    data_sent......................: 91 MB 2.4 MB/s




running (37.2s), 00000/01192 VUs, 1806 complete and 0 interrupted iterations
default ✓ [ 100% ] 00000/01192 VUs  15s  200.00 iters/s
