2026/03/31 03:06:33 telemetry disabled: AEGEAN_DISABLE_TRACING=1

         /\      Grafana   /‾‾/  
    /\  /  \     |\  __   /  /   
   /  \/    \    | |/ /  /   ‾‾\ 
  /          \   |   (  |  (‾)  |
 / __________ \  |_|\_\  \_____/ 

     execution: local
        script: workflow/social/k6_closed_read_home_timeline.js
        output: -

     scenarios: (100.00%) 1 scenario, 50 max VUs, 45s max duration (incl. graceful stop):
              * default: 50 looping VUs for 15s (gracefulStop: 30s)


running (01.0s), 50/50 VUs, 1608 complete and 0 interrupted iterations
default   [   7% ] 50 VUs  01.0s/15s

running (02.0s), 50/50 VUs, 3408 complete and 0 interrupted iterations
default   [  13% ] 50 VUs  02.0s/15s

running (03.0s), 50/50 VUs, 5243 complete and 0 interrupted iterations
default   [  20% ] 50 VUs  03.0s/15s

running (04.0s), 50/50 VUs, 7056 complete and 0 interrupted iterations
default   [  27% ] 50 VUs  04.0s/15s

running (05.0s), 50/50 VUs, 8887 complete and 0 interrupted iterations
default   [  33% ] 50 VUs  05.0s/15s

running (06.0s), 50/50 VUs, 10656 complete and 0 interrupted iterations
default   [  40% ] 50 VUs  06.0s/15s

running (07.0s), 50/50 VUs, 12489 complete and 0 interrupted iterations
default   [  47% ] 50 VUs  07.0s/15s

running (08.0s), 50/50 VUs, 14273 complete and 0 interrupted iterations
default   [  53% ] 50 VUs  08.0s/15s

running (09.0s), 50/50 VUs, 16089 complete and 0 interrupted iterations
default   [  60% ] 50 VUs  09.0s/15s

running (10.0s), 50/50 VUs, 17841 complete and 0 interrupted iterations
default   [  67% ] 50 VUs  10.0s/15s

running (11.0s), 50/50 VUs, 19608 complete and 0 interrupted iterations
default   [  73% ] 50 VUs  11.0s/15s

running (12.0s), 50/50 VUs, 21369 complete and 0 interrupted iterations
default   [  80% ] 50 VUs  12.0s/15s

running (13.0s), 50/50 VUs, 23169 complete and 0 interrupted iterations
default   [  87% ] 50 VUs  13.0s/15s

running (14.0s), 50/50 VUs, 24945 complete and 0 interrupted iterations
default   [  93% ] 50 VUs  14.0s/15s

running (15.0s), 50/50 VUs, 26721 complete and 0 interrupted iterations
default   [ 100% ] 50 VUs  15.0s/15s


  █ TOTAL RESULTS 

    HTTP
    http_req_duration..............: avg=27.97ms min=20.86ms med=26.88ms max=68.46ms p(90)=33.3ms  p(95)=35.81ms
      { expected_response:true }...: avg=27.97ms min=20.86ms med=26.88ms max=68.46ms p(90)=33.3ms  p(95)=35.81ms
    http_req_failed................: 0.00%  0 out of 26783
    http_reqs......................: 26783  1779.22682/s

    EXECUTION
    iteration_duration.............: avg=28.03ms min=20.9ms  med=26.93ms max=68.51ms p(90)=33.35ms p(95)=35.88ms
    iterations.....................: 26783  1779.22682/s
    vus............................: 50     min=50         max=50
    vus_max........................: 50     min=50         max=50

    NETWORK
    data_received..................: 33 MB  2.2 MB/s
    data_sent......................: 6.0 MB 401 kB/s




running (15.1s), 00/50 VUs, 26783 complete and 0 interrupted iterations
default ✓ [ 100% ] 50 VUs  15s
