2026/04/30 20:33:04 telemetry disabled: AEGEAN_DISABLE_TRACING=1

         /\      Grafana   /‾‾/  
    /\  /  \     |\  __   /  /   
   /  \/    \    | |/ /  /   ‾‾\ 
  /          \   |   (  |  (‾)  |
 / __________ \  |_|\_\  \_____/ 

     execution: local
        script: workflow/aegean/k6_open_client.js
        output: -

     scenarios: (100.00%) 1 scenario, 10000 max VUs, 45s max duration (incl. graceful stop):
              * default: 400.00 iterations/s for 15s (maxVUs: 0-10000, gracefulStop: 30s)


running (01.0s), 00047/00055 VUs, 295 complete and 0 interrupted iterations
default   [   7% ] 00047/00055 VUs  01.0s/15s  400.00 iters/s

running (02.0s), 00066/00071 VUs, 660 complete and 0 interrupted iterations
default   [  13% ] 00066/00071 VUs  02.0s/15s  400.00 iters/s

running (03.0s), 00071/00088 VUs, 1038 complete and 0 interrupted iterations
default   [  20% ] 00071/00088 VUs  03.0s/15s  400.00 iters/s

running (04.0s), 00090/00099 VUs, 1408 complete and 0 interrupted iterations
default   [  27% ] 00090/00099 VUs  04.0s/15s  400.00 iters/s

running (05.0s), 00126/00126 VUs, 1746 complete and 0 interrupted iterations
default   [  33% ] 00126/00126 VUs  05.0s/15s  400.00 iters/s

running (06.0s), 00143/00150 VUs, 2105 complete and 0 interrupted iterations
default   [  40% ] 00143/00150 VUs  06.0s/15s  400.00 iters/s

running (07.0s), 00146/00163 VUs, 2487 complete and 0 interrupted iterations
default   [  47% ] 00146/00163 VUs  07.0s/15s  400.00 iters/s

running (08.0s), 00180/00190 VUs, 2827 complete and 0 interrupted iterations
default   [  53% ] 00180/00190 VUs  08.0s/15s  400.00 iters/s

running (09.0s), 00189/00208 VUs, 3199 complete and 0 interrupted iterations
default   [  60% ] 00189/00208 VUs  09.0s/15s  400.00 iters/s

running (10.0s), 00212/00227 VUs, 3557 complete and 0 interrupted iterations
default   [  67% ] 00212/00227 VUs  10.0s/15s  400.00 iters/s

running (11.0s), 00237/00249 VUs, 3909 complete and 0 interrupted iterations
default   [  73% ] 00237/00249 VUs  11.0s/15s  400.00 iters/s

running (12.0s), 00256/00271 VUs, 4268 complete and 0 interrupted iterations
default   [  80% ] 00256/00271 VUs  12.0s/15s  400.00 iters/s

running (13.0s), 00283/00291 VUs, 4622 complete and 0 interrupted iterations
default   [  87% ] 00283/00291 VUs  13.0s/15s  400.00 iters/s

running (14.0s), 00295/00309 VUs, 4991 complete and 0 interrupted iterations
default   [  93% ] 00295/00309 VUs  14.0s/15s  400.00 iters/s

running (15.0s), 00320/00329 VUs, 5346 complete and 0 interrupted iterations
default   [ 100% ] 00320/00329 VUs  15s  400.00 iters/s


  █ TOTAL RESULTS 

    HTTP
    http_req_duration..............: avg=467.1ms  min=43.66ms med=472.68ms max=973.2ms  p(90)=791.41ms p(95)=832.08ms
      { expected_response:true }...: avg=467.1ms  min=43.66ms med=472.68ms max=973.2ms  p(90)=791.41ms p(95)=832.08ms
    http_req_failed................: 0.00%  0 out of 5667
    http_reqs......................: 5667   354.970589/s

    EXECUTION
    dropped_iterations.............: 334    20.921153/s
    iteration_duration.............: avg=467.17ms min=43.82ms med=472.83ms max=973.48ms p(90)=791.65ms p(95)=832.14ms
    iterations.....................: 5667   354.970589/s
    vus............................: 321    min=47        max=321
    vus_max........................: 329    min=55        max=329

    NETWORK
    data_received..................: 1.7 MB 106 kB/s
    data_sent......................: 2.1 MB 132 kB/s




running (16.0s), 00000/00329 VUs, 5667 complete and 0 interrupted iterations
default ✓ [ 100% ] 00000/00329 VUs  15s  400.00 iters/s
