2026/03/31 03:04:38 telemetry disabled: AEGEAN_DISABLE_TRACING=1

         /\      Grafana   /‾‾/  
    /\  /  \     |\  __   /  /   
   /  \/    \    | |/ /  /   ‾‾\ 
  /          \   |   (  |  (‾)  |
 / __________ \  |_|\_\  \_____/ 

     execution: local
        script: workflow/aegean/k6_open_client.js
        output: -

     scenarios: (100.00%) 1 scenario, 10000 max VUs, 45s max duration (incl. graceful stop):
              * default: 400.00 iterations/s for 15s (maxVUs: 0-10000, gracefulStop: 30s)


running (01.0s), 00044/00057 VUs, 298 complete and 0 interrupted iterations
default   [   7% ] 00044/00057 VUs  01.0s/15s  400.00 iters/s

running (02.0s), 00064/00067 VUs, 667 complete and 0 interrupted iterations
default   [  13% ] 00064/00067 VUs  02.0s/15s  400.00 iters/s

running (03.0s), 00094/00096 VUs, 1006 complete and 0 interrupted iterations
default   [  20% ] 00095/00096 VUs  03.0s/15s  400.00 iters/s

running (04.0s), 00120/00121 VUs, 1354 complete and 0 interrupted iterations
default   [  27% ] 00121/00121 VUs  04.0s/15s  400.00 iters/s

running (05.0s), 00153/00161 VUs, 1681 complete and 0 interrupted iterations
default   [  33% ] 00153/00161 VUs  05.0s/15s  400.00 iters/s

running (06.0s), 00186/00197 VUs, 2011 complete and 0 interrupted iterations
default   [  40% ] 00186/00197 VUs  06.0s/15s  400.00 iters/s

running (07.0s), 00212/00223 VUs, 2359 complete and 0 interrupted iterations
default   [  47% ] 00212/00223 VUs  07.0s/15s  400.00 iters/s

running (08.0s), 00230/00238 VUs, 2726 complete and 0 interrupted iterations
default   [  53% ] 00230/00238 VUs  08.0s/15s  400.00 iters/s

running (09.0s), 00252/00264 VUs, 3077 complete and 0 interrupted iterations
default   [  60% ] 00252/00264 VUs  09.0s/15s  400.00 iters/s

running (10.0s), 00277/00285 VUs, 3427 complete and 0 interrupted iterations
default   [  67% ] 00277/00285 VUs  10.0s/15s  400.00 iters/s

running (11.0s), 00291/00303 VUs, 3793 complete and 0 interrupted iterations
default   [  73% ] 00291/00303 VUs  11.0s/15s  400.00 iters/s

running (12.0s), 00328/00329 VUs, 4127 complete and 0 interrupted iterations
default   [  80% ] 00329/00329 VUs  12.0s/15s  400.00 iters/s

running (13.0s), 00337/00348 VUs, 4500 complete and 0 interrupted iterations
default   [  87% ] 00337/00348 VUs  13.0s/15s  400.00 iters/s

running (14.0s), 00357/00372 VUs, 4855 complete and 0 interrupted iterations
default   [  93% ] 00357/00372 VUs  14.0s/15s  400.00 iters/s

running (15.0s), 00381/00399 VUs, 5204 complete and 0 interrupted iterations
default ↓ [ 100% ] 00381/00399 VUs  15s  400.00 iters/s

running (16.0s), 00021/00399 VUs, 5564 complete and 0 interrupted iterations
default ↓ [ 100% ] 00381/00399 VUs  15s  400.00 iters/s


  █ TOTAL RESULTS 

    HTTP
    http_req_duration..............: avg=595.31ms min=39.67ms med=622.04ms max=1.08s p(90)=1.01s p(95)=1.03s
      { expected_response:true }...: avg=595.31ms min=39.67ms med=622.04ms max=1.08s p(90)=1.01s p(95)=1.03s
    http_req_failed................: 0.00%  0 out of 5585
    http_reqs......................: 5585   348.327682/s

    EXECUTION
    dropped_iterations.............: 416    25.945267/s
    iteration_duration.............: avg=595.4ms  min=39.89ms med=622.1ms  max=1.08s p(90)=1.01s p(95)=1.03s
    iterations.....................: 5585   348.327682/s
    vus............................: 21     min=21        max=381
    vus_max........................: 399    min=57        max=399

    NETWORK
    data_received..................: 1.7 MB 104 kB/s
    data_sent......................: 2.1 MB 130 kB/s




running (16.0s), 00000/00399 VUs, 5585 complete and 0 interrupted iterations
default ✓ [ 100% ] 00000/00399 VUs  15s  400.00 iters/s
