
         /\      Grafana   /‾‾/  
    /\  /  \     |\  __   /  /   
   /  \/    \    | |/ /  /   ‾‾\ 
  /          \   |   (  |  (‾)  |
 / __________ \  |_|\_\  \_____/ 

     execution: local
        script: workflow/aegean/k6_open_client.js
        output: -

     scenarios: (100.00%) 1 scenario, 50 max VUs, 45s max duration (incl. graceful stop):
              * default: 200.00 iterations/s for 15s (maxVUs: 50, gracefulStop: 30s)

time="2026-03-23T03:25:08Z" level=warning msg="Insufficient VUs, reached 50 active VUs and cannot initialize more" executor=constant-arrival-rate scenario=default

running (01.0s), 10/50 VUs, 134 complete and 0 interrupted iterations
default   [   7% ] 10/50 VUs  01.0s/15s  200.00 iters/s

running (02.0s), 26/50 VUs, 271 complete and 0 interrupted iterations
default   [  13% ] 26/50 VUs  02.0s/15s  200.00 iters/s

running (03.0s), 50/50 VUs, 402 complete and 0 interrupted iterations
default   [  20% ] 50/50 VUs  03.0s/15s  200.00 iters/s

running (04.0s), 50/50 VUs, 538 complete and 0 interrupted iterations
default   [  27% ] 50/50 VUs  04.0s/15s  200.00 iters/s

running (05.0s), 50/50 VUs, 671 complete and 0 interrupted iterations
default   [  33% ] 50/50 VUs  05.0s/15s  200.00 iters/s

running (06.0s), 50/50 VUs, 818 complete and 0 interrupted iterations
default   [  40% ] 50/50 VUs  06.0s/15s  200.00 iters/s

running (07.0s), 11/50 VUs, 964 complete and 0 interrupted iterations
default   [  47% ] 11/50 VUs  07.0s/15s  200.00 iters/s

running (08.0s), 50/50 VUs, 1079 complete and 0 interrupted iterations
default   [  53% ] 50/50 VUs  08.0s/15s  200.00 iters/s

running (09.0s), 45/50 VUs, 1223 complete and 0 interrupted iterations
default   [  60% ] 45/50 VUs  09.0s/15s  200.00 iters/s

running (10.0s), 35/50 VUs, 1367 complete and 0 interrupted iterations
default   [  67% ] 35/50 VUs  10.0s/15s  200.00 iters/s

running (11.0s), 50/50 VUs, 1502 complete and 0 interrupted iterations
default   [  73% ] 50/50 VUs  11.0s/15s  200.00 iters/s

running (12.0s), 49/50 VUs, 1643 complete and 0 interrupted iterations
default   [  80% ] 49/50 VUs  12.0s/15s  200.00 iters/s

running (13.0s), 30/50 VUs, 1778 complete and 0 interrupted iterations
default   [  87% ] 30/50 VUs  13.0s/15s  200.00 iters/s

running (14.0s), 37/50 VUs, 1918 complete and 0 interrupted iterations
default   [  93% ] 37/50 VUs  14.0s/15s  200.00 iters/s

running (15.0s), 50/50 VUs, 2011 complete and 0 interrupted iterations
default   [ 100% ] 50/50 VUs  15.0s/15s  200.00 iters/s


  █ TOTAL RESULTS 

    HTTP
    http_req_duration..............: avg=261.39ms min=33.82ms med=260.49ms max=560.29ms p(90)=397.88ms p(95)=427.67ms
      { expected_response:true }...: avg=261.39ms min=33.82ms med=260.49ms max=560.29ms p(90)=397.88ms p(95)=427.67ms
    http_req_failed................: 0.00%  0 out of 2061
    http_reqs......................: 2061   137.186582/s

    EXECUTION
    dropped_iterations.............: 940    62.569329/s
    iteration_duration.............: avg=261.52ms min=33.97ms med=260.72ms max=560.6ms  p(90)=397.98ms p(95)=427.83ms
    iterations.....................: 2061   137.186582/s
    vus............................: 50     min=10        max=50
    vus_max........................: 50     min=50        max=50

    NETWORK
    data_received..................: 589 kB 39 kB/s
    data_sent......................: 770 kB 51 kB/s




running (15.0s), 00/50 VUs, 2061 complete and 0 interrupted iterations
default ✓ [ 100% ] 00/50 VUs  15s  200.00 iters/s
