2026/04/24 08:13:27 telemetry disabled: AEGEAN_DISABLE_TRACING=1

         /\      Grafana   /‾‾/  
    /\  /  \     |\  __   /  /   
   /  \/    \    | |/ /  /   ‾‾\ 
  /          \   |   (  |  (‾)  |
 / __________ \  |_|\_\  \_____/ 

     execution: local
        script: workflow/social/k6_open_read_user_timeline.js
        output: -

     scenarios: (100.00%) 1 scenario, 10000 max VUs, 45s max duration (incl. graceful stop):
              * default: 100.00 iterations/s for 15s (maxVUs: 0-10000, gracefulStop: 30s)


running (01.0s), 00003/00007 VUs, 90 complete and 0 interrupted iterations
default   [   7% ] 00003/00007 VUs  01.0s/15s  100.00 iters/s

running (02.0s), 00006/00008 VUs, 186 complete and 0 interrupted iterations
default   [  13% ] 00006/00008 VUs  02.0s/15s  100.00 iters/s

running (03.0s), 00005/00008 VUs, 287 complete and 0 interrupted iterations
default   [  20% ] 00005/00008 VUs  03.0s/15s  100.00 iters/s

running (04.0s), 00004/00008 VUs, 387 complete and 0 interrupted iterations
default   [  27% ] 00005/00008 VUs  04.0s/15s  100.00 iters/s

running (05.0s), 00004/00008 VUs, 488 complete and 0 interrupted iterations
default   [  33% ] 00004/00008 VUs  05.0s/15s  100.00 iters/s

running (06.0s), 00005/00008 VUs, 587 complete and 0 interrupted iterations
default   [  40% ] 00005/00008 VUs  06.0s/15s  100.00 iters/s

running (07.0s), 00005/00008 VUs, 686 complete and 0 interrupted iterations
default   [  47% ] 00005/00008 VUs  07.0s/15s  100.00 iters/s

running (08.0s), 00006/00008 VUs, 785 complete and 0 interrupted iterations
default   [  53% ] 00006/00008 VUs  08.0s/15s  100.00 iters/s

running (09.0s), 00003/00008 VUs, 889 complete and 0 interrupted iterations
default   [  60% ] 00003/00008 VUs  09.0s/15s  100.00 iters/s

running (10.0s), 00005/00008 VUs, 987 complete and 0 interrupted iterations
default   [  67% ] 00005/00008 VUs  10.0s/15s  100.00 iters/s

running (11.0s), 00008/00008 VUs, 1084 complete and 0 interrupted iterations
default   [  73% ] 00008/00008 VUs  11.0s/15s  100.00 iters/s

running (12.0s), 00005/00008 VUs, 1186 complete and 0 interrupted iterations
default   [  80% ] 00005/00008 VUs  12.0s/15s  100.00 iters/s

running (13.0s), 00007/00008 VUs, 1285 complete and 0 interrupted iterations
default   [  87% ] 00007/00008 VUs  13.0s/15s  100.00 iters/s

running (14.0s), 00003/00008 VUs, 1389 complete and 0 interrupted iterations
default   [  93% ] 00003/00008 VUs  14.0s/15s  100.00 iters/s

running (15.0s), 00006/00008 VUs, 1486 complete and 0 interrupted iterations
default ↓ [ 100% ] 00006/00008 VUs  15s  100.00 iters/s


  █ TOTAL RESULTS 

    HTTP
    http_req_duration..............: avg=42.69ms min=14.71ms med=41.72ms max=84.02ms p(90)=64.51ms p(95)=66.84ms
      { expected_response:true }...: avg=42.69ms min=14.71ms med=41.72ms max=84.02ms p(90)=64.51ms p(95)=66.84ms
    http_req_failed................: 0.00%  0 out of 1492
    http_reqs......................: 1492   99.056861/s

    EXECUTION
    dropped_iterations.............: 9      0.597528/s
    iteration_duration.............: avg=42.78ms min=14.8ms  med=41.79ms max=84.11ms p(90)=64.61ms p(95)=66.96ms
    iterations.....................: 1492   99.056861/s
    vus............................: 5      min=3         max=7
    vus_max........................: 8      min=7         max=8

    NETWORK
    data_received..................: 1.9 MB 123 kB/s
    data_sent......................: 337 kB 22 kB/s




running (15.1s), 00000/00008 VUs, 1492 complete and 0 interrupted iterations
default ✓ [ 100% ] 00000/00008 VUs  15s  100.00 iters/s
