
         /\      Grafana   /‾‾/  
    /\  /  \     |\  __   /  /   
   /  \/    \    | |/ /  /   ‾‾\ 
  /          \   |   (  |  (‾)  |
 / __________ \  |_|\_\  \_____/ 

     execution: local
        script: workflow/hotel/k6_open_recommendations_client.js
        output: -

     scenarios: (100.00%) 1 scenario, 10000 max VUs, 45s max duration (incl. graceful stop):
              * default: 5000.00 iterations/s for 15s (maxVUs: 5000-10000, gracefulStop: 30s)


running (00.8s), 01060/05000 VUs, 3161 complete and 0 interrupted iterations
default   [   6% ] 01060/05000 VUs  00.8s/15s  5000.00 iters/s

running (01.8s), 01650/05000 VUs, 7568 complete and 0 interrupted iterations
default   [  12% ] 01650/05000 VUs  01.8s/15s  5000.00 iters/s

running (02.8s), 01897/05000 VUs, 12321 complete and 0 interrupted iterations
default   [  19% ] 01897/05000 VUs  02.8s/15s  5000.00 iters/s

running (03.8s), 02518/05000 VUs, 16700 complete and 0 interrupted iterations
default   [  26% ] 02518/05000 VUs  03.8s/15s  5000.00 iters/s

running (04.8s), 03243/05000 VUs, 20975 complete and 0 interrupted iterations
default   [  32% ] 03243/05000 VUs  04.8s/15s  5000.00 iters/s

running (05.8s), 03715/05000 VUs, 25502 complete and 0 interrupted iterations
default   [  39% ] 03715/05000 VUs  05.8s/15s  5000.00 iters/s

running (06.8s), 04175/05000 VUs, 30043 complete and 0 interrupted iterations
default   [  46% ] 04175/05000 VUs  06.8s/15s  5000.00 iters/s

running (07.8s), 04206/05000 VUs, 35011 complete and 0 interrupted iterations
default   [  52% ] 04206/05000 VUs  07.8s/15s  5000.00 iters/s

running (08.8s), 04387/05000 VUs, 39831 complete and 0 interrupted iterations
default   [  59% ] 04387/05000 VUs  08.8s/15s  5000.00 iters/s

running (09.8s), 05072/05075 VUs, 44019 complete and 0 interrupted iterations
default   [  66% ] 05073/05075 VUs  09.8s/15s  5000.00 iters/s

running (10.8s), 05148/05185 VUs, 48606 complete and 0 interrupted iterations
default   [  72% ] 05148/05185 VUs  10.8s/15s  5000.00 iters/s

running (11.8s), 05227/05229 VUs, 53470 complete and 0 interrupted iterations
default   [  79% ] 05227/05229 VUs  11.8s/15s  5000.00 iters/s

running (12.8s), 05248/05275 VUs, 58313 complete and 0 interrupted iterations
default   [  86% ] 05247/05275 VUs  12.8s/15s  5000.00 iters/s

running (13.8s), 05063/05281 VUs, 63489 complete and 0 interrupted iterations
default   [  92% ] 05063/05281 VUs  13.8s/15s  5000.00 iters/s

running (14.8s), 05130/05308 VUs, 68317 complete and 0 interrupted iterations
default   [  99% ] 05131/05308 VUs  14.8s/15s  5000.00 iters/s

running (15.8s), 00193/05308 VUs, 74038 complete and 0 interrupted iterations
default ↓ [ 100% ] 05068/05308 VUs  15s  5000.00 iters/s


  █ TOTAL RESULTS 

    HTTP
    http_req_duration..............: avg=782.58ms min=4.26ms med=880.03ms max=1.15s p(90)=1.07s p(95)=1.08s
      { expected_response:true }...: avg=782.58ms min=4.26ms med=880.03ms max=1.15s p(90)=1.07s p(95)=1.08s
    http_req_failed................: 0.00% 0 out of 74231
    http_reqs......................: 74231 4674.491183/s

    EXECUTION
    dropped_iterations.............: 770   48.488613/s
    iteration_duration.............: avg=782.72ms min=4.9ms  med=880.15ms max=1.15s p(90)=1.07s p(95)=1.08s
    iterations.....................: 74231 4674.491183/s
    vus............................: 193   min=193        max=5248
    vus_max........................: 5308  min=5000       max=5308

    NETWORK
    data_received..................: 51 MB 3.2 MB/s
    data_sent......................: 21 MB 1.3 MB/s




running (15.9s), 00000/05308 VUs, 74231 complete and 0 interrupted iterations
default ✓ [ 100% ] 00000/05308 VUs  15s  5000.00 iters/s
