2026/05/05 06:21:17 telemetry disabled: AEGEAN_DISABLE_TRACING=1

         /\      Grafana   /‾‾/  
    /\  /  \     |\  __   /  /   
   /  \/    \    | |/ /  /   ‾‾\ 
  /          \   |   (  |  (‾)  |
 / __________ \  |_|\_\  \_____/ 

     execution: local
        script: workflow/aegean/k6_open_client.js
        output: -

     scenarios: (100.00%) 1 scenario, 10000 max VUs, 45s max duration (incl. graceful stop):
              * default: 900.00 iterations/s for 15s (maxVUs: 0-10000, gracefulStop: 30s)


running (01.0s), 00013/00030 VUs, 824 complete and 0 interrupted iterations
default   [   7% ] 00013/00030 VUs  01.0s/15s  900.00 iters/s

running (02.0s), 00013/00030 VUs, 1724 complete and 0 interrupted iterations
default   [  13% ] 00013/00030 VUs  02.0s/15s  900.00 iters/s

running (03.0s), 00013/00030 VUs, 2624 complete and 0 interrupted iterations
default   [  20% ] 00013/00030 VUs  03.0s/15s  900.00 iters/s

running (04.0s), 00012/00030 VUs, 3524 complete and 0 interrupted iterations
default   [  27% ] 00012/00030 VUs  04.0s/15s  900.00 iters/s

running (05.0s), 00010/00030 VUs, 4426 complete and 0 interrupted iterations
default   [  33% ] 00011/00030 VUs  05.0s/15s  900.00 iters/s

running (06.0s), 00024/00032 VUs, 5311 complete and 0 interrupted iterations
default   [  40% ] 00024/00032 VUs  06.0s/15s  900.00 iters/s

running (07.0s), 00034/00036 VUs, 6195 complete and 0 interrupted iterations
default   [  47% ] 00036/00036 VUs  07.0s/15s  900.00 iters/s

running (08.0s), 00012/00037 VUs, 7116 complete and 0 interrupted iterations
default   [  53% ] 00012/00037 VUs  08.0s/15s  900.00 iters/s

running (09.0s), 00012/00037 VUs, 8016 complete and 0 interrupted iterations
default   [  60% ] 00012/00037 VUs  09.0s/15s  900.00 iters/s

running (10.0s), 00011/00037 VUs, 8917 complete and 0 interrupted iterations
default   [  67% ] 00011/00037 VUs  10.0s/15s  900.00 iters/s

running (11.0s), 00014/00037 VUs, 9813 complete and 0 interrupted iterations
default   [  73% ] 00014/00037 VUs  11.0s/15s  900.00 iters/s

running (12.0s), 00010/00037 VUs, 10717 complete and 0 interrupted iterations
default   [  80% ] 00011/00037 VUs  12.0s/15s  900.00 iters/s

running (13.0s), 00011/00037 VUs, 11616 complete and 0 interrupted iterations
default   [  87% ] 00011/00037 VUs  13.0s/15s  900.00 iters/s

running (14.0s), 00012/00037 VUs, 12516 complete and 0 interrupted iterations
default   [  93% ] 00012/00037 VUs  14.0s/15s  900.00 iters/s

running (15.0s), 00030/00047 VUs, 13380 complete and 0 interrupted iterations
default ↓ [ 100% ] 00030/00047 VUs  15s  900.00 iters/s


  █ TOTAL RESULTS 

    HTTP
    http_req_duration..............: avg=15.5ms  min=11.28ms med=13.6ms  max=71.58ms p(90)=21.13ms p(95)=27.29ms
      { expected_response:true }...: avg=15.5ms  min=11.28ms med=13.6ms  max=71.58ms p(90)=21.13ms p(95)=27.29ms
    http_req_failed................: 0.00%  0 out of 13410
    http_reqs......................: 13410  892.717024/s

    EXECUTION
    dropped_iterations.............: 91     6.05796/s
    iteration_duration.............: avg=15.56ms min=11.35ms med=13.65ms max=71.74ms p(90)=21.22ms p(95)=27.39ms
    iterations.....................: 13410  892.717024/s
    vus............................: 30     min=11         max=35
    vus_max........................: 47     min=30         max=47

    NETWORK
    data_received..................: 4.8 MB 316 kB/s
    data_sent......................: 5.0 MB 333 kB/s




running (15.0s), 00000/00047 VUs, 13410 complete and 0 interrupted iterations
default ✓ [ 100% ] 00000/00047 VUs  15s  900.00 iters/s
