
         /\      Grafana   /‾‾/  
    /\  /  \     |\  __   /  /   
   /  \/    \    | |/ /  /   ‾‾\ 
  /          \   |   (  |  (‾)  |
 / __________ \  |_|\_\  \_____/ 

     execution: local
        script: workflow/write/k6_open_client.js
        output: -

     scenarios: (100.00%) 1 scenario, 10000 max VUs, 15s max duration (incl. graceful stop):
              * default: 20.00 iterations/s for 15s (maxVUs: 20-10000)


running (01.0s), 00001/00020 VUs, 19 complete and 0 interrupted iterations
default   [   7% ] 00001/00020 VUs  01.0s/15s  20.00 iters/s

running (02.0s), 00002/00020 VUs, 38 complete and 0 interrupted iterations
default   [  13% ] 00002/00020 VUs  02.0s/15s  20.00 iters/s

running (03.0s), 00003/00020 VUs, 57 complete and 0 interrupted iterations
default   [  20% ] 00003/00020 VUs  03.0s/15s  20.00 iters/s

running (04.0s), 00002/00020 VUs, 78 complete and 0 interrupted iterations
default   [  27% ] 00002/00020 VUs  04.0s/15s  20.00 iters/s

running (05.0s), 00001/00020 VUs, 99 complete and 0 interrupted iterations
default   [  33% ] 00001/00020 VUs  05.0s/15s  20.00 iters/s

running (06.0s), 00002/00020 VUs, 118 complete and 0 interrupted iterations
default   [  40% ] 00002/00020 VUs  06.0s/15s  20.00 iters/s

running (07.0s), 00003/00020 VUs, 137 complete and 0 interrupted iterations
default   [  47% ] 00003/00020 VUs  07.0s/15s  20.00 iters/s

running (08.0s), 00002/00020 VUs, 158 complete and 0 interrupted iterations
default   [  53% ] 00002/00020 VUs  08.0s/15s  20.00 iters/s

running (09.0s), 00001/00020 VUs, 179 complete and 0 interrupted iterations
default   [  60% ] 00001/00020 VUs  09.0s/15s  20.00 iters/s

running (10.0s), 00001/00020 VUs, 199 complete and 0 interrupted iterations
default   [  67% ] 00001/00020 VUs  10.0s/15s  20.00 iters/s

running (11.0s), 00003/00020 VUs, 217 complete and 0 interrupted iterations
default   [  73% ] 00003/00020 VUs  11.0s/15s  20.00 iters/s

running (12.0s), 00002/00020 VUs, 238 complete and 0 interrupted iterations
default   [  80% ] 00002/00020 VUs  12.0s/15s  20.00 iters/s

running (13.0s), 00002/00020 VUs, 258 complete and 0 interrupted iterations
default   [  87% ] 00002/00020 VUs  13.0s/15s  20.00 iters/s

running (14.0s), 00001/00020 VUs, 279 complete and 0 interrupted iterations
default   [  93% ] 00001/00020 VUs  14.0s/15s  20.00 iters/s

running (15.0s), 00002/00020 VUs, 298 complete and 0 interrupted iterations
default   [ 100% ] 00002/00020 VUs  15.0s/15s  20.00 iters/s


  █ TOTAL RESULTS 

    HTTP
    http_req_duration..............: avg=101.43ms min=48.29ms med=98.95ms max=161.74ms p(90)=144.69ms p(95)=149.25ms
      { expected_response:true }...: avg=101.43ms min=48.29ms med=98.95ms max=161.74ms p(90)=144.69ms p(95)=149.25ms
    http_req_failed................: 0.00% 0 out of 298
    http_reqs......................: 298   19.86616/s

    EXECUTION
    iteration_duration.............: avg=101.52ms min=48.38ms med=99.01ms max=161.85ms p(90)=144.77ms p(95)=149.31ms
    iterations.....................: 298   19.86616/s
    vus............................: 2     min=1        max=3 
    vus_max........................: 20    min=20       max=20

    NETWORK
    data_received..................: 63 kB 4.2 kB/s
    data_sent......................: 30 kB 2.0 kB/s




running (15.0s), 00000/00020 VUs, 298 complete and 2 interrupted iterations
default ✓ [ 100% ] 00002/00020 VUs  15s  20.00 iters/s
