
         /\      Grafana   /‾‾/  
    /\  /  \     |\  __   /  /   
   /  \/    \    | |/ /  /   ‾‾\ 
  /          \   |   (  |  (‾)  |
 / __________ \  |_|\_\  \_____/ 

     execution: local
        script: workflow/hotel/k6_open_hotels_client.js
        output: -

     scenarios: (100.00%) 1 scenario, 10000 max VUs, 15s max duration (incl. graceful stop):
              * default: 1000.00 iterations/s for 15s (maxVUs: 1000-10000)


running (01.0s), 00007/01000 VUs, 948 complete and 0 interrupted iterations
default   [   6% ] 00008/01000 VUs  01.0s/15s  1000.00 iters/s

running (02.0s), 00012/01000 VUs, 1944 complete and 0 interrupted iterations
default   [  13% ] 00012/01000 VUs  02.0s/15s  1000.00 iters/s

running (03.0s), 00013/01000 VUs, 2943 complete and 0 interrupted iterations
default   [  20% ] 00012/01000 VUs  03.0s/15s  1000.00 iters/s

running (04.0s), 00011/01000 VUs, 3945 complete and 0 interrupted iterations
default   [  26% ] 00011/01000 VUs  04.0s/15s  1000.00 iters/s

running (05.0s), 00019/01000 VUs, 4937 complete and 0 interrupted iterations
default   [  33% ] 00019/01000 VUs  05.0s/15s  1000.00 iters/s

running (06.0s), 00019/01000 VUs, 5938 complete and 0 interrupted iterations
default   [  40% ] 00019/01000 VUs  06.0s/15s  1000.00 iters/s

running (07.0s), 00021/01000 VUs, 6936 complete and 0 interrupted iterations
default   [  46% ] 00021/01000 VUs  07.0s/15s  1000.00 iters/s

running (08.0s), 00032/01000 VUs, 7925 complete and 0 interrupted iterations
default   [  53% ] 00032/01000 VUs  08.0s/15s  1000.00 iters/s

running (09.0s), 00028/01000 VUs, 8928 complete and 0 interrupted iterations
default   [  60% ] 00028/01000 VUs  09.0s/15s  1000.00 iters/s

running (10.0s), 00019/01000 VUs, 9937 complete and 0 interrupted iterations
default   [  66% ] 00019/01000 VUs  10.0s/15s  1000.00 iters/s

running (11.0s), 00023/01000 VUs, 10934 complete and 0 interrupted iterations
default   [  73% ] 00023/01000 VUs  11.0s/15s  1000.00 iters/s

running (12.0s), 00023/01000 VUs, 11933 complete and 0 interrupted iterations
default   [  80% ] 00023/01000 VUs  12.0s/15s  1000.00 iters/s

running (13.0s), 00023/01000 VUs, 12933 complete and 0 interrupted iterations
default   [  86% ] 00023/01000 VUs  13.0s/15s  1000.00 iters/s

running (14.0s), 00026/01000 VUs, 13931 complete and 0 interrupted iterations
default   [  93% ] 00026/01000 VUs  14.0s/15s  1000.00 iters/s

running (15.0s), 00017/01000 VUs, 14938 complete and 0 interrupted iterations
default   [ 100% ] 00017/01000 VUs  15.0s/15s  1000.00 iters/s


  █ TOTAL RESULTS 

    HTTP
    http_req_duration..............: avg=19.81ms min=5.27ms med=18.25ms max=116.77ms p(90)=30.48ms p(95)=35.07ms
      { expected_response:true }...: avg=19.81ms min=5.27ms med=18.25ms max=116.77ms p(90)=30.48ms p(95)=35.07ms
    http_req_failed................: 0.00%  0 out of 14986
    http_reqs......................: 14986  998.945113/s

    EXECUTION
    iteration_duration.............: avg=19.93ms min=5.55ms med=18.37ms max=116.87ms p(90)=30.61ms p(95)=35.18ms
    iterations.....................: 14986  998.945113/s
    vus............................: 17     min=7          max=32  
    vus_max........................: 1000   min=1000       max=1000

    NETWORK
    data_received..................: 4.8 MB 322 kB/s
    data_sent......................: 4.9 MB 328 kB/s




running (15.0s), 00000/01000 VUs, 14986 complete and 15 interrupted iterations
default ✓ [ 100% ] 00015/01000 VUs  15s  1000.00 iters/s
