
         /\      Grafana   /‾‾/  
    /\  /  \     |\  __   /  /   
   /  \/    \    | |/ /  /   ‾‾\ 
  /          \   |   (  |  (‾)  |
 / __________ \  |_|\_\  \_____/ 

     execution: local
        script: workflow/hotel/k6_open_recommendations_client.js
        output: -

     scenarios: (100.00%) 1 scenario, 10000 max VUs, 45s max duration (incl. graceful stop):
              * default: 65.00 iterations/s for 15s (maxVUs: 65-10000, gracefulStop: 30s)


running (01.0s), 00002/00065 VUs, 63 complete and 0 interrupted iterations
default   [   7% ] 00002/00065 VUs  01.0s/15s  65.00 iters/s

running (02.0s), 00005/00065 VUs, 125 complete and 0 interrupted iterations
default   [  13% ] 00005/00065 VUs  02.0s/15s  65.00 iters/s

running (03.0s), 00006/00065 VUs, 189 complete and 0 interrupted iterations
default   [  20% ] 00006/00065 VUs  03.0s/15s  65.00 iters/s

running (04.0s), 00006/00065 VUs, 254 complete and 0 interrupted iterations
default   [  27% ] 00005/00065 VUs  04.0s/15s  65.00 iters/s

running (05.0s), 00007/00065 VUs, 318 complete and 0 interrupted iterations
default   [  33% ] 00007/00065 VUs  05.0s/15s  65.00 iters/s

running (06.0s), 00006/00065 VUs, 384 complete and 0 interrupted iterations
default   [  40% ] 00006/00065 VUs  06.0s/15s  65.00 iters/s

running (07.0s), 00007/00065 VUs, 448 complete and 0 interrupted iterations
default   [  47% ] 00007/00065 VUs  07.0s/15s  65.00 iters/s

running (08.0s), 00007/00065 VUs, 513 complete and 0 interrupted iterations
default   [  53% ] 00007/00065 VUs  08.0s/15s  65.00 iters/s

running (09.0s), 00008/00065 VUs, 577 complete and 0 interrupted iterations
default   [  60% ] 00008/00065 VUs  09.0s/15s  65.00 iters/s

running (10.0s), 00007/00065 VUs, 643 complete and 0 interrupted iterations
default   [  67% ] 00007/00065 VUs  10.0s/15s  65.00 iters/s

running (11.0s), 00008/00065 VUs, 707 complete and 0 interrupted iterations
default   [  73% ] 00008/00065 VUs  11.0s/15s  65.00 iters/s

running (12.0s), 00009/00065 VUs, 771 complete and 0 interrupted iterations
default   [  80% ] 00009/00065 VUs  12.0s/15s  65.00 iters/s

running (13.0s), 00010/00065 VUs, 835 complete and 0 interrupted iterations
default   [  87% ] 00010/00065 VUs  13.0s/15s  65.00 iters/s

running (14.0s), 00011/00065 VUs, 899 complete and 0 interrupted iterations
default   [  93% ] 00011/00065 VUs  14.0s/15s  65.00 iters/s

running (15.0s), 00012/00065 VUs, 963 complete and 0 interrupted iterations
default   [ 100% ] 00012/00065 VUs  15.0s/15s  65.00 iters/s


  █ TOTAL RESULTS 

    HTTP
    http_req_duration..............: avg=103.65ms min=21.2ms  med=102.61ms max=187.17ms p(90)=162.77ms p(95)=169.48ms
      { expected_response:true }...: avg=103.65ms min=21.2ms  med=102.61ms max=187.17ms p(90)=162.77ms p(95)=169.48ms
    http_req_failed................: 0.00%  0 out of 975
    http_reqs......................: 975    64.260814/s

    EXECUTION
    iteration_duration.............: avg=103.8ms  min=21.49ms med=102.76ms max=187.29ms p(90)=162.88ms p(95)=169.57ms
    iterations.....................: 975    64.260814/s
    vus............................: 12     min=2        max=12
    vus_max........................: 65     min=65       max=65

    NETWORK
    data_received..................: 529 kB 35 kB/s
    data_sent......................: 278 kB 18 kB/s




running (15.2s), 00000/00065 VUs, 975 complete and 0 interrupted iterations
default ✓ [ 100% ] 00000/00065 VUs  15s  65.00 iters/s
