2026/04/24 08:02:13 telemetry disabled: AEGEAN_DISABLE_TRACING=1

         /\      Grafana   /‾‾/  
    /\  /  \     |\  __   /  /   
   /  \/    \    | |/ /  /   ‾‾\ 
  /          \   |   (  |  (‾)  |
 / __________ \  |_|\_\  \_____/ 

     execution: local
        script: workflow/social/k6_open_client.js
        output: -

     scenarios: (100.00%) 1 scenario, 10000 max VUs, 45s max duration (incl. graceful stop):
              * default: 30.00 iterations/s for 15s (maxVUs: 0-10000, gracefulStop: 30s)


running (01.0s), 00001/00001 VUs, 28 complete and 0 interrupted iterations
default   [   7% ] 00001/00001 VUs  01.0s/15s  30.00 iters/s

running (02.0s), 00001/00001 VUs, 58 complete and 0 interrupted iterations
default   [  13% ] 00001/00001 VUs  02.0s/15s  30.00 iters/s

running (03.0s), 00001/00001 VUs, 88 complete and 0 interrupted iterations
default   [  20% ] 00001/00001 VUs  03.0s/15s  30.00 iters/s

running (04.0s), 00001/00002 VUs, 116 complete and 0 interrupted iterations
default   [  27% ] 00001/00002 VUs  04.0s/15s  30.00 iters/s

running (05.0s), 00001/00003 VUs, 145 complete and 0 interrupted iterations
default   [  33% ] 00001/00003 VUs  05.0s/15s  30.00 iters/s

running (06.0s), 00001/00003 VUs, 175 complete and 0 interrupted iterations
default   [  40% ] 00001/00003 VUs  06.0s/15s  30.00 iters/s

running (07.0s), 00001/00003 VUs, 205 complete and 0 interrupted iterations
default   [  47% ] 00001/00003 VUs  07.0s/15s  30.00 iters/s

running (08.0s), 00001/00003 VUs, 235 complete and 0 interrupted iterations
default   [  53% ] 00001/00003 VUs  08.0s/15s  30.00 iters/s

running (09.0s), 00001/00003 VUs, 265 complete and 0 interrupted iterations
default   [  60% ] 00001/00003 VUs  09.0s/15s  30.00 iters/s

running (10.0s), 00000/00003 VUs, 295 complete and 0 interrupted iterations
default   [  67% ] 00001/00003 VUs  10.0s/15s  30.00 iters/s

running (11.0s), 00001/00003 VUs, 325 complete and 0 interrupted iterations
default   [  73% ] 00001/00003 VUs  11.0s/15s  30.00 iters/s

running (12.0s), 00001/00003 VUs, 355 complete and 0 interrupted iterations
default   [  80% ] 00001/00003 VUs  12.0s/15s  30.00 iters/s

running (13.0s), 00001/00003 VUs, 385 complete and 0 interrupted iterations
default   [  87% ] 00001/00003 VUs  13.0s/15s  30.00 iters/s

running (14.0s), 00001/00003 VUs, 415 complete and 0 interrupted iterations
default   [  93% ] 00001/00003 VUs  14.0s/15s  30.00 iters/s

running (15.0s), 00001/00003 VUs, 445 complete and 0 interrupted iterations
default ↓ [ 100% ] 00001/00003 VUs  15s  30.00 iters/s


  █ TOTAL RESULTS 

    HTTP
    http_req_duration..............: avg=3.3ms  min=636.95µs med=2.87ms max=26.11ms p(90)=4.58ms p(95)=6.35ms
      { expected_response:true }...: avg=3.3ms  min=636.95µs med=2.87ms max=26.11ms p(90)=4.58ms p(95)=6.35ms
    http_req_failed................: 0.00%  0 out of 446
    http_reqs......................: 446    29.728106/s

    EXECUTION
    dropped_iterations.............: 5      0.333275/s
    iteration_duration.............: avg=4.04ms min=739.75µs med=3.31ms max=78.55ms p(90)=5.38ms p(95)=7.64ms
    iterations.....................: 446    29.728106/s
    vus............................: 1      min=0        max=1
    vus_max........................: 3      min=1        max=3

    NETWORK
    data_received..................: 103 kB 6.8 kB/s
    data_sent......................: 147 kB 9.8 kB/s




running (15.0s), 00000/00003 VUs, 446 complete and 0 interrupted iterations
default ✓ [ 100% ] 00000/00003 VUs  15s  30.00 iters/s
