2026/04/24 08:12:10 telemetry disabled: AEGEAN_DISABLE_TRACING=1

         /\      Grafana   /‾‾/  
    /\  /  \     |\  __   /  /   
   /  \/    \    | |/ /  /   ‾‾\ 
  /          \   |   (  |  (‾)  |
 / __________ \  |_|\_\  \_____/ 

     execution: local
        script: workflow/social/k6_open_read_user_timeline.js
        output: -

     scenarios: (100.00%) 1 scenario, 10000 max VUs, 45s max duration (incl. graceful stop):
              * default: 30.00 iterations/s for 15s (maxVUs: 0-10000, gracefulStop: 30s)


running (01.0s), 00001/00002 VUs, 26 complete and 0 interrupted iterations
default   [   7% ] 00002/00002 VUs  01.0s/15s  30.00 iters/s

running (02.0s), 00002/00003 VUs, 55 complete and 0 interrupted iterations
default   [  13% ] 00002/00003 VUs  02.0s/15s  30.00 iters/s

running (03.0s), 00002/00003 VUs, 85 complete and 0 interrupted iterations
default   [  20% ] 00002/00003 VUs  03.0s/15s  30.00 iters/s

running (04.0s), 00001/00003 VUs, 115 complete and 0 interrupted iterations
default   [  27% ] 00001/00003 VUs  04.0s/15s  30.00 iters/s

running (05.0s), 00002/00003 VUs, 145 complete and 0 interrupted iterations
default   [  33% ] 00002/00003 VUs  05.0s/15s  30.00 iters/s

running (06.0s), 00002/00003 VUs, 175 complete and 0 interrupted iterations
default   [  40% ] 00002/00003 VUs  06.0s/15s  30.00 iters/s

running (07.0s), 00002/00003 VUs, 205 complete and 0 interrupted iterations
default   [  47% ] 00002/00003 VUs  07.0s/15s  30.00 iters/s

running (08.0s), 00002/00003 VUs, 235 complete and 0 interrupted iterations
default   [  53% ] 00002/00003 VUs  08.0s/15s  30.00 iters/s

running (09.0s), 00001/00003 VUs, 265 complete and 0 interrupted iterations
default   [  60% ] 00001/00003 VUs  09.0s/15s  30.00 iters/s

running (10.0s), 00002/00004 VUs, 294 complete and 0 interrupted iterations
default   [  67% ] 00002/00004 VUs  10.0s/15s  30.00 iters/s

running (11.0s), 00001/00004 VUs, 324 complete and 0 interrupted iterations
default   [  73% ] 00001/00004 VUs  11.0s/15s  30.00 iters/s

running (12.0s), 00001/00004 VUs, 354 complete and 0 interrupted iterations
default   [  80% ] 00001/00004 VUs  12.0s/15s  30.00 iters/s

running (13.0s), 00001/00004 VUs, 384 complete and 0 interrupted iterations
default   [  87% ] 00002/00004 VUs  13.0s/15s  30.00 iters/s

running (14.0s), 00001/00004 VUs, 414 complete and 0 interrupted iterations
default   [  93% ] 00001/00004 VUs  14.0s/15s  30.00 iters/s

running (15.0s), 00002/00004 VUs, 444 complete and 0 interrupted iterations
default   [ 100% ] 00002/00004 VUs  15s  30.00 iters/s


  █ TOTAL RESULTS 

    HTTP
    http_req_duration..............: avg=44.72ms min=11.53ms med=44.39ms max=120.74ms p(90)=65.06ms p(95)=67.55ms
      { expected_response:true }...: avg=44.72ms min=11.53ms med=44.39ms max=120.74ms p(90)=65.06ms p(95)=67.55ms
    http_req_failed................: 0.00%  0 out of 446
    http_reqs......................: 446    29.609565/s

    EXECUTION
    dropped_iterations.............: 5      0.331946/s
    iteration_duration.............: avg=45.16ms min=11.64ms med=44.81ms max=120.87ms p(90)=65.81ms p(95)=68.05ms
    iterations.....................: 446    29.609565/s
    vus............................: 1      min=1        max=2
    vus_max........................: 4      min=2        max=4

    NETWORK
    data_received..................: 554 kB 37 kB/s
    data_sent......................: 101 kB 6.7 kB/s




running (15.1s), 00000/00004 VUs, 446 complete and 0 interrupted iterations
default ✓ [ 100% ] 00000/00004 VUs  15s  30.00 iters/s
