2026/04/30 20:11:34 telemetry disabled: AEGEAN_DISABLE_TRACING=1

         /\      Grafana   /‾‾/  
    /\  /  \     |\  __   /  /   
   /  \/    \    | |/ /  /   ‾‾\ 
  /          \   |   (  |  (‾)  |
 / __________ \  |_|\_\  \_____/ 

     execution: local
        script: workflow/aegean/k6_open_client.js
        output: -

     scenarios: (100.00%) 1 scenario, 10000 max VUs, 45s max duration (incl. graceful stop):
              * default: 400.00 iterations/s for 15s (maxVUs: 0-10000, gracefulStop: 30s)


running (01.0s), 00087/00098 VUs, 214 complete and 0 interrupted iterations
default   [   7% ] 00087/00098 VUs  01.0s/15s  400.00 iters/s

running (02.0s), 00181/00182 VUs, 433 complete and 0 interrupted iterations
default   [  13% ] 00181/00182 VUs  02.0s/15s  400.00 iters/s

running (03.0s), 00241/00255 VUs, 699 complete and 0 interrupted iterations
default   [  20% ] 00241/00255 VUs  03.0s/15s  400.00 iters/s

running (04.0s), 00314/00319 VUs, 960 complete and 0 interrupted iterations
default   [  27% ] 00315/00319 VUs  04.0s/15s  400.00 iters/s

running (05.0s), 00392/00396 VUs, 1204 complete and 0 interrupted iterations
default   [  33% ] 00392/00396 VUs  05.0s/15s  400.00 iters/s

running (06.0s), 00479/00479 VUs, 1433 complete and 0 interrupted iterations
default   [  40% ] 00479/00479 VUs  06.0s/15s  400.00 iters/s

running (07.0s), 00537/00561 VUs, 1692 complete and 0 interrupted iterations
default   [  47% ] 00537/00561 VUs  07.0s/15s  400.00 iters/s

running (08.0s), 00624/00630 VUs, 1936 complete and 0 interrupted iterations
default   [  53% ] 00624/00630 VUs  08.0s/15s  400.00 iters/s

running (09.0s), 00702/00716 VUs, 2171 complete and 0 interrupted iterations
default   [  60% ] 00702/00716 VUs  09.0s/15s  400.00 iters/s

running (10.0s), 00792/00792 VUs, 2404 complete and 0 interrupted iterations
default   [  67% ] 00792/00792 VUs  10.0s/15s  400.00 iters/s

running (11.0s), 00874/00875 VUs, 2637 complete and 0 interrupted iterations
default   [  73% ] 00874/00875 VUs  11.0s/15s  400.00 iters/s

running (12.0s), 00946/00961 VUs, 2875 complete and 0 interrupted iterations
default   [  80% ] 00947/00961 VUs  12.0s/15s  400.00 iters/s

running (13.0s), 01024/01040 VUs, 3118 complete and 0 interrupted iterations
default   [  87% ] 01024/01040 VUs  13.0s/15s  400.00 iters/s

running (14.0s), 01112/01114 VUs, 3355 complete and 0 interrupted iterations
default   [  93% ] 01112/01114 VUs  14.0s/15s  400.00 iters/s

running (15.0s), 01181/01193 VUs, 3604 complete and 0 interrupted iterations
default   [ 100% ] 01181/01193 VUs  15s  400.00 iters/s

running (16.0s), 00946/01193 VUs, 3839 complete and 0 interrupted iterations
default ↓ [ 100% ] 01181/01193 VUs  15s  400.00 iters/s

running (17.0s), 00710/01193 VUs, 4075 complete and 0 interrupted iterations
default ↓ [ 100% ] 01181/01193 VUs  15s  400.00 iters/s

running (18.0s), 00468/01193 VUs, 4317 complete and 0 interrupted iterations
default ↓ [ 100% ] 01181/01193 VUs  15s  400.00 iters/s

running (19.0s), 00219/01193 VUs, 4566 complete and 0 interrupted iterations
default ↓ [ 100% ] 01181/01193 VUs  15s  400.00 iters/s


  █ TOTAL RESULTS 

    HTTP
    http_req_duration..............: avg=2.47s min=54.34ms med=2.43s max=4.87s p(90)=4.45s p(95)=4.64s
      { expected_response:true }...: avg=2.47s min=54.34ms med=2.43s max=4.87s p(90)=4.45s p(95)=4.64s
    http_req_failed................: 0.00%  0 out of 4785
    http_reqs......................: 4785   241.262849/s

    EXECUTION
    dropped_iterations.............: 1216   61.31152/s
    iteration_duration.............: avg=2.47s min=54.64ms med=2.43s max=4.87s p(90)=4.44s p(95)=4.64s
    iterations.....................: 4785   241.262849/s
    vus............................: 219    min=86        max=1181
    vus_max........................: 1193   min=98        max=1193

    NETWORK
    data_received..................: 1.4 MB 72 kB/s
    data_sent......................: 1.8 MB 90 kB/s




running (19.8s), 00000/01193 VUs, 4785 complete and 0 interrupted iterations
default ✓ [ 100% ] 00000/01193 VUs  15s  400.00 iters/s
