2026/04/24 07:02:11 telemetry disabled: AEGEAN_DISABLE_TRACING=1

         /\      Grafana   /‾‾/  
    /\  /  \     |\  __   /  /   
   /  \/    \    | |/ /  /   ‾‾\ 
  /          \   |   (  |  (‾)  |
 / __________ \  |_|\_\  \_____/ 

     execution: local
        script: workflow/hotel/k6_open_recommendations_client.js
        output: -

     scenarios: (100.00%) 1 scenario, 10000 max VUs, 45s max duration (incl. graceful stop):
              * default: 100.00 iterations/s for 15s (maxVUs: 0-10000, gracefulStop: 30s)


running (01.0s), 00004/00007 VUs, 89 complete and 0 interrupted iterations
default   [   7% ] 00004/00007 VUs  01.0s/15s  100.00 iters/s

running (02.0s), 00003/00007 VUs, 189 complete and 0 interrupted iterations
default   [  13% ] 00003/00007 VUs  02.0s/15s  100.00 iters/s

running (03.0s), 00006/00007 VUs, 287 complete and 0 interrupted iterations
default   [  20% ] 00006/00007 VUs  03.0s/15s  100.00 iters/s

running (04.0s), 00003/00007 VUs, 389 complete and 0 interrupted iterations
default   [  27% ] 00003/00007 VUs  04.0s/15s  100.00 iters/s

running (05.0s), 00004/00007 VUs, 489 complete and 0 interrupted iterations
default   [  33% ] 00004/00007 VUs  05.0s/15s  100.00 iters/s

running (06.0s), 00009/00011 VUs, 577 complete and 0 interrupted iterations
default   [  40% ] 00009/00011 VUs  06.0s/15s  100.00 iters/s

running (07.0s), 00003/00011 VUs, 683 complete and 0 interrupted iterations
default   [  47% ] 00003/00011 VUs  07.0s/15s  100.00 iters/s

running (08.0s), 00005/00011 VUs, 782 complete and 0 interrupted iterations
default   [  53% ] 00005/00011 VUs  08.0s/15s  100.00 iters/s

running (09.0s), 00002/00011 VUs, 884 complete and 0 interrupted iterations
default   [  60% ] 00002/00011 VUs  09.0s/15s  100.00 iters/s

running (10.0s), 00003/00011 VUs, 984 complete and 0 interrupted iterations
default   [  67% ] 00003/00011 VUs  10.0s/15s  100.00 iters/s

running (11.0s), 00004/00011 VUs, 1082 complete and 0 interrupted iterations
default   [  73% ] 00004/00011 VUs  11.0s/15s  100.00 iters/s

running (12.0s), 00003/00011 VUs, 1183 complete and 0 interrupted iterations
default   [  80% ] 00004/00011 VUs  12.0s/15s  100.00 iters/s

running (13.0s), 00004/00011 VUs, 1282 complete and 0 interrupted iterations
default   [  87% ] 00004/00011 VUs  13.0s/15s  100.00 iters/s

running (14.0s), 00004/00011 VUs, 1383 complete and 0 interrupted iterations
default   [  93% ] 00004/00011 VUs  14.0s/15s  100.00 iters/s

running (15.0s), 00003/00011 VUs, 1484 complete and 0 interrupted iterations
default ↓ [ 100% ] 00003/00011 VUs  15s  100.00 iters/s


  █ TOTAL RESULTS 

    HTTP
    http_req_duration..............: avg=36.6ms  min=14.88ms med=35.93ms max=131.37ms p(90)=48.79ms p(95)=51.32ms
      { expected_response:true }...: avg=36.6ms  min=14.88ms med=35.93ms max=131.37ms p(90)=48.79ms p(95)=51.32ms
    http_req_failed................: 0.00%  0 out of 1487
    http_reqs......................: 1487   98.9763/s

    EXECUTION
    dropped_iterations.............: 14     0.931855/s
    iteration_duration.............: avg=36.76ms min=15.04ms med=36.1ms  max=131.46ms p(90)=48.94ms p(95)=51.64ms
    iterations.....................: 1487   98.9763/s
    vus............................: 2      min=2         max=9 
    vus_max........................: 11     min=7         max=11

    NETWORK
    data_received..................: 941 kB 63 kB/s
    data_sent......................: 424 kB 28 kB/s




running (15.0s), 00000/00011 VUs, 1487 complete and 0 interrupted iterations
default ✓ [ 100% ] 00000/00011 VUs  15s  100.00 iters/s
