2026/03/27 12:19:24 telemetry disabled: AEGEAN_DISABLE_TRACING=1

         /\      Grafana   /‾‾/  
    /\  /  \     |\  __   /  /   
   /  \/    \    | |/ /  /   ‾‾\ 
  /          \   |   (  |  (‾)  |
 / __________ \  |_|\_\  \_____/ 

     execution: local
        script: workflow/aegean/k6_closed_client.js
        output: -

     scenarios: (100.00%) 1 scenario, 10 max VUs, 45s max duration (incl. graceful stop):
              * default: 10 looping VUs for 15s (gracefulStop: 30s)


running (01.0s), 10/10 VUs, 70 complete and 0 interrupted iterations
default   [   7% ] 10 VUs  01.0s/15s

running (02.0s), 10/10 VUs, 150 complete and 0 interrupted iterations
default   [  13% ] 10 VUs  02.0s/15s

running (03.0s), 10/10 VUs, 220 complete and 0 interrupted iterations
default   [  20% ] 10 VUs  03.0s/15s

running (04.0s), 10/10 VUs, 300 complete and 0 interrupted iterations
default   [  27% ] 10 VUs  04.0s/15s

running (05.0s), 10/10 VUs, 370 complete and 0 interrupted iterations
default   [  33% ] 10 VUs  05.0s/15s

running (06.0s), 10/10 VUs, 450 complete and 0 interrupted iterations
default   [  40% ] 10 VUs  06.0s/15s

running (07.0s), 10/10 VUs, 530 complete and 0 interrupted iterations
default   [  47% ] 10 VUs  07.0s/15s

running (08.0s), 10/10 VUs, 610 complete and 0 interrupted iterations
default   [  53% ] 10 VUs  08.0s/15s

running (09.0s), 10/10 VUs, 690 complete and 0 interrupted iterations
default   [  60% ] 10 VUs  09.0s/15s

running (10.0s), 10/10 VUs, 760 complete and 0 interrupted iterations
default   [  67% ] 10 VUs  10.0s/15s

running (11.0s), 10/10 VUs, 840 complete and 0 interrupted iterations
default   [  73% ] 10 VUs  11.0s/15s

running (12.0s), 10/10 VUs, 910 complete and 0 interrupted iterations
default   [  80% ] 10 VUs  12.0s/15s

running (13.0s), 10/10 VUs, 990 complete and 0 interrupted iterations
default   [  87% ] 10 VUs  13.0s/15s

running (14.0s), 10/10 VUs, 1060 complete and 0 interrupted iterations
default   [  93% ] 10 VUs  14.0s/15s

running (15.0s), 10/10 VUs, 1140 complete and 0 interrupted iterations
default   [ 100% ] 10 VUs  15.0s/15s


  █ TOTAL RESULTS 

    HTTP
    http_req_duration..............: avg=130.8ms  min=102.47ms med=130.29ms max=155.13ms p(90)=141.58ms p(95)=143.09ms
      { expected_response:true }...: avg=130.8ms  min=102.47ms med=130.29ms max=155.13ms p(90)=141.58ms p(95)=143.09ms
    http_req_failed................: 0.00%  0 out of 1150
    http_reqs......................: 1150   76.296977/s

    EXECUTION
    iteration_duration.............: avg=131.02ms min=102.6ms  med=130.51ms max=155.21ms p(90)=141.92ms p(95)=143.48ms
    iterations.....................: 1150   76.296977/s
    vus............................: 10     min=10        max=10
    vus_max........................: 10     min=10        max=10

    NETWORK
    data_received..................: 341 kB 23 kB/s
    data_sent......................: 428 kB 28 kB/s




running (15.1s), 00/10 VUs, 1150 complete and 0 interrupted iterations
default ✓ [ 100% ] 10 VUs  15s
