
         /\      Grafana   /‾‾/  
    /\  /  \     |\  __   /  /   
   /  \/    \    | |/ /  /   ‾‾\ 
  /          \   |   (  |  (‾)  |
 / __________ \  |_|\_\  \_____/ 

     execution: local
        script: workflow/aegean/k6_open_client.js
        output: -

     scenarios: (100.00%) 1 scenario, 10000 max VUs, 45s max duration (incl. graceful stop):
              * default: 100.00 iterations/s for 15s (maxVUs: 0-10000, gracefulStop: 30s)


running (01.0s), 00034/00034 VUs, 32 complete and 0 interrupted iterations
default   [   7% ] 00034/00034 VUs  01.0s/15s  100.00 iters/s

running (02.0s), 00063/00063 VUs, 73 complete and 0 interrupted iterations
default   [  13% ] 00063/00063 VUs  02.0s/15s  100.00 iters/s

running (03.0s), 00094/00094 VUs, 112 complete and 0 interrupted iterations
default   [  20% ] 00094/00094 VUs  03.0s/15s  100.00 iters/s

running (04.0s), 00122/00123 VUs, 155 complete and 0 interrupted iterations
default   [  27% ] 00122/00123 VUs  04.0s/15s  100.00 iters/s

running (05.0s), 00149/00154 VUs, 196 complete and 0 interrupted iterations
default   [  33% ] 00149/00154 VUs  05.0s/15s  100.00 iters/s

running (06.0s), 00183/00184 VUs, 232 complete and 0 interrupted iterations
default   [  40% ] 00183/00184 VUs  06.0s/15s  100.00 iters/s

running (07.0s), 00213/00214 VUs, 273 complete and 0 interrupted iterations
default   [  47% ] 00213/00214 VUs  07.0s/15s  100.00 iters/s

running (08.0s), 00244/00244 VUs, 312 complete and 0 interrupted iterations
default   [  53% ] 00244/00244 VUs  08.0s/15s  100.00 iters/s

running (09.0s), 00274/00274 VUs, 351 complete and 0 interrupted iterations
default   [  60% ] 00274/00274 VUs  09.0s/15s  100.00 iters/s

running (10.0s), 00304/00304 VUs, 392 complete and 0 interrupted iterations
default   [  67% ] 00304/00304 VUs  10.0s/15s  100.00 iters/s

running (11.0s), 00334/00334 VUs, 431 complete and 0 interrupted iterations
default   [  73% ] 00334/00334 VUs  11.0s/15s  100.00 iters/s

running (12.0s), 00365/00365 VUs, 470 complete and 0 interrupted iterations
default   [  80% ] 00365/00365 VUs  12.0s/15s  100.00 iters/s

running (13.0s), 00397/00397 VUs, 506 complete and 0 interrupted iterations
default   [  87% ] 00397/00397 VUs  13.0s/15s  100.00 iters/s

running (14.0s), 00427/00427 VUs, 546 complete and 0 interrupted iterations
default   [  93% ] 00427/00427 VUs  14.0s/15s  100.00 iters/s

running (15.0s), 00456/00458 VUs, 585 complete and 0 interrupted iterations
default ↓ [ 100% ] 00456/00458 VUs  15s  100.00 iters/s

running (16.0s), 00413/00458 VUs, 628 complete and 0 interrupted iterations
default ↓ [ 100% ] 00456/00458 VUs  15s  100.00 iters/s

running (17.0s), 00371/00458 VUs, 670 complete and 0 interrupted iterations
default ↓ [ 100% ] 00456/00458 VUs  15s  100.00 iters/s

running (18.0s), 00327/00458 VUs, 714 complete and 0 interrupted iterations
default ↓ [ 100% ] 00456/00458 VUs  15s  100.00 iters/s

running (19.0s), 00284/00458 VUs, 757 complete and 0 interrupted iterations
default ↓ [ 100% ] 00456/00458 VUs  15s  100.00 iters/s

running (20.0s), 00241/00458 VUs, 800 complete and 0 interrupted iterations
default ↓ [ 100% ] 00456/00458 VUs  15s  100.00 iters/s

running (21.0s), 00198/00458 VUs, 843 complete and 0 interrupted iterations
default ↓ [ 100% ] 00456/00458 VUs  15s  100.00 iters/s

running (22.0s), 00153/00458 VUs, 888 complete and 0 interrupted iterations
default ↓ [ 100% ] 00456/00458 VUs  15s  100.00 iters/s

running (23.0s), 00109/00458 VUs, 932 complete and 0 interrupted iterations
default ↓ [ 100% ] 00456/00458 VUs  15s  100.00 iters/s

running (24.0s), 00066/00458 VUs, 975 complete and 0 interrupted iterations
default ↓ [ 100% ] 00456/00458 VUs  15s  100.00 iters/s

running (25.0s), 00023/00458 VUs, 1018 complete and 0 interrupted iterations
default ↓ [ 100% ] 00456/00458 VUs  15s  100.00 iters/s


  █ TOTAL RESULTS 

    HTTP
    http_req_duration..............: avg=5.6s min=95.29ms med=5.81s max=10.51s p(90)=9.64s p(95)=10.07s
      { expected_response:true }...: avg=5.6s min=95.29ms med=5.81s max=10.51s p(90)=9.64s p(95)=10.07s
    http_req_failed................: 0.00% 0 out of 1041
    http_reqs......................: 1041  40.79858/s

    EXECUTION
    dropped_iterations.............: 459   17.988999/s
    iteration_duration.............: avg=5.6s min=99.07ms med=5.81s max=10.52s p(90)=9.64s p(95)=10.07s
    iterations.....................: 1041  40.79858/s
    vus............................: 23    min=23        max=456
    vus_max........................: 458   min=34        max=458

    NETWORK
    data_received..................: 52 MB 2.0 MB/s
    data_sent......................: 52 MB 2.1 MB/s




running (25.5s), 00000/00458 VUs, 1041 complete and 0 interrupted iterations
default ✓ [ 100% ] 00000/00458 VUs  15s  100.00 iters/s
