2026/04/24 07:49:45 telemetry disabled: AEGEAN_DISABLE_TRACING=1

         /\      Grafana   /‾‾/  
    /\  /  \     |\  __   /  /   
   /  \/    \    | |/ /  /   ‾‾\ 
  /          \   |   (  |  (‾)  |
 / __________ \  |_|\_\  \_____/ 

     execution: local
        script: workflow/req_race/k6_open_client.js
        output: -

     scenarios: (100.00%) 1 scenario, 10000 max VUs, 45s max duration (incl. graceful stop):
              * default: 800.00 iterations/s for 15s (maxVUs: 0-10000, gracefulStop: 30s)


running (01.0s), 00289/00289 VUs, 12 complete and 0 interrupted iterations
default   [   7% ] 00289/00289 VUs  01.0s/15s  800.00 iters/s

running (02.0s), 00585/00586 VUs, 12 complete and 0 interrupted iterations
default   [  13% ] 00586/00586 VUs  02.0s/15s  800.00 iters/s

running (03.0s), 00868/00868 VUs, 12 complete and 0 interrupted iterations
default   [  20% ] 00868/00868 VUs  03.0s/15s  800.00 iters/s

running (04.0s), 01036/01037 VUs, 12 complete and 0 interrupted iterations
default   [  27% ] 01036/01037 VUs  04.0s/15s  800.00 iters/s

running (05.0s), 01328/01329 VUs, 12 complete and 0 interrupted iterations
default   [  33% ] 01329/01329 VUs  05.0s/15s  800.00 iters/s

running (06.0s), 01625/01625 VUs, 12 complete and 0 interrupted iterations
default   [  40% ] 01625/01625 VUs  06.0s/15s  800.00 iters/s

running (07.0s), 01921/01921 VUs, 12 complete and 0 interrupted iterations
default   [  47% ] 01921/01921 VUs  07.0s/15s  800.00 iters/s

running (08.0s), 02219/02219 VUs, 12 complete and 0 interrupted iterations
default   [  53% ] 02219/02219 VUs  08.0s/15s  800.00 iters/s

running (09.0s), 02499/02499 VUs, 12 complete and 0 interrupted iterations
default   [  60% ] 02499/02499 VUs  09.0s/15s  800.00 iters/s

running (10.0s), 02804/02805 VUs, 12 complete and 0 interrupted iterations
default   [  67% ] 02804/02805 VUs  10.0s/15s  800.00 iters/s

running (11.0s), 03111/03112 VUs, 12 complete and 0 interrupted iterations
default   [  73% ] 03111/03112 VUs  11.0s/15s  800.00 iters/s

running (12.0s), 03414/03415 VUs, 12 complete and 0 interrupted iterations
default   [  80% ] 03414/03415 VUs  12.0s/15s  800.00 iters/s

running (13.0s), 03730/03730 VUs, 12 complete and 0 interrupted iterations
default   [  87% ] 03730/03730 VUs  13.0s/15s  800.00 iters/s

running (14.0s), 04036/04037 VUs, 12 complete and 0 interrupted iterations
default   [  93% ] 04036/04037 VUs  14.0s/15s  800.00 iters/s

running (15.0s), 04321/04322 VUs, 12 complete and 0 interrupted iterations
default   [ 100% ] 04321/04322 VUs  15.0s/15s  800.00 iters/s

running (16.0s), 04322/04323 VUs, 12 complete and 0 interrupted iterations
default ↓ [ 100% ] 04322/04323 VUs  15s  800.00 iters/s

running (17.0s), 04322/04323 VUs, 12 complete and 0 interrupted iterations
default ↓ [ 100% ] 04322/04323 VUs  15s  800.00 iters/s

running (18.0s), 04322/04323 VUs, 12 complete and 0 interrupted iterations
default ↓ [ 100% ] 04322/04323 VUs  15s  800.00 iters/s

running (19.0s), 04322/04323 VUs, 12 complete and 0 interrupted iterations
default ↓ [ 100% ] 04322/04323 VUs  15s  800.00 iters/s
2026/04/24 07:50:19 k6 open client request logic timed out after 20s
