
         /\      Grafana   /‾‾/  
    /\  /  \     |\  __   /  /   
   /  \/    \    | |/ /  /   ‾‾\ 
  /          \   |   (  |  (‾)  |
 / __________ \  |_|\_\  \_____/ 

     execution: local
        script: workflow/aegean/k6_open_client.js
        output: -

     scenarios: (100.00%) 1 scenario, 50 max VUs, 45s max duration (incl. graceful stop):
              * default: 200.00 iterations/s for 15s (maxVUs: 50, gracefulStop: 30s)

time="2026-03-23T03:28:32Z" level=warning msg="Insufficient VUs, reached 50 active VUs and cannot initialize more" executor=constant-arrival-rate scenario=default

running (01.0s), 50/50 VUs, 121 complete and 0 interrupted iterations
default   [   7% ] 50/50 VUs  01.0s/15s  200.00 iters/s

running (02.0s), 50/50 VUs, 250 complete and 0 interrupted iterations
default   [  13% ] 50/50 VUs  02.0s/15s  200.00 iters/s

running (03.0s), 50/50 VUs, 404 complete and 0 interrupted iterations
default   [  20% ] 50/50 VUs  03.0s/15s  200.00 iters/s

running (04.0s), 50/50 VUs, 542 complete and 0 interrupted iterations
default   [  27% ] 50/50 VUs  04.0s/15s  200.00 iters/s

running (05.0s), 30/50 VUs, 690 complete and 0 interrupted iterations
default   [  33% ] 30/50 VUs  05.0s/15s  200.00 iters/s

running (06.0s), 50/50 VUs, 827 complete and 0 interrupted iterations
default   [  40% ] 50/50 VUs  06.0s/15s  200.00 iters/s

running (07.0s), 50/50 VUs, 966 complete and 0 interrupted iterations
default   [  47% ] 50/50 VUs  07.0s/15s  200.00 iters/s

running (08.0s), 04/50 VUs, 1134 complete and 0 interrupted iterations
default   [  53% ] 04/50 VUs  08.0s/15s  200.00 iters/s

running (09.0s), 46/50 VUs, 1229 complete and 0 interrupted iterations
default   [  60% ] 46/50 VUs  09.0s/15s  200.00 iters/s

running (10.0s), 50/50 VUs, 1390 complete and 0 interrupted iterations
default   [  67% ] 50/50 VUs  10.0s/15s  200.00 iters/s

running (11.0s), 50/50 VUs, 1528 complete and 0 interrupted iterations
default   [  73% ] 50/50 VUs  11.0s/15s  200.00 iters/s

running (12.0s), 45/50 VUs, 1664 complete and 0 interrupted iterations
default   [  80% ] 45/50 VUs  12.0s/15s  200.00 iters/s

running (13.0s), 50/50 VUs, 1808 complete and 0 interrupted iterations
default   [  87% ] 50/50 VUs  13.0s/15s  200.00 iters/s

running (14.0s), 50/50 VUs, 1969 complete and 0 interrupted iterations
default   [  93% ] 50/50 VUs  14.0s/15s  200.00 iters/s

running (15.0s), 50/50 VUs, 2115 complete and 0 interrupted iterations
default   [ 100% ] 50/50 VUs  15.0s/15s  200.00 iters/s


  █ TOTAL RESULTS 

    HTTP
    http_req_duration..............: avg=242.17ms min=29.84ms med=244.01ms max=496.53ms p(90)=380.08ms p(95)=408.13ms
      { expected_response:true }...: avg=242.17ms min=29.84ms med=244.01ms max=496.53ms p(90)=380.08ms p(95)=408.13ms
    http_req_failed................: 0.00%  0 out of 2165
    http_reqs......................: 2165   143.76471/s

    EXECUTION
    dropped_iterations.............: 836    55.513763/s
    iteration_duration.............: avg=242.29ms min=29.95ms med=244.13ms max=496.71ms p(90)=380.38ms p(95)=408.29ms
    iterations.....................: 2165   143.76471/s
    vus............................: 50     min=3         max=50
    vus_max........................: 50     min=50        max=50

    NETWORK
    data_received..................: 619 kB 41 kB/s
    data_sent......................: 811 kB 54 kB/s




running (15.1s), 00/50 VUs, 2165 complete and 0 interrupted iterations
default ✓ [ 100% ] 00/50 VUs  15s  200.00 iters/s
