
         /\      Grafana   /‾‾/  
    /\  /  \     |\  __   /  /   
   /  \/    \    | |/ /  /   ‾‾\ 
  /          \   |   (  |  (‾)  |
 / __________ \  |_|\_\  \_____/ 

     execution: local
        script: workflow/response/k6_open_client.js
        output: -

     scenarios: (100.00%) 1 scenario, 100000 max VUs, 45s max duration (incl. graceful stop):
              * default: 5500.00 iterations/s for 15s (maxVUs: 5500-100000, gracefulStop: 30s)


running (00.8s), 000409/005500 VUs, 4113 complete and 0 interrupted iterations
default   [   6% ] 000409/005500 VUs  00.8s/15s  5500.00 iters/s

running (01.8s), 000168/005500 VUs, 9886 complete and 0 interrupted iterations
default   [  12% ] 000168/005500 VUs  01.8s/15s  5500.00 iters/s

running (02.8s), 000225/005500 VUs, 15333 complete and 0 interrupted iterations
default   [  19% ] 000225/005500 VUs  02.8s/15s  5500.00 iters/s

running (03.8s), 000037/005500 VUs, 21019 complete and 0 interrupted iterations
default   [  26% ] 000037/005500 VUs  03.8s/15s  5500.00 iters/s

running (04.8s), 000062/005500 VUs, 26494 complete and 0 interrupted iterations
default   [  32% ] 000062/005500 VUs  04.8s/15s  5500.00 iters/s

running (05.8s), 000134/005500 VUs, 31922 complete and 0 interrupted iterations
default   [  39% ] 000134/005500 VUs  05.8s/15s  5500.00 iters/s

running (06.8s), 000065/005500 VUs, 37491 complete and 0 interrupted iterations
default   [  46% ] 000065/005500 VUs  06.8s/15s  5500.00 iters/s

running (07.8s), 000092/005500 VUs, 42964 complete and 0 interrupted iterations
default   [  52% ] 000092/005500 VUs  07.8s/15s  5500.00 iters/s

running (08.8s), 000028/005500 VUs, 48528 complete and 0 interrupted iterations
default   [  59% ] 000027/005500 VUs  08.8s/15s  5500.00 iters/s

running (09.8s), 000075/005500 VUs, 53981 complete and 0 interrupted iterations
default   [  66% ] 000075/005500 VUs  09.8s/15s  5500.00 iters/s

running (10.8s), 000061/005500 VUs, 59491 complete and 0 interrupted iterations
default   [  72% ] 000061/005500 VUs  10.8s/15s  5500.00 iters/s

running (11.8s), 000104/005500 VUs, 64952 complete and 0 interrupted iterations
default   [  79% ] 000104/005500 VUs  11.8s/15s  5500.00 iters/s

running (12.8s), 000035/005500 VUs, 70521 complete and 0 interrupted iterations
default   [  86% ] 000035/005500 VUs  12.8s/15s  5500.00 iters/s

running (13.8s), 000031/005500 VUs, 76025 complete and 0 interrupted iterations
default   [  92% ] 000030/005500 VUs  13.8s/15s  5500.00 iters/s

running (14.8s), 000099/005500 VUs, 81457 complete and 0 interrupted iterations
default   [  99% ] 000099/005500 VUs  14.8s/15s  5500.00 iters/s


  █ TOTAL RESULTS 

    HTTP
    http_req_duration..............: avg=18.74ms min=2.97ms med=11.05ms max=135.65ms p(90)=43.81ms p(95)=69.11ms
      { expected_response:true }...: avg=18.74ms min=2.97ms med=11.05ms max=135.65ms p(90)=43.81ms p(95)=69.11ms
    http_req_failed................: 0.00% 0 out of 82501
    http_reqs......................: 82501 5495.876562/s

    EXECUTION
    iteration_duration.............: avg=19.05ms min=3.06ms med=11.13ms max=135.86ms p(90)=45.47ms p(95)=71.33ms
    iterations.....................: 82501 5495.876562/s
    vus............................: 99    min=28         max=391 
    vus_max........................: 5500  min=5500       max=5500

    NETWORK
    data_received..................: 20 MB 1.3 MB/s
    data_sent......................: 16 MB 1.1 MB/s




running (15.0s), 000000/005500 VUs, 82501 complete and 0 interrupted iterations
default ✓ [ 100% ] 000000/005500 VUs  15s  5500.00 iters/s
