2026/04/24 07:47:33 telemetry disabled: AEGEAN_DISABLE_TRACING=1

         /\      Grafana   /‾‾/  
    /\  /  \     |\  __   /  /   
   /  \/    \    | |/ /  /   ‾‾\ 
  /          \   |   (  |  (‾)  |
 / __________ \  |_|\_\  \_____/ 

     execution: local
        script: workflow/req_race/k6_open_client.js
        output: -

     scenarios: (100.00%) 1 scenario, 10000 max VUs, 45s max duration (incl. graceful stop):
              * default: 1600.00 iterations/s for 15s (maxVUs: 0-10000, gracefulStop: 30s)


running (01.0s), 00463/00463 VUs, 36 complete and 0 interrupted iterations
default   [   7% ] 00463/00463 VUs  01.0s/15s  1600.00 iters/s

running (02.0s), 00934/00934 VUs, 36 complete and 0 interrupted iterations
default   [  13% ] 00934/00934 VUs  02.0s/15s  1600.00 iters/s

running (03.0s), 01367/01368 VUs, 36 complete and 0 interrupted iterations
default   [  20% ] 01368/01368 VUs  03.0s/15s  1600.00 iters/s

running (04.0s), 01848/01849 VUs, 36 complete and 0 interrupted iterations
default   [  27% ] 01848/01849 VUs  04.0s/15s  1600.00 iters/s

running (05.0s), 02301/02302 VUs, 36 complete and 0 interrupted iterations
default   [  33% ] 02302/02302 VUs  05.0s/15s  1600.00 iters/s

running (06.0s), 02789/02790 VUs, 36 complete and 0 interrupted iterations
default   [  40% ] 02789/02790 VUs  06.0s/15s  1600.00 iters/s

running (07.0s), 03216/03217 VUs, 36 complete and 0 interrupted iterations
default   [  47% ] 03216/03217 VUs  07.0s/15s  1600.00 iters/s

running (08.0s), 03643/03644 VUs, 36 complete and 0 interrupted iterations
default   [  53% ] 03643/03644 VUs  08.0s/15s  1600.00 iters/s

running (09.0s), 04033/04033 VUs, 36 complete and 0 interrupted iterations
default   [  60% ] 04033/04033 VUs  09.0s/15s  1600.00 iters/s

running (10.0s), 04515/04515 VUs, 36 complete and 0 interrupted iterations
default   [  67% ] 04515/04515 VUs  10.0s/15s  1600.00 iters/s

running (11.0s), 04944/04945 VUs, 36 complete and 0 interrupted iterations
default   [  73% ] 04944/04945 VUs  11.0s/15s  1600.00 iters/s

running (12.0s), 05403/05403 VUs, 36 complete and 0 interrupted iterations
default   [  80% ] 05403/05403 VUs  12.0s/15s  1600.00 iters/s

running (13.0s), 05834/05834 VUs, 36 complete and 0 interrupted iterations
default   [  87% ] 05834/05834 VUs  13.0s/15s  1600.00 iters/s

running (14.0s), 06254/06255 VUs, 36 complete and 0 interrupted iterations
default   [  93% ] 06254/06255 VUs  14.0s/15s  1600.00 iters/s

running (15.0s), 06425/06425 VUs, 36 complete and 0 interrupted iterations
default   [ 100% ] 06425/06425 VUs  15s  1600.00 iters/s

running (16.0s), 06425/06426 VUs, 36 complete and 0 interrupted iterations
default ↓ [ 100% ] 06425/06426 VUs  15s  1600.00 iters/s

running (17.0s), 06425/06426 VUs, 36 complete and 0 interrupted iterations
default ↓ [ 100% ] 06425/06426 VUs  15s  1600.00 iters/s

running (18.0s), 06425/06426 VUs, 36 complete and 0 interrupted iterations
default ↓ [ 100% ] 06425/06426 VUs  15s  1600.00 iters/s

running (19.0s), 06425/06426 VUs, 36 complete and 0 interrupted iterations
default ↓ [ 100% ] 06425/06426 VUs  15s  1600.00 iters/s
2026/04/24 07:48:08 k6 open client request logic timed out after 20s
