
         /\      Grafana   /‾‾/  
    /\  /  \     |\  __   /  /   
   /  \/    \    | |/ /  /   ‾‾\ 
  /          \   |   (  |  (‾)  |
 / __________ \  |_|\_\  \_____/ 

     execution: local
        script: workflow/aegean/k6_open_client.js
        output: -

     scenarios: (100.00%) 1 scenario, 10000 max VUs, 45s max duration (incl. graceful stop):
              * default: 25.00 iterations/s for 15s (maxVUs: 0-10000, gracefulStop: 30s)


running (01.0s), 00002/00004 VUs, 19 complete and 0 interrupted iterations
default   [   7% ] 00002/00004 VUs  01.0s/15s  25.00 iters/s

running (02.0s), 00002/00004 VUs, 43 complete and 0 interrupted iterations
default   [  13% ] 00002/00004 VUs  02.0s/15s  25.00 iters/s

running (03.0s), 00002/00004 VUs, 68 complete and 0 interrupted iterations
default   [  20% ] 00002/00004 VUs  03.0s/15s  25.00 iters/s

running (04.0s), 00002/00004 VUs, 93 complete and 0 interrupted iterations
default   [  27% ] 00002/00004 VUs  04.0s/15s  25.00 iters/s

running (05.0s), 00002/00004 VUs, 118 complete and 0 interrupted iterations
default   [  33% ] 00002/00004 VUs  05.0s/15s  25.00 iters/s

running (06.0s), 00002/00004 VUs, 143 complete and 0 interrupted iterations
default   [  40% ] 00002/00004 VUs  06.0s/15s  25.00 iters/s

running (07.0s), 00003/00004 VUs, 168 complete and 0 interrupted iterations
default   [  47% ] 00003/00004 VUs  07.0s/15s  25.00 iters/s

running (08.0s), 00002/00004 VUs, 193 complete and 0 interrupted iterations
default   [  53% ] 00002/00004 VUs  08.0s/15s  25.00 iters/s

running (09.0s), 00002/00004 VUs, 219 complete and 0 interrupted iterations
default   [  60% ] 00002/00004 VUs  09.0s/15s  25.00 iters/s

running (10.0s), 00002/00004 VUs, 243 complete and 0 interrupted iterations
default   [  67% ] 00002/00004 VUs  10.0s/15s  25.00 iters/s

running (11.0s), 00003/00004 VUs, 268 complete and 0 interrupted iterations
default   [  73% ] 00003/00004 VUs  11.0s/15s  25.00 iters/s

running (12.0s), 00002/00004 VUs, 293 complete and 0 interrupted iterations
default   [  80% ] 00002/00004 VUs  12.0s/15s  25.00 iters/s

running (13.0s), 00002/00004 VUs, 318 complete and 0 interrupted iterations
default   [  87% ] 00002/00004 VUs  13.0s/15s  25.00 iters/s

running (14.0s), 00003/00004 VUs, 343 complete and 0 interrupted iterations
default   [  93% ] 00003/00004 VUs  14.0s/15s  25.00 iters/s

running (15.0s), 00004/00004 VUs, 367 complete and 0 interrupted iterations
default ↓ [ 100% ] 00004/00004 VUs  15s  25.00 iters/s


  █ TOTAL RESULTS 

    HTTP
    http_req_duration..............: avg=88.39ms min=59.92ms med=80.87ms max=121.12ms p(90)=116.25ms p(95)=119.01ms
      { expected_response:true }...: avg=88.39ms min=59.92ms med=80.87ms max=121.12ms p(90)=116.25ms p(95)=119.01ms
    http_req_failed................: 0.00% 0 out of 371
    http_reqs......................: 371   24.609719/s

    EXECUTION
    dropped_iterations.............: 5     0.331667/s
    iteration_duration.............: avg=91.59ms min=62.21ms med=84.13ms max=124.29ms p(90)=119.57ms p(95)=121.84ms
    iterations.....................: 371   24.609719/s
    vus............................: 4     min=2        max=4
    vus_max........................: 4     min=4        max=4

    NETWORK
    data_received..................: 19 MB 1.2 MB/s
    data_sent......................: 19 MB 1.2 MB/s




running (15.1s), 00000/00004 VUs, 371 complete and 0 interrupted iterations
default ✓ [ 100% ] 00000/00004 VUs  15s  25.00 iters/s
