2026/05/05 06:03:41 telemetry disabled: AEGEAN_DISABLE_TRACING=1

         /\      Grafana   /‾‾/  
    /\  /  \     |\  __   /  /   
   /  \/    \    | |/ /  /   ‾‾\ 
  /          \   |   (  |  (‾)  |
 / __________ \  |_|\_\  \_____/ 

     execution: local
        script: workflow/aegean/k6_open_client.js
        output: -

     scenarios: (100.00%) 1 scenario, 10000 max VUs, 45s max duration (incl. graceful stop):
              * default: 650.00 iterations/s for 15s (maxVUs: 0-10000, gracefulStop: 30s)


running (01.0s), 00136/00137 VUs, 347 complete and 0 interrupted iterations
default   [   7% ] 00136/00137 VUs  01.0s/15s  650.00 iters/s

running (02.0s), 00257/00257 VUs, 735 complete and 0 interrupted iterations
default   [  13% ] 00257/00257 VUs  02.0s/15s  650.00 iters/s

running (03.0s), 00337/00352 VUs, 1186 complete and 0 interrupted iterations
default   [  20% ] 00337/00352 VUs  03.0s/15s  650.00 iters/s

running (04.0s), 00452/00452 VUs, 1603 complete and 0 interrupted iterations
default   [  27% ] 00452/00452 VUs  04.0s/15s  650.00 iters/s

running (05.0s), 00568/00568 VUs, 1989 complete and 0 interrupted iterations
default   [  33% ] 00568/00568 VUs  05.0s/15s  650.00 iters/s

running (06.0s), 00684/00684 VUs, 2377 complete and 0 interrupted iterations
default   [  40% ] 00684/00684 VUs  06.0s/15s  650.00 iters/s

running (07.0s), 00769/00791 VUs, 2809 complete and 0 interrupted iterations
default   [  47% ] 00769/00791 VUs  07.0s/15s  650.00 iters/s

running (08.0s), 00877/00897 VUs, 3216 complete and 0 interrupted iterations
default   [  53% ] 00877/00897 VUs  08.0s/15s  650.00 iters/s

running (09.0s), 00985/00992 VUs, 3636 complete and 0 interrupted iterations
default   [  60% ] 00985/00992 VUs  09.0s/15s  650.00 iters/s

running (10.0s), 01099/01114 VUs, 4024 complete and 0 interrupted iterations
default   [  67% ] 01099/01114 VUs  10.0s/15s  650.00 iters/s

running (11.0s), 01218/01218 VUs, 4423 complete and 0 interrupted iterations
default   [  73% ] 01218/01218 VUs  11.0s/15s  650.00 iters/s

running (12.0s), 01326/01329 VUs, 4821 complete and 0 interrupted iterations
default   [  80% ] 01326/01329 VUs  12.0s/15s  650.00 iters/s

running (13.0s), 01441/01441 VUs, 5222 complete and 0 interrupted iterations
default   [  87% ] 01441/01441 VUs  13.0s/15s  650.00 iters/s

running (14.0s), 01541/01555 VUs, 5634 complete and 0 interrupted iterations
default   [  93% ] 01541/01555 VUs  14.0s/15s  650.00 iters/s

running (15.0s), 01665/01665 VUs, 6022 complete and 0 interrupted iterations
default   [ 100% ] 01665/01665 VUs  15s  650.00 iters/s

running (16.0s), 01251/01665 VUs, 6436 complete and 0 interrupted iterations
default ↓ [ 100% ] 01665/01665 VUs  15s  650.00 iters/s

running (17.0s), 00858/01665 VUs, 6829 complete and 0 interrupted iterations
default ↓ [ 100% ] 01665/01665 VUs  15s  650.00 iters/s

running (18.0s), 00430/01665 VUs, 7257 complete and 0 interrupted iterations
default ↓ [ 100% ] 01665/01665 VUs  15s  650.00 iters/s

running (19.0s), 00036/01665 VUs, 7651 complete and 0 interrupted iterations
default ↓ [ 100% ] 01665/01665 VUs  15s  650.00 iters/s


  █ TOTAL RESULTS 

    HTTP
    http_req_duration..............: avg=2.06s min=39.41ms med=2.05s max=4.12s p(90)=3.66s p(95)=3.89s
      { expected_response:true }...: avg=2.06s min=39.41ms med=2.05s max=4.12s p(90)=3.66s p(95)=3.89s
    http_req_failed................: 0.00%  0 out of 7687
    http_reqs......................: 7687   402.255243/s

    EXECUTION
    dropped_iterations.............: 2063   107.955323/s
    iteration_duration.............: avg=2.06s min=39.68ms med=2.05s max=4.12s p(90)=3.66s p(95)=3.89s
    iterations.....................: 7687   402.255243/s
    vus............................: 36     min=36        max=1665
    vus_max........................: 1665   min=137       max=1665

    NETWORK
    data_received..................: 2.5 MB 132 kB/s
    data_sent......................: 2.9 MB 150 kB/s




running (19.1s), 00000/01665 VUs, 7687 complete and 0 interrupted iterations
default ✓ [ 100% ] 00000/01665 VUs  15s  650.00 iters/s
