2026/04/24 06:42:02 telemetry disabled: AEGEAN_DISABLE_TRACING=1

         /\      Grafana   /‾‾/  
    /\  /  \     |\  __   /  /   
   /  \/    \    | |/ /  /   ‾‾\ 
  /          \   |   (  |  (‾)  |
 / __________ \  |_|\_\  \_____/ 

     execution: local
        script: workflow/aegean/k6_closed_client.js
        output: -

     scenarios: (100.00%) 1 scenario, 500 max VUs, 45s max duration (incl. graceful stop):
              * default: 500 looping VUs for 15s (gracefulStop: 30s)


running (01.0s), 500/500 VUs, 98 complete and 0 interrupted iterations
default   [   6% ] 500 VUs  01.0s/15s

running (02.0s), 500/500 VUs, 258 complete and 0 interrupted iterations
default   [  13% ] 500 VUs  02.0s/15s

running (03.0s), 500/500 VUs, 418 complete and 0 interrupted iterations
default   [  20% ] 500 VUs  03.0s/15s

running (04.0s), 500/500 VUs, 558 complete and 0 interrupted iterations
default   [  26% ] 500 VUs  04.0s/15s

running (05.0s), 500/500 VUs, 718 complete and 0 interrupted iterations
default   [  33% ] 500 VUs  05.0s/15s

running (06.0s), 500/500 VUs, 878 complete and 0 interrupted iterations
default   [  40% ] 500 VUs  06.0s/15s

running (07.0s), 500/500 VUs, 1018 complete and 0 interrupted iterations
default   [  46% ] 500 VUs  07.0s/15s

running (08.0s), 500/500 VUs, 1178 complete and 0 interrupted iterations
default   [  53% ] 500 VUs  08.0s/15s

running (09.0s), 500/500 VUs, 1338 complete and 0 interrupted iterations
default   [  60% ] 500 VUs  09.0s/15s

running (10.0s), 500/500 VUs, 1498 complete and 0 interrupted iterations
default   [  66% ] 500 VUs  10.0s/15s

running (11.0s), 500/500 VUs, 1638 complete and 0 interrupted iterations
default   [  73% ] 500 VUs  11.0s/15s

running (12.0s), 500/500 VUs, 1798 complete and 0 interrupted iterations
default   [  80% ] 500 VUs  12.0s/15s

running (13.0s), 500/500 VUs, 1918 complete and 0 interrupted iterations
default   [  86% ] 500 VUs  13.0s/15s

running (14.0s), 500/500 VUs, 2098 complete and 0 interrupted iterations
default   [  93% ] 500 VUs  14.0s/15s

running (15.0s), 500/500 VUs, 2227 complete and 0 interrupted iterations
default   [ 100% ] 500 VUs  15.0s/15s

running (16.0s), 380/500 VUs, 2378 complete and 0 interrupted iterations
default ↓ [ 100% ] 500 VUs  15s

running (17.0s), 240/500 VUs, 2518 complete and 0 interrupted iterations
default ↓ [ 100% ] 500 VUs  15s

running (18.0s), 080/500 VUs, 2678 complete and 0 interrupted iterations
default ↓ [ 100% ] 500 VUs  15s


  █ TOTAL RESULTS 

    HTTP
    http_req_duration..............: avg=3.02s min=103.81ms med=3.28s max=3.36s p(90)=3.32s p(95)=3.34s
      { expected_response:true }...: avg=3.02s min=103.81ms med=3.28s max=3.36s p(90)=3.32s p(95)=3.34s
    http_req_failed................: 0.00%  0 out of 2758
    http_reqs......................: 2758   150.564017/s

    EXECUTION
    iteration_duration.............: avg=3.02s min=143.57ms med=3.28s max=3.36s p(90)=3.32s p(95)=3.34s
    iterations.....................: 2758   150.564017/s
    vus............................: 80     min=80        max=500
    vus_max........................: 500    min=500       max=500

    NETWORK
    data_received..................: 820 kB 45 kB/s
    data_sent......................: 1.0 MB 56 kB/s




running (18.3s), 000/500 VUs, 2758 complete and 0 interrupted iterations
default ✓ [ 100% ] 500 VUs  15s
