2026/04/24 08:09:12 telemetry disabled: AEGEAN_DISABLE_TRACING=1

         /\      Grafana   /‾‾/  
    /\  /  \     |\  __   /  /   
   /  \/    \    | |/ /  /   ‾‾\ 
  /          \   |   (  |  (‾)  |
 / __________ \  |_|\_\  \_____/ 

     execution: local
        script: workflow/social/k6_open_read_home_timeline.js
        output: -

     scenarios: (100.00%) 1 scenario, 10000 max VUs, 45s max duration (incl. graceful stop):
              * default: 200.00 iterations/s for 15s (maxVUs: 0-10000, gracefulStop: 30s)


running (01.0s), 00001/00002 VUs, 197 complete and 0 interrupted iterations
default   [   7% ] 00001/00002 VUs  01.0s/15s  200.00 iters/s

running (02.0s), 00001/00002 VUs, 397 complete and 0 interrupted iterations
default   [  13% ] 00001/00002 VUs  02.0s/15s  200.00 iters/s

running (03.0s), 00000/00002 VUs, 597 complete and 0 interrupted iterations
default   [  20% ] 00000/00002 VUs  03.0s/15s  200.00 iters/s

running (04.0s), 00001/00002 VUs, 797 complete and 0 interrupted iterations
default   [  27% ] 00001/00002 VUs  04.0s/15s  200.00 iters/s

running (05.0s), 00002/00002 VUs, 994 complete and 0 interrupted iterations
default   [  33% ] 00002/00002 VUs  05.0s/15s  200.00 iters/s

running (06.0s), 00001/00003 VUs, 1195 complete and 0 interrupted iterations
default   [  40% ] 00001/00003 VUs  06.0s/15s  200.00 iters/s

running (07.0s), 00000/00004 VUs, 1393 complete and 0 interrupted iterations
default   [  47% ] 00000/00004 VUs  07.0s/15s  200.00 iters/s

running (08.0s), 00001/00004 VUs, 1593 complete and 0 interrupted iterations
default   [  53% ] 00001/00004 VUs  08.0s/15s  200.00 iters/s

running (09.0s), 00001/00004 VUs, 1793 complete and 0 interrupted iterations
default   [  60% ] 00001/00004 VUs  09.0s/15s  200.00 iters/s

running (10.0s), 00001/00004 VUs, 1992 complete and 0 interrupted iterations
default   [  67% ] 00001/00004 VUs  10.0s/15s  200.00 iters/s

running (11.0s), 00001/00004 VUs, 2193 complete and 0 interrupted iterations
default   [  73% ] 00001/00004 VUs  11.0s/15s  200.00 iters/s

running (12.0s), 00000/00004 VUs, 2393 complete and 0 interrupted iterations
default   [  80% ] 00001/00004 VUs  12.0s/15s  200.00 iters/s

running (13.0s), 00000/00004 VUs, 2593 complete and 0 interrupted iterations
default   [  87% ] 00000/00004 VUs  13.0s/15s  200.00 iters/s

running (14.0s), 00000/00004 VUs, 2793 complete and 0 interrupted iterations
default   [  93% ] 00001/00004 VUs  14.0s/15s  200.00 iters/s

running (15.0s), 00001/00004 VUs, 2993 complete and 0 interrupted iterations
default ↓ [ 100% ] 00001/00004 VUs  15s  200.00 iters/s


  █ TOTAL RESULTS 

    HTTP
    http_req_duration..............: avg=1.63ms min=417.75µs med=1.57ms max=15.66ms p(90)=2.32ms p(95)=2.52ms
      { expected_response:true }...: avg=1.63ms min=417.75µs med=1.57ms max=15.66ms p(90)=2.32ms p(95)=2.52ms
    http_req_failed................: 0.00%  0 out of 2994
    http_reqs......................: 2994   199.537536/s

    EXECUTION
    dropped_iterations.............: 7      0.466521/s
    iteration_duration.............: avg=1.83ms min=453.75µs med=1.76ms max=15.86ms p(90)=2.59ms p(95)=2.82ms
    iterations.....................: 2994   199.537536/s
    vus............................: 0      min=0         max=1
    vus_max........................: 4      min=2         max=4

    NETWORK
    data_received..................: 3.8 MB 254 kB/s
    data_sent......................: 675 kB 45 kB/s




running (15.0s), 00000/00004 VUs, 2994 complete and 0 interrupted iterations
default ✓ [ 100% ] 00000/00004 VUs  15s  200.00 iters/s
