2026/04/24 07:07:20 telemetry disabled: AEGEAN_DISABLE_TRACING=1

         /\      Grafana   /‾‾/  
    /\  /  \     |\  __   /  /   
   /  \/    \    | |/ /  /   ‾‾\ 
  /          \   |   (  |  (‾)  |
 / __________ \  |_|\_\  \_____/ 

     execution: local
        script: workflow/hotel/k6_open_recommendations_client.js
        output: -

     scenarios: (100.00%) 1 scenario, 10000 max VUs, 45s max duration (incl. graceful stop):
              * default: 200.00 iterations/s for 15s (maxVUs: 0-10000, gracefulStop: 30s)


running (01.0s), 00008/00014 VUs, 178 complete and 0 interrupted iterations
default   [   7% ] 00008/00014 VUs  01.0s/15s  200.00 iters/s

running (02.0s), 00008/00014 VUs, 377 complete and 0 interrupted iterations
default   [  13% ] 00008/00014 VUs  02.0s/15s  200.00 iters/s

running (03.0s), 00008/00014 VUs, 577 complete and 0 interrupted iterations
default   [  20% ] 00008/00014 VUs  03.0s/15s  200.00 iters/s

running (04.0s), 00006/00014 VUs, 780 complete and 0 interrupted iterations
default   [  27% ] 00006/00014 VUs  04.0s/15s  200.00 iters/s

running (05.0s), 00005/00014 VUs, 980 complete and 0 interrupted iterations
default   [  33% ] 00005/00014 VUs  05.0s/15s  200.00 iters/s

running (06.0s), 00006/00014 VUs, 1179 complete and 0 interrupted iterations
default   [  40% ] 00007/00014 VUs  06.0s/15s  200.00 iters/s

running (07.0s), 00007/00014 VUs, 1379 complete and 0 interrupted iterations
default   [  47% ] 00007/00014 VUs  07.0s/15s  200.00 iters/s

running (08.0s), 00008/00016 VUs, 1571 complete and 0 interrupted iterations
default   [  53% ] 00008/00016 VUs  08.0s/15s  200.00 iters/s

running (09.0s), 00006/00016 VUs, 1773 complete and 0 interrupted iterations
default   [  60% ] 00006/00016 VUs  09.0s/15s  200.00 iters/s

running (10.0s), 00010/00016 VUs, 1969 complete and 0 interrupted iterations
default   [  67% ] 00010/00016 VUs  10.0s/15s  200.00 iters/s

running (11.0s), 00006/00016 VUs, 2173 complete and 0 interrupted iterations
default   [  73% ] 00006/00016 VUs  11.0s/15s  200.00 iters/s

running (12.0s), 00010/00016 VUs, 2369 complete and 0 interrupted iterations
default   [  80% ] 00010/00016 VUs  12.0s/15s  200.00 iters/s

running (13.0s), 00009/00016 VUs, 2571 complete and 0 interrupted iterations
default   [  87% ] 00009/00016 VUs  13.0s/15s  200.00 iters/s

running (14.0s), 00027/00030 VUs, 2705 complete and 0 interrupted iterations
default   [  93% ] 00026/00030 VUs  14.0s/15s  200.00 iters/s

running (15.0s), 00009/00030 VUs, 2922 complete and 0 interrupted iterations
default ↓ [ 100% ] 00010/00030 VUs  15s  200.00 iters/s


  █ TOTAL RESULTS 

    HTTP
    http_req_duration..............: avg=43.2ms  min=16.82ms med=38.13ms max=320.06ms p(90)=53.71ms p(95)=94.44ms
      { expected_response:true }...: avg=43.2ms  min=16.82ms med=38.13ms max=320.06ms p(90)=53.71ms p(95)=94.44ms
    http_req_failed................: 0.00%  0 out of 2931
    http_reqs......................: 2931   194.918591/s

    EXECUTION
    dropped_iterations.............: 69     4.588667/s
    iteration_duration.............: avg=43.39ms min=16.98ms med=38.19ms max=320.23ms p(90)=53.81ms p(95)=95.37ms
    iterations.....................: 2931   194.918591/s
    vus............................: 10     min=6         max=27
    vus_max........................: 30     min=14        max=30

    NETWORK
    data_received..................: 1.9 MB 124 kB/s
    data_sent......................: 835 kB 56 kB/s




running (15.0s), 00000/00030 VUs, 2931 complete and 0 interrupted iterations
default ✓ [ 100% ] 00000/00030 VUs  15s  200.00 iters/s
