2026/04/24 08:16:37 telemetry disabled: AEGEAN_DISABLE_TRACING=1

         /\      Grafana   /‾‾/  
    /\  /  \     |\  __   /  /   
   /  \/    \    | |/ /  /   ‾‾\ 
  /          \   |   (  |  (‾)  |
 / __________ \  |_|\_\  \_____/ 

     execution: local
        script: workflow/social/k6_open_read_user_timeline.js
        output: -

     scenarios: (100.00%) 1 scenario, 10000 max VUs, 45s max duration (incl. graceful stop):
              * default: 200.00 iterations/s for 15s (maxVUs: 0-10000, gracefulStop: 30s)


running (01.0s), 00000/00003 VUs, 196 complete and 0 interrupted iterations
default   [   7% ] 00000/00003 VUs  01.0s/15s  200.00 iters/s

running (02.0s), 00000/00004 VUs, 395 complete and 0 interrupted iterations
default   [  13% ] 00000/00004 VUs  02.0s/15s  200.00 iters/s

running (03.0s), 00000/00004 VUs, 595 complete and 0 interrupted iterations
default   [  20% ] 00000/00004 VUs  03.0s/15s  200.00 iters/s

running (04.0s), 00001/00004 VUs, 795 complete and 0 interrupted iterations
default   [  27% ] 00001/00004 VUs  04.0s/15s  200.00 iters/s

running (05.0s), 00000/00004 VUs, 995 complete and 0 interrupted iterations
default   [  33% ] 00000/00004 VUs  05.0s/15s  200.00 iters/s

running (06.0s), 00000/00004 VUs, 1195 complete and 0 interrupted iterations
default   [  40% ] 00000/00004 VUs  06.0s/15s  200.00 iters/s

running (07.0s), 00001/00004 VUs, 1395 complete and 0 interrupted iterations
default   [  47% ] 00001/00004 VUs  07.0s/15s  200.00 iters/s

running (08.0s), 00001/00004 VUs, 1595 complete and 0 interrupted iterations
default   [  53% ] 00001/00004 VUs  08.0s/15s  200.00 iters/s

running (09.0s), 00000/00004 VUs, 1795 complete and 0 interrupted iterations
default   [  60% ] 00001/00004 VUs  09.0s/15s  200.00 iters/s

running (10.0s), 00001/00004 VUs, 1995 complete and 0 interrupted iterations
default   [  67% ] 00001/00004 VUs  10.0s/15s  200.00 iters/s

running (11.0s), 00000/00005 VUs, 2194 complete and 0 interrupted iterations
default   [  73% ] 00000/00005 VUs  11.0s/15s  200.00 iters/s

running (12.0s), 00000/00005 VUs, 2394 complete and 0 interrupted iterations
default   [  80% ] 00000/00005 VUs  12.0s/15s  200.00 iters/s

running (13.0s), 00000/00005 VUs, 2594 complete and 0 interrupted iterations
default   [  87% ] 00000/00005 VUs  13.0s/15s  200.00 iters/s

running (14.0s), 00000/00005 VUs, 2794 complete and 0 interrupted iterations
default   [  93% ] 00000/00005 VUs  14.0s/15s  200.00 iters/s

running (15.0s), 00000/00005 VUs, 2994 complete and 0 interrupted iterations
default   [ 100% ] 00000/00005 VUs  15.0s/15s  200.00 iters/s


  █ TOTAL RESULTS 

    HTTP
    http_req_duration..............: avg=1.58ms min=385.58µs med=1.44ms max=22.11ms p(90)=2.26ms p(95)=2.59ms
      { expected_response:true }...: avg=1.58ms min=385.58µs med=1.44ms max=22.11ms p(90)=2.26ms p(95)=2.59ms
    http_req_failed................: 0.00%  0 out of 2995
    http_reqs......................: 2995   199.629858/s

    EXECUTION
    dropped_iterations.............: 6      0.399926/s
    iteration_duration.............: avg=1.78ms min=420.62µs med=1.64ms max=22.34ms p(90)=2.54ms p(95)=2.88ms
    iterations.....................: 2995   199.629858/s
    vus............................: 0      min=0         max=1
    vus_max........................: 5      min=3         max=5

    NETWORK
    data_received..................: 3.8 MB 254 kB/s
    data_sent......................: 676 kB 45 kB/s




running (15.0s), 00000/00005 VUs, 2995 complete and 0 interrupted iterations
default ✓ [ 100% ] 00000/00005 VUs  15s  200.00 iters/s
