2026/04/24 07:12:10 telemetry disabled: AEGEAN_DISABLE_TRACING=1

         /\      Grafana   /‾‾/  
    /\  /  \     |\  __   /  /   
   /  \/    \    | |/ /  /   ‾‾\ 
  /          \   |   (  |  (‾)  |
 / __________ \  |_|\_\  \_____/ 

     execution: local
        script: workflow/hotel/k6_open_recommendations_client.js
        output: -

     scenarios: (100.00%) 1 scenario, 10000 max VUs, 45s max duration (incl. graceful stop):
              * default: 400.00 iterations/s for 15s (maxVUs: 0-10000, gracefulStop: 30s)


running (01.0s), 00001/00004 VUs, 394 complete and 0 interrupted iterations
default   [   7% ] 00001/00004 VUs  01.0s/15s  400.00 iters/s

running (02.0s), 00001/00004 VUs, 794 complete and 0 interrupted iterations
default   [  13% ] 00001/00004 VUs  02.0s/15s  400.00 iters/s

running (03.0s), 00001/00004 VUs, 1194 complete and 0 interrupted iterations
default   [  20% ] 00001/00004 VUs  03.0s/15s  400.00 iters/s

running (04.0s), 00001/00007 VUs, 1583 complete and 0 interrupted iterations
default   [  27% ] 00002/00007 VUs  04.0s/15s  400.00 iters/s

running (05.0s), 00000/00007 VUs, 1984 complete and 0 interrupted iterations
default   [  33% ] 00001/00007 VUs  05.0s/15s  400.00 iters/s

running (06.0s), 00001/00007 VUs, 2384 complete and 0 interrupted iterations
default   [  40% ] 00001/00007 VUs  06.0s/15s  400.00 iters/s

running (07.0s), 00001/00007 VUs, 2784 complete and 0 interrupted iterations
default   [  47% ] 00001/00007 VUs  07.0s/15s  400.00 iters/s

running (08.0s), 00000/00007 VUs, 3184 complete and 0 interrupted iterations
default   [  53% ] 00001/00007 VUs  08.0s/15s  400.00 iters/s

running (09.0s), 00001/00007 VUs, 3584 complete and 0 interrupted iterations
default   [  60% ] 00001/00007 VUs  09.0s/15s  400.00 iters/s

running (10.0s), 00001/00007 VUs, 3984 complete and 0 interrupted iterations
default   [  67% ] 00001/00007 VUs  10.0s/15s  400.00 iters/s

running (11.0s), 00001/00007 VUs, 4384 complete and 0 interrupted iterations
default   [  73% ] 00001/00007 VUs  11.0s/15s  400.00 iters/s

running (12.0s), 00001/00007 VUs, 4784 complete and 0 interrupted iterations
default   [  80% ] 00001/00007 VUs  12.0s/15s  400.00 iters/s

running (13.0s), 00000/00007 VUs, 5184 complete and 0 interrupted iterations
default   [  87% ] 00001/00007 VUs  13.0s/15s  400.00 iters/s

running (14.0s), 00001/00007 VUs, 5584 complete and 0 interrupted iterations
default   [  93% ] 00001/00007 VUs  14.0s/15s  400.00 iters/s

running (15.0s), 00001/00007 VUs, 5984 complete and 0 interrupted iterations
default   [ 100% ] 00001/00007 VUs  15s  400.00 iters/s


  █ TOTAL RESULTS 

    HTTP
    http_req_duration..............: avg=1.15ms min=463.66µs med=1.1ms  max=28.34ms p(90)=1.32ms p(95)=1.47ms
      { expected_response:true }...: avg=1.15ms min=463.66µs med=1.1ms  max=28.34ms p(90)=1.32ms p(95)=1.47ms
    http_req_failed................: 0.00%  0 out of 5985
    http_reqs......................: 5985   398.927446/s

    EXECUTION
    dropped_iterations.............: 16     1.066473/s
    iteration_duration.............: avg=1.23ms min=493.12µs med=1.16ms max=29.44ms p(90)=1.39ms p(95)=1.55ms
    iterations.....................: 5985   398.927446/s
    vus............................: 1      min=0         max=1
    vus_max........................: 7      min=4         max=7

    NETWORK
    data_received..................: 4.0 MB 265 kB/s
    data_sent......................: 1.7 MB 114 kB/s




running (15.0s), 00000/00007 VUs, 5985 complete and 0 interrupted iterations
default ✓ [ 100% ] 00000/00007 VUs  15s  400.00 iters/s
