2026/04/30 17:08:48 telemetry disabled: AEGEAN_DISABLE_TRACING=1

         /\      Grafana   /‾‾/  
    /\  /  \     |\  __   /  /   
   /  \/    \    | |/ /  /   ‾‾\ 
  /          \   |   (  |  (‾)  |
 / __________ \  |_|\_\  \_____/ 

     execution: local
        script: workflow/aegean/k6_open_client.js
        output: -

     scenarios: (100.00%) 1 scenario, 10000 max VUs, 45s max duration (incl. graceful stop):
              * default: 30.00 iterations/s for 15s (maxVUs: 0-10000, gracefulStop: 30s)


running (01.0s), 00003/00003 VUs, 24 complete and 0 interrupted iterations
default   [   7% ] 00003/00003 VUs  01.0s/15s  30.00 iters/s

running (02.0s), 00002/00004 VUs, 54 complete and 0 interrupted iterations
default   [  13% ] 00002/00004 VUs  02.0s/15s  30.00 iters/s

running (03.0s), 00002/00004 VUs, 84 complete and 0 interrupted iterations
default   [  20% ] 00002/00004 VUs  03.0s/15s  30.00 iters/s

running (04.0s), 00002/00004 VUs, 114 complete and 0 interrupted iterations
default   [  27% ] 00002/00004 VUs  04.0s/15s  30.00 iters/s

running (05.0s), 00003/00004 VUs, 143 complete and 0 interrupted iterations
default   [  33% ] 00003/00004 VUs  05.0s/15s  30.00 iters/s

running (06.0s), 00001/00004 VUs, 174 complete and 0 interrupted iterations
default   [  40% ] 00001/00004 VUs  06.0s/15s  30.00 iters/s

running (07.0s), 00002/00004 VUs, 204 complete and 0 interrupted iterations
default   [  47% ] 00002/00004 VUs  07.0s/15s  30.00 iters/s

running (08.0s), 00002/00004 VUs, 234 complete and 0 interrupted iterations
default   [  53% ] 00002/00004 VUs  08.0s/15s  30.00 iters/s

running (09.0s), 00002/00004 VUs, 264 complete and 0 interrupted iterations
default   [  60% ] 00002/00004 VUs  09.0s/15s  30.00 iters/s

running (10.0s), 00002/00004 VUs, 294 complete and 0 interrupted iterations
default   [  67% ] 00002/00004 VUs  10.0s/15s  30.00 iters/s

running (11.0s), 00002/00004 VUs, 324 complete and 0 interrupted iterations
default   [  73% ] 00002/00004 VUs  11.0s/15s  30.00 iters/s

running (12.0s), 00002/00004 VUs, 354 complete and 0 interrupted iterations
default   [  80% ] 00002/00004 VUs  12.0s/15s  30.00 iters/s

running (13.0s), 00002/00004 VUs, 384 complete and 0 interrupted iterations
default   [  87% ] 00002/00004 VUs  13.0s/15s  30.00 iters/s

running (14.0s), 00003/00004 VUs, 413 complete and 0 interrupted iterations
default   [  93% ] 00003/00004 VUs  14.0s/15s  30.00 iters/s

running (15.0s), 00001/00004 VUs, 445 complete and 0 interrupted iterations
default   [ 100% ] 00001/00004 VUs  15s  30.00 iters/s


  █ TOTAL RESULTS 

    HTTP
    http_req_duration..............: avg=59.81ms min=24.09ms med=59.26ms max=161.72ms p(90)=84.13ms p(95)=89.11ms
      { expected_response:true }...: avg=59.81ms min=24.09ms med=59.26ms max=161.72ms p(90)=84.13ms p(95)=89.11ms
    http_req_failed................: 0.00%  0 out of 446
    http_reqs......................: 446    29.61653/s

    EXECUTION
    dropped_iterations.............: 5      0.332024/s
    iteration_duration.............: avg=60.14ms min=24.19ms med=59.65ms max=161.99ms p(90)=84.55ms p(95)=89.48ms
    iterations.....................: 446    29.61653/s
    vus............................: 1      min=1        max=3
    vus_max........................: 4      min=3        max=4

    NETWORK
    data_received..................: 132 kB 8.8 kB/s
    data_sent......................: 166 kB 11 kB/s




running (15.1s), 00000/00004 VUs, 446 complete and 0 interrupted iterations
default ✓ [ 100% ] 00000/00004 VUs  15s  30.00 iters/s
