
         /\      Grafana   /‾‾/  
    /\  /  \     |\  __   /  /   
   /  \/    \    | |/ /  /   ‾‾\ 
  /          \   |   (  |  (‾)  |
 / __________ \  |_|\_\  \_____/ 

     execution: local
        script: workflow/aegean/k6_open_client.js
        output: -

     scenarios: (100.00%) 1 scenario, 10000 max VUs, 45s max duration (incl. graceful stop):
              * default: 200.00 iterations/s for 15s (maxVUs: 0-10000, gracefulStop: 30s)


running (01.0s), 00090/00091 VUs, 19 complete and 0 interrupted iterations
default   [   7% ] 00090/00091 VUs  01.0s/15s  200.00 iters/s

running (02.0s), 00182/00182 VUs, 37 complete and 0 interrupted iterations
default   [  13% ] 00182/00182 VUs  02.0s/15s  200.00 iters/s

running (03.0s), 00274/00274 VUs, 53 complete and 0 interrupted iterations
default   [  20% ] 00274/00274 VUs  03.0s/15s  200.00 iters/s

running (04.0s), 00364/00365 VUs, 71 complete and 0 interrupted iterations
default   [  27% ] 00364/00365 VUs  04.0s/15s  200.00 iters/s

running (05.0s), 00454/00454 VUs, 91 complete and 0 interrupted iterations
default   [  33% ] 00454/00454 VUs  05.0s/15s  200.00 iters/s

running (06.0s), 00547/00547 VUs, 106 complete and 0 interrupted iterations
default   [  40% ] 00547/00547 VUs  06.0s/15s  200.00 iters/s

running (07.0s), 00637/00638 VUs, 124 complete and 0 interrupted iterations
default   [  47% ] 00637/00638 VUs  07.0s/15s  200.00 iters/s

running (08.0s), 00727/00727 VUs, 145 complete and 0 interrupted iterations
default   [  53% ] 00727/00727 VUs  08.0s/15s  200.00 iters/s

running (09.0s), 00816/00816 VUs, 167 complete and 0 interrupted iterations
default   [  60% ] 00816/00816 VUs  09.0s/15s  200.00 iters/s

running (10.0s), 00904/00905 VUs, 190 complete and 0 interrupted iterations
default   [  67% ] 00904/00905 VUs  10.0s/15s  200.00 iters/s

running (11.0s), 00994/00994 VUs, 208 complete and 0 interrupted iterations
default   [  73% ] 00994/00994 VUs  11.0s/15s  200.00 iters/s

running (12.0s), 01084/01084 VUs, 229 complete and 0 interrupted iterations
default   [  80% ] 01084/01084 VUs  12.0s/15s  200.00 iters/s

running (13.0s), 01174/01174 VUs, 249 complete and 0 interrupted iterations
default   [  87% ] 01174/01174 VUs  13.0s/15s  200.00 iters/s

running (14.0s), 01262/01263 VUs, 271 complete and 0 interrupted iterations
default   [  93% ] 01262/01263 VUs  14.0s/15s  200.00 iters/s

running (15.0s), 01353/01354 VUs, 289 complete and 0 interrupted iterations
default   [ 100% ] 01353/01354 VUs  15.0s/15s  200.00 iters/s

running (16.0s), 01333/01354 VUs, 310 complete and 0 interrupted iterations
default ↓ [ 100% ] 01354/01354 VUs  15s  200.00 iters/s

running (17.0s), 01312/01354 VUs, 331 complete and 0 interrupted iterations
default ↓ [ 100% ] 01354/01354 VUs  15s  200.00 iters/s

running (18.0s), 01288/01354 VUs, 355 complete and 0 interrupted iterations
default ↓ [ 100% ] 01354/01354 VUs  15s  200.00 iters/s

running (19.0s), 01269/01354 VUs, 374 complete and 0 interrupted iterations
default ↓ [ 100% ] 01354/01354 VUs  15s  200.00 iters/s

running (20.0s), 01241/01354 VUs, 402 complete and 0 interrupted iterations
default ↓ [ 100% ] 01354/01354 VUs  15s  200.00 iters/s

running (21.0s), 01208/01354 VUs, 435 complete and 0 interrupted iterations
default ↓ [ 100% ] 01354/01354 VUs  15s  200.00 iters/s

running (22.0s), 01177/01354 VUs, 466 complete and 0 interrupted iterations
default ↓ [ 100% ] 01354/01354 VUs  15s  200.00 iters/s

running (23.0s), 01146/01354 VUs, 497 complete and 0 interrupted iterations
default ↓ [ 100% ] 01354/01354 VUs  15s  200.00 iters/s

running (24.0s), 01117/01354 VUs, 526 complete and 0 interrupted iterations
default ↓ [ 100% ] 01354/01354 VUs  15s  200.00 iters/s

running (25.0s), 01086/01354 VUs, 557 complete and 0 interrupted iterations
default ↓ [ 100% ] 01354/01354 VUs  15s  200.00 iters/s

running (26.0s), 01051/01354 VUs, 592 complete and 0 interrupted iterations
default ↓ [ 100% ] 01354/01354 VUs  15s  200.00 iters/s

running (27.0s), 01018/01354 VUs, 625 complete and 0 interrupted iterations
default ↓ [ 100% ] 01354/01354 VUs  15s  200.00 iters/s

running (28.0s), 00987/01354 VUs, 656 complete and 0 interrupted iterations
default ↓ [ 100% ] 01354/01354 VUs  15s  200.00 iters/s

running (29.0s), 00955/01354 VUs, 688 complete and 0 interrupted iterations
default ↓ [ 100% ] 01354/01354 VUs  15s  200.00 iters/s

running (30.0s), 00931/01354 VUs, 712 complete and 0 interrupted iterations
default ↓ [ 100% ] 01354/01354 VUs  15s  200.00 iters/s

running (31.0s), 00906/01354 VUs, 737 complete and 0 interrupted iterations
default ↓ [ 100% ] 01354/01354 VUs  15s  200.00 iters/s

running (32.0s), 00874/01354 VUs, 769 complete and 0 interrupted iterations
default ↓ [ 100% ] 01354/01354 VUs  15s  200.00 iters/s

running (33.0s), 00847/01354 VUs, 796 complete and 0 interrupted iterations
default ↓ [ 100% ] 01354/01354 VUs  15s  200.00 iters/s

running (34.0s), 00819/01354 VUs, 824 complete and 0 interrupted iterations
default ↓ [ 100% ] 01354/01354 VUs  15s  200.00 iters/s

running (35.0s), 00782/01354 VUs, 861 complete and 0 interrupted iterations
default ↓ [ 100% ] 01354/01354 VUs  15s  200.00 iters/s

running (36.0s), 00758/01354 VUs, 885 complete and 0 interrupted iterations
default ↓ [ 100% ] 01354/01354 VUs  15s  200.00 iters/s

running (37.0s), 00730/01354 VUs, 913 complete and 0 interrupted iterations
default ↓ [ 100% ] 01354/01354 VUs  15s  200.00 iters/s

running (38.0s), 00699/01354 VUs, 944 complete and 0 interrupted iterations
default ↓ [ 100% ] 01354/01354 VUs  15s  200.00 iters/s

running (39.0s), 00676/01354 VUs, 967 complete and 0 interrupted iterations
default ↓ [ 100% ] 01354/01354 VUs  15s  200.00 iters/s

running (40.0s), 00642/01354 VUs, 1001 complete and 0 interrupted iterations
default ↓ [ 100% ] 01354/01354 VUs  15s  200.00 iters/s

running (41.0s), 00615/01354 VUs, 1028 complete and 0 interrupted iterations
default ↓ [ 100% ] 01354/01354 VUs  15s  200.00 iters/s

running (42.0s), 00595/01354 VUs, 1048 complete and 0 interrupted iterations
default ↓ [ 100% ] 01354/01354 VUs  15s  200.00 iters/s

running (43.0s), 00574/01354 VUs, 1069 complete and 0 interrupted iterations
default ↓ [ 100% ] 01354/01354 VUs  15s  200.00 iters/s

running (44.0s), 00551/01354 VUs, 1092 complete and 0 interrupted iterations
default ↓ [ 100% ] 01354/01354 VUs  15s  200.00 iters/s

running (45.0s), 00534/01354 VUs, 1109 complete and 0 interrupted iterations
default ↓ [ 100% ] 01354/01354 VUs  15s  200.00 iters/s


  █ TOTAL RESULTS 

    HTTP
    http_req_duration..............: avg=18.94s min=77.62ms med=19.81s max=34.78s p(90)=30.72s p(95)=32.6s
      { expected_response:true }...: avg=18.94s min=77.62ms med=19.81s max=34.78s p(90)=30.72s p(95)=32.6s
    http_req_failed................: 0.00% 0 out of 1109
    http_reqs......................: 1109  24.6348/s

    EXECUTION
    dropped_iterations.............: 1358  30.165968/s
    iteration_duration.............: avg=18.94s min=81.73ms med=19.82s max=34.78s p(90)=30.72s p(95)=32.6s
    iterations.....................: 1109  24.6348/s
    vus............................: 534   min=91        max=1354
    vus_max........................: 1354  min=91        max=1354

    NETWORK
    data_received..................: 56 MB 1.2 MB/s
    data_sent......................: 83 MB 1.8 MB/s




running (45.0s), 00000/01354 VUs, 1109 complete and 534 interrupted iterations
default ✓ [ 100% ] 00534/01354 VUs  15s  200.00 iters/s
